[eBPF] Layer 1: ✅ Using existing /home/ammu/ccn-linux-qdisc-study/scripts/../ebpf/tc_monitor.o
[eBPF] Layer 2: Attaching to ns1/veth1...
[eBPF] Layer 2: ✅ Attached — filter protocol all pref 49152 bpf chain 0 handle 0x1 tc_mon
[eBPF] Layer 3: Locating BPF maps via bpftool...
[eBPF] Layer 3: ✅ flow_map id=7
[eBPF] Layer 3: ✅ global_map id=8

════════════════════════════════════════════════════════════════════════
  ACAPE v5.0.0  |  mode: eBPF (clang+tc+bpftool)
  metrics → /home/ammu/ccn-linux-qdisc-study/logs/experiments/S1_acape_20260330_015443/acape_metrics_20260330_015921.csv
════════════════════════════════════════════════════════════════════════
      t      regime         traj        pred      dr/s     bl   flows  eleph      rtt      wkld     tgt    lim   adj
────────────────────────────────────────────────────────────────────────────────────────────────────────────────────
    0.5       HEAVY       STABLE       HEAVY     297.1    394       0      0    0.00ms      MICE    5.0ms   1024     0
    1.0       HEAVY       STABLE       HEAVY     483.9    478       0      0    0.00ms      MICE    5.0ms   1024     0
    1.5       HEAVY       STABLE       HEAVY     699.0    463       0      0    0.00ms      MICE    5.0ms   1024     0
    2.0       HEAVY       STABLE       HEAVY     904.4    460       0      0    0.00ms      MICE    5.0ms   1024     0
    2.6       HEAVY       STABLE       HEAVY    1114.5    436       0      0    0.00ms      MICE    5.0ms   1024     0
    3.1       HEAVY       STABLE       HEAVY    1308.8    451       0      0    0.00ms      MICE    5.0ms   1024     0
    3.6       HEAVY       STABLE       HEAVY    1524.7    461       0      0    0.00ms      MICE    5.0ms   1024     0
    4.1       HEAVY       STABLE       HEAVY    1719.3    460       0      0    0.00ms      MICE    5.0ms   1024     0
    4.6       HEAVY       STABLE       HEAVY    1931.4    465       0      0    0.00ms      MICE    5.0ms   1024     0
    5.1       HEAVY       STABLE       HEAVY    2134.8    473       0      0    0.00ms      MICE    4.5ms    921     1
    5.6       HEAVY       STABLE       HEAVY    2625.3    390       0      0    0.00ms      MICE    4.5ms    921     1
    6.1       HEAVY       STABLE       HEAVY    2868.1    372       0      0    0.00ms      MICE    4.5ms    921     1
    6.7       HEAVY       STABLE       HEAVY    3050.9    410       0      0    0.00ms      MICE    4.5ms    921     1
    7.2       HEAVY       STABLE       HEAVY    3372.6    365       0      0    0.00ms      MICE    4.5ms    921     1
    7.7       HEAVY       STABLE       HEAVY    3628.0    397       0      0    0.00ms      MICE    4.5ms    921     1
    8.2       HEAVY       STABLE       HEAVY    3882.6    356       0      0    0.00ms      MICE    4.5ms    921     1
    8.7       HEAVY       STABLE       HEAVY    4040.6    405       0      0    0.00ms      MICE    4.5ms    921     1
    9.2       HEAVY       STABLE       HEAVY    4377.4    393       0      0    0.00ms      MICE    4.5ms    921     1
    9.7       HEAVY       STABLE       HEAVY    4522.9    376       0      0    0.00ms      MICE    4.5ms    921     1
   10.2       HEAVY       STABLE       HEAVY    4877.7    389       0      0    0.00ms      MICE    4.0ms    828     2
   10.8       HEAVY       STABLE       HEAVY    5464.7      0       0      0    0.00ms      MICE    4.0ms    828     2
   11.3       HEAVY       STABLE       HEAVY    5748.8    379       0      0    0.00ms      MICE    4.0ms    828     2
   11.8       HEAVY       STABLE       HEAVY    5359.5    411       0      0    0.00ms      MICE    4.0ms    828     2
   12.3       HEAVY       STABLE       HEAVY    5493.3    410       0      0    0.00ms      MICE    4.0ms    828     2
   12.8       HEAVY       STABLE       HEAVY    5647.5    384       0      0    0.00ms      MICE    4.0ms    828     2
   13.3       HEAVY       STABLE       HEAVY    5879.1    405       0      0    0.00ms      MICE    4.0ms    828     2
   13.8       HEAVY       STABLE       HEAVY    6350.1    421       0      0    0.00ms      MICE    4.0ms    828     2
   14.3       HEAVY       STABLE       HEAVY    6345.6    345       0      0    0.00ms      MICE    4.0ms    828     2
   14.9       HEAVY       STABLE       HEAVY    6352.9    397       0      0    0.00ms      MICE    4.0ms    828     2
   15.4       HEAVY       STABLE       HEAVY    5941.2    341       0      0    0.00ms      MICE    3.6ms    745     3
   15.9       HEAVY       STABLE       HEAVY    6524.7    389       0      0    0.00ms      MICE    3.6ms    745     3
   16.4       HEAVY       STABLE       HEAVY    6928.5    417       0      0    0.00ms      MICE    3.6ms    745     3
   16.9       HEAVY       STABLE       HEAVY    6163.6    366       0      0    0.00ms      MICE    3.6ms    745     3
   17.4       HEAVY   RECOVERING    MODERATE    4760.8    413       0      0    0.00ms      MICE    3.6ms    745     3
   17.9       HEAVY   RECOVERING    MODERATE    5028.3    406       0      0    0.00ms      MICE    3.6ms    745     3
   18.4       HEAVY   RECOVERING    MODERATE    4759.9    391       0      0    0.00ms      MICE    3.6ms    745     3
   19.0       HEAVY   RECOVERING    MODERATE    4766.7    344       0      0    0.00ms      MICE    3.6ms    745     3
   19.5       HEAVY   RECOVERING    MODERATE    5151.6    356       0      0    0.00ms      MICE    3.6ms    745     3
   20.0       HEAVY   RECOVERING    MODERATE    5417.1    373       0      0    0.00ms      MICE    3.6ms    745     3
   20.5       HEAVY   RECOVERING    MODERATE    4975.8    334       0      0    0.00ms      MICE    3.3ms    670     4
   21.0       HEAVY   RECOVERING    MODERATE    5873.2    347       0      0    0.00ms      MICE    3.3ms    670     4
   21.5       HEAVY       STABLE       HEAVY    6378.6    386       0      0    0.00ms      MICE    3.3ms    670     4
   22.1       HEAVY       STABLE       HEAVY    6840.4    380       0      0    0.00ms      MICE    3.3ms    670     4
   22.6       HEAVY       STABLE       HEAVY    7312.4    381       0      0    0.00ms      MICE    3.3ms    670     4
   23.1       HEAVY       STABLE       HEAVY    7790.3    366       0      0    0.00ms      MICE    3.3ms    670     4
   23.6       HEAVY       STABLE       HEAVY    8261.0    410       0      0    0.00ms      MICE    3.3ms    670     4
   24.1       HEAVY       STABLE       HEAVY    8729.4    405       0      0    0.00ms      MICE    3.3ms    670     4
   24.6       HEAVY       STABLE       HEAVY    9209.9    378       0      0    0.00ms      MICE    3.3ms    670     4
   25.1       HEAVY       STABLE       HEAVY    9671.5    384       0      0    0.00ms      MICE    3.3ms    670     4
   25.6       HEAVY       STABLE       HEAVY   10158.8    407       0      0    0.00ms      MICE    3.0ms    603     5
   26.2       HEAVY       STABLE       HEAVY   11891.6    363       0      0    0.00ms      MICE    3.0ms    603     5
   26.7       HEAVY       STABLE       HEAVY   12512.4    406       0      0    0.00ms      MICE    3.0ms    603     5
   27.2       HEAVY       STABLE       HEAVY   13086.2    416       0      0    0.00ms      MICE    3.0ms    603     5
   27.7       HEAVY       STABLE       HEAVY   13682.1    394       0      0    0.00ms      MICE    3.0ms    603     5
   28.2       HEAVY       STABLE       HEAVY   14269.8    413       0      0    0.00ms      MICE    3.0ms    603     5
   28.7       HEAVY       STABLE       HEAVY   14866.3    396       0      0    0.00ms      MICE    3.0ms    603     5
   29.2       HEAVY       STABLE       HEAVY   15171.7    376       0      0    0.00ms      MICE    3.0ms    603     5
   29.7       HEAVY       STABLE       HEAVY   15907.3    414       0      0    0.00ms      MICE    3.0ms    603     5
   30.2       HEAVY       STABLE       HEAVY   16499.2    411       0      0    0.00ms      MICE    3.0ms    603     5
   30.8       HEAVY       STABLE       HEAVY   16865.0    427       0      0    0.00ms      MICE    2.7ms    542     6
   31.3       HEAVY       STABLE       HEAVY   19234.4    398       0      0    0.00ms      MICE    2.7ms    542     6
   31.8       HEAVY       STABLE       HEAVY   20265.1    424       0      0    0.00ms      MICE    2.7ms    542     6
   32.3       HEAVY       STABLE       HEAVY   19410.3    362       0      0    0.00ms      MICE    2.7ms    542     6
   32.8       HEAVY       STABLE       HEAVY   18407.6    384       0      0    0.00ms      MICE    2.7ms    542     6
   33.3       HEAVY       STABLE       HEAVY   18333.9    411       0      0    0.00ms      MICE    2.7ms    542     6
   33.8       HEAVY       STABLE       HEAVY   16210.3    404       0      0    0.00ms      MICE    2.7ms    542     6
   34.3       HEAVY   RECOVERING    MODERATE   15265.9    412       0      0    0.00ms      MICE    2.7ms    542     6
   34.8       HEAVY   RECOVERING    MODERATE   13174.2    397       0      0    0.00ms      MICE    2.7ms    542     6
   35.4       HEAVY   RECOVERING    MODERATE   14226.0    418       0      0    0.00ms      MICE    2.7ms    542     6
   35.9       HEAVY   RECOVERING    MODERATE   13838.3    401       0      0    0.00ms      MICE    2.4ms    487     7
   36.4       HEAVY   RECOVERING    MODERATE   15537.8    440       0      0    0.00ms      MICE    2.4ms    487     7
   36.9       HEAVY   RECOVERING    MODERATE   16374.1    417       0      0    0.00ms      MICE    2.4ms    487     7
   37.4       HEAVY   RECOVERING    MODERATE   16842.5    381       0      0    0.00ms      MICE    2.4ms    487     7
   37.9       HEAVY       STABLE       HEAVY   17987.9    433       0      0    0.00ms      MICE    2.4ms    487     7
   38.4       HEAVY       STABLE       HEAVY   18805.4    421       0      0    0.00ms      MICE    2.4ms    487     7
   38.9       HEAVY       STABLE       HEAVY   18557.0    344       0      0    0.00ms      MICE    2.4ms    487     7
   39.4       HEAVY       STABLE       HEAVY   18508.9    420       0      0    0.00ms      MICE    2.4ms    487     7
   40.0       HEAVY       STABLE       HEAVY   18813.7    415       0      0    0.00ms      MICE    2.4ms    487     7
   40.5       HEAVY       STABLE       HEAVY   19654.3    393       0      0    0.00ms      MICE    2.4ms    487     7
   41.0       HEAVY       STABLE       HEAVY   20495.3    397       0      0    0.00ms      MICE    2.2ms    438     8
   41.5       HEAVY   RECOVERING    MODERATE   12317.4    391       0      0    0.00ms      MICE    2.2ms    438     8
   42.0       HEAVY   RECOVERING    MODERATE    6949.4    398       0      0    0.00ms      MICE    2.2ms    438     8
   42.5       HEAVY   RECOVERING    MODERATE    7516.9    406       0      0    0.00ms      MICE    2.2ms    438     8
   43.0       HEAVY   RECOVERING    MODERATE    7042.6    399       0      0    0.00ms      MICE    2.2ms    438     8
   43.5       HEAVY   RECOVERING    MODERATE    5888.1    371       0      0    0.00ms      MICE    2.2ms    438     8
   44.1       HEAVY   RECOVERING    MODERATE    5910.8    335       0      0    0.00ms      MICE    2.2ms    438     8
   44.6       HEAVY   RECOVERING    MODERATE    6351.5    391       0      0    0.00ms      MICE    2.2ms    438     8
   45.1       HEAVY   RECOVERING    MODERATE    7087.8    369       0      0    0.00ms      MICE    2.2ms    438     8
   45.6       HEAVY   RECOVERING    MODERATE    7387.0    390       0      0    0.00ms      MICE    2.2ms    438     8
   46.1       HEAVY   RECOVERING    MODERATE    6860.3    397       0      0    0.00ms      MICE    1.9ms    394     9
   46.6       HEAVY       STABLE       HEAVY   31997.3    385       0      0    0.00ms      MICE    1.9ms    394     9
   47.1       HEAVY       STABLE       HEAVY   27309.9    376       0      0    0.00ms      MICE    1.9ms    394     9
   47.6       HEAVY       STABLE       HEAVY   25152.7    377       0      0    0.00ms      MICE    1.9ms    394     9
   48.2       HEAVY       STABLE       HEAVY   23434.5    322       0      0    0.00ms      MICE    1.9ms    394     9
   48.7       HEAVY       STABLE       HEAVY   16406.5    369       0      0    0.00ms      MICE    1.9ms    394     9
   49.2       HEAVY       STABLE       HEAVY   19070.2    375       0      0    0.00ms      MICE    1.9ms    394     9
   49.7       HEAVY       STABLE       HEAVY   17481.3    341       0      0    0.00ms      MICE    1.9ms    394     9
   50.2       HEAVY       STABLE       HEAVY   28401.6    389       0      0    0.00ms      MICE    1.9ms    394     9
   50.7       HEAVY       STABLE       HEAVY   40365.2    378       0      0    0.00ms      MICE    1.9ms    394     9
   51.2       HEAVY   RECOVERING    MODERATE   18249.8    362       0      0    0.00ms      MICE    1.7ms    354    10
   51.7       HEAVY       STABLE       HEAVY   56442.0    345       0      0    0.00ms      MICE    1.7ms    354    10
   52.2       HEAVY       STABLE       HEAVY   65997.6    353       0      0    0.00ms      MICE    1.7ms    354    10
   52.8       HEAVY       STABLE       HEAVY   64295.9    353       0      0    0.00ms      MICE    1.7ms    354    10
   53.3       HEAVY       STABLE       HEAVY   56847.8    330       0      0    0.00ms      MICE    1.7ms    354    10
   53.8       HEAVY       STABLE       HEAVY   61527.2    332       0      0    0.00ms      MICE    1.7ms    354    10
   54.3       HEAVY       STABLE       HEAVY   66136.1    322       0      0    0.00ms      MICE    1.7ms    354    10
   54.8       HEAVY       STABLE       HEAVY   54372.2    330       0      0    0.00ms      MICE    1.7ms    354    10
   55.3       HEAVY       STABLE       HEAVY   57762.8    332       0      0    0.00ms      MICE    1.7ms    354    10
   55.8       HEAVY       STABLE       HEAVY   65947.8    353       0      0    0.00ms      MICE    1.7ms    354    10
   56.3       HEAVY   RECOVERING    MODERATE   48378.8    349       0      0    0.00ms      MICE    1.6ms    318    11
   56.8       HEAVY       STABLE       HEAVY   96767.1    303       0      0    0.00ms      MICE    1.6ms    318    11
   57.3       HEAVY       STABLE       HEAVY  100754.8    289       0      0    0.00ms      MICE    1.6ms    318    11
   57.9       HEAVY       STABLE       HEAVY  101577.4    304       0      0    0.00ms      MICE    1.6ms    318    11
   58.4       HEAVY       STABLE       HEAVY   99105.9    316       0      0    0.00ms      MICE    1.6ms    318    11
   58.9       HEAVY       STABLE       HEAVY   93816.9    310       0      0    0.00ms      MICE    1.6ms    318    11
   59.4       HEAVY       STABLE       HEAVY   93709.9      0       0      0    0.00ms      MICE    1.6ms    318    11
   59.9       HEAVY       STABLE       HEAVY   97922.2    311       0      0    0.00ms      MICE    1.6ms    318    11
   60.4       HEAVY       STABLE       HEAVY   97451.3    311       0      0    0.00ms      MICE    1.6ms    318    11
   60.9       HEAVY       STABLE       HEAVY   93847.6    315       0      0    0.00ms      MICE    1.6ms    318    11
   61.4       HEAVY   RECOVERING    MODERATE  101806.1    316       0      0    0.00ms      MICE    1.4ms    286    12
   61.9       HEAVY       STABLE       HEAVY  120183.5    280       0      0    0.00ms      MICE    1.4ms    286    12
   62.5       HEAVY       STABLE       HEAVY  124528.4    280       0      0    0.00ms      MICE    1.4ms    286    12
   63.0       HEAVY       STABLE       HEAVY  126894.7    281       0      0    0.00ms      MICE    1.4ms    286    12
   63.5       HEAVY       STABLE       HEAVY  125355.1    284       0      0    0.00ms      MICE    1.4ms    286    12
   64.0       HEAVY       STABLE       HEAVY  127604.8    279       0      0    0.00ms      MICE    1.4ms    286    12
   64.5       HEAVY       STABLE       HEAVY  123316.9    254       0      0    0.00ms      MICE    1.4ms    286    12
   65.0       HEAVY       STABLE       HEAVY  125326.0    258       0      0    0.00ms      MICE    1.4ms    286    12
   65.5       HEAVY       STABLE       HEAVY  122484.2    284       0      0    0.00ms      MICE    1.4ms    286    12
   66.0       HEAVY       STABLE       HEAVY  125447.0    274       0      0    0.00ms      MICE    1.4ms    286    12
   66.5       HEAVY       STABLE       HEAVY  128588.7    270       0      0    0.00ms      MICE    1.3ms    257    13
   67.1       HEAVY       STABLE       HEAVY  128211.0    242       0      0    0.00ms      MICE    1.3ms    257    13
   67.6       HEAVY       STABLE       HEAVY  132437.2    241       0      0    0.00ms      MICE    1.3ms    257    13
   68.1       HEAVY       STABLE       HEAVY  129583.1    251       0      0    0.00ms      MICE    1.3ms    257    13
   68.6       HEAVY       STABLE       HEAVY  133803.3    237       0      0    0.00ms      MICE    1.3ms    257    13
   69.1       HEAVY       STABLE       HEAVY  129803.3    256       0      0    0.00ms      MICE    1.3ms    257    13
   69.6       HEAVY       STABLE       HEAVY  133546.0    255       0      0    0.00ms      MICE    1.3ms    257    13
   70.1       HEAVY       STABLE       HEAVY  130909.9    256       0      0    0.00ms      MICE    1.3ms    257    13
   70.7       HEAVY       STABLE       HEAVY  128394.9    252       0      0    0.00ms      MICE    1.3ms    257    13
   71.2       HEAVY       STABLE       HEAVY  131645.4    254       0      0    0.00ms      MICE    1.3ms    257    13
   71.7       HEAVY       STABLE       HEAVY  133869.2    239       0      0    0.00ms      MICE    1.1ms    256    14
   72.2       HEAVY       STABLE       HEAVY  132796.0    254       0      0    0.00ms      MICE    1.1ms    256    14
   72.7       HEAVY       STABLE       HEAVY  128995.9    255       0      0    0.00ms      MICE    1.1ms    256    14
   73.2       HEAVY   RECOVERING    MODERATE  130069.2    247       0      0    0.00ms      MICE    1.1ms    256    14
   73.8       HEAVY   RECOVERING    MODERATE  129402.4    241       0      0    0.00ms      MICE    1.1ms    256    14
   74.3       HEAVY   RECOVERING    MODERATE  132435.4    255       0      0    0.00ms      MICE    1.1ms    256    14
   74.8       HEAVY       STABLE       HEAVY  132409.5    252       0      0    0.00ms      MICE    1.1ms    256    14
   75.3       HEAVY       STABLE       HEAVY  134108.3    237       0      0    0.00ms      MICE    1.1ms    256    14
   75.8       HEAVY       STABLE       HEAVY  136681.0    236       0      0    0.00ms      MICE    1.1ms    256    14
   76.3       HEAVY       STABLE       HEAVY  134734.7    243       0      0    0.00ms      MICE    1.1ms    256    14
   76.8       HEAVY       STABLE       HEAVY  133398.9    249       0      0    0.00ms      MICE    1.0ms    256    15
   77.4       HEAVY       STABLE       HEAVY  133615.2    246       0      0    0.00ms      MICE    1.0ms    256    15
   77.9       HEAVY       STABLE       HEAVY  130644.9    241       0      0    0.00ms      MICE    1.0ms    256    15
   78.4       HEAVY       STABLE       HEAVY  130534.5    245       0      0    0.00ms      MICE    1.0ms    256    15
   78.9       HEAVY   RECOVERING    MODERATE  131227.2    237       0      0    0.00ms      MICE    1.0ms    256    15
   79.4       HEAVY   RECOVERING    MODERATE  135004.2    244       0      0    0.00ms      MICE    1.0ms    256    15
   79.9       HEAVY   RECOVERING    MODERATE  132795.5    234       0      0    0.00ms      MICE    1.0ms    256    15
   80.4       HEAVY   RECOVERING    MODERATE  130621.0    240       0      0    0.00ms      MICE    1.0ms    256    15
   81.0       HEAVY   RECOVERING    MODERATE  129836.6    235       0      0    0.00ms      MICE    1.0ms    256    15
   81.5       HEAVY   RECOVERING    MODERATE  131638.2    248       0      0    0.00ms      MICE    1.0ms    256    15
   82.0       HEAVY       STABLE       HEAVY  138847.2    253       0      0    0.00ms      MICE    1.0ms    256    15
   82.5       HEAVY       STABLE       HEAVY  133883.0    242       0      0    0.00ms      MICE    1.0ms    256    15
   83.0       HEAVY       STABLE       HEAVY  133936.3    243       0      0    0.00ms      MICE    1.0ms    256    15
   83.5       HEAVY       STABLE       HEAVY  131277.2    254       0      0    0.00ms      MICE    1.0ms    256    15
   84.0       HEAVY       STABLE       HEAVY  134700.5    245       0      0    0.00ms      MICE    1.0ms    256    15
   84.6       HEAVY       STABLE       HEAVY  133521.4    256       0      0    0.00ms      MICE    1.0ms    256    15
   85.1       HEAVY       STABLE       HEAVY  128540.6    236       0      0    0.00ms      MICE    1.0ms    256    15
   85.6       HEAVY   RECOVERING    MODERATE  128827.4    253       0      0    0.00ms      MICE    1.0ms    256    15
   86.1       HEAVY   RECOVERING    MODERATE  131377.0    244       0      0    0.00ms      MICE    1.0ms    256    15
   86.6       HEAVY   RECOVERING    MODERATE  135304.4    251       0      0    0.00ms      MICE    1.0ms    256    15
   87.1       HEAVY   RECOVERING    MODERATE  128481.9    241       0      0    0.00ms      MICE    1.0ms    256    15
   87.6       HEAVY   RECOVERING    MODERATE  131798.8    255       0      0    0.00ms      MICE    1.0ms    256    15
   88.2       HEAVY   RECOVERING    MODERATE  128742.7    240       0      0    0.00ms      MICE    1.0ms    256    15
   88.7       HEAVY   RECOVERING    MODERATE  129691.1    243       0      0    0.00ms      MICE    1.0ms    256    15
   89.2       HEAVY       STABLE       HEAVY  135350.1    239       0      0    0.00ms      MICE    1.0ms    256    15
   89.7       HEAVY       STABLE       HEAVY  130532.0    234       0      0    0.00ms      MICE    1.0ms    256    15
   90.2       HEAVY       STABLE       HEAVY  131809.8    237       0      0    0.00ms      MICE    1.0ms    256    15
   90.7       HEAVY   RECOVERING    MODERATE  130279.2    247       0      0    0.00ms      MICE    1.0ms    256    15
   91.2       HEAVY   RECOVERING    MODERATE  129158.6    237       0      0    0.00ms      MICE    1.0ms    256    15
   91.8       HEAVY       STABLE       HEAVY  131479.3    236       0      0    0.00ms      MICE    1.0ms    256    15
   92.3       HEAVY   RECOVERING    MODERATE  129184.3    237       0      0    0.00ms      MICE    1.0ms    256    15
   92.8       HEAVY   RECOVERING    MODERATE  129528.5    250       0      0    0.00ms      MICE    1.0ms    256    15
   93.3       HEAVY   RECOVERING    MODERATE  130948.3    246       0      0    0.00ms      MICE    1.0ms    256    15
   93.8       HEAVY   RECOVERING    MODERATE  129170.7    242       0      0    0.00ms      MICE    1.0ms    256    15
   94.3       HEAVY   RECOVERING    MODERATE  129744.6    235       0      0    0.00ms      MICE    1.0ms    256    15
   94.8       HEAVY       STABLE       HEAVY  132368.4    252       0      0    0.00ms      MICE    1.0ms    256    15
   95.3       HEAVY       STABLE       HEAVY  131493.2    234       0      0    0.00ms      MICE    1.0ms    256    15
   95.9       HEAVY       STABLE       HEAVY  132427.8    249       0      0    0.00ms      MICE    1.0ms    256    15
   96.4       HEAVY       STABLE       HEAVY  131151.7    245       0      0    0.00ms      MICE    1.0ms    256    15
   96.9       HEAVY       STABLE       HEAVY  130224.3    245       0      0    0.00ms      MICE    1.0ms    256    15
   97.4       HEAVY       STABLE       HEAVY  128829.9    240       0      0    0.00ms      MICE    1.0ms    256    15
   97.9       HEAVY   RECOVERING    MODERATE  127573.4    235       0      0    0.00ms      MICE    1.0ms    256    15
   98.4       HEAVY   RECOVERING    MODERATE  130077.9    253       0      0    0.00ms      MICE    1.0ms    256    15
   98.9       HEAVY   RECOVERING    MODERATE  128747.3    239       0      0    0.00ms      MICE    1.0ms    256    15
   99.5       HEAVY   RECOVERING    MODERATE  129956.2    247       0      0    0.00ms      MICE    1.0ms    256    15
  100.0       HEAVY   RECOVERING    MODERATE  133737.3    244       0      0    0.00ms      MICE    1.0ms    256    15
  100.5       HEAVY       STABLE       HEAVY  130278.4    256       0      0    0.00ms      MICE    1.0ms    256    15
  101.0       HEAVY       STABLE       HEAVY  132810.2    238       0      0    0.00ms      MICE    1.0ms    256    15
  101.5       HEAVY       STABLE       HEAVY  131867.9    252       0      0    0.00ms      MICE    1.0ms    256    15
  102.0       HEAVY       STABLE       HEAVY  130890.0    234       0      0    0.00ms      MICE    1.0ms    256    15
  102.5       HEAVY       STABLE       HEAVY  129590.4    256       0      0    0.00ms      MICE    1.0ms    256    15
  103.1       HEAVY       STABLE       HEAVY  129920.1    251       0      0    0.00ms      MICE    1.0ms    256    15
  103.6       HEAVY       STABLE       HEAVY  134278.6    245       0      0    0.00ms      MICE    1.0ms    256    15
  104.1       HEAVY       STABLE       HEAVY  134010.8    236       0      0    0.00ms      MICE    1.0ms    256    15
  104.6       HEAVY       STABLE       HEAVY  135204.0    240       0      0    0.00ms      MICE    1.0ms    256    15
  105.1       HEAVY       STABLE       HEAVY  127939.7    238       0      0    0.00ms      MICE    1.0ms    256    15
  105.6       HEAVY   RECOVERING    MODERATE  127124.5    243       0      0    0.00ms      MICE    1.0ms    256    15
  106.1       HEAVY       STABLE       HEAVY  134782.8    252       0      0    0.00ms      MICE    1.0ms    256    15
  106.7       HEAVY       STABLE       HEAVY  133310.8    246       0      0    0.00ms      MICE    1.0ms    256    15
  107.2       HEAVY   RECOVERING    MODERATE  128877.0    240       0      0    0.00ms      MICE    1.0ms    256    15
  107.7       HEAVY   RECOVERING    MODERATE  132545.2    236       0      0    0.00ms      MICE    1.0ms    256    15
  108.2       HEAVY   RECOVERING    MODERATE  129946.0    243       0      0    0.00ms      MICE    1.0ms    256    15
  108.7       HEAVY   RECOVERING    MODERATE  130966.0    244       0      0    0.00ms      MICE    1.0ms    256    15
  109.2       HEAVY   RECOVERING    MODERATE  130800.8    250       0      0    0.00ms      MICE    1.0ms    256    15
  109.7       HEAVY   RECOVERING    MODERATE  127368.3    248       0      0    0.00ms      MICE    1.0ms    256    15
  110.3       HEAVY   RECOVERING    MODERATE  130348.6    255       0      0    0.00ms      MICE    1.0ms    256    15
  110.8       HEAVY   RECOVERING    MODERATE  134335.3    246       0      0    0.00ms      MICE    1.0ms    256    15
  111.3       HEAVY   RECOVERING    MODERATE  129608.8    247       0      0    0.00ms      MICE    1.0ms    256    15
  111.8       HEAVY       STABLE       HEAVY  133172.5    241       0      0    0.00ms      MICE    1.0ms    256    15
  112.3       HEAVY       STABLE       HEAVY  131321.3    247       0      0    0.00ms      MICE    1.0ms    256    15
  112.8       HEAVY       STABLE       HEAVY  129274.1    241       0      0    0.00ms      MICE    1.0ms    256    15
  113.3       HEAVY       STABLE       HEAVY  130531.2    237       0      0    0.00ms      MICE    1.0ms    256    15
  113.9       HEAVY       STABLE       HEAVY  133779.9    242       0      0    0.00ms      MICE    1.0ms    256    15
  114.4       HEAVY       STABLE       HEAVY  130693.1    251       0      0    0.00ms      MICE    1.0ms    256    15
[eBPF] Detached from ns1/veth1

Done — 223 ticks, 15 adj | mode: eBPF (clang+tc+bpftool)
Run: python3 plot_acape.py
