[eBPF] Layer 1: ✅ Using existing /home/ammu/ccn-linux-qdisc-study/scripts/../ebpf/tc_monitor.o
[eBPF] Layer 2: Attaching to ns1/veth1...
[eBPF] Layer 2: ✅ Attached — filter protocol all pref 49152 bpf chain 0 handle 0x1 tc_mon
[eBPF] Layer 3: Locating BPF maps via bpftool...
[eBPF] Layer 3: ✅ flow_map id=9
[eBPF] Layer 3: ✅ global_map id=10

════════════════════════════════════════════════════════════════════════
  ACAPE v5.0.0  |  mode: eBPF (clang+tc+bpftool)
  metrics → /home/ammu/ccn-linux-qdisc-study/logs/acape_metrics_20260401_112753.csv
════════════════════════════════════════════════════════════════════════
      t      regime         traj        pred      dr/s     bl   flows  eleph      rtt      wkld     tgt    lim   adj
────────────────────────────────────────────────────────────────────────────────────────────────────────────────────
    0.5       HEAVY       STABLE       HEAVY     317.9    478       0      0    0.00ms      MICE    5.0ms   1024     0
    1.0       HEAVY       STABLE       HEAVY     516.6    474       0      0    0.00ms      MICE    5.0ms   1024     0
    1.5       HEAVY       STABLE       HEAVY     715.6    470       0      0    0.00ms      MICE    5.0ms   1024     0
    2.0       HEAVY       STABLE       HEAVY     928.3    456       0      0    0.00ms      MICE    5.0ms   1024     0
    2.5       HEAVY       STABLE       HEAVY    1126.5    468       0      0    0.00ms      MICE    5.0ms   1024     0
    3.0       HEAVY       STABLE       HEAVY    1330.7    471       0      0    0.00ms      MICE    5.0ms   1024     0
    3.6       HEAVY       STABLE       HEAVY    1539.4    459       0      0    0.00ms      MICE    5.0ms   1024     0
    4.1       HEAVY       STABLE       HEAVY    1730.2    492       0      0    0.00ms      MICE    5.0ms   1024     0
    4.6       HEAVY       STABLE       HEAVY    1942.2    486       0      0    0.00ms      MICE    5.0ms   1024     0
    5.1       HEAVY       STABLE       HEAVY    2143.7    474       0      0    0.00ms      MICE    4.5ms    921     1
    5.6       HEAVY       STABLE       HEAVY    2629.1    392       0      0    0.00ms      MICE    4.5ms    921     1
    6.1       HEAVY       STABLE       HEAVY    2877.2    416       0      0    0.00ms      MICE    4.5ms    921     1
    6.6       HEAVY       STABLE       HEAVY    3119.8    427       0      0    0.00ms      MICE    4.5ms    921     1
    7.1       HEAVY       STABLE       HEAVY    3374.4    428       0      0    0.00ms      MICE    4.5ms    921     1
    7.6       HEAVY       STABLE       HEAVY    3624.2    375       0      0    0.00ms      MICE    4.5ms    921     1
    8.1       HEAVY       STABLE       HEAVY    3878.5    426       0      0    0.00ms      MICE    4.5ms    921     1
    8.6       HEAVY       STABLE       HEAVY    4129.7    391       0      0    0.00ms      MICE    4.5ms    921     1
    9.1       HEAVY       STABLE       HEAVY    4377.9    424       0      0    0.00ms      MICE    4.5ms    921     1
    9.6       HEAVY       STABLE       HEAVY    4627.6    409       0      0    0.00ms      MICE    4.5ms    921     1
   10.2       HEAVY       STABLE       HEAVY    4872.6    397       0      0    0.00ms      MICE    4.0ms    828     2
   10.7       HEAVY       STABLE       HEAVY    5602.7    431       0      0    0.00ms      MICE    4.0ms    828     2
   11.2       HEAVY       STABLE       HEAVY    6022.1    400       0      0    0.00ms      MICE    4.0ms    828     2
   11.7       HEAVY       STABLE       HEAVY    6190.6    399       0      0    0.00ms      MICE    4.0ms    828     2
   12.2       HEAVY       STABLE       HEAVY    5862.8    424       0      0    0.00ms      MICE    4.0ms    828     2
   12.7       HEAVY       STABLE       HEAVY    6163.1    424       0      0    0.00ms      MICE    4.0ms    828     2
   13.2       HEAVY       STABLE       HEAVY    6156.6    420       0      0    0.00ms      MICE    4.0ms    828     2
   13.7       HEAVY       STABLE       HEAVY    5945.3    417       0      0    0.00ms      MICE    4.0ms    828     2
   14.2       HEAVY       STABLE       HEAVY    5991.0    431       0      0    0.00ms      MICE    4.0ms    828     2
   14.7       HEAVY       STABLE       HEAVY    5935.9    410       0      0    0.00ms      MICE    4.0ms    828     2
   15.2       HEAVY       STABLE       HEAVY    6151.4      0       0      0    0.00ms      MICE    3.6ms    745     3
   15.8       HEAVY       STABLE       HEAVY    6994.4    358       0      0    0.00ms      MICE    3.6ms    745     3
   16.3       HEAVY       STABLE       HEAVY    6223.7    398       0      0    0.00ms      MICE    3.6ms    745     3
   16.8       HEAVY       STABLE       HEAVY    6514.4    379       0      0    0.00ms      MICE    3.6ms    745     3
   17.3       HEAVY       STABLE       HEAVY    6858.2    416       0      0    0.00ms      MICE    3.6ms    745     3
   17.8       HEAVY       STABLE       HEAVY    6515.5    452       0      0    0.00ms      MICE    3.6ms    745     3
   18.3       HEAVY       STABLE       HEAVY    6406.7    422       0      0    0.00ms      MICE    3.6ms    745     3
   18.8       HEAVY       STABLE       HEAVY    6783.4    424       0      0    0.00ms      MICE    3.6ms    745     3
   19.3       HEAVY       STABLE       HEAVY    7163.6    411       0      0    0.00ms      MICE    3.6ms    745     3
   19.8       HEAVY       STABLE       HEAVY    7052.4    438       0      0    0.00ms      MICE    3.6ms    745     3
   20.3       HEAVY       STABLE       HEAVY    7066.3      0       0      0    0.00ms      MICE    3.3ms    670     4
   20.8       HEAVY       STABLE       HEAVY    8023.1    401       0      0    0.00ms      MICE    3.3ms    670     4
   21.3       HEAVY       STABLE       HEAVY    8565.2    434       0      0    0.00ms      MICE    3.3ms    670     4
   21.8       HEAVY       STABLE       HEAVY    9021.9    412       0      0    0.00ms      MICE    3.3ms    670     4
   22.4       HEAVY       STABLE       HEAVY    9497.8    454       0      0    0.00ms      MICE    3.3ms    670     4
   22.9       HEAVY       STABLE       HEAVY    9801.7    413       0      0    0.00ms      MICE    3.3ms    670     4
   23.4       HEAVY       STABLE       HEAVY   10420.5    440       0      0    0.00ms      MICE    3.3ms    670     4
   23.9       HEAVY       STABLE       HEAVY   10888.3    384       0      0    0.00ms      MICE    3.3ms    670     4
   24.4       HEAVY       STABLE       HEAVY   10999.0    406       0      0    0.00ms      MICE    3.3ms    670     4
   24.9       HEAVY       STABLE       HEAVY   11611.6    383       0      0    0.00ms      MICE    3.3ms    670     4
   25.4       HEAVY       STABLE       HEAVY   11826.4    418       0      0    0.00ms      MICE    3.0ms    603     5
   25.9       HEAVY       STABLE       HEAVY   13770.1    441       0      0    0.00ms      MICE    3.0ms    603     5
   26.4       HEAVY       STABLE       HEAVY   14474.8    392       0      0    0.00ms      MICE    3.0ms    603     5
   26.9       HEAVY       STABLE       HEAVY   15053.7    400       0      0    0.00ms      MICE    3.0ms    603     5
   27.4       HEAVY       STABLE       HEAVY   15640.9    416       0      0    0.00ms      MICE    3.0ms    603     5
   27.9       HEAVY       STABLE       HEAVY   15439.9    391       0      0    0.00ms      MICE    3.0ms    603     5
   28.4       HEAVY       STABLE       HEAVY   15277.6    418       0      0    0.00ms      MICE    3.0ms    603     5
   29.0       HEAVY       STABLE       HEAVY   15848.2    375       0      0    0.00ms      MICE    3.0ms    603     5
   29.5       HEAVY       STABLE       HEAVY   16448.3    403       0      0    0.00ms      MICE    3.0ms    603     5
   30.0       HEAVY       STABLE       HEAVY   16252.6    411       0      0    0.00ms      MICE    3.0ms    603     5
   30.5       HEAVY       STABLE       HEAVY   14882.1      0       0      0    0.00ms      MICE    2.7ms    542     6
   31.0       HEAVY       STABLE       HEAVY   15907.0    427       0      0    0.00ms      MICE    2.7ms    542     6
   31.5       HEAVY       STABLE       HEAVY   16302.9    386       0      0    0.00ms      MICE    2.7ms    542     6
   32.0       HEAVY       STABLE       HEAVY   16986.6    411       0      0    0.00ms      MICE    2.7ms    542     6
   32.5       HEAVY       STABLE       HEAVY   17718.6    420       0      0    0.00ms      MICE    2.7ms    542     6
   33.0       HEAVY       STABLE       HEAVY   18431.2    428       0      0    0.00ms      MICE    2.7ms    542     6
   33.5       HEAVY       STABLE       HEAVY   17770.5    392       0      0    0.00ms      MICE    2.7ms    542     6
   34.0       HEAVY       STABLE       HEAVY   18014.7    428       0      0    0.00ms      MICE    2.7ms    542     6
   34.5       HEAVY       STABLE       HEAVY   18599.6    405       0      0    0.00ms      MICE    2.7ms    542     6
   35.1       HEAVY       STABLE       HEAVY   19651.3      0       0      0    0.00ms      MICE    2.7ms    542     6
   35.6       HEAVY       STABLE       HEAVY   19712.4    409       0      0    0.00ms      MICE    2.4ms    487     7
   36.1       HEAVY       STABLE       HEAVY   19672.7    415       0      0    0.00ms      MICE    2.4ms    487     7
   36.6       HEAVY       STABLE       HEAVY   19763.4    427       0      0    0.00ms      MICE    2.4ms    487     7
   37.1       HEAVY       STABLE       HEAVY   20564.5    443       0      0    0.00ms      MICE    2.4ms    487     7
   37.6       HEAVY       STABLE       HEAVY   21413.1    389       0      0    0.00ms      MICE    2.4ms    487     7
   38.1       HEAVY       STABLE       HEAVY   22216.2    445       0      0    0.00ms      MICE    2.4ms    487     7
   38.6       HEAVY       STABLE       HEAVY   23042.5    417       0      0    0.00ms      MICE    2.4ms    487     7
   39.1       HEAVY       STABLE       HEAVY   23828.9    371       0      0    0.00ms      MICE    2.4ms    487     7
   39.6       HEAVY       STABLE       HEAVY   24706.4    382       0      0    0.00ms      MICE    2.4ms    487     7
   40.1       HEAVY       STABLE       HEAVY   25119.7    380       0      0    0.00ms      MICE    2.4ms    487     7
   40.7       HEAVY       STABLE       HEAVY   26229.1    372       0      0    0.00ms      MICE    2.2ms    438     8
   41.2       HEAVY   RECOVERING    MODERATE    7975.0    396       0      0    0.00ms      MICE    2.2ms    438     8
   41.7       HEAVY   RECOVERING    MODERATE    4879.4    432       0      0    0.00ms      MICE    2.2ms    438     8
   42.2       HEAVY   RECOVERING    MODERATE    6575.3      0       0      0    0.00ms      MICE    2.2ms    438     8
   42.7       HEAVY   RECOVERING    MODERATE    5791.1    403       0      0    0.00ms      MICE    2.2ms    438     8
   43.2       HEAVY   RECOVERING    MODERATE    6324.7    431       0      0    0.00ms      MICE    2.2ms    438     8
   43.7       HEAVY   RECOVERING    MODERATE    6238.8    423       0      0    0.00ms      MICE    2.2ms    438     8
   44.2       HEAVY   RECOVERING    MODERATE    6960.2    402       0      0    0.00ms      MICE    2.2ms    438     8
   44.7       HEAVY   RECOVERING    MODERATE    5030.6    410       0      0    0.00ms      MICE    2.2ms    438     8
   45.2       HEAVY   RECOVERING    MODERATE    7786.4    433       0      0    0.00ms      MICE    2.2ms    438     8
   45.7       HEAVY       STABLE       HEAVY    6370.3    400       0      0    0.00ms      MICE    1.9ms    394     9
   46.2       HEAVY       STABLE       HEAVY   29698.5    355       0      0    0.00ms      MICE    1.9ms    394     9
   46.7       HEAVY       STABLE       HEAVY   19354.1    352       0      0    0.00ms      MICE    1.9ms    394     9
   47.3       HEAVY       STABLE       HEAVY   22167.6    367       0      0    0.00ms      MICE    1.9ms    394     9
   47.8       HEAVY       STABLE       HEAVY   19026.6    363       0      0    0.00ms      MICE    1.9ms    394     9
   48.3       HEAVY       STABLE       HEAVY   25598.5    365       0      0    0.00ms      MICE    1.9ms    394     9
   48.8       HEAVY       STABLE       HEAVY   39775.8    391       0      0    0.00ms      MICE    1.9ms    394     9
   49.3       HEAVY       STABLE       HEAVY   18312.1    372       0      0    0.00ms      MICE    1.9ms    394     9
   49.8       HEAVY       STABLE       HEAVY   21491.0    361       0      0    0.00ms      MICE    1.9ms    394     9
   50.3       HEAVY       STABLE       HEAVY   25928.7    387       0      0    0.00ms      MICE    1.9ms    394     9
   50.8       HEAVY       STABLE       HEAVY   23706.8    381       0      0    0.00ms      MICE    1.7ms    354    10
   51.3       HEAVY       STABLE       HEAVY   65690.3    344       0      0    0.00ms      MICE    1.7ms    354    10
   51.8       HEAVY       STABLE       HEAVY   56334.4    345       0      0    0.00ms      MICE    1.7ms    354    10
   52.3       HEAVY       STABLE       HEAVY   70392.0    349       0      0    0.00ms      MICE    1.7ms    354    10
   52.9       HEAVY       STABLE       HEAVY   64365.4    329       0      0    0.00ms      MICE    1.7ms    354    10
   53.4       HEAVY       STABLE       HEAVY   70419.9    351       0      0    0.00ms      MICE    1.7ms    354    10
   53.9       HEAVY       STABLE       HEAVY   61275.4    352       0      0    0.00ms      MICE    1.7ms    354    10
   54.4       HEAVY       STABLE       HEAVY   61764.2    353       0      0    0.00ms      MICE    1.7ms    354    10
   54.9       HEAVY       STABLE       HEAVY   49025.5    349       0      0    0.00ms      MICE    1.7ms    354    10
   55.4       HEAVY       STABLE       HEAVY   64691.1    323       0      0    0.00ms      MICE    1.7ms    354    10
   55.9       HEAVY   RECOVERING    MODERATE   52888.1    351       0      0    0.00ms      MICE    1.6ms    318    11
   56.4       HEAVY       STABLE       HEAVY   99227.6    293       0      0    0.00ms      MICE    1.6ms    318    11
   56.9       HEAVY       STABLE       HEAVY   91644.2    305       0      0    0.00ms      MICE    1.6ms    318    11
   57.4       HEAVY       STABLE       HEAVY   99919.4    311       0      0    0.00ms      MICE    1.6ms    318    11
   57.9       HEAVY       STABLE       HEAVY   99109.4    303       0      0    0.00ms      MICE    1.6ms    318    11
   58.5       HEAVY       STABLE       HEAVY   97360.7    294       0      0    0.00ms      MICE    1.6ms    318    11
   59.0       HEAVY       STABLE       HEAVY   94262.0    307       0      0    0.00ms      MICE    1.6ms    318    11
   59.5       HEAVY       STABLE       HEAVY  101309.8    313       0      0    0.00ms      MICE    1.6ms    318    11
   60.0       HEAVY       STABLE       HEAVY   99528.4    312       0      0    0.00ms      MICE    1.6ms    318    11
   60.5       HEAVY       STABLE       HEAVY  102856.9    317       0      0    0.00ms      MICE    1.6ms    318    11
   61.0       HEAVY       STABLE       HEAVY   95995.5    298       0      0    0.00ms      MICE    1.4ms    286    12
   61.5       HEAVY       STABLE       HEAVY  120807.0    279       0      0    0.00ms      MICE    1.4ms    286    12
   62.0       HEAVY       STABLE       HEAVY  121859.8    283       0      0    0.00ms      MICE    1.4ms    286    12
   62.6       HEAVY       STABLE       HEAVY  124338.0    286       0      0    0.00ms      MICE    1.4ms    286    12
   63.1       HEAVY       STABLE       HEAVY  120933.1    265       0      0    0.00ms      MICE    1.4ms    286    12
   63.6       HEAVY       STABLE       HEAVY  123331.8    265       0      0    0.00ms      MICE    1.4ms    286    12
   64.1       HEAVY       STABLE       HEAVY  125426.2    277       0      0    0.00ms      MICE    1.4ms    286    12
   64.6       HEAVY       STABLE       HEAVY  124606.0    271       0      0    0.00ms      MICE    1.4ms    286    12
   65.1       HEAVY       STABLE       HEAVY  124434.4    281       0      0    0.00ms      MICE    1.4ms    286    12
   65.6       HEAVY       STABLE       HEAVY  119469.6    279       0      0    0.00ms      MICE    1.4ms    286    12
   66.2       HEAVY       STABLE       HEAVY  124553.2    285       0      0    0.00ms      MICE    1.3ms    257    13
   66.7       HEAVY       STABLE       HEAVY  133214.8    235       0      0    0.00ms      MICE    1.3ms    257    13
   67.2       HEAVY       STABLE       HEAVY  128160.5    252       0      0    0.00ms      MICE    1.3ms    257    13
   67.7       HEAVY       STABLE       HEAVY  131194.7    257       0      0    0.00ms      MICE    1.3ms    257    13
   68.2       HEAVY       STABLE       HEAVY  128656.0    251       0      0    0.00ms      MICE    1.3ms    257    13
   68.7       HEAVY       STABLE       HEAVY  129595.0    246       0      0    0.00ms      MICE    1.3ms    257    13
   69.2       HEAVY       STABLE       HEAVY  136013.6    238       0      0    0.00ms      MICE    1.3ms    257    13
   69.7       HEAVY       STABLE       HEAVY  135036.9    256       0      0    0.00ms      MICE    1.3ms    257    13
   70.3       HEAVY       STABLE       HEAVY  131057.5    244       0      0    0.00ms      MICE    1.3ms    257    13
   70.8       HEAVY       STABLE       HEAVY  126543.4    245       0      0    0.00ms      MICE    1.3ms    257    13
   71.3       HEAVY   RECOVERING    MODERATE  126789.6    255       0      0    0.00ms      MICE    1.1ms    256    14
   71.8       HEAVY   RECOVERING    MODERATE  132035.0    242       0      0    0.00ms      MICE    1.1ms    256    14
   72.3       HEAVY       STABLE       HEAVY  133872.2    247       0      0    0.00ms      MICE    1.1ms    256    14
   72.8       HEAVY       STABLE       HEAVY  131411.8    231       0      0    0.00ms      MICE    1.1ms    256    14
   73.3       HEAVY       STABLE       HEAVY  134441.6    256       0      0    0.00ms      MICE    1.1ms    256    14
   73.8       HEAVY   RECOVERING    MODERATE  130672.1    242       0      0    0.00ms      MICE    1.1ms    256    14
   74.4       HEAVY       STABLE       HEAVY  138379.4    254       0      0    0.00ms      MICE    1.1ms    256    14
   74.9       HEAVY       STABLE       HEAVY  128941.3    240       0      0    0.00ms      MICE    1.1ms    256    14
   75.4       HEAVY       STABLE       HEAVY  126716.5    237       0      0    0.00ms      MICE    1.1ms    256    14
   75.9       HEAVY   RECOVERING    MODERATE  131185.3    244       0      0    0.00ms      MICE    1.1ms    256    14
   76.4       HEAVY   RECOVERING    MODERATE  133843.0    252       0      0    0.00ms      MICE    1.0ms    256    15
   76.9       HEAVY       STABLE       HEAVY  138290.5    238       0      0    0.00ms      MICE    1.0ms    256    15
   77.4       HEAVY       STABLE       HEAVY  134018.9    233       0      0    0.00ms      MICE    1.0ms    256    15
   78.0       HEAVY       STABLE       HEAVY  133160.5    250       0      0    0.00ms      MICE    1.0ms    256    15
   78.5       HEAVY       STABLE       HEAVY  135022.7    254       0      0    0.00ms      MICE    1.0ms    256    15
   79.0       HEAVY       STABLE       HEAVY  136475.4    253       0      0    0.00ms      MICE    1.0ms    256    15
   79.5       HEAVY       STABLE       HEAVY  132957.1    239       0      0    0.00ms      MICE    1.0ms    256    15
   80.0       HEAVY       STABLE       HEAVY  133225.0    238       0      0    0.00ms      MICE    1.0ms    256    15
   80.5       HEAVY   RECOVERING    MODERATE  132247.2    246       0      0    0.00ms      MICE    1.0ms    256    15
   81.1       HEAVY   RECOVERING    MODERATE  132498.1    237       0      0    0.00ms      MICE    1.0ms    256    15
   81.6       HEAVY   RECOVERING    MODERATE  128787.2    241       0      0    0.00ms      MICE    1.0ms    256    15
   82.1       HEAVY   RECOVERING    MODERATE  130270.4    237       0      0    0.00ms      MICE    1.0ms    256    15
   82.6       HEAVY   RECOVERING    MODERATE  131412.6    244       0      0    0.00ms      MICE    1.0ms    256    15
   83.1       HEAVY   RECOVERING    MODERATE  133422.9    245       0      0    0.00ms      MICE    1.0ms    256    15
   83.6       HEAVY   RECOVERING    MODERATE  136000.3    248       0      0    0.00ms      MICE    1.0ms    256    15
   84.1       HEAVY       STABLE       HEAVY  134508.2    239       0      0    0.00ms      MICE    1.0ms    256    15
   84.7       HEAVY       STABLE       HEAVY  132775.9    250       0      0    0.00ms      MICE    1.0ms    256    15
   85.2       HEAVY       STABLE       HEAVY  135129.5    242       0      0    0.00ms      MICE    1.0ms    256    15
   85.7       HEAVY       STABLE       HEAVY  133019.8    250       0      0    0.00ms      MICE    1.0ms    256    15
   86.2       HEAVY       STABLE       HEAVY  131571.5    247       0      0    0.00ms      MICE    1.0ms    256    15
   86.7       HEAVY   RECOVERING    MODERATE  130526.1    253       0      0    0.00ms      MICE    1.0ms    256    15
   87.2       HEAVY   RECOVERING    MODERATE  131532.1    253       0      0    0.00ms      MICE    1.0ms    256    15
   87.7       HEAVY   RECOVERING    MODERATE  130148.6    251       0      0    0.00ms      MICE    1.0ms    256    15
   88.2       HEAVY   RECOVERING    MODERATE  133573.0    247       0      0    0.00ms      MICE    1.0ms    256    15
   88.8       HEAVY   RECOVERING    MODERATE  130196.8    249       0      0    0.00ms      MICE    1.0ms    256    15
   89.3       HEAVY   RECOVERING    MODERATE  131014.7    249       0      0    0.00ms      MICE    1.0ms    256    15
   89.8       HEAVY   RECOVERING    MODERATE  127357.1    246       0      0    0.00ms      MICE    1.0ms    256    15
   90.3       HEAVY   RECOVERING    MODERATE  132277.9    255       0      0    0.00ms      MICE    1.0ms    256    15
   90.8       HEAVY       STABLE       HEAVY  132442.5    253       0      0    0.00ms      MICE    1.0ms    256    15
   91.3       HEAVY       STABLE       HEAVY  133210.0    244       0      0    0.00ms      MICE    1.0ms    256    15
   91.8       HEAVY       STABLE       HEAVY  133740.8    243       0      0    0.00ms      MICE    1.0ms    256    15
   92.4       HEAVY       STABLE       HEAVY  128984.4    237       0      0    0.00ms      MICE    1.0ms    256    15
   92.9       HEAVY       STABLE       HEAVY  133386.3    251       0      0    0.00ms      MICE    1.0ms    256    15
   93.4       HEAVY       STABLE       HEAVY  131894.0    256       0      0    0.00ms      MICE    1.0ms    256    15
   93.9       HEAVY       STABLE       HEAVY  133817.2    253       0      0    0.00ms      MICE    1.0ms    256    15
   94.4       HEAVY       STABLE       HEAVY  127178.2    237       0      0    0.00ms      MICE    1.0ms    256    15
   94.9       HEAVY   RECOVERING    MODERATE  132308.0    254       0      0    0.00ms      MICE    1.0ms    256    15
   95.4       HEAVY       STABLE       HEAVY  135656.7    237       0      0    0.00ms      MICE    1.0ms    256    15
   95.9       HEAVY   RECOVERING    MODERATE  129776.3    238       0      0    0.00ms      MICE    1.0ms    256    15
   96.5       HEAVY   RECOVERING    MODERATE  131923.5    255       0      0    0.00ms      MICE    1.0ms    256    15
   97.0       HEAVY       STABLE       HEAVY  131057.0    246       0      0    0.00ms      MICE    1.0ms    256    15
   97.5       HEAVY   RECOVERING    MODERATE  130329.6    244       0      0    0.00ms      MICE    1.0ms    256    15
   98.0       HEAVY   RECOVERING    MODERATE  130238.1    250       0      0    0.00ms      MICE    1.0ms    256    15
   98.5       HEAVY   RECOVERING    MODERATE  126626.2    237       0      0    0.00ms      MICE    1.0ms    256    15
   99.0       HEAVY   RECOVERING    MODERATE  129610.9    244       0      0    0.00ms      MICE    1.0ms    256    15
   99.5       HEAVY   RECOVERING    MODERATE  131464.1    245       0      0    0.00ms      MICE    1.0ms    256    15
  100.1       HEAVY   RECOVERING    MODERATE  131718.8    238       0      0    0.00ms      MICE    1.0ms    256    15
  100.6       HEAVY       STABLE       HEAVY  132994.9    253       0      0    0.00ms      MICE    1.0ms    256    15
  101.1       HEAVY   RECOVERING    MODERATE  128306.4    246       0      0    0.00ms      MICE    1.0ms    256    15
  101.6       HEAVY       STABLE       HEAVY  129579.4    249       0      0    0.00ms      MICE    1.0ms    256    15
  102.1       HEAVY       STABLE       HEAVY  130841.7    253       0      0    0.00ms      MICE    1.0ms    256    15
  102.6       HEAVY       STABLE       HEAVY  129514.0    236       0      0    0.00ms      MICE    1.0ms    256    15
  103.1       HEAVY   RECOVERING    MODERATE  127030.2    250       0      0    0.00ms      MICE    1.0ms    256    15
  103.7       HEAVY   RECOVERING    MODERATE  132569.7    231       0      0    0.00ms      MICE    1.0ms    256    15
  104.2       HEAVY   RECOVERING    MODERATE  123521.7    242       0      0    0.00ms      MICE    1.0ms    256    15
  104.7       HEAVY   RECOVERING    MODERATE  128539.2    241       0      0    0.00ms      MICE    1.0ms    256    15
  105.2       HEAVY   RECOVERING    MODERATE  132096.6    244       0      0    0.00ms      MICE    1.0ms    256    15
  105.7       HEAVY   RECOVERING    MODERATE  127303.1    253       0      0    0.00ms      MICE    1.0ms    256    15
  106.2       HEAVY   RECOVERING    MODERATE  129547.5    239       0      0    0.00ms      MICE    1.0ms    256    15
  106.7       HEAVY       STABLE       HEAVY  132032.9    242       0      0    0.00ms      MICE    1.0ms    256    15
  107.3       HEAVY       STABLE       HEAVY  130306.3    251       0      0    0.00ms      MICE    1.0ms    256    15
  107.8       HEAVY       STABLE       HEAVY  127972.3    239       0      0    0.00ms      MICE    1.0ms    256    15
  108.3       HEAVY   RECOVERING    MODERATE  126736.7    236       0      0    0.00ms      MICE    1.0ms    256    15
  108.8       HEAVY       STABLE       HEAVY  129770.0    234       0      0    0.00ms      MICE    1.0ms    256    15
  109.3       HEAVY   RECOVERING    MODERATE  127372.8    243       0      0    0.00ms      MICE    1.0ms    256    15
  109.8       HEAVY   RECOVERING    MODERATE  124180.7    245       0      0    0.00ms      MICE    1.0ms    256    15
  110.3       HEAVY   RECOVERING    MODERATE  123531.1    238       0      0    0.00ms      MICE    1.0ms    256    15
  110.9       HEAVY   RECOVERING    MODERATE  125994.8    236       0      0    0.00ms      MICE    1.0ms    256    15
  111.4       HEAVY   RECOVERING    MODERATE  128580.8    256       0      0    0.00ms      MICE    1.0ms    256    15
  111.9       HEAVY   RECOVERING    MODERATE  130771.3    243       0      0    0.00ms      MICE    1.0ms    256    15
  112.4       HEAVY       STABLE       HEAVY  130740.8    236       0      0    0.00ms      MICE    1.0ms    256    15
  112.9       HEAVY       STABLE       HEAVY  127497.5    250       0      0    0.00ms      MICE    1.0ms    256    15
  113.4       HEAVY       STABLE       HEAVY  128144.2    256       0      0    0.00ms      MICE    1.0ms    256    15
  113.9       HEAVY       STABLE       HEAVY  129917.7    247       0      0    0.00ms      MICE    1.0ms    256    15
  114.5       HEAVY       STABLE       HEAVY  126257.1    234       0      0    0.00ms      MICE    1.0ms    256    15
  115.0       HEAVY       STABLE       HEAVY  127112.4    247       0      0    0.00ms      MICE    1.0ms    256    15
  115.5       HEAVY   RECOVERING    MODERATE  125438.1    253       0      0    0.00ms      MICE    1.0ms    256    15
  116.0       HEAVY   RECOVERING    MODERATE  128504.3    251       0      0    0.00ms      MICE    1.0ms    256    15
  116.5       HEAVY   RECOVERING    MODERATE  122838.8    244       0      0    0.00ms      MICE    1.0ms    256    15
  117.0       HEAVY   RECOVERING    MODERATE  127576.8    249       0      0    0.00ms      MICE    1.0ms    256    15
  117.5       HEAVY   RECOVERING    MODERATE  129214.6    252       0      0    0.00ms      MICE    1.0ms    256    15
  118.1       HEAVY       STABLE       HEAVY  129753.2    241       0      0    0.00ms      MICE    1.0ms    256    15
  118.6       HEAVY       STABLE       HEAVY  126554.1    246       0      0    0.00ms      MICE    1.0ms    256    15
  119.1       HEAVY       STABLE       HEAVY  128243.8    254       0      0    0.00ms      MICE    1.0ms    256    15
  119.6       HEAVY       STABLE       HEAVY  126585.6    234       0      0    0.00ms      MICE    1.0ms    256    15
  120.1       HEAVY       STABLE       HEAVY  128186.7    245       0      0    0.00ms      MICE    1.0ms    256    15
  120.6       HEAVY       STABLE       HEAVY  126055.7    233       0      0    0.00ms      MICE    1.0ms    256    15
  121.1       HEAVY       STABLE       HEAVY  130851.3    242       0      0    0.00ms      MICE    1.0ms    256    15
  121.6       HEAVY   RECOVERING    MODERATE  126715.3    250       0      0    0.00ms      MICE    1.0ms    256    15
  122.2       HEAVY   RECOVERING    MODERATE  127871.2    253       0      0    0.00ms      MICE    1.0ms    256    15
  122.7       HEAVY   RECOVERING    MODERATE  126757.0    246       0      0    0.00ms      MICE    1.0ms    256    15
  123.2       HEAVY       STABLE       HEAVY  126779.3    240       0      0    0.00ms      MICE    1.0ms    256    15
  123.7       HEAVY   RECOVERING    MODERATE  125998.6    241       0      0    0.00ms      MICE    1.0ms    256    15
  124.2       HEAVY       STABLE       HEAVY  129659.7    242       0      0    0.00ms      MICE    1.0ms    256    15
  124.7       HEAVY       STABLE       HEAVY  128654.7    239       0      0    0.00ms      MICE    1.0ms    256    15
  125.2       HEAVY       STABLE       HEAVY  127926.7    250       0      0    0.00ms      MICE    1.0ms    256    15
  125.8       HEAVY   RECOVERING    MODERATE  128352.6    238       0      0    0.00ms      MICE    1.0ms    256    15
  126.3       HEAVY       STABLE       HEAVY  127787.8    244       0      0    0.00ms      MICE    1.0ms    256    15
  126.8       HEAVY       STABLE       HEAVY  129175.7    244       0      0    0.00ms      MICE    1.0ms    256    15
  127.3       HEAVY       STABLE       HEAVY  133057.4    241       0      0    0.00ms      MICE    1.0ms    256    15
  127.8       HEAVY       STABLE       HEAVY  129251.0    241       0      0    0.00ms      MICE    1.0ms    256    15
  128.3       HEAVY       STABLE       HEAVY  129891.5    231       0      0    0.00ms      MICE    1.0ms    256    15
  128.8       HEAVY       STABLE       HEAVY  126780.2    244       0      0    0.00ms      MICE    1.0ms    256    15
  129.4       HEAVY       STABLE       HEAVY  130626.1    249       0      0    0.00ms      MICE    1.0ms    256    15
  129.9       HEAVY       STABLE       HEAVY  128053.0    242       0      0    0.00ms      MICE    1.0ms    256    15
  130.4       HEAVY   RECOVERING    MODERATE  127493.8    251       0      0    0.00ms      MICE    1.0ms    256    15
  130.9       HEAVY   RECOVERING    MODERATE  130323.6    234       0      0    0.00ms      MICE    1.0ms    256    15
  131.4       HEAVY   RECOVERING    MODERATE  125812.5    252       0      0    0.00ms      MICE    1.0ms    256    15
  131.9       HEAVY   RECOVERING    MODERATE  130444.1    253       0      0    0.00ms      MICE    1.0ms    256    15
  132.4       HEAVY   RECOVERING    MODERATE  128276.1    255       0      0    0.00ms      MICE    1.0ms    256    15
  132.9       HEAVY       STABLE       HEAVY  130078.4    239       0      0    0.00ms      MICE    1.0ms    256    15
  133.5       HEAVY       STABLE       HEAVY  128577.7    240       0      0    0.00ms      MICE    1.0ms    256    15
  134.0       HEAVY   RECOVERING    MODERATE  126423.4    256       0      0    0.00ms      MICE    1.0ms    256    15
  134.5       HEAVY   RECOVERING    MODERATE  126511.5    247       0      0    0.00ms      MICE    1.0ms    256    15
  135.0       HEAVY   RECOVERING    MODERATE  129381.4    243       0      0    0.00ms      MICE    1.0ms    256    15
  135.5       HEAVY   RECOVERING    MODERATE  126912.1    251       0      0    0.00ms      MICE    1.0ms    256    15
  136.0       HEAVY   RECOVERING    MODERATE  127746.2    237       0      0    0.00ms      MICE    1.0ms    256    15
  136.6       HEAVY       STABLE       HEAVY  133103.1    255       0      0    0.00ms      MICE    1.0ms    256    15
  137.1       HEAVY       STABLE       HEAVY  128522.3    238       0      0    0.00ms      MICE    1.0ms    256    15
  137.6       HEAVY       STABLE       HEAVY  128644.2    243       0      0    0.00ms      MICE    1.0ms    256    15
  138.1       HEAVY       STABLE       HEAVY  131089.6    239       0      0    0.00ms      MICE    1.0ms    256    15
  138.6       HEAVY       STABLE       HEAVY  124723.0    234       0      0    0.00ms      MICE    1.0ms    256    15
  139.1       HEAVY   RECOVERING    MODERATE  127356.1    247       0      0    0.00ms      MICE    1.0ms    256    15
  139.6       HEAVY   RECOVERING    MODERATE  129059.3    256       0      0    0.00ms      MICE    1.0ms    256    15
  140.2       HEAVY   RECOVERING    MODERATE  126868.4    255       0      0    0.00ms      MICE    1.0ms    256    15
  140.7       HEAVY   RECOVERING    MODERATE  128425.8    240       0      0    0.00ms      MICE    1.0ms    256    15
  141.2       HEAVY   RECOVERING    MODERATE  125078.2    254       0      0    0.00ms      MICE    1.0ms    256    15
  141.7       HEAVY   RECOVERING    MODERATE  127244.4    250       0      0    0.00ms      MICE    1.0ms    256    15
  142.2       HEAVY   RECOVERING    MODERATE  124577.4    256       0      0    0.00ms      MICE    1.0ms    256    15
  142.7       HEAVY   RECOVERING    MODERATE  126791.9    254       0      0    0.00ms      MICE    1.0ms    256    15
  143.2       HEAVY       STABLE       HEAVY  128581.4    253       0      0    0.00ms      MICE    1.0ms    256    15
  143.8       HEAVY   RECOVERING    MODERATE  127854.7    256       0      0    0.00ms      MICE    1.0ms    256    15
  144.3       HEAVY   RECOVERING    MODERATE  127015.1    248       0      0    0.00ms      MICE    1.0ms    256    15
  144.8       HEAVY       STABLE       HEAVY  129366.3    244       0      0    0.00ms      MICE    1.0ms    256    15
  145.3       HEAVY       STABLE       HEAVY  126754.9    238       0      0    0.00ms      MICE    1.0ms    256    15
  145.8       HEAVY       STABLE       HEAVY  130507.4    246       0      0    0.00ms      MICE    1.0ms    256    15
  146.3       HEAVY       STABLE       HEAVY  128104.2    252       0      0    0.00ms      MICE    1.0ms    256    15
  146.8       HEAVY       STABLE       HEAVY  126447.5    247       0      0    0.00ms      MICE    1.0ms    256    15
  147.4       HEAVY   RECOVERING    MODERATE  126862.0    242       0      0    0.00ms      MICE    1.0ms    256    15
  147.9       HEAVY   RECOVERING    MODERATE  125628.3    238       0      0    0.00ms      MICE    1.0ms    256    15
  148.4       HEAVY   RECOVERING    MODERATE  122926.7    247       0      0    0.00ms      MICE    1.0ms    256    15
  148.9       HEAVY   RECOVERING    MODERATE  122584.1    249       0      0    0.00ms      MICE    1.0ms    256    15
  149.4       HEAVY   RECOVERING    MODERATE  125562.0    255       0      0    0.00ms      MICE    1.0ms    256    15
  149.9       HEAVY   RECOVERING    MODERATE  128329.0    246       0      0    0.00ms      MICE    1.0ms    256    15
  150.4       HEAVY   RECOVERING    MODERATE  122961.9    256       0      0    0.00ms      MICE    1.0ms    256    15
  150.9       HEAVY   RECOVERING    MODERATE  127259.7    253       0      0    0.00ms      MICE    1.0ms    256    15
  151.5       HEAVY   RECOVERING    MODERATE  123801.7    240       0      0    0.00ms      MICE    1.0ms    256    15
  152.0       HEAVY   RECOVERING    MODERATE  123956.8    254       0      0    0.00ms      MICE    1.0ms    256    15
  152.5       HEAVY       STABLE       HEAVY  130200.2    254       0      0    0.00ms      MICE    1.0ms    256    15
  153.0       HEAVY       STABLE       HEAVY  122884.3    248       0      0    0.00ms      MICE    1.0ms    256    15
  153.5       HEAVY       STABLE       HEAVY  126823.5    233       0      0    0.00ms      MICE    1.0ms    256    15
  154.0       HEAVY       STABLE       HEAVY  127332.2    239       0      0    0.00ms      MICE    1.0ms    256    15
  154.5       HEAVY       STABLE       HEAVY  127777.3    249       0      0    0.00ms      MICE    1.0ms    256    15
  155.1       HEAVY       STABLE       HEAVY  126215.4    239       0      0    0.00ms      MICE    1.0ms    256    15
  155.6       HEAVY   RECOVERING    MODERATE  120920.3    239       0      0    0.00ms      MICE    1.0ms    256    15
  156.1       HEAVY       STABLE       HEAVY  129874.4    254       0      0    0.00ms      MICE    1.0ms    256    15
  156.6       HEAVY       STABLE       HEAVY  126549.3    254       0      0    0.00ms      MICE    1.0ms    256    15
  157.1       HEAVY       STABLE       HEAVY  129166.5    254       0      0    0.00ms      MICE    1.0ms    256    15
  157.6       HEAVY       STABLE       HEAVY  128499.3    240       0      0    0.00ms      MICE    1.0ms    256    15
  158.1       HEAVY       STABLE       HEAVY  129769.9    254       0      0    0.00ms      MICE    1.0ms    256    15
  158.6       HEAVY       STABLE       HEAVY  126630.8    255       0      0    0.00ms      MICE    1.0ms    256    15
  159.2       HEAVY   RECOVERING    MODERATE  122064.5    232       0      0    0.00ms      MICE    1.0ms    256    15
  159.7       HEAVY   RECOVERING    MODERATE  123794.7    255       0      0    0.00ms      MICE    1.0ms    256    15
  160.2       HEAVY   RECOVERING    MODERATE  123218.2    243       0      0    0.00ms      MICE    1.0ms    256    15
  160.7       HEAVY   RECOVERING    MODERATE  122607.7    245       0      0    0.00ms      MICE    1.0ms    256    15
  161.2       HEAVY   RECOVERING    MODERATE  126919.9    251       0      0    0.00ms      MICE    1.0ms    256    15
  161.7       HEAVY   RECOVERING    MODERATE  126723.2    239       0      0    0.00ms      MICE    1.0ms    256    15
  162.2       HEAVY   RECOVERING    MODERATE  121293.4    246       0      0    0.00ms      MICE    1.0ms    256    15
  162.8       HEAVY   RECOVERING    MODERATE  120991.1    254       0      0    0.00ms      MICE    1.0ms    256    15
  163.3       HEAVY   RECOVERING    MODERATE  119894.8    248       0      0    0.00ms      MICE    1.0ms    256    15
  163.8       HEAVY   RECOVERING    MODERATE  120417.4    251       0      0    0.00ms      MICE    1.0ms    256    15
  164.3       HEAVY   RECOVERING    MODERATE  119777.9    250       0      0    0.00ms      MICE    1.0ms    256    15
  164.8       HEAVY   RECOVERING    MODERATE  123678.2    255       0      0    0.00ms      MICE    1.0ms    256    15
  165.3       HEAVY   RECOVERING    MODERATE  119752.6    254       0      0    0.00ms      MICE    1.0ms    256    15
  165.8       HEAVY   RECOVERING    MODERATE  124607.1    253       0      0    0.00ms      MICE    1.0ms    256    15
  166.4       HEAVY   RECOVERING    MODERATE  119896.8    255       0      0    0.00ms      MICE    1.0ms    256    15
  166.9       HEAVY       STABLE       HEAVY  123670.4    254       0      0    0.00ms      MICE    1.0ms    256    15
  167.4       HEAVY       STABLE       HEAVY  122575.1    236       0      0    0.00ms      MICE    1.0ms    256    15
  167.9       HEAVY       STABLE       HEAVY  123799.3    233       0      0    0.00ms      MICE    1.0ms    256    15
  168.4       HEAVY       STABLE       HEAVY  124611.8    255       0      0    0.00ms      MICE    1.0ms    256    15
  168.9       HEAVY       STABLE       HEAVY  121348.7    240       0      0    0.00ms      MICE    1.0ms    256    15
  169.4       HEAVY       STABLE       HEAVY  123691.1    246       0      0    0.00ms      MICE    1.0ms    256    15
  170.0       HEAVY       STABLE       HEAVY  123827.8    254       0      0    0.00ms      MICE    1.0ms    256    15
  170.5       HEAVY       STABLE       HEAVY  122461.4    244       0      0    0.00ms      MICE    1.0ms    256    15
  171.0       HEAVY       STABLE       HEAVY  121689.1    234       0      0    0.00ms      MICE    1.0ms    256    15
  171.5       HEAVY       STABLE       HEAVY  125774.3    251       0      0    0.00ms      MICE    1.0ms    256    15
  172.0       HEAVY   RECOVERING    MODERATE  117613.3    256       0      0    0.00ms      MICE    1.0ms    256    15
  172.5       HEAVY   RECOVERING    MODERATE  119801.6    235       0      0    0.00ms      MICE    1.0ms    256    15
  173.0       HEAVY   RECOVERING    MODERATE  126240.4    245       0      0    0.00ms      MICE    1.0ms    256    15
  173.6       HEAVY       STABLE       HEAVY  125936.7    256       0      0    0.00ms      MICE    1.0ms    256    15
  174.1       HEAVY       STABLE       HEAVY  124447.7    242       0      0    0.00ms      MICE    1.0ms    256    15
  174.6       HEAVY       STABLE       HEAVY  120696.7    243       0      0    0.00ms      MICE    1.0ms    256    15
  175.1       HEAVY   RECOVERING    MODERATE  118987.5    252       0      0    0.00ms      MICE    1.0ms    256    15
  175.6       HEAVY       STABLE       HEAVY  127731.9    252       0      0    0.00ms      MICE    1.0ms    256    15
  176.1       HEAVY       STABLE       HEAVY  120977.6    246       0      0    0.00ms      MICE    1.0ms    256    15
  176.6       HEAVY       STABLE       HEAVY  121827.3    243       0      0    0.00ms      MICE    1.0ms    256    15
  177.2       HEAVY   RECOVERING    MODERATE  124133.0    241       0      0    0.00ms      MICE    1.0ms    256    15
  177.7       HEAVY   RECOVERING    MODERATE  120269.7    236       0      0    0.00ms      MICE    1.0ms    256    15
  178.2       HEAVY   RECOVERING    MODERATE  126197.3    237       0      0    0.00ms      MICE    1.0ms    256    15
  178.7       HEAVY       STABLE       HEAVY  125808.4    238       0      0    0.00ms      MICE    1.0ms    256    15
  179.2       HEAVY       STABLE       HEAVY  126098.8    241       0      0    0.00ms      MICE    1.0ms    256    15
  179.7       HEAVY       STABLE       HEAVY  121172.9    236       0      0    0.00ms      MICE    1.0ms    256    15
  180.2       HEAVY   RECOVERING    MODERATE  122312.7    239       0      0    0.00ms      MICE    1.0ms    256    15
  180.7       HEAVY       STABLE       HEAVY  123863.8    255       0      0    0.00ms      MICE    1.0ms    256    15
  181.3       HEAVY   RECOVERING    MODERATE  122089.5    249       0      0    0.00ms      MICE    1.0ms    256    15
  181.8       HEAVY   RECOVERING    MODERATE  121774.9    247       0      0    0.00ms      MICE    1.0ms    256    15
  182.3       HEAVY   RECOVERING    MODERATE  121159.4    256       0      0    0.00ms      MICE    1.0ms    256    15
  182.8       HEAVY   RECOVERING    MODERATE  118360.6    239       0      0    0.00ms      MICE    1.0ms    256    15
  183.3       HEAVY   RECOVERING    MODERATE  121104.8    231       0      0    0.00ms      MICE    1.0ms    256    15
  183.8       HEAVY   RECOVERING    MODERATE  123115.9    238       0      0    0.00ms      MICE    1.0ms    256    15
  184.3       HEAVY       STABLE       HEAVY  124125.5    245       0      0    0.00ms      MICE    1.0ms    256    15
  184.9       HEAVY       STABLE       HEAVY  123799.5    235       0      0    0.00ms      MICE    1.0ms    256    15
  185.4       HEAVY       STABLE       HEAVY  122734.5    252       0      0    0.00ms      MICE    1.0ms    256    15
  185.9       HEAVY       STABLE       HEAVY  123872.1    237       0      0    0.00ms      MICE    1.0ms    256    15
  186.4       HEAVY       STABLE       HEAVY  125186.1    248       0      0    0.00ms      MICE    1.0ms    256    15
  186.9       HEAVY       STABLE       HEAVY  126604.6    256       0      0    0.00ms      MICE    1.0ms    256    15
  187.4       HEAVY       STABLE       HEAVY  121506.8    235       0      0    0.00ms      MICE    1.0ms    256    15
  187.9       HEAVY       STABLE       HEAVY  125695.5    250       0      0    0.00ms      MICE    1.0ms    256    15
  188.4       HEAVY       STABLE       HEAVY  125390.7    238       0      0    0.00ms      MICE    1.0ms    256    15
  189.0       HEAVY       STABLE       HEAVY  128229.5    252       0      0    0.00ms      MICE    1.0ms    256    15
  189.5       HEAVY       STABLE       HEAVY  123359.0    252       0      0    0.00ms      MICE    1.0ms    256    15
  190.0       HEAVY       STABLE       HEAVY  127931.4    245       0      0    0.00ms      MICE    1.0ms    256    15
  190.5       HEAVY       STABLE       HEAVY  126391.6    239       0      0    0.00ms      MICE    1.0ms    256    15
  191.0       HEAVY       STABLE       HEAVY  122467.2    249       0      0    0.00ms      MICE    1.0ms    256    15
  191.5       HEAVY       STABLE       HEAVY  125253.4    245       0      0    0.00ms      MICE    1.0ms    256    15
  192.0       HEAVY       STABLE       HEAVY  126596.4    251       0      0    0.00ms      MICE    1.0ms    256    15
  192.6       HEAVY   RECOVERING    MODERATE  124855.5    240       0      0    0.00ms      MICE    1.0ms    256    15
  193.1       HEAVY   RECOVERING    MODERATE  127113.6    255       0      0    0.00ms      MICE    1.0ms    256    15
  193.6       HEAVY   RECOVERING    MODERATE  121007.3    255       0      0    0.00ms      MICE    1.0ms    256    15
  194.1       HEAVY   RECOVERING    MODERATE  127052.2    240       0      0    0.00ms      MICE    1.0ms    256    15
  194.6       HEAVY   RECOVERING    MODERATE  121639.5    244       0      0    0.00ms      MICE    1.0ms    256    15
  195.1       HEAVY   RECOVERING    MODERATE  122222.6    249       0      0    0.00ms      MICE    1.0ms    256    15
  195.6       HEAVY   RECOVERING    MODERATE  123977.9    247       0      0    0.00ms      MICE    1.0ms    256    15
  196.2       HEAVY   RECOVERING    MODERATE  123297.6    240       0      0    0.00ms      MICE    1.0ms    256    15
  196.7       HEAVY   RECOVERING    MODERATE  121778.9    256       0      0    0.00ms      MICE    1.0ms    256    15
  197.2       HEAVY   RECOVERING    MODERATE  117549.6    240       0      0    0.00ms      MICE    1.0ms    256    15
  197.7       HEAVY   RECOVERING    MODERATE  129137.2    234       0      0    0.00ms      MICE    1.0ms    256    15
  198.2       HEAVY   RECOVERING    MODERATE  118986.9    236       0      0    0.00ms      MICE    1.0ms    256    15
  198.7       HEAVY   RECOVERING    MODERATE  124975.2    243       0      0    0.00ms      MICE    1.0ms    256    15
  199.2       HEAVY       STABLE       HEAVY  125414.3    254       0      0    0.00ms      MICE    1.0ms    256    15
  199.8       HEAVY       STABLE       HEAVY  124008.3    241       0      0    0.00ms      MICE    1.0ms    256    15
  200.3       HEAVY       STABLE       HEAVY  122569.4    245       0      0    0.00ms      MICE    1.0ms    256    15
  200.8       HEAVY       STABLE       HEAVY  124120.8    249       0      0    0.00ms      MICE    1.0ms    256    15
  201.3       HEAVY       STABLE       HEAVY  123227.7    251       0      0    0.00ms      MICE    1.0ms    256    15
  201.8       HEAVY   RECOVERING    MODERATE  116187.4    256       0      0    0.00ms      MICE    1.0ms    256    15
  202.3       HEAVY   RECOVERING    MODERATE  124133.1    235       0      0    0.00ms      MICE    1.0ms    256    15
  202.8       HEAVY   RECOVERING    MODERATE  122358.7    247       0      0    0.00ms      MICE    1.0ms    256    15
  203.4       HEAVY   RECOVERING    MODERATE  124759.2    251       0      0    0.00ms      MICE    1.0ms    256    15
  203.9       HEAVY       STABLE       HEAVY  126761.5    245       0      0    0.00ms      MICE    1.0ms    256    15
  204.4       HEAVY   RECOVERING    MODERATE  119218.4    241       0      0    0.00ms      MICE    1.0ms    256    15
  204.9       HEAVY       STABLE       HEAVY  124188.4    250       0      0    0.00ms      MICE    1.0ms    256    15
  205.4       HEAVY       STABLE       HEAVY  126898.2    250       0      0    0.00ms      MICE    1.0ms    256    15
  205.9       HEAVY       STABLE       HEAVY  122483.8    243       0      0    0.00ms      MICE    1.0ms    256    15
  206.4       HEAVY       STABLE       HEAVY  121405.1    254       0      0    0.00ms      MICE    1.0ms    256    15
  207.0       HEAVY   RECOVERING    MODERATE  122144.1    238       0      0    0.00ms      MICE    1.0ms    256    15
  207.5       HEAVY   RECOVERING    MODERATE  117642.9    253       0      0    0.00ms      MICE    1.0ms    256    15
  208.0       HEAVY   RECOVERING    MODERATE  121913.7    237       0      0    0.00ms      MICE    1.0ms    256    15
  208.5       HEAVY   RECOVERING    MODERATE  127754.8    249       0      0    0.00ms      MICE    1.0ms    256    15
  209.0       HEAVY       STABLE       HEAVY  125107.5    256       0      0    0.00ms      MICE    1.0ms    256    15
  209.5       HEAVY       STABLE       HEAVY  124821.0    243       0      0    0.00ms      MICE    1.0ms    256    15
  210.0       HEAVY       STABLE       HEAVY  121505.5    252       0      0    0.00ms      MICE    1.0ms    256    15
  210.6       HEAVY       STABLE       HEAVY  120237.6    256       0      0    0.00ms      MICE    1.0ms    256    15
  211.1       HEAVY   RECOVERING    MODERATE  119445.3    241       0      0    0.00ms      MICE    1.0ms    256    15
  211.6       HEAVY   RECOVERING    MODERATE  121324.9    243       0      0    0.00ms      MICE    1.0ms    256    15
  212.1       HEAVY   RECOVERING    MODERATE  123347.6    246       0      0    0.00ms      MICE    1.0ms    256    15
  212.6       HEAVY   RECOVERING    MODERATE  123707.0    244       0      0    0.00ms      MICE    1.0ms    256    15
  213.1       HEAVY   RECOVERING    MODERATE  123874.4    233       0      0    0.00ms      MICE    1.0ms    256    15
  213.6       HEAVY       STABLE       HEAVY  126054.3    237       0      0    0.00ms      MICE    1.0ms    256    15
  214.2       HEAVY       STABLE       HEAVY  123437.3    240       0      0    0.00ms      MICE    1.0ms    256    15
  214.7       HEAVY       STABLE       HEAVY  121837.1    251       0      0    0.00ms      MICE    1.0ms    256    15
  215.2       HEAVY       STABLE       HEAVY  122869.6    245       0      0    0.00ms      MICE    1.0ms    256    15
  215.7       HEAVY       STABLE       HEAVY  122677.4    255       0      0    0.00ms      MICE    1.0ms    256    15
  216.2       HEAVY       STABLE       HEAVY  123534.6    248       0      0    0.00ms      MICE    1.0ms    256    15
  216.7       HEAVY   RECOVERING    MODERATE  121505.3    246       0      0    0.00ms      MICE    1.0ms    256    15
  217.2       HEAVY   RECOVERING    MODERATE  120304.0    246       0      0    0.00ms      MICE    1.0ms    256    15
  217.8       HEAVY   RECOVERING    MODERATE  126120.3    254       0      0    0.00ms      MICE    1.0ms    256    15
  218.3       HEAVY   RECOVERING    MODERATE  124911.9    252       0      0    0.00ms      MICE    1.0ms    256    15
  218.8       HEAVY       STABLE       HEAVY  123733.9    248       0      0    0.00ms      MICE    1.0ms    256    15
  219.3       HEAVY       STABLE       HEAVY  120469.9    238       0      0    0.00ms      MICE    1.0ms    256    15
  219.8       HEAVY   RECOVERING    MODERATE  121191.6    245       0      0    0.00ms      MICE    1.0ms    256    15
  220.3       HEAVY       STABLE       HEAVY  126104.2    256       0      0    0.00ms      MICE    1.0ms    256    15
  220.8       HEAVY       STABLE       HEAVY  125222.9    241       0      0    0.00ms      MICE    1.0ms    256    15
  221.4       HEAVY       STABLE       HEAVY  124371.2    245       0      0    0.00ms      MICE    1.0ms    256    15
  221.9       HEAVY   RECOVERING    MODERATE  120288.4    241       0      0    0.00ms      MICE    1.0ms    256    15
  222.4       HEAVY   RECOVERING    MODERATE  123741.6    252       0      0    0.00ms      MICE    1.0ms    256    15
  222.9       HEAVY       STABLE       HEAVY  126317.4    249       0      0    0.00ms      MICE    1.0ms    256    15
  223.4       HEAVY       STABLE       HEAVY  122128.3    236       0      0    0.00ms      MICE    1.0ms    256    15
  223.9       HEAVY       STABLE       HEAVY  122914.0    256       0      0    0.00ms      MICE    1.0ms    256    15
  224.4       HEAVY   RECOVERING    MODERATE  123900.2    245       0      0    0.00ms      MICE    1.0ms    256    15
  225.0       HEAVY   RECOVERING    MODERATE  123293.4    241       0      0    0.00ms      MICE    1.0ms    256    15
  225.5       HEAVY   RECOVERING    MODERATE  121048.9    237       0      0    0.00ms      MICE    1.0ms    256    15
  226.0       HEAVY       STABLE       HEAVY  128742.4    240       0      0    0.00ms      MICE    1.0ms    256    15
  226.5       HEAVY       STABLE       HEAVY  120628.1    241       0      0    0.00ms      MICE    1.0ms    256    15
  227.0       HEAVY   RECOVERING    MODERATE  123960.6    240       0      0    0.00ms      MICE    1.0ms    256    15
  227.5       HEAVY   RECOVERING    MODERATE  122685.7    241       0      0    0.00ms      MICE    1.0ms    256    15
  228.0       HEAVY   RECOVERING    MODERATE  121655.5    251       0      0    0.00ms      MICE    1.0ms    256    15
  228.6       HEAVY       STABLE       HEAVY  127286.7    241       0      0    0.00ms      MICE    1.0ms    256    15
  229.1       HEAVY       STABLE       HEAVY  125502.1    242       0      0    0.00ms      MICE    1.0ms    256    15
  229.6       HEAVY       STABLE       HEAVY  122308.0    254       0      0    0.00ms      MICE    1.0ms    256    15
  230.1       HEAVY       STABLE       HEAVY  123349.5    242       0      0    0.00ms      MICE    1.0ms    256    15
  230.6       HEAVY   RECOVERING    MODERATE  121298.1    238       0      0    0.00ms      MICE    1.0ms    256    15
  231.1       HEAVY   RECOVERING    MODERATE  120162.7    252       0      0    0.00ms      MICE    1.0ms    256    15
  231.6       HEAVY   RECOVERING    MODERATE  122975.5    237       0      0    0.00ms      MICE    1.0ms    256    15
  232.1       HEAVY   RECOVERING    MODERATE  123614.5    248       0      0    0.00ms      MICE    1.0ms    256    15
  232.7       HEAVY   RECOVERING    MODERATE  125970.5    243       0      0    0.00ms      MICE    1.0ms    256    15
  233.2       HEAVY   RECOVERING    MODERATE  123974.3    255       0      0    0.00ms      MICE    1.0ms    256    15
  233.7       HEAVY       STABLE       HEAVY  122067.5    229       0      0    0.00ms      MICE    1.0ms    256    15
  234.2       HEAVY       STABLE       HEAVY  122719.5    250       0      0    0.00ms      MICE    1.0ms    256    15
  234.7       HEAVY       STABLE       HEAVY  124262.2    249       0      0    0.00ms      MICE    1.0ms    256    15
  235.2       HEAVY       STABLE       HEAVY  119763.7    249       0      0    0.00ms      MICE    1.0ms    256    15
  235.7       HEAVY       STABLE       HEAVY  124346.1    254       0      0    0.00ms      MICE    1.0ms    256    15
  236.3       HEAVY   RECOVERING    MODERATE  125421.1    256       0      0    0.00ms      MICE    1.0ms    256    15
  236.8       HEAVY   RECOVERING    MODERATE  122142.4    246       0      0    0.00ms      MICE    1.0ms    256    15
  237.3       HEAVY   RECOVERING    MODERATE  123464.8    255       0      0    0.00ms      MICE    1.0ms    256    15
  237.8       HEAVY       STABLE       HEAVY  126700.1    243       0      0    0.00ms      MICE    1.0ms    256    15
  238.3       HEAVY       STABLE       HEAVY  122867.3    254       0      0    0.00ms      MICE    1.0ms    256    15
  238.8       HEAVY       STABLE       HEAVY  126761.8    256       0      0    0.00ms      MICE    1.0ms    256    15
  239.3       HEAVY       STABLE       HEAVY  121892.1    254       0      0    0.00ms      MICE    1.0ms    256    15
  239.9       HEAVY       STABLE       HEAVY  125635.4    241       0      0    0.00ms      MICE    1.0ms    256    15
  240.4       HEAVY       STABLE       HEAVY  128701.9    256       0      0    0.00ms      MICE    1.0ms    256    15
  240.9       HEAVY       STABLE       HEAVY  124389.9    247       0      0    0.00ms      MICE    1.0ms    256    15
  241.4       HEAVY       STABLE       HEAVY  128564.2    238       0      0    0.00ms      MICE    1.0ms    256    15
  241.9       HEAVY       STABLE       HEAVY  125211.4    237       0      0    0.00ms      MICE    1.0ms    256    15
  242.4       HEAVY       STABLE       HEAVY  125498.3    242       0      0    0.00ms      MICE    1.0ms    256    15
  242.9       HEAVY   RECOVERING    MODERATE  119707.3    240       0      0    0.00ms      MICE    1.0ms    256    15
  243.5       HEAVY   RECOVERING    MODERATE  123417.6    234       0      0    0.00ms      MICE    1.0ms    256    15
  244.0       HEAVY   RECOVERING    MODERATE  125458.1    242       0      0    0.00ms      MICE    1.0ms    256    15
  244.5       HEAVY   RECOVERING    MODERATE  125995.6    256       0      0    0.00ms      MICE    1.0ms    256    15
  245.0       HEAVY       STABLE       HEAVY  130635.2    251       0      0    0.00ms      MICE    1.0ms    256    15
  245.5       HEAVY       STABLE       HEAVY  126635.4    250       0      0    0.00ms      MICE    1.0ms    256    15
  246.0       HEAVY   RECOVERING    MODERATE  119063.0    236       0      0    0.00ms      MICE    1.0ms    256    15
  246.6       HEAVY       STABLE       HEAVY  126780.0    235       0      0    0.00ms      MICE    1.0ms    256    15
  247.1       HEAVY       STABLE       HEAVY  121845.5    256       0      0    0.00ms      MICE    1.0ms    256    15
  247.6       HEAVY       STABLE       HEAVY  124828.8    254       0      0    0.00ms      MICE    1.0ms    256    15
  248.1       HEAVY   RECOVERING    MODERATE  126063.6    245       0      0    0.00ms      MICE    1.0ms    256    15
  248.6       HEAVY   RECOVERING    MODERATE  123950.5    244       0      0    0.00ms      MICE    1.0ms    256    15
  249.1       HEAVY   RECOVERING    MODERATE  123879.2    248       0      0    0.00ms      MICE    1.0ms    256    15
  249.6       HEAVY   RECOVERING    MODERATE  123629.1    244       0      0    0.00ms      MICE    1.0ms    256    15
  250.1       HEAVY       STABLE       HEAVY  126045.4    234       0      0    0.00ms      MICE    1.0ms    256    15
  250.7       HEAVY       STABLE       HEAVY  122319.2    253       0      0    0.00ms      MICE    1.0ms    256    15
  251.2       HEAVY   RECOVERING    MODERATE  122886.7    244       0      0    0.00ms      MICE    1.0ms    256    15
  251.7       HEAVY   RECOVERING    MODERATE  121594.2    256       0      0    0.00ms      MICE    1.0ms    256    15
  252.2       HEAVY   RECOVERING    MODERATE  126565.3    240       0      0    0.00ms      MICE    1.0ms    256    15
  252.7       HEAVY   RECOVERING    MODERATE  124055.2    256       0      0    0.00ms      MICE    1.0ms    256    15
  253.2       HEAVY   RECOVERING    MODERATE  119074.7    237       0      0    0.00ms      MICE    1.0ms    256    15
  253.7       HEAVY   RECOVERING    MODERATE  124914.1    242       0      0    0.00ms      MICE    1.0ms    256    15
  254.3       HEAVY       STABLE       HEAVY  128266.0    253       0      0    0.00ms      MICE    1.0ms    256    15
  254.8       HEAVY       STABLE       HEAVY  128551.0    235       0      0    0.00ms      MICE    1.0ms    256    15
  255.3       HEAVY       STABLE       HEAVY  124694.9    238       0      0    0.00ms      MICE    1.0ms    256    15
  255.8       HEAVY       STABLE       HEAVY  123990.0    236       0      0    0.00ms      MICE    1.0ms    256    15
  256.3       HEAVY       STABLE       HEAVY  125381.2    242       0      0    0.00ms      MICE    1.0ms    256    15
  256.8       HEAVY       STABLE       HEAVY  123245.1    241       0      0    0.00ms      MICE    1.0ms    256    15
  257.3       HEAVY       STABLE       HEAVY  127326.2    250       0      0    0.00ms      MICE    1.0ms    256    15
  257.9       HEAVY       STABLE       HEAVY  128429.3    242       0      0    0.00ms      MICE    1.0ms    256    15
  258.4       HEAVY   RECOVERING    MODERATE  123461.1    256       0      0    0.00ms      MICE    1.0ms    256    15
  258.9       HEAVY   RECOVERING    MODERATE  122307.9    235       0      0    0.00ms      MICE    1.0ms    256    15
  259.4       HEAVY   RECOVERING    MODERATE  128201.9    246       0      0    0.00ms      MICE    1.0ms    256    15
  259.9       HEAVY       STABLE       HEAVY  123462.4    237       0      0    0.00ms      MICE    1.0ms    256    15
  260.4       HEAVY       STABLE       HEAVY  125407.1    251       0      0    0.00ms      MICE    1.0ms    256    15
  260.9       HEAVY       STABLE       HEAVY  126530.6    237       0      0    0.00ms      MICE    1.0ms    256    15
  261.5       HEAVY       STABLE       HEAVY  125452.5    252       0      0    0.00ms      MICE    1.0ms    256    15
  262.0       HEAVY   RECOVERING    MODERATE  126907.0    255       0      0    0.00ms      MICE    1.0ms    256    15
  262.5       HEAVY   RECOVERING    MODERATE  123415.8    237       0      0    0.00ms      MICE    1.0ms    256    15
  263.0       HEAVY   RECOVERING    MODERATE  121204.0    254       0      0    0.00ms      MICE    1.0ms    256    15
  263.5       HEAVY   RECOVERING    MODERATE  125192.6    252       0      0    0.00ms      MICE    1.0ms    256    15
  264.0       HEAVY   RECOVERING    MODERATE  122089.3    256       0      0    0.00ms      MICE    1.0ms    256    15
  264.5       HEAVY   RECOVERING    MODERATE  126286.6    254       0      0    0.00ms      MICE    1.0ms    256    15
  265.1       HEAVY   RECOVERING    MODERATE  124960.0    236       0      0    0.00ms      MICE    1.0ms    256    15
  265.6       HEAVY   RECOVERING    MODERATE  125476.2    256       0      0    0.00ms      MICE    1.0ms    256    15
  266.1       HEAVY       STABLE       HEAVY  125072.6    243       0      0    0.00ms      MICE    1.0ms    256    15
  266.6       HEAVY   RECOVERING    MODERATE  121324.9    251       0      0    0.00ms      MICE    1.0ms    256    15
  267.1       HEAVY       STABLE       HEAVY  125238.0    254       0      0    0.00ms      MICE    1.0ms    256    15
  267.6       HEAVY       STABLE       HEAVY  123698.2    245       0      0    0.00ms      MICE    1.0ms    256    15
  268.1       HEAVY   RECOVERING    MODERATE  123864.4    256       0      0    0.00ms      MICE    1.0ms    256    15
  268.6       HEAVY       STABLE       HEAVY  127602.4    244       0      0    0.00ms      MICE    1.0ms    256    15
  269.2       HEAVY   RECOVERING    MODERATE  124066.4    244       0      0    0.00ms      MICE    1.0ms    256    15
  269.7       HEAVY       STABLE       HEAVY  125576.5    256       0      0    0.00ms      MICE    1.0ms    256    15
  270.2       HEAVY       STABLE       HEAVY  123173.8    237       0      0    0.00ms      MICE    1.0ms    256    15
  270.7       HEAVY       STABLE       HEAVY  124387.7    229       0      0    0.00ms      MICE    1.0ms    256    15
  271.2       HEAVY       STABLE       HEAVY  126823.9    243       0      0    0.00ms      MICE    1.0ms    256    15
  271.7       HEAVY       STABLE       HEAVY  127122.6    232       0      0    0.00ms      MICE    1.0ms    256    15
  272.2       HEAVY       STABLE       HEAVY  121752.1    249       0      0    0.00ms      MICE    1.0ms    256    15
  272.8       HEAVY   RECOVERING    MODERATE  124842.6    252       0      0    0.00ms      MICE    1.0ms    256    15
  273.3       HEAVY   RECOVERING    MODERATE  123687.9    250       0      0    0.00ms      MICE    1.0ms    256    15
  273.8       HEAVY   RECOVERING    MODERATE  121928.9    253       0      0    0.00ms      MICE    1.0ms    256    15
  274.3       HEAVY   RECOVERING    MODERATE  125440.6    247       0      0    0.00ms      MICE    1.0ms    256    15
  274.8       HEAVY   RECOVERING    MODERATE  124845.3    242       0      0    0.00ms      MICE    1.0ms    256    15
  275.3       HEAVY   RECOVERING    MODERATE  123489.2    247       0      0    0.00ms      MICE    1.0ms    256    15
  275.8       HEAVY   RECOVERING    MODERATE  125856.0    238       0      0    0.00ms      MICE    1.0ms    256    15
  276.4       HEAVY       STABLE       HEAVY  128309.3    256       0      0    0.00ms      MICE    1.0ms    256    15
  276.9       HEAVY       STABLE       HEAVY  122760.8    246       0      0    0.00ms      MICE    1.0ms    256    15
  277.4       HEAVY       STABLE       HEAVY  122593.7    239       0      0    0.00ms      MICE    1.0ms    256    15
  277.9       HEAVY   RECOVERING    MODERATE  121417.6    242       0      0    0.00ms      MICE    1.0ms    256    15
  278.4       HEAVY   RECOVERING    MODERATE  125750.3    247       0      0    0.00ms      MICE    1.0ms    256    15
  278.9       HEAVY   RECOVERING    MODERATE  125580.2    253       0      0    0.00ms      MICE    1.0ms    256    15
  279.5       HEAVY       STABLE       HEAVY  126109.5    249       0      0    0.00ms      MICE    1.0ms    256    15
  280.0       HEAVY   RECOVERING    MODERATE  121147.6    254       0      0    0.00ms      MICE    1.0ms    256    15
  280.5       HEAVY   RECOVERING    MODERATE  125501.4    248       0      0    0.00ms      MICE    1.0ms    256    15
  281.0       HEAVY   RECOVERING    MODERATE  119155.4    237       0      0    0.00ms      MICE    1.0ms    256    15
  281.5       HEAVY       STABLE       HEAVY  127767.0    238       0      0    0.00ms      MICE    1.0ms    256    15
  282.0       HEAVY       STABLE       HEAVY  122936.1    250       0      0    0.00ms      MICE    1.0ms    256    15
  282.5       HEAVY   RECOVERING    MODERATE  119710.3    237       0      0    0.00ms      MICE    1.0ms    256    15
  283.0       HEAVY   RECOVERING    MODERATE  122504.6    244       0      0    0.00ms      MICE    1.0ms    256    15
  283.6       HEAVY   RECOVERING    MODERATE  127852.7    254       0      0    0.00ms      MICE    1.0ms    256    15
  284.1       HEAVY       STABLE       HEAVY  123645.8    248       0      0    0.00ms      MICE    1.0ms    256    15
  284.6       HEAVY       STABLE       HEAVY  124220.1    250       0      0    0.00ms      MICE    1.0ms    256    15
  285.1       HEAVY       STABLE       HEAVY  124897.8    238       0      0    0.00ms      MICE    1.0ms    256    15
  285.6       HEAVY   RECOVERING    MODERATE  117849.4    247       0      0    0.00ms      MICE    1.0ms    256    15
  286.1       HEAVY   RECOVERING    MODERATE  121933.0    255       0      0    0.00ms      MICE    1.0ms    256    15
  286.6       HEAVY   RECOVERING    MODERATE  123737.7    243       0      0    0.00ms      MICE    1.0ms    256    15
  287.2       HEAVY   RECOVERING    MODERATE  118743.1    251       0      0    0.00ms      MICE    1.0ms    256    15
  287.7       HEAVY   RECOVERING    MODERATE  118904.9    245       0      0    0.00ms      MICE    1.0ms    256    15
  288.2       HEAVY   RECOVERING    MODERATE  118573.8    244       0      0    0.00ms      MICE    1.0ms    256    15
  288.7       HEAVY   RECOVERING    MODERATE  122760.4    252       0      0    0.00ms      MICE    1.0ms    256    15
  289.2       HEAVY   RECOVERING    MODERATE  121405.5    246       0      0    0.00ms      MICE    1.0ms    256    15
  289.7       HEAVY       STABLE       HEAVY  123712.0    245       0      0    0.00ms      MICE    1.0ms    256    15
  290.2       HEAVY       STABLE       HEAVY  121420.1    248       0      0    0.00ms      MICE    1.0ms    256    15
  290.8       HEAVY       STABLE       HEAVY  122500.5    241       0      0    0.00ms      MICE    1.0ms    256    15
  291.3       HEAVY       STABLE       HEAVY  126422.3    248       0      0    0.00ms      MICE    1.0ms    256    15
  291.8       HEAVY       STABLE       HEAVY  124084.7    237       0      0    0.00ms      MICE    1.0ms    256    15
  292.3       HEAVY       STABLE       HEAVY  124769.9    246       0      0    0.00ms      MICE    1.0ms    256    15
  292.8       HEAVY       STABLE       HEAVY  123620.6    247       0      0    0.00ms      MICE    1.0ms    256    15
  293.3       HEAVY       STABLE       HEAVY  123363.8    254       0      0    0.00ms      MICE    1.0ms    256    15
  293.8       HEAVY       STABLE       HEAVY  124209.0    241       0      0    0.00ms      MICE    1.0ms    256    15
  294.3       HEAVY       STABLE       HEAVY  122601.9    148       0      0    0.00ms      MICE    1.0ms    256    15
  294.9       HEAVY   RECOVERING    MODERATE      33.4      0       0      0    0.00ms      MICE    1.0ms    256    15
  295.4      NORMAL       STABLE      NORMAL       0.0      0       0      0    0.00ms      MICE    1.0ms    256    15
  295.9      NORMAL       STABLE      NORMAL       0.0      0       0      0    0.00ms      MICE    1.0ms    256    15
  296.4      NORMAL       STABLE      NORMAL       0.0      0       0      0    0.00ms      MICE    1.0ms    256    15
  296.9      NORMAL       STABLE      NORMAL       0.0      0       0      0    0.00ms      MICE    1.0ms    256    15
  297.4      NORMAL       STABLE      NORMAL       0.0      0       0      0    0.00ms      MICE    1.0ms    256    15
  297.9      NORMAL       STABLE      NORMAL       0.0      0       0      0    0.00ms      MICE    1.0ms    256    15
  298.4      NORMAL       STABLE      NORMAL       0.0      0       0      0    0.00ms      MICE    1.0ms    256    15
  298.9      NORMAL       STABLE      NORMAL       0.0      0       0      0    0.00ms      MICE    1.0ms    256    15
[eBPF] Detached from ns1/veth1

Done — 583 ticks, 15 adj | mode: eBPF (clang+tc+bpftool)
Run: python3 plot_acape.py
