[eBPF] Layer 1: ✅ Using existing /home/ammu/ccn-linux-qdisc-study/scripts/../ebpf/tc_monitor.o
[eBPF] Layer 2: Attaching to ns_router/veth_rs...
[eBPF] Layer 2: ✅ Attached — filter protocol all pref 49152 bpf chain 0 handle 0x1 tc_mon
[eBPF] Layer 3: Locating BPF maps via bpftool...
[eBPF] Layer 3: ✅ flow_map id=37
[eBPF] Layer 3: ✅ global_map id=38

════════════════════════════════════════════════════════════════════════
  ACAPE v5.0.0  |  mode: eBPF (clang+tc+bpftool)
  metrics → /home/ammu/ccn-linux-qdisc-study/logs/acape_metrics_20260409_122449.csv
════════════════════════════════════════════════════════════════════════
      t      regime         traj        pred      dr/s     bl   flows  eleph      rtt      wkld     tgt    lim   adj
────────────────────────────────────────────────────────────────────────────────────────────────────────────────────
    0.5      NORMAL       STABLE      NORMAL       0.0      0       0      0    0.00ms      MICE    5.0ms   1024     0
    1.0      NORMAL       STABLE      NORMAL       0.0      0       0      0    0.00ms      MICE    5.0ms   1024     0
    1.5      NORMAL       STABLE      NORMAL       0.0      0       0      0    0.00ms      MICE    5.0ms   1024     0
    2.0      NORMAL       STABLE      NORMAL       0.0      0       0      0    0.00ms      MICE    5.0ms   1024     0
    2.5    MODERATE       STABLE    MODERATE      15.7     94       0      0    0.00ms      MICE    5.0ms   1024     0
    3.1       HEAVY       STABLE       HEAVY     213.4     32       0      0    0.00ms      MICE    5.0ms   1024     0
    3.6       HEAVY       STABLE       HEAVY     150.2     16       0      0    0.00ms      MICE    5.0ms   1024     0
    4.1       HEAVY       STABLE       HEAVY     108.2     12       0      0    0.00ms      MICE    5.0ms   1024     0
    4.6       HEAVY       STABLE       HEAVY      84.0     16       0      0    0.00ms      MICE    5.0ms   1024     0
    5.1       HEAVY       STABLE       HEAVY     123.0     16       0      0    0.00ms      MICE    5.0ms   1024     0
    5.6       HEAVY       STABLE       HEAVY      98.5     15       0      0    0.00ms      MICE    5.0ms   1024     0
    6.1       HEAVY       STABLE       HEAVY     102.4     16       0      0    0.00ms      MICE    5.0ms   1024     0
    6.6       HEAVY       STABLE       HEAVY     105.8     13       0      0    0.00ms      MICE    5.0ms   1024     0
    7.1       HEAVY       STABLE       HEAVY      91.6     16       0      0    0.00ms      MICE    5.0ms   1024     0
    7.6       HEAVY       STABLE       HEAVY      90.6     15       0      0    0.00ms      MICE    5.0ms   1024     0
    8.2       HEAVY       STABLE       HEAVY     101.9     15       0      0    0.00ms      MICE    5.0ms   1024     0
    8.7       HEAVY       STABLE       HEAVY      97.8     13       0      0    0.00ms      MICE    5.0ms   1024     0
    9.2       HEAVY       STABLE       HEAVY      92.7     18       0      0    0.00ms      MICE    5.0ms   1024     0
    9.7       HEAVY       STABLE       HEAVY     104.3     17       0      0    0.00ms      MICE    5.0ms   1024     0
   10.2       HEAVY       STABLE       HEAVY     103.0     14       0      0    0.00ms      MICE    4.5ms    921     1
   10.7       HEAVY       STABLE       HEAVY     110.9     13       0      0    0.00ms      MICE    4.5ms    921     1
   11.2       HEAVY       STABLE       HEAVY     129.2     11       0      0    0.00ms      MICE    4.5ms    921     1
   11.7       HEAVY       STABLE       HEAVY     122.6     16       0      0    0.00ms      MICE    4.5ms    921     1
   12.2       HEAVY       STABLE       HEAVY     121.3     15       0      0    0.00ms      MICE    4.5ms    921     1
   12.8       HEAVY       STABLE       HEAVY     137.8     16       0      0    0.00ms      MICE    4.5ms    921     1
   13.3       HEAVY       STABLE       HEAVY     109.9     13       0      0    0.00ms      MICE    4.5ms    921     1
   13.8       HEAVY       STABLE       HEAVY     116.2     12       0      0    0.00ms      MICE    4.5ms    921     1
   14.3       HEAVY       STABLE       HEAVY     146.5     12       0      0    0.00ms      MICE    4.5ms    921     1
   14.8       HEAVY       STABLE       HEAVY     133.6     11       0      0    0.00ms      MICE    4.5ms    921     1
   15.3       HEAVY       STABLE       HEAVY     123.9     15       0      0    0.00ms      MICE    4.0ms    828     2
   15.8       HEAVY       STABLE       HEAVY     116.3     18       0      0    0.00ms      MICE    4.0ms    828     2
   16.3       HEAVY       STABLE       HEAVY     105.8     14       0      0    0.00ms      MICE    4.0ms    828     2
   16.8       HEAVY       STABLE       HEAVY     128.1     14       0      0    0.00ms      MICE    4.0ms    828     2
   17.4       HEAVY       STABLE       HEAVY     135.2     12       0      0    0.00ms      MICE    4.0ms    828     2
   17.9       HEAVY       STABLE       HEAVY     137.9     16       0      0    0.00ms      MICE    4.0ms    828     2
   18.4       HEAVY       STABLE       HEAVY     155.4     12       0      0    0.00ms      MICE    4.0ms    828     2
   18.9       HEAVY       STABLE       HEAVY     131.7     15       0      0    0.00ms      MICE    4.0ms    828     2
   19.4       HEAVY       STABLE       HEAVY     139.9     18       0      0    0.00ms      MICE    4.0ms    828     2
   19.9       HEAVY       STABLE       HEAVY     131.0     13       0      0    0.00ms      MICE    4.0ms    828     2
   20.4       HEAVY       STABLE       HEAVY     123.4     13       0      0    0.00ms      MICE    3.6ms    745     3
   20.9       HEAVY       STABLE       HEAVY     147.3     12       0      0    0.00ms      MICE    3.6ms    745     3
   21.4       HEAVY       STABLE       HEAVY     122.0     17       0      0    0.00ms      MICE    3.6ms    745     3
   22.0       HEAVY       STABLE       HEAVY     128.5     11       0      0    0.00ms      MICE    3.6ms    745     3
   22.5       HEAVY       STABLE       HEAVY     114.0     18       0      0    0.00ms      MICE    3.6ms    745     3
   23.0       HEAVY       STABLE       HEAVY     130.0     14       0      0    0.00ms      MICE    3.6ms    745     3
   23.5       HEAVY       STABLE       HEAVY     125.7     14       0      0    0.00ms      MICE    3.6ms    745     3
   24.0       HEAVY       STABLE       HEAVY     140.5     14       0      0    0.00ms      MICE    3.6ms    745     3
   24.5       HEAVY       STABLE       HEAVY     130.1     10       0      0    0.00ms      MICE    3.6ms    745     3
   25.0       HEAVY       STABLE       HEAVY     133.6     12       0      0    0.00ms      MICE    3.6ms    745     3
   25.5       HEAVY       STABLE       HEAVY     146.4     16       0      0    0.00ms      MICE    3.3ms    670     4
   26.0       HEAVY       STABLE       HEAVY     138.1     13       0      0    0.00ms      MICE    3.3ms    670     4
   26.6       HEAVY       STABLE       HEAVY     139.1     12       0      0    0.00ms      MICE    3.3ms    670     4
   27.1       HEAVY       STABLE       HEAVY     150.3     11       0      0    0.00ms      MICE    3.3ms    670     4
   27.6       HEAVY       STABLE       HEAVY     154.1     13       0      0    0.00ms      MICE    3.3ms    670     4
   28.1       HEAVY       STABLE       HEAVY     150.0     14       0      0    0.00ms      MICE    3.3ms    670     4
   28.6       HEAVY       STABLE       HEAVY     170.4     12       0      0    0.00ms      MICE    3.3ms    670     4
   29.1       HEAVY       STABLE       HEAVY     145.6      7       0      0    0.00ms      MICE    3.3ms    670     4
   29.6       HEAVY       STABLE       HEAVY     130.0     11       0      0    0.00ms      MICE    3.3ms    670     4
   30.1       HEAVY       STABLE       HEAVY     145.5     12       0      0    0.00ms      MICE    3.3ms    670     4
   30.6       HEAVY       STABLE       HEAVY     141.7     11       0      0    0.00ms      MICE    3.0ms    603     5
   31.1       HEAVY       STABLE       HEAVY     156.9     12       0      0    0.00ms      MICE    3.0ms    603     5
   31.6       HEAVY       STABLE       HEAVY     175.2     10       0      0    0.00ms      MICE    3.0ms    603     5
   32.2       HEAVY       STABLE       HEAVY     155.7     14       0      0    0.00ms      MICE    3.0ms    603     5
   32.7       HEAVY       STABLE       HEAVY     173.0      9       0      0    0.00ms      MICE    3.0ms    603     5
   33.2       HEAVY       STABLE       HEAVY     147.9     11       0      0    0.00ms      MICE    3.0ms    603     5
   33.7       HEAVY       STABLE       HEAVY     158.9     12       0      0    0.00ms      MICE    3.0ms    603     5
   34.2       HEAVY       STABLE       HEAVY     135.5     16       0      0    0.00ms      MICE    3.0ms    603     5
   34.7       HEAVY       STABLE       HEAVY     153.5     13       0      0    0.00ms      MICE    3.0ms    603     5
   35.2       HEAVY       STABLE       HEAVY     138.2     11       0      0    0.00ms      MICE    3.0ms    603     5
   35.7       HEAVY       STABLE       HEAVY     160.8     12       0      0    0.00ms      MICE    2.7ms    542     6
   36.2       HEAVY       STABLE       HEAVY     166.3     11       0      0    0.00ms      MICE    2.7ms    542     6
   36.8       HEAVY       STABLE       HEAVY     172.4     13       0      0    0.00ms      MICE    2.7ms    542     6
   37.3       HEAVY       STABLE       HEAVY     166.0      6       0      0    0.00ms      MICE    2.7ms    542     6
   37.8       HEAVY       STABLE       HEAVY     155.3     15       0      0    0.00ms      MICE    2.7ms    542     6
   38.3       HEAVY       STABLE       HEAVY     182.4      9       0      0    0.00ms      MICE    2.7ms    542     6
   38.8       HEAVY       STABLE       HEAVY     162.5     13       0      0    0.00ms      MICE    2.7ms    542     6
   39.3       HEAVY       STABLE       HEAVY     147.5     15       0      0    0.00ms      MICE    2.7ms    542     6
   39.8       HEAVY       STABLE       HEAVY     181.4     13       0      0    0.00ms      MICE    2.7ms    542     6
   40.3       HEAVY       STABLE       HEAVY     157.3     10       0      0    0.00ms      MICE    2.7ms    542     6
   40.8       HEAVY       STABLE       HEAVY     165.4     14       0      0    0.00ms      MICE    2.4ms    487     7
   41.4       HEAVY       STABLE       HEAVY     185.5     12       0      0    0.00ms      MICE    2.4ms    487     7
   41.9       HEAVY       STABLE       HEAVY     185.1     13       0      0    0.00ms      MICE    2.4ms    487     7
   42.4       HEAVY       STABLE       HEAVY     153.8      8       0      0    0.00ms      MICE    2.4ms    487     7
   42.9       HEAVY       STABLE       HEAVY     167.5     13       0      0    0.00ms      MICE    2.4ms    487     7
   43.4       HEAVY       STABLE       HEAVY     174.4      8       0      0    0.00ms      MICE    2.4ms    487     7
   43.9       HEAVY       STABLE       HEAVY     172.0     16       0      0    0.00ms      MICE    2.4ms    487     7
   44.4       HEAVY       STABLE       HEAVY     173.4     13       0      0    0.00ms      MICE    2.4ms    487     7
   44.9       HEAVY       STABLE       HEAVY     176.2     10       0      0    0.00ms      MICE    2.4ms    487     7
   45.4       HEAVY       STABLE       HEAVY     174.7     13       0      0    0.00ms      MICE    2.4ms    487     7
   45.9       HEAVY       STABLE       HEAVY     181.4     14       0      0    0.00ms      MICE    2.2ms    438     8
   46.4       HEAVY       STABLE       HEAVY     184.0      7       0      0    0.00ms      MICE    2.2ms    438     8
   47.0       HEAVY       STABLE       HEAVY     175.3     16       0      0    0.00ms      MICE    2.2ms    438     8
   47.5       HEAVY       STABLE       HEAVY     201.9      3       0      0    0.00ms      MICE    2.2ms    438     8
   48.0       HEAVY       STABLE       HEAVY     150.0     13       0      0    0.00ms      MICE    2.2ms    438     8
   48.5       HEAVY       STABLE       HEAVY     159.2     11       0      0    0.00ms      MICE    2.2ms    438     8
   49.0       HEAVY       STABLE       HEAVY     162.4      8       0      0    0.00ms      MICE    2.2ms    438     8
   49.5       HEAVY       STABLE       HEAVY     172.6      6       0      0    0.00ms      MICE    2.2ms    438     8
   50.0       HEAVY       STABLE       HEAVY     185.9      9       0      0    0.00ms      MICE    2.2ms    438     8
   50.5       HEAVY       STABLE       HEAVY     179.9     10       0      0    0.00ms      MICE    2.2ms    438     8
   51.0       HEAVY       STABLE       HEAVY     171.1     12       0      0    0.00ms      MICE    1.9ms    394     9
   51.6       HEAVY       STABLE       HEAVY     203.0      8       0      0    0.00ms      MICE    1.9ms    394     9
   52.1       HEAVY       STABLE       HEAVY     173.1     11       0      0    0.00ms      MICE    1.9ms    394     9
   52.6       HEAVY       STABLE       HEAVY     195.2      9       0      0    0.00ms      MICE    1.9ms    394     9
   53.1       HEAVY       STABLE       HEAVY     167.5     14       0      0    0.00ms      MICE    1.9ms    394     9
   53.6       HEAVY       STABLE       HEAVY     157.7     17       0      0    0.00ms      MICE    1.9ms    394     9
   54.1       HEAVY       STABLE       HEAVY     182.3     11       0      0    0.00ms      MICE    1.9ms    394     9
   54.6       HEAVY       STABLE       HEAVY     157.2     16       0      0    0.00ms      MICE    1.9ms    394     9
   55.1       HEAVY       STABLE       HEAVY     179.2     13       0      0    0.00ms      MICE    1.9ms    394     9
   55.6       HEAVY       STABLE       HEAVY     175.3     13       0      0    0.00ms      MICE    1.9ms    394     9
   56.1       HEAVY       STABLE       HEAVY     156.9     15       0      0    0.00ms      MICE    1.7ms    354    10
   56.7       HEAVY       STABLE       HEAVY     171.0     13       0      0    0.00ms      MICE    1.7ms    354    10
   57.2       HEAVY       STABLE       HEAVY     167.4     13       0      0    0.00ms      MICE    1.7ms    354    10
   57.7       HEAVY       STABLE       HEAVY     167.4     11       0      0    0.00ms      MICE    1.7ms    354    10
   58.2       HEAVY       STABLE       HEAVY     184.5     14       0      0    0.00ms      MICE    1.7ms    354    10
   58.7       HEAVY       STABLE       HEAVY     193.6     10       0      0    0.00ms      MICE    1.7ms    354    10
   59.2       HEAVY       STABLE       HEAVY     161.2     11       0      0    0.00ms      MICE    1.7ms    354    10
   59.7       HEAVY       STABLE       HEAVY     175.5      9       0      0    0.00ms      MICE    1.7ms    354    10
   60.2       HEAVY       STABLE       HEAVY     150.8     14       0      0    0.00ms      MICE    1.7ms    354    10
   60.7       HEAVY       STABLE       HEAVY     210.1     10       0      0    0.00ms      MICE    1.7ms    354    10
   61.2       HEAVY       STABLE       HEAVY     184.9     11       0      0    0.00ms      MICE    1.6ms    318    11
   61.8       HEAVY       STABLE       HEAVY     171.4     12       0      0    0.00ms      MICE    1.6ms    318    11
   62.3       HEAVY       STABLE       HEAVY     188.2     10       0      0    0.00ms      MICE    1.6ms    318    11
   62.8       HEAVY       STABLE       HEAVY     202.1      7       0      0    0.00ms      MICE    1.6ms    318    11
   63.3       HEAVY       STABLE       HEAVY     198.1     13       0      0    0.00ms      MICE    1.6ms    318    11
   63.8       HEAVY       STABLE       HEAVY     161.5     12       0      0    0.00ms      MICE    1.6ms    318    11
   64.3       HEAVY       STABLE       HEAVY     167.3     12       0      0    0.00ms      MICE    1.6ms    318    11
   64.8       HEAVY       STABLE       HEAVY     173.3     11       0      0    0.00ms      MICE    1.6ms    318    11
   65.3       HEAVY       STABLE       HEAVY     183.1     13       0      0    0.00ms      MICE    1.6ms    318    11
   65.8       HEAVY       STABLE       HEAVY     179.2     10       0      0    0.00ms      MICE    1.6ms    318    11
   66.4       HEAVY       STABLE       HEAVY     195.7     12       0      0    0.00ms      MICE    1.4ms    286    12
   66.9       HEAVY       STABLE       HEAVY     213.7      8       0      0    0.00ms      MICE    1.4ms    286    12
   67.4       HEAVY       STABLE       HEAVY     163.5     13       0      0    0.00ms      MICE    1.4ms    286    12
   67.9       HEAVY       STABLE       HEAVY     172.3     12       0      0    0.00ms      MICE    1.4ms    286    12
   68.4       HEAVY       STABLE       HEAVY     195.6     11       0      0    0.00ms      MICE    1.4ms    286    12
   68.9       HEAVY       STABLE       HEAVY     183.1     15       0      0    0.00ms      MICE    1.4ms    286    12
   69.4       HEAVY       STABLE       HEAVY     183.4      7       0      0    0.00ms      MICE    1.4ms    286    12
   69.9       HEAVY       STABLE       HEAVY     175.6     11       0      0    0.00ms      MICE    1.4ms    286    12
   70.4       HEAVY       STABLE       HEAVY     175.1     19       0      0    0.00ms      MICE    1.4ms    286    12
   70.9       HEAVY       STABLE       HEAVY     199.0     14       0      0    0.00ms      MICE    1.4ms    286    12
   71.5       HEAVY       STABLE       HEAVY     164.3      9       0      0    0.00ms      MICE    1.3ms    257    13
   72.0       HEAVY       STABLE       HEAVY     181.7      8       0      0    0.00ms      MICE    1.3ms    257    13
   72.5       HEAVY       STABLE       HEAVY     183.3     12       0      0    0.00ms      MICE    1.3ms    257    13
   73.0       HEAVY       STABLE       HEAVY     173.5     13       0      0    0.00ms      MICE    1.3ms    257    13
   73.5       HEAVY       STABLE       HEAVY     187.9      7       0      0    0.00ms      MICE    1.3ms    257    13
   74.0       HEAVY       STABLE       HEAVY     205.8     10       0      0    0.00ms      MICE    1.3ms    257    13
   74.5       HEAVY       STABLE       HEAVY     165.4     17       0      0    0.00ms      MICE    1.3ms    257    13
   75.0       HEAVY       STABLE       HEAVY     194.5     12       0      0    0.00ms      MICE    1.3ms    257    13
   75.5       HEAVY       STABLE       HEAVY     168.1     12       0      0    0.00ms      MICE    1.3ms    257    13
   76.1       HEAVY       STABLE       HEAVY     193.2     11       0      0    0.00ms      MICE    1.3ms    257    13
   76.6       HEAVY       STABLE       HEAVY     172.8     13       0      0    0.00ms      MICE    1.1ms    256    14
   77.1       HEAVY       STABLE       HEAVY     172.2     10       0      0    0.00ms      MICE    1.1ms    256    14
   77.6       HEAVY       STABLE       HEAVY     158.7     11       0      0    0.00ms      MICE    1.1ms    256    14
   78.1       HEAVY       STABLE       HEAVY     204.7     13       0      0    0.00ms      MICE    1.1ms    256    14
   78.6       HEAVY       STABLE       HEAVY     208.5      5       0      0    0.00ms      MICE    1.1ms    256    14
   79.1       HEAVY       STABLE       HEAVY     184.1     15       0      0    0.00ms      MICE    1.1ms    256    14
   79.6       HEAVY       STABLE       HEAVY     181.3      9       0      0    0.00ms      MICE    1.1ms    256    14
   80.1       HEAVY       STABLE       HEAVY     163.3     11       0      0    0.00ms      MICE    1.1ms    256    14
   80.6       HEAVY       STABLE       HEAVY     150.8     14       0      0    0.00ms      MICE    1.1ms    256    14
   81.2       HEAVY       STABLE       HEAVY     192.4     10       0      0    0.00ms      MICE    1.1ms    256    14
   81.7       HEAVY       STABLE       HEAVY     192.9      7       0      0    0.00ms      MICE    1.0ms    256    15
   82.2       HEAVY       STABLE       HEAVY     187.9      9       0      0    0.00ms      MICE    1.0ms    256    15
   82.7       HEAVY       STABLE       HEAVY     164.2     10       0      0    0.00ms      MICE    1.0ms    256    15
   83.2       HEAVY       STABLE       HEAVY     171.5      7       0      0    0.00ms      MICE    1.0ms    256    15
   83.7       HEAVY       STABLE       HEAVY     189.3     12       0      0    0.00ms      MICE    1.0ms    256    15
   84.2       HEAVY       STABLE       HEAVY     179.0      9       0      0    0.00ms      MICE    1.0ms    256    15
   84.7       HEAVY       STABLE       HEAVY     173.3      7       0      0    0.00ms      MICE    1.0ms    256    15
   85.2       HEAVY       STABLE       HEAVY     163.0      9       0      0    0.00ms      MICE    1.0ms    256    15
   85.7       HEAVY       STABLE       HEAVY     168.6     16       0      0    0.00ms      MICE    1.0ms    256    15
   86.3       HEAVY       STABLE       HEAVY     193.7     12       0      0    0.00ms      MICE    1.0ms    256    15
   86.8       HEAVY       STABLE       HEAVY     188.8     10       0      0    0.00ms      MICE    1.0ms    256    15
   87.3       HEAVY       STABLE       HEAVY     173.5     12       0      0    0.00ms      MICE    1.0ms    256    15
   87.8       HEAVY       STABLE       HEAVY     159.1     13       0      0    0.00ms      MICE    1.0ms    256    15
   88.3       HEAVY       STABLE       HEAVY     182.7     12       0      0    0.00ms      MICE    1.0ms    256    15
   88.8       HEAVY       STABLE       HEAVY     186.3      5       0      0    0.00ms      MICE    1.0ms    256    15
   89.3       HEAVY       STABLE       HEAVY     169.3     15       0      0    0.00ms      MICE    1.0ms    256    15
   89.8       HEAVY       STABLE       HEAVY     186.7     11       0      0    0.00ms      MICE    1.0ms    256    15
   90.3       HEAVY       STABLE       HEAVY     167.4      9       0      0    0.00ms      MICE    1.0ms    256    15
   90.8       HEAVY       STABLE       HEAVY     174.9      4       0      0    0.00ms      MICE    1.0ms    256    15
   91.3       HEAVY       STABLE       HEAVY     179.4     10       0      0    0.00ms      MICE    1.0ms    256    15
   91.9       HEAVY       STABLE       HEAVY     171.1     14       0      0    0.00ms      MICE    1.0ms    256    15
   92.4       HEAVY       STABLE       HEAVY     188.8     11       0      0    0.00ms      MICE    1.0ms    256    15
   92.9       HEAVY       STABLE       HEAVY     178.8     16       0      0    0.00ms      MICE    1.0ms    256    15
   93.4       HEAVY       STABLE       HEAVY     174.0     11       0      0    0.00ms      MICE    1.0ms    256    15
   93.9       HEAVY       STABLE       HEAVY     193.5      9       0      0    0.00ms      MICE    1.0ms    256    15
   94.4       HEAVY       STABLE       HEAVY     194.8      8       0      0    0.00ms      MICE    1.0ms    256    15
   94.9       HEAVY       STABLE       HEAVY     210.5      9       0      0    0.00ms      MICE    1.0ms    256    15
   95.4       HEAVY       STABLE       HEAVY     173.1     12       0      0    0.00ms      MICE    1.0ms    256    15
   95.9       HEAVY       STABLE       HEAVY     185.9     12       0      0    0.00ms      MICE    1.0ms    256    15
   96.4       HEAVY       STABLE       HEAVY     165.6     12       0      0    0.00ms      MICE    1.0ms    256    15
   97.0       HEAVY       STABLE       HEAVY     209.4      9       0      0    0.00ms      MICE    1.0ms    256    15
   97.5       HEAVY       STABLE       HEAVY     170.2      6       0      0    0.00ms      MICE    1.0ms    256    15
   98.0       HEAVY       STABLE       HEAVY     141.2     14       0      0    0.00ms      MICE    1.0ms    256    15
   98.5       HEAVY       STABLE       HEAVY     179.1     11       0      0    0.00ms      MICE    1.0ms    256    15
   99.0       HEAVY       STABLE       HEAVY     170.5      9       0      0    0.00ms      MICE    1.0ms    256    15
   99.5       HEAVY       STABLE       HEAVY     163.6     12       0      0    0.00ms      MICE    1.0ms    256    15
  100.0       HEAVY       STABLE       HEAVY     164.5     15       0      0    0.00ms      MICE    1.0ms    256    15
  100.5       HEAVY       STABLE       HEAVY     168.4     16       0      0    0.00ms      MICE    1.0ms    256    15
  101.0       HEAVY       STABLE       HEAVY     169.2     13       0      0    0.00ms      MICE    1.0ms    256    15
  101.5       HEAVY       STABLE       HEAVY     173.3     11       0      0    0.00ms      MICE    1.0ms    256    15
  102.1       HEAVY       STABLE       HEAVY     198.6     11       0      0    0.00ms      MICE    1.0ms    256    15
  102.6       HEAVY       STABLE       HEAVY     181.4     14       0      0    0.00ms      MICE    1.0ms    256    15
  103.1       HEAVY       STABLE       HEAVY     165.2     11       0      0    0.00ms      MICE    1.0ms    256    15
  103.6       HEAVY       STABLE       HEAVY     187.1     13       0      0    0.00ms      MICE    1.0ms    256    15
  104.1       HEAVY       STABLE       HEAVY     145.5     12       0      0    0.00ms      MICE    1.0ms    256    15
  104.6       HEAVY       STABLE       HEAVY     167.1      8       0      0    0.00ms      MICE    1.0ms    256    15
  105.1       HEAVY       STABLE       HEAVY     166.0     11       0      0    0.00ms      MICE    1.0ms    256    15
  105.6       HEAVY       STABLE       HEAVY     165.3     11       0      0    0.00ms      MICE    1.0ms    256    15
  106.1       HEAVY       STABLE       HEAVY     175.4     13       0      0    0.00ms      MICE    1.0ms    256    15
  106.6       HEAVY       STABLE       HEAVY     195.2      9       0      0    0.00ms      MICE    1.0ms    256    15
  107.2       HEAVY       STABLE       HEAVY     173.2     12       0      0    0.00ms      MICE    1.0ms    256    15
  107.7       HEAVY       STABLE       HEAVY     165.4     11       0      0    0.00ms      MICE    1.0ms    256    15
  108.2       HEAVY       STABLE       HEAVY     183.1     12       0      0    0.00ms      MICE    1.0ms    256    15
  108.7       HEAVY       STABLE       HEAVY     199.7     12       0      0    0.00ms      MICE    1.0ms    256    15
  109.2       HEAVY       STABLE       HEAVY     187.1     12       0      0    0.00ms      MICE    1.0ms    256    15
  109.7       HEAVY       STABLE       HEAVY     175.2     10       0      0    0.00ms      MICE    1.0ms    256    15
  110.2       HEAVY       STABLE       HEAVY     168.8     14       0      0    0.00ms      MICE    1.0ms    256    15
  110.7       HEAVY       STABLE       HEAVY     162.4     14       0      0    0.00ms      MICE    1.0ms    256    15
  111.2       HEAVY       STABLE       HEAVY     185.2     11       0      0    0.00ms      MICE    1.0ms    256    15
  111.7       HEAVY       STABLE       HEAVY     183.2     13       0      0    0.00ms      MICE    1.0ms    256    15
  112.2       HEAVY       STABLE       HEAVY     161.7     16       0      0    0.00ms      MICE    1.0ms    256    15
  112.8       HEAVY       STABLE       HEAVY     158.4     13       0      0    0.00ms      MICE    1.0ms    256    15
  113.3       HEAVY       STABLE       HEAVY     194.6     11       0      0    0.00ms      MICE    1.0ms    256    15
  113.8       HEAVY       STABLE       HEAVY     151.9     10       0      0    0.00ms      MICE    1.0ms    256    15
  114.3       HEAVY       STABLE       HEAVY     183.9     13       0      0    0.00ms      MICE    1.0ms    256    15
  114.8       HEAVY       STABLE       HEAVY     155.0     11       0      0    0.00ms      MICE    1.0ms    256    15
  115.3       HEAVY       STABLE       HEAVY     179.0     11       0      0    0.00ms      MICE    1.0ms    256    15
  115.8       HEAVY       STABLE       HEAVY     193.2     10       0      0    0.00ms      MICE    1.0ms    256    15
  116.3       HEAVY       STABLE       HEAVY     149.6     18       0      0    0.00ms      MICE    1.0ms    256    15
  116.8       HEAVY       STABLE       HEAVY     185.2     13       0      0    0.00ms      MICE    1.0ms    256    15
  117.3       HEAVY       STABLE       HEAVY     175.3     13       0      0    0.00ms      MICE    1.0ms    256    15
  117.9       HEAVY       STABLE       HEAVY     182.3      4       0      0    0.00ms      MICE    1.0ms    256    15
  118.4       HEAVY       STABLE       HEAVY     177.9      5       0      0    0.00ms      MICE    1.0ms    256    15
  118.9       HEAVY       STABLE       HEAVY     167.6     12       0      0    0.00ms      MICE    1.0ms    256    15
  119.4       HEAVY       STABLE       HEAVY     172.0      9       0      0    0.00ms      MICE    1.0ms    256    15
  119.9       HEAVY       STABLE       HEAVY     174.7      8       0      0    0.00ms      MICE    1.0ms    256    15
  120.4       HEAVY       STABLE       HEAVY     172.4      5       0      0    0.00ms      MICE    1.0ms    256    15
  120.9       HEAVY       STABLE       HEAVY     152.9     13       0      0    0.00ms      MICE    1.0ms    256    15
  121.4       HEAVY       STABLE       HEAVY     179.2     12       0      0    0.00ms      MICE    1.0ms    256    15
  121.9       HEAVY       STABLE       HEAVY     196.9      9       0      0    0.00ms      MICE    1.0ms    256    15
  122.4       HEAVY       STABLE       HEAVY     193.5      5       0      0    0.00ms      MICE    1.0ms    256    15
  123.0       HEAVY       STABLE       HEAVY     156.4     12       0      0    0.00ms      MICE    1.0ms    256    15
  123.5       HEAVY       STABLE       HEAVY     173.5     10       0      0    0.00ms      MICE    1.0ms    256    15
  124.0       HEAVY       STABLE       HEAVY     175.5     14       0      0    0.00ms      MICE    1.0ms    256    15
  124.5       HEAVY       STABLE       HEAVY     190.3     10       0      0    0.00ms      MICE    1.0ms    256    15
  125.0       HEAVY       STABLE       HEAVY     164.1     13       0      0    0.00ms      MICE    1.0ms    256    15
  125.5       HEAVY       STABLE       HEAVY     194.9     13       0      0    0.00ms      MICE    1.0ms    256    15
  126.0       HEAVY       STABLE       HEAVY     178.9     11       0      0    0.00ms      MICE    1.0ms    256    15
  126.5       HEAVY       STABLE       HEAVY     188.1     13       0      0    0.00ms      MICE    1.0ms    256    15
  127.0       HEAVY       STABLE       HEAVY     183.0     11       0      0    0.00ms      MICE    1.0ms    256    15
  127.5       HEAVY       STABLE       HEAVY     172.9     14       0      0    0.00ms      MICE    1.0ms    256    15
  128.1       HEAVY       STABLE       HEAVY     176.4     13       0      0    0.00ms      MICE    1.0ms    256    15
  128.6       HEAVY       STABLE       HEAVY     179.2     10       0      0    0.00ms      MICE    1.0ms    256    15
  129.1       HEAVY       STABLE       HEAVY     170.9     14       0      0    0.00ms      MICE    1.0ms    256    15
  129.6       HEAVY       STABLE       HEAVY     182.2     11       0      0    0.00ms      MICE    1.0ms    256    15
  130.1       HEAVY       STABLE       HEAVY     201.0      8       0      0    0.00ms      MICE    1.0ms    256    15
  130.6       HEAVY       STABLE       HEAVY     167.3      8       0      0    0.00ms      MICE    1.0ms    256    15
  131.1       HEAVY       STABLE       HEAVY     190.8      8       0      0    0.00ms      MICE    1.0ms    256    15
  131.6       HEAVY       STABLE       HEAVY     189.2      9       0      0    0.00ms      MICE    1.0ms    256    15
  132.1       HEAVY       STABLE       HEAVY     167.0     14       0      0    0.00ms      MICE    1.0ms    256    15
  132.6       HEAVY       STABLE       HEAVY     174.5     10       0      0    0.00ms      MICE    1.0ms    256    15
  133.1       HEAVY       STABLE       HEAVY     149.7     12       0      0    0.00ms      MICE    1.0ms    256    15
  133.7       HEAVY       STABLE       HEAVY     174.5      9       0      0    0.00ms      MICE    1.0ms    256    15
  134.2       HEAVY       STABLE       HEAVY     184.6     10       0      0    0.00ms      MICE    1.0ms    256    15
  134.7       HEAVY       STABLE       HEAVY     226.3      8       0      0    0.00ms      MICE    1.0ms    256    15
  135.2       HEAVY       STABLE       HEAVY     153.7     14       0      0    0.00ms      MICE    1.0ms    256    15
  135.7       HEAVY       STABLE       HEAVY     177.0     10       0      0    0.00ms      MICE    1.0ms    256    15
  136.2       HEAVY       STABLE       HEAVY     160.7     10       0      0    0.00ms      MICE    1.0ms    256    15
  136.7       HEAVY       STABLE       HEAVY     200.0      9       0      0    0.00ms      MICE    1.0ms    256    15
  137.2       HEAVY       STABLE       HEAVY     179.9     12       0      0    0.00ms      MICE    1.0ms    256    15
  137.7       HEAVY       STABLE       HEAVY     162.3     16       0      0    0.00ms      MICE    1.0ms    256    15
  138.2       HEAVY       STABLE       HEAVY     165.5     13       0      0    0.00ms      MICE    1.0ms    256    15
  138.7       HEAVY       STABLE       HEAVY     181.1     11       0      0    0.00ms      MICE    1.0ms    256    15
  139.3       HEAVY       STABLE       HEAVY     198.4      8       0      0    0.00ms      MICE    1.0ms    256    15
  139.8       HEAVY       STABLE       HEAVY     170.2     18       0      0    0.00ms      MICE    1.0ms    256    15
  140.3       HEAVY       STABLE       HEAVY     214.6     11       0      0    0.00ms      MICE    1.0ms    256    15
  140.8       HEAVY       STABLE       HEAVY     170.1     11       0      0    0.00ms      MICE    1.0ms    256    15
  141.3       HEAVY       STABLE       HEAVY     185.3     14       0      0    0.00ms      MICE    1.0ms    256    15
  141.8       HEAVY       STABLE       HEAVY     177.0     11       0      0    0.00ms      MICE    1.0ms    256    15
  142.3       HEAVY       STABLE       HEAVY     181.4      7       0      0    0.00ms      MICE    1.0ms    256    15
  142.8       HEAVY       STABLE       HEAVY     175.2     13       0      0    0.00ms      MICE    1.0ms    256    15
  143.3       HEAVY       STABLE       HEAVY     171.3      9       0      0    0.00ms      MICE    1.0ms    256    15
  143.8       HEAVY       STABLE       HEAVY     204.4      6       0      0    0.00ms      MICE    1.0ms    256    15
  144.3       HEAVY       STABLE       HEAVY     154.7     13       0      0    0.00ms      MICE    1.0ms    256    15
  144.9       HEAVY       STABLE       HEAVY     188.7      8       0      0    0.00ms      MICE    1.0ms    256    15
  145.4       HEAVY       STABLE       HEAVY     171.1     10       0      0    0.00ms      MICE    1.0ms    256    15
  145.9       HEAVY       STABLE       HEAVY     193.2      9       0      0    0.00ms      MICE    1.0ms    256    15
  146.4       HEAVY       STABLE       HEAVY     173.4     14       0      0    0.00ms      MICE    1.0ms    256    15
  146.9       HEAVY       STABLE       HEAVY     159.1     14       0      0    0.00ms      MICE    1.0ms    256    15
  147.4       HEAVY       STABLE       HEAVY     151.5     10       0      0    0.00ms      MICE    1.0ms    256    15
  147.9       HEAVY       STABLE       HEAVY     163.3     13       0      0    0.00ms      MICE    1.0ms    256    15
  148.4       HEAVY       STABLE       HEAVY     151.2     14       0      0    0.00ms      MICE    1.0ms    256    15
  148.9       HEAVY       STABLE       HEAVY     158.8     11       0      0    0.00ms      MICE    1.0ms    256    15
  149.4       HEAVY       STABLE       HEAVY     183.2     14       0      0    0.00ms      MICE    1.0ms    256    15
  149.9       HEAVY       STABLE       HEAVY     157.8     11       0      0    0.00ms      MICE    1.0ms    256    15
  150.4       HEAVY       STABLE       HEAVY     147.6     18       0      0    0.00ms      MICE    1.0ms    256    15
  151.0       HEAVY       STABLE       HEAVY     174.4     10       0      0    0.00ms      MICE    1.0ms    256    15
  151.5       HEAVY       STABLE       HEAVY     190.9      9       0      0    0.00ms      MICE    1.0ms    256    15
  152.0       HEAVY       STABLE       HEAVY     184.6     10       0      0    0.00ms      MICE    1.0ms    256    15
  152.5       HEAVY       STABLE       HEAVY     170.7     13       0      0    0.00ms      MICE    1.0ms    256    15
  153.0       HEAVY       STABLE       HEAVY     180.9     11       0      0    0.00ms      MICE    1.0ms    256    15
  153.5       HEAVY       STABLE       HEAVY     161.1      8       0      0    0.00ms      MICE    1.0ms    256    15
  154.0       HEAVY       STABLE       HEAVY     170.9     11       0      0    0.00ms      MICE    1.0ms    256    15
  154.5       HEAVY       STABLE       HEAVY     192.8      8       0      0    0.00ms      MICE    1.0ms    256    15
  155.0       HEAVY       STABLE       HEAVY     184.7      8       0      0    0.00ms      MICE    1.0ms    256    15
  155.5       HEAVY       STABLE       HEAVY     171.2      9       0      0    0.00ms      MICE    1.0ms    256    15
  156.0       HEAVY       STABLE       HEAVY     188.7      6       0      0    0.00ms      MICE    1.0ms    256    15
  156.6       HEAVY       STABLE       HEAVY     176.4     12       0      0    0.00ms      MICE    1.0ms    256    15
  157.1       HEAVY       STABLE       HEAVY     185.3      8       0      0    0.00ms      MICE    1.0ms    256    15
  157.6       HEAVY       STABLE       HEAVY     163.7     14       0      0    0.00ms      MICE    1.0ms    256    15
  158.1       HEAVY       STABLE       HEAVY     173.3     12       0      0    0.00ms      MICE    1.0ms    256    15
  158.6       HEAVY       STABLE       HEAVY     165.7     14       0      0    0.00ms      MICE    1.0ms    256    15
  159.1       HEAVY       STABLE       HEAVY     195.6      8       0      0    0.00ms      MICE    1.0ms    256    15
  159.6       HEAVY       STABLE       HEAVY     214.4      7       0      0    0.00ms      MICE    1.0ms    256    15
  160.1       HEAVY       STABLE       HEAVY     166.5      9       0      0    0.00ms      MICE    1.0ms    256    15
  160.6       HEAVY       STABLE       HEAVY     177.4     12       0      0    0.00ms      MICE    1.0ms    256    15
  161.1       HEAVY       STABLE       HEAVY     153.0     14       0      0    0.00ms      MICE    1.0ms    256    15
  161.7       HEAVY       STABLE       HEAVY     159.5     12       0      0    0.00ms      MICE    1.0ms    256    15
  162.2       HEAVY       STABLE       HEAVY     197.0     10       0      0    0.00ms      MICE    1.0ms    256    15
  162.7       HEAVY       STABLE       HEAVY     171.2     11       0      0    0.00ms      MICE    1.0ms    256    15
  163.2       HEAVY       STABLE       HEAVY     167.6     10       0      0    0.00ms      MICE    1.0ms    256    15
  163.7       HEAVY       STABLE       HEAVY     164.5     11       0      0    0.00ms      MICE    1.0ms    256    15
  164.2       HEAVY       STABLE       HEAVY     173.2     11       0      0    0.00ms      MICE    1.0ms    256    15
  164.7       HEAVY       STABLE       HEAVY     181.6     14       0      0    0.00ms      MICE    1.0ms    256    15
  165.2       HEAVY       STABLE       HEAVY     188.2     11       0      0    0.00ms      MICE    1.0ms    256    15
  165.7       HEAVY       STABLE       HEAVY     181.8      9       0      0    0.00ms      MICE    1.0ms    256    15
  166.3       HEAVY       STABLE       HEAVY     170.7      7       0      0    0.00ms      MICE    1.0ms    256    15
  166.8       HEAVY       STABLE       HEAVY     155.7     10       0      0    0.00ms      MICE    1.0ms    256    15
  167.3       HEAVY       STABLE       HEAVY     153.6     14       0      0    0.00ms      MICE    1.0ms    256    15
  167.8       HEAVY       STABLE       HEAVY     179.2     15       0      0    0.00ms      MICE    1.0ms    256    15
  168.3       HEAVY       STABLE       HEAVY     195.0      9       0      0    0.00ms      MICE    1.0ms    256    15
  168.8       HEAVY       STABLE       HEAVY     165.2     12       0      0    0.00ms      MICE    1.0ms    256    15
  169.3       HEAVY       STABLE       HEAVY     177.4     10       0      0    0.00ms      MICE    1.0ms    256    15
  169.8       HEAVY       STABLE       HEAVY     161.5     10       0      0    0.00ms      MICE    1.0ms    256    15
  170.3       HEAVY       STABLE       HEAVY     174.5     12       0      0    0.00ms      MICE    1.0ms    256    15
  170.8       HEAVY       STABLE       HEAVY     170.6     14       0      0    0.00ms      MICE    1.0ms    256    15
  171.3       HEAVY       STABLE       HEAVY     184.8     13       0      0    0.00ms      MICE    1.0ms    256    15
  171.8       HEAVY       STABLE       HEAVY     181.5     12       0      0    0.00ms      MICE    1.0ms    256    15
  172.4       HEAVY       STABLE       HEAVY     191.1     12       0      0    0.00ms      MICE    1.0ms    256    15
  172.9       HEAVY       STABLE       HEAVY     177.4     11       0      0    0.00ms      MICE    1.0ms    256    15
  173.4       HEAVY       STABLE       HEAVY     175.3     10       0      0    0.00ms      MICE    1.0ms    256    15
  173.9       HEAVY       STABLE       HEAVY     166.6     11       0      0    0.00ms      MICE    1.0ms    256    15
  174.4       HEAVY       STABLE       HEAVY     167.6     16       0      0    0.00ms      MICE    1.0ms    256    15
  174.9       HEAVY       STABLE       HEAVY     187.4     14       0      0    0.00ms      MICE    1.0ms    256    15
  175.4       HEAVY       STABLE       HEAVY     175.2      9       0      0    0.00ms      MICE    1.0ms    256    15
  175.9       HEAVY       STABLE       HEAVY     163.6      7       0      0    0.00ms      MICE    1.0ms    256    15
  176.4       HEAVY       STABLE       HEAVY     171.7     13       0      0    0.00ms      MICE    1.0ms    256    15
  176.9       HEAVY       STABLE       HEAVY     177.6     14       0      0    0.00ms      MICE    1.0ms    256    15
  177.5       HEAVY       STABLE       HEAVY     175.5     11       0      0    0.00ms      MICE    1.0ms    256    15
  178.0       HEAVY       STABLE       HEAVY     173.6     11       0      0    0.00ms      MICE    1.0ms    256    15
  178.5       HEAVY       STABLE       HEAVY     175.3     12       0      0    0.00ms      MICE    1.0ms    256    15
  179.0       HEAVY       STABLE       HEAVY     187.2     10       0      0    0.00ms      MICE    1.0ms    256    15
  179.5       HEAVY       STABLE       HEAVY     184.6     11       0      0    0.00ms      MICE    1.0ms    256    15
  180.0       HEAVY       STABLE       HEAVY     180.2     13       0      0    0.00ms      MICE    1.0ms    256    15
  180.5       HEAVY       STABLE       HEAVY     187.1     13       0      0    0.00ms      MICE    1.0ms    256    15
  181.0       HEAVY       STABLE       HEAVY     175.4     13       0      0    0.00ms      MICE    1.0ms    256    15
  181.5       HEAVY       STABLE       HEAVY     186.3     11       0      0    0.00ms      MICE    1.0ms    256    15
  182.0       HEAVY       STABLE       HEAVY     167.1     10       0      0    0.00ms      MICE    1.0ms    256    15
  182.5       HEAVY       STABLE       HEAVY     172.5      8       0      0    0.00ms      MICE    1.0ms    256    15
  183.1       HEAVY       STABLE       HEAVY     187.2     11       0      0    0.00ms      MICE    1.0ms    256    15
  183.6       HEAVY       STABLE       HEAVY     171.3     10       0      0    0.00ms      MICE    1.0ms    256    15
  184.1       HEAVY       STABLE       HEAVY     159.7      9       0      0    0.00ms      MICE    1.0ms    256    15
  184.6       HEAVY       STABLE       HEAVY     169.2     10       0      0    0.00ms      MICE    1.0ms    256    15
  185.1       HEAVY       STABLE       HEAVY     195.6     13       0      0    0.00ms      MICE    1.0ms    256    15
  185.6       HEAVY       STABLE       HEAVY     190.6     10       0      0    0.00ms      MICE    1.0ms    256    15
  186.1       HEAVY       STABLE       HEAVY     183.6     13       0      0    0.00ms      MICE    1.0ms    256    15
  186.6       HEAVY       STABLE       HEAVY     170.9     12       0      0    0.00ms      MICE    1.0ms    256    15
  187.1       HEAVY       STABLE       HEAVY     182.2     15       0      0    0.00ms      MICE    1.0ms    256    15
  187.6       HEAVY       STABLE       HEAVY     212.7      8       0      0    0.00ms      MICE    1.0ms    256    15
  188.1       HEAVY       STABLE       HEAVY     181.3     10       0      0    0.00ms      MICE    1.0ms    256    15
  188.6       HEAVY       STABLE       HEAVY     167.2      9       0      0    0.00ms      MICE    1.0ms    256    15
  189.2       HEAVY       STABLE       HEAVY     163.5      9       0      0    0.00ms      MICE    1.0ms    256    15
  189.7       HEAVY       STABLE       HEAVY     171.5     10       0      0    0.00ms      MICE    1.0ms    256    15
  190.2       HEAVY       STABLE       HEAVY     173.5     12       0      0    0.00ms      MICE    1.0ms    256    15
  190.7       HEAVY       STABLE       HEAVY     177.0     12       0      0    0.00ms      MICE    1.0ms    256    15
  191.2       HEAVY       STABLE       HEAVY     145.8     15       0      0    0.00ms      MICE    1.0ms    256    15
  191.7       HEAVY       STABLE       HEAVY     173.4     12       0      0    0.00ms      MICE    1.0ms    256    15
  192.2       HEAVY       STABLE       HEAVY     175.1     12       0      0    0.00ms      MICE    1.0ms    256    15
  192.7       HEAVY       STABLE       HEAVY     189.4      9       0      0    0.00ms      MICE    1.0ms    256    15
  193.2       HEAVY       STABLE       HEAVY     168.2     11       0      0    0.00ms      MICE    1.0ms    256    15
  193.7       HEAVY       STABLE       HEAVY     195.2     14       0      0    0.00ms      MICE    1.0ms    256    15
  194.2       HEAVY       STABLE       HEAVY     178.8     14       0      0    0.00ms      MICE    1.0ms    256    15
  194.8       HEAVY       STABLE       HEAVY     195.5      9       0      0    0.00ms      MICE    1.0ms    256    15
  195.3       HEAVY       STABLE       HEAVY     155.7     10       0      0    0.00ms      MICE    1.0ms    256    15
  195.8       HEAVY       STABLE       HEAVY     187.0     14       0      0    0.00ms      MICE    1.0ms    256    15
  196.3       HEAVY       STABLE       HEAVY     176.4     10       0      0    0.00ms      MICE    1.0ms    256    15
  196.8       HEAVY       STABLE       HEAVY     189.0     11       0      0    0.00ms      MICE    1.0ms    256    15
  197.3       HEAVY       STABLE       HEAVY     187.1     12       0      0    0.00ms      MICE    1.0ms    256    15
  197.8       HEAVY       STABLE       HEAVY     177.2     11       0      0    0.00ms      MICE    1.0ms    256    15
  198.3       HEAVY       STABLE       HEAVY     163.4     13       0      0    0.00ms      MICE    1.0ms    256    15
  198.8       HEAVY       STABLE       HEAVY     179.1     14       0      0    0.00ms      MICE    1.0ms    256    15
  199.3       HEAVY       STABLE       HEAVY     197.8      8       0      0    0.00ms      MICE    1.0ms    256    15
  199.9       HEAVY       STABLE       HEAVY     188.2      8       0      0    0.00ms      MICE    1.0ms    256    15
  200.4       HEAVY       STABLE       HEAVY     189.0     12       0      0    0.00ms      MICE    1.0ms    256    15
  200.9       HEAVY       STABLE       HEAVY     163.5     17       0      0    0.00ms      MICE    1.0ms    256    15
  201.4       HEAVY       STABLE       HEAVY     174.9     10       0      0    0.00ms      MICE    1.0ms    256    15
  201.9       HEAVY       STABLE       HEAVY     153.2     11       0      0    0.00ms      MICE    1.0ms    256    15
  202.4       HEAVY       STABLE       HEAVY     167.3     13       0      0    0.00ms      MICE    1.0ms    256    15
  202.9       HEAVY       STABLE       HEAVY     189.3     13       0      0    0.00ms      MICE    1.0ms    256    15
  203.4       HEAVY       STABLE       HEAVY     173.2     15       0      0    0.00ms      MICE    1.0ms    256    15
  203.9       HEAVY       STABLE       HEAVY     162.5     12       0      0    0.00ms      MICE    1.0ms    256    15
  204.4       HEAVY       STABLE       HEAVY     184.5      7       0      0    0.00ms      MICE    1.0ms    256    15
  204.9       HEAVY       STABLE       HEAVY     191.1     11       0      0    0.00ms      MICE    1.0ms    256    15
  205.5       HEAVY       STABLE       HEAVY     199.8      9       0      0    0.00ms      MICE    1.0ms    256    15
  206.0       HEAVY       STABLE       HEAVY     189.1     12       0      0    0.00ms      MICE    1.0ms    256    15
  206.5       HEAVY       STABLE       HEAVY     171.2     14       0      0    0.00ms      MICE    1.0ms    256    15
  207.0       HEAVY       STABLE       HEAVY     177.1     14       0      0    0.00ms      MICE    1.0ms    256    15
  207.5       HEAVY       STABLE       HEAVY     183.8     11       0      0    0.00ms      MICE    1.0ms    256    15
  208.0       HEAVY       STABLE       HEAVY     174.8     13       0      0    0.00ms      MICE    1.0ms    256    15
  208.5       HEAVY       STABLE       HEAVY     169.3     14       0      0    0.00ms      MICE    1.0ms    256    15
  209.0       HEAVY       STABLE       HEAVY     163.0     10       0      0    0.00ms      MICE    1.0ms    256    15
  209.5       HEAVY       STABLE       HEAVY     162.2     12       0      0    0.00ms      MICE    1.0ms    256    15
  210.0       HEAVY       STABLE       HEAVY     156.9     14       0      0    0.00ms      MICE    1.0ms    256    15
  210.5       HEAVY       STABLE       HEAVY     175.9      4       0      0    0.00ms      MICE    1.0ms    256    15
  211.1       HEAVY       STABLE       HEAVY     160.1     13       0      0    0.00ms      MICE    1.0ms    256    15
  211.6       HEAVY       STABLE       HEAVY     186.8     12       0      0    0.00ms      MICE    1.0ms    256    15
  212.1       HEAVY       STABLE       HEAVY     175.2      7       0      0    0.00ms      MICE    1.0ms    256    15
  212.6       HEAVY       STABLE       HEAVY     167.1     13       0      0    0.00ms      MICE    1.0ms    256    15
  213.1       HEAVY       STABLE       HEAVY     165.2     10       0      0    0.00ms      MICE    1.0ms    256    15
  213.6       HEAVY       STABLE       HEAVY     168.9      5       0      0    0.00ms      MICE    1.0ms    256    15
  214.1       HEAVY       STABLE       HEAVY     159.8     10       0      0    0.00ms      MICE    1.0ms    256    15
  214.6       HEAVY       STABLE       HEAVY     170.8      8       0      0    0.00ms      MICE    1.0ms    256    15
  215.1       HEAVY       STABLE       HEAVY     159.5     11       0      0    0.00ms      MICE    1.0ms    256    15
  215.7       HEAVY       STABLE       HEAVY     226.0     11       0      0    0.00ms      MICE    1.0ms    256    15
  216.2       HEAVY       STABLE       HEAVY     200.1      7       0      0    0.00ms      MICE    1.0ms    256    15
  216.7       HEAVY       STABLE       HEAVY     170.8     10       0      0    0.00ms      MICE    1.0ms    256    15
  217.2       HEAVY       STABLE       HEAVY     169.1     13       0      0    0.00ms      MICE    1.0ms    256    15
  217.7       HEAVY       STABLE       HEAVY     188.4      8       0      0    0.00ms      MICE    1.0ms    256    15
  218.2       HEAVY       STABLE       HEAVY     173.5      9       0      0    0.00ms      MICE    1.0ms    256    15
  218.7       HEAVY       STABLE       HEAVY     181.9     10       0      0    0.00ms      MICE    1.0ms    256    15
  219.2       HEAVY       STABLE       HEAVY     169.2     11       0      0    0.00ms      MICE    1.0ms    256    15
  219.7       HEAVY       STABLE       HEAVY     195.1     15       0      0    0.00ms      MICE    1.0ms    256    15
  220.3       HEAVY       STABLE       HEAVY     173.7     13       0      0    0.00ms      MICE    1.0ms    256    15
  220.8       HEAVY       STABLE       HEAVY     181.6     12       0      0    0.00ms      MICE    1.0ms    256    15
  221.3       HEAVY       STABLE       HEAVY     163.3     13       0      0    0.00ms      MICE    1.0ms    256    15
  221.8       HEAVY       STABLE       HEAVY     160.7     11       0      0    0.00ms      MICE    1.0ms    256    15
  222.3       HEAVY       STABLE       HEAVY     170.8     12       0      0    0.00ms      MICE    1.0ms    256    15
  222.8       HEAVY       STABLE       HEAVY     178.1     17       0      0    0.00ms      MICE    1.0ms    256    15
  223.3       HEAVY       STABLE       HEAVY     185.7     14       0      0    0.00ms      MICE    1.0ms    256    15
  223.8       HEAVY       STABLE       HEAVY     191.1     15       0      0    0.00ms      MICE    1.0ms    256    15
  224.3       HEAVY       STABLE       HEAVY     174.6     12       0      0    0.00ms      MICE    1.0ms    256    15
  224.9       HEAVY       STABLE       HEAVY     190.8     13       0      0    0.00ms      MICE    1.0ms    256    15
  225.4       HEAVY       STABLE       HEAVY     187.6      8       0      0    0.00ms      MICE    1.0ms    256    15
  225.9       HEAVY       STABLE       HEAVY     171.3     15       0      0    0.00ms      MICE    1.0ms    256    15
  226.4       HEAVY       STABLE       HEAVY     182.3      8       0      0    0.00ms      MICE    1.0ms    256    15
  226.9       HEAVY       STABLE       HEAVY     189.7      9       0      0    0.00ms      MICE    1.0ms    256    15
  227.4       HEAVY       STABLE       HEAVY     157.7      9       0      0    0.00ms      MICE    1.0ms    256    15
  227.9       HEAVY       STABLE       HEAVY     210.9      7       0      0    0.00ms      MICE    1.0ms    256    15
  228.4       HEAVY       STABLE       HEAVY     180.1     13       0      0    0.00ms      MICE    1.0ms    256    15
  228.9       HEAVY       STABLE       HEAVY     152.7     17       0      0    0.00ms      MICE    1.0ms    256    15
  229.4       HEAVY       STABLE       HEAVY     187.1     14       0      0    0.00ms      MICE    1.0ms    256    15
  230.0       HEAVY       STABLE       HEAVY     186.9      9       0      0    0.00ms      MICE    1.0ms    256    15
  230.5       HEAVY       STABLE       HEAVY     181.7     13       0      0    0.00ms      MICE    1.0ms    256    15
  231.0       HEAVY       STABLE       HEAVY     175.3     14       0      0    0.00ms      MICE    1.0ms    256    15
  231.5       HEAVY       STABLE       HEAVY     202.1      9       0      0    0.00ms      MICE    1.0ms    256    15
  232.0       HEAVY       STABLE       HEAVY     177.9     11       0      0    0.00ms      MICE    1.0ms    256    15
  232.5       HEAVY       STABLE       HEAVY     204.7     11       0      0    0.00ms      MICE    1.0ms    256    15
  233.0       HEAVY       STABLE       HEAVY     173.5     11       0      0    0.00ms      MICE    1.0ms    256    15
  233.5       HEAVY       STABLE       HEAVY     173.1      9       0      0    0.00ms      MICE    1.0ms    256    15
  234.0       HEAVY       STABLE       HEAVY     189.2      8       0      0    0.00ms      MICE    1.0ms    256    15
  234.5       HEAVY       STABLE       HEAVY     179.2     13       0      0    0.00ms      MICE    1.0ms    256    15
  235.0       HEAVY       STABLE       HEAVY     193.2     14       0      0    0.00ms      MICE    1.0ms    256    15
  235.5       HEAVY       STABLE       HEAVY     176.2     12       0      0    0.00ms      MICE    1.0ms    256    15
  236.1       HEAVY       STABLE       HEAVY     197.0      3       0      0    0.00ms      MICE    1.0ms    256    15
  236.6       HEAVY       STABLE       HEAVY     169.3     12       0      0    0.00ms      MICE    1.0ms    256    15
  237.1       HEAVY       STABLE       HEAVY     179.2     15       0      0    0.00ms      MICE    1.0ms    256    15
  237.6       HEAVY       STABLE       HEAVY     194.2     11       0      0    0.00ms      MICE    1.0ms    256    15
  238.1       HEAVY       STABLE       HEAVY     183.2     11       0      0    0.00ms      MICE    1.0ms    256    15
  238.6       HEAVY       STABLE       HEAVY     169.6     10       0      0    0.00ms      MICE    1.0ms    256    15
  239.1       HEAVY       STABLE       HEAVY     163.5     14       0      0    0.00ms      MICE    1.0ms    256    15
  239.6       HEAVY       STABLE       HEAVY     214.5     12       0      0    0.00ms      MICE    1.0ms    256    15
  240.1       HEAVY       STABLE       HEAVY     175.4     15       0      0    0.00ms      MICE    1.0ms    256    15
  240.6       HEAVY       STABLE       HEAVY     175.2     13       0      0    0.00ms      MICE    1.0ms    256    15
  241.2       HEAVY       STABLE       HEAVY     175.4      8       0      0    0.00ms      MICE    1.0ms    256    15
  241.7       HEAVY       STABLE       HEAVY     167.5     11       0      0    0.00ms      MICE    1.0ms    256    15
  242.2       HEAVY       STABLE       HEAVY     173.5     10       0      0    0.00ms      MICE    1.0ms    256    15
  242.7       HEAVY       STABLE       HEAVY     210.1     12       0      0    0.00ms      MICE    1.0ms    256    15
  243.2       HEAVY       STABLE       HEAVY     167.7     11       0      0    0.00ms      MICE    1.0ms    256    15
  243.7       HEAVY       STABLE       HEAVY     165.3     15       0      0    0.00ms      MICE    1.0ms    256    15
  244.2       HEAVY       STABLE       HEAVY     165.5     14       0      0    0.00ms      MICE    1.0ms    256    15
  244.7       HEAVY       STABLE       HEAVY     200.9     13       0      0    0.00ms      MICE    1.0ms    256    15
  245.2       HEAVY       STABLE       HEAVY     153.3     12       0      0    0.00ms      MICE    1.0ms    256    15
  245.7       HEAVY       STABLE       HEAVY     193.7     11       0      0    0.00ms      MICE    1.0ms    256    15
  246.2       HEAVY       STABLE       HEAVY     175.5     13       0      0    0.00ms      MICE    1.0ms    256    15
  246.7       HEAVY       STABLE       HEAVY     183.8     12       0      0    0.00ms      MICE    1.0ms    256    15
  247.3       HEAVY       STABLE       HEAVY     171.1     12       0      0    0.00ms      MICE    1.0ms    256    15
  247.8       HEAVY       STABLE       HEAVY     183.5     15       0      0    0.00ms      MICE    1.0ms    256    15
  248.3       HEAVY       STABLE       HEAVY     163.7     14       0      0    0.00ms      MICE    1.0ms    256    15
  248.8       HEAVY       STABLE       HEAVY     183.1     11       0      0    0.00ms      MICE    1.0ms    256    15
  249.3       HEAVY       STABLE       HEAVY     201.7      9       0      0    0.00ms      MICE    1.0ms    256    15
  249.8       HEAVY       STABLE       HEAVY     165.5      8       0      0    0.00ms      MICE    1.0ms    256    15
  250.3       HEAVY       STABLE       HEAVY     196.3      9       0      0    0.00ms      MICE    1.0ms    256    15
  250.8       HEAVY       STABLE       HEAVY     167.3     12       0      0    0.00ms      MICE    1.0ms    256    15
  251.3       HEAVY       STABLE       HEAVY     169.5     11       0      0    0.00ms      MICE    1.0ms    256    15
  251.8       HEAVY       STABLE       HEAVY     185.3     11       0      0    0.00ms      MICE    1.0ms    256    15
  252.3       HEAVY       STABLE       HEAVY     179.2     11       0      0    0.00ms      MICE    1.0ms    256    15
  252.8       HEAVY       STABLE       HEAVY     166.5     10       0      0    0.00ms      MICE    1.0ms    256    15
  253.4       HEAVY       STABLE       HEAVY     164.6     11       0      0    0.00ms      MICE    1.0ms    256    15
  253.9       HEAVY       STABLE       HEAVY     155.5     15       0      0    0.00ms      MICE    1.0ms    256    15
  254.4       HEAVY       STABLE       HEAVY     187.2     12       0      0    0.00ms      MICE    1.0ms    256    15
  254.9       HEAVY       STABLE       HEAVY     162.7     13       0      0    0.00ms      MICE    1.0ms    256    15
  255.4       HEAVY       STABLE       HEAVY     176.7     11       0      0    0.00ms      MICE    1.0ms    256    15
  255.9       HEAVY       STABLE       HEAVY     175.1     17       0      0    0.00ms      MICE    1.0ms    256    15
  256.4       HEAVY       STABLE       HEAVY     167.0     14       0      0    0.00ms      MICE    1.0ms    256    15
  256.9       HEAVY       STABLE       HEAVY     185.0      6       0      0    0.00ms      MICE    1.0ms    256    15
  257.4       HEAVY       STABLE       HEAVY     175.3      9       0      0    0.00ms      MICE    1.0ms    256    15
  257.9       HEAVY       STABLE       HEAVY     172.0     13       0      0    0.00ms      MICE    1.0ms    256    15
  258.5       HEAVY       STABLE       HEAVY     182.9      9       0      0    0.00ms      MICE    1.0ms    256    15
  259.0       HEAVY       STABLE       HEAVY     171.0     11       0      0    0.00ms      MICE    1.0ms    256    15
  259.5       HEAVY       STABLE       HEAVY     194.9      7       0      0    0.00ms      MICE    1.0ms    256    15
  260.0       HEAVY       STABLE       HEAVY     166.5      8       0      0    0.00ms      MICE    1.0ms    256    15
  260.5       HEAVY       STABLE       HEAVY     143.2     12       0      0    0.00ms      MICE    1.0ms    256    15
  261.0       HEAVY       STABLE       HEAVY     173.5     10       0      0    0.00ms      MICE    1.0ms    256    15
  261.5       HEAVY       STABLE       HEAVY     157.4     14       0      0    0.00ms      MICE    1.0ms    256    15
  262.0       HEAVY       STABLE       HEAVY     171.1     11       0      0    0.00ms      MICE    1.0ms    256    15
  262.5       HEAVY       STABLE       HEAVY     157.0     11       0      0    0.00ms      MICE    1.0ms    256    15
  263.0       HEAVY       STABLE       HEAVY     160.9     10       0      0    0.00ms      MICE    1.0ms    256    15
  263.6       HEAVY       STABLE       HEAVY     179.9     11       0      0    0.00ms      MICE    1.0ms    256    15
  264.1       HEAVY       STABLE       HEAVY     195.0     10       0      0    0.00ms      MICE    1.0ms    256    15
  264.6       HEAVY       STABLE       HEAVY     187.1     13       0      0    0.00ms      MICE    1.0ms    256    15
  265.1       HEAVY       STABLE       HEAVY     163.3     12       0      0    0.00ms      MICE    1.0ms    256    15
  265.6       HEAVY       STABLE       HEAVY     177.9     13       0      0    0.00ms      MICE    1.0ms    256    15
  266.1       HEAVY       STABLE       HEAVY     169.2     11       0      0    0.00ms      MICE    1.0ms    256    15
  266.6       HEAVY       STABLE       HEAVY     189.0     12       0      0    0.00ms      MICE    1.0ms    256    15
  267.1       HEAVY       STABLE       HEAVY     163.4     15       0      0    0.00ms      MICE    1.0ms    256    15
  267.6       HEAVY       STABLE       HEAVY     178.7      9       0      0    0.00ms      MICE    1.0ms    256    15
  268.1       HEAVY       STABLE       HEAVY     196.8      7       0      0    0.00ms      MICE    1.0ms    256    15
  268.6       HEAVY       STABLE       HEAVY     175.1      7       0      0    0.00ms      MICE    1.0ms    256    15
  269.2       HEAVY       STABLE       HEAVY     154.5     14       0      0    0.00ms      MICE    1.0ms    256    15
  269.7       HEAVY       STABLE       HEAVY     181.0     12       0      0    0.00ms      MICE    1.0ms    256    15
  270.2       HEAVY       STABLE       HEAVY     166.9     10       0      0    0.00ms      MICE    1.0ms    256    15
  270.7       HEAVY       STABLE       HEAVY     171.5     10       0      0    0.00ms      MICE    1.0ms    256    15
  271.2       HEAVY       STABLE       HEAVY     182.8     10       0      0    0.00ms      MICE    1.0ms    256    15
  271.7       HEAVY       STABLE       HEAVY     163.2     10       0      0    0.00ms      MICE    1.0ms    256    15
  272.2       HEAVY       STABLE       HEAVY     179.2     10       0      0    0.00ms      MICE    1.0ms    256    15
  272.7       HEAVY       STABLE       HEAVY     167.1     15       0      0    0.00ms      MICE    1.0ms    256    15
  273.2       HEAVY       STABLE       HEAVY     174.2     10       0      0    0.00ms      MICE    1.0ms    256    15
  273.7       HEAVY       STABLE       HEAVY     190.5     12       0      0    0.00ms      MICE    1.0ms    256    15
  274.2       HEAVY       STABLE       HEAVY     160.0     15       0      0    0.00ms      MICE    1.0ms    256    15
  274.8       HEAVY       STABLE       HEAVY     177.0     11       0      0    0.00ms      MICE    1.0ms    256    15
  275.3       HEAVY       STABLE       HEAVY     169.3     13       0      0    0.00ms      MICE    1.0ms    256    15
  275.8       HEAVY       STABLE       HEAVY     157.8     12       0      0    0.00ms      MICE    1.0ms    256    15
  276.3       HEAVY       STABLE       HEAVY     173.6     15       0      0    0.00ms      MICE    1.0ms    256    15
  276.8       HEAVY       STABLE       HEAVY     175.3      8       0      0    0.00ms      MICE    1.0ms    256    15
  277.3       HEAVY       STABLE       HEAVY     169.5      8       0      0    0.00ms      MICE    1.0ms    256    15
  277.8       HEAVY       STABLE       HEAVY     191.0     12       0      0    0.00ms      MICE    1.0ms    256    15
  278.3       HEAVY       STABLE       HEAVY     155.8     12       0      0    0.00ms      MICE    1.0ms    256    15
  278.8       HEAVY       STABLE       HEAVY     157.7     14       0      0    0.00ms      MICE    1.0ms    256    15
  279.3       HEAVY       STABLE       HEAVY     173.2     11       0      0    0.00ms      MICE    1.0ms    256    15
  279.8       HEAVY       STABLE       HEAVY     169.5     13       0      0    0.00ms      MICE    1.0ms    256    15
  280.4       HEAVY       STABLE       HEAVY     173.3     11       0      0    0.00ms      MICE    1.0ms    256    15
  280.9       HEAVY       STABLE       HEAVY     181.1      4       0      0    0.00ms      MICE    1.0ms    256    15
  281.4       HEAVY       STABLE       HEAVY     183.1     13       0      0    0.00ms      MICE    1.0ms    256    15
  281.9       HEAVY       STABLE       HEAVY     192.3      9       0      0    0.00ms      MICE    1.0ms    256    15
  282.4       HEAVY       STABLE       HEAVY     186.5      5       0      0    0.00ms      MICE    1.0ms    256    15
  282.9       HEAVY       STABLE       HEAVY     161.1      8       0      0    0.00ms      MICE    1.0ms    256    15
  283.4       HEAVY       STABLE       HEAVY     175.3     12       0      0    0.00ms      MICE    1.0ms    256    15
  283.9       HEAVY       STABLE       HEAVY     179.3     14       0      0    0.00ms      MICE    1.0ms    256    15
  284.4       HEAVY       STABLE       HEAVY     181.0     13       0      0    0.00ms      MICE    1.0ms    256    15
  284.9       HEAVY       STABLE       HEAVY     153.4     11       0      0    0.00ms      MICE    1.0ms    256    15
  285.4       HEAVY       STABLE       HEAVY     189.3     13       0      0    0.00ms      MICE    1.0ms    256    15
  285.9       HEAVY       STABLE       HEAVY     167.7     14       0      0    0.00ms      MICE    1.0ms    256    15
  286.4       HEAVY       STABLE       HEAVY     192.7      9       0      0    0.00ms      MICE    1.0ms    256    15
  287.0       HEAVY       STABLE       HEAVY     167.1     12       0      0    0.00ms      MICE    1.0ms    256    15
  287.5       HEAVY       STABLE       HEAVY     169.5     10       0      0    0.00ms      MICE    1.0ms    256    15
  288.0       HEAVY       STABLE       HEAVY     205.0      7       0      0    0.00ms      MICE    1.0ms    256    15
  288.5       HEAVY       STABLE       HEAVY     175.4     17       0      0    0.00ms      MICE    1.0ms    256    15
  289.0       HEAVY       STABLE       HEAVY     199.1     11       0      0    0.00ms      MICE    1.0ms    256    15
  289.5       HEAVY       STABLE       HEAVY     198.8      8       0      0    0.00ms      MICE    1.0ms    256    15
  290.0       HEAVY       STABLE       HEAVY     194.6     11       0      0    0.00ms      MICE    1.0ms    256    15
  290.5       HEAVY       STABLE       HEAVY     187.8     10       0      0    0.00ms      MICE    1.0ms    256    15
  291.0       HEAVY       STABLE       HEAVY     159.5      8       0      0    0.00ms      MICE    1.0ms    256    15
  291.5       HEAVY       STABLE       HEAVY     188.7      8       0      0    0.00ms      MICE    1.0ms    256    15
  292.0       HEAVY       STABLE       HEAVY     175.1     13       0      0    0.00ms      MICE    1.0ms    256    15
  292.5       HEAVY       STABLE       HEAVY     198.3     10       0      0    0.00ms      MICE    1.0ms    256    15
  293.1       HEAVY       STABLE       HEAVY     174.3      8       0      0    0.00ms      MICE    1.0ms    256    15
  293.6       HEAVY       STABLE       HEAVY     187.2     13       0      0    0.00ms      MICE    1.0ms    256    15
  294.1       HEAVY       STABLE       HEAVY     171.3     15       0      0    0.00ms      MICE    1.0ms    256    15
  294.6       HEAVY       STABLE       HEAVY     183.3     12       0      0    0.00ms      MICE    1.0ms    256    15
  295.1       HEAVY       STABLE       HEAVY     157.7     11       0      0    0.00ms      MICE    1.0ms    256    15
  295.6       HEAVY       STABLE       HEAVY     187.1      8       0      0    0.00ms      MICE    1.0ms    256    15
  296.1       HEAVY       STABLE       HEAVY     165.5     12       0      0    0.00ms      MICE    1.0ms    256    15
  296.6       HEAVY       STABLE       HEAVY     175.4     14       0      0    0.00ms      MICE    1.0ms    256    15
  297.1       HEAVY       STABLE       HEAVY     165.7     13       0      0    0.00ms      MICE    1.0ms    256    15
  297.6       HEAVY       STABLE       HEAVY     173.5     12       0      0    0.00ms      MICE    1.0ms    256    15
  298.1       HEAVY       STABLE       HEAVY     185.5      9       0      0    0.00ms      MICE    1.0ms    256    15
  298.6       HEAVY       STABLE       HEAVY     181.6     16       0      0    0.00ms      MICE    1.0ms    256    15
  299.1       HEAVY       STABLE       HEAVY     169.0     11       0      0    0.00ms      MICE    1.0ms    256    15
  299.7       HEAVY       STABLE       HEAVY     168.7     13       0      0    0.00ms      MICE    1.0ms    256    15
  300.2       HEAVY       STABLE       HEAVY     165.5     10       0      0    0.00ms      MICE    1.0ms    256    15
  300.7       HEAVY       STABLE       HEAVY     159.3      9       0      0    0.00ms      MICE    1.0ms    256    15
  301.2       HEAVY       STABLE       HEAVY     174.1     12       0      0    0.00ms      MICE    1.0ms    256    15
  301.7       HEAVY       STABLE       HEAVY     171.3     11       0      0    0.00ms      MICE    1.0ms    256    15
  302.2       HEAVY       STABLE       HEAVY     165.3     12       0      0    0.00ms      MICE    1.0ms    256    15
  302.7       HEAVY       STABLE       HEAVY      60.7      0       0      0    0.00ms      MICE    1.0ms    256    15
[eBPF] Detached from ns_router/veth_rs

Done — 594 ticks, 15 adj | mode: eBPF (clang+tc+bpftool)
Run: python3 plot_acape.py
