========================================================================
  Adaptive RED Controller  —  Floyd, Gummadi & Shenker (ICSI 2001)
  ns=ns_router  iface=veth_rs  duration=120s
  min_th=20  max_th=300  max_p=0.5
  W_Q=0.002  alpha=0.01  beta=0.9
========================================================================
  NOTE: Adaptive RED adapts max_p (drop prob) mapped to target/limit
  It does NOT use gradient prediction, eBPF, or workload profiles
========================================================================
  t(s)    avg_q       dr/s      bl    tput   max_p   target  limit   adj
────────────────────────────────────────────────────────────────────────
   0.0      0.0      105.2      17   10.00   0.045    4.6ms    954     1
   0.5      0.1      166.0      11   10.01   0.040    4.6ms    954     1
   1.0      0.1      184.8       9    9.99   0.035    4.7ms    970     2
   1.5      0.1      173.9      10   10.00   0.030    4.7ms    970     2
   2.0      0.1      178.9      15    9.99   0.025    4.7ms    970     2
   2.5      0.1      192.8       8   10.01   0.020    4.8ms    993     3
   3.0      0.2      130.6      12    9.99   0.015    4.8ms    993     3
   3.5      0.2      157.0      16   10.01   0.010    4.8ms    993     3
   4.0      0.2      168.9       9    9.99   0.010    4.8ms    993     3
   4.5      0.2      162.9      10   10.01   0.010    4.8ms    993     3
   5.0      0.3      152.9      11    9.98   0.010    4.8ms    993     3
   5.5      0.3      176.9      13    9.99   0.010    4.8ms    993     3
   6.0      0.3      178.9      14   10.02   0.010    4.8ms    993     3
   6.5      0.3      160.9      13   10.01   0.010    4.8ms    993     3
   7.1      0.4      161.0      17    9.99   0.010    4.8ms    993     3
   7.6      0.4      133.2      12   10.00   0.010    4.8ms    993     3
   8.1      0.4      180.8       8    9.99   0.010    4.8ms    993     3
   8.6      0.4      159.0       9   10.01   0.010    4.8ms    993     3
   9.1      0.5      143.0      16    9.99   0.010    4.8ms    993     3
   9.6      0.5      167.0       7   10.01   0.010    4.8ms    993     3
  10.1      0.5      147.0      14   10.01   0.010    4.8ms    993     3
  10.6      0.5      165.0      13    9.99   0.010    4.8ms    993     3
  11.1      0.5      143.1      13    9.99   0.010    4.8ms    993     3
  11.6      0.6      171.0      16    9.97   0.010    4.8ms    993     3
  12.1      0.6      139.1      10   10.04   0.010    4.8ms    993     3
  12.6      0.6      167.0       7    9.99   0.010    4.8ms    993     3
  13.1      0.6      167.1      12   10.00   0.010    4.8ms    993     3
  13.6      0.7      165.1      12   10.02   0.010    4.8ms    993     3
  14.1      0.7      135.2      13   10.00   0.010    4.8ms    993     3
  14.6      0.7      145.1      15    9.99   0.010    4.8ms    993     3
  15.1      0.7      172.7       8   10.00   0.010    4.8ms    993     3
  15.6      0.7      153.0      14    9.99   0.010    4.8ms    993     3
  16.1      0.8      168.9      11   10.01   0.010    4.8ms    993     3
  16.6      0.8      141.1      14    9.99   0.010    4.8ms    993     3
  17.1      0.8      175.0       8   10.00   0.010    4.8ms    993     3
  17.6      0.8      153.0      13    9.99   0.010    4.8ms    993     3
  18.1      0.9      161.1      20   10.02   0.010    4.8ms    993     3
  18.6      0.9      173.0      12    9.99   0.010    4.8ms    993     3
  19.1      0.9      194.8      10   10.02   0.010    4.8ms    993     3
  19.6      0.9      147.0      15    9.99   0.010    4.8ms    993     3
  20.1      1.0      152.9      15   10.00   0.010    4.8ms    993     3
  20.6      1.0      145.1      11   10.02   0.010    4.8ms    993     3
  21.1      1.0      179.0      12   10.00   0.010    4.8ms    993     3
  21.6      1.0      159.0      11    9.99   0.010    4.8ms    993     3
  22.1      1.1      153.0      13   10.01   0.010    4.8ms    993     3
  22.6      1.1      163.1      12   10.00   0.010    4.8ms    993     3
  23.2      1.1      147.1      12    9.99   0.010    4.8ms    993     3
  23.7      1.1      151.1      15   10.00   0.010    4.8ms    993     3
  24.2      1.1      180.9      11   10.01   0.010    4.8ms    993     3
  24.7      1.2      149.0      10    9.99   0.010    4.8ms    993     3
  25.2      1.2      145.2      15   10.00   0.010    4.8ms    993     3
  25.7      1.2      159.0      12   10.01   0.010    4.8ms    993     3
  26.2      1.2      161.1      11    9.99   0.010    4.8ms    993     3
  26.7      1.3      157.1      15   10.00   0.010    4.8ms    993     3
  27.2      1.3      167.0      10    9.99   0.010    4.8ms    993     3
  27.7      1.3      160.9      12   10.01   0.010    4.8ms    993     3
  28.2      1.3      169.1       7   10.00   0.010    4.8ms    993     3
  28.7      1.3      147.1      12    9.99   0.010    4.8ms    993     3
  29.2      1.4      176.9      16   10.01   0.010    4.8ms    993     3
  29.7      1.4      176.9      10    9.99   0.010    4.8ms    993     3
  30.2      1.4      137.1      11   10.01   0.010    4.8ms    993     3
  30.7      1.4      169.1      12   10.00   0.010    4.8ms    993     3
  31.2      1.4      170.9      13    9.99   0.010    4.8ms    993     3
  31.7      1.5      165.0      13   10.01   0.010    4.8ms    993     3
  32.2      1.5      146.9      10   10.00   0.010    4.8ms    993     3
  32.7      1.5      150.9      12    9.96   0.010    4.8ms    993     3
  33.2      1.5      168.8       9   10.03   0.010    4.8ms    993     3
  33.7      1.5      139.1      15   10.01   0.010    4.8ms    993     3
  34.2      1.6      141.2      16    9.99   0.010    4.8ms    993     3
  34.7      1.6      170.8       9    9.96   0.010    4.8ms    993     3
  35.2      1.6      153.0      12   10.04   0.010    4.8ms    993     3
  35.7      1.6      155.0      13    9.99   0.010    4.8ms    993     3
  36.2      1.7      135.2      17   10.02   0.010    4.8ms    993     3
  36.7      1.7      184.9      11    9.99   0.010    4.8ms    993     3
  37.2      1.7      188.8      10    9.99   0.010    4.8ms    993     3
  37.7      1.7      149.1      14   10.02   0.010    4.8ms    993     3
  38.2      1.7      151.0      14    9.99   0.010    4.8ms    993     3
  38.7      1.8      157.1      13   10.00   0.010    4.8ms    993     3
  39.3      1.8      169.0      13    9.99   0.010    4.8ms    993     3
  39.8      1.8      163.0      13   10.02   0.010    4.8ms    993     3
  40.3      1.8      155.1      17    9.99   0.010    4.8ms    993     3
  40.8      1.9      160.9      13   10.01   0.010    4.8ms    993     3
  41.3      1.9      172.9      10    9.99   0.010    4.8ms    993     3
  41.8      1.9      161.0      13    9.99   0.010    4.8ms    993     3
  42.3      1.9      176.9      11    9.99   0.010    4.8ms    993     3
  42.8      1.9      151.1      11   10.02   0.010    4.8ms    993     3
  43.3      2.0      165.0      19    9.99   0.010    4.8ms    993     3
  43.8      2.0      150.8       8   10.00   0.010    4.8ms    993     3
  44.3      2.0      149.1      12    9.99   0.010    4.8ms    993     3
  44.8      2.0      161.0      12   10.01   0.010    4.8ms    993     3
  45.3      2.0      172.9      10    9.99   0.010    4.8ms    993     3
  45.8      2.1      161.0      12   10.01   0.010    4.8ms    993     3
  46.3      2.1      145.1      13    9.99   0.010    4.8ms    993     3
  46.8      2.1      137.1      18   10.01   0.010    4.8ms    993     3
  47.3      2.1      170.9      13    9.99   0.010    4.8ms    993     3
  47.8      2.2      168.9      12    9.99   0.010    4.8ms    993     3
  48.3      2.2      152.9      15   10.01   0.010    4.8ms    993     3
  48.8      2.2      180.9      13    9.99   0.010    4.8ms    993     3
  49.3      2.2      163.0      13    9.99   0.010    4.8ms    993     3
  49.8      2.3      153.1      15   10.02   0.010    4.8ms    993     3
  50.3      2.3      168.9      13    9.99   0.010    4.8ms    993     3
  50.8      2.3      161.1      17   10.02   0.010    4.8ms    993     3
  51.3      2.3      180.8      11    9.96   0.010    4.8ms    993     3
  51.8      2.3      157.0      12   10.01   0.010    4.8ms    993     3
  52.3      2.4      153.1      14   10.02   0.010    4.8ms    993     3
  52.8      2.4      161.0      18    9.99   0.010    4.8ms    993     3
  53.3      2.4      168.7      18    9.98   0.010    4.8ms    993     3
  53.8      2.4      166.9       9    9.99   0.010    4.8ms    993     3
  54.3      2.5      157.0      12   10.04   0.010    4.8ms    993     3
  54.9      2.5      145.2      10   10.00   0.010    4.8ms    993     3
  55.4      2.5      156.9      16   10.01   0.010    4.8ms    993     3
  55.9      2.5      142.9      13   10.00   0.010    4.8ms    993     3
  56.4      2.5      155.0      12    9.99   0.010    4.8ms    993     3
  56.9      2.6      167.0      15   10.02   0.010    4.8ms    993     3
  57.4      2.6      166.8      13    9.98   0.010    4.8ms    993     3
  57.9      2.6      149.0      12    9.99   0.010    4.8ms    993     3
  58.4      2.6      173.0      13   10.02   0.010    4.8ms    993     3
  58.9      2.6      161.0      14    9.99   0.010    4.8ms    993     3
  59.4      2.7      174.9       9   10.01   0.010    4.8ms    993     3
  59.9      2.7      159.0       9    9.99   0.010    4.8ms    993     3
  60.4      2.7      160.9      13   10.01   0.010    4.8ms    993     3
  60.9      2.7      171.0      11    9.99   0.010    4.8ms    993     3
  61.4      2.7      155.0      14    9.99   0.010    4.8ms    993     3
  61.9      2.8      170.9      13   10.01   0.010    4.8ms    993     3
  62.4      2.8      153.0      12    9.97   0.010    4.8ms    993     3
  62.9      2.8      156.9      14   10.03   0.010    4.8ms    993     3
  63.4      2.8      160.8      12   10.00   0.010    4.8ms    993     3
  63.9      2.8      157.0      15    9.99   0.010    4.8ms    993     3
  64.4      2.9      169.0      12   10.00   0.010    4.8ms    993     3
  64.9      2.9      155.1      17   10.02   0.010    4.8ms    993     3
  65.4      2.9      179.0      14   10.00   0.010    4.8ms    993     3
  65.9      2.9      129.1      12    9.96   0.010    4.8ms    993     3
  66.4      3.0      137.1      18   10.04   0.010    4.8ms    993     3
  66.9      3.0      168.8      12   10.01   0.010    4.8ms    993     3
  67.4      3.0      129.2      10    9.99   0.010    4.8ms    993     3
  67.9      3.0      166.9      10   10.01   0.010    4.8ms    993     3
  68.4      3.0      153.0      13    9.99   0.010    4.8ms    993     3
  68.9      3.0      186.7      13   10.01   0.010    4.8ms    993     3
  69.4      3.1      168.8      13    9.98   0.010    4.8ms    993     3
  69.9      3.1      158.9      19   10.00   0.010    4.8ms    993     3
  70.5      3.1      154.8      15   10.00   0.010    4.8ms    993     3
  71.0      3.1      172.9       6   10.01   0.010    4.8ms    993     3
  71.5      3.1      129.2       0    9.99   0.010    4.8ms    993     3
  72.0      3.1      168.8      10   10.01   0.010    4.8ms    993     3
  72.5      3.1      143.1      12    9.99   0.010    4.8ms    993     3
  73.0      3.2      174.8      13   10.01   0.010    4.8ms    993     3
  73.5      3.2      164.8      16   10.01   0.010    4.8ms    993     3
  74.0      3.2      172.8      11    9.98   0.010    4.8ms    993     3
  74.5      3.2      154.9      14   10.01   0.010    4.8ms    993     3
  75.0      3.2      172.8       9    9.98   0.010    4.8ms    993     3
  75.5      3.3      129.2      15   10.01   0.010    4.8ms    993     3
  76.0      3.3      170.9      10    9.99   0.010    4.8ms    993     3
  76.5      3.3      149.0       8   10.01   0.010    4.8ms    993     3
  77.0      3.3      150.8      11   10.00   0.010    4.8ms    993     3
  77.5      3.3      147.0      12    9.99   0.010    4.8ms    993     3
  78.0      3.3      147.0      12   10.01   0.010    4.8ms    993     3
  78.5      3.4      180.8      12    9.99   0.010    4.8ms    993     3
  79.0      3.4      174.8      11   10.01   0.010    4.8ms    993     3
  79.5      3.4      147.1      15    9.99   0.010    4.8ms    993     3
  80.0      3.4      170.8      12   10.01   0.010    4.8ms    993     3
  80.5      3.4      153.1      16    9.99   0.010    4.8ms    993     3
  81.0      3.5      169.0      13   10.02   0.010    4.8ms    993     3
  81.5      3.5      149.1      12    9.99   0.010    4.8ms    993     3
  82.0      3.5      166.9      13   10.01   0.010    4.8ms    993     3
  82.5      3.5      170.9      14    9.99   0.010    4.8ms    993     3
  83.0      3.5      143.1      14   10.01   0.010    4.8ms    993     3
  83.5      3.6      149.0      14    9.99   0.010    4.8ms    993     3
  84.0      3.6      172.8      16   10.01   0.010    4.8ms    993     3
  84.5      3.6      162.8      13   10.01   0.010    4.8ms    993     3
  85.0      3.6      145.1      15    9.99   0.010    4.8ms    993     3
  85.6      3.6      158.9      14   10.01   0.010    4.8ms    993     3
  86.1      3.7      143.1       9    9.99   0.010    4.8ms    993     3
  86.6      3.7      155.0      13    9.99   0.010    4.8ms    993     3
  87.1      3.7      152.9      14   10.01   0.010    4.8ms    993     3
  87.6      3.7      159.0      17    9.99   0.010    4.8ms    993     3
  88.1      3.7      154.9      16   10.01   0.010    4.8ms    993     3
  88.6      3.8      173.0      16   10.02   0.010    4.8ms    993     3
  89.1      3.8      178.9      11    9.99   0.010    4.8ms    993     3
  89.6      3.8      146.9       0    9.98   0.010    4.8ms    993     3
  90.1      3.8      184.8       7    9.99   0.010    4.8ms    993     3
  90.6      3.8      149.1       8   10.04   0.010    4.8ms    993     3
  91.1      3.8      147.1      12    9.99   0.010    4.8ms    993     3
  91.6      3.8      151.0      16   10.01   0.010    4.8ms    993     3
  92.1      3.8      176.9      12    9.96   0.010    4.8ms    993     3
  92.6      3.9      160.9      13   10.03   0.010    4.8ms    993     3
  93.1      3.9      162.9      11    9.99   0.010    4.8ms    993     3
  93.6      3.9      153.0      10   10.01   0.010    4.8ms    993     3
  94.1      3.9      176.9      10    9.99   0.010    4.8ms    993     3
  94.6      3.9      145.1       9    9.99   0.010    4.8ms    993     3
  95.1      3.9      154.9      15   10.00   0.010    4.8ms    993     3
  95.6      4.0      157.0      17   10.01   0.010    4.8ms    993     3
  96.1      4.0      164.9      13    9.99   0.010    4.8ms    993     3
  96.6      4.0      135.1      13   10.01   0.010    4.8ms    993     3
  97.1      4.0      160.9      13    9.99   0.010    4.8ms    993     3
  97.6      4.0      170.9      10    9.99   0.010    4.8ms    993     3
  98.1      4.0      135.1      10   10.01   0.010    4.8ms    993     3
  98.6      4.1      150.9      12   10.01   0.010    4.8ms    993     3
  99.1      4.1      168.9      16    9.99   0.010    4.8ms    993     3
  99.6      4.1      121.2       9   10.01   0.010    4.8ms    993     3
 100.1      4.1      169.0      11    9.97   0.010    4.8ms    993     3
 100.6      4.1      178.9      11   10.04   0.010    4.8ms    993     3
 101.2      4.1      143.1      13    9.97   0.010    4.8ms    993     3
 101.7      4.1      158.8      10   10.03   0.010    4.8ms    993     3
 102.2      4.2      159.0      13    9.99   0.010    4.8ms    993     3
 102.7      4.2      170.9       7   10.01   0.010    4.8ms    993     3
 103.2      4.2      146.9      16   10.00   0.010    4.8ms    993     3
 103.7      4.2      158.9       0    9.98   0.010    4.8ms    993     3
 104.2      4.2      174.9      10   10.01   0.010    4.8ms    993     3
 104.7      4.2      158.9       9    9.99   0.010    4.8ms    993     3
 105.2      4.2      157.1      12   10.02   0.010    4.8ms    993     3
 105.7      4.2      165.0      13    9.97   0.010    4.8ms    993     3
 106.2      4.3      131.1      14   10.04   0.010    4.8ms    993     3
 106.7      4.3      148.9      12    9.98   0.010    4.8ms    993     3
 107.2      4.3      176.9      13   10.01   0.010    4.8ms    993     3
 107.7      4.3      169.0      15   10.00   0.010    4.8ms    993     3
 108.2      4.3      168.9      11   10.01   0.010    4.8ms    993     3
 108.7      4.3      170.9       8    9.99   0.010    4.8ms    993     3
 109.2      4.4      165.0      13    9.99   0.010    4.8ms    993     3
 109.7      4.4      157.1      15   10.02   0.010    4.8ms    993     3
 110.2      4.4      151.1      15    9.97   0.010    4.8ms    993     3
 110.7      4.4      137.1      15   10.01   0.010    4.8ms    993     3
 111.2      4.4      157.1      10    9.99   0.010    4.8ms    993     3
 111.7      4.4      178.9      12   10.02   0.010    4.8ms    993     3
 112.2      4.5      137.2      10    9.99   0.010    4.8ms    993     3
 112.7      4.5      143.1      11   10.02   0.010    4.8ms    993     3
 113.2      4.5      165.0      15    9.99   0.010    4.8ms    993     3
 113.7      4.5      149.0      15    9.99   0.010    4.8ms    993     3
 114.2      4.5      153.1      10   10.02   0.010    4.8ms    993     3
 114.7      4.5      159.0       8    9.99   0.010    4.8ms    993     3
 115.2      4.5      158.9      12   10.01   0.010    4.8ms    993     3
 115.7      4.6      147.1      16    9.97   0.010    4.8ms    993     3
 116.2      4.6      164.9      13    9.99   0.010    4.8ms    993     3
 116.8      4.6      169.1      14   10.03   0.010    4.8ms    993     3
 117.3      4.6      161.0      18   10.02   0.010    4.8ms    993     3
 117.8      4.6      151.1      14    9.99   0.010    4.8ms    993     3
 118.3      4.7      163.0      15    9.99   0.010    4.8ms    993     3
 118.8      4.7      145.1      14   10.02   0.010    4.8ms    993     3
 119.3      4.7      172.9      14    9.99   0.010    4.8ms    993     3
 119.8      4.7      184.7      13   10.01   0.010    4.8ms    993     3

========================================================================
  Done — 3 adjustments in 120s
  Metrics : /home/ammu/ccn-linux-qdisc-study/logs/ared_metrics_20260408_000819.csv
  Adj log : /home/ammu/ccn-linux-qdisc-study/logs/ared_adj_20260408_000819.csv

  Now run: python3 scripts/plot_comparison.py --logdir logs/
