========================================================================
  Adaptive RED Controller  —  Floyd, Gummadi & Shenker (ICSI 2001)
  ns=ns_router  iface=veth_rs  duration=630s
  min_th=20  max_th=300  max_p=0.5
  W_Q=0.002  alpha=0.01  beta=0.9
========================================================================
  NOTE: Adaptive RED adapts max_p (drop prob) mapped to target/limit
  It does NOT use gradient prediction, eBPF, or workload profiles
========================================================================
  t(s)    avg_q       dr/s      bl    tput   max_p   target  limit   adj
────────────────────────────────────────────────────────────────────────
   0.0      0.0       94.6      12    9.98   0.045    4.6ms    954     1
   0.5      0.0      154.0      13   10.04   0.040    4.6ms    954     1
   1.0      0.1      144.0      13    9.99   0.035    4.7ms    970     2
   1.5      0.1      172.0      15   10.02   0.030    4.7ms    970     2
   2.0      0.1      136.1      13    9.99   0.025    4.7ms    970     2
   2.5      0.2      177.0      15   10.01   0.020    4.8ms    993     3
   3.1      0.2      136.3      10   10.00   0.015    4.8ms    993     3
   3.6      0.2      130.2      16    9.98   0.010    4.8ms    993     3
   4.1      0.2      144.2      12   10.02   0.010    4.8ms    993     3
   4.6      0.3      155.7      13    9.98   0.010    4.8ms    993     3
   5.1      0.3      168.0       9   10.01   0.010    4.8ms    993     3
   5.6      0.3      145.2      12   10.00   0.010    4.8ms    993     3
   6.1      0.3      159.0      11   10.01   0.010    4.8ms    993     3
   6.6      0.4      124.5      17   10.00   0.010    4.8ms    993     3
   7.1      0.4      141.8      13    9.99   0.010    4.8ms    993     3
   7.6      0.4      148.5      11   10.00   0.010    4.8ms    993     3
   8.1      0.4      187.4      11    9.99   0.010    4.8ms    993     3
   8.6      0.5      134.3      17   10.00   0.010    4.8ms    993     3
   9.1      0.5      148.1      17    9.99   0.010    4.8ms    993     3
   9.6      0.5      165.5      13   10.02   0.010    4.8ms    993     3
  10.1      0.5      130.2      13    9.99   0.010    4.8ms    993     3
  10.7      0.6      154.0       8    9.99   0.010    4.8ms    993     3
  11.2      0.6      154.6      14   10.01   0.010    4.8ms    993     3
  11.7      0.6      144.0      12   10.01   0.010    4.8ms    993     3
  12.2      0.6      179.4       9    9.96   0.010    4.8ms    993     3
  12.7      0.6      115.3      14   10.02   0.010    4.8ms    993     3
  13.2      0.7      177.4      12   10.00   0.010    4.8ms    993     3
  13.7      0.7      163.6      12   10.00   0.010    4.8ms    993     3
  14.2      0.7      171.2       9   10.01   0.010    4.8ms    993     3
  14.7      0.7      135.8      12    9.96   0.010    4.8ms    993     3
  15.2      0.7      132.1       8   10.03   0.010    4.8ms    993     3
  15.7      0.8      129.7      14   10.00   0.010    4.8ms    993     3
  16.2      0.8      138.0      14   10.00   0.010    4.8ms    993     3
  16.7      0.8      131.9      16    9.99   0.010    4.8ms    993     3
  17.2      0.9      125.9      17   10.01   0.010    4.8ms    993     3
  17.8      0.9      145.7      11    9.99   0.010    4.8ms    993     3
  18.3      0.9      134.0      15   10.00   0.010    4.8ms    993     3
  18.8      0.9      156.1      14   10.01   0.010    4.8ms    993     3
  19.3      1.0      136.7      15    9.99   0.010    4.8ms    993     3
  19.8      1.0      156.3      11   10.02   0.010    4.8ms    993     3
  20.3      1.0      140.4      15    9.99   0.010    4.8ms    993     3
  20.8      1.0      152.1      11   10.00   0.010    4.8ms    993     3
  21.3      1.1      144.1      16    9.99   0.010    4.8ms    993     3
  21.8      1.1      158.4      15    9.98   0.010    4.8ms    993     3
  22.3      1.1      167.4       8   10.02   0.010    4.8ms    993     3
  22.8      1.1      156.9      16   10.01   0.010    4.8ms    993     3
  23.3      1.2      150.5      17   10.00   0.010    4.8ms    993     3
  23.8      1.2      172.7       8   10.00   0.010    4.8ms    993     3
  24.3      1.2      148.0      13    9.99   0.010    4.8ms    993     3
  24.8      1.2      168.9      14   10.01   0.010    4.8ms    993     3
  25.3      1.3      145.1      11    9.99   0.010    4.8ms    993     3
  25.8      1.3      143.0      11   10.01   0.010    4.8ms    993     3
  26.3      1.3      139.1       7    9.99   0.010    4.8ms    993     3
  26.8      1.3      147.1      13   10.01   0.010    4.8ms    993     3
  27.3      1.3      119.2      15    9.98   0.010    4.8ms    993     3
  27.9      1.4      168.9      11   10.01   0.010    4.8ms    993     3
  28.4      1.4      151.1      15    9.99   0.010    4.8ms    993     3
  28.9      1.4      168.8      10   10.01   0.010    4.8ms    993     3
  29.4      1.4      163.0       8    9.99   0.010    4.8ms    993     3
  29.9      1.4      147.7      12    9.99   0.010    4.8ms    993     3
  30.4      1.5      164.2      13   10.02   0.010    4.8ms    993     3
  30.9      1.5      125.2      13    9.99   0.010    4.8ms    993     3
  31.4      1.5      141.1      12    9.99   0.010    4.8ms    993     3
  31.9      1.5      168.9      12   10.01   0.010    4.8ms    993     3
  32.4      1.6      155.0      18   10.01   0.010    4.8ms    993     3
  32.9      1.6      139.1      13    9.99   0.010    4.8ms    993     3
  33.4      1.6      177.0      15    9.99   0.010    4.8ms    993     3
  33.9      1.6      137.1      15    9.99   0.010    4.8ms    993     3
  34.4      1.7      131.2      14   10.01   0.010    4.8ms    993     3
  34.9      1.7      156.7      14   10.00   0.010    4.8ms    993     3
  35.4      1.7      148.9       9   10.00   0.010    4.8ms    993     3
  35.9      1.7      145.2      13   10.00   0.010    4.8ms    993     3
  36.4      1.7      163.0      15   10.02   0.010    4.8ms    993     3
  36.9      1.8      163.0      11    9.99   0.010    4.8ms    993     3
  37.4      1.8      149.0      13   10.01   0.010    4.8ms    993     3
  37.9      1.8      184.9       8    9.99   0.010    4.8ms    993     3
  38.4      1.8      135.2      14    9.99   0.010    4.8ms    993     3
  38.9      1.8      149.0      12   10.01   0.010    4.8ms    993     3
  39.4      1.9      135.1      10    9.99   0.010    4.8ms    993     3
  39.9      1.9      153.0      16   10.01   0.010    4.8ms    993     3
  40.4      1.9      137.1      14    9.99   0.010    4.8ms    993     3
  40.9      1.9      159.0      10   10.01   0.010    4.8ms    993     3
  41.4      1.9      157.1      14    9.99   0.010    4.8ms    993     3
  41.9      2.0      131.3      15   10.00   0.010    4.8ms    993     3
  42.5      2.0      139.1      17    9.99   0.010    4.8ms    993     3
  43.0      2.0      166.9      11   10.01   0.010    4.8ms    993     3
  43.5      2.0      137.1      13    9.99   0.010    4.8ms    993     3
  44.0      2.1      152.9      12   10.00   0.010    4.8ms    993     3
  44.5      2.1      129.1      16   10.01   0.010    4.8ms    993     3
  45.0      2.1      136.9      17   10.00   0.010    4.8ms    993     3
  45.5      2.1      157.0      13    9.99   0.010    4.8ms    993     3
  46.0      2.2      143.1      11   10.02   0.010    4.8ms    993     3
  46.5      2.2      133.0      13    9.98   0.010    4.8ms    993     3
  47.0      2.2      137.1      10   10.01   0.010    4.8ms    993     3
  47.5      2.2      133.1      12   10.01   0.010    4.8ms    993     3
  48.0      2.2      161.1      15   10.00   0.010    4.8ms    993     3
  48.5      2.3      135.2      14    9.99   0.010    4.8ms    993     3
  49.0      2.3      141.0      13   10.00   0.010    4.8ms    993     3
  49.5      2.3      155.0      12    9.99   0.010    4.8ms    993     3
  50.0      2.3      165.0      17   10.02   0.010    4.8ms    993     3
  50.5      2.4      149.1      14    9.99   0.010    4.8ms    993     3
  51.0      2.4      180.8       9   10.01   0.010    4.8ms    993     3
  51.5      2.4      149.1      15    9.99   0.010    4.8ms    993     3
  52.0      2.4      165.0      11    9.99   0.010    4.8ms    993     3
  52.5      2.4      141.2      11   10.00   0.010    4.8ms    993     3
  53.0      2.4      162.8      10   10.00   0.010    4.8ms    993     3
  53.5      2.5      168.9      14   10.01   0.010    4.8ms    993     3
  54.0      2.5      119.3      14    9.99   0.010    4.8ms    993     3
  54.5      2.5      151.1      15   10.00   0.010    4.8ms    993     3
  55.0      2.5      172.8      12   10.01   0.010    4.8ms    993     3
  55.5      2.6      149.0      14    9.99   0.010    4.8ms    993     3
  56.0      2.6      157.0      12   10.01   0.010    4.8ms    993     3
  56.5      2.6      127.2      14    9.99   0.010    4.8ms    993     3
  57.0      2.6      154.9      15   10.01   0.010    4.8ms    993     3
  57.5      2.6      131.3      12   10.00   0.010    4.8ms    993     3
  58.1      2.7      155.0      13    9.99   0.010    4.8ms    993     3
  58.6      2.7      156.8      16   10.00   0.010    4.8ms    993     3
  59.1      2.7      142.9      14   10.00   0.010    4.8ms    993     3
  59.6      2.7      145.0      12   10.01   0.010    4.8ms    993     3
  60.1      2.8      163.0      10    9.99   0.010    4.8ms    993     3
  60.6      2.8      127.2      11    9.99   0.010    4.8ms    993     3
  61.1      2.8      161.0       9   10.01   0.010    4.8ms    993     3
  61.6      2.8      127.1      11    9.99   0.010    4.8ms    993     3
  62.1      2.8      141.1      12   10.01   0.010    4.8ms    993     3
  62.6      2.8      143.1      14    9.99   0.010    4.8ms    993     3
  63.1      2.9      172.8      10   10.01   0.010    4.8ms    993     3
  63.6      2.9      135.1      16    9.98   0.010    4.8ms    993     3
  64.1      2.9      182.8      12   10.01   0.010    4.8ms    993     3
  64.6      2.9      170.9      11    9.99   0.010    4.8ms    993     3
  65.1      2.9      155.0      13   10.01   0.010    4.8ms    993     3
  65.6      3.0      131.1      17   10.01   0.010    4.8ms    993     3
  66.1      3.0      160.9      12    9.96   0.010    4.8ms    993     3
  66.6      3.0      184.7      14   10.03   0.010    4.8ms    993     3
  67.1      3.0      153.1      18    9.99   0.010    4.8ms    993     3
  67.6      3.0      165.0      11   10.01   0.010    4.8ms    993     3
  68.1      3.1      139.0      13    9.98   0.010    4.8ms    993     3
  68.6      3.1      155.0      15   10.01   0.010    4.8ms    993     3
  69.1      3.1      182.8       9    9.97   0.010    4.8ms    993     3
  69.6      3.1      137.0      12   10.03   0.010    4.8ms    993     3
  70.1      3.1      150.9      18   10.01   0.010    4.8ms    993     3
  70.6      3.2      156.9      13   10.01   0.010    4.8ms    993     3
  71.1      3.2      135.2      14    9.99   0.010    4.8ms    993     3
  71.6      3.2      178.0      10    9.99   0.010    4.8ms    993     3
  72.2      3.2      152.6      15    9.97   0.010    4.8ms    993     3
  72.7      3.3      160.9      14   10.03   0.010    4.8ms    993     3
  73.2      3.3      131.2      14   10.01   0.010    4.8ms    993     3
  73.7      3.3      132.9      11   10.00   0.010    4.8ms    993     3
  74.2      3.3      165.4      13    9.99   0.010    4.8ms    993     3
  74.7      3.3      157.8      17    9.99   0.010    4.8ms    993     3
  75.2      3.4      139.8      14   10.00   0.010    4.8ms    993     3
  75.7      3.4      156.1      12   10.00   0.010    4.8ms    993     3
  76.2      3.4      162.3      13   10.02   0.010    4.8ms    993     3
  76.7      3.4      141.2      14    9.99   0.010    4.8ms    993     3
  77.2      3.4      160.1       8    9.98   0.010    4.8ms    993     3
  77.7      3.4      134.1      10   10.01   0.010    4.8ms    993     3
  78.2      3.5      152.0      13    9.99   0.010    4.8ms    993     3
  78.7      3.5      135.0      14   10.01   0.010    4.8ms    993     3
  79.2      3.5      171.3      13    9.99   0.010    4.8ms    993     3
  79.7      3.5      149.9      16   10.01   0.010    4.8ms    993     3
  80.2      3.5      139.8      15   10.00   0.010    4.8ms    993     3
  80.8      3.6      179.1      14   10.01   0.010    4.8ms    993     3
  81.3      3.6      157.7      12    9.98   0.010    4.8ms    993     3
  81.8      3.6      151.8      13   10.01   0.010    4.8ms    993     3
  82.3      3.6      128.2      15   10.01   0.010    4.8ms    993     3
  82.8      3.6      139.1      15    9.99   0.010    4.8ms    993     3
  83.3      3.7      166.2       9   10.01   0.010    4.8ms    993     3
  83.8      3.7      133.0      12   10.00   0.010    4.8ms    993     3
  84.3      3.7      140.0      15    9.98   0.010    4.8ms    993     3
  84.8      3.7      150.9      13   10.01   0.010    4.8ms    993     3
  85.3      3.7      159.5      14    9.99   0.010    4.8ms    993     3
  85.8      3.8      149.7      13   10.00   0.010    4.8ms    993     3
  86.3      3.8      148.9      10   10.00   0.010    4.8ms    993     3
  86.8      3.8      145.8      10   10.02   0.010    4.8ms    993     3
  87.3      3.8      134.2      17    9.99   0.010    4.8ms    993     3
  87.8      3.8      153.9      12    9.99   0.010    4.8ms    993     3
  88.3      3.8      156.9       9   10.01   0.010    4.8ms    993     3
  88.8      3.9      151.8      14    9.98   0.010    4.8ms    993     3
  89.4      3.9      141.0      15   10.03   0.010    4.8ms    993     3
  89.9      3.9      184.3      14    9.98   0.010    4.8ms    993     3
  90.4      3.9      169.6      11   10.01   0.010    4.8ms    993     3
  90.9      3.9      138.1      15    9.99   0.010    4.8ms    993     3
  91.4      3.9      141.0      10   10.00   0.010    4.8ms    993     3
  91.9      4.0      117.1      17   10.00   0.010    4.8ms    993     3
  92.4      4.0      138.7      13    9.99   0.010    4.8ms    993     3
  92.9      4.0      131.2      12   10.01   0.010    4.8ms    993     3
  93.4      4.0      154.9      11   10.00   0.010    4.8ms    993     3
  93.9      4.0      120.6      15    9.98   0.010    4.8ms    993     3
  94.4      4.0      147.1       9   10.02   0.010    4.8ms    993     3
  94.9      4.1      169.5      14   10.00   0.010    4.8ms    993     3
  95.4      4.1      144.1      13   10.00   0.010    4.8ms    993     3
  95.9      4.1      154.9       7   10.01   0.010    4.8ms    993     3
  96.4      4.1      151.1       9    9.99   0.010    4.8ms    993     3
  96.9      4.1      139.1      11   10.01   0.010    4.8ms    993     3
  97.4      4.1      143.1      15    9.99   0.010    4.8ms    993     3
  97.9      4.2      161.8      14    9.99   0.010    4.8ms    993     3
  98.4      4.2      162.9      15   10.01   0.010    4.8ms    993     3
  98.9      4.2      135.2      15    9.99   0.010    4.8ms    993     3
  99.4      4.2      153.0      10   10.01   0.010    4.8ms    993     3
  99.9      4.2      137.1      10    9.99   0.010    4.8ms    993     3
 100.5      4.2      144.9      11   10.00   0.010    4.8ms    993     3
 101.0      4.3      139.2      11    9.99   0.010    4.8ms    993     3
 101.5      4.3      140.8      12   10.02   0.010    4.8ms    993     3
 102.0      4.3      139.0      12    9.98   0.010    4.8ms    993     3
 102.5      4.3      135.1      12   10.01   0.010    4.8ms    993     3
 103.0      4.3      154.8      13   10.00   0.010    4.8ms    993     3
 103.5      4.3      137.9      14   10.00   0.010    4.8ms    993     3
 104.0      4.4      144.1      13    9.99   0.010    4.8ms    993     3
 104.5      4.4      136.4      14   10.01   0.010    4.8ms    993     3
 105.0      4.4      159.3      10    9.98   0.010    4.8ms    993     3
 105.5      4.4      148.7      12   10.01   0.010    4.8ms    993     3
 106.0      4.4      161.9      10    9.99   0.010    4.8ms    993     3
 106.5      4.4      151.9      14   10.01   0.010    4.8ms    993     3
 107.0      4.5      130.1      16    9.98   0.010    4.8ms    993     3
 107.5      4.5      150.9      13   10.00   0.010    4.8ms    993     3
 108.0      4.5      144.3      15   10.01   0.010    4.8ms    993     3
 108.5      4.5      163.6      15   10.01   0.010    4.8ms    993     3
 109.0      4.5      149.8       7   10.01   0.010    4.8ms    993     3
 109.6      4.5      141.1      12    9.99   0.010    4.8ms    993     3
 110.1      4.5      148.0      11    9.99   0.010    4.8ms    993     3
 110.6      4.6      140.9      15   10.00   0.010    4.8ms    993     3
 111.1      4.6      163.1       8   10.00   0.010    4.8ms    993     3
 111.6      4.6      114.3      14   10.01   0.010    4.8ms    993     3
 112.1      4.6      140.1      13   10.02   0.010    4.8ms    993     3
 112.6      4.6      154.1      15    9.98   0.010    4.8ms    993     3
 113.1      4.6      130.8      10   10.01   0.010    4.8ms    993     3
 113.6      4.7      152.0      12   10.00   0.010    4.8ms    993     3
 114.1      4.7      148.6      14   10.01   0.010    4.8ms    993     3
 114.6      4.7      178.9      13    9.99   0.010    4.8ms    993     3
 115.1      4.7      170.9       6   10.01   0.010    4.8ms    993     3
 115.6      4.7      109.3      13    9.99   0.010    4.8ms    993     3
 116.1      4.7      148.3      13    9.99   0.010    4.8ms    993     3
 116.6      4.7      153.0      16   10.01   0.010    4.8ms    993     3
 117.1      4.8      183.5      11    9.99   0.010    4.8ms    993     3
 117.6      4.8      154.7      12   10.02   0.010    4.8ms    993     3
 118.1      4.8      161.8      11    9.99   0.010    4.8ms    993     3
 118.6      4.8      139.0      12   10.01   0.010    4.8ms    993     3
 119.1      4.8      161.5      11    9.99   0.010    4.8ms    993     3
 119.7      4.8      137.1      12   10.01   0.010    4.8ms    993     3
 120.2      4.8      151.1      16    9.99   0.010    4.8ms    993     3
 120.7      4.9      131.2      11   10.01   0.010    4.8ms    993     3
 121.2      4.9      163.6      12    9.98   0.010    4.8ms    993     3
 121.7      4.9      134.2      10    9.99   0.010    4.8ms    993     3
 122.2      4.9      156.9      10   10.01   0.010    4.8ms    993     3
 122.7      4.9      137.0      15   10.01   0.010    4.8ms    993     3
 123.2      4.9      159.7      15   10.01   0.010    4.8ms    993     3
 123.7      4.9      151.6       9    9.99   0.010    4.8ms    993     3
 124.2      5.0      138.5      12    9.99   0.010    4.8ms    993     3
 124.7      5.0      153.0      15   10.01   0.010    4.8ms    993     3
 125.2      5.0      135.2       7    9.99   0.010    4.8ms    993     3
 125.7      5.0      135.1      11   10.01   0.010    4.8ms    993     3
 126.2      5.0      135.9      19    9.97   0.010    4.8ms    993     3
 126.7      5.0      147.0      12   10.03   0.010    4.8ms    993     3
 127.2      5.1      144.1      12    9.97   0.010    4.8ms    993     3
 127.7      5.1      142.8      18    9.99   0.010    4.8ms    993     3
 128.2      5.1      145.9      12   10.01   0.010    4.8ms    993     3
 128.7      5.1      157.7      12   10.00   0.010    4.8ms    993     3
 129.3      5.1      139.1      13   10.01   0.010    4.8ms    993     3
 129.8      5.1      126.4      14    9.98   0.010    4.8ms    993     3
 130.3      5.2      154.6      12   10.01   0.010    4.8ms    993     3
 130.8      5.2      156.9      13   10.01   0.010    4.8ms    993     3
 131.3      5.2      146.9      15   10.00   0.010    4.8ms    993     3
 131.8      5.2      139.1      15   10.01   0.010    4.8ms    993     3
 132.3      5.2      148.3      11    9.98   0.010    4.8ms    993     3
 132.8      5.2      151.8      12   10.00   0.010    4.8ms    993     3
 133.3      5.2      163.0       9    9.99   0.010    4.8ms    993     3
 133.8      5.3      130.1      17   10.00   0.010    4.8ms    993     3
 134.3      5.3      159.5      10    9.99   0.010    4.8ms    993     3
 134.8      5.3      128.0      11   10.00   0.010    4.8ms    993     3
 135.3      5.3      178.7       9   10.01   0.010    4.8ms    993     3
 135.8      5.3      138.3      12    9.98   0.010    4.8ms    993     3
 136.3      5.3      136.3      15   10.02   0.010    4.8ms    993     3
 136.8      5.3      139.9      16    9.97   0.010    4.8ms    993     3
 137.3      5.4      163.0      15   10.04   0.010    4.8ms    993     3
 137.8      5.4      151.0      16   10.01   0.010    4.8ms    993     3
 138.3      5.4      169.7      10    9.99   0.010    4.8ms    993     3
 138.9      5.4      130.2      12    9.99   0.010    4.8ms    993     3
 139.4      5.4      130.7      13    9.98   0.010    4.8ms    993     3
 139.9      5.4      140.0      10   10.03   0.010    4.8ms    993     3
 140.4      5.4      131.0      13   10.00   0.010    4.8ms    993     3
 140.9      5.5      150.2      13    9.98   0.010    4.8ms    993     3
 141.4      5.5      162.9       6   10.01   0.010    4.8ms    993     3
 141.9      5.5      113.1      12   10.00   0.010    4.8ms    993     3
 142.4      5.5      149.9      12   10.01   0.010    4.8ms    993     3
 142.9      5.5      146.4      13    9.99   0.010    4.8ms    993     3
 143.4      5.5      140.9      15   10.00   0.010    4.8ms    993     3
 143.9      5.5      161.6      13   10.00   0.010    4.8ms    993     3
 144.4      5.6      134.1      14    9.98   0.010    4.8ms    993     3
 144.9      5.6      169.6      14    9.99   0.010    4.8ms    993     3
 145.4      5.6      130.0      11   10.02   0.010    4.8ms    993     3
 145.9      5.6      136.3      14   10.02   0.010    4.8ms    993     3
 146.4      5.6      157.6      13   10.00   0.010    4.8ms    993     3
 147.0      5.6      164.3      14   10.00   0.010    4.8ms    993     3
 147.5      5.7      141.6      16   10.01   0.010    4.8ms    993     3
 148.0      5.7      151.9      11   10.01   0.010    4.8ms    993     3
 148.5      5.7      151.9      11    9.99   0.010    4.8ms    993     3
 149.0      5.7      120.9      17   10.01   0.010    4.8ms    993     3
 149.5      5.7      128.2      14    9.99   0.010    4.8ms    993     3
 150.0      5.7      145.1      14   10.02   0.010    4.8ms    993     3
 150.5      5.8      129.1      16    9.98   0.010    4.8ms    993     3
 151.0      5.8      145.9      11   10.00   0.010    4.8ms    993     3
 151.5      5.8      115.3      12   10.02   0.010    4.8ms    993     3
 152.0      5.8      144.6      13    9.98   0.010    4.8ms    993     3
 152.5      5.8      165.9      12   10.00   0.010    4.8ms    993     3
 153.0      5.8      144.0      11   10.01   0.010    4.8ms    993     3
 153.5      5.8      132.2      16    9.99   0.010    4.8ms    993     3
 154.0      5.8      177.7      13    9.99   0.010    4.8ms    993     3
 154.5      5.9      166.6      11   10.02   0.010    4.8ms    993     3
 155.0      5.9      143.8      16   10.00   0.010    4.8ms    993     3
 155.5      5.9      162.4      11    9.98   0.010    4.8ms    993     3
 156.1      5.9      158.9      10   10.01   0.010    4.8ms    993     3
 156.6      5.9      143.7      16    9.99   0.010    4.8ms    993     3
 157.1      5.9      185.5       9   10.02   0.010    4.8ms    993     3
 157.6      5.9      152.0      17   10.00   0.010    4.8ms    993     3
 158.1      6.0      138.1      14    9.97   0.010    4.8ms    993     3
 158.6      6.0      159.7      11   10.03   0.010    4.8ms    993     3
 159.1      6.0      161.3      13   10.01   0.010    4.8ms    993     3
 159.6      6.0      146.7      14    9.99   0.010    4.8ms    993     3
 160.1      6.0      151.7      10   10.00   0.010    4.8ms    993     3
 160.6      6.0      126.4      13   10.00   0.010    4.8ms    993     3
 161.1      6.0      157.5      12   10.02   0.010    4.8ms    993     3
 161.6      6.0      134.6      13   10.00   0.010    4.8ms    993     3
 162.1      6.1      163.5      11   10.00   0.010    4.8ms    993     3
 162.6      6.1      138.4      14    9.99   0.010    4.8ms    993     3
 163.1      6.1      158.0      14   10.00   0.010    4.8ms    993     3
 163.7      6.1      138.7      15   10.01   0.010    4.8ms    993     3
 164.2      6.1      152.9      14   10.01   0.010    4.8ms    993     3
 164.7      6.1      151.6      10    9.99   0.010    4.8ms    993     3
 165.2      6.1      165.7      12    9.99   0.010    4.8ms    993     3
 165.7      6.2      139.0      13   10.00   0.010    4.8ms    993     3
 166.2      6.2      169.6      12   10.01   0.010    4.8ms    993     3
 166.7      6.2      155.9      14    9.97   0.010    4.8ms    993     3
 167.2      6.2      167.6      10   10.00   0.010    4.8ms    993     3
 167.7      6.2      153.1      13   10.04   0.010    4.8ms    993     3
 168.2      6.2      166.9      12    9.99   0.010    4.8ms    993     3
 168.7      6.2      170.7      12    9.98   0.010    4.8ms    993     3
 169.2      6.2      165.6      14   10.01   0.010    4.8ms    993     3
 169.7      6.3      134.2      10    9.99   0.010    4.8ms    993     3
 170.2      6.3      142.0      10   10.01   0.010    4.8ms    993     3
 170.7      6.3      150.9      10   10.01   0.010    4.8ms    993     3
 171.2      6.3      148.9      13   10.00   0.010    4.8ms    993     3
 171.7      6.3      151.0      11   10.01   0.010    4.8ms    993     3
 172.2      6.3      156.8      13   10.00   0.010    4.8ms    993     3
 172.7      6.3      149.0      14    9.99   0.010    4.8ms    993     3
 173.2      6.3      158.9      13   10.01   0.010    4.8ms    993     3
 173.8      6.3      143.1      15    9.99   0.010    4.8ms    993     3
 174.3      6.4      137.2      13   10.02   0.010    4.8ms    993     3
 174.8      6.4      153.0       8    9.99   0.010    4.8ms    993     3
 175.3      6.4      119.2      11   10.01   0.010    4.8ms    993     3
 175.8      6.4      141.0      11    9.98   0.010    4.8ms    993     3
 176.3      6.4      142.9      13   10.00   0.010    4.8ms    993     3
 176.8      6.4      147.0      13   10.01   0.010    4.8ms    993     3
 177.3      6.4      154.0      11    9.97   0.010    4.8ms    993     3
 177.8      6.4      140.1      13   10.01   0.010    4.8ms    993     3
 178.3      6.4      177.3      10   10.02   0.010    4.8ms    993     3
 178.8      6.5      146.2      14    9.98   0.010    4.8ms    993     3
 179.3      6.5      147.1      14   10.01   0.010    4.8ms    993     3
 179.8      6.5      149.0      12   10.01   0.010    4.8ms    993     3
 180.3      6.5      152.8      15   10.00   0.010    4.8ms    993     3
 180.8      6.5      149.0      14    9.99   0.010    4.8ms    993     3
 181.3      6.5      146.1      15    9.99   0.010    4.8ms    993     3
 181.8      6.5      151.9       8   10.01   0.010    4.8ms    993     3
 182.3      6.5      163.7      12    9.99   0.010    4.8ms    993     3
 182.8      6.6      126.8      13   10.01   0.010    4.8ms    993     3
 183.3      6.6      133.2      14   10.02   0.010    4.8ms    993     3
 183.8      6.6      126.3      15    9.99   0.010    4.8ms    993     3
 184.4      6.6      161.4      13    9.99   0.010    4.8ms    993     3
 184.9      6.6      120.2      15   10.00   0.010    4.8ms    993     3
 185.4      6.6      136.0      15   10.00   0.010    4.8ms    993     3
 185.9      6.6      163.4       8    9.99   0.010    4.8ms    993     3
 186.4      6.6      130.2      11   10.01   0.010    4.8ms    993     3
 186.9      6.7      151.4      12   10.00   0.010    4.8ms    993     3
 187.4      6.7      143.9      11    9.98   0.010    4.8ms    993     3
 187.9      6.7      157.6      12   10.02   0.010    4.8ms    993     3
 188.4      6.7      149.9      15    9.99   0.010    4.8ms    993     3
 188.9      6.7      146.1      14   10.02   0.010    4.8ms    993     3
 189.4      6.7      150.9      17   10.00   0.010    4.8ms    993     3
 189.9      6.7      157.6      14   10.00   0.010    4.8ms    993     3
 190.4      6.8      135.9      16    9.97   0.010    4.8ms    993     3
 190.9      6.8      143.9      15   10.03   0.010    4.8ms    993     3
 191.5      6.8      137.2      12    9.99   0.010    4.8ms    993     3
 192.0      6.8      170.8      10   10.01   0.010    4.8ms    993     3
 192.5      6.8      149.6      15    9.99   0.010    4.8ms    993     3
 193.0      6.8      155.8      12   10.01   0.010    4.8ms    993     3
 193.5      6.8      164.8      16   10.00   0.010    4.8ms    993     3
 194.0      6.9      138.1      13    9.99   0.010    4.8ms    993     3
 194.5      6.9      153.6      13   10.00   0.010    4.8ms    993     3
 195.0      6.9      148.1      14   10.00   0.010    4.8ms    993     3
 195.5      6.9      161.7      13   10.00   0.010    4.8ms    993     3
 196.0      6.9      162.0      10   10.00   0.010    4.8ms    993     3
 196.5      6.9      153.7      10   10.00   0.010    4.8ms    993     3
 197.0      6.9      131.8      16   10.01   0.010    4.8ms    993     3
 197.5      6.9      146.1       9    9.99   0.010    4.8ms    993     3
 198.0      6.9      139.8      15   10.00   0.010    4.8ms    993     3
 198.5      7.0      145.8      16   10.00   0.010    4.8ms    993     3
 199.0      7.0      145.9      12   10.01   0.010    4.8ms    993     3
 199.6      7.0      138.3      13   10.00   0.010    4.8ms    993     3
 200.1      7.0      163.4      12    9.99   0.010    4.8ms    993     3
 200.6      7.0      132.1      10   10.01   0.010    4.8ms    993     3
 201.1      7.0      153.6      15    9.99   0.010    4.8ms    993     3
 201.6      7.0      158.0      16   10.00   0.010    4.8ms    993     3
 202.1      7.0      163.6       9    9.98   0.010    4.8ms    993     3
 202.6      7.0      148.2      11   10.03   0.010    4.8ms    993     3
 203.1      7.1      114.4      16    9.99   0.010    4.8ms    993     3
 203.6      7.1      163.4      13    9.99   0.010    4.8ms    993     3
 204.1      7.1      146.1      12   10.02   0.010    4.8ms    993     3
 204.6      7.1      119.2      14   10.01   0.010    4.8ms    993     3
 205.1      7.1      161.7      16    9.98   0.010    4.8ms    993     3
 205.6      7.1      137.9      13   10.00   0.010    4.8ms    993     3
 206.1      7.1      143.8      16   10.00   0.010    4.8ms    993     3
 206.7      7.2      140.0      14   10.01   0.010    4.8ms    993     3
 207.2      7.2      169.7      13   10.01   0.010    4.8ms    993     3
 207.7      7.2      134.0      13    9.98   0.010    4.8ms    993     3
 208.2      7.2      139.9      12   10.02   0.010    4.8ms    993     3
 208.7      7.2      164.6      13    9.99   0.010    4.8ms    993     3
 209.2      7.2      158.2       9   10.01   0.010    4.8ms    993     3
 209.7      7.2      137.0      14    9.98   0.010    4.8ms    993     3
 210.2      7.2      157.4      11   10.01   0.010    4.8ms    993     3
 210.7      7.2      145.1      14   10.01   0.010    4.8ms    993     3
 211.2      7.3      166.0      12   10.00   0.010    4.8ms    993     3
 211.7      7.3      139.9      15   10.00   0.010    4.8ms    993     3
 212.2      7.3      136.1      14    9.99   0.010    4.8ms    993     3
 212.7      7.3      149.0      14   10.01   0.010    4.8ms    993     3
 213.2      7.3      153.7      12   10.00   0.010    4.8ms    993     3
 213.7      7.3      161.6      10   10.00   0.010    4.8ms    993     3
 214.2      7.3      173.2      11    9.99   0.010    4.8ms    993     3
 214.8      7.3      160.0      10   10.00   0.010    4.8ms    993     3
 215.3      7.3      155.8      14   10.01   0.010    4.8ms    993     3
 215.8      7.3      163.8      14    9.99   0.010    4.8ms    993     3
 216.3      7.4      161.4      14    9.99   0.010    4.8ms    993     3
 216.8      7.4      159.9      12   10.02   0.010    4.8ms    993     3
 217.3      7.4      149.7      13   10.00   0.010    4.8ms    993     3
 217.8      7.4      128.7      14   10.00   0.010    4.8ms    993     3
 218.3      7.4      147.6      12    9.99   0.010    4.8ms    993     3
 218.8      7.4      150.1      14   10.00   0.010    4.8ms    993     3
 219.3      7.4      155.7      16   10.00   0.010    4.8ms    993     3
 219.8      7.4      161.6      10    9.98   0.010    4.8ms    993     3
 220.3      7.4      161.6      13   10.03   0.010    4.8ms    993     3
 220.8      7.5      190.2      13    9.98   0.010    4.8ms    993     3
 221.3      7.5      161.3      13   10.01   0.010    4.8ms    993     3
 221.8      7.5      143.8      15   10.00   0.010    4.8ms    993     3
 222.4      7.5      126.1      16   10.00   0.010    4.8ms    993     3
 222.9      7.5      169.5      13   10.00   0.010    4.8ms    993     3
 223.4      7.5      165.7      13   10.01   0.010    4.8ms    993     3
 223.9      7.5      157.0       6    9.99   0.010    4.8ms    993     3
 224.4      7.5      173.4       9   10.00   0.010    4.8ms    993     3
 224.9      7.5      132.5      14    9.99   0.010    4.8ms    993     3
 225.4      7.5      140.0       9   10.03   0.010    4.8ms    993     3
 225.9      7.6      145.1      17    9.99   0.010    4.8ms    993     3
 226.4      7.6      173.6      10    9.99   0.010    4.8ms    993     3
 226.9      7.6      142.1      17   10.02   0.010    4.8ms    993     3
 227.4      7.6      141.9      14   10.00   0.010    4.8ms    993     3
 227.9      7.6      149.0      16    9.99   0.010    4.8ms    993     3
 228.4      7.6      159.5      15    9.99   0.010    4.8ms    993     3
 228.9      7.6      167.8      14   10.00   0.010    4.8ms    993     3
 229.4      7.7      167.5      13   10.00   0.010    4.8ms    993     3
 230.0      7.7      165.5      10   10.02   0.010    4.8ms    993     3
 230.5      7.7      134.3      11   10.00   0.010    4.8ms    993     3
 231.0      7.7      130.1      12    9.98   0.010    4.8ms    993     3
 231.5      7.7      139.9      11   10.00   0.010    4.8ms    993     3
 232.0      7.7      126.4      13    9.98   0.010    4.8ms    993     3
 232.5      7.7      133.9      17   10.04   0.010    4.8ms    993     3
 233.0      7.7      170.3      13   10.00   0.010    4.8ms    993     3
 233.5      7.7      152.8      11   10.00   0.010    4.8ms    993     3
 234.0      7.7      147.0      12    9.96   0.010    4.8ms    993     3
 234.5      7.7      152.1      12   10.00   0.010    4.8ms    993     3
 235.0      7.7      168.5      11   10.03   0.010    4.8ms    993     3
 235.5      7.8      164.3      16   10.00   0.010    4.8ms    993     3
 236.0      7.8      157.0      13    9.99   0.010    4.8ms    993     3
 236.5      7.8      128.1      16   10.00   0.010    4.8ms    993     3
 237.0      7.8      143.7      13   10.01   0.010    4.8ms    993     3
 237.5      7.8      157.5      14    9.97   0.010    4.8ms    993     3
 238.0      7.8      159.9      14   10.02   0.010    4.8ms    993     3
 238.6      7.8      163.5      13   10.00   0.010    4.8ms    993     3
 239.1      7.9      136.1      14   10.01   0.010    4.8ms    993     3
 239.6      7.9      165.8      11   10.00   0.010    4.8ms    993     3
 240.1      7.9      157.5      12   10.01   0.010    4.8ms    993     3
 240.6      7.9      130.1       9   10.00   0.010    4.8ms    993     3
 241.1      7.9      141.6      15    9.98   0.010    4.8ms    993     3
 241.6      7.9      159.9      15   10.02   0.010    4.8ms    993     3
 242.1      7.9      151.7      12   10.00   0.010    4.8ms    993     3
 242.6      7.9      129.9      15    9.98   0.010    4.8ms    993     3
 243.1      7.9      148.2      16   10.00   0.010    4.8ms    993     3
 243.6      7.9      171.6      15   10.01   0.010    4.8ms    993     3
 244.1      8.0      151.0      11   10.01   0.010    4.8ms    993     3
 244.6      8.0      145.1      14    9.97   0.010    4.8ms    993     3
 245.1      8.0      187.3       4   10.03   0.010    4.8ms    993     3
 245.7      8.0      143.2      12   10.00   0.010    4.8ms    993     3
 246.2      8.0      141.2      14   10.00   0.010    4.8ms    993     3
 246.7      8.0      145.0       9   10.01   0.010    4.8ms    993     3
 247.2      8.0      131.0      14   10.00   0.010    4.8ms    993     3
 247.7      8.0      139.1      14    9.99   0.010    4.8ms    993     3
 248.2      8.0      171.0      13    9.99   0.010    4.8ms    993     3
 248.7      8.0      180.7      13   10.01   0.010    4.8ms    993     3
 249.2      8.0      142.3      14   10.00   0.010    4.8ms    993     3
 249.7      8.0      137.8      11    9.99   0.010    4.8ms    993     3
 250.2      8.1      165.7      13   10.01   0.010    4.8ms    993     3
 250.7      8.1      184.6      14   10.00   0.010    4.8ms    993     3
 251.2      8.1      143.1      10   10.01   0.010    4.8ms    993     3
 251.7      8.1      153.0      10    9.99   0.010    4.8ms    993     3
 252.2      8.1      131.2      15    9.99   0.010    4.8ms    993     3
 252.7      8.1      149.0      17   10.01   0.010    4.8ms    993     3
 253.2      8.1      176.9      10    9.99   0.010    4.8ms    993     3
 253.7      8.1      168.9      11   10.01   0.010    4.8ms    993     3
 254.2      8.1      139.1       7    9.96   0.010    4.8ms    993     3
 254.7      8.1      147.0      11   10.01   0.010    4.8ms    993     3
 255.2      8.1      145.1      12   10.02   0.010    4.8ms    993     3
 255.7      8.1      145.1      14    9.99   0.010    4.8ms    993     3
 256.2      8.1      155.0      12   10.01   0.010    4.8ms    993     3
 256.7      8.2      153.0      15    9.99   0.010    4.8ms    993     3
 257.2      8.2      135.1      16   10.01   0.010    4.8ms    993     3
 257.7      8.2      137.2      12    9.99   0.010    4.8ms    993     3
 258.2      8.2      133.1      14   10.01   0.010    4.8ms    993     3
 258.7      8.2      128.5      15    9.99   0.010    4.8ms    993     3
 259.3      8.2      163.7      15    9.99   0.010    4.8ms    993     3
 259.8      8.2      130.2      12   10.01   0.010    4.8ms    993     3
 260.3      8.2      120.3      18   10.01   0.010    4.8ms    993     3
 260.8      8.3      141.9      19   10.00   0.010    4.8ms    993     3
 261.3      8.3      162.9      14   10.01   0.010    4.8ms    993     3
 261.8      8.3      124.0      14    9.99   0.010    4.8ms    993     3
 262.3      8.3      154.5      13    9.98   0.010    4.8ms    993     3
 262.8      8.3      140.2      14   10.02   0.010    4.8ms    993     3
 263.3      8.3      150.8      12   10.00   0.010    4.8ms    993     3
 263.8      8.3      140.1      11    9.99   0.010    4.8ms    993     3
 264.3      8.3      124.5      14   10.00   0.010    4.8ms    993     3
 264.8      8.3      132.4      15   10.01   0.010    4.8ms    993     3
 265.3      8.4      171.6      14    9.99   0.010    4.8ms    993     3
 265.8      8.4      141.1      12   10.01   0.010    4.8ms    993     3
 266.3      8.4      154.1      17   10.00   0.010    4.8ms    993     3
 266.8      8.4      158.0       8   10.00   0.010    4.8ms    993     3
 267.3      8.4      138.1      16    9.96   0.010    4.8ms    993     3
 267.9      8.4      198.7      10   10.04   0.010    4.8ms    993     3
 268.4      8.4      170.7      13   10.00   0.010    4.8ms    993     3
 268.9      8.4      131.2      14    9.99   0.010    4.8ms    993     3
 269.4      8.4      130.1      11   10.00   0.010    4.8ms    993     3
 269.9      8.4      169.6      14    9.98   0.010    4.8ms    993     3
 270.4      8.4      134.3      13   10.00   0.010    4.8ms    993     3
 270.9      8.5      162.0      13    9.98   0.010    4.8ms    993     3
 271.4      8.5      134.0      14   10.02   0.010    4.8ms    993     3
 271.9      8.5      134.1       9   10.01   0.010    4.8ms    993     3
 272.4      8.5      153.6      12   10.00   0.010    4.8ms    993     3
 272.9      8.5      134.5      11   10.01   0.010    4.8ms    993     3
 273.4      8.5      143.9      11   10.00   0.010    4.8ms    993     3
 273.9      8.5      134.0      13   10.00   0.010    4.8ms    993     3
 274.4      8.5      173.8      11    9.98   0.010    4.8ms    993     3
 274.9      8.5      148.3      13    9.99   0.010    4.8ms    993     3
 275.4      8.5      154.1      10   10.03   0.010    4.8ms    993     3
 276.0      8.5      129.0      12    9.98   0.010    4.8ms    993     3
 276.5      8.5      152.0      10   10.02   0.010    4.8ms    993     3
 277.0      8.5      145.0      17   10.01   0.010    4.8ms    993     3
 277.5      8.6      141.7      14    9.99   0.010    4.8ms    993     3
 278.0      8.6      133.0      15   10.03   0.010    4.8ms    993     3
 278.5      8.6      164.3      15   10.00   0.010    4.8ms    993     3
 279.0      8.6      152.2      13    9.95   0.010    4.8ms    993     3
 279.5      8.6      143.9      11   10.03   0.010    4.8ms    993     3
 280.0      8.6      153.7       8   10.00   0.010    4.8ms    993     3
 280.5      8.6      139.9       0    9.98   0.010    4.8ms    993     3
 281.0      8.6      139.5      15   10.04   0.010    4.8ms    993     3
 281.5      8.6      173.3       8    9.99   0.010    4.8ms    993     3
 282.0      8.6      156.9      13   10.01   0.010    4.8ms    993     3
 282.5      8.6      121.2      13    9.99   0.010    4.8ms    993     3
 283.0      8.6      157.3      11   10.01   0.010    4.8ms    993     3
 283.6      8.6      145.1       9   10.01   0.010    4.8ms    993     3
 284.1      8.6      161.8      17    9.97   0.010    4.8ms    993     3
 284.6      8.6      173.7      11   10.02   0.010    4.8ms    993     3
 285.1      8.6      153.6      11    9.97   0.010    4.8ms    993     3
 285.6      8.6      157.0      14   10.04   0.010    4.8ms    993     3
 286.1      8.7      142.0      12    9.99   0.010    4.8ms    993     3
 286.6      8.7      145.8      13   10.00   0.010    4.8ms    993     3
 287.1      8.7      143.8      16   10.00   0.010    4.8ms    993     3
 287.6      8.7      166.8      11   10.01   0.010    4.8ms    993     3
 288.1      8.7      139.2      15   10.02   0.010    4.8ms    993     3
 288.6      8.7      162.8      13    9.98   0.010    4.8ms    993     3
 289.1      8.7      131.1      13    9.98   0.010    4.8ms    993     3
 289.6      8.7      148.0      11   10.02   0.010    4.8ms    993     3
 290.1      8.7      136.2      14   10.00   0.010    4.8ms    993     3
 290.6      8.7      136.2      16   10.02   0.010    4.8ms    993     3
 291.1      8.7      166.9      10    9.99   0.010    4.8ms    993     3
 291.6      8.7      153.0      10   10.01   0.010    4.8ms    993     3
 292.1      8.7      137.1      11   10.01   0.010    4.8ms    993     3
 292.6      8.8      152.7      12    9.99   0.010    4.8ms    993     3
 293.1      8.8      129.3      15    9.97   0.010    4.8ms    993     3
 293.7      8.8      157.1      11   10.02   0.010    4.8ms    993     3
 294.2      8.8      159.0      11    9.96   0.010    4.8ms    993     3
 294.7      8.8      139.1      15   10.04   0.010    4.8ms    993     3
 295.2      8.8      145.2       9    9.99   0.010    4.8ms    993     3
 295.7      8.8      145.2      13    9.99   0.010    4.8ms    993     3
 296.2      8.8      171.0      14    9.99   0.010    4.8ms    993     3
 296.7      8.8      127.1      16   10.01   0.010    4.8ms    993     3
 297.2      8.8      141.1      14   10.01   0.010    4.8ms    993     3
 297.7      8.8      137.1      10   10.01   0.010    4.8ms    993     3
 298.2      8.8      139.1      14    9.99   0.010    4.8ms    993     3
 298.7      8.9      166.0      13   10.00   0.010    4.8ms    993     3
 299.2      8.9      151.0      10   10.01   0.010    4.8ms    993     3
 299.7      8.9      151.9      16    9.99   0.010    4.8ms    993     3
 300.2      8.9      181.3      12   10.00   0.010    4.8ms    993     3
 300.7      8.9      135.1      16   10.01   0.010    4.8ms    993     3
 301.2      8.9      170.7      12    9.98   0.010    4.8ms    993     3
 301.7      8.9      145.3      12    9.98   0.010    4.8ms    993     3
 302.2      8.9      165.8      12   10.02   0.010    4.8ms    993     3
 302.7      8.9      157.1      11   10.02   0.010    4.8ms    993     3
 303.2      8.9      143.9      13    9.98   0.010    4.8ms    993     3
 303.7      8.9      153.0      13   10.01   0.010    4.8ms    993     3
 304.2      8.9      145.8      16   10.00   0.010    4.8ms    993     3
 304.7      9.0      140.1      16    9.99   0.010    4.8ms    993     3
 305.2      9.0      149.8      16   10.01   0.010    4.8ms    993     3
 305.8      9.0      151.8      16    9.98   0.010    4.8ms    993     3
 306.3      9.0      166.9       9   10.04   0.010    4.8ms    993     3
 306.8      9.0      147.9      15    9.98   0.010    4.8ms    993     3
 307.3      9.0      172.3      11   10.00   0.010    4.8ms    993     3
 307.8      9.0      155.1      10    9.99   0.010    4.8ms    993     3
 308.3      9.0      149.0      15   10.01   0.010    4.8ms    993     3
 308.8      9.0      166.8      11   10.01   0.010    4.8ms    993     3
 309.3      9.0      149.9      11    9.99   0.010    4.8ms    993     3
 309.8      9.0      133.1      17   10.01   0.010    4.8ms    993     3
 310.3      9.0      149.0      11    9.99   0.010    4.8ms    993     3
 310.8      9.0      158.8       9   10.00   0.010    4.8ms    993     3
 311.3      9.0      130.0      11   10.00   0.010    4.8ms    993     3
 311.8      9.1      145.9      12    9.98   0.010    4.8ms    993     3
 312.3      9.1      152.2      12   10.03   0.010    4.8ms    993     3
 312.8      9.1      149.6      12    9.99   0.010    4.8ms    993     3
 313.3      9.1      132.1      13   10.00   0.010    4.8ms    993     3
 313.8      9.1      159.3      14   10.00   0.010    4.8ms    993     3
 314.4      9.1      149.8       0   10.00   0.010    4.8ms    993     3
 314.9      9.1      171.8       8   10.00   0.010    4.8ms    993     3
 315.4      9.1      157.8      11   10.01   0.010    4.8ms    993     3
 315.9      9.1      112.4      15    9.99   0.010    4.8ms    993     3
 316.4      9.1      159.7      11   10.01   0.010    4.8ms    993     3
 316.9      9.1      124.2      13   10.00   0.010    4.8ms    993     3
 317.4      9.1      141.9      17    9.98   0.010    4.8ms    993     3
 317.9      9.1      138.2       9   10.02   0.010    4.8ms    993     3
 318.4      9.1      138.9      11   10.00   0.010    4.8ms    993     3
 318.9      9.1      154.7      11   10.00   0.010    4.8ms    993     3
 319.4      9.1      128.5      13   10.01   0.010    4.8ms    993     3
 319.9      9.1      154.9      11   10.01   0.010    4.8ms    993     3
 320.4      9.1      157.7      12    9.98   0.010    4.8ms    993     3
 320.9      9.1      150.2      14   10.00   0.010    4.8ms    993     3
 321.4      9.1      153.8      13   10.01   0.010    4.8ms    993     3
 321.9      9.2      158.5      13   10.01   0.010    4.8ms    993     3
 322.5      9.2      157.7      15   10.00   0.010    4.8ms    993     3
 323.0      9.2      138.7      16   10.01   0.010    4.8ms    993     3
 323.5      9.2      145.8      16    9.98   0.010    4.8ms    993     3
 324.0      9.2      158.0       9   10.00   0.010    4.8ms    993     3
 324.5      9.2      133.9      12   10.01   0.010    4.8ms    993     3
 325.0      9.2      149.6      11    9.99   0.010    4.8ms    993     3
 325.5      9.2      165.7       7   10.01   0.010    4.8ms    993     3
 326.0      9.2      165.5      12   10.00   0.010    4.8ms    993     3
 326.5      9.2      121.9      13    9.98   0.010    4.8ms    993     3
 327.0      9.2      159.0      13   10.01   0.010    4.8ms    993     3
 327.5      9.2      152.2      13   10.00   0.010    4.8ms    993     3
 328.0      9.2      151.9      12    9.99   0.010    4.8ms    993     3
 328.5      9.2      149.8       8   10.00   0.010    4.8ms    993     3
 329.0      9.2      157.0      13   10.01   0.010    4.8ms    993     3
 329.5      9.2      136.2      13   10.00   0.010    4.8ms    993     3
 330.0      9.3      122.9      14    9.98   0.010    4.8ms    993     3
 330.6      9.3      157.6      15   10.00   0.010    4.8ms    993     3
 331.1      9.3      140.1       9   10.02   0.010    4.8ms    993     3
 331.6      9.3      152.0      11   10.00   0.010    4.8ms    993     3
 332.1      9.3      162.9      10   10.01   0.010    4.8ms    993     3
 332.6      9.3      152.0      14    9.99   0.010    4.8ms    993     3
 333.1      9.3      131.9      14    9.99   0.010    4.8ms    993     3
 333.6      9.3      156.7      14    9.99   0.010    4.8ms    993     3
 334.1      9.3      153.9       9   10.01   0.010    4.8ms    993     3
 334.6      9.3      149.7      10   10.00   0.010    4.8ms    993     3
 335.1      9.3      141.9       9   10.00   0.010    4.8ms    993     3
 335.6      9.3      140.6      12   10.00   0.010    4.8ms    993     3
 336.1      9.3      176.8      11   10.00   0.010    4.8ms    993     3
 336.6      9.3      141.8      15    9.99   0.010    4.8ms    993     3
 337.1      9.3      148.7      12   10.01   0.010    4.8ms    993     3
 337.6      9.3      172.0       9    9.98   0.010    4.8ms    993     3
 338.1      9.3      163.4       8   10.02   0.010    4.8ms    993     3
 338.7      9.3      118.6      14    9.98   0.010    4.8ms    993     3
 339.2      9.3      145.1      16    9.99   0.010    4.8ms    993     3
 339.7      9.3      164.9      10   10.01   0.010    4.8ms    993     3
 340.2      9.3      157.7       7   10.00   0.010    4.8ms    993     3
 340.7      9.3      146.2       9   10.01   0.010    4.8ms    993     3
 341.2      9.3      147.9      13   10.01   0.010    4.8ms    993     3
 341.7      9.4      147.9      16    9.99   0.010    4.8ms    993     3
 342.2      9.4      167.8      14    9.99   0.010    4.8ms    993     3
 342.7      9.4      135.9      13   10.00   0.010    4.8ms    993     3
 343.2      9.4      147.0      15    9.99   0.010    4.8ms    993     3
 343.7      9.4      152.0      12   10.02   0.010    4.8ms    993     3
 344.2      9.4      154.0      12   10.02   0.010    4.8ms    993     3
 344.7      9.4      159.8      12    9.99   0.010    4.8ms    993     3
 345.2      9.4      151.5      11   10.01   0.010    4.8ms    993     3
 345.7      9.4      157.7      13   10.00   0.010    4.8ms    993     3
 346.3      9.4      147.0      13   10.01   0.010    4.8ms    993     3
 346.8      9.4      147.8      17    9.98   0.010    4.8ms    993     3
 347.3      9.4      169.7      14   10.02   0.010    4.8ms    993     3
 347.8      9.4      165.5       9    9.98   0.010    4.8ms    993     3
 348.3      9.5      124.3      15   10.02   0.010    4.8ms    993     3
 348.8      9.5      142.8      11    9.97   0.010    4.8ms    993     3
 349.3      9.5      130.2      12   10.01   0.010    4.8ms    993     3
 349.8      9.5      148.2      13   10.03   0.010    4.8ms    993     3
 350.3      9.5      131.1      11   10.01   0.010    4.8ms    993     3
 350.8      9.5      147.7      11   10.00   0.010    4.8ms    993     3
 351.3      9.5      162.1      11    9.98   0.010    4.8ms    993     3
 351.8      9.5      184.9      10   10.01   0.010    4.8ms    993     3
 352.3      9.5      129.0      14   10.00   0.010    4.8ms    993     3
 352.8      9.5      149.1      16   10.01   0.010    4.8ms    993     3
 353.3      9.5      129.1      11    9.98   0.010    4.8ms    993     3
 353.8      9.5      146.8      11    9.99   0.010    4.8ms    993     3
 354.3      9.5      165.5      13   10.00   0.010    4.8ms    993     3
 354.8      9.5      155.6      14   10.00   0.010    4.8ms    993     3
 355.4      9.5      129.8      16   10.00   0.010    4.8ms    993     3
 355.9      9.5      148.0      10   10.01   0.010    4.8ms    993     3
 356.4      9.6      127.7      15    9.99   0.010    4.8ms    993     3
 356.9      9.6      154.0      10   10.00   0.010    4.8ms    993     3
 357.4      9.5      143.1       7   10.02   0.010    4.8ms    993     3
 357.9      9.6      137.1      16    9.99   0.010    4.8ms    993     3
 358.4      9.6      124.8      14   10.00   0.010    4.8ms    993     3
 358.9      9.6      181.7      13    9.98   0.010    4.8ms    993     3
 359.4      9.6      167.0       9   10.04   0.010    4.8ms    993     3
 359.9      9.6      165.4      11   10.00   0.010    4.8ms    993     3
 360.4      9.6      136.7      12   10.00   0.010    4.8ms    993     3
 360.9      9.6      140.8      12    9.99   0.010    4.8ms    993     3
 361.4      9.6      147.8      11   10.00   0.010    4.8ms    993     3
 361.9      9.6      135.9      15    9.97   0.010    4.8ms    993     3
 362.4      9.6      155.3      13   10.02   0.010    4.8ms    993     3
 362.9      9.6      147.3      13    9.99   0.010    4.8ms    993     3
 363.5      9.6      159.9      12   10.02   0.010    4.8ms    993     3
 364.0      9.6      145.5      11    9.98   0.010    4.8ms    993     3
 364.5      9.6      157.5      11    9.99   0.010    4.8ms    993     3
 365.0      9.6      178.8       9   10.03   0.010    4.8ms    993     3
 365.5      9.6      138.7      13    9.98   0.010    4.8ms    993     3
 366.0      9.6      142.0      12   10.01   0.010    4.8ms    993     3
 366.5      9.6      139.8      15    9.99   0.010    4.8ms    993     3
 367.0      9.7      149.2      13    9.99   0.010    4.8ms    993     3
 367.5      9.7      157.1      15   10.02   0.010    4.8ms    993     3
 368.0      9.7      129.5      13    9.98   0.010    4.8ms    993     3
 368.5      9.7      157.9      14   10.02   0.010    4.8ms    993     3
 369.0      9.7      146.6      13   10.01   0.010    4.8ms    993     3
 369.5      9.7      134.1      14    9.99   0.010    4.8ms    993     3
 370.0      9.7      131.6      14   10.01   0.010    4.8ms    993     3
 370.6      9.7      135.8      11    9.97   0.010    4.8ms    993     3
 371.1      9.7      163.6       9   10.03   0.010    4.8ms    993     3
 371.6      9.7      137.8      11   10.01   0.010    4.8ms    993     3
 372.1      9.7      134.1      12    9.98   0.010    4.8ms    993     3
 372.6      9.7      183.2       6    9.98   0.010    4.8ms    993     3
 373.1      9.7      144.8      13   10.04   0.010    4.8ms    993     3
 373.6      9.7      169.3      13    9.99   0.010    4.8ms    993     3
 374.1      9.7      191.5      13    9.99   0.010    4.8ms    993     3
 374.6      9.7      147.4      13   10.00   0.010    4.8ms    993     3
 375.1      9.7      139.1      17    9.99   0.010    4.8ms    993     3
 375.6      9.7      150.8      12   10.02   0.010    4.8ms    993     3
 376.1      9.7      137.5       9    9.97   0.010    4.8ms    993     3
 376.6      9.8      130.1      16   10.03   0.010    4.8ms    993     3
 377.1      9.8      136.2      16    9.97   0.010    4.8ms    993     3
 377.7      9.8      153.0      16   10.03   0.010    4.8ms    993     3
 378.2      9.8      141.1      12   10.02   0.010    4.8ms    993     3
 378.7      9.8      161.3      11    9.98   0.010    4.8ms    993     3
 379.2      9.8      152.5      15    9.98   0.010    4.8ms    993     3
 379.7      9.8      151.8      10   10.01   0.010    4.8ms    993     3
 380.2      9.8      157.8      12   10.01   0.010    4.8ms    993     3
 380.7      9.8      133.8      15   10.01   0.010    4.8ms    993     3
 381.2      9.8      146.1      12   10.00   0.010    4.8ms    993     3
 381.7      9.8      122.1      13    9.99   0.010    4.8ms    993     3
 382.2      9.8      151.5      11   10.01   0.010    4.8ms    993     3
 382.7      9.8      161.7      11   10.01   0.010    4.8ms    993     3
 383.2      9.8      155.5       9    9.99   0.010    4.8ms    993     3
 383.7      9.8      149.0      10   10.01   0.010    4.8ms    993     3
 384.2      9.8      146.9      15    9.98   0.010    4.8ms    993     3
 384.7      9.8      151.9      13   10.01   0.010    4.8ms    993     3
 385.2      9.8      140.7      10   10.01   0.010    4.8ms    993     3
 385.8      9.9      163.2      13    9.98   0.010    4.8ms    993     3
 386.3      9.9      164.9      19   10.01   0.010    4.8ms    993     3
 386.8      9.9      181.8      12   10.00   0.010    4.8ms    993     3
 387.3      9.9      151.1      11   10.02   0.010    4.8ms    993     3
 387.8      9.9      137.7      10    9.98   0.010    4.8ms    993     3
 388.3      9.9      141.9      14   10.00   0.010    4.8ms    993     3
 388.8      9.9      135.9      13    9.99   0.010    4.8ms    993     3
 389.3      9.9      147.8      13   10.00   0.010    4.8ms    993     3
 389.8      9.9      145.7      12    9.99   0.010    4.8ms    993     3
 390.3      9.9      161.9      11   10.02   0.010    4.8ms    993     3
 390.8      9.9      150.1      11   10.00   0.010    4.8ms    993     3
 391.3      9.9      136.3      13    9.98   0.010    4.8ms    993     3
 391.8      9.9      124.1      14   10.00   0.010    4.8ms    993     3
 392.3      9.9      201.3      13   10.01   0.010    4.8ms    993     3
 392.8      9.9      147.4      15   10.00   0.010    4.8ms    993     3
 393.4      9.9      175.4      15   10.00   0.010    4.8ms    993     3
 393.9     10.0      169.3      14    9.99   0.010    4.8ms    993     3
 394.4     10.0      163.4      13   10.01   0.010    4.8ms    993     3
 394.9     10.0      159.7      15   10.00   0.010    4.8ms    993     3
 395.4     10.0      139.7      16    9.98   0.010    4.8ms    993     3
 395.9     10.0      170.9       9   10.01   0.010    4.8ms    993     3
 396.4     10.0      115.3      12    9.99   0.010    4.8ms    993     3
 396.9     10.0      153.0      13   10.01   0.010    4.8ms    993     3
 397.4     10.0      137.2      18   10.00   0.010    4.8ms    993     3
 397.9     10.0      144.0       8    9.98   0.010    4.8ms    993     3
 398.4     10.0      137.9      14   10.00   0.010    4.8ms    993     3
 398.9     10.0      138.7      13   10.00   0.010    4.8ms    993     3
 399.4     10.0      153.9      15   10.02   0.010    4.8ms    993     3
 399.9     10.0      173.1      11    9.98   0.010    4.8ms    993     3
 400.4     10.0      151.7      11   10.00   0.010    4.8ms    993     3
 400.9     10.0      135.9      14   10.02   0.010    4.8ms    993     3
 401.5     10.0      135.7      13   10.00   0.010    4.8ms    993     3
 402.0     10.1      167.7      12    9.99   0.010    4.8ms    993     3
 402.5     10.1      151.8      10   10.01   0.010    4.8ms    993     3
 403.0     10.1      161.6      10   10.00   0.010    4.8ms    993     3
 403.5     10.0      157.6       8   10.00   0.010    4.8ms    993     3
 404.0     10.1      127.8      12   10.00   0.010    4.8ms    993     3
 404.5     10.1      159.5      12    9.99   0.010    4.8ms    993     3
 405.0     10.1      153.5       9   10.01   0.010    4.8ms    993     3
 405.5     10.1      118.2      11    9.97   0.010    4.8ms    993     3
 406.0     10.1      167.5      12   10.02   0.010    4.8ms    993     3
 406.5     10.1      149.5      10   10.00   0.010    4.8ms    993     3
 407.0     10.1      134.1      12   10.01   0.010    4.8ms    993     3
 407.5     10.1      124.3      14    9.97   0.010    4.8ms    993     3
 408.1     10.1      143.8      12   10.02   0.010    4.8ms    993     3
 408.6     10.1      167.7      14   10.01   0.010    4.8ms    993     3
 409.1     10.1      134.2      12    9.99   0.010    4.8ms    993     3
 409.6     10.1      138.1      16    9.99   0.010    4.8ms    993     3
 410.1     10.1      145.7      13   10.01   0.010    4.8ms    993     3
 410.6     10.1      140.2      11   10.00   0.010    4.8ms    993     3
 411.1     10.1      159.6      10   10.00   0.010    4.8ms    993     3
 411.6     10.1      142.0      19   10.01   0.010    4.8ms    993     3
 412.1     10.1      157.5      14    9.99   0.010    4.8ms    993     3
 412.6     10.1      140.1      15    9.99   0.010    4.8ms    993     3
 413.1     10.1      141.8      15   10.00   0.010    4.8ms    993     3
 413.6     10.2      157.3      15   10.00   0.010    4.8ms    993     3
 414.1     10.2      139.7      14   10.01   0.010    4.8ms    993     3
 414.7     10.2      173.6      14    9.99   0.010    4.8ms    993     3
 415.2     10.2      160.1      12   10.01   0.010    4.8ms    993     3
 415.7     10.2      138.0      13   10.00   0.010    4.8ms    993     3
 416.2     10.2      136.8      11   10.01   0.010    4.8ms    993     3
 416.7     10.2      140.6       8   10.00   0.010    4.8ms    993     3
 417.2     10.2      130.9      12    9.99   0.010    4.8ms    993     3
 417.7     10.2      169.6      13    9.98   0.010    4.8ms    993     3
 418.2     10.2      146.1      12   10.00   0.010    4.8ms    993     3
 418.7     10.2      150.7      14   10.02   0.010    4.8ms    993     3
 419.2     10.2      170.8      14   10.01   0.010    4.8ms    993     3
 419.7     10.2      142.8      15    9.99   0.010    4.8ms    993     3
 420.2     10.2      161.6      18   10.00   0.010    4.8ms    993     3
 420.7     10.2      151.8      12    9.98   0.010    4.8ms    993     3
 421.2     10.2      161.5      11   10.02   0.010    4.8ms    993     3
 421.7     10.2      163.5      11    9.99   0.010    4.8ms    993     3
 422.2     10.3      139.8      15   10.00   0.010    4.8ms    993     3
 422.7     10.3      157.3      14   10.00   0.010    4.8ms    993     3
 423.3     10.3      141.9      15   10.00   0.010    4.8ms    993     3
 423.8     10.3      130.4      14   10.00   0.010    4.8ms    993     3
 424.3     10.3      185.1      12    9.99   0.010    4.8ms    993     3
 424.8     10.3      148.2      13   10.00   0.010    4.8ms    993     3
 425.3     10.3      152.6      14    9.99   0.010    4.8ms    993     3
 425.8     10.3      164.2      12   10.02   0.010    4.8ms    993     3
 426.3     10.3      138.4      14   10.01   0.010    4.8ms    993     3
 426.8     10.3      154.9      14   10.01   0.010    4.8ms    993     3
 427.3     10.3      161.7      13    9.99   0.010    4.8ms    993     3
 427.8     10.3      136.5      17    9.99   0.010    4.8ms    993     3
 428.3     10.3      141.9      16   10.00   0.010    4.8ms    993     3
 428.8     10.3      167.3       6    9.99   0.010    4.8ms    993     3
 429.3     10.3      163.4      15   10.01   0.010    4.8ms    993     3
 429.8     10.4      161.4      17   10.01   0.010    4.8ms    993     3
 430.3     10.4      161.9      12   10.00   0.010    4.8ms    993     3
 430.9     10.4      157.5      13    9.99   0.010    4.8ms    993     3
 431.4     10.4      159.6      10   10.00   0.010    4.8ms    993     3
 431.9     10.4      149.2      12   10.01   0.010    4.8ms    993     3
 432.4     10.4      116.6      14   10.00   0.010    4.8ms    993     3
 432.9     10.4      140.1       8    9.99   0.010    4.8ms    993     3
 433.4     10.4      141.8      12    9.97   0.010    4.8ms    993     3
 433.9     10.4      152.0      13   10.04   0.010    4.8ms    993     3
 434.4     10.4      131.8      13    9.99   0.010    4.8ms    993     3
 434.9     10.4      137.7      15    9.99   0.010    4.8ms    993     3
 435.4     10.4      171.2      16   10.01   0.010    4.8ms    993     3
 435.9     10.4      132.0      14   10.00   0.010    4.8ms    993     3
 436.4     10.4      163.5      10   10.02   0.010    4.8ms    993     3
 437.0     10.4      168.0      10    9.98   0.010    4.8ms    993     3
 437.5     10.4      149.0       7   10.03   0.010    4.8ms    993     3
 438.0     10.4      144.4      10    9.99   0.010    4.8ms    993     3
 438.5     10.4      163.0      13    9.99   0.010    4.8ms    993     3
 439.0     10.4      132.2      14    9.99   0.010    4.8ms    993     3
 439.5     10.4      139.1      14   10.01   0.010    4.8ms    993     3
 440.0     10.4      152.2      13    9.96   0.010    4.8ms    993     3
 440.5     10.4      149.6      10   10.03   0.010    4.8ms    993     3
 441.0     10.4      131.9      14    9.99   0.010    4.8ms    993     3
 441.5     10.4      137.2      10   10.02   0.010    4.8ms    993     3
 442.0     10.4      166.3      11   10.00   0.010    4.8ms    993     3
 442.5     10.4      140.3      10   10.00   0.010    4.8ms    993     3
 443.0     10.4      133.1      15    9.99   0.010    4.8ms    993     3
 443.5     10.4      178.7      11   10.01   0.010    4.8ms    993     3
 444.0     10.4      126.1      12   10.00   0.010    4.8ms    993     3
 444.5     10.5      148.4      14    9.99   0.010    4.8ms    993     3
 445.0     10.5      163.7      13   10.01   0.010    4.8ms    993     3
 445.5     10.5      144.5      16   10.00   0.010    4.8ms    993     3
 446.1     10.5      167.0      16    9.99   0.010    4.8ms    993     3
 446.6     10.5      136.2      12    9.99   0.010    4.8ms    993     3
 447.1     10.5      144.0      13    9.98   0.010    4.8ms    993     3
 447.6     10.5      146.0      17   10.03   0.010    4.8ms    993     3
 448.1     10.5      140.6      13    9.98   0.010    4.8ms    993     3
 448.6     10.5      129.9      10   10.01   0.010    4.8ms    993     3
 449.1     10.5      158.3      14    9.97   0.010    4.8ms    993     3
 449.6     10.5      165.3       9   10.01   0.010    4.8ms    993     3
 450.1     10.5      126.2      15   10.00   0.010    4.8ms    993     3
 450.6     10.5      144.1      12   10.01   0.010    4.8ms    993     3
 451.1     10.5      161.4      12    9.99   0.010    4.8ms    993     3
 451.6     10.5      157.3      11   10.00   0.010    4.8ms    993     3
 452.1     10.5      131.2      15    9.99   0.010    4.8ms    993     3
 452.6     10.5      152.4      11   10.02   0.010    4.8ms    993     3
 453.1     10.5      117.1      18   10.00   0.010    4.8ms    993     3
 453.7     10.6      170.8      13    9.98   0.010    4.8ms    993     3
 454.2     10.6      149.1      13    9.99   0.010    4.8ms    993     3
 454.7     10.6      170.7      11   10.02   0.010    4.8ms    993     3
 455.2     10.6      157.2      16    9.97   0.010    4.8ms    993     3
 455.7     10.6      136.3       7   10.02   0.010    4.8ms    993     3
 456.2     10.6      129.2      18    9.99   0.010    4.8ms    993     3
 456.7     10.6      148.6      17   10.01   0.010    4.8ms    993     3
 457.2     10.6      156.3      13    9.99   0.010    4.8ms    993     3
 457.7     10.6      161.6      15    9.98   0.010    4.8ms    993     3
 458.2     10.6      175.8      11   10.02   0.010    4.8ms    993     3
 458.7     10.6      147.8      13   10.00   0.010    4.8ms    993     3
 459.2     10.6      143.1      10   10.01   0.010    4.8ms    993     3
 459.7     10.6      135.2      13    9.99   0.010    4.8ms    993     3
 460.2     10.6      168.8      10   10.01   0.010    4.8ms    993     3
 460.7     10.6      158.8      10   10.00   0.010    4.8ms    993     3
 461.2     10.6      161.5       8   10.00   0.010    4.8ms    993     3
 461.7     10.6      129.2      11    9.99   0.010    4.8ms    993     3
 462.2     10.6      141.7      17   10.01   0.010    4.8ms    993     3
 462.7     10.6      193.0      10   10.00   0.010    4.8ms    993     3
 463.3     10.6      149.0      13   10.01   0.010    4.8ms    993     3
 463.8     10.6      120.1      14    9.99   0.010    4.8ms    993     3
 464.3     10.6      144.0      14   10.01   0.010    4.8ms    993     3
 464.8     10.6      175.7      12    9.99   0.010    4.8ms    993     3
 465.3     10.6      160.9      13    9.99   0.010    4.8ms    993     3
 465.8     10.7      151.0      15   10.01   0.010    4.8ms    993     3
 466.3     10.7      138.9      13   10.00   0.010    4.8ms    993     3
 466.8     10.7      145.1      14   10.01   0.010    4.8ms    993     3
 467.3     10.7      159.0      11    9.99   0.010    4.8ms    993     3
 467.8     10.7      149.1      14   10.01   0.010    4.8ms    993     3
 468.3     10.7      136.8      13    9.99   0.010    4.8ms    993     3
 468.8     10.7      166.7      11   10.00   0.010    4.8ms    993     3
 469.3     10.7      118.5      13    9.98   0.010    4.8ms    993     3
 469.8     10.7      163.3       7   10.01   0.010    4.8ms    993     3
 470.3     10.7      170.6      14   10.00   0.010    4.8ms    993     3
 470.8     10.7      126.1      11   10.02   0.010    4.8ms    993     3
 471.3     10.7      165.8      10    9.99   0.010    4.8ms    993     3
 471.8     10.7      134.2      14    9.96   0.010    4.8ms    993     3
 472.3     10.7      149.9      14   10.04   0.010    4.8ms    993     3
 472.9     10.7      145.8      11   10.00   0.010    4.8ms    993     3
 473.4     10.7      140.1      14    9.99   0.010    4.8ms    993     3
 473.9     10.7      125.9      13   10.01   0.010    4.8ms    993     3
 474.4     10.7      161.1      15   10.00   0.010    4.8ms    993     3
 474.9     10.7      146.0      13   10.01   0.010    4.8ms    993     3
 475.4     10.7      161.3      10    9.99   0.010    4.8ms    993     3
 475.9     10.7      157.6      12   10.00   0.010    4.8ms    993     3
 476.4     10.7      153.3      16   10.00   0.010    4.8ms    993     3
 476.9     10.7      153.5      15   10.01   0.010    4.8ms    993     3
 477.4     10.7      148.6      11   10.01   0.010    4.8ms    993     3
 477.9     10.8      126.0      17    9.99   0.010    4.8ms    993     3
 478.4     10.8      161.5      13    9.99   0.010    4.8ms    993     3
 478.9     10.8      155.3      13   10.00   0.010    4.8ms    993     3
 479.5     10.8      143.8      16   10.00   0.010    4.8ms    993     3
 480.0     10.8      181.4       9   10.01   0.010    4.8ms    993     3
 480.5     10.8      108.5      18   10.01   0.010    4.8ms    993     3
 481.0     10.8      146.0      14    9.99   0.010    4.8ms    993     3
 481.5     10.8      137.8      15    9.99   0.010    4.8ms    993     3
 482.0     10.8      145.9      11   10.01   0.010    4.8ms    993     3
 482.5     10.8      153.4      11   10.00   0.010    4.8ms    993     3
 483.0     10.8      122.3      13   10.01   0.010    4.8ms    993     3
 483.5     10.8      163.5      11   10.00   0.010    4.8ms    993     3
 484.0     10.8      150.0      14    9.99   0.010    4.8ms    993     3
 484.5     10.8      148.5      14   10.00   0.010    4.8ms    993     3
 485.0     10.8      141.1      15   10.01   0.010    4.8ms    993     3
 485.5     10.8      165.0      14    9.97   0.010    4.8ms    993     3
 486.0     10.8      159.7      11   10.03   0.010    4.8ms    993     3
 486.5     10.8      140.2      11   10.00   0.010    4.8ms    993     3
 487.0     10.8      143.6      16   10.01   0.010    4.8ms    993     3
 487.6     10.9      134.0      16   10.00   0.010    4.8ms    993     3
 488.1     10.8      145.8       9   10.00   0.010    4.8ms    993     3
 488.6     10.9      126.1      13   10.00   0.010    4.8ms    993     3
 489.1     10.9      164.9      12   10.01   0.010    4.8ms    993     3
 489.6     10.8      169.6       7    9.98   0.010    4.8ms    993     3
 490.1     10.9      143.9      14   10.03   0.010    4.8ms    993     3
 490.6     10.8      156.0      10    9.97   0.010    4.8ms    993     3
 491.1     10.9      134.2      12   10.01   0.010    4.8ms    993     3
 491.6     10.9      147.9      13   10.01   0.010    4.8ms    993     3
 492.1     10.9      159.5      10    9.99   0.010    4.8ms    993     3
 492.6     10.9      132.3      14    9.97   0.010    4.8ms    993     3
 493.1     10.9      156.1      15   10.03   0.010    4.8ms    993     3
 493.6     10.9      141.1      17   10.01   0.010    4.8ms    993     3
 494.1     10.9      133.1      15    9.98   0.010    4.8ms    993     3
 494.6     10.9      173.7       8   10.01   0.010    4.8ms    993     3
 495.2     10.9      165.4      15    9.99   0.010    4.8ms    993     3
 495.7     10.9      156.9      14   10.01   0.010    4.8ms    993     3
 496.2     10.9      137.2      11    9.97   0.010    4.8ms    993     3
 496.7     10.9      133.0      12   10.03   0.010    4.8ms    993     3
 497.2     10.9      149.5      15    9.98   0.010    4.8ms    993     3
 497.7     10.9      164.6       9   10.01   0.010    4.8ms    993     3
 498.2     10.9      122.1      17    9.99   0.010    4.8ms    993     3
 498.7     10.9      142.3      11    9.98   0.010    4.8ms    993     3
 499.2     10.9      153.5      16   10.01   0.010    4.8ms    993     3
 499.7     10.9      183.6      13   10.00   0.010    4.8ms    993     3
 500.2     10.9      166.3      13   10.00   0.010    4.8ms    993     3
 500.7     10.9      136.2      11   10.02   0.010    4.8ms    993     3
 501.2     10.9      161.0       8    9.99   0.010    4.8ms    993     3
 501.7     10.9      161.5      16    9.97   0.010    4.8ms    993     3
 502.2     10.9      157.4      10   10.01   0.010    4.8ms    993     3
 502.7     10.9      141.7      14   10.01   0.010    4.8ms    993     3
 503.3     10.9      147.6      10   10.01   0.010    4.8ms    993     3
 503.8     10.9      163.0      12   10.01   0.010    4.8ms    993     3
 504.3     11.0      146.0      18    9.99   0.010    4.8ms    993     3
 504.8     11.0      147.1      12   10.02   0.010    4.8ms    993     3
 505.3     11.0      131.2      13    9.99   0.010    4.8ms    993     3
 505.8     11.0      155.0      14    9.99   0.010    4.8ms    993     3
 506.3     11.0      139.2      17   10.02   0.010    4.8ms    993     3
 506.8     11.0      135.1      13    9.99   0.010    4.8ms    993     3
 507.3     11.0      169.7      14    9.99   0.010    4.8ms    993     3
 507.8     11.0      155.9      14   10.02   0.010    4.8ms    993     3
 508.3     11.0      150.1      11   10.00   0.010    4.8ms    993     3
 508.8     11.0      149.8      11   10.01   0.010    4.8ms    993     3
 509.3     11.0      171.0      10    9.98   0.010    4.8ms    993     3
 509.8     11.0      130.0       9    9.99   0.010    4.8ms    993     3
 510.3     11.0      128.3      13   10.01   0.010    4.8ms    993     3
 510.8     11.0      149.5      12    9.99   0.010    4.8ms    993     3
 511.3     11.0      140.1      12    9.99   0.010    4.8ms    993     3
 511.9     11.0      152.9      14   10.01   0.010    4.8ms    993     3
 512.4     11.0      126.0      11   10.02   0.010    4.8ms    993     3
 512.9     11.0      159.1      13    9.99   0.010    4.8ms    993     3
 513.4     11.0      131.9      12    9.99   0.010    4.8ms    993     3
 513.9     11.0      161.4      13   10.01   0.010    4.8ms    993     3
 514.4     11.0      151.8      13   10.00   0.010    4.8ms    993     3
 514.9     11.0      136.2      15    9.99   0.010    4.8ms    993     3
 515.4     11.0      132.0      14   10.00   0.010    4.8ms    993     3
 515.9     11.0      132.4      13   10.00   0.010    4.8ms    993     3
 516.4     11.0      149.5      13   10.01   0.010    4.8ms    993     3
 516.9     11.0      149.0      13    9.99   0.010    4.8ms    993     3
 517.4     11.0      151.9       6   10.01   0.010    4.8ms    993     3
 517.9     11.0      126.3      15    9.99   0.010    4.8ms    993     3
 518.4     11.0      153.7      11    9.98   0.010    4.8ms    993     3
 518.9     11.1      147.7      17   10.02   0.010    4.8ms    993     3
 519.5     11.1      159.8       9   10.01   0.010    4.8ms    993     3
 520.0     11.1      147.9      10    9.98   0.010    4.8ms    993     3
 520.5     11.1      157.6      12   10.00   0.010    4.8ms    993     3
 521.0     11.1      141.1      11    9.99   0.010    4.8ms    993     3
 521.5     11.1      149.4      12   10.03   0.010    4.8ms    993     3
 522.0     11.0      165.9       9   10.00   0.010    4.8ms    993     3
 522.5     11.1      161.8      15    9.99   0.010    4.8ms    993     3
 523.0     11.1      122.3      11   10.01   0.010    4.8ms    993     3
 523.5     11.1      130.1      10    9.98   0.010    4.8ms    993     3
 524.0     11.1      137.6       9    9.95   0.010    4.8ms    993     3
 524.5     11.1      131.8      14   10.06   0.010    4.8ms    993     3
 525.0     11.1      165.4      10    9.99   0.010    4.8ms    993     3
 525.5     11.1      141.5      11    9.99   0.010    4.8ms    993     3
 526.0     11.1      149.7      11   10.00   0.010    4.8ms    993     3
 526.6     11.0      170.9       7   10.01   0.010    4.8ms    993     3
 527.1     11.0      169.3      12    9.97   0.010    4.8ms    993     3
 527.6     11.1      179.5      12   10.04   0.010    4.8ms    993     3
 528.1     11.1      143.7      15    9.99   0.010    4.8ms    993     3
 528.6     11.1      151.9      10   10.01   0.010    4.8ms    993     3
 529.1     11.1      139.2      14   10.00   0.010    4.8ms    993     3
 529.6     11.1      133.8      17    9.99   0.010    4.8ms    993     3
 530.1     11.1      145.9      10   10.01   0.010    4.8ms    993     3
 530.6     11.1      138.8      13   10.01   0.010    4.8ms    993     3
 531.1     11.1      155.6      14    9.99   0.010    4.8ms    993     3
 531.6     11.1      161.5      11    9.99   0.010    4.8ms    993     3
 532.1     11.1      136.4      12   10.01   0.010    4.8ms    993     3
 532.6     11.1      143.7      13    9.99   0.010    4.8ms    993     3
 533.1     11.1      141.9      14   10.00   0.010    4.8ms    993     3
 533.7     11.1      149.9      10   10.01   0.010    4.8ms    993     3
 534.2     11.1      154.0      14   10.00   0.010    4.8ms    993     3
 534.7     11.1      163.3       9   10.01   0.010    4.8ms    993     3
 535.2     11.1      110.3      18   10.00   0.010    4.8ms    993     3
 535.7     11.1      167.8      10   10.00   0.010    4.8ms    993     3
 536.2     11.1      171.5      10   10.00   0.010    4.8ms    993     3
 536.7     11.1      157.7       0    9.98   0.010    4.8ms    993     3
 537.2     11.1      151.1      15   10.01   0.010    4.8ms    993     3
 537.7     11.1      159.4      14   10.01   0.010    4.8ms    993     3
 538.2     11.1      163.6      12   10.00   0.010    4.8ms    993     3
 538.7     11.1      151.6       8    9.97   0.010    4.8ms    993     3
 539.2     11.1      141.7      14   10.03   0.010    4.8ms    993     3
 539.7     11.1      169.7      14   10.02   0.010    4.8ms    993     3
 540.3     11.1      130.0      14    9.95   0.010    4.8ms    993     3
 540.8     11.1      160.0      11   10.03   0.010    4.8ms    993     3
 541.3     11.1      137.7      12   10.01   0.010    4.8ms    993     3
 541.8     11.1      153.4      14   10.00   0.010    4.8ms    993     3
 542.3     11.1      142.0      11   10.01   0.010    4.8ms    993     3
 542.8     11.1      153.1      17   10.02   0.010    4.8ms    993     3
 543.3     11.1      166.9      14    9.99   0.010    4.8ms    993     3
 543.8     11.1      147.0       0   10.01   0.010    4.8ms    993     3
 544.3     11.1      131.2      13    9.99   0.010    4.8ms    993     3
 544.8     11.1      142.1      12    9.96   0.010    4.8ms    993     3
 545.3     11.1      148.0      16   10.02   0.010    4.8ms    993     3
 545.8     11.1      163.6       7   10.02   0.010    4.8ms    993     3
 546.3     11.1      136.1      12    9.99   0.010    4.8ms    993     3
 546.8     11.1      111.2      19   10.00   0.010    4.8ms    993     3
 547.3     11.1      144.2      12   10.00   0.010    4.8ms    993     3
 547.8     11.1      153.8      15    9.98   0.010    4.8ms    993     3
 548.4     11.1      149.7      10   10.02   0.010    4.8ms    993     3
 548.9     11.1      142.0      13   10.01   0.010    4.8ms    993     3
 549.4     11.1      154.8      11   10.00   0.010    4.8ms    993     3
 549.9     11.1      144.9       9    9.98   0.010    4.8ms    993     3
 550.4     11.1      151.0      14   10.01   0.010    4.8ms    993     3
 550.9     11.1      168.8      11    9.98   0.010    4.8ms    993     3
 551.4     11.2      126.1      16   10.02   0.010    4.8ms    993     3
 551.9     11.2      142.4      15    9.99   0.010    4.8ms    993     3
 552.4     11.2      153.9      12   10.02   0.010    4.8ms    993     3
 552.9     11.2      149.1      16    9.99   0.010    4.8ms    993     3
 553.4     11.2      135.6      14   10.00   0.010    4.8ms    993     3
 553.9     11.2      164.5      13   10.01   0.010    4.8ms    993     3
 554.4     11.2      126.0      14    9.97   0.010    4.8ms    993     3
 554.9     11.2      134.1      11   10.03   0.010    4.8ms    993     3
 555.4     11.2      158.2      10   10.01   0.010    4.8ms    993     3
 555.9     11.2      144.2      11   10.00   0.010    4.8ms    993     3
 556.4     11.2      120.1      14   10.00   0.010    4.8ms    993     3
 557.0     11.2      177.6      13    9.99   0.010    4.8ms    993     3
 557.5     11.2      148.0      11   10.01   0.010    4.8ms    993     3
 558.0     11.2      150.3      11    9.99   0.010    4.8ms    993     3
 558.5     11.2      143.6      16   10.01   0.010    4.8ms    993     3
 559.0     11.2      155.6      14    9.99   0.010    4.8ms    993     3
 559.5     11.2      145.9      16   10.00   0.010    4.8ms    993     3
 560.0     11.2      158.0      13   10.00   0.010    4.8ms    993     3
 560.5     11.2      167.8      11    9.99   0.010    4.8ms    993     3
 561.0     11.2      143.6      14   10.01   0.010    4.8ms    993     3
 561.5     11.2      149.9      12   10.01   0.010    4.8ms    993     3
 562.0     11.2      149.4      12   10.00   0.010    4.8ms    993     3
 562.5     11.2      153.6      10    9.99   0.010    4.8ms    993     3
 563.0     11.2      140.1       5    9.99   0.010    4.8ms    993     3
 563.6     11.2      129.9      13    9.99   0.010    4.8ms    993     3
 564.1     11.2      155.8      14   10.01   0.010    4.8ms    993     3
 564.6     11.2      136.3      14   10.02   0.010    4.8ms    993     3
 565.1     11.2      159.4      14    9.99   0.010    4.8ms    993     3
 565.6     11.2      155.9      12   10.01   0.010    4.8ms    993     3
 566.1     11.2      170.9      11    9.99   0.010    4.8ms    993     3
 566.6     11.2      126.3      14    9.97   0.010    4.8ms    993     3
 567.1     11.2      163.1      14   10.02   0.010    4.8ms    993     3
 567.6     11.2      137.5      12   10.00   0.010    4.8ms    993     3
 568.1     11.3      151.9      15    9.99   0.010    4.8ms    993     3
 568.6     11.3      135.1      14   10.04   0.010    4.8ms    993     3
 569.1     11.3      126.0      14    9.99   0.010    4.8ms    993     3
 569.6     11.3      148.2      10   10.00   0.010    4.8ms    993     3
 570.1     11.3      126.0      13    9.97   0.010    4.8ms    993     3
 570.7     11.3      156.9       8   10.03   0.010    4.8ms    993     3
 571.2     11.3      131.9      19    9.99   0.010    4.8ms    993     3
 571.7     11.3      143.1      10   10.01   0.010    4.8ms    993     3
 572.2     11.3      131.2      13    9.99   0.010    4.8ms    993     3
 572.7     11.3      135.2      15   10.02   0.010    4.8ms    993     3
 573.2     11.3      164.9      13    9.99   0.010    4.8ms    993     3
 573.7     11.3      162.0      17   10.01   0.010    4.8ms    993     3
 574.2     11.3      157.7      10    9.96   0.010    4.8ms    993     3
 574.7     11.3      143.1      11   10.04   0.010    4.8ms    993     3
 575.2     11.3      141.6       9    9.96   0.010    4.8ms    993     3
 575.7     11.3      143.2      11   10.05   0.010    4.8ms    993     3
 576.2     11.3      139.0      16    9.96   0.010    4.8ms    993     3
 576.7     11.3      140.0      10   10.03   0.010    4.8ms    993     3
 577.2     11.3      154.2      10   10.01   0.010    4.8ms    993     3
 577.7     11.3      157.0      11    9.99   0.010    4.8ms    993     3
 578.2     11.3      132.2      16   10.01   0.010    4.8ms    993     3
 578.7     11.3      140.2      12   10.00   0.010    4.8ms    993     3
 579.2     11.3      138.1      14    9.99   0.010    4.8ms    993     3
 579.7     11.3      145.4      13    9.99   0.010    4.8ms    993     3
 580.3     11.3      163.4       9   10.02   0.010    4.8ms    993     3
 580.8     11.3      161.8      10    9.99   0.010    4.8ms    993     3
 581.3     11.3      147.8      14   10.00   0.010    4.8ms    993     3
 581.8     11.3      159.9      14   10.00   0.010    4.8ms    993     3
 582.3     11.3      155.5      13   10.02   0.010    4.8ms    993     3
 582.8     11.3      151.4      14    9.98   0.010    4.8ms    993     3
 583.3     11.3      153.6      13   10.01   0.010    4.8ms    993     3
 583.8     11.3      157.6      10   10.00   0.010    4.8ms    993     3
 584.3     11.3      130.2      17   10.01   0.010    4.8ms    993     3
 584.8     11.3      143.9      13    9.98   0.010    4.8ms    993     3
 585.3     11.3      143.9      12   10.01   0.010    4.8ms    993     3
 585.8     11.4      136.0      15   10.00   0.010    4.8ms    993     3
 586.3     11.3      159.0       9   10.01   0.010    4.8ms    993     3
 586.8     11.3      147.6       8    9.99   0.010    4.8ms    993     3
 587.4     11.3      140.1      13   10.02   0.010    4.8ms    993     3
 587.9     11.3      140.0      14    9.98   0.010    4.8ms    993     3
 588.4     11.3      134.3      11   10.00   0.010    4.8ms    993     3
 588.9     11.4      143.8      15   10.00   0.010    4.8ms    993     3
 589.4     11.4      135.1      14   10.01   0.010    4.8ms    993     3
 589.9     11.4      132.0      10    9.99   0.010    4.8ms    993     3
 590.4     11.4      173.7      11    9.99   0.010    4.8ms    993     3
 590.9     11.3      132.2       7   10.01   0.010    4.8ms    993     3
 591.4     11.4      127.9      15    9.99   0.010    4.8ms    993     3
 591.9     11.4      171.6      11   10.01   0.010    4.8ms    993     3
 592.4     11.4      175.5      13   10.01   0.010    4.8ms    993     3
 592.9     11.4      143.8      10    9.99   0.010    4.8ms    993     3
 593.4     11.3      161.6       7    9.98   0.010    4.8ms    993     3
 594.0     11.3      147.6      10   10.01   0.010    4.8ms    993     3
 594.5     11.3      138.0      11   10.01   0.010    4.8ms    993     3
 595.0     11.3       15.9       0    1.33   0.010    4.8ms    993     3
 595.5     11.3        0.0       0    0.00   0.010    4.8ms    993     3
 596.0     11.3        0.0       0    0.00   0.010    4.8ms    993     3
 596.5     11.3        0.0       0    0.00   0.010    4.8ms    993     3
 597.0     11.2        0.0       0    0.00   0.010    4.8ms    993     3
