[exporter 20:37:11] ns=ns_router iface=veth_rs controller=adaptive_red
[exporter 20:37:11] Metrics: http://localhost:9101/metrics
[exporter 20:37:11] Values persist after experiment ends (last known good)
[exporter 20:37:11] bl=0p tgt=5.0ms dr=1486870.0/s tp=120008.476Mbps eBPF=YES:349 adj=15 [adaptive_red]
[exporter 20:37:21] bl=0p tgt=5.0ms dr=0.0/s tp=0.0Mbps eBPF=YES:349 adj=15 [adaptive_red]
[exporter 20:37:31] bl=0p tgt=15.0ms dr=0.0/s tp=0.0Mbps eBPF=YES:349 adj=15 [adaptive_red]
[exporter 20:37:41] bl=3p tgt=15.0ms dr=150.5/s tp=10.0Mbps eBPF=YES:349 adj=15 [adaptive_red]
[exporter 20:37:52] bl=9p tgt=15.0ms dr=105.6/s tp=10.007Mbps eBPF=YES:349 adj=15 [adaptive_red]
[exporter 20:38:02] bl=9p tgt=15.0ms dr=94.6/s tp=10.003Mbps eBPF=YES:349 adj=15 [adaptive_red]
[exporter 20:38:12] bl=11p tgt=15.0ms dr=96.7/s tp=10.002Mbps eBPF=YES:349 adj=15 [adaptive_red]
[exporter 20:38:22] bl=14p tgt=15.0ms dr=98.7/s tp=10.006Mbps eBPF=YES:349 adj=15 [adaptive_red]
[exporter 20:38:32] bl=6p tgt=15.0ms dr=92.7/s tp=10.004Mbps eBPF=YES:349 adj=15 [adaptive_red]
[exporter 20:38:42] bl=13p tgt=15.0ms dr=99.6/s tp=9.998Mbps eBPF=YES:349 adj=15 [adaptive_red]
[exporter 20:38:52] bl=9p tgt=15.0ms dr=106.1/s tp=9.999Mbps eBPF=YES:349 adj=15 [adaptive_red]
[exporter 20:39:02] bl=11p tgt=15.0ms dr=91.2/s tp=10.008Mbps eBPF=YES:349 adj=15 [adaptive_red]
[exporter 20:39:12] bl=11p tgt=15.0ms dr=97.2/s tp=9.999Mbps eBPF=YES:349 adj=15 [adaptive_red]
[exporter 20:39:22] bl=14p tgt=15.0ms dr=96.1/s tp=10.009Mbps eBPF=YES:349 adj=15 [adaptive_red]
[exporter 20:39:32] bl=13p tgt=15.0ms dr=101.7/s tp=9.993Mbps eBPF=YES:349 adj=15 [adaptive_red]
[exporter 20:39:42] bl=11p tgt=15.0ms dr=96.7/s tp=9.999Mbps eBPF=YES:349 adj=15 [adaptive_red]
[exporter 20:39:52] bl=6p tgt=15.0ms dr=94.2/s tp=9.996Mbps eBPF=YES:349 adj=15 [adaptive_red]
[exporter 20:40:02] bl=11p tgt=15.0ms dr=100.1/s tp=9.999Mbps eBPF=YES:349 adj=15 [adaptive_red]
[exporter 20:40:12] bl=10p tgt=15.0ms dr=96.7/s tp=10.005Mbps eBPF=YES:349 adj=15 [adaptive_red]
[exporter 20:40:22] bl=9p tgt=15.0ms dr=85.2/s tp=10.006Mbps eBPF=YES:349 adj=15 [adaptive_red]
[exporter 20:40:32] bl=12p tgt=15.0ms dr=102.2/s tp=9.996Mbps eBPF=YES:349 adj=15 [adaptive_red]
[exporter 20:40:42] bl=7p tgt=15.0ms dr=104.2/s tp=9.997Mbps eBPF=YES:349 adj=15 [adaptive_red]
[exporter 20:40:52] bl=12p tgt=15.0ms dr=95.7/s tp=10.002Mbps eBPF=YES:349 adj=15 [adaptive_red]
[exporter 20:41:02] bl=11p tgt=15.0ms dr=102.7/s tp=10.003Mbps eBPF=YES:349 adj=15 [adaptive_red]
[exporter 20:41:12] bl=12p tgt=15.0ms dr=104.2/s tp=9.997Mbps eBPF=YES:349 adj=15 [adaptive_red]
[exporter 20:41:22] bl=10p tgt=15.0ms dr=91.7/s tp=10.0Mbps eBPF=YES:349 adj=15 [adaptive_red]
[exporter 20:41:32] bl=12p tgt=15.0ms dr=100.2/s tp=10.002Mbps eBPF=YES:349 adj=15 [adaptive_red]
[exporter 20:41:42] bl=13p tgt=15.0ms dr=96.2/s tp=9.996Mbps eBPF=YES:349 adj=15 [adaptive_red]
[exporter 20:41:52] bl=9p tgt=15.0ms dr=97.2/s tp=10.0Mbps eBPF=YES:349 adj=15 [adaptive_red]
[exporter 20:42:02] bl=12p tgt=15.0ms dr=93.2/s tp=10.004Mbps eBPF=YES:349 adj=15 [adaptive_red]
[exporter 20:42:12] bl=8p tgt=15.0ms dr=96.7/s tp=10.003Mbps eBPF=YES:349 adj=15 [adaptive_red]
[exporter 20:42:22] bl=9p tgt=15.0ms dr=98.0/s tp=10.0Mbps eBPF=YES:349 adj=15 [adaptive_red]
[exporter 20:42:32] bl=11p tgt=15.0ms dr=97.7/s tp=10.002Mbps eBPF=YES:349 adj=15 [adaptive_red]
[exporter 20:42:43] bl=16p tgt=15.0ms dr=89.7/s tp=9.996Mbps eBPF=YES:349 adj=15 [adaptive_red]
[exporter 20:42:53] bl=10p tgt=15.0ms dr=96.5/s tp=10.001Mbps eBPF=YES:349 adj=15 [adaptive_red]
[exporter 20:43:03] bl=11p tgt=15.0ms dr=102.6/s tp=10.0Mbps eBPF=YES:349 adj=15 [adaptive_red]
[exporter 20:43:13] bl=11p tgt=15.0ms dr=96.2/s tp=10.009Mbps eBPF=YES:349 adj=15 [adaptive_red]
[exporter 20:43:23] bl=15p tgt=15.0ms dr=102.6/s tp=10.002Mbps eBPF=YES:349 adj=15 [adaptive_red]
[exporter 20:43:33] bl=11p tgt=15.0ms dr=95.7/s tp=10.01Mbps eBPF=YES:349 adj=15 [adaptive_red]
[exporter 20:43:43] bl=13p tgt=15.0ms dr=89.7/s tp=9.995Mbps eBPF=YES:349 adj=15 [adaptive_red]
[exporter 20:43:53] bl=11p tgt=15.0ms dr=98.7/s tp=9.997Mbps eBPF=YES:349 adj=15 [adaptive_red]
[exporter 20:44:03] bl=14p tgt=15.0ms dr=83.2/s tp=10.004Mbps eBPF=YES:349 adj=15 [adaptive_red]
[exporter 20:44:13] bl=8p tgt=15.0ms dr=92.2/s tp=9.998Mbps eBPF=YES:349 adj=15 [adaptive_red]
[exporter 20:44:23] bl=12p tgt=15.0ms dr=95.6/s tp=10.005Mbps eBPF=YES:349 adj=15 [adaptive_red]
[exporter 20:44:33] bl=12p tgt=15.0ms dr=105.2/s tp=10.0Mbps eBPF=YES:349 adj=15 [adaptive_red]
[exporter 20:44:43] bl=12p tgt=15.0ms dr=94.7/s tp=9.994Mbps eBPF=YES:349 adj=15 [adaptive_red]
[exporter 20:44:53] bl=13p tgt=15.0ms dr=91.2/s tp=10.006Mbps eBPF=YES:349 adj=15 [adaptive_red]
[exporter 20:45:03] bl=12p tgt=15.0ms dr=96.2/s tp=9.999Mbps eBPF=YES:349 adj=15 [adaptive_red]
[exporter 20:45:13] bl=11p tgt=15.0ms dr=85.7/s tp=10.004Mbps eBPF=YES:349 adj=15 [adaptive_red]
[exporter 20:45:23] bl=9p tgt=15.0ms dr=103.1/s tp=10.011Mbps eBPF=YES:349 adj=15 [adaptive_red]
[exporter 20:45:33] bl=14p tgt=15.0ms dr=104.2/s tp=10.004Mbps eBPF=YES:349 adj=15 [adaptive_red]
[exporter 20:45:43] bl=16p tgt=15.0ms dr=86.2/s tp=9.992Mbps eBPF=YES:349 adj=15 [adaptive_red]
[exporter 20:45:53] bl=8p tgt=15.0ms dr=95.2/s tp=10.0Mbps eBPF=YES:349 adj=15 [adaptive_red]
[exporter 20:46:03] bl=12p tgt=15.0ms dr=101.7/s tp=10.002Mbps eBPF=YES:349 adj=15 [adaptive_red]
[exporter 20:46:13] bl=12p tgt=15.0ms dr=102.7/s tp=9.996Mbps eBPF=YES:349 adj=15 [adaptive_red]
[exporter 20:46:23] bl=8p tgt=15.0ms dr=97.2/s tp=9.998Mbps eBPF=YES:349 adj=15 [adaptive_red]
[exporter 20:46:33] bl=11p tgt=15.0ms dr=94.7/s tp=9.991Mbps eBPF=YES:349 adj=15 [adaptive_red]
[exporter 20:46:43] bl=12p tgt=15.0ms dr=97.7/s tp=10.005Mbps eBPF=YES:349 adj=15 [adaptive_red]
[exporter 20:46:53] bl=13p tgt=15.0ms dr=102.7/s tp=9.996Mbps eBPF=YES:349 adj=15 [adaptive_red]
[exporter 20:47:03] bl=17p tgt=15.0ms dr=99.2/s tp=9.999Mbps eBPF=YES:349 adj=15 [adaptive_red]
[exporter 20:47:13] bl=9p tgt=15.0ms dr=102.2/s tp=10.005Mbps eBPF=YES:349 adj=15 [adaptive_red]
[exporter 20:47:23] bl=11p tgt=15.0ms dr=102.1/s tp=9.993Mbps eBPF=YES:349 adj=15 [adaptive_red]
[exporter 20:47:34] bl=0p tgt=15.0ms dr=63.3/s tp=6.864Mbps eBPF=YES:349 adj=15 [adaptive_red]
[exporter 10:23:49] ns=ns_router iface=veth_rs controller=adaptive_red
[exporter 10:23:49] Metrics: http://localhost:9101/metrics
[exporter 10:23:49] Values persist after experiment ends (last known good)
[exporter 10:23:49] bl=12p tgt=5.0ms dr=35610.0/s tp=2810.531Mbps eBPF=YES:82 adj=15 [adaptive_red]
[exporter 10:23:59] bl=12p tgt=5.0ms dr=149.0/s tp=9.998Mbps eBPF=YES:82 adj=15 [adaptive_red]
[exporter 10:24:09] bl=15p tgt=15.0ms dr=56.8/s tp=9.998Mbps eBPF=YES:82 adj=15 [adaptive_red]
[exporter 10:33:56] ns=ns_router iface=veth_rs controller=adaptive_red
[exporter 10:33:56] Metrics: http://localhost:9101/metrics
[exporter 10:33:56] Values persist after experiment ends (last known good)
[exporter 10:33:56] bl=0p tgt=5.0ms dr=774100.0/s tp=59683.527Mbps eBPF=NO adj=1 [adaptive_red]
[exporter 10:34:06] bl=0p tgt=5.0ms dr=0.0/s tp=0.0Mbps eBPF=NO adj=1 [adaptive_red]
[exporter 10:34:16] bl=0p tgt=15.0ms dr=0.0/s tp=0.0Mbps eBPF=NO adj=1 [adaptive_red]
[exporter 10:34:26] bl=10p tgt=15.0ms dr=142.8/s tp=9.993Mbps eBPF=NO adj=1 [adaptive_red]
[exporter 10:34:36] bl=8p tgt=15.0ms dr=94.6/s tp=9.998Mbps eBPF=NO adj=1 [adaptive_red]
[exporter 10:34:46] bl=12p tgt=15.0ms dr=99.1/s tp=9.998Mbps eBPF=NO adj=1 [adaptive_red]
[exporter 10:34:56] bl=8p tgt=15.0ms dr=90.7/s tp=10.0Mbps eBPF=NO adj=1 [adaptive_red]
[exporter 10:35:06] bl=12p tgt=15.0ms dr=105.6/s tp=9.995Mbps eBPF=NO adj=1 [adaptive_red]
[exporter 10:35:16] bl=14p tgt=15.0ms dr=92.2/s tp=10.0Mbps eBPF=NO adj=1 [adaptive_red]
[exporter 10:35:27] bl=12p tgt=15.0ms dr=99.1/s tp=10.006Mbps eBPF=NO adj=1 [adaptive_red]
[exporter 10:35:37] bl=9p tgt=15.0ms dr=94.5/s tp=9.998Mbps eBPF=NO adj=1 [adaptive_red]
[exporter 10:35:47] bl=10p tgt=15.0ms dr=99.0/s tp=10.003Mbps eBPF=NO adj=1 [adaptive_red]
[exporter 10:35:57] bl=10p tgt=15.0ms dr=93.2/s tp=10.004Mbps eBPF=NO adj=1 [adaptive_red]
[exporter 10:36:07] bl=8p tgt=15.0ms dr=93.1/s tp=10.012Mbps eBPF=NO adj=1 [adaptive_red]
[exporter 10:36:17] bl=12p tgt=15.0ms dr=99.1/s tp=9.999Mbps eBPF=NO adj=1 [adaptive_red]
[exporter 10:36:27] bl=8p tgt=15.0ms dr=100.0/s tp=9.993Mbps eBPF=NO adj=1 [adaptive_red]
[exporter 10:36:37] bl=10p tgt=15.0ms dr=104.6/s tp=10.007Mbps eBPF=NO adj=1 [adaptive_red]
[exporter 10:36:47] bl=12p tgt=15.0ms dr=97.2/s tp=10.001Mbps eBPF=NO adj=1 [adaptive_red]
[exporter 10:36:57] bl=12p tgt=15.0ms dr=101.5/s tp=9.999Mbps eBPF=NO adj=1 [adaptive_red]
[exporter 10:37:07] bl=8p tgt=15.0ms dr=100.1/s tp=9.998Mbps eBPF=NO adj=1 [adaptive_red]
[exporter 10:37:17] bl=11p tgt=15.0ms dr=94.0/s tp=10.003Mbps eBPF=NO adj=1 [adaptive_red]
[exporter 10:37:27] bl=11p tgt=15.0ms dr=100.5/s tp=9.998Mbps eBPF=NO adj=1 [adaptive_red]
[exporter 10:37:37] bl=13p tgt=15.0ms dr=94.2/s tp=10.0Mbps eBPF=NO adj=1 [adaptive_red]
[exp 12:19:08] ns=ns_router iface=veth_rs ctrl=adaptive_red
[exp 12:19:08] http://localhost:9101/metrics
[exp 12:19:08] bl=0p tgt=5.0ms dr=297540.0/s tp=30004.938Mbps eBPF=YES:157 [adaptive_red]
[exp 12:19:14] bl=0p tgt=5.0ms dr=0.0/s tp=0.0Mbps eBPF=YES:157 [adaptive_red]
[exp 12:19:20] bl=12p tgt=5.0ms dr=147.8/s tp=10.001Mbps eBPF=YES:157 [adaptive_red]
[exp 12:19:26] bl=14p tgt=5.0ms dr=148.8/s tp=10.001Mbps eBPF=YES:157 [adaptive_red]
[exp 12:19:32] bl=13p tgt=5.0ms dr=149.6/s tp=9.999Mbps eBPF=YES:157 [adaptive_red]
[exp 12:19:38] bl=14p tgt=5.0ms dr=152.4/s tp=10.003Mbps eBPF=YES:157 [adaptive_red]
[exp 12:19:44] bl=17p tgt=5.0ms dr=146.5/s tp=9.999Mbps eBPF=YES:157 [adaptive_red]
[exp 12:19:50] bl=14p tgt=5.0ms dr=150.0/s tp=9.999Mbps eBPF=YES:157 [adaptive_red]
[exp 12:19:56] bl=13p tgt=5.0ms dr=144.7/s tp=10.001Mbps eBPF=YES:157 [adaptive_red]
[exp 12:20:02] bl=12p tgt=5.0ms dr=146.3/s tp=10.002Mbps eBPF=YES:157 [adaptive_red]
[exp 12:20:08] bl=13p tgt=5.0ms dr=157.6/s tp=10.002Mbps eBPF=YES:157 [adaptive_red]
[exp 12:20:14] bl=12p tgt=5.0ms dr=151.5/s tp=10.004Mbps eBPF=YES:157 [adaptive_red]
[exp 12:20:20] bl=12p tgt=5.0ms dr=148.4/s tp=10.001Mbps eBPF=YES:157 [adaptive_red]
[exp 12:20:26] bl=16p tgt=5.0ms dr=150.1/s tp=9.994Mbps eBPF=YES:157 [adaptive_red]
[exp 12:20:32] bl=12p tgt=5.0ms dr=147.0/s tp=10.002Mbps eBPF=YES:157 [adaptive_red]
[exp 12:20:38] bl=11p tgt=5.0ms dr=154.6/s tp=10.001Mbps eBPF=YES:157 [adaptive_red]
[exp 12:20:44] bl=14p tgt=5.0ms dr=141.9/s tp=10.004Mbps eBPF=YES:157 [adaptive_red]
[exp 12:20:50] bl=9p tgt=5.0ms dr=146.5/s tp=10.008Mbps eBPF=YES:157 [adaptive_red]
[exp 12:20:56] bl=13p tgt=5.0ms dr=147.2/s tp=10.006Mbps eBPF=YES:157 [adaptive_red]
[exp 12:21:02] bl=12p tgt=5.0ms dr=155.6/s tp=10.012Mbps eBPF=YES:157 [adaptive_red]
[exp 12:21:08] bl=15p tgt=5.0ms dr=146.6/s tp=9.999Mbps eBPF=YES:157 [adaptive_red]
[exp 12:21:14] bl=16p tgt=5.0ms dr=146.5/s tp=10.002Mbps eBPF=YES:157 [adaptive_red]
[exp 12:21:20] bl=8p tgt=5.0ms dr=155.5/s tp=9.993Mbps eBPF=YES:157 [adaptive_red]
[exp 12:21:26] bl=12p tgt=5.0ms dr=146.4/s tp=10.001Mbps eBPF=YES:157 [adaptive_red]
[exp 12:21:32] bl=9p tgt=5.0ms dr=158.2/s tp=9.997Mbps eBPF=YES:157 [adaptive_red]
[exp 12:21:38] bl=15p tgt=5.0ms dr=161.2/s tp=10.0Mbps eBPF=YES:157 [adaptive_red]
[exp 12:21:45] bl=12p tgt=5.0ms dr=149.6/s tp=10.006Mbps eBPF=YES:157 [adaptive_red]
[exp 12:21:51] bl=0p tgt=5.0ms dr=151.1/s tp=10.004Mbps eBPF=YES:157 [adaptive_red]
[exp 12:21:57] bl=11p tgt=5.0ms dr=164.5/s tp=9.99Mbps eBPF=YES:157 [adaptive_red]
[exp 12:22:03] bl=11p tgt=5.0ms dr=146.0/s tp=10.001Mbps eBPF=YES:157 [adaptive_red]
[exp 12:22:09] bl=13p tgt=5.0ms dr=159.0/s tp=9.999Mbps eBPF=YES:157 [adaptive_red]
[exp 12:22:15] bl=14p tgt=5.0ms dr=142.2/s tp=10.005Mbps eBPF=YES:157 [adaptive_red]
[exp 12:22:21] bl=13p tgt=5.0ms dr=160.5/s tp=10.001Mbps eBPF=YES:157 [adaptive_red]
[exp 12:22:27] bl=10p tgt=5.0ms dr=145.0/s tp=10.002Mbps eBPF=YES:157 [adaptive_red]
[exp 12:22:33] bl=12p tgt=5.0ms dr=140.5/s tp=10.006Mbps eBPF=YES:157 [adaptive_red]
[exp 12:22:39] bl=14p tgt=5.0ms dr=149.5/s tp=9.996Mbps eBPF=YES:157 [adaptive_red]
[exp 12:22:45] bl=13p tgt=5.0ms dr=157.0/s tp=9.999Mbps eBPF=YES:157 [adaptive_red]
[exp 12:22:51] bl=13p tgt=5.0ms dr=148.1/s tp=10.004Mbps eBPF=YES:157 [adaptive_red]
[exp 12:22:57] bl=17p tgt=5.0ms dr=139.2/s tp=10.003Mbps eBPF=YES:157 [adaptive_red]
[exp 12:23:03] bl=10p tgt=5.0ms dr=165.1/s tp=9.998Mbps eBPF=YES:157 [adaptive_red]
[exp 12:23:09] bl=14p tgt=5.0ms dr=160.4/s tp=10.005Mbps eBPF=YES:157 [adaptive_red]
[exp 12:23:15] bl=13p tgt=5.0ms dr=147.0/s tp=10.004Mbps eBPF=YES:157 [adaptive_red]
[exp 12:23:21] bl=13p tgt=5.0ms dr=145.6/s tp=10.004Mbps eBPF=YES:157 [adaptive_red]
[exp 12:23:27] bl=16p tgt=5.0ms dr=153.6/s tp=10.003Mbps eBPF=YES:157 [adaptive_red]
[exp 12:23:33] bl=13p tgt=5.0ms dr=158.9/s tp=10.004Mbps eBPF=YES:157 [adaptive_red]
[exp 12:23:39] bl=13p tgt=5.0ms dr=150.9/s tp=10.001Mbps eBPF=YES:157 [adaptive_red]
[exp 12:23:45] bl=10p tgt=5.0ms dr=160.3/s tp=10.004Mbps eBPF=YES:157 [adaptive_red]
[exp 12:23:51] bl=12p tgt=5.0ms dr=148.8/s tp=10.002Mbps eBPF=YES:157 [adaptive_red]
[exp 12:23:57] bl=14p tgt=5.0ms dr=148.0/s tp=10.001Mbps eBPF=YES:157 [adaptive_red]
[exp 12:24:03] bl=11p tgt=5.0ms dr=152.1/s tp=9.994Mbps eBPF=YES:157 [adaptive_red]
[exp 12:24:09] bl=16p tgt=5.0ms dr=148.7/s tp=9.997Mbps eBPF=YES:157 [adaptive_red]
[exp 12:24:15] bl=14p tgt=5.0ms dr=146.9/s tp=9.993Mbps eBPF=YES:157 [adaptive_red]
