[exporter 21:08:38] ns=ns_router iface=veth_rs controller=acape
[exporter 21:08:38] Metrics: http://localhost:9101/metrics
[exporter 21:08:38] Values persist after experiment ends (last known good)
[exporter 21:08:38] bl=0p tgt=1.03ms dr=0.0/s tp=0.0Mbps eBPF=NO adj=15 [acape]
[exporter 21:08:48] bl=0p tgt=0.999ms dr=0.0/s tp=0.0Mbps eBPF=NO adj=15 [acape]
[exporter 21:08:58] bl=0p tgt=1.03ms dr=0.0/s tp=0.0Mbps eBPF=NO adj=15 [acape]
[exporter 21:09:08] bl=10p tgt=5.0ms dr=104.1/s tp=10.002Mbps eBPF=NO adj=15 [acape]
[exporter 21:09:18] bl=0p tgt=1.03ms dr=0.0/s tp=0.0Mbps eBPF=NO adj=15 [acape]
[exporter 21:09:29] bl=15p tgt=5.0ms dr=97.6/s tp=10.003Mbps eBPF=NO adj=15 [acape]
[exporter 21:09:39] bl=17p tgt=5.0ms dr=102.7/s tp=10.001Mbps eBPF=NO adj=15 [acape]
[exporter 21:09:49] bl=16p tgt=5.0ms dr=96.2/s tp=9.994Mbps eBPF=NO adj=15 [acape]
[exporter 21:09:59] bl=15p tgt=5.0ms dr=99.2/s tp=9.998Mbps eBPF=NO adj=15 [acape]
[exporter 21:10:09] bl=0p tgt=15.0ms dr=0.0/s tp=0.0Mbps eBPF=NO adj=15 [acape]
[exporter 21:10:19] bl=4p tgt=15.0ms dr=139.6/s tp=9.969Mbps eBPF=NO adj=15 [acape]
[exporter 21:10:29] bl=11p tgt=15.0ms dr=84.7/s tp=10.004Mbps eBPF=NO adj=15 [acape]
[exporter 21:10:39] bl=11p tgt=15.0ms dr=106.7/s tp=10.006Mbps eBPF=NO adj=15 [acape]
[exporter 21:10:49] bl=148p tgt=15.0ms dr=2.0/s tp=1.073Mbps eBPF=NO adj=15 [acape]
[exporter 21:10:59] bl=8p tgt=15.0ms dr=150.5/s tp=10.004Mbps eBPF=NO adj=15 [acape]
[exporter 21:11:09] bl=3p tgt=15.0ms dr=163.9/s tp=9.998Mbps eBPF=NO adj=15 [acape]
[exporter 21:11:19] bl=0p tgt=15.0ms dr=157.0/s tp=8.546Mbps eBPF=NO adj=15 [acape]
[exporter 21:11:29] bl=14p tgt=5.0ms dr=95.7/s tp=10.001Mbps eBPF=NO adj=15 [acape]
[exporter 21:11:39] bl=14p tgt=5.0ms dr=105.7/s tp=10.004Mbps eBPF=NO adj=15 [acape]
[exporter 21:11:49] bl=14p tgt=5.0ms dr=96.1/s tp=10.0Mbps eBPF=NO adj=15 [acape]
[exporter 21:11:59] bl=0p tgt=5.0ms dr=0.0/s tp=0.0Mbps eBPF=NO adj=15 [acape]
[exporter 21:12:10] bl=0p tgt=5.0ms dr=0.0/s tp=0.0Mbps eBPF=NO adj=15 [acape]
[exporter 21:12:20] bl=0p tgt=5.0ms dr=0.0/s tp=0.0Mbps eBPF=NO adj=15 [acape]
[exporter 21:12:30] bl=0p tgt=5.0ms dr=0.0/s tp=0.0Mbps eBPF=NO adj=15 [acape]
[exporter 21:12:40] bl=0p tgt=5.0ms dr=0.0/s tp=0.0Mbps eBPF=NO adj=15 [acape]
[exporter 21:12:50] bl=0p tgt=5.0ms dr=0.0/s tp=0.0Mbps eBPF=NO adj=15 [acape]
[exporter 21:13:00] bl=0p tgt=5.0ms dr=0.0/s tp=0.0Mbps eBPF=NO adj=15 [acape]
[exporter 21:13:10] bl=0p tgt=5.0ms dr=0.0/s tp=0.0Mbps eBPF=NO adj=15 [acape]
[exporter 21:13:20] bl=0p tgt=5.0ms dr=0.0/s tp=0.0Mbps eBPF=NO adj=15 [acape]
[exporter 21:13:30] bl=0p tgt=5.0ms dr=0.0/s tp=0.0Mbps eBPF=NO adj=15 [acape]
[exporter 21:13:40] bl=0p tgt=5.0ms dr=0.0/s tp=0.0Mbps eBPF=NO adj=15 [acape]
[exporter 21:13:50] bl=0p tgt=5.0ms dr=0.0/s tp=0.0Mbps eBPF=NO adj=15 [acape]
[exporter 21:14:00] bl=0p tgt=5.0ms dr=0.0/s tp=0.0Mbps eBPF=NO adj=15 [acape]
[exporter 21:14:10] bl=0p tgt=5.0ms dr=0.0/s tp=0.0Mbps eBPF=NO adj=15 [acape]
[exporter 21:14:20] bl=0p tgt=5.0ms dr=0.0/s tp=0.0Mbps eBPF=NO adj=15 [acape]
[exporter 21:14:30] bl=0p tgt=5.0ms dr=0.0/s tp=0.0Mbps eBPF=NO adj=15 [acape]
[exporter 21:14:40] bl=0p tgt=5.0ms dr=0.0/s tp=0.0Mbps eBPF=NO adj=15 [acape]
[exporter 21:14:50] bl=0p tgt=5.0ms dr=0.0/s tp=0.0Mbps eBPF=NO adj=15 [acape]
[exporter 21:15:00] bl=0p tgt=5.0ms dr=0.0/s tp=0.0Mbps eBPF=NO adj=15 [acape]
[exporter 21:15:10] bl=0p tgt=5.0ms dr=0.0/s tp=0.0Mbps eBPF=NO adj=15 [acape]
[exporter 21:15:20] bl=0p tgt=5.0ms dr=0.0/s tp=0.0Mbps eBPF=NO adj=15 [acape]
[exporter 21:15:30] bl=0p tgt=5.0ms dr=0.0/s tp=0.0Mbps eBPF=NO adj=15 [acape]
[exporter 21:15:40] bl=0p tgt=5.0ms dr=0.0/s tp=0.0Mbps eBPF=NO adj=15 [acape]
[exporter 21:15:50] bl=0p tgt=5.0ms dr=0.0/s tp=0.0Mbps eBPF=NO adj=15 [acape]
[exporter 21:16:00] bl=0p tgt=5.0ms dr=0.0/s tp=0.0Mbps eBPF=NO adj=15 [acape]
[exporter 21:16:10] bl=0p tgt=5.0ms dr=0.0/s tp=0.0Mbps eBPF=NO adj=15 [acape]
[exporter 21:16:20] bl=0p tgt=5.0ms dr=0.0/s tp=0.0Mbps eBPF=NO adj=15 [acape]
[exporter 21:16:30] bl=0p tgt=5.0ms dr=0.0/s tp=0.0Mbps eBPF=NO adj=15 [acape]
[exporter 21:16:40] bl=0p tgt=5.0ms dr=0.0/s tp=0.0Mbps eBPF=NO adj=15 [acape]
[exporter 21:16:50] bl=0p tgt=5.0ms dr=0.0/s tp=0.0Mbps eBPF=NO adj=15 [acape]
[exporter 21:17:01] bl=0p tgt=5.0ms dr=0.0/s tp=0.0Mbps eBPF=NO adj=15 [acape]
[exporter 21:17:11] bl=0p tgt=5.0ms dr=0.0/s tp=0.0Mbps eBPF=NO adj=15 [acape]
[exporter 21:17:21] bl=0p tgt=5.0ms dr=0.0/s tp=0.0Mbps eBPF=NO adj=15 [acape]
[exporter 21:17:31] bl=0p tgt=5.0ms dr=0.0/s tp=0.0Mbps eBPF=NO adj=15 [acape]
[exporter 21:17:41] bl=0p tgt=5.0ms dr=0.0/s tp=0.0Mbps eBPF=NO adj=15 [acape]
[exporter 21:17:51] bl=0p tgt=5.0ms dr=0.0/s tp=0.0Mbps eBPF=NO adj=15 [acape]
[exporter 21:18:01] bl=0p tgt=5.0ms dr=0.0/s tp=0.0Mbps eBPF=NO adj=15 [acape]
[exporter 21:18:11] bl=0p tgt=5.0ms dr=0.0/s tp=0.0Mbps eBPF=NO adj=15 [acape]
[exporter 21:18:21] bl=0p tgt=5.0ms dr=0.0/s tp=0.0Mbps eBPF=NO adj=15 [acape]
[exporter 21:18:31] bl=0p tgt=5.0ms dr=0.0/s tp=0.0Mbps eBPF=NO adj=15 [acape]
[exporter 21:18:41] bl=0p tgt=5.0ms dr=0.0/s tp=0.0Mbps eBPF=NO adj=15 [acape]
[exporter 21:18:51] bl=0p tgt=5.0ms dr=0.0/s tp=0.0Mbps eBPF=NO adj=15 [acape]
[exporter 21:19:01] bl=0p tgt=5.0ms dr=0.0/s tp=0.0Mbps eBPF=NO adj=15 [acape]
[exporter 21:19:11] bl=0p tgt=5.0ms dr=0.0/s tp=0.0Mbps eBPF=NO adj=15 [acape]
[exporter 21:19:21] bl=0p tgt=5.0ms dr=0.0/s tp=0.0Mbps eBPF=NO adj=15 [acape]
[exporter 21:19:31] bl=0p tgt=5.0ms dr=0.0/s tp=0.0Mbps eBPF=NO adj=15 [acape]
[exporter 21:19:41] bl=0p tgt=5.0ms dr=0.0/s tp=0.0Mbps eBPF=NO adj=15 [acape]
[exporter 21:19:51] bl=0p tgt=5.0ms dr=0.0/s tp=0.0Mbps eBPF=NO adj=15 [acape]
[exporter 21:20:01] bl=0p tgt=5.0ms dr=0.0/s tp=0.0Mbps eBPF=NO adj=15 [acape]
[exporter 21:20:11] bl=0p tgt=5.0ms dr=0.0/s tp=0.0Mbps eBPF=NO adj=15 [acape]
[exporter 21:20:21] bl=0p tgt=5.0ms dr=0.0/s tp=0.0Mbps eBPF=NO adj=15 [acape]
[exporter 21:20:31] bl=0p tgt=5.0ms dr=0.0/s tp=0.0Mbps eBPF=NO adj=15 [acape]
[exporter 21:20:41] bl=0p tgt=5.0ms dr=0.0/s tp=0.0Mbps eBPF=NO adj=15 [acape]
[exporter 21:20:51] bl=0p tgt=5.0ms dr=0.0/s tp=0.0Mbps eBPF=NO adj=15 [acape]
[exporter 21:21:01] bl=0p tgt=5.0ms dr=0.0/s tp=0.0Mbps eBPF=NO adj=15 [acape]
[exporter 21:21:11] bl=0p tgt=5.0ms dr=0.0/s tp=0.0Mbps eBPF=NO adj=15 [acape]
[exporter 21:21:21] bl=0p tgt=5.0ms dr=0.0/s tp=0.0Mbps eBPF=NO adj=15 [acape]
[exporter 21:21:31] bl=0p tgt=5.0ms dr=0.0/s tp=0.0Mbps eBPF=NO adj=15 [acape]
[exporter 21:21:41] bl=0p tgt=5.0ms dr=0.0/s tp=0.0Mbps eBPF=NO adj=15 [acape]
[exporter 21:21:52] bl=0p tgt=5.0ms dr=0.0/s tp=0.0Mbps eBPF=NO adj=15 [acape]
[exporter 21:22:02] bl=0p tgt=5.0ms dr=0.0/s tp=0.0Mbps eBPF=NO adj=15 [acape]
[exporter 21:22:12] bl=0p tgt=5.0ms dr=0.0/s tp=0.0Mbps eBPF=NO adj=15 [acape]
[exporter 21:22:22] bl=0p tgt=5.0ms dr=0.0/s tp=0.0Mbps eBPF=NO adj=15 [acape]
[exporter 21:22:32] bl=0p tgt=5.0ms dr=0.0/s tp=0.0Mbps eBPF=NO adj=15 [acape]
[exporter 21:22:42] bl=0p tgt=5.0ms dr=0.0/s tp=0.0Mbps eBPF=NO adj=15 [acape]
[exporter 21:22:52] bl=0p tgt=5.0ms dr=0.0/s tp=0.0Mbps eBPF=NO adj=15 [acape]
[exporter 21:23:02] bl=0p tgt=5.0ms dr=0.0/s tp=0.0Mbps eBPF=NO adj=15 [acape]
[exporter 21:23:12] bl=0p tgt=5.0ms dr=0.0/s tp=0.0Mbps eBPF=NO adj=15 [acape]
[exporter 21:23:22] bl=0p tgt=5.0ms dr=0.0/s tp=0.0Mbps eBPF=NO adj=15 [acape]
[exporter 21:23:32] bl=0p tgt=5.0ms dr=0.0/s tp=0.0Mbps eBPF=NO adj=15 [acape]
[exporter 21:23:42] bl=0p tgt=5.0ms dr=0.0/s tp=0.0Mbps eBPF=NO adj=15 [acape]
[exporter 21:23:52] bl=0p tgt=5.0ms dr=0.0/s tp=0.0Mbps eBPF=NO adj=15 [acape]
[exporter 21:24:02] bl=0p tgt=5.0ms dr=0.0/s tp=0.0Mbps eBPF=NO adj=15 [acape]
[exporter 21:24:12] bl=0p tgt=5.0ms dr=0.0/s tp=0.0Mbps eBPF=NO adj=15 [acape]
[exporter 21:24:22] bl=0p tgt=5.0ms dr=0.0/s tp=0.0Mbps eBPF=NO adj=15 [acape]
[exporter 21:24:32] bl=0p tgt=5.0ms dr=0.0/s tp=0.0Mbps eBPF=NO adj=15 [acape]
[exporter 21:24:42] bl=0p tgt=5.0ms dr=0.0/s tp=0.0Mbps eBPF=NO adj=15 [acape]
[exporter 21:24:52] bl=0p tgt=5.0ms dr=0.0/s tp=0.0Mbps eBPF=NO adj=15 [acape]
[exporter 21:25:02] bl=0p tgt=5.0ms dr=0.0/s tp=0.0Mbps eBPF=NO adj=15 [acape]
[exporter 21:25:12] bl=0p tgt=5.0ms dr=0.0/s tp=0.0Mbps eBPF=NO adj=15 [acape]
[exporter 21:25:22] bl=0p tgt=5.0ms dr=0.0/s tp=0.0Mbps eBPF=NO adj=15 [acape]
[exporter 21:25:32] bl=0p tgt=5.0ms dr=0.0/s tp=0.0Mbps eBPF=NO adj=15 [acape]
[exporter 21:25:42] bl=0p tgt=5.0ms dr=0.0/s tp=0.0Mbps eBPF=NO adj=15 [acape]
[exporter 21:25:52] bl=0p tgt=5.0ms dr=0.0/s tp=0.0Mbps eBPF=NO adj=15 [acape]
[exporter 21:26:02] bl=0p tgt=5.0ms dr=0.0/s tp=0.0Mbps eBPF=NO adj=15 [acape]
[exporter 21:26:12] bl=0p tgt=5.0ms dr=0.0/s tp=0.0Mbps eBPF=NO adj=15 [acape]
[exporter 21:26:22] bl=0p tgt=5.0ms dr=0.0/s tp=0.0Mbps eBPF=NO adj=15 [acape]
[exporter 21:26:32] bl=0p tgt=5.0ms dr=0.0/s tp=0.0Mbps eBPF=NO adj=15 [acape]
[exporter 21:26:43] bl=0p tgt=5.0ms dr=0.0/s tp=0.0Mbps eBPF=NO adj=15 [acape]
[exporter 21:26:53] bl=0p tgt=5.0ms dr=0.0/s tp=0.0Mbps eBPF=NO adj=15 [acape]
[exporter 21:27:03] bl=0p tgt=5.0ms dr=0.0/s tp=0.0Mbps eBPF=NO adj=15 [acape]
[exporter 21:27:13] bl=0p tgt=5.0ms dr=0.0/s tp=0.0Mbps eBPF=NO adj=15 [acape]
[exporter 21:27:23] bl=0p tgt=5.0ms dr=0.0/s tp=0.0Mbps eBPF=NO adj=15 [acape]
[exporter 21:27:33] bl=0p tgt=5.0ms dr=0.0/s tp=0.0Mbps eBPF=NO adj=15 [acape]
[exporter 21:27:43] bl=0p tgt=5.0ms dr=0.0/s tp=0.0Mbps eBPF=NO adj=15 [acape]
[exporter 21:27:53] bl=0p tgt=5.0ms dr=0.0/s tp=0.0Mbps eBPF=NO adj=15 [acape]
[exporter 21:28:03] bl=0p tgt=5.0ms dr=0.0/s tp=0.0Mbps eBPF=NO adj=15 [acape]
[exporter 21:28:13] bl=0p tgt=5.0ms dr=0.0/s tp=0.0Mbps eBPF=NO adj=15 [acape]
[exporter 21:28:23] bl=0p tgt=5.0ms dr=0.0/s tp=0.0Mbps eBPF=NO adj=15 [acape]
[exporter 21:28:33] bl=0p tgt=5.0ms dr=0.0/s tp=0.0Mbps eBPF=NO adj=15 [acape]
[exporter 21:28:43] bl=0p tgt=5.0ms dr=0.0/s tp=0.0Mbps eBPF=NO adj=15 [acape]
[exporter 21:28:53] bl=0p tgt=5.0ms dr=0.0/s tp=0.0Mbps eBPF=NO adj=15 [acape]
[exporter 21:29:03] bl=0p tgt=5.0ms dr=0.0/s tp=0.0Mbps eBPF=NO adj=15 [acape]
[exporter 21:29:13] bl=0p tgt=5.0ms dr=0.0/s tp=0.0Mbps eBPF=NO adj=15 [acape]
[exporter 21:29:23] bl=0p tgt=5.0ms dr=0.0/s tp=0.0Mbps eBPF=NO adj=15 [acape]
[exporter 21:29:33] bl=0p tgt=5.0ms dr=0.0/s tp=0.0Mbps eBPF=NO adj=15 [acape]
[exporter 21:29:43] bl=0p tgt=5.0ms dr=0.0/s tp=0.0Mbps eBPF=NO adj=15 [acape]
[exporter 21:29:53] bl=0p tgt=5.0ms dr=0.0/s tp=0.0Mbps eBPF=NO adj=15 [acape]
[exporter 21:30:03] bl=0p tgt=5.0ms dr=0.0/s tp=0.0Mbps eBPF=NO adj=15 [acape]
[exporter 21:30:13] bl=0p tgt=5.0ms dr=0.0/s tp=0.0Mbps eBPF=NO adj=15 [acape]
[exporter 21:30:23] bl=0p tgt=5.0ms dr=0.0/s tp=0.0Mbps eBPF=NO adj=15 [acape]
[exporter 21:30:33] bl=0p tgt=5.0ms dr=0.0/s tp=0.0Mbps eBPF=NO adj=15 [acape]
[exporter 21:30:43] bl=0p tgt=5.0ms dr=0.0/s tp=0.0Mbps eBPF=NO adj=15 [acape]
[exporter 21:30:53] bl=0p tgt=5.0ms dr=0.0/s tp=0.0Mbps eBPF=NO adj=15 [acape]
[exporter 21:31:03] bl=0p tgt=5.0ms dr=0.0/s tp=0.0Mbps eBPF=NO adj=15 [acape]
[exporter 21:31:13] bl=0p tgt=5.0ms dr=0.0/s tp=0.0Mbps eBPF=NO adj=15 [acape]
[exporter 21:31:24] bl=0p tgt=5.0ms dr=0.0/s tp=0.0Mbps eBPF=NO adj=15 [acape]
[exporter 21:31:34] bl=0p tgt=5.0ms dr=0.0/s tp=0.0Mbps eBPF=NO adj=15 [acape]
[exporter 21:31:44] bl=0p tgt=5.0ms dr=0.0/s tp=0.0Mbps eBPF=NO adj=15 [acape]
[exporter 21:31:54] bl=0p tgt=5.0ms dr=0.0/s tp=0.0Mbps eBPF=NO adj=15 [acape]
[exporter 21:32:04] bl=0p tgt=5.0ms dr=0.0/s tp=0.0Mbps eBPF=NO adj=15 [acape]
[exporter 21:32:14] bl=0p tgt=5.0ms dr=0.0/s tp=0.0Mbps eBPF=NO adj=15 [acape]
[exporter 21:32:24] bl=0p tgt=5.0ms dr=0.0/s tp=0.0Mbps eBPF=NO adj=15 [acape]
[exporter 21:32:34] bl=0p tgt=5.0ms dr=0.0/s tp=0.0Mbps eBPF=NO adj=15 [acape]
[exporter 21:32:44] bl=0p tgt=5.0ms dr=0.0/s tp=0.0Mbps eBPF=NO adj=15 [acape]
[exporter 21:32:54] bl=0p tgt=5.0ms dr=0.0/s tp=0.0Mbps eBPF=NO adj=15 [acape]
[exporter 21:33:04] bl=0p tgt=5.0ms dr=0.0/s tp=0.0Mbps eBPF=NO adj=15 [acape]
[exporter 21:33:14] bl=0p tgt=5.0ms dr=0.0/s tp=0.0Mbps eBPF=NO adj=15 [acape]
[exporter 21:33:24] bl=0p tgt=5.0ms dr=0.0/s tp=0.0Mbps eBPF=NO adj=15 [acape]
[exporter 21:33:34] bl=0p tgt=5.0ms dr=0.0/s tp=0.0Mbps eBPF=NO adj=15 [acape]
[exporter 21:33:44] bl=0p tgt=5.0ms dr=0.0/s tp=0.0Mbps eBPF=NO adj=15 [acape]
[exporter 21:33:54] bl=0p tgt=5.0ms dr=0.0/s tp=0.0Mbps eBPF=NO adj=15 [acape]
[exporter 21:34:04] bl=0p tgt=5.0ms dr=0.0/s tp=0.0Mbps eBPF=NO adj=15 [acape]
[exporter 21:34:14] bl=0p tgt=5.0ms dr=0.0/s tp=0.0Mbps eBPF=NO adj=15 [acape]
[exporter 21:34:24] bl=0p tgt=5.0ms dr=0.0/s tp=0.0Mbps eBPF=NO adj=15 [acape]
[exporter 21:34:34] bl=0p tgt=5.0ms dr=0.0/s tp=0.0Mbps eBPF=NO adj=15 [acape]
[exporter 21:34:44] bl=0p tgt=5.0ms dr=0.0/s tp=0.0Mbps eBPF=NO adj=15 [acape]
[exporter 21:34:54] bl=0p tgt=5.0ms dr=0.0/s tp=0.0Mbps eBPF=NO adj=15 [acape]
[exporter 21:35:04] bl=0p tgt=5.0ms dr=0.0/s tp=0.0Mbps eBPF=NO adj=15 [acape]
[exporter 21:35:14] bl=0p tgt=5.0ms dr=0.0/s tp=0.0Mbps eBPF=NO adj=15 [acape]
[exporter 21:35:24] bl=0p tgt=5.0ms dr=0.0/s tp=0.0Mbps eBPF=NO adj=15 [acape]
[exporter 21:35:34] bl=0p tgt=5.0ms dr=0.0/s tp=0.0Mbps eBPF=NO adj=15 [acape]
[exporter 21:35:44] bl=0p tgt=5.0ms dr=0.0/s tp=0.0Mbps eBPF=NO adj=15 [acape]
[exporter 21:35:54] bl=0p tgt=5.0ms dr=0.0/s tp=0.0Mbps eBPF=NO adj=15 [acape]
[exporter 21:36:04] bl=0p tgt=5.0ms dr=0.0/s tp=0.0Mbps eBPF=NO adj=15 [acape]
[exporter 21:36:15] bl=0p tgt=5.0ms dr=0.0/s tp=0.0Mbps eBPF=NO adj=15 [acape]
[exporter 21:36:25] bl=0p tgt=5.0ms dr=0.0/s tp=0.0Mbps eBPF=NO adj=15 [acape]
[exporter 21:36:35] bl=0p tgt=5.0ms dr=0.0/s tp=0.0Mbps eBPF=NO adj=15 [acape]
[exporter 21:36:45] bl=0p tgt=5.0ms dr=0.0/s tp=0.0Mbps eBPF=NO adj=15 [acape]
[exporter 21:36:55] bl=0p tgt=5.0ms dr=0.0/s tp=0.0Mbps eBPF=NO adj=15 [acape]
[exporter 21:37:05] bl=0p tgt=5.0ms dr=0.0/s tp=0.0Mbps eBPF=NO adj=15 [acape]
[exporter 21:37:15] bl=0p tgt=5.0ms dr=0.0/s tp=0.0Mbps eBPF=NO adj=15 [acape]
[exporter 21:37:25] bl=0p tgt=5.0ms dr=0.0/s tp=0.0Mbps eBPF=NO adj=15 [acape]
[exporter 21:37:35] bl=0p tgt=5.0ms dr=0.0/s tp=0.0Mbps eBPF=NO adj=15 [acape]
[exporter 21:37:45] bl=0p tgt=5.0ms dr=0.0/s tp=0.0Mbps eBPF=NO adj=15 [acape]
[exporter 21:37:55] bl=0p tgt=5.0ms dr=0.0/s tp=0.0Mbps eBPF=NO adj=15 [acape]
[exporter 21:38:05] bl=0p tgt=5.0ms dr=0.0/s tp=0.0Mbps eBPF=NO adj=15 [acape]
[exporter 21:38:15] bl=0p tgt=5.0ms dr=0.0/s tp=0.0Mbps eBPF=NO adj=15 [acape]
[exporter 21:38:25] bl=0p tgt=5.0ms dr=0.0/s tp=0.0Mbps eBPF=NO adj=15 [acape]
[exporter 21:38:35] bl=0p tgt=5.0ms dr=0.0/s tp=0.0Mbps eBPF=NO adj=15 [acape]
[exporter 21:38:45] bl=0p tgt=5.0ms dr=0.0/s tp=0.0Mbps eBPF=NO adj=15 [acape]
[exporter 21:38:55] bl=0p tgt=5.0ms dr=0.0/s tp=0.0Mbps eBPF=NO adj=15 [acape]
[exporter 21:39:05] bl=0p tgt=5.0ms dr=0.0/s tp=0.0Mbps eBPF=NO adj=15 [acape]
[exporter 21:39:15] bl=0p tgt=5.0ms dr=0.0/s tp=0.0Mbps eBPF=NO adj=15 [acape]
[exporter 21:39:25] bl=0p tgt=5.0ms dr=0.0/s tp=0.0Mbps eBPF=NO adj=15 [acape]
[exporter 21:39:35] bl=0p tgt=5.0ms dr=0.0/s tp=0.0Mbps eBPF=NO adj=15 [acape]
[exporter 21:39:45] bl=0p tgt=5.0ms dr=0.0/s tp=0.0Mbps eBPF=NO adj=15 [acape]
[exporter 21:39:55] bl=0p tgt=5.0ms dr=0.0/s tp=0.0Mbps eBPF=NO adj=15 [acape]
[exporter 21:40:05] bl=0p tgt=5.0ms dr=0.0/s tp=0.0Mbps eBPF=NO adj=15 [acape]
[exporter 21:40:15] bl=0p tgt=5.0ms dr=0.0/s tp=0.0Mbps eBPF=NO adj=15 [acape]
[exporter 21:40:25] bl=0p tgt=5.0ms dr=0.0/s tp=0.0Mbps eBPF=NO adj=15 [acape]
[exporter 21:40:35] bl=0p tgt=5.0ms dr=0.0/s tp=0.0Mbps eBPF=NO adj=15 [acape]
[exporter 21:40:46] bl=0p tgt=5.0ms dr=0.0/s tp=0.0Mbps eBPF=NO adj=15 [acape]
[exporter 21:40:56] bl=0p tgt=5.0ms dr=0.0/s tp=0.0Mbps eBPF=NO adj=15 [acape]
[exporter 21:41:06] bl=0p tgt=5.0ms dr=0.0/s tp=0.0Mbps eBPF=NO adj=15 [acape]
[exporter 21:41:16] bl=0p tgt=5.0ms dr=0.0/s tp=0.0Mbps eBPF=NO adj=15 [acape]
[exporter 21:41:26] bl=0p tgt=5.0ms dr=0.0/s tp=0.0Mbps eBPF=NO adj=15 [acape]
[exporter 21:41:36] bl=0p tgt=5.0ms dr=0.0/s tp=0.0Mbps eBPF=NO adj=15 [acape]
[exporter 21:41:46] bl=0p tgt=5.0ms dr=0.0/s tp=0.0Mbps eBPF=NO adj=15 [acape]
[exporter 21:41:56] bl=0p tgt=5.0ms dr=0.0/s tp=0.0Mbps eBPF=NO adj=15 [acape]
[exporter 21:42:06] bl=0p tgt=5.0ms dr=0.0/s tp=0.0Mbps eBPF=NO adj=15 [acape]
[exporter 21:42:16] bl=0p tgt=5.0ms dr=0.0/s tp=0.0Mbps eBPF=NO adj=15 [acape]
[exporter 21:42:26] bl=0p tgt=5.0ms dr=0.0/s tp=0.0Mbps eBPF=NO adj=15 [acape]
[exporter 21:42:36] bl=0p tgt=5.0ms dr=0.0/s tp=0.0Mbps eBPF=NO adj=15 [acape]
[exporter 21:42:46] bl=0p tgt=5.0ms dr=0.0/s tp=0.0Mbps eBPF=NO adj=15 [acape]
[exporter 21:42:56] bl=0p tgt=5.0ms dr=0.0/s tp=0.0Mbps eBPF=NO adj=15 [acape]
[exporter 21:43:07] bl=0p tgt=5.0ms dr=0.0/s tp=0.0Mbps eBPF=NO adj=15 [acape]
[exporter 21:43:17] bl=0p tgt=5.0ms dr=0.0/s tp=0.0Mbps eBPF=NO adj=15 [acape]
[exporter 21:43:27] bl=0p tgt=5.0ms dr=0.0/s tp=0.0Mbps eBPF=NO adj=15 [acape]
[exporter 21:43:37] bl=0p tgt=5.0ms dr=0.0/s tp=0.0Mbps eBPF=NO adj=15 [acape]
[exporter 21:43:47] bl=0p tgt=5.0ms dr=0.0/s tp=0.0Mbps eBPF=NO adj=15 [acape]
[exporter 21:43:57] bl=0p tgt=5.0ms dr=0.0/s tp=0.0Mbps eBPF=NO adj=15 [acape]
[exporter 21:44:07] bl=0p tgt=5.0ms dr=0.0/s tp=0.0Mbps eBPF=NO adj=15 [acape]
[exporter 21:44:17] bl=0p tgt=5.0ms dr=0.0/s tp=0.0Mbps eBPF=NO adj=15 [acape]
[exporter 21:44:27] bl=0p tgt=5.0ms dr=0.0/s tp=0.0Mbps eBPF=NO adj=15 [acape]
[exporter 21:44:37] bl=0p tgt=5.0ms dr=0.0/s tp=0.0Mbps eBPF=NO adj=15 [acape]
[exporter 21:44:47] bl=0p tgt=5.0ms dr=0.0/s tp=0.0Mbps eBPF=NO adj=15 [acape]
[exporter 21:44:57] bl=0p tgt=5.0ms dr=0.0/s tp=0.0Mbps eBPF=NO adj=15 [acape]
[exporter 21:45:07] bl=0p tgt=5.0ms dr=0.0/s tp=0.0Mbps eBPF=NO adj=15 [acape]
[exporter 21:45:17] bl=0p tgt=5.0ms dr=0.0/s tp=0.0Mbps eBPF=NO adj=15 [acape]
[exporter 21:45:28] bl=0p tgt=5.0ms dr=0.0/s tp=0.0Mbps eBPF=NO adj=15 [acape]
[exporter 21:45:38] bl=0p tgt=5.0ms dr=0.0/s tp=0.0Mbps eBPF=NO adj=15 [acape]
[exporter 21:45:48] bl=0p tgt=5.0ms dr=0.0/s tp=0.0Mbps eBPF=NO adj=15 [acape]
[exporter 21:45:58] bl=0p tgt=5.0ms dr=0.0/s tp=0.0Mbps eBPF=NO adj=15 [acape]
[exporter 21:46:08] bl=0p tgt=5.0ms dr=0.0/s tp=0.0Mbps eBPF=NO adj=15 [acape]
[exporter 21:46:18] bl=0p tgt=5.0ms dr=0.0/s tp=0.0Mbps eBPF=NO adj=15 [acape]
[exporter 21:46:28] bl=0p tgt=5.0ms dr=0.0/s tp=0.0Mbps eBPF=NO adj=15 [acape]
[exporter 21:46:38] bl=0p tgt=5.0ms dr=0.0/s tp=0.0Mbps eBPF=NO adj=15 [acape]
[exporter 21:46:48] bl=0p tgt=5.0ms dr=0.0/s tp=0.0Mbps eBPF=NO adj=15 [acape]
[exporter 21:46:58] bl=0p tgt=5.0ms dr=0.0/s tp=0.0Mbps eBPF=NO adj=15 [acape]
[exporter 21:47:08] bl=0p tgt=5.0ms dr=0.0/s tp=0.0Mbps eBPF=NO adj=15 [acape]
[exporter 21:47:18] bl=0p tgt=5.0ms dr=0.0/s tp=0.0Mbps eBPF=NO adj=15 [acape]
[exporter 21:47:28] bl=0p tgt=5.0ms dr=0.0/s tp=0.0Mbps eBPF=NO adj=15 [acape]
[exporter 21:47:38] bl=0p tgt=5.0ms dr=0.0/s tp=0.0Mbps eBPF=NO adj=15 [acape]
[exporter 21:47:48] bl=0p tgt=5.0ms dr=0.0/s tp=0.0Mbps eBPF=NO adj=15 [acape]
[exporter 21:47:59] bl=0p tgt=5.0ms dr=0.0/s tp=0.0Mbps eBPF=NO adj=15 [acape]
[exporter 21:48:09] bl=0p tgt=5.0ms dr=0.0/s tp=0.0Mbps eBPF=NO adj=15 [acape]
[exporter 21:48:19] bl=0p tgt=5.0ms dr=0.0/s tp=0.0Mbps eBPF=NO adj=15 [acape]
[exporter 21:48:29] bl=0p tgt=5.0ms dr=0.0/s tp=0.0Mbps eBPF=NO adj=15 [acape]
[exporter 21:48:39] bl=0p tgt=5.0ms dr=0.0/s tp=0.0Mbps eBPF=NO adj=15 [acape]
[exporter 21:48:49] bl=0p tgt=5.0ms dr=0.0/s tp=0.0Mbps eBPF=NO adj=15 [acape]
[exporter 21:48:59] bl=0p tgt=5.0ms dr=0.0/s tp=0.0Mbps eBPF=NO adj=15 [acape]
[exporter 21:49:09] bl=0p tgt=5.0ms dr=0.0/s tp=0.0Mbps eBPF=NO adj=15 [acape]
[exporter 21:49:19] bl=0p tgt=5.0ms dr=0.0/s tp=0.0Mbps eBPF=NO adj=15 [acape]
[exporter 21:49:29] bl=0p tgt=5.0ms dr=0.0/s tp=0.0Mbps eBPF=NO adj=15 [acape]
[exporter 21:49:39] bl=0p tgt=5.0ms dr=0.0/s tp=0.0Mbps eBPF=NO adj=15 [acape]
[exporter 21:49:49] bl=0p tgt=5.0ms dr=0.0/s tp=0.0Mbps eBPF=NO adj=15 [acape]
[exporter 21:49:59] bl=0p tgt=5.0ms dr=0.0/s tp=0.0Mbps eBPF=NO adj=15 [acape]
[exporter 21:50:09] bl=0p tgt=5.0ms dr=0.0/s tp=0.0Mbps eBPF=NO adj=15 [acape]
[exporter 21:50:20] bl=0p tgt=5.0ms dr=0.0/s tp=0.0Mbps eBPF=NO adj=15 [acape]
[exporter 21:50:30] bl=0p tgt=5.0ms dr=0.0/s tp=0.0Mbps eBPF=NO adj=15 [acape]
[exporter 21:50:40] bl=0p tgt=5.0ms dr=0.0/s tp=0.0Mbps eBPF=NO adj=15 [acape]
[exporter 21:50:50] bl=0p tgt=5.0ms dr=0.0/s tp=0.0Mbps eBPF=NO adj=15 [acape]
[exporter 21:51:00] bl=0p tgt=5.0ms dr=0.0/s tp=0.0Mbps eBPF=NO adj=15 [acape]
[exporter 21:51:10] bl=0p tgt=5.0ms dr=0.0/s tp=0.0Mbps eBPF=NO adj=15 [acape]
[exporter 21:51:20] bl=0p tgt=5.0ms dr=0.0/s tp=0.0Mbps eBPF=NO adj=15 [acape]
[exporter 21:51:30] bl=0p tgt=5.0ms dr=0.0/s tp=0.0Mbps eBPF=NO adj=15 [acape]
[exporter 21:51:40] bl=0p tgt=5.0ms dr=0.0/s tp=0.0Mbps eBPF=NO adj=15 [acape]
[exporter 21:51:50] bl=0p tgt=5.0ms dr=0.0/s tp=0.0Mbps eBPF=NO adj=15 [acape]
[exporter 21:52:00] bl=0p tgt=5.0ms dr=0.0/s tp=0.0Mbps eBPF=NO adj=15 [acape]
[exporter 21:52:10] bl=0p tgt=5.0ms dr=0.0/s tp=0.0Mbps eBPF=NO adj=15 [acape]
[exporter 21:52:20] bl=0p tgt=5.0ms dr=0.0/s tp=0.0Mbps eBPF=NO adj=15 [acape]
[exporter 21:52:30] bl=0p tgt=5.0ms dr=0.0/s tp=0.0Mbps eBPF=NO adj=15 [acape]
[exporter 21:52:41] bl=0p tgt=5.0ms dr=0.0/s tp=0.0Mbps eBPF=NO adj=15 [acape]
[exporter 21:52:51] bl=0p tgt=5.0ms dr=0.0/s tp=0.0Mbps eBPF=NO adj=15 [acape]
[exporter 21:53:01] bl=0p tgt=5.0ms dr=0.0/s tp=0.0Mbps eBPF=NO adj=15 [acape]
[exporter 21:53:11] bl=0p tgt=5.0ms dr=0.0/s tp=0.0Mbps eBPF=NO adj=15 [acape]
[exporter 21:53:21] bl=0p tgt=5.0ms dr=0.0/s tp=0.0Mbps eBPF=NO adj=15 [acape]
[exporter 21:53:31] bl=0p tgt=5.0ms dr=0.0/s tp=0.0Mbps eBPF=NO adj=15 [acape]
[exporter 21:53:41] bl=0p tgt=5.0ms dr=0.0/s tp=0.0Mbps eBPF=NO adj=15 [acape]
[exporter 21:53:51] bl=0p tgt=5.0ms dr=0.0/s tp=0.0Mbps eBPF=NO adj=15 [acape]
[exporter 21:54:01] bl=0p tgt=5.0ms dr=0.0/s tp=0.0Mbps eBPF=NO adj=15 [acape]
[exporter 21:54:11] bl=0p tgt=5.0ms dr=0.0/s tp=0.0Mbps eBPF=NO adj=15 [acape]
[exporter 21:54:21] bl=0p tgt=5.0ms dr=0.0/s tp=0.0Mbps eBPF=NO adj=15 [acape]
[exporter 21:54:31] bl=0p tgt=5.0ms dr=0.0/s tp=0.0Mbps eBPF=NO adj=15 [acape]
[exporter 21:54:41] bl=0p tgt=5.0ms dr=0.0/s tp=0.0Mbps eBPF=NO adj=15 [acape]
[exporter 21:54:51] bl=0p tgt=5.0ms dr=0.0/s tp=0.0Mbps eBPF=NO adj=15 [acape]
[exporter 21:55:02] bl=0p tgt=5.0ms dr=0.0/s tp=0.0Mbps eBPF=NO adj=15 [acape]
[exporter 21:55:12] bl=0p tgt=5.0ms dr=0.0/s tp=0.0Mbps eBPF=NO adj=15 [acape]
[exporter 21:55:22] bl=0p tgt=5.0ms dr=0.0/s tp=0.0Mbps eBPF=NO adj=15 [acape]
[exporter 21:55:32] bl=0p tgt=5.0ms dr=0.0/s tp=0.0Mbps eBPF=NO adj=15 [acape]
[exporter 21:55:42] bl=0p tgt=5.0ms dr=0.0/s tp=0.0Mbps eBPF=NO adj=15 [acape]
[exporter 21:55:52] bl=0p tgt=5.0ms dr=0.0/s tp=0.0Mbps eBPF=NO adj=15 [acape]
[exporter 21:56:02] bl=0p tgt=5.0ms dr=0.0/s tp=0.0Mbps eBPF=NO adj=15 [acape]
[exporter 21:56:12] bl=0p tgt=5.0ms dr=0.0/s tp=0.0Mbps eBPF=NO adj=15 [acape]
[exporter 21:56:22] bl=0p tgt=5.0ms dr=0.0/s tp=0.0Mbps eBPF=NO adj=15 [acape]
[exporter 21:56:32] bl=0p tgt=5.0ms dr=0.0/s tp=0.0Mbps eBPF=NO adj=15 [acape]
[exporter 21:56:42] bl=0p tgt=5.0ms dr=0.0/s tp=0.0Mbps eBPF=NO adj=15 [acape]
[exporter 21:56:52] bl=0p tgt=5.0ms dr=0.0/s tp=0.0Mbps eBPF=NO adj=15 [acape]
[exporter 21:57:02] bl=0p tgt=5.0ms dr=0.0/s tp=0.0Mbps eBPF=NO adj=15 [acape]
[exporter 21:57:12] bl=0p tgt=5.0ms dr=0.0/s tp=0.0Mbps eBPF=NO adj=15 [acape]
[exporter 21:57:23] bl=0p tgt=5.0ms dr=0.0/s tp=0.0Mbps eBPF=NO adj=15 [acape]
[exporter 21:57:33] bl=0p tgt=5.0ms dr=0.0/s tp=0.0Mbps eBPF=NO adj=15 [acape]
[exporter 21:57:43] bl=0p tgt=5.0ms dr=0.0/s tp=0.0Mbps eBPF=NO adj=15 [acape]
[exporter 21:57:53] bl=0p tgt=5.0ms dr=0.0/s tp=0.0Mbps eBPF=NO adj=15 [acape]
[exporter 21:58:03] bl=0p tgt=5.0ms dr=0.0/s tp=0.0Mbps eBPF=NO adj=15 [acape]
[exporter 21:58:13] bl=0p tgt=5.0ms dr=0.0/s tp=0.0Mbps eBPF=NO adj=15 [acape]
[exporter 21:58:23] bl=0p tgt=5.0ms dr=0.0/s tp=0.0Mbps eBPF=NO adj=15 [acape]
[exporter 21:58:33] bl=0p tgt=5.0ms dr=0.0/s tp=0.0Mbps eBPF=NO adj=15 [acape]
[exporter 21:58:43] bl=0p tgt=5.0ms dr=0.0/s tp=0.0Mbps eBPF=NO adj=15 [acape]
[exporter 21:58:53] bl=0p tgt=5.0ms dr=0.0/s tp=0.0Mbps eBPF=NO adj=15 [acape]
[exporter 21:59:03] bl=0p tgt=5.0ms dr=0.0/s tp=0.0Mbps eBPF=NO adj=15 [acape]
[exporter 21:59:13] bl=0p tgt=5.0ms dr=0.0/s tp=0.0Mbps eBPF=NO adj=15 [acape]
[exporter 21:59:23] bl=0p tgt=5.0ms dr=0.0/s tp=0.0Mbps eBPF=NO adj=15 [acape]
[exporter 21:59:33] bl=0p tgt=5.0ms dr=0.0/s tp=0.0Mbps eBPF=NO adj=15 [acape]
[exporter 21:59:43] bl=0p tgt=5.0ms dr=0.0/s tp=0.0Mbps eBPF=NO adj=15 [acape]
[exporter 21:59:54] bl=0p tgt=5.0ms dr=0.0/s tp=0.0Mbps eBPF=NO adj=15 [acape]
[exporter 22:00:04] bl=0p tgt=5.0ms dr=0.0/s tp=0.0Mbps eBPF=NO adj=15 [acape]
[exporter 22:00:14] bl=0p tgt=5.0ms dr=0.0/s tp=0.0Mbps eBPF=NO adj=15 [acape]
[exporter 22:00:24] bl=0p tgt=5.0ms dr=0.0/s tp=0.0Mbps eBPF=NO adj=15 [acape]
[exporter 22:00:34] bl=0p tgt=5.0ms dr=0.0/s tp=0.0Mbps eBPF=NO adj=15 [acape]
[exporter 22:00:44] bl=0p tgt=5.0ms dr=0.0/s tp=0.0Mbps eBPF=NO adj=15 [acape]
[exporter 22:00:54] bl=0p tgt=5.0ms dr=0.0/s tp=0.0Mbps eBPF=NO adj=15 [acape]
[exporter 22:01:04] bl=0p tgt=5.0ms dr=0.0/s tp=0.0Mbps eBPF=NO adj=15 [acape]
[exporter 22:01:14] bl=0p tgt=5.0ms dr=0.0/s tp=0.0Mbps eBPF=NO adj=15 [acape]
[exporter 22:01:24] bl=0p tgt=5.0ms dr=0.0/s tp=0.0Mbps eBPF=NO adj=15 [acape]
[exporter 22:01:34] bl=0p tgt=5.0ms dr=0.0/s tp=0.0Mbps eBPF=NO adj=15 [acape]
[exporter 22:01:44] bl=0p tgt=5.0ms dr=0.0/s tp=0.0Mbps eBPF=NO adj=15 [acape]
[exporter 22:01:54] bl=0p tgt=5.0ms dr=0.0/s tp=0.0Mbps eBPF=NO adj=15 [acape]
[exporter 22:02:04] bl=0p tgt=5.0ms dr=0.0/s tp=0.0Mbps eBPF=NO adj=15 [acape]
[exporter 22:02:15] bl=0p tgt=5.0ms dr=0.0/s tp=0.0Mbps eBPF=NO adj=15 [acape]
[exporter 22:02:25] bl=0p tgt=5.0ms dr=0.0/s tp=0.0Mbps eBPF=NO adj=15 [acape]
[exporter 22:02:35] bl=0p tgt=5.0ms dr=0.0/s tp=0.0Mbps eBPF=NO adj=15 [acape]
[exporter 22:02:45] bl=0p tgt=5.0ms dr=0.0/s tp=0.0Mbps eBPF=NO adj=15 [acape]
[exporter 22:02:55] bl=0p tgt=5.0ms dr=0.0/s tp=0.0Mbps eBPF=NO adj=15 [acape]
[exporter 22:03:05] bl=0p tgt=5.0ms dr=0.0/s tp=0.0Mbps eBPF=NO adj=15 [acape]
[exporter 22:03:15] bl=0p tgt=5.0ms dr=0.0/s tp=0.0Mbps eBPF=NO adj=15 [acape]
[exporter 22:03:25] bl=0p tgt=5.0ms dr=0.0/s tp=0.0Mbps eBPF=NO adj=15 [acape]
[exporter 22:03:35] bl=0p tgt=5.0ms dr=0.0/s tp=0.0Mbps eBPF=NO adj=15 [acape]
[exporter 22:03:45] bl=0p tgt=5.0ms dr=0.0/s tp=0.0Mbps eBPF=NO adj=15 [acape]
[exporter 22:03:55] bl=0p tgt=5.0ms dr=0.0/s tp=0.0Mbps eBPF=NO adj=15 [acape]
[exporter 22:04:05] bl=0p tgt=5.0ms dr=0.0/s tp=0.0Mbps eBPF=NO adj=15 [acape]
[exporter 22:04:15] bl=0p tgt=5.0ms dr=0.0/s tp=0.0Mbps eBPF=NO adj=15 [acape]
[exporter 22:04:25] bl=0p tgt=5.0ms dr=0.0/s tp=0.0Mbps eBPF=NO adj=15 [acape]
[exporter 22:04:35] bl=0p tgt=5.0ms dr=0.0/s tp=0.0Mbps eBPF=NO adj=15 [acape]
[exporter 22:04:46] bl=0p tgt=5.0ms dr=0.0/s tp=0.0Mbps eBPF=NO adj=15 [acape]
[exporter 22:04:56] bl=0p tgt=5.0ms dr=0.0/s tp=0.0Mbps eBPF=NO adj=15 [acape]
[exporter 22:05:06] bl=0p tgt=5.0ms dr=0.0/s tp=0.0Mbps eBPF=NO adj=15 [acape]
[exporter 22:05:16] bl=0p tgt=5.0ms dr=0.0/s tp=0.0Mbps eBPF=NO adj=15 [acape]
[exporter 22:05:26] bl=0p tgt=5.0ms dr=0.0/s tp=0.0Mbps eBPF=NO adj=15 [acape]
[exporter 22:05:36] bl=0p tgt=5.0ms dr=0.0/s tp=0.0Mbps eBPF=NO adj=15 [acape]
[exporter 22:05:46] bl=0p tgt=5.0ms dr=0.0/s tp=0.0Mbps eBPF=NO adj=15 [acape]
[exporter 22:05:56] bl=0p tgt=5.0ms dr=0.0/s tp=0.0Mbps eBPF=NO adj=15 [acape]
[exporter 22:06:06] bl=0p tgt=5.0ms dr=0.0/s tp=0.0Mbps eBPF=NO adj=15 [acape]
[exporter 22:06:16] bl=0p tgt=5.0ms dr=0.0/s tp=0.0Mbps eBPF=NO adj=15 [acape]
[exporter 22:06:26] bl=0p tgt=5.0ms dr=0.0/s tp=0.0Mbps eBPF=NO adj=15 [acape]
[exporter 22:06:36] bl=0p tgt=5.0ms dr=0.0/s tp=0.0Mbps eBPF=NO adj=15 [acape]
[exporter 22:06:46] bl=0p tgt=5.0ms dr=0.0/s tp=0.0Mbps eBPF=NO adj=15 [acape]
[exporter 22:06:56] bl=0p tgt=5.0ms dr=0.0/s tp=0.0Mbps eBPF=NO adj=15 [acape]
[exporter 22:07:07] bl=0p tgt=5.0ms dr=0.0/s tp=0.0Mbps eBPF=NO adj=15 [acape]
[exporter 22:07:17] bl=0p tgt=5.0ms dr=0.0/s tp=0.0Mbps eBPF=NO adj=15 [acape]
[exporter 22:07:27] bl=0p tgt=5.0ms dr=0.0/s tp=0.0Mbps eBPF=NO adj=15 [acape]
[exporter 22:07:37] bl=0p tgt=5.0ms dr=0.0/s tp=0.0Mbps eBPF=NO adj=15 [acape]
[exporter 22:07:47] bl=0p tgt=5.0ms dr=0.0/s tp=0.0Mbps eBPF=NO adj=15 [acape]
[exporter 22:07:57] bl=0p tgt=5.0ms dr=0.0/s tp=0.0Mbps eBPF=NO adj=15 [acape]
[exporter 22:08:07] bl=0p tgt=5.0ms dr=0.0/s tp=0.0Mbps eBPF=NO adj=15 [acape]
[exporter 22:08:17] bl=0p tgt=5.0ms dr=0.0/s tp=0.0Mbps eBPF=NO adj=15 [acape]
[exporter 22:08:27] bl=0p tgt=5.0ms dr=0.0/s tp=0.0Mbps eBPF=NO adj=15 [acape]
[exporter 22:08:37] bl=0p tgt=5.0ms dr=0.0/s tp=0.0Mbps eBPF=NO adj=15 [acape]
[exporter 22:08:47] bl=0p tgt=5.0ms dr=0.0/s tp=0.0Mbps eBPF=NO adj=15 [acape]
[exporter 22:08:58] bl=0p tgt=5.0ms dr=0.0/s tp=0.0Mbps eBPF=NO adj=15 [acape]
[exporter 22:09:08] bl=0p tgt=5.0ms dr=0.0/s tp=0.0Mbps eBPF=NO adj=15 [acape]
[exporter 22:09:18] bl=0p tgt=5.0ms dr=0.0/s tp=0.0Mbps eBPF=NO adj=15 [acape]
[exporter 22:09:28] bl=0p tgt=5.0ms dr=0.0/s tp=0.0Mbps eBPF=NO adj=15 [acape]
[exporter 22:09:38] bl=0p tgt=5.0ms dr=0.0/s tp=0.0Mbps eBPF=NO adj=15 [acape]
[exporter 22:09:48] bl=0p tgt=5.0ms dr=0.0/s tp=0.0Mbps eBPF=NO adj=15 [acape]
[exporter 22:09:58] bl=0p tgt=5.0ms dr=0.0/s tp=0.0Mbps eBPF=NO adj=15 [acape]
[exporter 22:10:08] bl=0p tgt=5.0ms dr=0.0/s tp=0.0Mbps eBPF=NO adj=15 [acape]
[exporter 22:10:18] bl=0p tgt=5.0ms dr=0.0/s tp=0.0Mbps eBPF=NO adj=15 [acape]
[exporter 22:10:28] bl=0p tgt=5.0ms dr=0.0/s tp=0.0Mbps eBPF=NO adj=15 [acape]
[exporter 22:10:38] bl=0p tgt=5.0ms dr=0.0/s tp=0.0Mbps eBPF=NO adj=15 [acape]
[exporter 22:10:48] bl=0p tgt=5.0ms dr=0.0/s tp=0.0Mbps eBPF=NO adj=15 [acape]
[exporter 22:10:58] bl=0p tgt=5.0ms dr=0.0/s tp=0.0Mbps eBPF=NO adj=15 [acape]
[exporter 22:11:08] bl=0p tgt=5.0ms dr=0.0/s tp=0.0Mbps eBPF=NO adj=15 [acape]
[exporter 22:11:19] bl=0p tgt=5.0ms dr=0.0/s tp=0.0Mbps eBPF=NO adj=15 [acape]
[exporter 22:11:29] bl=0p tgt=5.0ms dr=0.0/s tp=0.0Mbps eBPF=NO adj=15 [acape]
[exporter 22:11:39] bl=0p tgt=5.0ms dr=0.0/s tp=0.0Mbps eBPF=NO adj=15 [acape]
[exporter 22:11:49] bl=0p tgt=5.0ms dr=0.0/s tp=0.0Mbps eBPF=NO adj=15 [acape]
[exporter 22:11:59] bl=0p tgt=5.0ms dr=0.0/s tp=0.0Mbps eBPF=NO adj=15 [acape]
[exporter 22:12:09] bl=0p tgt=5.0ms dr=0.0/s tp=0.0Mbps eBPF=NO adj=15 [acape]
[exporter 22:12:19] bl=0p tgt=5.0ms dr=0.0/s tp=0.0Mbps eBPF=NO adj=15 [acape]
[exporter 22:12:29] bl=0p tgt=5.0ms dr=0.0/s tp=0.0Mbps eBPF=NO adj=15 [acape]
[exporter 22:12:39] bl=0p tgt=5.0ms dr=0.0/s tp=0.0Mbps eBPF=NO adj=15 [acape]
[exporter 22:12:49] bl=0p tgt=5.0ms dr=0.0/s tp=0.0Mbps eBPF=NO adj=15 [acape]
[exporter 22:12:59] bl=0p tgt=5.0ms dr=0.0/s tp=0.0Mbps eBPF=NO adj=15 [acape]
[exporter 22:13:09] bl=0p tgt=5.0ms dr=0.0/s tp=0.0Mbps eBPF=NO adj=15 [acape]
[exporter 22:13:19] bl=0p tgt=5.0ms dr=0.0/s tp=0.0Mbps eBPF=NO adj=15 [acape]
[exporter 22:13:29] bl=0p tgt=5.0ms dr=0.0/s tp=0.0Mbps eBPF=NO adj=15 [acape]
[exporter 22:13:39] bl=0p tgt=5.0ms dr=0.0/s tp=0.0Mbps eBPF=NO adj=15 [acape]
[exporter 22:13:50] bl=0p tgt=5.0ms dr=0.0/s tp=0.0Mbps eBPF=NO adj=15 [acape]
[exporter 22:14:00] bl=0p tgt=5.0ms dr=0.0/s tp=0.0Mbps eBPF=NO adj=15 [acape]
[exporter 22:14:10] bl=0p tgt=5.0ms dr=0.0/s tp=0.0Mbps eBPF=NO adj=15 [acape]
[exporter 22:14:20] bl=0p tgt=5.0ms dr=0.0/s tp=0.0Mbps eBPF=NO adj=15 [acape]
[exporter 22:14:30] bl=0p tgt=5.0ms dr=0.0/s tp=0.0Mbps eBPF=NO adj=15 [acape]
[exporter 22:14:40] bl=0p tgt=5.0ms dr=0.0/s tp=0.0Mbps eBPF=NO adj=15 [acape]
[exporter 22:14:50] bl=0p tgt=5.0ms dr=0.0/s tp=0.0Mbps eBPF=NO adj=15 [acape]
[exporter 22:15:00] bl=0p tgt=5.0ms dr=0.0/s tp=0.0Mbps eBPF=NO adj=15 [acape]
[exporter 22:15:10] bl=0p tgt=5.0ms dr=0.0/s tp=0.0Mbps eBPF=NO adj=15 [acape]
[exporter 22:15:20] bl=0p tgt=5.0ms dr=0.0/s tp=0.0Mbps eBPF=NO adj=15 [acape]
[exporter 22:15:30] bl=0p tgt=5.0ms dr=0.0/s tp=0.0Mbps eBPF=NO adj=15 [acape]
[exporter 22:15:40] bl=0p tgt=5.0ms dr=0.0/s tp=0.0Mbps eBPF=NO adj=15 [acape]
[exporter 22:15:50] bl=0p tgt=5.0ms dr=0.0/s tp=0.0Mbps eBPF=NO adj=15 [acape]
[exporter 22:16:00] bl=0p tgt=5.0ms dr=0.0/s tp=0.0Mbps eBPF=NO adj=15 [acape]
[exporter 22:16:11] bl=0p tgt=5.0ms dr=0.0/s tp=0.0Mbps eBPF=NO adj=15 [acape]
[exporter 22:16:21] bl=0p tgt=5.0ms dr=0.0/s tp=0.0Mbps eBPF=NO adj=15 [acape]
[exporter 22:16:31] bl=0p tgt=5.0ms dr=0.0/s tp=0.0Mbps eBPF=NO adj=15 [acape]
[exporter 22:16:41] bl=0p tgt=5.0ms dr=0.0/s tp=0.0Mbps eBPF=NO adj=15 [acape]
[exporter 22:16:51] bl=0p tgt=5.0ms dr=0.0/s tp=0.0Mbps eBPF=NO adj=15 [acape]
[exporter 22:17:01] bl=0p tgt=5.0ms dr=0.0/s tp=0.0Mbps eBPF=NO adj=15 [acape]
[exporter 22:17:11] bl=0p tgt=5.0ms dr=0.0/s tp=0.0Mbps eBPF=NO adj=15 [acape]
[exporter 22:17:21] bl=0p tgt=5.0ms dr=0.0/s tp=0.0Mbps eBPF=NO adj=15 [acape]
[exporter 22:17:31] bl=0p tgt=5.0ms dr=0.0/s tp=0.0Mbps eBPF=NO adj=15 [acape]
[exporter 22:17:41] bl=0p tgt=5.0ms dr=0.0/s tp=0.0Mbps eBPF=NO adj=15 [acape]
[exporter 22:17:51] bl=0p tgt=5.0ms dr=0.0/s tp=0.0Mbps eBPF=NO adj=15 [acape]
[exporter 22:18:01] bl=0p tgt=5.0ms dr=0.0/s tp=0.0Mbps eBPF=NO adj=15 [acape]
[exporter 22:18:11] bl=0p tgt=5.0ms dr=0.0/s tp=0.0Mbps eBPF=NO adj=15 [acape]
[exporter 22:18:21] bl=0p tgt=5.0ms dr=0.0/s tp=0.0Mbps eBPF=NO adj=15 [acape]
[exporter 22:18:32] bl=0p tgt=5.0ms dr=0.0/s tp=0.0Mbps eBPF=NO adj=15 [acape]
[exporter 22:18:42] bl=0p tgt=5.0ms dr=0.0/s tp=0.0Mbps eBPF=NO adj=15 [acape]
[exporter 22:18:52] bl=0p tgt=5.0ms dr=0.0/s tp=0.0Mbps eBPF=NO adj=15 [acape]
[exporter 22:19:02] bl=0p tgt=5.0ms dr=0.0/s tp=0.0Mbps eBPF=NO adj=15 [acape]
[exporter 22:19:12] bl=0p tgt=5.0ms dr=0.0/s tp=0.0Mbps eBPF=NO adj=15 [acape]
[exporter 22:19:22] bl=0p tgt=5.0ms dr=0.0/s tp=0.0Mbps eBPF=NO adj=15 [acape]
[exporter 22:19:32] bl=0p tgt=5.0ms dr=0.0/s tp=0.0Mbps eBPF=NO adj=15 [acape]
[exporter 22:19:42] bl=0p tgt=5.0ms dr=0.0/s tp=0.0Mbps eBPF=NO adj=15 [acape]
[exporter 22:19:52] bl=0p tgt=5.0ms dr=0.0/s tp=0.0Mbps eBPF=NO adj=15 [acape]
[exporter 22:20:02] bl=0p tgt=5.0ms dr=0.0/s tp=0.0Mbps eBPF=NO adj=15 [acape]
[exporter 22:20:12] bl=0p tgt=5.0ms dr=0.0/s tp=0.0Mbps eBPF=NO adj=15 [acape]
[exporter 22:20:22] bl=0p tgt=5.0ms dr=0.0/s tp=0.0Mbps eBPF=NO adj=15 [acape]
[exporter 22:20:32] bl=0p tgt=5.0ms dr=0.0/s tp=0.0Mbps eBPF=NO adj=15 [acape]
[exporter 22:20:42] bl=0p tgt=5.0ms dr=0.0/s tp=0.0Mbps eBPF=NO adj=15 [acape]
[exporter 22:20:52] bl=0p tgt=5.0ms dr=0.0/s tp=0.0Mbps eBPF=NO adj=15 [acape]
[exporter 22:21:03] bl=0p tgt=5.0ms dr=0.0/s tp=0.0Mbps eBPF=NO adj=15 [acape]
[exporter 22:21:13] bl=0p tgt=5.0ms dr=0.0/s tp=0.0Mbps eBPF=NO adj=15 [acape]
[exporter 22:21:23] bl=0p tgt=5.0ms dr=0.0/s tp=0.0Mbps eBPF=NO adj=15 [acape]
[exporter 22:21:33] bl=0p tgt=5.0ms dr=0.0/s tp=0.0Mbps eBPF=NO adj=15 [acape]
[exporter 22:21:43] bl=0p tgt=5.0ms dr=0.0/s tp=0.0Mbps eBPF=NO adj=15 [acape]
[exporter 22:21:53] bl=0p tgt=5.0ms dr=0.0/s tp=0.0Mbps eBPF=NO adj=15 [acape]
[exporter 22:22:03] bl=0p tgt=5.0ms dr=0.0/s tp=0.0Mbps eBPF=NO adj=15 [acape]
[exporter 22:22:13] bl=0p tgt=5.0ms dr=0.0/s tp=0.0Mbps eBPF=NO adj=15 [acape]
[exporter 22:22:23] bl=0p tgt=5.0ms dr=0.0/s tp=0.0Mbps eBPF=NO adj=15 [acape]
[exporter 22:22:33] bl=0p tgt=5.0ms dr=0.0/s tp=0.0Mbps eBPF=NO adj=15 [acape]
[exporter 22:22:43] bl=0p tgt=5.0ms dr=0.0/s tp=0.0Mbps eBPF=NO adj=15 [acape]
[exporter 22:22:53] bl=0p tgt=5.0ms dr=0.0/s tp=0.0Mbps eBPF=NO adj=15 [acape]
[exporter 22:23:03] bl=0p tgt=5.0ms dr=0.0/s tp=0.0Mbps eBPF=NO adj=15 [acape]
[exporter 22:23:13] bl=0p tgt=5.0ms dr=0.0/s tp=0.0Mbps eBPF=NO adj=15 [acape]
[exporter 22:23:24] bl=0p tgt=5.0ms dr=0.0/s tp=0.0Mbps eBPF=NO adj=15 [acape]
[exporter 22:23:34] bl=0p tgt=5.0ms dr=0.0/s tp=0.0Mbps eBPF=NO adj=15 [acape]
[exporter 22:23:44] bl=0p tgt=5.0ms dr=0.0/s tp=0.0Mbps eBPF=NO adj=15 [acape]
[exporter 22:23:54] bl=0p tgt=5.0ms dr=0.0/s tp=0.0Mbps eBPF=NO adj=15 [acape]
[exporter 22:24:04] bl=0p tgt=5.0ms dr=0.0/s tp=0.0Mbps eBPF=NO adj=15 [acape]
[exporter 22:24:14] bl=0p tgt=5.0ms dr=0.0/s tp=0.0Mbps eBPF=NO adj=15 [acape]
[exporter 22:24:24] bl=0p tgt=5.0ms dr=0.0/s tp=0.0Mbps eBPF=NO adj=15 [acape]
[exporter 22:24:34] bl=0p tgt=5.0ms dr=0.0/s tp=0.0Mbps eBPF=NO adj=15 [acape]
[exporter 22:24:44] bl=0p tgt=5.0ms dr=0.0/s tp=0.0Mbps eBPF=NO adj=15 [acape]
[exporter 22:24:54] bl=0p tgt=5.0ms dr=0.0/s tp=0.0Mbps eBPF=NO adj=15 [acape]
[exporter 10:25:26] ns=ns_router iface=veth_rs controller=acape
[exporter 10:25:26] Metrics: http://localhost:9101/metrics
[exporter 10:25:26] Values persist after experiment ends (last known good)
[exporter 10:25:26] bl=16p tgt=4.5ms dr=114.234/s tp=10.0192Mbps eBPF=NO adj=1 [acape]
[exporter 10:25:36] bl=11p tgt=4.0ms dr=127.0/s tp=9.995Mbps eBPF=NO adj=1 [acape]
[exporter 10:25:47] bl=16p tgt=4.5ms dr=114.234/s tp=10.0192Mbps eBPF=NO adj=1 [acape]
[exporter 10:25:57] bl=15p tgt=5.0ms dr=101.1/s tp=10.003Mbps eBPF=NO adj=1 [acape]
[exporter 10:26:07] bl=16p tgt=4.5ms dr=114.234/s tp=10.0192Mbps eBPF=NO adj=1 [acape]
[exporter 10:26:17] bl=14p tgt=5.0ms dr=103.0/s tp=9.992Mbps eBPF=NO adj=1 [acape]
[exporter 10:26:27] bl=19p tgt=5.0ms dr=94.7/s tp=10.002Mbps eBPF=NO adj=1 [acape]
[exporter 10:26:37] bl=17p tgt=5.0ms dr=99.1/s tp=9.994Mbps eBPF=NO adj=1 [acape]
[exporter 10:26:47] bl=15p tgt=5.0ms dr=100.6/s tp=10.001Mbps eBPF=NO adj=1 [acape]
[exporter 10:26:57] bl=10p tgt=5.0ms dr=97.2/s tp=9.991Mbps eBPF=NO adj=1 [acape]
[exporter 10:27:07] bl=17p tgt=5.0ms dr=102.6/s tp=10.001Mbps eBPF=NO adj=1 [acape]
[exporter 10:27:17] bl=11p tgt=5.0ms dr=98.0/s tp=9.992Mbps eBPF=NO adj=1 [acape]
[exporter 10:27:27] bl=10p tgt=5.0ms dr=95.6/s tp=10.004Mbps eBPF=NO adj=1 [acape]
[exporter 10:27:37] bl=15p tgt=5.0ms dr=101.6/s tp=10.0Mbps eBPF=NO adj=1 [acape]
[exporter 10:27:47] bl=14p tgt=5.0ms dr=102.5/s tp=9.996Mbps eBPF=NO adj=1 [acape]
[exporter 10:27:57] bl=12p tgt=5.0ms dr=99.6/s tp=10.002Mbps eBPF=NO adj=1 [acape]
[exporter 10:28:07] bl=14p tgt=5.0ms dr=96.6/s tp=10.001Mbps eBPF=NO adj=1 [acape]
[exporter 10:28:17] bl=19p tgt=5.0ms dr=102.1/s tp=9.999Mbps eBPF=NO adj=1 [acape]
[exp 12:24:42] ns=ns_router iface=veth_rs ctrl=acape
[exp 12:24:42] http://localhost:9101/metrics
[exp 12:24:42] bl=0p tgt=5.0ms dr=750830.0/s tp=60008.717Mbps eBPF=YES:157 [acape]
[exp 12:24:48] bl=0p tgt=5.0ms dr=0.0/s tp=0.0Mbps eBPF=YES:157 [acape]
[exp 12:24:54] bl=13p tgt=5.0ms dr=127.8/s tp=9.999Mbps eBPF=YES:162 [acape]
[exp 12:25:00] bl=12p tgt=4.0ms dr=106.1/s tp=10.005Mbps eBPF=YES:162 [acape]
[exp 12:25:06] bl=8p tgt=4.0ms dr=118.8/s tp=9.991Mbps eBPF=YES:162 [acape]
[exp 12:25:13] bl=14p tgt=4.0ms dr=124.2/s tp=10.001Mbps eBPF=YES:162 [acape]
[exp 12:25:19] bl=12p tgt=3.0ms dr=156.4/s tp=9.996Mbps eBPF=YES:162 [acape]
[exp 12:25:25] bl=10p tgt=3.0ms dr=147.9/s tp=9.999Mbps eBPF=YES:162 [acape]
[exp 12:25:31] bl=14p tgt=2.0ms dr=164.3/s tp=9.997Mbps eBPF=YES:162 [acape]
[exp 12:25:37] bl=11p tgt=2.0ms dr=183.2/s tp=9.989Mbps eBPF=YES:162 [acape]
[exp 12:25:43] bl=9p tgt=2.0ms dr=183.0/s tp=10.007Mbps eBPF=YES:162 [acape]
[exp 12:25:49] bl=9p tgt=2.0ms dr=176.4/s tp=10.008Mbps eBPF=YES:162 [acape]
[exp 12:25:55] bl=11p tgt=2.0ms dr=169.7/s tp=10.001Mbps eBPF=YES:162 [acape]
[exp 12:26:01] bl=10p tgt=0.999ms dr=179.9/s tp=9.998Mbps eBPF=YES:162 [acape]
[exp 12:26:07] bl=12p tgt=0.999ms dr=177.0/s tp=9.995Mbps eBPF=YES:162 [acape]
[exp 12:26:13] bl=12p tgt=0.999ms dr=179.3/s tp=10.007Mbps eBPF=YES:162 [acape]
[exp 12:26:19] bl=11p tgt=0.999ms dr=176.5/s tp=9.999Mbps eBPF=YES:162 [acape]
[exp 12:26:25] bl=16p tgt=0.999ms dr=193.8/s tp=10.003Mbps eBPF=YES:162 [acape]
[exp 12:26:31] bl=8p tgt=0.999ms dr=169.9/s tp=9.997Mbps eBPF=YES:162 [acape]
[exp 12:26:37] bl=9p tgt=0.999ms dr=179.1/s tp=9.998Mbps eBPF=YES:162 [acape]
[exp 12:26:43] bl=12p tgt=0.999ms dr=172.5/s tp=10.005Mbps eBPF=YES:162 [acape]
[exp 12:26:49] bl=14p tgt=0.999ms dr=174.9/s tp=9.998Mbps eBPF=YES:162 [acape]
[exp 12:26:55] bl=10p tgt=0.999ms dr=178.1/s tp=9.997Mbps eBPF=YES:162 [acape]
[exp 12:27:01] bl=13p tgt=0.999ms dr=181.0/s tp=10.006Mbps eBPF=YES:162 [acape]
[exp 12:27:07] bl=13p tgt=0.999ms dr=174.0/s tp=9.998Mbps eBPF=YES:162 [acape]
[exp 12:27:13] bl=10p tgt=0.999ms dr=176.9/s tp=10.002Mbps eBPF=YES:162 [acape]
[exp 12:27:19] bl=8p tgt=0.999ms dr=164.5/s tp=10.0Mbps eBPF=YES:162 [acape]
[exp 12:27:25] bl=13p tgt=0.999ms dr=179.1/s tp=9.999Mbps eBPF=YES:162 [acape]
[exp 12:27:31] bl=11p tgt=0.999ms dr=171.2/s tp=9.998Mbps eBPF=YES:162 [acape]
[exp 12:27:37] bl=12p tgt=0.999ms dr=167.0/s tp=10.0Mbps eBPF=YES:162 [acape]
[exp 12:27:43] bl=8p tgt=0.999ms dr=179.2/s tp=10.0Mbps eBPF=YES:162 [acape]
[exp 12:27:49] bl=10p tgt=0.999ms dr=182.1/s tp=9.996Mbps eBPF=YES:162 [acape]
[exp 12:27:55] bl=10p tgt=0.999ms dr=177.4/s tp=10.001Mbps eBPF=YES:162 [acape]
[exp 12:28:01] bl=10p tgt=0.999ms dr=166.0/s tp=10.005Mbps eBPF=YES:162 [acape]
[exp 12:28:07] bl=9p tgt=0.999ms dr=182.5/s tp=10.0Mbps eBPF=YES:162 [acape]
[exp 12:28:13] bl=12p tgt=0.999ms dr=178.4/s tp=10.002Mbps eBPF=YES:162 [acape]
[exp 12:28:19] bl=9p tgt=0.999ms dr=162.5/s tp=10.006Mbps eBPF=YES:162 [acape]
[exp 12:28:25] bl=14p tgt=0.999ms dr=179.6/s tp=10.0Mbps eBPF=YES:162 [acape]
[exp 12:28:31] bl=14p tgt=0.999ms dr=167.2/s tp=10.001Mbps eBPF=YES:162 [acape]
[exp 12:28:37] bl=14p tgt=0.999ms dr=184.0/s tp=10.003Mbps eBPF=YES:162 [acape]
[exp 12:28:43] bl=14p tgt=0.999ms dr=183.5/s tp=9.993Mbps eBPF=YES:162 [acape]
[exp 12:28:49] bl=9p tgt=0.999ms dr=187.4/s tp=9.999Mbps eBPF=YES:162 [acape]
[exp 12:28:55] bl=10p tgt=0.999ms dr=178.3/s tp=9.999Mbps eBPF=YES:162 [acape]
[exp 12:29:01] bl=13p tgt=0.999ms dr=183.9/s tp=10.002Mbps eBPF=YES:162 [acape]
[exp 12:29:07] bl=12p tgt=0.999ms dr=174.5/s tp=9.999Mbps eBPF=YES:162 [acape]
[exp 12:29:13] bl=10p tgt=0.999ms dr=173.9/s tp=9.996Mbps eBPF=YES:162 [acape]
[exp 12:29:19] bl=9p tgt=0.999ms dr=175.6/s tp=9.997Mbps eBPF=YES:162 [acape]
[exp 12:29:26] bl=11p tgt=0.999ms dr=166.8/s tp=10.006Mbps eBPF=YES:162 [acape]
[exp 12:29:32] bl=14p tgt=0.999ms dr=183.7/s tp=10.003Mbps eBPF=YES:162 [acape]
[exp 12:29:38] bl=11p tgt=0.999ms dr=179.0/s tp=10.001Mbps eBPF=YES:162 [acape]
[exp 12:29:44] bl=11p tgt=0.999ms dr=182.4/s tp=9.996Mbps eBPF=YES:162 [acape]
[exp 12:29:50] bl=13p tgt=0.999ms dr=172.0/s tp=10.0Mbps eBPF=YES:162 [acape]
[exp 12:29:56] bl=0p tgt=0.999ms dr=0.0/s tp=0.0Mbps eBPF=NO [acape]
[exp 12:30:02] bl=0p tgt=0.999ms dr=0.0/s tp=0.0Mbps eBPF=NO [acape]
[exp 12:30:08] bl=0p tgt=0.999ms dr=0.0/s tp=0.0Mbps eBPF=NO [acape]
[exp 12:30:14] bl=0p tgt=0.999ms dr=0.0/s tp=0.0Mbps eBPF=NO [acape]
[exp 12:30:20] bl=0p tgt=0.999ms dr=0.0/s tp=0.0Mbps eBPF=NO [acape]
[exp 12:30:26] bl=0p tgt=0.999ms dr=0.0/s tp=0.0Mbps eBPF=NO [acape]
[exp 12:30:32] bl=0p tgt=0.999ms dr=0.0/s tp=0.0Mbps eBPF=NO [acape]
[exp 12:30:38] bl=0p tgt=0.999ms dr=0.0/s tp=0.0Mbps eBPF=NO [acape]
[exp 12:30:44] bl=0p tgt=0.999ms dr=0.0/s tp=0.0Mbps eBPF=NO [acape]
[exp 12:30:50] bl=0p tgt=0.999ms dr=0.0/s tp=0.0Mbps eBPF=NO [acape]
[exp 12:30:56] bl=0p tgt=0.999ms dr=0.0/s tp=0.0Mbps eBPF=NO [acape]
[exp 12:31:02] bl=0p tgt=0.999ms dr=0.0/s tp=0.0Mbps eBPF=NO [acape]
[exp 12:31:08] bl=0p tgt=0.999ms dr=0.0/s tp=0.0Mbps eBPF=NO [acape]
[exp 12:31:14] bl=0p tgt=0.999ms dr=0.0/s tp=0.0Mbps eBPF=NO [acape]
[exp 12:31:20] bl=0p tgt=0.999ms dr=0.0/s tp=0.0Mbps eBPF=NO [acape]
[exp 12:31:26] bl=0p tgt=0.999ms dr=0.0/s tp=0.0Mbps eBPF=NO [acape]
[exp 12:31:32] bl=0p tgt=0.999ms dr=0.0/s tp=0.0Mbps eBPF=NO [acape]
[exp 12:31:38] bl=0p tgt=0.999ms dr=0.0/s tp=0.0Mbps eBPF=NO [acape]
[exp 12:31:44] bl=0p tgt=0.999ms dr=0.0/s tp=0.0Mbps eBPF=NO [acape]
[exp 12:31:50] bl=0p tgt=0.999ms dr=0.0/s tp=0.0Mbps eBPF=NO [acape]
[exp 12:31:56] bl=0p tgt=0.999ms dr=0.0/s tp=0.0Mbps eBPF=NO [acape]
[exp 12:32:02] bl=0p tgt=0.999ms dr=0.0/s tp=0.0Mbps eBPF=NO [acape]
[exp 12:32:08] bl=0p tgt=0.999ms dr=0.0/s tp=0.0Mbps eBPF=NO [acape]
[exp 12:32:14] bl=0p tgt=0.999ms dr=0.0/s tp=0.0Mbps eBPF=NO [acape]
[exp 12:32:20] bl=0p tgt=0.999ms dr=0.0/s tp=0.0Mbps eBPF=NO [acape]
[exp 12:32:26] bl=0p tgt=0.999ms dr=0.0/s tp=0.0Mbps eBPF=NO [acape]
[exp 12:32:32] bl=0p tgt=0.999ms dr=0.0/s tp=0.0Mbps eBPF=NO [acape]
[exp 12:32:38] bl=0p tgt=0.999ms dr=0.0/s tp=0.0Mbps eBPF=NO [acape]
[exp 12:32:44] bl=0p tgt=0.999ms dr=0.0/s tp=0.0Mbps eBPF=NO [acape]
[exp 12:32:50] bl=0p tgt=0.999ms dr=0.0/s tp=0.0Mbps eBPF=NO [acape]
[exp 12:32:56] bl=0p tgt=0.999ms dr=0.0/s tp=0.0Mbps eBPF=NO [acape]
[exp 12:33:02] bl=0p tgt=0.999ms dr=0.0/s tp=0.0Mbps eBPF=NO [acape]
[exp 12:33:08] bl=0p tgt=0.999ms dr=0.0/s tp=0.0Mbps eBPF=NO [acape]
[exp 12:33:14] bl=0p tgt=0.999ms dr=0.0/s tp=0.0Mbps eBPF=NO [acape]
[exp 12:33:20] bl=0p tgt=0.999ms dr=0.0/s tp=0.0Mbps eBPF=NO [acape]
[exp 12:33:26] bl=0p tgt=0.999ms dr=0.0/s tp=0.0Mbps eBPF=NO [acape]
[exp 12:33:32] bl=0p tgt=0.999ms dr=0.0/s tp=0.0Mbps eBPF=NO [acape]
[exp 12:33:38] bl=0p tgt=0.999ms dr=0.0/s tp=0.0Mbps eBPF=NO [acape]
[exp 12:33:45] bl=0p tgt=0.999ms dr=0.0/s tp=0.0Mbps eBPF=NO [acape]
[exp 12:33:51] bl=0p tgt=0.999ms dr=0.0/s tp=0.0Mbps eBPF=NO [acape]
[exp 12:33:57] bl=0p tgt=0.999ms dr=0.0/s tp=0.0Mbps eBPF=NO [acape]
[exp 12:34:03] bl=0p tgt=0.999ms dr=0.0/s tp=0.0Mbps eBPF=NO [acape]
[exp 12:34:09] bl=0p tgt=0.999ms dr=0.0/s tp=0.0Mbps eBPF=NO [acape]
[exp 12:34:15] bl=0p tgt=0.999ms dr=0.0/s tp=0.0Mbps eBPF=NO [acape]
[exp 12:34:21] bl=0p tgt=0.999ms dr=0.0/s tp=0.0Mbps eBPF=NO [acape]
[exp 12:34:27] bl=0p tgt=0.999ms dr=0.0/s tp=0.0Mbps eBPF=NO [acape]
[exp 12:34:33] bl=0p tgt=0.999ms dr=0.0/s tp=0.0Mbps eBPF=NO [acape]
[exp 12:34:39] bl=0p tgt=0.999ms dr=0.0/s tp=0.0Mbps eBPF=NO [acape]
[exp 12:34:45] bl=0p tgt=0.999ms dr=0.0/s tp=0.0Mbps eBPF=NO [acape]
[exp 12:34:51] bl=0p tgt=0.999ms dr=0.0/s tp=0.0Mbps eBPF=NO [acape]
[exp 12:34:57] bl=0p tgt=0.999ms dr=0.0/s tp=0.0Mbps eBPF=NO [acape]
[exp 12:35:03] bl=0p tgt=0.999ms dr=0.0/s tp=0.0Mbps eBPF=NO [acape]
[exp 12:35:09] bl=0p tgt=0.999ms dr=0.0/s tp=0.0Mbps eBPF=NO [acape]
[exp 12:35:15] bl=0p tgt=0.999ms dr=0.0/s tp=0.0Mbps eBPF=NO [acape]
[exp 12:35:21] bl=0p tgt=0.999ms dr=0.0/s tp=0.0Mbps eBPF=NO [acape]
[exp 12:35:27] bl=0p tgt=0.999ms dr=0.0/s tp=0.0Mbps eBPF=NO [acape]
[exp 12:35:33] bl=0p tgt=0.999ms dr=0.0/s tp=0.0Mbps eBPF=NO [acape]
[exp 12:35:39] bl=0p tgt=0.999ms dr=0.0/s tp=0.0Mbps eBPF=NO [acape]
[exp 12:35:45] bl=0p tgt=0.999ms dr=0.0/s tp=0.0Mbps eBPF=NO [acape]
[exp 12:35:51] bl=0p tgt=0.999ms dr=0.0/s tp=0.0Mbps eBPF=NO [acape]
[exp 12:35:57] bl=0p tgt=0.999ms dr=0.0/s tp=0.0Mbps eBPF=NO [acape]
[exp 12:36:03] bl=0p tgt=0.999ms dr=0.0/s tp=0.0Mbps eBPF=NO [acape]
[exp 12:36:09] bl=0p tgt=0.999ms dr=0.0/s tp=0.0Mbps eBPF=NO [acape]
[exp 12:36:15] bl=0p tgt=0.999ms dr=0.0/s tp=0.0Mbps eBPF=NO [acape]
[exp 12:36:21] bl=0p tgt=0.999ms dr=0.0/s tp=0.0Mbps eBPF=NO [acape]
[exp 12:36:27] bl=0p tgt=0.999ms dr=0.0/s tp=0.0Mbps eBPF=NO [acape]
[exp 12:36:33] bl=0p tgt=0.999ms dr=0.0/s tp=0.0Mbps eBPF=NO [acape]
[exp 12:36:39] bl=0p tgt=0.999ms dr=0.0/s tp=0.0Mbps eBPF=NO [acape]
[exp 12:36:45] bl=0p tgt=0.999ms dr=0.0/s tp=0.0Mbps eBPF=NO [acape]
[exp 12:36:51] bl=0p tgt=0.999ms dr=0.0/s tp=0.0Mbps eBPF=NO [acape]
[exp 12:36:57] bl=0p tgt=0.999ms dr=0.0/s tp=0.0Mbps eBPF=NO [acape]
[exp 12:37:03] bl=0p tgt=0.999ms dr=0.0/s tp=0.0Mbps eBPF=NO [acape]
[exp 12:37:09] bl=0p tgt=0.999ms dr=0.0/s tp=0.0Mbps eBPF=NO [acape]
[exp 12:37:15] bl=0p tgt=0.999ms dr=0.0/s tp=0.0Mbps eBPF=NO [acape]
[exp 12:37:21] bl=0p tgt=0.999ms dr=0.0/s tp=0.0Mbps eBPF=NO [acape]
[exp 12:37:27] bl=0p tgt=0.999ms dr=0.0/s tp=0.0Mbps eBPF=NO [acape]
[exp 12:37:33] bl=0p tgt=0.999ms dr=0.0/s tp=0.0Mbps eBPF=NO [acape]
[exp 12:37:39] bl=0p tgt=0.999ms dr=0.0/s tp=0.0Mbps eBPF=NO [acape]
[exp 12:37:45] bl=0p tgt=0.999ms dr=0.0/s tp=0.0Mbps eBPF=NO [acape]
[exp 12:37:52] bl=0p tgt=0.999ms dr=0.0/s tp=0.0Mbps eBPF=NO [acape]
[exp 12:37:58] bl=0p tgt=0.999ms dr=0.0/s tp=0.0Mbps eBPF=NO [acape]
[exp 12:38:04] bl=0p tgt=0.999ms dr=0.0/s tp=0.0Mbps eBPF=NO [acape]
[exp 12:38:10] bl=0p tgt=0.999ms dr=0.0/s tp=0.0Mbps eBPF=NO [acape]
[exp 12:38:16] bl=0p tgt=0.999ms dr=0.0/s tp=0.0Mbps eBPF=NO [acape]
[exp 12:38:22] bl=0p tgt=0.999ms dr=0.0/s tp=0.0Mbps eBPF=NO [acape]
[exp 12:38:28] bl=0p tgt=0.999ms dr=0.0/s tp=0.0Mbps eBPF=NO [acape]
[exp 12:38:34] bl=0p tgt=0.999ms dr=0.0/s tp=0.0Mbps eBPF=NO [acape]
[exp 12:38:40] bl=0p tgt=0.999ms dr=0.0/s tp=0.0Mbps eBPF=NO [acape]
[exp 12:38:46] bl=0p tgt=0.999ms dr=0.0/s tp=0.0Mbps eBPF=NO [acape]
[exp 12:38:52] bl=0p tgt=0.999ms dr=0.0/s tp=0.0Mbps eBPF=NO [acape]
[exp 12:38:58] bl=0p tgt=0.999ms dr=0.0/s tp=0.0Mbps eBPF=NO [acape]
[exp 12:39:04] bl=0p tgt=0.999ms dr=0.0/s tp=0.0Mbps eBPF=NO [acape]
[exp 12:39:10] bl=0p tgt=0.999ms dr=0.0/s tp=0.0Mbps eBPF=NO [acape]
[exp 12:39:16] bl=0p tgt=0.999ms dr=0.0/s tp=0.0Mbps eBPF=NO [acape]
[exp 12:39:22] bl=0p tgt=0.999ms dr=0.0/s tp=0.0Mbps eBPF=NO [acape]
[exp 12:39:28] bl=0p tgt=0.999ms dr=0.0/s tp=0.0Mbps eBPF=NO [acape]
[exp 12:39:34] bl=0p tgt=0.999ms dr=0.0/s tp=0.0Mbps eBPF=NO [acape]
[exp 12:39:40] bl=0p tgt=0.999ms dr=0.0/s tp=0.0Mbps eBPF=NO [acape]
[exp 12:39:46] bl=0p tgt=0.999ms dr=0.0/s tp=0.0Mbps eBPF=NO [acape]
[exp 12:39:52] bl=0p tgt=0.999ms dr=0.0/s tp=0.0Mbps eBPF=NO [acape]
[exp 12:39:58] bl=0p tgt=0.999ms dr=0.0/s tp=0.0Mbps eBPF=NO [acape]
[exp 12:40:04] bl=0p tgt=0.999ms dr=0.0/s tp=0.0Mbps eBPF=NO [acape]
[exp 12:40:10] bl=0p tgt=0.999ms dr=0.0/s tp=0.0Mbps eBPF=NO [acape]
[exp 12:40:16] bl=0p tgt=0.999ms dr=0.0/s tp=0.0Mbps eBPF=NO [acape]
[exp 12:40:22] bl=0p tgt=0.999ms dr=0.0/s tp=0.0Mbps eBPF=NO [acape]
[exp 12:40:28] bl=0p tgt=0.999ms dr=0.0/s tp=0.0Mbps eBPF=NO [acape]
[exp 12:40:34] bl=0p tgt=0.999ms dr=0.0/s tp=0.0Mbps eBPF=NO [acape]
[exp 12:40:40] bl=0p tgt=0.999ms dr=0.0/s tp=0.0Mbps eBPF=NO [acape]
[exp 12:40:46] bl=0p tgt=0.999ms dr=0.0/s tp=0.0Mbps eBPF=NO [acape]
[exp 12:40:52] bl=0p tgt=0.999ms dr=0.0/s tp=0.0Mbps eBPF=NO [acape]
[exp 12:40:58] bl=0p tgt=0.999ms dr=0.0/s tp=0.0Mbps eBPF=NO [acape]
[exp 12:41:04] bl=0p tgt=0.999ms dr=0.0/s tp=0.0Mbps eBPF=NO [acape]
[exp 12:41:10] bl=0p tgt=0.999ms dr=0.0/s tp=0.0Mbps eBPF=NO [acape]
[exp 12:41:16] bl=0p tgt=0.999ms dr=0.0/s tp=0.0Mbps eBPF=NO [acape]
[exp 12:41:22] bl=0p tgt=0.999ms dr=0.0/s tp=0.0Mbps eBPF=NO [acape]
[exp 12:41:28] bl=0p tgt=0.999ms dr=0.0/s tp=0.0Mbps eBPF=NO [acape]
[exp 12:41:34] bl=0p tgt=0.999ms dr=0.0/s tp=0.0Mbps eBPF=NO [acape]
[exp 12:41:40] bl=0p tgt=0.999ms dr=0.0/s tp=0.0Mbps eBPF=NO [acape]
[exp 12:41:46] bl=0p tgt=0.999ms dr=0.0/s tp=0.0Mbps eBPF=NO [acape]
[exp 12:41:52] bl=0p tgt=0.999ms dr=0.0/s tp=0.0Mbps eBPF=NO [acape]
[exp 12:41:59] bl=0p tgt=0.999ms dr=0.0/s tp=0.0Mbps eBPF=NO [acape]
[exp 12:42:05] bl=0p tgt=0.999ms dr=0.0/s tp=0.0Mbps eBPF=NO [acape]
[exp 12:42:11] bl=0p tgt=0.999ms dr=0.0/s tp=0.0Mbps eBPF=NO [acape]
[exp 12:42:17] bl=0p tgt=0.999ms dr=0.0/s tp=0.0Mbps eBPF=NO [acape]
[exp 12:42:23] bl=0p tgt=0.999ms dr=0.0/s tp=0.0Mbps eBPF=NO [acape]
[exp 12:42:29] bl=0p tgt=0.999ms dr=0.0/s tp=0.0Mbps eBPF=NO [acape]
[exp 12:42:35] bl=0p tgt=0.999ms dr=0.0/s tp=0.0Mbps eBPF=NO [acape]
[exp 12:42:41] bl=0p tgt=0.999ms dr=0.0/s tp=0.0Mbps eBPF=NO [acape]
[exp 12:42:47] bl=0p tgt=0.999ms dr=0.0/s tp=0.0Mbps eBPF=NO [acape]
[exp 12:42:53] bl=0p tgt=0.999ms dr=0.0/s tp=0.0Mbps eBPF=NO [acape]
[exp 12:42:59] bl=0p tgt=0.999ms dr=0.0/s tp=0.0Mbps eBPF=NO [acape]
[exp 12:43:05] bl=0p tgt=0.999ms dr=0.0/s tp=0.0Mbps eBPF=NO [acape]
[exp 12:43:11] bl=0p tgt=0.999ms dr=0.0/s tp=0.0Mbps eBPF=NO [acape]
[exp 12:43:17] bl=0p tgt=0.999ms dr=0.0/s tp=0.0Mbps eBPF=NO [acape]
[exp 12:43:23] bl=0p tgt=0.999ms dr=0.0/s tp=0.0Mbps eBPF=NO [acape]
[exp 12:43:29] bl=0p tgt=0.999ms dr=0.0/s tp=0.0Mbps eBPF=NO [acape]
[exp 12:43:35] bl=0p tgt=0.999ms dr=0.0/s tp=0.0Mbps eBPF=NO [acape]
[exp 12:43:41] bl=0p tgt=0.999ms dr=0.0/s tp=0.0Mbps eBPF=NO [acape]
[exp 12:43:47] bl=0p tgt=0.999ms dr=0.0/s tp=0.0Mbps eBPF=NO [acape]
[exp 12:43:53] bl=0p tgt=0.999ms dr=0.0/s tp=0.0Mbps eBPF=NO [acape]
[exp 12:43:59] bl=0p tgt=0.999ms dr=0.0/s tp=0.0Mbps eBPF=NO [acape]
[exp 12:44:05] bl=0p tgt=0.999ms dr=0.0/s tp=0.0Mbps eBPF=NO [acape]
[exp 12:44:11] bl=0p tgt=0.999ms dr=0.0/s tp=0.0Mbps eBPF=NO [acape]
[exp 12:44:17] bl=0p tgt=0.999ms dr=0.0/s tp=0.0Mbps eBPF=NO [acape]
[exp 12:44:23] bl=0p tgt=0.999ms dr=0.0/s tp=0.0Mbps eBPF=NO [acape]
[exp 12:44:29] bl=0p tgt=0.999ms dr=0.0/s tp=0.0Mbps eBPF=NO [acape]
[exp 12:44:35] bl=0p tgt=0.999ms dr=0.0/s tp=0.0Mbps eBPF=NO [acape]
[exp 12:44:41] bl=0p tgt=0.999ms dr=0.0/s tp=0.0Mbps eBPF=NO [acape]
[exp 12:44:47] bl=0p tgt=0.999ms dr=0.0/s tp=0.0Mbps eBPF=NO [acape]
[exp 12:44:53] bl=0p tgt=0.999ms dr=0.0/s tp=0.0Mbps eBPF=NO [acape]
[exp 12:44:59] bl=0p tgt=0.999ms dr=0.0/s tp=0.0Mbps eBPF=NO [acape]
[exp 12:45:05] bl=0p tgt=0.999ms dr=0.0/s tp=0.0Mbps eBPF=NO [acape]
[exp 12:45:11] bl=0p tgt=0.999ms dr=0.0/s tp=0.0Mbps eBPF=NO [acape]
[exp 12:45:17] bl=0p tgt=0.999ms dr=0.0/s tp=0.0Mbps eBPF=NO [acape]
[exp 12:45:23] bl=0p tgt=0.999ms dr=0.0/s tp=0.0Mbps eBPF=NO [acape]
[exp 12:45:29] bl=0p tgt=0.999ms dr=0.0/s tp=0.0Mbps eBPF=NO [acape]
[exp 12:45:35] bl=0p tgt=0.999ms dr=0.0/s tp=0.0Mbps eBPF=NO [acape]
[exp 12:45:41] bl=0p tgt=0.999ms dr=0.0/s tp=0.0Mbps eBPF=NO [acape]
[exp 12:45:47] bl=0p tgt=0.999ms dr=0.0/s tp=0.0Mbps eBPF=NO [acape]
[exp 12:45:53] bl=0p tgt=0.999ms dr=0.0/s tp=0.0Mbps eBPF=NO [acape]
[exp 12:45:59] bl=0p tgt=0.999ms dr=0.0/s tp=0.0Mbps eBPF=NO [acape]
[exp 12:46:05] bl=0p tgt=0.999ms dr=0.0/s tp=0.0Mbps eBPF=NO [acape]
[exp 12:46:11] bl=0p tgt=0.999ms dr=0.0/s tp=0.0Mbps eBPF=NO [acape]
[exp 12:46:18] bl=0p tgt=0.999ms dr=0.0/s tp=0.0Mbps eBPF=NO [acape]
[exp 12:46:24] bl=0p tgt=0.999ms dr=0.0/s tp=0.0Mbps eBPF=NO [acape]
[exp 12:46:30] bl=0p tgt=0.999ms dr=0.0/s tp=0.0Mbps eBPF=NO [acape]
[exp 12:46:36] bl=0p tgt=0.999ms dr=0.0/s tp=0.0Mbps eBPF=NO [acape]
[exp 12:46:42] bl=0p tgt=0.999ms dr=0.0/s tp=0.0Mbps eBPF=NO [acape]
[exp 12:46:48] bl=0p tgt=0.999ms dr=0.0/s tp=0.0Mbps eBPF=NO [acape]
[exp 12:46:54] bl=0p tgt=0.999ms dr=0.0/s tp=0.0Mbps eBPF=NO [acape]
[exp 12:47:00] bl=0p tgt=0.999ms dr=0.0/s tp=0.0Mbps eBPF=NO [acape]
[exp 12:47:06] bl=0p tgt=0.999ms dr=0.0/s tp=0.0Mbps eBPF=NO [acape]
[exp 12:47:12] bl=0p tgt=0.999ms dr=0.0/s tp=0.0Mbps eBPF=NO [acape]
[exp 12:47:18] bl=0p tgt=0.999ms dr=0.0/s tp=0.0Mbps eBPF=NO [acape]
[exp 12:47:24] bl=0p tgt=0.999ms dr=0.0/s tp=0.0Mbps eBPF=NO [acape]
[exp 12:47:30] bl=0p tgt=0.999ms dr=0.0/s tp=0.0Mbps eBPF=NO [acape]
[exp 12:47:36] bl=0p tgt=0.999ms dr=0.0/s tp=0.0Mbps eBPF=NO [acape]
[exp 12:47:42] bl=0p tgt=0.999ms dr=0.0/s tp=0.0Mbps eBPF=NO [acape]
[exp 12:47:48] bl=0p tgt=0.999ms dr=0.0/s tp=0.0Mbps eBPF=NO [acape]
[exp 12:47:54] bl=0p tgt=0.999ms dr=0.0/s tp=0.0Mbps eBPF=NO [acape]
[exp 12:48:00] bl=0p tgt=0.999ms dr=0.0/s tp=0.0Mbps eBPF=NO [acape]
[exp 12:48:06] bl=0p tgt=0.999ms dr=0.0/s tp=0.0Mbps eBPF=NO [acape]
[exp 12:48:12] bl=0p tgt=0.999ms dr=0.0/s tp=0.0Mbps eBPF=NO [acape]
[exp 12:48:18] bl=0p tgt=0.999ms dr=0.0/s tp=0.0Mbps eBPF=NO [acape]
[exp 12:48:24] bl=0p tgt=0.999ms dr=0.0/s tp=0.0Mbps eBPF=NO [acape]
[exp 12:48:30] bl=0p tgt=0.999ms dr=0.0/s tp=0.0Mbps eBPF=NO [acape]
[exp 12:48:36] bl=0p tgt=0.999ms dr=0.0/s tp=0.0Mbps eBPF=NO [acape]
[exp 12:48:42] bl=0p tgt=0.999ms dr=0.0/s tp=0.0Mbps eBPF=NO [acape]
[exp 12:48:48] bl=0p tgt=0.999ms dr=0.0/s tp=0.0Mbps eBPF=NO [acape]
[exp 12:48:54] bl=0p tgt=0.999ms dr=0.0/s tp=0.0Mbps eBPF=NO [acape]
[exp 12:49:00] bl=0p tgt=0.999ms dr=0.0/s tp=0.0Mbps eBPF=NO [acape]
[exp 12:49:06] bl=0p tgt=0.999ms dr=0.0/s tp=0.0Mbps eBPF=NO [acape]
[exp 12:49:12] bl=0p tgt=0.999ms dr=0.0/s tp=0.0Mbps eBPF=NO [acape]
[exp 12:49:18] bl=0p tgt=0.999ms dr=0.0/s tp=0.0Mbps eBPF=NO [acape]
[exp 12:49:24] bl=0p tgt=0.999ms dr=0.0/s tp=0.0Mbps eBPF=NO [acape]
[exp 12:49:30] bl=0p tgt=0.999ms dr=0.0/s tp=0.0Mbps eBPF=NO [acape]
[exp 12:49:36] bl=0p tgt=0.999ms dr=0.0/s tp=0.0Mbps eBPF=NO [acape]
[exp 12:49:42] bl=0p tgt=0.999ms dr=0.0/s tp=0.0Mbps eBPF=NO [acape]
[exp 12:49:48] bl=0p tgt=0.999ms dr=0.0/s tp=0.0Mbps eBPF=NO [acape]
[exp 12:49:54] bl=0p tgt=0.999ms dr=0.0/s tp=0.0Mbps eBPF=NO [acape]
[exp 12:50:00] bl=0p tgt=0.999ms dr=0.0/s tp=0.0Mbps eBPF=NO [acape]
[exp 12:50:06] bl=0p tgt=0.999ms dr=0.0/s tp=0.0Mbps eBPF=NO [acape]
[exp 12:50:12] bl=0p tgt=0.999ms dr=0.0/s tp=0.0Mbps eBPF=NO [acape]
[exp 12:50:18] bl=0p tgt=0.999ms dr=0.0/s tp=0.0Mbps eBPF=NO [acape]
[exp 12:50:24] bl=0p tgt=0.999ms dr=0.0/s tp=0.0Mbps eBPF=NO [acape]
[exp 12:50:30] bl=0p tgt=0.999ms dr=0.0/s tp=0.0Mbps eBPF=NO [acape]
[exp 12:50:37] bl=0p tgt=0.999ms dr=0.0/s tp=0.0Mbps eBPF=NO [acape]
[exp 12:50:43] bl=0p tgt=0.999ms dr=0.0/s tp=0.0Mbps eBPF=NO [acape]
[exp 12:50:49] bl=0p tgt=0.999ms dr=0.0/s tp=0.0Mbps eBPF=NO [acape]
[exp 12:50:55] bl=0p tgt=0.999ms dr=0.0/s tp=0.0Mbps eBPF=NO [acape]
[exp 12:51:01] bl=0p tgt=0.999ms dr=0.0/s tp=0.0Mbps eBPF=NO [acape]
[exp 12:51:07] bl=0p tgt=0.999ms dr=0.0/s tp=0.0Mbps eBPF=NO [acape]
[exp 12:51:13] bl=0p tgt=0.999ms dr=0.0/s tp=0.0Mbps eBPF=NO [acape]
[exp 12:51:19] bl=0p tgt=0.999ms dr=0.0/s tp=0.0Mbps eBPF=NO [acape]
[exp 12:51:25] bl=0p tgt=0.999ms dr=0.0/s tp=0.0Mbps eBPF=NO [acape]
[exp 12:51:31] bl=0p tgt=0.999ms dr=0.0/s tp=0.0Mbps eBPF=NO [acape]
[exp 12:51:37] bl=0p tgt=0.999ms dr=0.0/s tp=0.0Mbps eBPF=NO [acape]
[exp 12:51:43] bl=0p tgt=0.999ms dr=0.0/s tp=0.0Mbps eBPF=NO [acape]
[exp 12:51:49] bl=0p tgt=0.999ms dr=0.0/s tp=0.0Mbps eBPF=NO [acape]
[exp 12:51:55] bl=0p tgt=0.999ms dr=0.0/s tp=0.0Mbps eBPF=NO [acape]
[exp 12:52:01] bl=0p tgt=0.999ms dr=0.0/s tp=0.0Mbps eBPF=NO [acape]
[exp 12:52:07] bl=0p tgt=0.999ms dr=0.0/s tp=0.0Mbps eBPF=NO [acape]
[exp 12:52:13] bl=0p tgt=0.999ms dr=0.0/s tp=0.0Mbps eBPF=NO [acape]
[exp 12:52:19] bl=0p tgt=0.999ms dr=0.0/s tp=0.0Mbps eBPF=NO [acape]
[exp 12:52:25] bl=0p tgt=0.999ms dr=0.0/s tp=0.0Mbps eBPF=NO [acape]
[exp 12:52:31] bl=0p tgt=0.999ms dr=0.0/s tp=0.0Mbps eBPF=NO [acape]
[exp 12:52:37] bl=0p tgt=0.999ms dr=0.0/s tp=0.0Mbps eBPF=NO [acape]
[exp 12:52:43] bl=0p tgt=0.999ms dr=0.0/s tp=0.0Mbps eBPF=NO [acape]
[exp 12:52:49] bl=0p tgt=0.999ms dr=0.0/s tp=0.0Mbps eBPF=NO [acape]
[exp 12:52:55] bl=0p tgt=0.999ms dr=0.0/s tp=0.0Mbps eBPF=NO [acape]
[exp 12:53:01] bl=0p tgt=0.999ms dr=0.0/s tp=0.0Mbps eBPF=NO [acape]
[exp 12:53:07] bl=0p tgt=0.999ms dr=0.0/s tp=0.0Mbps eBPF=NO [acape]
[exp 12:53:13] bl=0p tgt=0.999ms dr=0.0/s tp=0.0Mbps eBPF=NO [acape]
[exp 12:53:19] bl=0p tgt=0.999ms dr=0.0/s tp=0.0Mbps eBPF=NO [acape]
[exp 12:53:25] bl=0p tgt=0.999ms dr=0.0/s tp=0.0Mbps eBPF=NO [acape]
[exp 12:53:31] bl=0p tgt=0.999ms dr=0.0/s tp=0.0Mbps eBPF=NO [acape]
[exp 12:53:37] bl=0p tgt=0.999ms dr=0.0/s tp=0.0Mbps eBPF=NO [acape]
[exp 12:53:43] bl=0p tgt=0.999ms dr=0.0/s tp=0.0Mbps eBPF=NO [acape]
[exp 12:53:49] bl=0p tgt=0.999ms dr=0.0/s tp=0.0Mbps eBPF=NO [acape]
[exp 12:53:55] bl=0p tgt=0.999ms dr=0.0/s tp=0.0Mbps eBPF=NO [acape]
[exp 12:54:01] bl=0p tgt=0.999ms dr=0.0/s tp=0.0Mbps eBPF=NO [acape]
[exp 12:54:07] bl=0p tgt=0.999ms dr=0.0/s tp=0.0Mbps eBPF=NO [acape]
[exp 12:54:13] bl=0p tgt=0.999ms dr=0.0/s tp=0.0Mbps eBPF=NO [acape]
[exp 12:54:19] bl=0p tgt=0.999ms dr=0.0/s tp=0.0Mbps eBPF=NO [acape]
[exp 12:54:25] bl=0p tgt=0.999ms dr=0.0/s tp=0.0Mbps eBPF=NO [acape]
[exp 12:54:31] bl=0p tgt=0.999ms dr=0.0/s tp=0.0Mbps eBPF=NO [acape]
[exp 12:54:37] bl=0p tgt=0.999ms dr=0.0/s tp=0.0Mbps eBPF=NO [acape]
[exp 12:54:43] bl=0p tgt=0.999ms dr=0.0/s tp=0.0Mbps eBPF=NO [acape]
[exp 12:54:49] bl=0p tgt=0.999ms dr=0.0/s tp=0.0Mbps eBPF=NO [acape]
[exp 12:54:55] bl=0p tgt=0.999ms dr=0.0/s tp=0.0Mbps eBPF=NO [acape]
[exp 12:55:01] bl=0p tgt=0.999ms dr=0.0/s tp=0.0Mbps eBPF=NO [acape]
[exp 12:55:07] bl=0p tgt=0.999ms dr=0.0/s tp=0.0Mbps eBPF=NO [acape]
[exp 12:55:13] bl=0p tgt=0.999ms dr=0.0/s tp=0.0Mbps eBPF=NO [acape]
[exp 12:55:19] bl=0p tgt=0.999ms dr=0.0/s tp=0.0Mbps eBPF=NO [acape]
[exp 12:55:26] bl=0p tgt=0.999ms dr=0.0/s tp=0.0Mbps eBPF=NO [acape]
[exp 12:55:32] bl=0p tgt=0.999ms dr=0.0/s tp=0.0Mbps eBPF=NO [acape]
[exp 12:55:38] bl=0p tgt=0.999ms dr=0.0/s tp=0.0Mbps eBPF=NO [acape]
[exp 12:55:44] bl=0p tgt=0.999ms dr=0.0/s tp=0.0Mbps eBPF=NO [acape]
