[exporter 20:58:07] ns=ns_router iface=veth_rs controller=cake
[exporter 20:58:07] Metrics: http://localhost:9101/metrics
[exporter 20:58:07] Values persist after experiment ends (last known good)
[exporter 20:58:07] bl=0p tgt=5.0ms dr=3040080.0/s tp=240015.562Mbps eBPF=YES:349 adj=15 [cake]
[exporter 20:58:17] bl=0p tgt=5.0ms dr=0.0/s tp=0.0Mbps eBPF=YES:349 adj=15 [cake]
[exporter 20:58:27] bl=0p tgt=5.0ms dr=0.0/s tp=0.0Mbps eBPF=YES:349 adj=15 [cake]
[exporter 20:58:37] bl=13p tgt=5.0ms dr=104.1/s tp=9.998Mbps eBPF=YES:355 adj=15 [cake]
[exporter 20:58:47] bl=14p tgt=4.05ms dr=131.8438/s tp=10.0104Mbps eBPF=YES:355 adj=2 [cake]
[exporter 20:58:57] bl=11p tgt=3.0ms dr=155.9/s tp=9.999Mbps eBPF=YES:355 adj=4 [cake]
[exporter 20:59:08] bl=9p tgt=2.66ms dr=163.3324/s tp=10.0106Mbps eBPF=YES:355 adj=6 [cake]
[exporter 20:59:18] bl=14p tgt=2.0ms dr=176.4/s tp=10.0Mbps eBPF=YES:355 adj=8 [cake]
[exporter 20:59:28] bl=13p tgt=1.74ms dr=145.6196/s tp=9.9866Mbps eBPF=YES:355 adj=10 [cake]
[exporter 20:59:38] bl=9p tgt=0.999ms dr=189.4/s tp=9.996Mbps eBPF=YES:355 adj=12 [cake]
[exporter 20:59:48] bl=12p tgt=1.14ms dr=149.5949/s tp=10.0131Mbps eBPF=YES:355 adj=14 [cake]
[exporter 20:59:58] bl=10p tgt=0.999ms dr=174.4/s tp=10.004Mbps eBPF=YES:355 adj=15 [cake]
[exporter 21:00:08] bl=14p tgt=1.03ms dr=143.7868/s tp=9.996Mbps eBPF=YES:355 adj=15 [cake]
[exporter 21:00:18] bl=13p tgt=0.999ms dr=173.4/s tp=9.998Mbps eBPF=YES:355 adj=15 [cake]
[exporter 21:00:28] bl=12p tgt=1.03ms dr=165.114/s tp=9.9993Mbps eBPF=YES:355 adj=15 [cake]
[exporter 21:00:38] bl=11p tgt=0.999ms dr=182.3/s tp=9.999Mbps eBPF=YES:355 adj=15 [cake]
[exporter 21:00:48] bl=10p tgt=1.03ms dr=175.1374/s tp=10.0105Mbps eBPF=YES:355 adj=15 [cake]
[exporter 21:00:58] bl=11p tgt=0.999ms dr=174.4/s tp=10.0Mbps eBPF=YES:355 adj=15 [cake]
[exporter 21:01:08] bl=13p tgt=1.03ms dr=183.2361/s tp=9.999Mbps eBPF=YES:355 adj=15 [cake]
[exporter 21:01:18] bl=12p tgt=0.999ms dr=160.8/s tp=10.004Mbps eBPF=YES:355 adj=15 [cake]
[exporter 21:01:28] bl=13p tgt=1.03ms dr=164.8641/s tp=10.0079Mbps eBPF=YES:355 adj=15 [cake]
[exporter 21:01:38] bl=10p tgt=0.999ms dr=174.3/s tp=10.005Mbps eBPF=YES:355 adj=15 [cake]
[exporter 21:01:48] bl=13p tgt=1.03ms dr=169.1096/s tp=10.0031Mbps eBPF=YES:355 adj=15 [cake]
[exporter 21:01:58] bl=11p tgt=0.999ms dr=170.9/s tp=9.993Mbps eBPF=YES:355 adj=15 [cake]
[exporter 21:02:08] bl=13p tgt=1.03ms dr=157.112/s tp=9.9904Mbps eBPF=YES:355 adj=15 [cake]
[exporter 21:02:18] bl=13p tgt=0.999ms dr=170.8/s tp=10.002Mbps eBPF=YES:355 adj=15 [cake]
[exporter 21:02:28] bl=8p tgt=1.03ms dr=202.072/s tp=9.9801Mbps eBPF=YES:355 adj=15 [cake]
[exporter 21:02:38] bl=14p tgt=0.999ms dr=170.4/s tp=9.998Mbps eBPF=YES:355 adj=15 [cake]
[exporter 21:02:48] bl=8p tgt=1.03ms dr=175.2077/s tp=10.0145Mbps eBPF=YES:355 adj=15 [cake]
[exporter 21:02:58] bl=11p tgt=0.999ms dr=176.8/s tp=9.996Mbps eBPF=YES:355 adj=15 [cake]
[exporter 21:03:08] bl=14p tgt=1.03ms dr=162.9253/s tp=9.9619Mbps eBPF=YES:355 adj=15 [cake]
[exporter 21:03:18] bl=7p tgt=0.999ms dr=185.2/s tp=10.003Mbps eBPF=YES:355 adj=15 [cake]
[exporter 21:03:28] bl=13p tgt=1.03ms dr=180.6337/s tp=9.9879Mbps eBPF=YES:355 adj=15 [cake]
[exporter 21:03:39] bl=9p tgt=0.999ms dr=175.7/s tp=10.0Mbps eBPF=YES:355 adj=15 [cake]
[exporter 21:03:49] bl=15p tgt=1.03ms dr=150.8487/s tp=9.9896Mbps eBPF=YES:355 adj=15 [cake]
[exporter 21:03:59] bl=12p tgt=0.999ms dr=173.2/s tp=9.998Mbps eBPF=YES:355 adj=15 [cake]
[exporter 21:04:09] bl=11p tgt=1.03ms dr=191.1619/s tp=10.0252Mbps eBPF=YES:355 adj=15 [cake]
[exporter 21:04:19] bl=14p tgt=0.999ms dr=167.9/s tp=10.0Mbps eBPF=YES:355 adj=15 [cake]
[exporter 21:04:29] bl=13p tgt=1.03ms dr=171.2612/s tp=9.9901Mbps eBPF=YES:355 adj=15 [cake]
[exporter 21:04:39] bl=12p tgt=0.999ms dr=169.1/s tp=9.996Mbps eBPF=YES:355 adj=15 [cake]
[exporter 21:04:49] bl=14p tgt=1.03ms dr=186.5209/s tp=10.0116Mbps eBPF=YES:355 adj=15 [cake]
[exporter 21:04:59] bl=12p tgt=0.999ms dr=172.2/s tp=10.002Mbps eBPF=YES:355 adj=15 [cake]
[exporter 21:05:09] bl=13p tgt=1.03ms dr=163.0459/s tp=9.993Mbps eBPF=YES:355 adj=15 [cake]
[exporter 21:05:19] bl=11p tgt=0.999ms dr=169.2/s tp=9.999Mbps eBPF=YES:355 adj=15 [cake]
[exporter 21:05:29] bl=9p tgt=1.03ms dr=158.7395/s tp=10.0168Mbps eBPF=YES:355 adj=15 [cake]
[exporter 21:05:39] bl=9p tgt=0.999ms dr=164.3/s tp=10.001Mbps eBPF=YES:355 adj=15 [cake]
[exporter 21:05:49] bl=10p tgt=1.03ms dr=180.0755/s tp=10.0045Mbps eBPF=YES:355 adj=15 [cake]
[exporter 21:05:59] bl=8p tgt=0.999ms dr=178.9/s tp=9.999Mbps eBPF=YES:355 adj=15 [cake]
[exporter 21:06:09] bl=9p tgt=1.03ms dr=196.8563/s tp=9.9903Mbps eBPF=YES:355 adj=15 [cake]
[exporter 21:06:19] bl=10p tgt=0.999ms dr=171.3/s tp=10.002Mbps eBPF=YES:355 adj=15 [cake]
[exporter 21:06:29] bl=10p tgt=1.03ms dr=173.3294/s tp=9.9958Mbps eBPF=YES:355 adj=15 [cake]
[exporter 21:06:39] bl=10p tgt=0.999ms dr=159.4/s tp=10.002Mbps eBPF=YES:355 adj=15 [cake]
[exporter 21:06:49] bl=12p tgt=1.03ms dr=165.2148/s tp=9.9816Mbps eBPF=YES:355 adj=15 [cake]
[exporter 21:06:59] bl=15p tgt=0.999ms dr=175.9/s tp=10.001Mbps eBPF=YES:355 adj=15 [cake]
[exporter 21:07:09] bl=10p tgt=1.03ms dr=180.7901/s tp=9.9966Mbps eBPF=YES:355 adj=15 [cake]
[exporter 21:07:19] bl=8p tgt=0.999ms dr=168.9/s tp=9.999Mbps eBPF=YES:355 adj=15 [cake]
[exporter 21:07:29] bl=8p tgt=1.03ms dr=171.0838/s tp=10.0036Mbps eBPF=YES:355 adj=15 [cake]
[exporter 21:07:39] bl=6p tgt=0.999ms dr=173.4/s tp=10.001Mbps eBPF=YES:355 adj=15 [cake]
[exporter 21:07:49] bl=9p tgt=1.03ms dr=193.5127/s tp=9.9909Mbps eBPF=YES:355 adj=15 [cake]
[exporter 21:07:59] bl=14p tgt=0.999ms dr=173.2/s tp=9.996Mbps eBPF=YES:355 adj=15 [cake]
[exporter 21:08:10] bl=10p tgt=1.03ms dr=180.2784/s tp=9.992Mbps eBPF=YES:355 adj=15 [cake]
[exporter 21:08:20] bl=5p tgt=0.999ms dr=184.2/s tp=10.0Mbps eBPF=YES:355 adj=15 [cake]
[exporter 21:08:30] bl=12p tgt=1.03ms dr=194.7286/s tp=10.006Mbps eBPF=YES:355 adj=15 [cake]
[exporter 10:24:52] ns=ns_router iface=veth_rs controller=cake
[exporter 10:24:52] Metrics: http://localhost:9101/metrics
[exporter 10:24:52] Values persist after experiment ends (last known good)
[exporter 10:24:52] bl=4p tgt=5.0ms dr=108860.0/s tp=9013.154Mbps eBPF=YES:82 adj=15 [cake]
[exporter 10:25:02] bl=4p tgt=5.0ms dr=168.7/s tp=9.999Mbps eBPF=YES:82 adj=15 [cake]
[exporter 10:25:12] bl=13p tgt=5.0ms dr=76.7/s tp=10.001Mbps eBPF=YES:82 adj=15 [cake]
[exporter 10:25:22] bl=14p tgt=4.0ms dr=106.6/s tp=9.928Mbps eBPF=NO adj=1 [cake]
