[exporter 20:47:39] ns=ns_router iface=veth_rs controller=pie
[exporter 20:47:39] Metrics: http://localhost:9101/metrics
[exporter 20:47:39] Values persist after experiment ends (last known good)
[exporter 20:47:39] bl=0p tgt=15.0ms dr=2078400.0/s tp=180012.267Mbps eBPF=YES:349 adj=15 [pie]
[exporter 20:47:49] bl=0p tgt=15.0ms dr=0.0/s tp=0.0Mbps eBPF=YES:349 adj=15 [pie]
[exporter 20:47:59] bl=0p tgt=15.0ms dr=0.0/s tp=0.0Mbps eBPF=YES:349 adj=15 [pie]
[exporter 20:48:09] bl=7p tgt=15.0ms dr=147.5/s tp=9.996Mbps eBPF=YES:349 adj=15 [pie]
[exporter 20:48:20] bl=2p tgt=15.0ms dr=169.0/s tp=9.999Mbps eBPF=YES:349 adj=15 [pie]
[exporter 20:48:30] bl=4p tgt=15.0ms dr=169.4/s tp=10.002Mbps eBPF=YES:349 adj=15 [pie]
[exporter 20:48:40] bl=5p tgt=15.0ms dr=169.0/s tp=10.001Mbps eBPF=YES:349 adj=15 [pie]
[exporter 20:48:50] bl=7p tgt=15.0ms dr=155.4/s tp=10.007Mbps eBPF=YES:349 adj=15 [pie]
[exporter 20:49:00] bl=3p tgt=15.0ms dr=158.0/s tp=9.998Mbps eBPF=YES:349 adj=15 [pie]
[exporter 20:49:10] bl=4p tgt=15.0ms dr=167.4/s tp=9.996Mbps eBPF=YES:349 adj=15 [pie]
[exporter 20:49:20] bl=6p tgt=15.0ms dr=170.4/s tp=10.001Mbps eBPF=YES:349 adj=15 [pie]
[exporter 20:49:30] bl=6p tgt=15.0ms dr=160.0/s tp=10.002Mbps eBPF=YES:349 adj=15 [pie]
[exporter 20:49:40] bl=6p tgt=15.0ms dr=156.5/s tp=10.0Mbps eBPF=YES:349 adj=15 [pie]
[exporter 20:49:50] bl=7p tgt=15.0ms dr=157.4/s tp=9.999Mbps eBPF=YES:349 adj=15 [pie]
[exporter 20:50:00] bl=7p tgt=15.0ms dr=152.5/s tp=10.003Mbps eBPF=YES:349 adj=15 [pie]
[exporter 20:50:10] bl=4p tgt=15.0ms dr=154.9/s tp=9.999Mbps eBPF=YES:349 adj=15 [pie]
[exporter 20:50:20] bl=6p tgt=15.0ms dr=152.0/s tp=10.0Mbps eBPF=YES:349 adj=15 [pie]
[exporter 20:50:30] bl=3p tgt=15.0ms dr=156.9/s tp=9.999Mbps eBPF=YES:349 adj=15 [pie]
[exporter 20:50:40] bl=4p tgt=15.0ms dr=157.5/s tp=10.003Mbps eBPF=YES:349 adj=15 [pie]
[exporter 20:50:50] bl=6p tgt=15.0ms dr=166.9/s tp=10.005Mbps eBPF=YES:349 adj=15 [pie]
[exporter 20:51:00] bl=4p tgt=15.0ms dr=151.5/s tp=10.002Mbps eBPF=YES:349 adj=15 [pie]
[exporter 20:51:10] bl=6p tgt=15.0ms dr=155.5/s tp=10.001Mbps eBPF=YES:349 adj=15 [pie]
[exporter 20:51:20] bl=7p tgt=15.0ms dr=164.8/s tp=9.996Mbps eBPF=YES:349 adj=15 [pie]
[exporter 20:51:30] bl=4p tgt=15.0ms dr=156.9/s tp=10.005Mbps eBPF=YES:349 adj=15 [pie]
[exporter 20:51:40] bl=9p tgt=15.0ms dr=155.9/s tp=9.999Mbps eBPF=YES:349 adj=15 [pie]
[exporter 20:51:50] bl=6p tgt=15.0ms dr=177.4/s tp=10.001Mbps eBPF=YES:349 adj=15 [pie]
[exporter 20:52:00] bl=7p tgt=15.0ms dr=176.9/s tp=10.0Mbps eBPF=YES:349 adj=15 [pie]
[exporter 20:52:10] bl=5p tgt=15.0ms dr=159.5/s tp=9.995Mbps eBPF=YES:349 adj=15 [pie]
[exporter 20:52:20] bl=6p tgt=15.0ms dr=156.1/s tp=10.002Mbps eBPF=YES:349 adj=15 [pie]
[exporter 20:52:30] bl=5p tgt=15.0ms dr=169.9/s tp=9.995Mbps eBPF=YES:349 adj=15 [pie]
[exporter 20:52:40] bl=3p tgt=15.0ms dr=145.6/s tp=10.0Mbps eBPF=YES:349 adj=15 [pie]
[exporter 20:52:50] bl=6p tgt=15.0ms dr=157.9/s tp=9.995Mbps eBPF=YES:349 adj=15 [pie]
[exporter 20:53:00] bl=4p tgt=15.0ms dr=153.5/s tp=9.998Mbps eBPF=YES:349 adj=15 [pie]
[exporter 20:53:11] bl=3p tgt=15.0ms dr=175.9/s tp=9.997Mbps eBPF=YES:349 adj=15 [pie]
[exporter 20:53:21] bl=6p tgt=15.0ms dr=165.5/s tp=9.999Mbps eBPF=YES:349 adj=15 [pie]
[exporter 20:53:31] bl=7p tgt=15.0ms dr=180.3/s tp=9.998Mbps eBPF=YES:349 adj=15 [pie]
[exporter 20:53:41] bl=4p tgt=15.0ms dr=163.0/s tp=9.999Mbps eBPF=YES:349 adj=15 [pie]
[exporter 20:53:51] bl=6p tgt=15.0ms dr=165.5/s tp=9.998Mbps eBPF=YES:349 adj=15 [pie]
[exporter 20:54:01] bl=3p tgt=15.0ms dr=160.0/s tp=10.002Mbps eBPF=YES:349 adj=15 [pie]
[exporter 20:54:11] bl=4p tgt=15.0ms dr=179.4/s tp=10.0Mbps eBPF=YES:349 adj=15 [pie]
[exporter 20:54:21] bl=5p tgt=15.0ms dr=159.9/s tp=9.998Mbps eBPF=YES:349 adj=15 [pie]
[exporter 20:54:31] bl=7p tgt=15.0ms dr=143.0/s tp=9.998Mbps eBPF=YES:349 adj=15 [pie]
[exporter 20:54:41] bl=4p tgt=15.0ms dr=150.5/s tp=10.004Mbps eBPF=YES:349 adj=15 [pie]
[exporter 20:54:51] bl=8p tgt=15.0ms dr=164.4/s tp=10.004Mbps eBPF=YES:349 adj=15 [pie]
[exporter 20:55:01] bl=5p tgt=15.0ms dr=137.5/s tp=10.0Mbps eBPF=YES:349 adj=15 [pie]
[exporter 20:55:11] bl=6p tgt=15.0ms dr=141.0/s tp=9.999Mbps eBPF=YES:349 adj=15 [pie]
[exporter 20:55:21] bl=7p tgt=15.0ms dr=134.5/s tp=10.001Mbps eBPF=YES:349 adj=15 [pie]
[exporter 20:55:31] bl=6p tgt=15.0ms dr=160.4/s tp=10.0Mbps eBPF=YES:349 adj=15 [pie]
[exporter 20:55:41] bl=5p tgt=15.0ms dr=160.4/s tp=10.001Mbps eBPF=YES:349 adj=15 [pie]
[exporter 20:55:51] bl=7p tgt=15.0ms dr=161.4/s tp=10.001Mbps eBPF=YES:349 adj=15 [pie]
[exporter 20:56:01] bl=2p tgt=15.0ms dr=170.4/s tp=10.003Mbps eBPF=YES:349 adj=15 [pie]
[exporter 20:56:11] bl=3p tgt=15.0ms dr=172.4/s tp=10.004Mbps eBPF=YES:349 adj=15 [pie]
[exporter 20:56:21] bl=6p tgt=15.0ms dr=169.4/s tp=9.995Mbps eBPF=YES:349 adj=15 [pie]
[exporter 20:56:31] bl=4p tgt=15.0ms dr=155.5/s tp=10.007Mbps eBPF=YES:349 adj=15 [pie]
[exporter 20:56:41] bl=4p tgt=15.0ms dr=148.0/s tp=9.998Mbps eBPF=YES:349 adj=15 [pie]
[exporter 20:56:51] bl=5p tgt=15.0ms dr=156.5/s tp=10.001Mbps eBPF=YES:349 adj=15 [pie]
[exporter 20:57:01] bl=7p tgt=15.0ms dr=180.0/s tp=9.995Mbps eBPF=YES:349 adj=15 [pie]
[exporter 20:57:11] bl=7p tgt=15.0ms dr=159.4/s tp=10.0Mbps eBPF=YES:349 adj=15 [pie]
[exporter 20:57:21] bl=5p tgt=15.0ms dr=147.5/s tp=10.0Mbps eBPF=YES:349 adj=15 [pie]
[exporter 20:57:31] bl=6p tgt=15.0ms dr=161.4/s tp=9.998Mbps eBPF=YES:349 adj=15 [pie]
[exporter 20:57:41] bl=6p tgt=15.0ms dr=142.5/s tp=10.001Mbps eBPF=YES:349 adj=15 [pie]
[exporter 20:57:51] bl=3p tgt=15.0ms dr=161.5/s tp=9.995Mbps eBPF=YES:349 adj=15 [pie]
[exporter 20:58:02] bl=0p tgt=15.0ms dr=114.1/s tp=6.703Mbps eBPF=YES:349 adj=15 [pie]
[exporter 10:24:20] ns=ns_router iface=veth_rs controller=pie
[exporter 10:24:20] Metrics: http://localhost:9101/metrics
[exporter 10:24:20] Values persist after experiment ends (last known good)
[exporter 10:24:20] bl=10p tgt=15.0ms dr=71250.0/s tp=5911.121Mbps eBPF=YES:82 adj=15 [pie]
[exporter 10:24:30] bl=8p tgt=15.0ms dr=102.1/s tp=10.001Mbps eBPF=YES:82 adj=15 [pie]
[exporter 10:24:40] bl=8p tgt=15.0ms dr=136.2/s tp=9.996Mbps eBPF=YES:82 adj=15 [pie]
[exporter 10:37:48] ns=ns_router iface=veth_rs controller=pie
[exporter 10:37:48] Metrics: http://localhost:9101/metrics
[exporter 10:37:48] Values persist after experiment ends (last known good)
[exporter 10:37:48] bl=0p tgt=5.0ms dr=0.0/s tp=0.056Mbps eBPF=YES:99 adj=1 [pie]
[exporter 10:37:58] bl=16p tgt=5.0ms dr=94.7/s tp=9.995Mbps eBPF=YES:99 adj=1 [pie]
[exp 16:05:55] ns=ns_router iface=veth_rs ctrl=pie
[exp 16:05:55] http://localhost:9101/metrics
[exp 16:05:55] bl=0p tgt=5.0ms dr=2167700.0/s tp=60012.722Mbps eBPF=YES:83 [pie]
[exp 16:06:01] bl=0p tgt=15.0ms dr=0.0/s tp=0.0Mbps eBPF=YES:83 [pie]
[exp 16:06:08] bl=2p tgt=15.0ms dr=92.1/s tp=5.001Mbps eBPF=YES:83 [pie]
[exp 16:06:14] bl=6p tgt=15.0ms dr=143.4/s tp=4.999Mbps eBPF=YES:83 [pie]
[exp 16:06:20] bl=6p tgt=15.0ms dr=155.0/s tp=4.998Mbps eBPF=YES:83 [pie]
[exp 16:06:26] bl=6p tgt=15.0ms dr=161.5/s tp=4.999Mbps eBPF=YES:83 [pie]
[exp 16:06:32] bl=6p tgt=15.0ms dr=177.4/s tp=4.998Mbps eBPF=YES:83 [pie]
[exp 16:06:38] bl=8p tgt=15.0ms dr=169.8/s tp=4.995Mbps eBPF=YES:83 [pie]
[exp 16:06:44] bl=6p tgt=15.0ms dr=180.3/s tp=4.996Mbps eBPF=YES:83 [pie]
[exp 16:06:50] bl=12p tgt=15.0ms dr=166.1/s tp=5.001Mbps eBPF=YES:83 [pie]
[exp 16:06:56] bl=8p tgt=15.0ms dr=173.4/s tp=5.003Mbps eBPF=YES:83 [pie]
[exp 16:07:02] bl=8p tgt=15.0ms dr=169.8/s tp=4.995Mbps eBPF=YES:83 [pie]
[exp 16:07:08] bl=3p tgt=15.0ms dr=156.8/s tp=5.003Mbps eBPF=YES:83 [pie]
[exp 16:07:14] bl=3p tgt=15.0ms dr=174.9/s tp=5.003Mbps eBPF=YES:83 [pie]
[exp 16:07:20] bl=7p tgt=15.0ms dr=174.8/s tp=5.002Mbps eBPF=YES:83 [pie]
[exp 16:07:26] bl=11p tgt=15.0ms dr=189.9/s tp=4.998Mbps eBPF=YES:83 [pie]
[exp 16:07:32] bl=6p tgt=15.0ms dr=153.4/s tp=5.002Mbps eBPF=YES:83 [pie]
[exp 16:07:38] bl=4p tgt=15.0ms dr=172.1/s tp=5.001Mbps eBPF=YES:83 [pie]
[exp 16:07:44] bl=13p tgt=15.0ms dr=164.9/s tp=5.001Mbps eBPF=YES:83 [pie]
[exp 16:07:50] bl=6p tgt=15.0ms dr=172.8/s tp=5.001Mbps eBPF=YES:83 [pie]
[exp 16:07:56] bl=6p tgt=15.0ms dr=144.5/s tp=5.002Mbps eBPF=YES:83 [pie]
[exp 16:08:02] bl=8p tgt=15.0ms dr=169.1/s tp=5.001Mbps eBPF=YES:83 [pie]
[exp 16:08:08] bl=9p tgt=15.0ms dr=181.4/s tp=4.996Mbps eBPF=YES:83 [pie]
[exp 16:08:14] bl=9p tgt=15.0ms dr=165.3/s tp=4.999Mbps eBPF=YES:83 [pie]
[exp 16:08:20] bl=8p tgt=15.0ms dr=161.3/s tp=4.926Mbps eBPF=YES:83 [pie]
[exp 16:08:26] bl=7p tgt=15.0ms dr=157.9/s tp=4.996Mbps eBPF=YES:83 [pie]
[exp 16:08:32] bl=9p tgt=15.0ms dr=173.9/s tp=5.003Mbps eBPF=YES:83 [pie]
[exp 16:08:38] bl=6p tgt=15.0ms dr=152.7/s tp=5.0Mbps eBPF=YES:83 [pie]
[exp 16:08:44] bl=11p tgt=15.0ms dr=167.5/s tp=4.999Mbps eBPF=YES:83 [pie]
[exp 16:08:50] bl=5p tgt=15.0ms dr=165.0/s tp=4.998Mbps eBPF=YES:83 [pie]
[exp 16:08:56] bl=6p tgt=15.0ms dr=159.0/s tp=5.0Mbps eBPF=YES:83 [pie]
[exp 16:09:02] bl=8p tgt=15.0ms dr=160.4/s tp=5.001Mbps eBPF=YES:83 [pie]
[exp 16:09:08] bl=12p tgt=15.0ms dr=154.3/s tp=5.003Mbps eBPF=YES:83 [pie]
[exp 16:09:14] bl=6p tgt=15.0ms dr=160.5/s tp=4.999Mbps eBPF=YES:83 [pie]
[exp 16:09:20] bl=6p tgt=15.0ms dr=172.3/s tp=4.999Mbps eBPF=YES:83 [pie]
[exp 16:09:26] bl=3p tgt=15.0ms dr=182.8/s tp=5.0Mbps eBPF=YES:83 [pie]
[exp 16:09:32] bl=5p tgt=15.0ms dr=171.7/s tp=4.999Mbps eBPF=YES:83 [pie]
[exp 16:09:38] bl=10p tgt=15.0ms dr=173.0/s tp=5.005Mbps eBPF=YES:83 [pie]
[exp 16:09:44] bl=10p tgt=15.0ms dr=178.8/s tp=5.002Mbps eBPF=YES:83 [pie]
[exp 16:09:50] bl=8p tgt=15.0ms dr=164.2/s tp=4.998Mbps eBPF=YES:83 [pie]
[exp 16:09:56] bl=10p tgt=15.0ms dr=177.5/s tp=4.998Mbps eBPF=YES:83 [pie]
[exp 16:10:02] bl=7p tgt=15.0ms dr=185.6/s tp=4.996Mbps eBPF=YES:83 [pie]
[exp 16:10:08] bl=6p tgt=15.0ms dr=145.9/s tp=5.001Mbps eBPF=YES:83 [pie]
[exp 16:10:14] bl=11p tgt=15.0ms dr=178.3/s tp=5.002Mbps eBPF=YES:83 [pie]
[exp 16:10:21] bl=9p tgt=15.0ms dr=169.0/s tp=5.0Mbps eBPF=YES:83 [pie]
[exp 16:10:27] bl=8p tgt=15.0ms dr=176.3/s tp=5.001Mbps eBPF=YES:83 [pie]
[exp 16:10:33] bl=2p tgt=15.0ms dr=165.0/s tp=5.004Mbps eBPF=YES:83 [pie]
[exp 16:10:39] bl=3p tgt=15.0ms dr=149.9/s tp=5.001Mbps eBPF=YES:83 [pie]
[exp 16:10:45] bl=4p tgt=15.0ms dr=171.0/s tp=5.005Mbps eBPF=YES:83 [pie]
[exp 16:10:51] bl=5p tgt=15.0ms dr=148.5/s tp=5.003Mbps eBPF=YES:83 [pie]
[exp 16:10:57] bl=7p tgt=15.0ms dr=164.0/s tp=5.004Mbps eBPF=YES:83 [pie]
[exp 16:11:03] bl=6p tgt=15.0ms dr=165.4/s tp=5.002Mbps eBPF=YES:83 [pie]
[exp 16:11:09] bl=3p tgt=15.0ms dr=162.7/s tp=5.003Mbps eBPF=YES:83 [pie]
[exp 16:11:15] bl=10p tgt=15.0ms dr=163.0/s tp=4.998Mbps eBPF=YES:83 [pie]
[exp 16:11:21] bl=6p tgt=15.0ms dr=169.3/s tp=4.998Mbps eBPF=YES:83 [pie]
[exp 16:11:27] bl=5p tgt=15.0ms dr=152.0/s tp=4.998Mbps eBPF=YES:83 [pie]
[exp 16:11:33] bl=4p tgt=15.0ms dr=160.9/s tp=5.001Mbps eBPF=YES:83 [pie]
[exp 16:11:39] bl=5p tgt=15.0ms dr=160.9/s tp=5.001Mbps eBPF=YES:83 [pie]
[exp 16:11:45] bl=5p tgt=15.0ms dr=168.8/s tp=5.001Mbps eBPF=YES:83 [pie]
[exp 16:11:51] bl=4p tgt=15.0ms dr=186.2/s tp=4.998Mbps eBPF=YES:83 [pie]
[exp 16:11:57] bl=8p tgt=15.0ms dr=167.7/s tp=5.003Mbps eBPF=YES:83 [pie]
[exp 16:12:03] bl=10p tgt=15.0ms dr=157.5/s tp=4.997Mbps eBPF=YES:83 [pie]
[exp 16:12:09] bl=12p tgt=15.0ms dr=145.2/s tp=5.0Mbps eBPF=YES:83 [pie]
[exp 16:12:15] bl=10p tgt=15.0ms dr=168.4/s tp=4.997Mbps eBPF=YES:83 [pie]
[exp 16:12:21] bl=9p tgt=15.0ms dr=162.0/s tp=5.004Mbps eBPF=YES:83 [pie]
[exp 16:12:27] bl=12p tgt=15.0ms dr=158.4/s tp=4.997Mbps eBPF=YES:83 [pie]
[exp 16:12:33] bl=6p tgt=15.0ms dr=190.9/s tp=4.998Mbps eBPF=YES:83 [pie]
[exp 16:12:39] bl=4p tgt=15.0ms dr=162.9/s tp=5.001Mbps eBPF=YES:83 [pie]
[exp 16:12:45] bl=6p tgt=15.0ms dr=174.0/s tp=4.999Mbps eBPF=YES:83 [pie]
[exp 16:12:51] bl=3p tgt=15.0ms dr=175.8/s tp=5.0Mbps eBPF=YES:83 [pie]
[exp 16:12:57] bl=12p tgt=15.0ms dr=170.4/s tp=4.996Mbps eBPF=YES:83 [pie]
[exp 16:13:03] bl=14p tgt=15.0ms dr=172.9/s tp=5.003Mbps eBPF=YES:83 [pie]
[exp 16:13:09] bl=12p tgt=15.0ms dr=160.7/s tp=5.002Mbps eBPF=YES:83 [pie]
[exp 16:13:15] bl=3p tgt=15.0ms dr=175.5/s tp=4.999Mbps eBPF=YES:83 [pie]
[exp 16:13:21] bl=9p tgt=15.0ms dr=162.5/s tp=5.0Mbps eBPF=YES:83 [pie]
[exp 16:13:27] bl=2p tgt=15.0ms dr=162.4/s tp=5.002Mbps eBPF=YES:83 [pie]
[exp 16:13:33] bl=4p tgt=15.0ms dr=167.0/s tp=5.001Mbps eBPF=YES:83 [pie]
[exp 16:13:39] bl=9p tgt=15.0ms dr=177.8/s tp=5.001Mbps eBPF=YES:83 [pie]
[exp 16:13:45] bl=6p tgt=15.0ms dr=158.8/s tp=5.0Mbps eBPF=YES:83 [pie]
[exp 16:13:51] bl=14p tgt=15.0ms dr=176.9/s tp=4.997Mbps eBPF=YES:83 [pie]
[exp 16:13:57] bl=4p tgt=15.0ms dr=157.8/s tp=4.998Mbps eBPF=YES:83 [pie]
[exp 16:14:03] bl=7p tgt=15.0ms dr=177.4/s tp=4.997Mbps eBPF=YES:83 [pie]
[exp 16:14:09] bl=9p tgt=15.0ms dr=167.5/s tp=4.998Mbps eBPF=YES:83 [pie]
[exp 16:14:15] bl=9p tgt=15.0ms dr=166.5/s tp=4.999Mbps eBPF=YES:83 [pie]
[exp 16:14:21] bl=7p tgt=15.0ms dr=173.2/s tp=5.004Mbps eBPF=YES:83 [pie]
[exp 16:14:27] bl=9p tgt=15.0ms dr=148.7/s tp=4.956Mbps eBPF=YES:83 [pie]
[exp 16:14:33] bl=6p tgt=15.0ms dr=166.7/s tp=4.998Mbps eBPF=YES:83 [pie]
[exp 16:14:39] bl=6p tgt=15.0ms dr=168.7/s tp=5.004Mbps eBPF=YES:83 [pie]
[exp 16:14:46] bl=7p tgt=15.0ms dr=154.0/s tp=5.005Mbps eBPF=YES:83 [pie]
[exp 16:14:52] bl=5p tgt=15.0ms dr=142.8/s tp=4.998Mbps eBPF=YES:83 [pie]
[exp 16:14:58] bl=3p tgt=15.0ms dr=166.3/s tp=5.0Mbps eBPF=YES:83 [pie]
[exp 16:15:04] bl=7p tgt=15.0ms dr=185.6/s tp=4.997Mbps eBPF=YES:83 [pie]
[exp 16:15:10] bl=9p tgt=15.0ms dr=172.6/s tp=5.001Mbps eBPF=YES:83 [pie]
[exp 16:15:16] bl=5p tgt=15.0ms dr=161.5/s tp=4.999Mbps eBPF=YES:83 [pie]
[exp 16:15:22] bl=5p tgt=15.0ms dr=174.7/s tp=4.997Mbps eBPF=YES:83 [pie]
[exp 16:15:28] bl=8p tgt=15.0ms dr=155.8/s tp=5.003Mbps eBPF=YES:83 [pie]
[exp 16:15:34] bl=11p tgt=15.0ms dr=171.4/s tp=5.002Mbps eBPF=YES:83 [pie]
[exp 16:15:40] bl=7p tgt=15.0ms dr=162.8/s tp=5.0Mbps eBPF=YES:83 [pie]
[exp 16:15:46] bl=8p tgt=15.0ms dr=167.8/s tp=5.0Mbps eBPF=YES:83 [pie]
[exp 16:15:52] bl=10p tgt=15.0ms dr=161.4/s tp=4.996Mbps eBPF=YES:83 [pie]
[exp 16:15:58] bl=4p tgt=15.0ms dr=145.9/s tp=5.001Mbps eBPF=YES:83 [pie]
[exp 16:16:04] bl=0p tgt=15.0ms dr=19.4/s tp=0.601Mbps eBPF=YES:83 [pie]
[exp 16:16:10] bl=0p tgt=15.0ms dr=0.0/s tp=0.006Mbps eBPF=YES:83 [pie]
[exp 16:16:16] bl=0p tgt=15.0ms dr=0.0/s tp=0.0Mbps eBPF=YES:83 [pie]
[exp 16:16:22] bl=0p tgt=15.0ms dr=0.0/s tp=0.0Mbps eBPF=YES:83 [pie]
[exp 16:16:28] bl=0p tgt=15.0ms dr=0.0/s tp=0.0Mbps eBPF=YES:83 [pie]
[exp 16:16:34] bl=0p tgt=15.0ms dr=0.0/s tp=0.0Mbps eBPF=YES:83 [pie]
