[exporter 20:16:27] ns=ns_router iface=veth_rs controller=static_fqcodel
[exporter 20:16:27] Metrics: http://localhost:9101/metrics
[exporter 20:16:27] Values persist after experiment ends (last known good)
[exporter 20:16:27] bl=0p tgt=5.0ms dr=0.0/s tp=0.053Mbps eBPF=YES:349 adj=15 [static_fqcodel]
[exporter 20:16:37] bl=12p tgt=5.0ms dr=130.0/s tp=9.999Mbps eBPF=YES:349 adj=15 [static_fqcodel]
[exporter 20:16:47] bl=20p tgt=5.0ms dr=94.2/s tp=10.005Mbps eBPF=YES:349 adj=15 [static_fqcodel]
[exporter 20:16:57] bl=14p tgt=5.0ms dr=102.7/s tp=10.003Mbps eBPF=YES:349 adj=15 [static_fqcodel]
[exporter 20:17:07] bl=14p tgt=5.0ms dr=90.7/s tp=10.001Mbps eBPF=YES:349 adj=15 [static_fqcodel]
[exporter 20:17:17] bl=17p tgt=5.0ms dr=99.2/s tp=10.001Mbps eBPF=YES:349 adj=15 [static_fqcodel]
[exporter 20:17:27] bl=16p tgt=5.0ms dr=97.2/s tp=10.002Mbps eBPF=YES:349 adj=15 [static_fqcodel]
[exporter 20:17:37] bl=12p tgt=5.0ms dr=111.1/s tp=10.002Mbps eBPF=YES:349 adj=15 [static_fqcodel]
[exporter 20:17:47] bl=17p tgt=5.0ms dr=99.2/s tp=9.998Mbps eBPF=YES:349 adj=15 [static_fqcodel]
[exporter 20:17:57] bl=13p tgt=5.0ms dr=105.2/s tp=10.002Mbps eBPF=YES:349 adj=15 [static_fqcodel]
[exporter 20:18:07] bl=17p tgt=5.0ms dr=93.7/s tp=9.999Mbps eBPF=YES:349 adj=15 [static_fqcodel]
[exporter 20:18:17] bl=10p tgt=5.0ms dr=103.6/s tp=10.0Mbps eBPF=YES:349 adj=15 [static_fqcodel]
[exporter 20:18:27] bl=15p tgt=5.0ms dr=99.2/s tp=10.002Mbps eBPF=YES:349 adj=15 [static_fqcodel]
[exporter 20:18:37] bl=14p tgt=5.0ms dr=93.7/s tp=9.997Mbps eBPF=YES:349 adj=15 [static_fqcodel]
[exporter 20:18:47] bl=14p tgt=5.0ms dr=101.7/s tp=10.001Mbps eBPF=YES:349 adj=15 [static_fqcodel]
[exporter 20:18:57] bl=16p tgt=5.0ms dr=98.2/s tp=10.0Mbps eBPF=YES:349 adj=15 [static_fqcodel]
[exporter 20:19:07] bl=16p tgt=5.0ms dr=96.7/s tp=10.001Mbps eBPF=YES:349 adj=15 [static_fqcodel]
[exporter 20:19:17] bl=14p tgt=5.0ms dr=102.2/s tp=10.001Mbps eBPF=YES:349 adj=15 [static_fqcodel]
[exporter 20:19:27] bl=19p tgt=5.0ms dr=94.2/s tp=9.998Mbps eBPF=YES:349 adj=15 [static_fqcodel]
[exporter 20:19:37] bl=16p tgt=5.0ms dr=90.7/s tp=9.998Mbps eBPF=YES:349 adj=15 [static_fqcodel]
[exporter 20:19:47] bl=13p tgt=5.0ms dr=104.2/s tp=9.997Mbps eBPF=YES:349 adj=15 [static_fqcodel]
[exporter 20:19:57] bl=15p tgt=5.0ms dr=105.7/s tp=9.997Mbps eBPF=YES:349 adj=15 [static_fqcodel]
[exporter 20:20:07] bl=12p tgt=5.0ms dr=100.7/s tp=9.999Mbps eBPF=YES:349 adj=15 [static_fqcodel]
[exporter 20:20:17] bl=13p tgt=5.0ms dr=99.1/s tp=9.998Mbps eBPF=YES:349 adj=15 [static_fqcodel]
[exporter 20:20:27] bl=12p tgt=5.0ms dr=100.7/s tp=10.0Mbps eBPF=YES:349 adj=15 [static_fqcodel]
[exporter 20:20:37] bl=18p tgt=5.0ms dr=98.6/s tp=9.999Mbps eBPF=YES:349 adj=15 [static_fqcodel]
[exporter 20:20:47] bl=17p tgt=5.0ms dr=100.7/s tp=10.001Mbps eBPF=YES:349 adj=15 [static_fqcodel]
[exporter 20:20:58] bl=14p tgt=5.0ms dr=98.7/s tp=10.002Mbps eBPF=YES:349 adj=15 [static_fqcodel]
[exporter 20:21:08] bl=19p tgt=5.0ms dr=98.7/s tp=9.994Mbps eBPF=YES:349 adj=15 [static_fqcodel]
[exporter 20:21:18] bl=14p tgt=5.0ms dr=96.7/s tp=10.0Mbps eBPF=YES:349 adj=15 [static_fqcodel]
[exporter 20:21:28] bl=14p tgt=5.0ms dr=101.5/s tp=9.998Mbps eBPF=YES:349 adj=15 [static_fqcodel]
[exporter 20:21:38] bl=17p tgt=5.0ms dr=94.5/s tp=9.999Mbps eBPF=YES:349 adj=15 [static_fqcodel]
[exporter 20:21:48] bl=14p tgt=5.0ms dr=102.4/s tp=10.001Mbps eBPF=YES:349 adj=15 [static_fqcodel]
[exporter 20:21:58] bl=13p tgt=5.0ms dr=94.7/s tp=10.0Mbps eBPF=YES:349 adj=15 [static_fqcodel]
[exporter 20:22:08] bl=15p tgt=5.0ms dr=100.2/s tp=10.0Mbps eBPF=YES:349 adj=15 [static_fqcodel]
[exporter 20:22:18] bl=13p tgt=5.0ms dr=94.1/s tp=10.0Mbps eBPF=YES:349 adj=15 [static_fqcodel]
[exporter 20:22:28] bl=15p tgt=5.0ms dr=97.2/s tp=10.003Mbps eBPF=YES:349 adj=15 [static_fqcodel]
[exporter 20:22:38] bl=17p tgt=5.0ms dr=93.7/s tp=9.998Mbps eBPF=YES:349 adj=15 [static_fqcodel]
[exporter 20:22:48] bl=17p tgt=5.0ms dr=105.7/s tp=9.997Mbps eBPF=YES:349 adj=15 [static_fqcodel]
[exporter 20:22:58] bl=14p tgt=5.0ms dr=99.1/s tp=10.005Mbps eBPF=YES:349 adj=15 [static_fqcodel]
[exporter 20:23:08] bl=17p tgt=5.0ms dr=91.2/s tp=10.003Mbps eBPF=YES:349 adj=15 [static_fqcodel]
[exporter 20:23:18] bl=16p tgt=5.0ms dr=105.6/s tp=9.999Mbps eBPF=YES:349 adj=15 [static_fqcodel]
[exporter 20:23:28] bl=12p tgt=5.0ms dr=98.2/s tp=10.002Mbps eBPF=YES:349 adj=15 [static_fqcodel]
[exporter 20:23:38] bl=16p tgt=5.0ms dr=96.2/s tp=10.002Mbps eBPF=YES:349 adj=15 [static_fqcodel]
[exporter 20:23:48] bl=18p tgt=5.0ms dr=96.7/s tp=9.998Mbps eBPF=YES:349 adj=15 [static_fqcodel]
[exporter 20:23:58] bl=11p tgt=5.0ms dr=102.7/s tp=10.003Mbps eBPF=YES:349 adj=15 [static_fqcodel]
[exporter 20:24:08] bl=13p tgt=5.0ms dr=111.7/s tp=9.998Mbps eBPF=YES:349 adj=15 [static_fqcodel]
[exporter 20:24:18] bl=16p tgt=5.0ms dr=99.2/s tp=9.997Mbps eBPF=YES:349 adj=15 [static_fqcodel]
[exporter 20:24:28] bl=13p tgt=5.0ms dr=88.7/s tp=9.998Mbps eBPF=YES:349 adj=15 [static_fqcodel]
[exporter 20:24:38] bl=17p tgt=5.0ms dr=101.2/s tp=10.002Mbps eBPF=YES:349 adj=15 [static_fqcodel]
[exporter 20:24:48] bl=14p tgt=5.0ms dr=101.2/s tp=10.002Mbps eBPF=YES:349 adj=15 [static_fqcodel]
[exporter 20:24:58] bl=13p tgt=5.0ms dr=106.1/s tp=10.0Mbps eBPF=YES:349 adj=15 [static_fqcodel]
[exporter 20:25:08] bl=16p tgt=5.0ms dr=92.2/s tp=10.002Mbps eBPF=YES:349 adj=15 [static_fqcodel]
[exporter 20:25:18] bl=14p tgt=5.0ms dr=97.7/s tp=9.997Mbps eBPF=YES:349 adj=15 [static_fqcodel]
[exporter 20:25:28] bl=15p tgt=5.0ms dr=99.2/s tp=10.0Mbps eBPF=YES:349 adj=15 [static_fqcodel]
[exporter 20:25:38] bl=17p tgt=5.0ms dr=94.7/s tp=9.999Mbps eBPF=YES:349 adj=15 [static_fqcodel]
[exporter 20:25:49] bl=11p tgt=5.0ms dr=94.7/s tp=9.991Mbps eBPF=YES:349 adj=15 [static_fqcodel]
[exporter 20:25:59] bl=15p tgt=5.0ms dr=99.7/s tp=9.996Mbps eBPF=YES:349 adj=15 [static_fqcodel]
[exporter 20:26:09] bl=14p tgt=5.0ms dr=102.7/s tp=10.0Mbps eBPF=YES:349 adj=15 [static_fqcodel]
[exporter 20:26:19] bl=10p tgt=5.0ms dr=100.7/s tp=9.995Mbps eBPF=YES:349 adj=15 [static_fqcodel]
[exporter 20:26:29] bl=14p tgt=5.0ms dr=98.7/s tp=9.996Mbps eBPF=YES:349 adj=15 [static_fqcodel]
[exporter 20:26:40] ns=ns_router iface=veth_rs controller=static_fqcodel
[exporter 20:26:40] Metrics: http://localhost:9101/metrics
[exporter 20:26:40] Values persist after experiment ends (last known good)
[exporter 20:26:40] bl=0p tgt=5.0ms dr=592440.0/s tp=60004.22Mbps eBPF=YES:349 adj=15 [static_fqcodel]
[exporter 20:26:51] bl=0p tgt=5.0ms dr=0.0/s tp=0.0Mbps eBPF=YES:349 adj=15 [static_fqcodel]
[exporter 20:27:01] bl=0p tgt=5.0ms dr=0.0/s tp=0.0Mbps eBPF=YES:349 adj=15 [static_fqcodel]
[exporter 20:27:11] bl=17p tgt=5.0ms dr=143.5/s tp=10.003Mbps eBPF=YES:349 adj=15 [static_fqcodel]
[exporter 20:27:21] bl=17p tgt=5.0ms dr=156.0/s tp=9.998Mbps eBPF=YES:349 adj=15 [static_fqcodel]
[exporter 20:27:31] bl=12p tgt=5.0ms dr=147.5/s tp=10.0Mbps eBPF=YES:349 adj=15 [static_fqcodel]
[exporter 20:27:41] bl=8p tgt=5.0ms dr=142.1/s tp=9.998Mbps eBPF=YES:349 adj=15 [static_fqcodel]
[exporter 20:27:51] bl=13p tgt=5.0ms dr=145.5/s tp=10.001Mbps eBPF=YES:349 adj=15 [static_fqcodel]
[exporter 20:28:01] bl=14p tgt=5.0ms dr=158.0/s tp=9.996Mbps eBPF=YES:349 adj=15 [static_fqcodel]
[exporter 20:28:11] bl=15p tgt=5.0ms dr=138.6/s tp=9.996Mbps eBPF=YES:349 adj=15 [static_fqcodel]
[exporter 20:28:21] bl=16p tgt=5.0ms dr=147.5/s tp=9.998Mbps eBPF=YES:349 adj=15 [static_fqcodel]
[exporter 20:28:31] bl=12p tgt=5.0ms dr=143.5/s tp=9.997Mbps eBPF=YES:349 adj=15 [static_fqcodel]
[exporter 20:28:41] bl=17p tgt=5.0ms dr=151.0/s tp=10.002Mbps eBPF=YES:349 adj=15 [static_fqcodel]
[exporter 20:28:51] bl=10p tgt=5.0ms dr=153.0/s tp=10.001Mbps eBPF=YES:349 adj=15 [static_fqcodel]
[exporter 20:29:01] bl=11p tgt=5.0ms dr=147.5/s tp=9.997Mbps eBPF=YES:349 adj=15 [static_fqcodel]
[exporter 20:29:11] bl=9p tgt=5.0ms dr=145.1/s tp=10.004Mbps eBPF=YES:349 adj=15 [static_fqcodel]
[exporter 20:29:21] bl=14p tgt=5.0ms dr=157.5/s tp=10.003Mbps eBPF=YES:349 adj=15 [static_fqcodel]
[exporter 20:29:31] bl=11p tgt=5.0ms dr=149.5/s tp=10.002Mbps eBPF=YES:349 adj=15 [static_fqcodel]
[exporter 20:29:41] bl=9p tgt=5.0ms dr=151.1/s tp=9.993Mbps eBPF=YES:349 adj=15 [static_fqcodel]
[exporter 20:29:51] bl=9p tgt=5.0ms dr=143.5/s tp=10.003Mbps eBPF=YES:349 adj=15 [static_fqcodel]
[exporter 20:30:01] bl=13p tgt=5.0ms dr=139.6/s tp=9.997Mbps eBPF=YES:349 adj=15 [static_fqcodel]
[exporter 20:30:11] bl=14p tgt=5.0ms dr=144.5/s tp=10.0Mbps eBPF=YES:349 adj=15 [static_fqcodel]
[exporter 20:30:21] bl=16p tgt=5.0ms dr=135.1/s tp=10.009Mbps eBPF=YES:349 adj=15 [static_fqcodel]
[exporter 20:30:31] bl=13p tgt=5.0ms dr=156.9/s tp=10.003Mbps eBPF=YES:349 adj=15 [static_fqcodel]
[exporter 20:30:41] bl=13p tgt=5.0ms dr=150.6/s tp=9.999Mbps eBPF=YES:349 adj=15 [static_fqcodel]
[exporter 20:30:51] bl=11p tgt=5.0ms dr=144.0/s tp=10.012Mbps eBPF=YES:349 adj=15 [static_fqcodel]
[exporter 20:31:01] bl=9p tgt=5.0ms dr=159.0/s tp=9.997Mbps eBPF=YES:349 adj=15 [static_fqcodel]
[exporter 20:31:11] bl=17p tgt=5.0ms dr=153.5/s tp=10.0Mbps eBPF=YES:349 adj=15 [static_fqcodel]
[exporter 20:31:21] bl=17p tgt=5.0ms dr=144.1/s tp=10.0Mbps eBPF=YES:349 adj=15 [static_fqcodel]
[exporter 20:31:31] bl=14p tgt=5.0ms dr=157.0/s tp=9.995Mbps eBPF=YES:349 adj=15 [static_fqcodel]
[exporter 20:31:41] bl=16p tgt=5.0ms dr=148.5/s tp=10.004Mbps eBPF=YES:349 adj=15 [static_fqcodel]
[exporter 20:31:52] bl=11p tgt=5.0ms dr=164.9/s tp=9.992Mbps eBPF=YES:349 adj=15 [static_fqcodel]
[exporter 20:32:02] bl=13p tgt=5.0ms dr=144.1/s tp=9.999Mbps eBPF=YES:349 adj=15 [static_fqcodel]
[exporter 20:32:12] bl=15p tgt=5.0ms dr=142.0/s tp=10.006Mbps eBPF=YES:349 adj=15 [static_fqcodel]
[exporter 20:32:22] bl=13p tgt=5.0ms dr=138.5/s tp=9.996Mbps eBPF=YES:349 adj=15 [static_fqcodel]
[exporter 20:32:32] bl=8p tgt=5.0ms dr=151.0/s tp=10.002Mbps eBPF=YES:349 adj=15 [static_fqcodel]
[exporter 20:32:42] bl=13p tgt=5.0ms dr=159.5/s tp=10.006Mbps eBPF=YES:349 adj=15 [static_fqcodel]
[exporter 20:32:52] bl=13p tgt=5.0ms dr=154.5/s tp=10.004Mbps eBPF=YES:349 adj=15 [static_fqcodel]
[exporter 20:33:02] bl=15p tgt=5.0ms dr=158.5/s tp=9.996Mbps eBPF=YES:349 adj=15 [static_fqcodel]
[exporter 20:33:12] bl=14p tgt=5.0ms dr=146.0/s tp=10.002Mbps eBPF=YES:349 adj=15 [static_fqcodel]
[exporter 20:33:22] bl=11p tgt=5.0ms dr=144.0/s tp=10.003Mbps eBPF=YES:349 adj=15 [static_fqcodel]
[exporter 20:33:32] bl=14p tgt=5.0ms dr=137.5/s tp=9.998Mbps eBPF=YES:349 adj=15 [static_fqcodel]
[exporter 20:33:42] bl=14p tgt=5.0ms dr=152.0/s tp=10.005Mbps eBPF=YES:349 adj=15 [static_fqcodel]
[exporter 20:33:52] bl=15p tgt=5.0ms dr=155.0/s tp=10.006Mbps eBPF=YES:349 adj=15 [static_fqcodel]
[exporter 20:34:02] bl=18p tgt=5.0ms dr=149.6/s tp=9.999Mbps eBPF=YES:349 adj=15 [static_fqcodel]
[exporter 20:34:12] bl=14p tgt=5.0ms dr=142.5/s tp=10.002Mbps eBPF=YES:349 adj=15 [static_fqcodel]
[exporter 20:34:22] bl=10p tgt=5.0ms dr=150.5/s tp=9.998Mbps eBPF=YES:349 adj=15 [static_fqcodel]
[exporter 20:34:32] bl=13p tgt=5.0ms dr=144.0/s tp=10.001Mbps eBPF=YES:349 adj=15 [static_fqcodel]
[exporter 20:34:42] bl=10p tgt=5.0ms dr=145.5/s tp=9.994Mbps eBPF=YES:349 adj=15 [static_fqcodel]
[exporter 20:34:52] bl=14p tgt=5.0ms dr=141.0/s tp=10.002Mbps eBPF=YES:349 adj=15 [static_fqcodel]
[exporter 20:35:02] bl=16p tgt=5.0ms dr=147.5/s tp=10.003Mbps eBPF=YES:349 adj=15 [static_fqcodel]
[exporter 20:35:12] bl=12p tgt=5.0ms dr=146.0/s tp=10.007Mbps eBPF=YES:349 adj=15 [static_fqcodel]
[exporter 20:35:22] bl=13p tgt=5.0ms dr=143.9/s tp=9.996Mbps eBPF=YES:349 adj=15 [static_fqcodel]
[exporter 20:35:32] bl=11p tgt=5.0ms dr=146.5/s tp=10.003Mbps eBPF=YES:349 adj=15 [static_fqcodel]
[exporter 20:35:42] bl=15p tgt=5.0ms dr=158.4/s tp=9.999Mbps eBPF=YES:349 adj=15 [static_fqcodel]
[exporter 20:35:52] bl=15p tgt=5.0ms dr=148.5/s tp=9.998Mbps eBPF=YES:349 adj=15 [static_fqcodel]
[exporter 20:36:02] bl=11p tgt=5.0ms dr=157.0/s tp=9.999Mbps eBPF=YES:349 adj=15 [static_fqcodel]
[exporter 20:36:12] bl=12p tgt=5.0ms dr=148.0/s tp=10.001Mbps eBPF=YES:349 adj=15 [static_fqcodel]
[exporter 20:36:22] bl=14p tgt=5.0ms dr=159.5/s tp=9.999Mbps eBPF=YES:349 adj=15 [static_fqcodel]
[exporter 20:36:32] bl=14p tgt=5.0ms dr=150.5/s tp=10.0Mbps eBPF=YES:349 adj=15 [static_fqcodel]
[exporter 20:36:43] bl=13p tgt=5.0ms dr=157.0/s tp=10.0Mbps eBPF=YES:349 adj=15 [static_fqcodel]
[exporter 20:36:53] bl=12p tgt=5.0ms dr=138.0/s tp=10.0Mbps eBPF=YES:349 adj=15 [static_fqcodel]
[exporter 20:37:03] bl=14p tgt=5.0ms dr=151.0/s tp=10.002Mbps eBPF=YES:349 adj=15 [static_fqcodel]
[exporter 10:18:26] ns=ns_router iface=veth_rs controller=static_fqcodel
[exporter 10:18:26] Metrics: http://localhost:9101/metrics
[exporter 10:18:26] Values persist after experiment ends (last known good)
[exporter 10:18:26] bl=0p tgt=5.0ms dr=0.0/s tp=0.053Mbps eBPF=YES:78 adj=15 [static_fqcodel]
[exporter 10:18:36] bl=17p tgt=5.0ms dr=153.0/s tp=10.001Mbps eBPF=YES:78 adj=15 [static_fqcodel]
[exporter 10:18:46] bl=16p tgt=5.0ms dr=97.1/s tp=9.997Mbps eBPF=YES:78 adj=15 [static_fqcodel]
[exporter 10:18:56] bl=13p tgt=5.0ms dr=95.6/s tp=10.002Mbps eBPF=YES:78 adj=15 [static_fqcodel]
[exporter 10:19:06] bl=15p tgt=5.0ms dr=97.6/s tp=9.997Mbps eBPF=YES:78 adj=15 [static_fqcodel]
[exporter 10:19:16] bl=15p tgt=5.0ms dr=89.1/s tp=10.0Mbps eBPF=YES:78 adj=15 [static_fqcodel]
[exporter 10:19:26] bl=12p tgt=5.0ms dr=101.6/s tp=9.999Mbps eBPF=YES:78 adj=15 [static_fqcodel]
[exporter 10:19:36] bl=13p tgt=5.0ms dr=101.6/s tp=9.999Mbps eBPF=YES:78 adj=15 [static_fqcodel]
[exporter 10:19:46] bl=15p tgt=5.0ms dr=100.5/s tp=9.998Mbps eBPF=YES:78 adj=15 [static_fqcodel]
[exporter 10:19:56] bl=13p tgt=5.0ms dr=95.1/s tp=9.989Mbps eBPF=YES:78 adj=15 [static_fqcodel]
[exporter 10:20:06] bl=14p tgt=5.0ms dr=103.2/s tp=10.003Mbps eBPF=YES:78 adj=15 [static_fqcodel]
[exporter 10:20:16] bl=11p tgt=5.0ms dr=107.4/s tp=10.001Mbps eBPF=YES:78 adj=15 [static_fqcodel]
[exporter 10:20:26] bl=12p tgt=5.0ms dr=100.1/s tp=10.002Mbps eBPF=YES:78 adj=15 [static_fqcodel]
[exporter 10:20:37] bl=17p tgt=5.0ms dr=101.7/s tp=10.003Mbps eBPF=YES:78 adj=15 [static_fqcodel]
[exporter 10:20:46] bl=15p tgt=5.0ms dr=105.0/s tp=9.999Mbps eBPF=YES:78 adj=15 [static_fqcodel]
[exporter 10:20:56] bl=18p tgt=5.0ms dr=97.6/s tp=9.999Mbps eBPF=YES:78 adj=15 [static_fqcodel]
[exporter 10:21:06] bl=17p tgt=5.0ms dr=96.2/s tp=9.999Mbps eBPF=YES:78 adj=15 [static_fqcodel]
[exporter 10:21:16] bl=13p tgt=5.0ms dr=94.0/s tp=10.004Mbps eBPF=YES:78 adj=15 [static_fqcodel]
[exporter 10:21:26] bl=14p tgt=5.0ms dr=97.1/s tp=9.997Mbps eBPF=YES:78 adj=15 [static_fqcodel]
[exporter 10:21:36] bl=12p tgt=5.0ms dr=102.6/s tp=9.999Mbps eBPF=YES:78 adj=15 [static_fqcodel]
[exporter 10:21:46] bl=14p tgt=5.0ms dr=99.6/s tp=10.0Mbps eBPF=YES:78 adj=15 [static_fqcodel]
[exporter 10:21:56] bl=16p tgt=5.0ms dr=91.5/s tp=10.005Mbps eBPF=YES:78 adj=15 [static_fqcodel]
[exporter 10:22:06] bl=17p tgt=5.0ms dr=100.2/s tp=9.995Mbps eBPF=YES:78 adj=15 [static_fqcodel]
[exporter 10:22:17] bl=14p tgt=5.0ms dr=99.2/s tp=10.001Mbps eBPF=YES:78 adj=15 [static_fqcodel]
[exporter 10:22:27] bl=14p tgt=5.0ms dr=95.6/s tp=9.998Mbps eBPF=YES:78 adj=15 [static_fqcodel]
[exporter 10:22:37] bl=12p tgt=5.0ms dr=96.6/s tp=9.996Mbps eBPF=YES:78 adj=15 [static_fqcodel]
[exporter 10:22:47] bl=21p tgt=5.0ms dr=98.1/s tp=9.999Mbps eBPF=YES:78 adj=15 [static_fqcodel]
[exporter 10:22:57] bl=12p tgt=5.0ms dr=89.6/s tp=10.013Mbps eBPF=YES:78 adj=15 [static_fqcodel]
[exporter 10:23:07] bl=0p tgt=5.0ms dr=76.8/s tp=7.772Mbps eBPF=YES:78 adj=15 [static_fqcodel]
[exporter 10:23:12] ns=ns_router iface=veth_rs controller=static_fqcodel
[exporter 10:23:12] Metrics: http://localhost:9101/metrics
[exporter 10:23:12] Values persist after experiment ends (last known good)
[exporter 10:23:12] bl=0p tgt=5.0ms dr=0.0/s tp=0.053Mbps eBPF=YES:82 adj=15 [static_fqcodel]
[exporter 10:23:14] ns=ns_router iface=veth_rs controller=static_fqcodel
[exporter 10:23:14] Metrics: http://localhost:9101/metrics
[exporter 10:23:14] Values persist after experiment ends (last known good)
[exporter 10:23:14] bl=0p tgt=5.0ms dr=0.0/s tp=0.053Mbps eBPF=YES:82 adj=15 [static_fqcodel]
Traceback (most recent call last):
  File "/home/ammu/ccn-linux-qdisc-study/scripts/acape_exporter_v2.py", line 297, in <module>
    if __name__=="__main__": main()
                             ^^^^^^
  File "/home/ammu/ccn-linux-qdisc-study/scripts/acape_exporter_v2.py", line 294, in main
    try: HTTPServer(("",args.port),Handler).serve_forever()
         ^^^^^^^^^^^^^^^^^^^^^^^^^^^^^^^^^^
  File "/usr/lib/python3.12/socketserver.py", line 457, in __init__
    self.server_bind()
  File "/usr/lib/python3.12/http/server.py", line 136, in server_bind
    socketserver.TCPServer.server_bind(self)
  File "/usr/lib/python3.12/socketserver.py", line 473, in server_bind
    self.socket.bind(self.server_address)
OSError: [Errno 98] Address already in use
[exporter 10:23:22] bl=14p tgt=5.0ms dr=132.1/s tp=9.998Mbps eBPF=YES:82 adj=15 [static_fqcodel]
[exporter 10:23:32] bl=13p tgt=5.0ms dr=88.6/s tp=9.516Mbps eBPF=YES:82 adj=15 [static_fqcodel]
[exporter 10:23:42] bl=15p tgt=5.0ms dr=141.0/s tp=9.998Mbps eBPF=YES:82 adj=15 [static_fqcodel]
[exporter 10:28:26] ns=ns_router iface=veth_rs controller=static_fqcodel
[exporter 10:28:26] Metrics: http://localhost:9101/metrics
[exporter 10:28:26] Values persist after experiment ends (last known good)
[exporter 10:28:26] bl=0p tgt=5.0ms dr=325100.0/s tp=29680.354Mbps eBPF=NO adj=1 [static_fqcodel]
[exporter 10:28:36] bl=0p tgt=5.0ms dr=0.0/s tp=0.0Mbps eBPF=NO adj=1 [static_fqcodel]
[exporter 10:28:46] bl=0p tgt=5.0ms dr=0.0/s tp=0.0Mbps eBPF=NO adj=1 [static_fqcodel]
[exporter 10:28:56] bl=18p tgt=5.0ms dr=151.5/s tp=10.001Mbps eBPF=NO adj=1 [static_fqcodel]
[exporter 10:29:06] bl=16p tgt=5.0ms dr=147.9/s tp=10.001Mbps eBPF=NO adj=1 [static_fqcodel]
[exporter 10:29:16] bl=12p tgt=5.0ms dr=133.0/s tp=10.006Mbps eBPF=NO adj=1 [static_fqcodel]
[exporter 10:29:26] bl=16p tgt=5.0ms dr=148.9/s tp=10.004Mbps eBPF=NO adj=1 [static_fqcodel]
[exporter 10:29:36] bl=12p tgt=5.0ms dr=145.9/s tp=10.001Mbps eBPF=NO adj=1 [static_fqcodel]
[exporter 10:29:46] bl=13p tgt=5.0ms dr=143.9/s tp=10.0Mbps eBPF=NO adj=1 [static_fqcodel]
[exporter 10:29:56] bl=15p tgt=5.0ms dr=142.3/s tp=10.0Mbps eBPF=NO adj=1 [static_fqcodel]
[exporter 10:30:06] bl=13p tgt=5.0ms dr=144.4/s tp=9.996Mbps eBPF=NO adj=1 [static_fqcodel]
[exporter 10:30:16] bl=12p tgt=5.0ms dr=153.9/s tp=9.995Mbps eBPF=NO adj=1 [static_fqcodel]
[exporter 10:30:26] bl=16p tgt=5.0ms dr=149.0/s tp=9.998Mbps eBPF=NO adj=1 [static_fqcodel]
[exporter 10:30:36] bl=14p tgt=5.0ms dr=153.9/s tp=10.006Mbps eBPF=NO adj=1 [static_fqcodel]
[exporter 10:30:46] bl=12p tgt=5.0ms dr=150.5/s tp=9.999Mbps eBPF=NO adj=1 [static_fqcodel]
[exporter 10:30:56] bl=11p tgt=5.0ms dr=157.0/s tp=10.001Mbps eBPF=NO adj=1 [static_fqcodel]
[exporter 10:31:06] bl=15p tgt=5.0ms dr=151.3/s tp=10.003Mbps eBPF=NO adj=1 [static_fqcodel]
[exporter 10:31:16] bl=11p tgt=5.0ms dr=155.9/s tp=10.003Mbps eBPF=NO adj=1 [static_fqcodel]
[exporter 10:31:26] bl=13p tgt=5.0ms dr=148.8/s tp=9.999Mbps eBPF=NO adj=1 [static_fqcodel]
[exporter 10:31:36] bl=10p tgt=5.0ms dr=158.3/s tp=9.998Mbps eBPF=NO adj=1 [static_fqcodel]
[exporter 10:31:47] bl=14p tgt=5.0ms dr=147.8/s tp=9.993Mbps eBPF=NO adj=1 [static_fqcodel]
[exporter 10:31:57] bl=9p tgt=5.0ms dr=153.9/s tp=10.0Mbps eBPF=NO adj=1 [static_fqcodel]
[exporter 10:32:07] bl=12p tgt=5.0ms dr=158.8/s tp=10.001Mbps eBPF=NO adj=1 [static_fqcodel]
[exporter 10:32:17] bl=13p tgt=5.0ms dr=154.0/s tp=10.002Mbps eBPF=NO adj=1 [static_fqcodel]
[exporter 10:32:27] bl=12p tgt=5.0ms dr=140.5/s tp=9.998Mbps eBPF=NO adj=1 [static_fqcodel]
[exporter 10:32:37] bl=10p tgt=5.0ms dr=141.4/s tp=9.998Mbps eBPF=NO adj=1 [static_fqcodel]
[exporter 10:32:47] bl=12p tgt=5.0ms dr=151.4/s tp=9.998Mbps eBPF=NO adj=1 [static_fqcodel]
[exporter 10:32:57] bl=12p tgt=5.0ms dr=150.4/s tp=9.998Mbps eBPF=NO adj=1 [static_fqcodel]
[exporter 10:33:07] bl=10p tgt=5.0ms dr=168.5/s tp=10.003Mbps eBPF=NO adj=1 [static_fqcodel]
[exporter 10:33:17] bl=13p tgt=5.0ms dr=136.0/s tp=9.997Mbps eBPF=NO adj=1 [static_fqcodel]
[exporter 10:33:27] bl=18p tgt=5.0ms dr=152.5/s tp=10.004Mbps eBPF=NO adj=1 [static_fqcodel]
[exporter 10:33:37] bl=15p tgt=5.0ms dr=159.9/s tp=9.999Mbps eBPF=NO adj=1 [static_fqcodel]
[exporter 10:33:47] bl=12p tgt=5.0ms dr=152.5/s tp=10.0Mbps eBPF=NO adj=1 [static_fqcodel]
[exporter 10:37:49] ns=ns_router iface=veth_rs controller=static_fqcodel
[exporter 10:37:49] Metrics: http://localhost:9101/metrics
[exporter 10:37:49] Values persist after experiment ends (last known good)
[exporter 10:37:49] bl=0p tgt=5.0ms dr=0.0/s tp=0.056Mbps eBPF=YES:99 adj=1 [static_fqcodel]
Traceback (most recent call last):
  File "/home/ammu/ccn-linux-qdisc-study/scripts/acape_exporter_v2.py", line 297, in <module>
    if __name__=="__main__": main()
                             ^^^^^^
  File "/home/ammu/ccn-linux-qdisc-study/scripts/acape_exporter_v2.py", line 294, in main
    try: HTTPServer(("",args.port),Handler).serve_forever()
         ^^^^^^^^^^^^^^^^^^^^^^^^^^^^^^^^^^
  File "/usr/lib/python3.12/socketserver.py", line 457, in __init__
    self.server_bind()
  File "/usr/lib/python3.12/http/server.py", line 136, in server_bind
    socketserver.TCPServer.server_bind(self)
  File "/usr/lib/python3.12/socketserver.py", line 473, in server_bind
    self.socket.bind(self.server_address)
OSError: [Errno 98] Address already in use
[exporter 10:38:42] ns=ns_router iface=veth_rs controller=static_fqcodel
[exporter 10:38:42] Metrics: http://localhost:9101/metrics
[exporter 10:38:42] Values persist after experiment ends (last known good)
[exporter 10:38:42] bl=0p tgt=5.0ms dr=0.0/s tp=0.056Mbps eBPF=YES:103 adj=1 [static_fqcodel]
[exporter 10:38:52] bl=12p tgt=5.0ms dr=105.1/s tp=9.998Mbps eBPF=YES:103 adj=1 [static_fqcodel]
[exporter 10:39:02] bl=15p tgt=5.0ms dr=92.6/s tp=9.999Mbps eBPF=YES:103 adj=1 [static_fqcodel]
[exporter 10:39:12] bl=16p tgt=5.0ms dr=95.0/s tp=9.996Mbps eBPF=YES:103 adj=1 [static_fqcodel]
[exporter 10:39:22] bl=11p tgt=5.0ms dr=89.7/s tp=10.0Mbps eBPF=YES:103 adj=1 [static_fqcodel]
[exporter 10:39:32] bl=12p tgt=5.0ms dr=100.0/s tp=10.0Mbps eBPF=YES:103 adj=1 [static_fqcodel]
[exporter 10:39:42] bl=11p tgt=5.0ms dr=101.2/s tp=9.996Mbps eBPF=YES:103 adj=1 [static_fqcodel]
[exporter 10:39:52] bl=18p tgt=5.0ms dr=103.0/s tp=10.0Mbps eBPF=YES:103 adj=1 [static_fqcodel]
[exporter 10:40:02] bl=15p tgt=5.0ms dr=94.6/s tp=10.0Mbps eBPF=YES:103 adj=1 [static_fqcodel]
[exporter 10:40:12] bl=16p tgt=5.0ms dr=103.4/s tp=9.992Mbps eBPF=YES:103 adj=1 [static_fqcodel]
[exporter 10:40:22] bl=14p tgt=5.0ms dr=100.5/s tp=9.996Mbps eBPF=YES:103 adj=1 [static_fqcodel]
[exporter 10:40:32] bl=16p tgt=5.0ms dr=103.1/s tp=10.005Mbps eBPF=YES:103 adj=1 [static_fqcodel]
[exporter 10:40:42] bl=19p tgt=5.0ms dr=93.1/s tp=10.002Mbps eBPF=YES:103 adj=1 [static_fqcodel]
[exporter 10:40:53] bl=12p tgt=5.0ms dr=94.4/s tp=10.001Mbps eBPF=YES:103 adj=1 [static_fqcodel]
[exporter 10:41:03] bl=17p tgt=5.0ms dr=102.5/s tp=10.001Mbps eBPF=YES:103 adj=1 [static_fqcodel]
[exporter 10:41:13] bl=14p tgt=5.0ms dr=97.1/s tp=9.999Mbps eBPF=YES:103 adj=1 [static_fqcodel]
[exporter 10:41:23] bl=16p tgt=5.0ms dr=100.1/s tp=9.999Mbps eBPF=YES:103 adj=1 [static_fqcodel]
[exporter 10:41:33] bl=16p tgt=5.0ms dr=107.0/s tp=9.998Mbps eBPF=YES:103 adj=1 [static_fqcodel]
[exporter 10:41:43] bl=13p tgt=5.0ms dr=98.2/s tp=9.996Mbps eBPF=YES:103 adj=1 [static_fqcodel]
[exporter 10:41:53] bl=11p tgt=5.0ms dr=99.1/s tp=9.998Mbps eBPF=YES:103 adj=1 [static_fqcodel]
[exporter 10:42:03] bl=19p tgt=5.0ms dr=95.9/s tp=10.004Mbps eBPF=YES:103 adj=1 [static_fqcodel]
[exporter 10:42:13] bl=14p tgt=5.0ms dr=104.9/s tp=10.003Mbps eBPF=YES:103 adj=1 [static_fqcodel]
[exporter 10:42:23] bl=15p tgt=5.0ms dr=101.0/s tp=9.996Mbps eBPF=YES:103 adj=1 [static_fqcodel]
[exporter 10:42:33] bl=18p tgt=5.0ms dr=96.7/s tp=9.994Mbps eBPF=YES:103 adj=1 [static_fqcodel]
[exporter 10:42:43] bl=16p tgt=5.0ms dr=97.2/s tp=9.996Mbps eBPF=YES:103 adj=1 [static_fqcodel]
[exporter 10:42:53] bl=0p tgt=5.0ms dr=98.2/s tp=10.0Mbps eBPF=YES:103 adj=1 [static_fqcodel]
[exporter 10:43:03] bl=12p tgt=5.0ms dr=92.1/s tp=9.999Mbps eBPF=YES:103 adj=1 [static_fqcodel]
[exp 10:55:34] ns=ns_router iface=veth_rs ctrl=static_fqcodel
[exp 10:55:34] http://localhost:9101/metrics
[exp 10:55:34] bl=0p tgt=5.0ms dr=0.0/s tp=0.062Mbps eBPF=YES:127 [static_fqcodel]
[exp 10:55:40] bl=14p tgt=5.0ms dr=81.7/s tp=5.266Mbps eBPF=YES:127 [static_fqcodel]
[exp 10:55:46] bl=15p tgt=5.0ms dr=101.5/s tp=10.001Mbps eBPF=YES:127 [static_fqcodel]
[exp 10:55:52] bl=13p tgt=5.0ms dr=97.6/s tp=9.997Mbps eBPF=YES:127 [static_fqcodel]
[exp 10:55:58] bl=9p tgt=5.0ms dr=101.1/s tp=9.999Mbps eBPF=YES:127 [static_fqcodel]
[exp 10:56:04] bl=19p tgt=5.0ms dr=100.6/s tp=9.998Mbps eBPF=YES:127 [static_fqcodel]
[exp 10:56:10] bl=17p tgt=5.0ms dr=90.2/s tp=9.998Mbps eBPF=YES:127 [static_fqcodel]
[exp 10:56:16] bl=13p tgt=5.0ms dr=101.1/s tp=10.0Mbps eBPF=YES:127 [static_fqcodel]
[exp 10:56:22] bl=14p tgt=5.0ms dr=93.2/s tp=9.999Mbps eBPF=YES:127 [static_fqcodel]
[exp 10:56:28] bl=13p tgt=5.0ms dr=96.2/s tp=9.999Mbps eBPF=YES:127 [static_fqcodel]
[exp 10:56:34] bl=14p tgt=5.0ms dr=95.2/s tp=10.0Mbps eBPF=YES:127 [static_fqcodel]
[exp 10:56:40] bl=11p tgt=5.0ms dr=95.2/s tp=10.0Mbps eBPF=YES:127 [static_fqcodel]
[exp 10:56:46] bl=14p tgt=5.0ms dr=103.6/s tp=10.003Mbps eBPF=YES:127 [static_fqcodel]
[exp 10:56:52] bl=17p tgt=5.0ms dr=104.1/s tp=9.996Mbps eBPF=YES:127 [static_fqcodel]
[exp 10:56:58] bl=17p tgt=5.0ms dr=94.7/s tp=10.0Mbps eBPF=YES:127 [static_fqcodel]
[exp 10:57:04] bl=16p tgt=5.0ms dr=98.2/s tp=10.0Mbps eBPF=YES:127 [static_fqcodel]
[exp 10:57:10] bl=12p tgt=5.0ms dr=103.1/s tp=10.004Mbps eBPF=YES:127 [static_fqcodel]
[exp 10:57:16] bl=14p tgt=5.0ms dr=98.5/s tp=10.006Mbps eBPF=YES:127 [static_fqcodel]
[exp 10:57:22] bl=16p tgt=5.0ms dr=103.0/s tp=10.001Mbps eBPF=YES:127 [static_fqcodel]
[exp 10:57:29] bl=16p tgt=5.0ms dr=96.1/s tp=10.003Mbps eBPF=YES:127 [static_fqcodel]
[exp 10:57:35] bl=13p tgt=5.0ms dr=100.6/s tp=10.004Mbps eBPF=YES:127 [static_fqcodel]
[exp 10:57:41] bl=15p tgt=5.0ms dr=95.7/s tp=10.004Mbps eBPF=YES:127 [static_fqcodel]
[exp 10:57:47] bl=12p tgt=5.0ms dr=97.1/s tp=9.998Mbps eBPF=YES:127 [static_fqcodel]
[exp 10:57:53] bl=13p tgt=5.0ms dr=90.1/s tp=10.002Mbps eBPF=YES:127 [static_fqcodel]
[exp 10:57:59] bl=15p tgt=5.0ms dr=105.0/s tp=10.004Mbps eBPF=YES:127 [static_fqcodel]
[exp 10:58:05] bl=11p tgt=5.0ms dr=109.2/s tp=9.997Mbps eBPF=YES:127 [static_fqcodel]
[exp 10:58:11] bl=14p tgt=5.0ms dr=104.5/s tp=10.004Mbps eBPF=YES:127 [static_fqcodel]
[exp 10:58:17] bl=15p tgt=5.0ms dr=109.5/s tp=10.002Mbps eBPF=YES:127 [static_fqcodel]
[exp 10:58:23] bl=14p tgt=5.0ms dr=94.2/s tp=10.0Mbps eBPF=YES:127 [static_fqcodel]
[exp 10:58:29] bl=15p tgt=5.0ms dr=107.2/s tp=10.005Mbps eBPF=YES:127 [static_fqcodel]
[exp 10:58:35] bl=13p tgt=5.0ms dr=100.2/s tp=10.001Mbps eBPF=YES:127 [static_fqcodel]
[exp 10:58:41] bl=13p tgt=5.0ms dr=100.7/s tp=10.001Mbps eBPF=YES:127 [static_fqcodel]
[exp 10:58:47] bl=13p tgt=5.0ms dr=96.6/s tp=9.997Mbps eBPF=YES:127 [static_fqcodel]
[exp 10:58:53] bl=17p tgt=5.0ms dr=101.7/s tp=10.002Mbps eBPF=YES:127 [static_fqcodel]
[exp 10:58:59] bl=16p tgt=5.0ms dr=92.2/s tp=10.002Mbps eBPF=YES:127 [static_fqcodel]
[exp 10:59:05] bl=16p tgt=5.0ms dr=100.7/s tp=9.998Mbps eBPF=YES:127 [static_fqcodel]
[exp 10:59:11] bl=16p tgt=5.0ms dr=92.5/s tp=10.001Mbps eBPF=YES:127 [static_fqcodel]
[exp 10:59:17] bl=15p tgt=5.0ms dr=100.0/s tp=9.997Mbps eBPF=YES:127 [static_fqcodel]
[exp 10:59:23] bl=17p tgt=5.0ms dr=103.2/s tp=10.009Mbps eBPF=YES:127 [static_fqcodel]
[exp 10:59:29] bl=12p tgt=5.0ms dr=97.2/s tp=10.0Mbps eBPF=YES:127 [static_fqcodel]
[exp 10:59:35] bl=16p tgt=5.0ms dr=99.1/s tp=10.003Mbps eBPF=YES:127 [static_fqcodel]
[exp 10:59:41] bl=14p tgt=5.0ms dr=100.6/s tp=10.003Mbps eBPF=YES:127 [static_fqcodel]
[exp 10:59:47] bl=18p tgt=5.0ms dr=96.7/s tp=9.999Mbps eBPF=YES:127 [static_fqcodel]
[exp 10:59:53] bl=14p tgt=5.0ms dr=93.2/s tp=10.005Mbps eBPF=YES:127 [static_fqcodel]
[exp 10:59:59] bl=19p tgt=5.0ms dr=96.1/s tp=10.002Mbps eBPF=YES:127 [static_fqcodel]
[exp 11:00:05] bl=14p tgt=5.0ms dr=104.1/s tp=10.005Mbps eBPF=YES:127 [static_fqcodel]
[exp 11:00:11] bl=17p tgt=5.0ms dr=103.6/s tp=9.999Mbps eBPF=YES:127 [static_fqcodel]
[exp 11:00:17] bl=15p tgt=5.0ms dr=102.5/s tp=10.002Mbps eBPF=YES:127 [static_fqcodel]
[exp 11:00:23] bl=12p tgt=5.0ms dr=102.6/s tp=10.002Mbps eBPF=YES:127 [static_fqcodel]
[exp 11:00:30] bl=17p tgt=5.0ms dr=97.5/s tp=9.997Mbps eBPF=YES:127 [static_fqcodel]
[exp 11:00:36] bl=16p tgt=5.0ms dr=100.5/s tp=9.995Mbps eBPF=YES:127 [static_fqcodel]
[exp 11:00:42] bl=17p tgt=5.0ms dr=105.4/s tp=10.0Mbps eBPF=YES:127 [static_fqcodel]
[exp 11:00:48] bl=15p tgt=5.0ms dr=99.9/s tp=9.989Mbps eBPF=YES:127 [static_fqcodel]
[exp 11:00:54] bl=20p tgt=5.0ms dr=103.9/s tp=9.994Mbps eBPF=YES:127 [static_fqcodel]
[exp 11:01:00] bl=15p tgt=5.0ms dr=93.0/s tp=10.003Mbps eBPF=YES:127 [static_fqcodel]
[exp 11:01:06] bl=14p tgt=5.0ms dr=108.4/s tp=10.002Mbps eBPF=YES:127 [static_fqcodel]
[exp 11:01:12] bl=10p tgt=5.0ms dr=101.0/s tp=10.007Mbps eBPF=YES:127 [static_fqcodel]
[exp 11:01:18] bl=14p tgt=5.0ms dr=97.0/s tp=9.99Mbps eBPF=YES:127 [static_fqcodel]
[exp 11:01:24] bl=15p tgt=5.0ms dr=107.5/s tp=10.002Mbps eBPF=YES:127 [static_fqcodel]
[exp 11:01:30] bl=16p tgt=5.0ms dr=100.1/s tp=9.999Mbps eBPF=YES:127 [static_fqcodel]
[exp 11:01:36] bl=13p tgt=5.0ms dr=100.5/s tp=9.996Mbps eBPF=YES:127 [static_fqcodel]
[exp 11:01:42] bl=13p tgt=5.0ms dr=97.5/s tp=10.005Mbps eBPF=YES:127 [static_fqcodel]
[exp 11:01:48] bl=10p tgt=5.0ms dr=99.5/s tp=10.001Mbps eBPF=YES:127 [static_fqcodel]
[exp 11:01:54] bl=0p tgt=5.0ms dr=96.5/s tp=9.998Mbps eBPF=YES:127 [static_fqcodel]
[exp 11:02:00] bl=16p tgt=5.0ms dr=106.1/s tp=10.007Mbps eBPF=YES:127 [static_fqcodel]
[exp 11:02:06] bl=20p tgt=5.0ms dr=92.2/s tp=10.001Mbps eBPF=YES:127 [static_fqcodel]
[exp 11:02:12] bl=16p tgt=5.0ms dr=103.2/s tp=10.0Mbps eBPF=YES:127 [static_fqcodel]
[exp 11:02:18] bl=11p tgt=5.0ms dr=95.2/s tp=9.999Mbps eBPF=YES:127 [static_fqcodel]
[exp 11:02:24] bl=13p tgt=5.0ms dr=103.6/s tp=10.004Mbps eBPF=YES:127 [static_fqcodel]
[exp 11:02:30] bl=12p tgt=5.0ms dr=107.7/s tp=9.996Mbps eBPF=YES:127 [static_fqcodel]
[exp 11:02:36] bl=19p tgt=5.0ms dr=95.7/s tp=10.004Mbps eBPF=YES:127 [static_fqcodel]
[exp 11:02:42] bl=17p tgt=5.0ms dr=94.6/s tp=10.003Mbps eBPF=YES:127 [static_fqcodel]
[exp 11:02:48] bl=16p tgt=5.0ms dr=103.4/s tp=9.997Mbps eBPF=YES:127 [static_fqcodel]
[exp 11:02:54] bl=16p tgt=5.0ms dr=96.2/s tp=10.0Mbps eBPF=YES:127 [static_fqcodel]
[exp 11:03:00] bl=14p tgt=5.0ms dr=100.1/s tp=9.997Mbps eBPF=YES:127 [static_fqcodel]
[exp 11:03:06] bl=15p tgt=5.0ms dr=99.7/s tp=10.0Mbps eBPF=YES:127 [static_fqcodel]
[exp 11:03:12] bl=17p tgt=5.0ms dr=93.7/s tp=10.001Mbps eBPF=YES:127 [static_fqcodel]
[exp 11:03:18] bl=15p tgt=5.0ms dr=97.1/s tp=10.003Mbps eBPF=YES:127 [static_fqcodel]
[exp 11:03:24] bl=14p tgt=5.0ms dr=97.6/s tp=9.999Mbps eBPF=YES:127 [static_fqcodel]
[exp 11:03:30] bl=14p tgt=5.0ms dr=98.6/s tp=10.007Mbps eBPF=YES:127 [static_fqcodel]
[exp 11:03:36] bl=12p tgt=5.0ms dr=101.5/s tp=10.002Mbps eBPF=YES:127 [static_fqcodel]
[exp 11:03:42] bl=15p tgt=5.0ms dr=107.1/s tp=10.006Mbps eBPF=YES:127 [static_fqcodel]
[exp 11:03:48] bl=17p tgt=5.0ms dr=99.1/s tp=9.995Mbps eBPF=YES:127 [static_fqcodel]
[exp 11:03:54] bl=16p tgt=5.0ms dr=93.2/s tp=9.999Mbps eBPF=YES:127 [static_fqcodel]
[exp 11:04:00] bl=14p tgt=5.0ms dr=104.2/s tp=10.003Mbps eBPF=YES:127 [static_fqcodel]
[exp 11:04:06] bl=13p tgt=5.0ms dr=106.6/s tp=9.999Mbps eBPF=YES:127 [static_fqcodel]
[exp 11:04:13] bl=15p tgt=5.0ms dr=104.5/s tp=9.999Mbps eBPF=YES:127 [static_fqcodel]
[exp 11:04:19] bl=17p tgt=5.0ms dr=94.1/s tp=10.002Mbps eBPF=YES:127 [static_fqcodel]
[exp 11:04:25] bl=12p tgt=5.0ms dr=98.1/s tp=9.996Mbps eBPF=YES:127 [static_fqcodel]
[exp 11:04:31] bl=13p tgt=5.0ms dr=106.1/s tp=10.004Mbps eBPF=YES:127 [static_fqcodel]
[exp 11:04:37] bl=18p tgt=5.0ms dr=95.1/s tp=10.007Mbps eBPF=YES:127 [static_fqcodel]
[exp 11:04:43] bl=19p tgt=5.0ms dr=100.2/s tp=10.003Mbps eBPF=YES:127 [static_fqcodel]
[exp 11:04:49] bl=15p tgt=5.0ms dr=99.0/s tp=9.998Mbps eBPF=YES:127 [static_fqcodel]
[exp 11:04:55] bl=15p tgt=5.0ms dr=105.7/s tp=9.997Mbps eBPF=YES:127 [static_fqcodel]
[exp 11:05:01] bl=16p tgt=5.0ms dr=92.1/s tp=10.001Mbps eBPF=YES:127 [static_fqcodel]
[exp 11:05:07] bl=12p tgt=5.0ms dr=99.1/s tp=9.999Mbps eBPF=YES:127 [static_fqcodel]
[exp 11:05:13] bl=20p tgt=5.0ms dr=92.7/s tp=10.004Mbps eBPF=YES:127 [static_fqcodel]
[exp 11:05:19] bl=14p tgt=5.0ms dr=94.6/s tp=10.0Mbps eBPF=YES:127 [static_fqcodel]
[exp 11:05:25] bl=16p tgt=5.0ms dr=97.7/s tp=10.001Mbps eBPF=YES:127 [static_fqcodel]
[exp 11:05:31] bl=17p tgt=5.0ms dr=90.7/s tp=9.996Mbps eBPF=YES:127 [static_fqcodel]
[exp 11:05:37] bl=16p tgt=5.0ms dr=103.6/s tp=10.003Mbps eBPF=YES:127 [static_fqcodel]
[exp 11:05:43] bl=12p tgt=5.0ms dr=88.2/s tp=9.996Mbps eBPF=YES:127 [static_fqcodel]
[exp 11:05:49] bl=15p tgt=5.0ms dr=103.1/s tp=10.0Mbps eBPF=YES:127 [static_fqcodel]
[exp 11:05:55] bl=12p tgt=5.0ms dr=96.6/s tp=9.998Mbps eBPF=YES:127 [static_fqcodel]
[exp 11:06:01] bl=18p tgt=5.0ms dr=98.6/s tp=10.0Mbps eBPF=YES:127 [static_fqcodel]
[exp 11:06:07] bl=18p tgt=5.0ms dr=96.2/s tp=10.001Mbps eBPF=YES:127 [static_fqcodel]
[exp 11:06:13] bl=17p tgt=5.0ms dr=95.2/s tp=10.0Mbps eBPF=YES:127 [static_fqcodel]
[exp 11:06:19] bl=15p tgt=5.0ms dr=102.6/s tp=10.004Mbps eBPF=YES:127 [static_fqcodel]
[exp 11:06:25] bl=16p tgt=5.0ms dr=99.1/s tp=9.998Mbps eBPF=YES:127 [static_fqcodel]
[exp 11:06:31] bl=14p tgt=5.0ms dr=93.6/s tp=10.001Mbps eBPF=YES:127 [static_fqcodel]
[exp 11:25:44] ns=ns_router iface=veth_rs ctrl=static_fqcodel
[exp 11:25:44] http://localhost:9101/metrics
[exp 11:25:44] bl=0p tgt=5.0ms dr=0.0/s tp=0.056Mbps eBPF=YES:134 [static_fqcodel]
[exp 11:25:50] bl=19p tgt=5.0ms dr=79.3/s tp=5.282Mbps eBPF=YES:134 [static_fqcodel]
[exp 11:25:56] bl=14p tgt=5.0ms dr=95.8/s tp=9.998Mbps eBPF=YES:134 [static_fqcodel]
[exp 11:26:02] bl=16p tgt=5.0ms dr=100.2/s tp=9.999Mbps eBPF=YES:134 [static_fqcodel]
[exp 11:26:08] bl=15p tgt=5.0ms dr=95.5/s tp=9.999Mbps eBPF=YES:134 [static_fqcodel]
[exp 11:26:14] bl=0p tgt=5.0ms dr=98.9/s tp=9.995Mbps eBPF=YES:134 [static_fqcodel]
[exp 11:26:20] bl=14p tgt=5.0ms dr=100.2/s tp=10.004Mbps eBPF=YES:134 [static_fqcodel]
[exp 11:26:26] bl=14p tgt=5.0ms dr=96.7/s tp=10.0Mbps eBPF=YES:134 [static_fqcodel]
[exp 11:26:32] bl=17p tgt=5.0ms dr=95.5/s tp=10.004Mbps eBPF=YES:134 [static_fqcodel]
[exp 11:26:38] bl=12p tgt=5.0ms dr=108.9/s tp=9.996Mbps eBPF=YES:134 [static_fqcodel]
[exp 11:26:44] bl=15p tgt=5.0ms dr=101.9/s tp=10.002Mbps eBPF=YES:134 [static_fqcodel]
[exp 11:26:50] bl=15p tgt=5.0ms dr=101.0/s tp=10.002Mbps eBPF=YES:134 [static_fqcodel]
[exp 11:26:56] bl=14p tgt=5.0ms dr=96.5/s tp=9.997Mbps eBPF=YES:134 [static_fqcodel]
[exp 11:27:02] bl=17p tgt=5.0ms dr=102.0/s tp=10.001Mbps eBPF=YES:134 [static_fqcodel]
[exp 11:27:08] bl=0p tgt=5.0ms dr=94.0/s tp=9.993Mbps eBPF=YES:134 [static_fqcodel]
[exp 11:27:14] bl=12p tgt=5.0ms dr=108.3/s tp=9.998Mbps eBPF=YES:134 [static_fqcodel]
[exp 11:27:20] bl=17p tgt=5.0ms dr=110.4/s tp=9.996Mbps eBPF=YES:134 [static_fqcodel]
[exp 11:27:26] bl=14p tgt=5.0ms dr=100.7/s tp=9.999Mbps eBPF=YES:134 [static_fqcodel]
[exp 11:27:32] bl=18p tgt=5.0ms dr=98.4/s tp=10.001Mbps eBPF=YES:134 [static_fqcodel]
[exp 11:27:39] bl=14p tgt=5.0ms dr=100.9/s tp=10.002Mbps eBPF=YES:134 [static_fqcodel]
[exp 11:27:45] bl=0p tgt=5.0ms dr=91.0/s tp=10.005Mbps eBPF=YES:134 [static_fqcodel]
[exp 11:27:51] bl=11p tgt=5.0ms dr=99.3/s tp=9.999Mbps eBPF=YES:134 [static_fqcodel]
[exp 11:27:57] bl=14p tgt=5.0ms dr=99.9/s tp=10.008Mbps eBPF=YES:134 [static_fqcodel]
[exp 11:28:03] bl=15p tgt=5.0ms dr=97.5/s tp=10.003Mbps eBPF=YES:134 [static_fqcodel]
[exp 11:28:09] bl=19p tgt=5.0ms dr=111.0/s tp=10.005Mbps eBPF=YES:134 [static_fqcodel]
[exp 11:28:15] bl=14p tgt=5.0ms dr=102.0/s tp=9.999Mbps eBPF=YES:134 [static_fqcodel]
[exp 11:28:21] bl=15p tgt=5.0ms dr=92.5/s tp=10.001Mbps eBPF=YES:134 [static_fqcodel]
[exp 11:28:27] bl=16p tgt=5.0ms dr=94.9/s tp=10.005Mbps eBPF=YES:134 [static_fqcodel]
[exp 11:28:33] bl=16p tgt=5.0ms dr=101.2/s tp=9.997Mbps eBPF=YES:134 [static_fqcodel]
[exp 11:28:39] bl=19p tgt=5.0ms dr=115.3/s tp=9.999Mbps eBPF=YES:134 [static_fqcodel]
[exp 11:28:45] bl=12p tgt=5.0ms dr=103.3/s tp=10.002Mbps eBPF=YES:134 [static_fqcodel]
[exp 11:28:51] bl=17p tgt=5.0ms dr=102.9/s tp=9.996Mbps eBPF=YES:134 [static_fqcodel]
[exp 11:28:57] bl=14p tgt=5.0ms dr=100.4/s tp=10.004Mbps eBPF=YES:134 [static_fqcodel]
[exp 11:29:03] bl=18p tgt=5.0ms dr=104.3/s tp=10.002Mbps eBPF=YES:134 [static_fqcodel]
[exp 11:29:09] bl=18p tgt=5.0ms dr=97.9/s tp=9.999Mbps eBPF=YES:134 [static_fqcodel]
[exp 11:29:15] bl=16p tgt=5.0ms dr=110.4/s tp=9.996Mbps eBPF=YES:134 [static_fqcodel]
[exp 11:29:21] bl=17p tgt=5.0ms dr=101.4/s tp=10.002Mbps eBPF=YES:134 [static_fqcodel]
[exp 11:29:27] bl=14p tgt=5.0ms dr=93.9/s tp=10.006Mbps eBPF=YES:134 [static_fqcodel]
[exp 11:29:33] bl=18p tgt=5.0ms dr=99.5/s tp=10.006Mbps eBPF=YES:134 [static_fqcodel]
[exp 11:29:39] bl=14p tgt=5.0ms dr=96.4/s tp=10.001Mbps eBPF=YES:134 [static_fqcodel]
[exp 11:29:45] bl=14p tgt=5.0ms dr=99.4/s tp=10.002Mbps eBPF=YES:134 [static_fqcodel]
[exp 11:29:51] bl=12p tgt=5.0ms dr=91.5/s tp=10.006Mbps eBPF=YES:134 [static_fqcodel]
[exp 11:29:57] bl=16p tgt=5.0ms dr=104.3/s tp=9.996Mbps eBPF=YES:134 [static_fqcodel]
[exp 11:30:03] bl=18p tgt=5.0ms dr=92.5/s tp=10.003Mbps eBPF=YES:134 [static_fqcodel]
[exp 11:30:09] bl=15p tgt=5.0ms dr=104.4/s tp=9.998Mbps eBPF=YES:134 [static_fqcodel]
[exp 11:30:15] bl=14p tgt=5.0ms dr=98.9/s tp=9.999Mbps eBPF=YES:134 [static_fqcodel]
[exp 11:30:21] bl=18p tgt=5.0ms dr=98.9/s tp=10.002Mbps eBPF=YES:134 [static_fqcodel]
[exp 11:30:27] bl=15p tgt=5.0ms dr=92.4/s tp=9.998Mbps eBPF=YES:134 [static_fqcodel]
[exp 11:30:33] bl=10p tgt=5.0ms dr=96.9/s tp=10.005Mbps eBPF=YES:134 [static_fqcodel]
[exp 11:30:40] bl=16p tgt=5.0ms dr=92.0/s tp=10.011Mbps eBPF=YES:134 [static_fqcodel]
[exp 11:30:46] bl=16p tgt=5.0ms dr=101.4/s tp=10.004Mbps eBPF=YES:134 [static_fqcodel]
[exp 11:30:52] bl=14p tgt=5.0ms dr=102.9/s tp=9.997Mbps eBPF=YES:134 [static_fqcodel]
[exp 11:30:58] bl=13p tgt=5.0ms dr=100.3/s tp=9.998Mbps eBPF=YES:134 [static_fqcodel]
[exp 11:31:04] bl=18p tgt=5.0ms dr=97.6/s tp=10.0Mbps eBPF=YES:134 [static_fqcodel]
[exp 11:31:10] bl=14p tgt=5.0ms dr=98.1/s tp=10.005Mbps eBPF=YES:134 [static_fqcodel]
[exp 11:31:16] bl=12p tgt=5.0ms dr=103.8/s tp=9.997Mbps eBPF=YES:134 [static_fqcodel]
[exp 11:31:22] bl=16p tgt=5.0ms dr=98.9/s tp=10.004Mbps eBPF=YES:134 [static_fqcodel]
[exp 11:31:28] bl=12p tgt=5.0ms dr=101.9/s tp=10.002Mbps eBPF=YES:134 [static_fqcodel]
[exp 11:31:34] bl=13p tgt=5.0ms dr=97.5/s tp=10.0Mbps eBPF=YES:134 [static_fqcodel]
[exp 11:31:40] bl=17p tgt=5.0ms dr=97.7/s tp=10.0Mbps eBPF=YES:134 [static_fqcodel]
[exp 11:31:46] bl=13p tgt=5.0ms dr=93.2/s tp=10.0Mbps eBPF=YES:134 [static_fqcodel]
[exp 11:31:52] bl=13p tgt=5.0ms dr=95.0/s tp=10.005Mbps eBPF=YES:134 [static_fqcodel]
[exp 11:31:58] bl=15p tgt=5.0ms dr=101.0/s tp=10.0Mbps eBPF=YES:134 [static_fqcodel]
[exp 11:32:04] bl=16p tgt=5.0ms dr=95.4/s tp=9.993Mbps eBPF=YES:134 [static_fqcodel]
[exp 11:32:10] bl=17p tgt=5.0ms dr=102.0/s tp=10.001Mbps eBPF=YES:134 [static_fqcodel]
[exp 11:32:16] bl=13p tgt=5.0ms dr=96.5/s tp=9.999Mbps eBPF=YES:134 [static_fqcodel]
[exp 11:32:22] bl=12p tgt=5.0ms dr=97.9/s tp=10.002Mbps eBPF=YES:134 [static_fqcodel]
[exp 11:32:28] bl=14p tgt=5.0ms dr=99.3/s tp=10.0Mbps eBPF=YES:134 [static_fqcodel]
[exp 11:32:34] bl=15p tgt=5.0ms dr=104.5/s tp=10.0Mbps eBPF=YES:134 [static_fqcodel]
[exp 11:32:40] bl=14p tgt=5.0ms dr=99.4/s tp=10.005Mbps eBPF=YES:134 [static_fqcodel]
[exp 11:32:46] bl=14p tgt=5.0ms dr=90.3/s tp=9.992Mbps eBPF=YES:134 [static_fqcodel]
[exp 11:32:52] bl=19p tgt=5.0ms dr=97.9/s tp=10.006Mbps eBPF=YES:134 [static_fqcodel]
[exp 11:32:58] bl=9p tgt=5.0ms dr=100.2/s tp=10.001Mbps eBPF=YES:134 [static_fqcodel]
[exp 11:33:04] bl=15p tgt=5.0ms dr=106.5/s tp=9.997Mbps eBPF=YES:134 [static_fqcodel]
[exp 11:33:10] bl=16p tgt=5.0ms dr=96.7/s tp=10.001Mbps eBPF=YES:134 [static_fqcodel]
[exp 11:33:16] bl=18p tgt=5.0ms dr=102.8/s tp=10.0Mbps eBPF=YES:134 [static_fqcodel]
[exp 11:33:22] bl=14p tgt=5.0ms dr=103.8/s tp=10.001Mbps eBPF=YES:134 [static_fqcodel]
[exp 11:33:28] bl=0p tgt=5.0ms dr=99.0/s tp=10.003Mbps eBPF=YES:134 [static_fqcodel]
[exp 11:33:34] bl=0p tgt=5.0ms dr=102.8/s tp=9.999Mbps eBPF=YES:134 [static_fqcodel]
[exp 11:33:40] bl=17p tgt=5.0ms dr=91.1/s tp=10.003Mbps eBPF=YES:134 [static_fqcodel]
[exp 11:33:47] bl=18p tgt=5.0ms dr=100.2/s tp=10.002Mbps eBPF=YES:134 [static_fqcodel]
[exp 11:33:53] bl=15p tgt=5.0ms dr=101.0/s tp=10.001Mbps eBPF=YES:134 [static_fqcodel]
[exp 11:33:59] bl=14p tgt=5.0ms dr=101.7/s tp=9.997Mbps eBPF=YES:134 [static_fqcodel]
[exp 11:34:05] bl=15p tgt=5.0ms dr=96.4/s tp=10.004Mbps eBPF=YES:134 [static_fqcodel]
[exp 11:34:11] bl=0p tgt=5.0ms dr=98.9/s tp=10.0Mbps eBPF=YES:134 [static_fqcodel]
[exp 11:34:17] bl=17p tgt=5.0ms dr=103.5/s tp=9.999Mbps eBPF=YES:134 [static_fqcodel]
[exp 11:34:23] bl=12p tgt=5.0ms dr=101.7/s tp=10.001Mbps eBPF=YES:134 [static_fqcodel]
[exp 11:34:29] bl=11p tgt=5.0ms dr=102.5/s tp=9.999Mbps eBPF=YES:134 [static_fqcodel]
[exp 11:34:35] bl=10p tgt=5.0ms dr=101.0/s tp=9.999Mbps eBPF=YES:134 [static_fqcodel]
[exp 11:34:41] bl=16p tgt=5.0ms dr=100.4/s tp=10.003Mbps eBPF=YES:134 [static_fqcodel]
[exp 11:34:47] bl=14p tgt=5.0ms dr=100.6/s tp=10.004Mbps eBPF=YES:134 [static_fqcodel]
[exp 11:34:53] bl=13p tgt=5.0ms dr=91.2/s tp=9.993Mbps eBPF=YES:134 [static_fqcodel]
[exp 11:34:59] bl=17p tgt=5.0ms dr=101.1/s tp=10.0Mbps eBPF=YES:134 [static_fqcodel]
[exp 11:35:05] bl=17p tgt=5.0ms dr=89.9/s tp=9.998Mbps eBPF=YES:134 [static_fqcodel]
[exp 11:35:11] bl=16p tgt=5.0ms dr=97.2/s tp=10.001Mbps eBPF=YES:134 [static_fqcodel]
[exp 11:35:17] bl=10p tgt=5.0ms dr=97.5/s tp=9.999Mbps eBPF=YES:134 [static_fqcodel]
[exp 11:35:23] bl=13p tgt=5.0ms dr=107.0/s tp=9.997Mbps eBPF=YES:134 [static_fqcodel]
[exp 11:35:29] bl=16p tgt=5.0ms dr=95.4/s tp=9.996Mbps eBPF=YES:134 [static_fqcodel]
[exp 11:35:35] bl=13p tgt=5.0ms dr=93.1/s tp=10.0Mbps eBPF=YES:134 [static_fqcodel]
[exp 11:35:41] bl=16p tgt=5.0ms dr=104.4/s tp=10.011Mbps eBPF=YES:134 [static_fqcodel]
[exp 11:35:47] bl=18p tgt=5.0ms dr=90.0/s tp=9.999Mbps eBPF=YES:134 [static_fqcodel]
[exp 11:35:53] bl=18p tgt=5.0ms dr=96.5/s tp=10.004Mbps eBPF=YES:134 [static_fqcodel]
[exp 11:35:59] bl=17p tgt=5.0ms dr=107.2/s tp=10.005Mbps eBPF=YES:134 [static_fqcodel]
[exp 11:36:05] bl=11p tgt=5.0ms dr=105.9/s tp=9.998Mbps eBPF=YES:134 [static_fqcodel]
[exp 11:36:11] bl=15p tgt=5.0ms dr=101.4/s tp=10.0Mbps eBPF=YES:134 [static_fqcodel]
[exp 11:36:17] bl=15p tgt=5.0ms dr=96.5/s tp=9.999Mbps eBPF=YES:134 [static_fqcodel]
[exp 11:36:23] bl=11p tgt=5.0ms dr=102.4/s tp=10.004Mbps eBPF=YES:134 [static_fqcodel]
[exp 11:36:29] bl=15p tgt=5.0ms dr=93.4/s tp=10.0Mbps eBPF=YES:134 [static_fqcodel]
[exp 11:36:35] bl=13p tgt=5.0ms dr=98.9/s tp=9.995Mbps eBPF=YES:134 [static_fqcodel]
[exp 11:36:41] bl=14p tgt=5.0ms dr=103.9/s tp=10.003Mbps eBPF=YES:134 [static_fqcodel]
[exp 11:36:47] bl=14p tgt=5.0ms dr=105.4/s tp=10.003Mbps eBPF=YES:134 [static_fqcodel]
[exp 11:36:54] bl=17p tgt=5.0ms dr=95.4/s tp=10.005Mbps eBPF=YES:134 [static_fqcodel]
[exp 11:37:00] bl=13p tgt=5.0ms dr=93.4/s tp=9.999Mbps eBPF=YES:134 [static_fqcodel]
[exp 11:37:06] bl=16p tgt=5.0ms dr=92.9/s tp=9.998Mbps eBPF=YES:134 [static_fqcodel]
[exp 11:37:12] bl=13p tgt=5.0ms dr=97.4/s tp=10.004Mbps eBPF=YES:134 [static_fqcodel]
[exp 11:37:18] bl=18p tgt=5.0ms dr=94.9/s tp=10.001Mbps eBPF=YES:134 [static_fqcodel]
[exp 11:37:24] bl=16p tgt=5.0ms dr=97.0/s tp=10.001Mbps eBPF=YES:134 [static_fqcodel]
[exp 11:37:30] bl=15p tgt=5.0ms dr=91.9/s tp=10.007Mbps eBPF=YES:134 [static_fqcodel]
[exp 11:37:36] bl=12p tgt=5.0ms dr=101.4/s tp=10.005Mbps eBPF=YES:134 [static_fqcodel]
[exp 11:37:42] bl=12p tgt=5.0ms dr=97.9/s tp=10.002Mbps eBPF=YES:134 [static_fqcodel]
[exp 11:37:48] bl=18p tgt=5.0ms dr=96.5/s tp=9.998Mbps eBPF=YES:134 [static_fqcodel]
[exp 11:37:54] bl=13p tgt=5.0ms dr=95.5/s tp=9.999Mbps eBPF=YES:134 [static_fqcodel]
[exp 11:38:00] bl=13p tgt=5.0ms dr=102.2/s tp=9.994Mbps eBPF=YES:134 [static_fqcodel]
[exp 11:38:06] bl=16p tgt=5.0ms dr=94.5/s tp=9.997Mbps eBPF=YES:134 [static_fqcodel]
[exp 11:38:12] bl=17p tgt=5.0ms dr=98.5/s tp=9.999Mbps eBPF=YES:134 [static_fqcodel]
[exp 11:38:18] bl=19p tgt=5.0ms dr=95.0/s tp=10.003Mbps eBPF=YES:134 [static_fqcodel]
[exp 11:38:24] bl=15p tgt=5.0ms dr=101.9/s tp=9.998Mbps eBPF=YES:134 [static_fqcodel]
[exp 11:38:30] bl=19p tgt=5.0ms dr=104.7/s tp=10.004Mbps eBPF=YES:134 [static_fqcodel]
[exp 11:38:36] bl=18p tgt=5.0ms dr=86.5/s tp=9.996Mbps eBPF=YES:134 [static_fqcodel]
[exp 11:38:42] bl=7p tgt=5.0ms dr=105.1/s tp=10.003Mbps eBPF=YES:134 [static_fqcodel]
[exp 11:38:48] bl=14p tgt=5.0ms dr=101.5/s tp=9.999Mbps eBPF=YES:134 [static_fqcodel]
[exp 11:38:54] bl=17p tgt=5.0ms dr=105.4/s tp=9.999Mbps eBPF=YES:134 [static_fqcodel]
[exp 11:39:00] bl=17p tgt=5.0ms dr=97.1/s tp=10.0Mbps eBPF=YES:134 [static_fqcodel]
[exp 11:39:06] bl=18p tgt=5.0ms dr=91.9/s tp=10.002Mbps eBPF=YES:134 [static_fqcodel]
[exp 11:39:12] bl=11p tgt=5.0ms dr=98.4/s tp=10.0Mbps eBPF=YES:134 [static_fqcodel]
[exp 11:39:18] bl=17p tgt=5.0ms dr=100.6/s tp=10.0Mbps eBPF=YES:134 [static_fqcodel]
[exp 11:39:24] bl=10p tgt=5.0ms dr=93.5/s tp=9.998Mbps eBPF=YES:134 [static_fqcodel]
[exp 11:39:30] bl=15p tgt=5.0ms dr=96.4/s tp=9.999Mbps eBPF=YES:134 [static_fqcodel]
[exp 11:39:36] bl=13p tgt=5.0ms dr=94.9/s tp=9.997Mbps eBPF=YES:134 [static_fqcodel]
[exp 11:39:42] bl=14p tgt=5.0ms dr=103.4/s tp=10.005Mbps eBPF=YES:134 [static_fqcodel]
[exp 11:39:48] bl=15p tgt=5.0ms dr=101.4/s tp=9.999Mbps eBPF=YES:134 [static_fqcodel]
[exp 11:39:55] bl=12p tgt=5.0ms dr=92.5/s tp=9.996Mbps eBPF=YES:134 [static_fqcodel]
[exp 11:40:01] bl=17p tgt=5.0ms dr=100.8/s tp=9.999Mbps eBPF=YES:134 [static_fqcodel]
[exp 11:40:07] bl=9p tgt=5.0ms dr=99.7/s tp=10.007Mbps eBPF=YES:134 [static_fqcodel]
[exp 11:40:13] bl=16p tgt=5.0ms dr=92.2/s tp=10.001Mbps eBPF=YES:134 [static_fqcodel]
[exp 11:40:19] bl=14p tgt=5.0ms dr=100.0/s tp=10.0Mbps eBPF=YES:134 [static_fqcodel]
[exp 11:40:25] bl=15p tgt=5.0ms dr=100.6/s tp=10.003Mbps eBPF=YES:134 [static_fqcodel]
[exp 11:40:31] bl=17p tgt=5.0ms dr=101.4/s tp=10.0Mbps eBPF=YES:134 [static_fqcodel]
[exp 11:40:37] bl=13p tgt=5.0ms dr=101.5/s tp=10.002Mbps eBPF=YES:134 [static_fqcodel]
[exp 11:40:43] bl=18p tgt=5.0ms dr=96.0/s tp=9.999Mbps eBPF=YES:134 [static_fqcodel]
[exp 11:40:49] bl=17p tgt=5.0ms dr=96.5/s tp=10.005Mbps eBPF=YES:134 [static_fqcodel]
[exp 11:40:55] bl=16p tgt=5.0ms dr=98.5/s tp=9.999Mbps eBPF=YES:134 [static_fqcodel]
[exp 11:41:01] bl=16p tgt=5.0ms dr=102.4/s tp=9.995Mbps eBPF=YES:134 [static_fqcodel]
[exp 11:41:07] bl=17p tgt=5.0ms dr=99.4/s tp=10.004Mbps eBPF=YES:134 [static_fqcodel]
[exp 11:41:13] bl=17p tgt=5.0ms dr=92.1/s tp=9.999Mbps eBPF=YES:134 [static_fqcodel]
[exp 11:41:19] bl=15p tgt=5.0ms dr=97.5/s tp=9.998Mbps eBPF=YES:134 [static_fqcodel]
[exp 11:41:25] bl=18p tgt=5.0ms dr=98.4/s tp=10.002Mbps eBPF=YES:134 [static_fqcodel]
[exp 11:41:31] bl=16p tgt=5.0ms dr=98.5/s tp=10.0Mbps eBPF=YES:134 [static_fqcodel]
[exp 11:41:37] bl=13p tgt=5.0ms dr=96.9/s tp=10.0Mbps eBPF=YES:134 [static_fqcodel]
[exp 11:41:43] bl=18p tgt=5.0ms dr=99.0/s tp=10.0Mbps eBPF=YES:134 [static_fqcodel]
[exp 11:41:49] bl=13p tgt=5.0ms dr=98.0/s tp=9.998Mbps eBPF=YES:134 [static_fqcodel]
[exp 11:41:55] bl=13p tgt=5.0ms dr=98.9/s tp=10.001Mbps eBPF=YES:134 [static_fqcodel]
[exp 11:42:01] bl=16p tgt=5.0ms dr=100.6/s tp=10.005Mbps eBPF=YES:134 [static_fqcodel]
[exp 11:42:07] bl=17p tgt=5.0ms dr=109.4/s tp=9.999Mbps eBPF=YES:134 [static_fqcodel]
[exp 11:42:13] bl=16p tgt=5.0ms dr=96.0/s tp=10.003Mbps eBPF=YES:134 [static_fqcodel]
[exp 11:42:19] bl=12p tgt=5.0ms dr=104.6/s tp=10.0Mbps eBPF=YES:134 [static_fqcodel]
[exp 11:42:25] bl=15p tgt=5.0ms dr=96.5/s tp=9.998Mbps eBPF=YES:134 [static_fqcodel]
[exp 11:42:31] bl=15p tgt=5.0ms dr=100.0/s tp=10.0Mbps eBPF=YES:134 [static_fqcodel]
[exp 11:42:37] bl=15p tgt=5.0ms dr=101.5/s tp=10.002Mbps eBPF=YES:134 [static_fqcodel]
[exp 11:42:43] bl=13p tgt=5.0ms dr=99.1/s tp=9.991Mbps eBPF=YES:134 [static_fqcodel]
[exp 11:42:49] bl=14p tgt=5.0ms dr=102.5/s tp=9.997Mbps eBPF=YES:134 [static_fqcodel]
[exp 11:42:55] bl=17p tgt=5.0ms dr=94.1/s tp=10.0Mbps eBPF=YES:134 [static_fqcodel]
[exp 11:43:01] bl=16p tgt=5.0ms dr=96.2/s tp=9.999Mbps eBPF=YES:134 [static_fqcodel]
[exp 11:43:07] bl=15p tgt=5.0ms dr=95.9/s tp=10.001Mbps eBPF=YES:134 [static_fqcodel]
[exp 11:43:14] bl=15p tgt=5.0ms dr=102.9/s tp=10.0Mbps eBPF=YES:134 [static_fqcodel]
[exp 11:43:20] bl=16p tgt=5.0ms dr=102.0/s tp=10.001Mbps eBPF=YES:134 [static_fqcodel]
[exp 11:43:26] bl=10p tgt=5.0ms dr=103.7/s tp=9.997Mbps eBPF=YES:134 [static_fqcodel]
[exp 11:43:32] bl=17p tgt=5.0ms dr=94.6/s tp=10.0Mbps eBPF=YES:134 [static_fqcodel]
[exp 11:43:38] bl=17p tgt=5.0ms dr=103.9/s tp=9.996Mbps eBPF=YES:134 [static_fqcodel]
[exp 11:43:44] bl=13p tgt=5.0ms dr=99.9/s tp=9.999Mbps eBPF=YES:134 [static_fqcodel]
[exp 11:43:50] bl=19p tgt=5.0ms dr=92.2/s tp=10.005Mbps eBPF=YES:134 [static_fqcodel]
[exp 11:43:56] bl=14p tgt=5.0ms dr=98.5/s tp=9.998Mbps eBPF=YES:134 [static_fqcodel]
[exp 11:44:02] bl=12p tgt=5.0ms dr=92.0/s tp=9.998Mbps eBPF=YES:134 [static_fqcodel]
[exp 11:44:08] bl=0p tgt=5.0ms dr=104.9/s tp=9.994Mbps eBPF=YES:134 [static_fqcodel]
[exp 11:44:14] bl=14p tgt=5.0ms dr=100.0/s tp=10.006Mbps eBPF=YES:134 [static_fqcodel]
[exp 11:44:20] bl=15p tgt=5.0ms dr=97.9/s tp=10.001Mbps eBPF=YES:134 [static_fqcodel]
[exp 11:44:26] bl=17p tgt=5.0ms dr=99.4/s tp=9.993Mbps eBPF=YES:134 [static_fqcodel]
[exp 11:44:32] bl=16p tgt=5.0ms dr=97.8/s tp=10.002Mbps eBPF=YES:134 [static_fqcodel]
[exp 11:44:38] bl=16p tgt=5.0ms dr=98.0/s tp=10.0Mbps eBPF=YES:134 [static_fqcodel]
[exp 11:44:44] bl=18p tgt=5.0ms dr=92.6/s tp=10.004Mbps eBPF=YES:134 [static_fqcodel]
[exp 11:44:50] bl=18p tgt=5.0ms dr=95.7/s tp=10.011Mbps eBPF=YES:134 [static_fqcodel]
[exp 11:44:56] bl=16p tgt=5.0ms dr=94.0/s tp=9.996Mbps eBPF=YES:134 [static_fqcodel]
[exp 11:45:02] bl=17p tgt=5.0ms dr=93.5/s tp=10.0Mbps eBPF=YES:134 [static_fqcodel]
[exp 11:45:08] bl=16p tgt=5.0ms dr=91.0/s tp=9.999Mbps eBPF=YES:134 [static_fqcodel]
[exp 11:45:14] bl=16p tgt=5.0ms dr=98.7/s tp=10.002Mbps eBPF=YES:134 [static_fqcodel]
[exp 11:45:20] bl=0p tgt=5.0ms dr=99.5/s tp=9.998Mbps eBPF=YES:134 [static_fqcodel]
[exp 11:45:26] bl=0p tgt=5.0ms dr=91.6/s tp=10.004Mbps eBPF=YES:134 [static_fqcodel]
[exp 11:45:32] bl=14p tgt=5.0ms dr=100.5/s tp=10.001Mbps eBPF=YES:134 [static_fqcodel]
[exp 11:45:38] bl=18p tgt=5.0ms dr=98.5/s tp=10.003Mbps eBPF=YES:134 [static_fqcodel]
[exp 11:45:44] bl=18p tgt=5.0ms dr=99.4/s tp=10.0Mbps eBPF=YES:134 [static_fqcodel]
[exp 11:45:50] bl=17p tgt=5.0ms dr=100.4/s tp=9.996Mbps eBPF=YES:134 [static_fqcodel]
[exp 11:45:56] bl=14p tgt=5.0ms dr=98.1/s tp=10.002Mbps eBPF=YES:134 [static_fqcodel]
[exp 11:46:02] bl=14p tgt=5.0ms dr=93.4/s tp=10.005Mbps eBPF=YES:134 [static_fqcodel]
[exp 11:46:08] bl=12p tgt=5.0ms dr=101.1/s tp=9.998Mbps eBPF=YES:134 [static_fqcodel]
[exp 11:46:14] bl=13p tgt=5.0ms dr=97.1/s tp=10.001Mbps eBPF=YES:134 [static_fqcodel]
[exp 11:46:21] bl=12p tgt=5.0ms dr=97.0/s tp=10.001Mbps eBPF=YES:134 [static_fqcodel]
[exp 11:46:27] bl=17p tgt=5.0ms dr=102.4/s tp=9.998Mbps eBPF=YES:134 [static_fqcodel]
[exp 11:46:33] bl=15p tgt=5.0ms dr=105.4/s tp=9.996Mbps eBPF=YES:134 [static_fqcodel]
[exp 11:46:39] bl=16p tgt=5.0ms dr=97.5/s tp=10.003Mbps eBPF=YES:134 [static_fqcodel]
[exp 11:46:45] bl=14p tgt=5.0ms dr=90.9/s tp=10.008Mbps eBPF=YES:134 [static_fqcodel]
[exp 11:46:51] bl=15p tgt=5.0ms dr=95.0/s tp=9.998Mbps eBPF=YES:134 [static_fqcodel]
[exp 11:46:57] bl=15p tgt=5.0ms dr=96.9/s tp=9.997Mbps eBPF=YES:134 [static_fqcodel]
[exp 11:47:03] bl=16p tgt=5.0ms dr=95.6/s tp=9.996Mbps eBPF=YES:134 [static_fqcodel]
[exp 11:47:09] bl=14p tgt=5.0ms dr=101.4/s tp=9.998Mbps eBPF=YES:134 [static_fqcodel]
[exp 11:47:15] bl=16p tgt=5.0ms dr=100.4/s tp=10.001Mbps eBPF=YES:134 [static_fqcodel]
[exp 11:47:21] bl=15p tgt=5.0ms dr=92.6/s tp=10.002Mbps eBPF=YES:134 [static_fqcodel]
[exp 11:47:27] bl=15p tgt=5.0ms dr=102.4/s tp=9.996Mbps eBPF=YES:134 [static_fqcodel]
[exp 11:47:33] bl=16p tgt=5.0ms dr=97.3/s tp=9.998Mbps eBPF=YES:134 [static_fqcodel]
[exp 11:47:39] bl=11p tgt=5.0ms dr=90.5/s tp=10.008Mbps eBPF=YES:134 [static_fqcodel]
[exp 11:47:45] bl=15p tgt=5.0ms dr=101.5/s tp=10.0Mbps eBPF=YES:134 [static_fqcodel]
[exp 11:47:51] bl=14p tgt=5.0ms dr=90.6/s tp=9.998Mbps eBPF=YES:134 [static_fqcodel]
[exp 11:47:57] bl=15p tgt=5.0ms dr=103.9/s tp=10.008Mbps eBPF=YES:134 [static_fqcodel]
[exp 11:48:03] bl=12p tgt=5.0ms dr=100.0/s tp=9.998Mbps eBPF=YES:134 [static_fqcodel]
[exp 11:48:09] bl=16p tgt=5.0ms dr=99.4/s tp=10.004Mbps eBPF=YES:134 [static_fqcodel]
[exp 11:48:15] bl=12p tgt=5.0ms dr=100.3/s tp=10.0Mbps eBPF=YES:134 [static_fqcodel]
[exp 11:48:21] bl=19p tgt=5.0ms dr=102.5/s tp=10.004Mbps eBPF=YES:134 [static_fqcodel]
[exp 11:48:27] bl=15p tgt=5.0ms dr=104.7/s tp=10.0Mbps eBPF=YES:134 [static_fqcodel]
[exp 11:48:33] bl=15p tgt=5.0ms dr=95.0/s tp=9.996Mbps eBPF=YES:134 [static_fqcodel]
[exp 11:48:39] bl=17p tgt=5.0ms dr=106.4/s tp=9.994Mbps eBPF=YES:134 [static_fqcodel]
[exp 11:48:45] bl=15p tgt=5.0ms dr=98.2/s tp=10.0Mbps eBPF=YES:134 [static_fqcodel]
[exp 11:48:51] bl=18p tgt=5.0ms dr=99.4/s tp=9.997Mbps eBPF=YES:134 [static_fqcodel]
[exp 11:48:57] bl=15p tgt=5.0ms dr=97.7/s tp=9.999Mbps eBPF=YES:134 [static_fqcodel]
[exp 11:49:03] bl=16p tgt=5.0ms dr=97.4/s tp=10.001Mbps eBPF=YES:134 [static_fqcodel]
[exp 11:49:09] bl=13p tgt=5.0ms dr=100.0/s tp=10.004Mbps eBPF=YES:134 [static_fqcodel]
[exp 11:49:15] bl=15p tgt=5.0ms dr=89.2/s tp=9.998Mbps eBPF=YES:134 [static_fqcodel]
[exp 11:49:21] bl=18p tgt=5.0ms dr=101.0/s tp=10.004Mbps eBPF=YES:134 [static_fqcodel]
[exp 11:49:27] bl=14p tgt=5.0ms dr=100.4/s tp=9.998Mbps eBPF=YES:134 [static_fqcodel]
[exp 11:49:34] bl=16p tgt=5.0ms dr=93.3/s tp=10.0Mbps eBPF=YES:134 [static_fqcodel]
[exp 11:49:40] bl=12p tgt=5.0ms dr=103.9/s tp=10.001Mbps eBPF=YES:134 [static_fqcodel]
[exp 11:49:46] bl=17p tgt=5.0ms dr=94.7/s tp=9.999Mbps eBPF=YES:134 [static_fqcodel]
[exp 11:49:52] bl=16p tgt=5.0ms dr=96.6/s tp=9.992Mbps eBPF=YES:134 [static_fqcodel]
[exp 11:49:58] bl=16p tgt=5.0ms dr=94.7/s tp=10.01Mbps eBPF=YES:134 [static_fqcodel]
[exp 11:50:04] bl=11p tgt=5.0ms dr=101.9/s tp=10.003Mbps eBPF=YES:134 [static_fqcodel]
[exp 11:50:10] bl=18p tgt=5.0ms dr=98.1/s tp=10.001Mbps eBPF=YES:134 [static_fqcodel]
[exp 11:50:16] bl=15p tgt=5.0ms dr=97.7/s tp=10.0Mbps eBPF=YES:134 [static_fqcodel]
[exp 11:50:22] bl=14p tgt=5.0ms dr=105.5/s tp=9.993Mbps eBPF=YES:134 [static_fqcodel]
[exp 11:50:28] bl=17p tgt=5.0ms dr=94.1/s tp=10.008Mbps eBPF=YES:134 [static_fqcodel]
[exp 11:50:34] bl=15p tgt=5.0ms dr=100.9/s tp=9.996Mbps eBPF=YES:134 [static_fqcodel]
[exp 11:50:40] bl=16p tgt=5.0ms dr=105.6/s tp=9.999Mbps eBPF=YES:134 [static_fqcodel]
[exp 11:50:46] bl=14p tgt=5.0ms dr=97.5/s tp=10.001Mbps eBPF=YES:134 [static_fqcodel]
[exp 11:50:52] bl=11p tgt=5.0ms dr=91.0/s tp=10.006Mbps eBPF=YES:134 [static_fqcodel]
[exp 11:50:58] bl=18p tgt=5.0ms dr=97.1/s tp=10.003Mbps eBPF=YES:134 [static_fqcodel]
[exp 11:51:04] bl=18p tgt=5.0ms dr=93.8/s tp=10.001Mbps eBPF=YES:134 [static_fqcodel]
[exp 11:51:10] bl=19p tgt=5.0ms dr=98.0/s tp=9.999Mbps eBPF=YES:134 [static_fqcodel]
[exp 11:51:16] bl=10p tgt=5.0ms dr=88.5/s tp=9.997Mbps eBPF=YES:134 [static_fqcodel]
[exp 11:51:22] bl=13p tgt=5.0ms dr=103.0/s tp=10.006Mbps eBPF=YES:134 [static_fqcodel]
[exp 11:51:28] bl=14p tgt=5.0ms dr=94.9/s tp=10.0Mbps eBPF=YES:134 [static_fqcodel]
[exp 11:51:34] bl=14p tgt=5.0ms dr=95.7/s tp=9.996Mbps eBPF=YES:134 [static_fqcodel]
[exp 11:51:40] bl=17p tgt=5.0ms dr=93.0/s tp=9.99Mbps eBPF=YES:134 [static_fqcodel]
[exp 11:51:46] bl=15p tgt=5.0ms dr=96.9/s tp=9.999Mbps eBPF=YES:134 [static_fqcodel]
[exp 11:51:52] bl=13p tgt=5.0ms dr=106.0/s tp=10.0Mbps eBPF=YES:134 [static_fqcodel]
[exp 11:51:58] bl=12p tgt=5.0ms dr=100.6/s tp=9.999Mbps eBPF=YES:134 [static_fqcodel]
[exp 11:52:04] bl=15p tgt=5.0ms dr=100.4/s tp=10.003Mbps eBPF=YES:134 [static_fqcodel]
[exp 11:52:10] bl=17p tgt=5.0ms dr=107.6/s tp=10.002Mbps eBPF=YES:134 [static_fqcodel]
[exp 11:52:16] bl=16p tgt=5.0ms dr=101.1/s tp=10.004Mbps eBPF=YES:134 [static_fqcodel]
[exp 11:52:22] bl=14p tgt=5.0ms dr=96.0/s tp=9.999Mbps eBPF=YES:134 [static_fqcodel]
[exp 11:52:28] bl=15p tgt=5.0ms dr=93.1/s tp=10.001Mbps eBPF=YES:134 [static_fqcodel]
[exp 11:52:34] bl=11p tgt=5.0ms dr=97.0/s tp=9.998Mbps eBPF=YES:134 [static_fqcodel]
[exp 11:52:40] bl=17p tgt=5.0ms dr=91.4/s tp=10.003Mbps eBPF=YES:134 [static_fqcodel]
[exp 11:52:47] bl=15p tgt=5.0ms dr=101.0/s tp=10.005Mbps eBPF=YES:134 [static_fqcodel]
[exp 11:52:53] bl=16p tgt=5.0ms dr=88.9/s tp=9.998Mbps eBPF=YES:134 [static_fqcodel]
[exp 11:52:59] bl=15p tgt=5.0ms dr=99.5/s tp=10.005Mbps eBPF=YES:134 [static_fqcodel]
[exp 11:53:05] bl=19p tgt=5.0ms dr=97.4/s tp=9.999Mbps eBPF=YES:134 [static_fqcodel]
[exp 11:53:11] bl=17p tgt=5.0ms dr=106.5/s tp=10.004Mbps eBPF=YES:134 [static_fqcodel]
[exp 11:53:17] bl=15p tgt=5.0ms dr=103.0/s tp=9.998Mbps eBPF=YES:134 [static_fqcodel]
[exp 11:53:23] bl=16p tgt=5.0ms dr=103.0/s tp=10.003Mbps eBPF=YES:134 [static_fqcodel]
[exp 11:53:29] bl=17p tgt=5.0ms dr=98.6/s tp=10.004Mbps eBPF=YES:134 [static_fqcodel]
[exp 11:53:35] bl=13p tgt=5.0ms dr=102.8/s tp=9.992Mbps eBPF=YES:134 [static_fqcodel]
[exp 11:53:41] bl=18p tgt=5.0ms dr=96.7/s tp=10.0Mbps eBPF=YES:134 [static_fqcodel]
[exp 11:53:47] bl=17p tgt=5.0ms dr=92.1/s tp=10.0Mbps eBPF=YES:134 [static_fqcodel]
[exp 11:53:53] bl=15p tgt=5.0ms dr=104.2/s tp=9.999Mbps eBPF=YES:134 [static_fqcodel]
[exp 11:53:59] bl=15p tgt=5.0ms dr=104.2/s tp=9.999Mbps eBPF=YES:134 [static_fqcodel]
[exp 11:54:05] bl=16p tgt=5.0ms dr=102.8/s tp=10.0Mbps eBPF=YES:134 [static_fqcodel]
[exp 11:54:11] bl=19p tgt=5.0ms dr=96.2/s tp=9.996Mbps eBPF=YES:134 [static_fqcodel]
[exp 12:02:23] ns=ns_router iface=veth_rs ctrl=static_fqcodel
[exp 12:02:23] http://localhost:9101/metrics
[exp 12:02:23] bl=0p tgt=5.0ms dr=0.0/s tp=0.062Mbps eBPF=YES:142 [static_fqcodel]
[exp 12:02:29] bl=0p tgt=5.0ms dr=0.0/s tp=0.0Mbps eBPF=YES:142 [static_fqcodel]
[exp 12:02:35] bl=17p tgt=5.0ms dr=92.7/s tp=9.992Mbps eBPF=YES:142 [static_fqcodel]
[exp 12:02:41] bl=14p tgt=5.0ms dr=104.2/s tp=9.998Mbps eBPF=YES:142 [static_fqcodel]
[exp 12:02:47] bl=14p tgt=5.0ms dr=98.2/s tp=9.999Mbps eBPF=YES:142 [static_fqcodel]
[exp 12:02:53] bl=12p tgt=5.0ms dr=95.0/s tp=9.993Mbps eBPF=YES:142 [static_fqcodel]
[exp 12:02:59] bl=17p tgt=5.0ms dr=97.6/s tp=10.002Mbps eBPF=YES:142 [static_fqcodel]
[exp 12:03:05] bl=0p tgt=5.0ms dr=100.3/s tp=9.998Mbps eBPF=YES:142 [static_fqcodel]
[exp 12:03:11] bl=9p tgt=5.0ms dr=101.0/s tp=9.999Mbps eBPF=YES:142 [static_fqcodel]
[exp 12:03:17] bl=17p tgt=5.0ms dr=107.1/s tp=10.001Mbps eBPF=YES:142 [static_fqcodel]
[exp 12:03:23] bl=16p tgt=5.0ms dr=100.4/s tp=10.005Mbps eBPF=YES:142 [static_fqcodel]
[exp 12:03:29] bl=16p tgt=5.0ms dr=95.0/s tp=10.002Mbps eBPF=YES:142 [static_fqcodel]
[exp 12:03:35] bl=14p tgt=5.0ms dr=94.0/s tp=9.998Mbps eBPF=YES:142 [static_fqcodel]
[exp 12:03:41] bl=16p tgt=5.0ms dr=98.2/s tp=10.0Mbps eBPF=YES:142 [static_fqcodel]
[exp 12:03:47] bl=13p tgt=5.0ms dr=96.9/s tp=9.999Mbps eBPF=YES:142 [static_fqcodel]
[exp 12:03:53] bl=20p tgt=5.0ms dr=86.6/s tp=10.003Mbps eBPF=YES:142 [static_fqcodel]
[exp 12:03:59] bl=15p tgt=5.0ms dr=94.5/s tp=10.007Mbps eBPF=YES:142 [static_fqcodel]
[exp 12:04:05] bl=12p tgt=5.0ms dr=98.4/s tp=10.004Mbps eBPF=YES:142 [static_fqcodel]
[exp 12:09:49] ns=ns_router iface=veth_rs ctrl=static_fqcodel
[exp 12:09:49] http://localhost:9101/metrics
[exp 12:09:49] bl=0p tgt=5.0ms dr=0.0/s tp=0.062Mbps eBPF=YES:152 [static_fqcodel]
[exp 12:09:55] bl=0p tgt=5.0ms dr=0.0/s tp=0.0Mbps eBPF=YES:152 [static_fqcodel]
[exp 12:10:01] bl=11p tgt=5.0ms dr=99.9/s tp=9.991Mbps eBPF=YES:152 [static_fqcodel]
[exp 12:10:07] bl=0p tgt=5.0ms dr=96.7/s tp=10.003Mbps eBPF=YES:152 [static_fqcodel]
[exp 12:10:13] bl=14p tgt=5.0ms dr=97.2/s tp=9.997Mbps eBPF=YES:152 [static_fqcodel]
[exp 12:10:19] bl=14p tgt=5.0ms dr=89.2/s tp=9.999Mbps eBPF=YES:152 [static_fqcodel]
[exp 12:10:25] bl=11p tgt=5.0ms dr=98.6/s tp=10.004Mbps eBPF=YES:152 [static_fqcodel]
[exp 12:10:31] bl=14p tgt=5.0ms dr=100.8/s tp=9.994Mbps eBPF=YES:152 [static_fqcodel]
[exp 12:10:37] bl=11p tgt=5.0ms dr=100.5/s tp=10.002Mbps eBPF=YES:152 [static_fqcodel]
[exp 12:10:43] bl=17p tgt=5.0ms dr=91.6/s tp=10.0Mbps eBPF=YES:152 [static_fqcodel]
[exp 12:10:49] bl=14p tgt=5.0ms dr=96.2/s tp=10.0Mbps eBPF=YES:152 [static_fqcodel]
[exp 12:10:55] bl=14p tgt=5.0ms dr=104.7/s tp=10.004Mbps eBPF=YES:152 [static_fqcodel]
[exp 12:11:01] bl=9p tgt=5.0ms dr=100.7/s tp=10.002Mbps eBPF=YES:152 [static_fqcodel]
[exp 12:11:08] bl=14p tgt=5.0ms dr=98.9/s tp=10.003Mbps eBPF=YES:152 [static_fqcodel]
[exp 12:11:14] bl=17p tgt=5.0ms dr=90.7/s tp=9.996Mbps eBPF=YES:152 [static_fqcodel]
[exp 12:11:20] bl=11p tgt=5.0ms dr=98.7/s tp=10.0Mbps eBPF=YES:152 [static_fqcodel]
[exp 12:11:26] bl=16p tgt=5.0ms dr=92.2/s tp=9.997Mbps eBPF=YES:152 [static_fqcodel]
[exp 12:11:32] bl=20p tgt=5.0ms dr=91.2/s tp=10.0Mbps eBPF=YES:152 [static_fqcodel]
[exp 12:11:38] bl=16p tgt=5.0ms dr=98.5/s tp=9.998Mbps eBPF=YES:152 [static_fqcodel]
[exp 12:11:44] bl=15p tgt=5.0ms dr=99.1/s tp=9.993Mbps eBPF=YES:152 [static_fqcodel]
[exp 12:11:50] bl=17p tgt=5.0ms dr=92.7/s tp=10.0Mbps eBPF=YES:152 [static_fqcodel]
[exp 12:11:56] bl=15p tgt=5.0ms dr=103.9/s tp=10.005Mbps eBPF=YES:152 [static_fqcodel]
[exp 12:12:02] bl=12p tgt=5.0ms dr=98.8/s tp=9.993Mbps eBPF=YES:152 [static_fqcodel]
[exp 12:12:08] bl=16p tgt=5.0ms dr=98.1/s tp=9.995Mbps eBPF=YES:152 [static_fqcodel]
[exp 12:12:14] bl=14p tgt=5.0ms dr=97.7/s tp=9.998Mbps eBPF=YES:152 [static_fqcodel]
[exp 12:12:20] bl=18p tgt=5.0ms dr=99.7/s tp=10.004Mbps eBPF=YES:152 [static_fqcodel]
[exp 12:12:26] bl=12p tgt=5.0ms dr=95.7/s tp=9.999Mbps eBPF=YES:152 [static_fqcodel]
[exp 12:12:32] bl=13p tgt=5.0ms dr=93.7/s tp=10.0Mbps eBPF=YES:152 [static_fqcodel]
[exp 12:12:38] bl=18p tgt=5.0ms dr=102.0/s tp=10.001Mbps eBPF=YES:152 [static_fqcodel]
[exp 12:12:44] bl=16p tgt=5.0ms dr=102.4/s tp=10.002Mbps eBPF=YES:152 [static_fqcodel]
[exp 12:12:50] bl=18p tgt=5.0ms dr=98.9/s tp=9.996Mbps eBPF=YES:152 [static_fqcodel]
[exp 12:12:56] bl=11p tgt=5.0ms dr=97.2/s tp=10.006Mbps eBPF=YES:152 [static_fqcodel]
[exp 12:13:02] bl=0p tgt=5.0ms dr=0.0/s tp=0.0Mbps eBPF=YES:152 [static_fqcodel]
[exp 12:13:08] bl=0p tgt=5.0ms dr=0.0/s tp=0.0Mbps eBPF=YES:152 [static_fqcodel]
[exp 12:13:14] bl=0p tgt=5.0ms dr=0.0/s tp=0.0Mbps eBPF=YES:152 [static_fqcodel]
[exp 12:13:20] bl=0p tgt=5.0ms dr=0.0/s tp=0.0Mbps eBPF=YES:152 [static_fqcodel]
[exp 12:13:36] ns=ns_router iface=veth_rs ctrl=static_fqcodel
[exp 12:13:36] http://localhost:9101/metrics
[exp 12:13:36] bl=0p tgt=5.0ms dr=0.0/s tp=0.062Mbps eBPF=YES:157 [static_fqcodel]
[exp 12:13:42] bl=0p tgt=5.0ms dr=0.0/s tp=0.0Mbps eBPF=YES:157 [static_fqcodel]
[exp 12:13:48] bl=13p tgt=5.0ms dr=98.1/s tp=10.001Mbps eBPF=YES:157 [static_fqcodel]
[exp 12:13:54] bl=17p tgt=5.0ms dr=93.5/s tp=9.996Mbps eBPF=YES:157 [static_fqcodel]
[exp 12:14:00] bl=11p tgt=5.0ms dr=89.2/s tp=10.005Mbps eBPF=YES:157 [static_fqcodel]
[exp 12:14:06] bl=17p tgt=5.0ms dr=94.7/s tp=9.996Mbps eBPF=YES:157 [static_fqcodel]
[exp 12:14:12] bl=14p tgt=5.0ms dr=100.0/s tp=9.993Mbps eBPF=YES:157 [static_fqcodel]
[exp 12:14:18] bl=16p tgt=5.0ms dr=97.5/s tp=10.001Mbps eBPF=YES:157 [static_fqcodel]
[exp 12:14:24] bl=14p tgt=5.0ms dr=101.6/s tp=9.997Mbps eBPF=YES:157 [static_fqcodel]
[exp 12:14:31] bl=16p tgt=5.0ms dr=96.5/s tp=10.003Mbps eBPF=YES:157 [static_fqcodel]
[exp 12:14:37] bl=0p tgt=5.0ms dr=89.6/s tp=10.001Mbps eBPF=YES:157 [static_fqcodel]
[exp 12:14:43] bl=20p tgt=5.0ms dr=90.2/s tp=9.998Mbps eBPF=YES:157 [static_fqcodel]
[exp 12:14:49] bl=15p tgt=5.0ms dr=97.0/s tp=9.999Mbps eBPF=YES:157 [static_fqcodel]
[exp 12:14:55] bl=14p tgt=5.0ms dr=104.4/s tp=9.993Mbps eBPF=YES:157 [static_fqcodel]
[exp 12:15:01] bl=11p tgt=5.0ms dr=100.6/s tp=9.994Mbps eBPF=YES:157 [static_fqcodel]
[exp 12:15:07] bl=17p tgt=5.0ms dr=101.6/s tp=9.995Mbps eBPF=YES:157 [static_fqcodel]
[exp 12:15:13] bl=12p tgt=5.0ms dr=105.6/s tp=10.004Mbps eBPF=YES:157 [static_fqcodel]
[exp 12:15:19] bl=18p tgt=5.0ms dr=98.1/s tp=9.991Mbps eBPF=YES:157 [static_fqcodel]
[exp 12:15:25] bl=18p tgt=5.0ms dr=98.1/s tp=10.002Mbps eBPF=YES:157 [static_fqcodel]
[exp 12:15:31] bl=18p tgt=5.0ms dr=96.5/s tp=9.996Mbps eBPF=YES:157 [static_fqcodel]
[exp 12:15:37] bl=18p tgt=5.0ms dr=100.5/s tp=9.994Mbps eBPF=YES:157 [static_fqcodel]
[exp 12:15:43] bl=15p tgt=5.0ms dr=106.0/s tp=10.007Mbps eBPF=YES:157 [static_fqcodel]
[exp 12:15:49] bl=17p tgt=5.0ms dr=96.9/s tp=10.001Mbps eBPF=YES:157 [static_fqcodel]
[exp 12:15:55] bl=15p tgt=5.0ms dr=91.1/s tp=10.004Mbps eBPF=YES:157 [static_fqcodel]
[exp 12:16:01] bl=16p tgt=5.0ms dr=102.0/s tp=9.997Mbps eBPF=YES:157 [static_fqcodel]
[exp 12:16:07] bl=18p tgt=5.0ms dr=99.0/s tp=9.99Mbps eBPF=YES:157 [static_fqcodel]
[exp 12:16:13] bl=16p tgt=5.0ms dr=96.7/s tp=9.999Mbps eBPF=YES:157 [static_fqcodel]
[exp 12:16:19] bl=14p tgt=5.0ms dr=100.2/s tp=10.0Mbps eBPF=YES:157 [static_fqcodel]
[exp 12:16:25] bl=15p tgt=5.0ms dr=97.6/s tp=9.998Mbps eBPF=YES:157 [static_fqcodel]
[exp 12:16:31] bl=12p tgt=5.0ms dr=109.0/s tp=10.004Mbps eBPF=YES:157 [static_fqcodel]
[exp 12:16:37] bl=14p tgt=5.0ms dr=104.6/s tp=9.998Mbps eBPF=YES:157 [static_fqcodel]
[exp 12:16:43] bl=19p tgt=5.0ms dr=99.1/s tp=9.999Mbps eBPF=YES:157 [static_fqcodel]
[exp 12:16:49] bl=13p tgt=5.0ms dr=95.7/s tp=10.0Mbps eBPF=YES:157 [static_fqcodel]
[exp 12:16:55] bl=14p tgt=5.0ms dr=102.8/s tp=10.0Mbps eBPF=YES:157 [static_fqcodel]
[exp 12:17:01] bl=13p tgt=5.0ms dr=99.0/s tp=10.002Mbps eBPF=YES:157 [static_fqcodel]
[exp 12:17:07] bl=7p tgt=5.0ms dr=96.9/s tp=9.997Mbps eBPF=YES:157 [static_fqcodel]
[exp 12:17:13] bl=14p tgt=5.0ms dr=97.1/s tp=10.001Mbps eBPF=YES:157 [static_fqcodel]
[exp 12:17:19] bl=16p tgt=5.0ms dr=93.9/s tp=10.0Mbps eBPF=YES:157 [static_fqcodel]
[exp 12:17:25] bl=13p tgt=5.0ms dr=98.6/s tp=9.999Mbps eBPF=YES:157 [static_fqcodel]
[exp 12:17:31] bl=13p tgt=5.0ms dr=96.7/s tp=9.999Mbps eBPF=YES:157 [static_fqcodel]
[exp 12:17:37] bl=14p tgt=5.0ms dr=102.4/s tp=9.999Mbps eBPF=YES:157 [static_fqcodel]
[exp 12:17:43] bl=17p tgt=5.0ms dr=96.6/s tp=10.001Mbps eBPF=YES:157 [static_fqcodel]
[exp 12:17:49] bl=16p tgt=5.0ms dr=98.9/s tp=10.009Mbps eBPF=YES:157 [static_fqcodel]
[exp 12:17:55] bl=14p tgt=5.0ms dr=102.5/s tp=10.001Mbps eBPF=YES:157 [static_fqcodel]
[exp 12:18:02] bl=16p tgt=5.0ms dr=94.2/s tp=10.004Mbps eBPF=YES:157 [static_fqcodel]
[exp 12:18:08] bl=11p tgt=5.0ms dr=106.1/s tp=9.993Mbps eBPF=YES:157 [static_fqcodel]
[exp 12:18:14] bl=14p tgt=5.0ms dr=91.7/s tp=10.0Mbps eBPF=YES:157 [static_fqcodel]
[exp 12:18:20] bl=14p tgt=5.0ms dr=103.4/s tp=9.996Mbps eBPF=YES:157 [static_fqcodel]
[exp 12:18:26] bl=16p tgt=5.0ms dr=98.2/s tp=10.002Mbps eBPF=YES:157 [static_fqcodel]
[exp 12:18:32] bl=18p tgt=5.0ms dr=98.2/s tp=9.999Mbps eBPF=YES:157 [static_fqcodel]
[exp 12:18:38] bl=6p tgt=5.0ms dr=92.5/s tp=9.998Mbps eBPF=YES:157 [static_fqcodel]
[exp 12:18:44] bl=0p tgt=5.0ms dr=60.2/s tp=5.572Mbps eBPF=YES:157 [static_fqcodel]
[exp 12:18:50] bl=0p tgt=5.0ms dr=0.0/s tp=0.0Mbps eBPF=YES:157 [static_fqcodel]
[exp 12:18:56] bl=0p tgt=5.0ms dr=0.0/s tp=0.0Mbps eBPF=YES:157 [static_fqcodel]
[exp 12:19:02] bl=0p tgt=5.0ms dr=0.0/s tp=0.0Mbps eBPF=YES:157 [static_fqcodel]
[exp 13:08:07] ns=ns_router iface=veth_rs ctrl=static_fqcodel
[exp 13:08:07] http://localhost:9101/metrics
[exp 13:08:07] bl=0p tgt=5.0ms dr=0.0/s tp=0.062Mbps eBPF=YES:168 [static_fqcodel]
[exp 13:08:13] bl=0p tgt=5.0ms dr=0.0/s tp=0.0Mbps eBPF=YES:168 [static_fqcodel]
[exp 13:08:19] bl=27p tgt=5.0ms dr=146.5/s tp=4.998Mbps eBPF=YES:168 [static_fqcodel]
[exp 13:08:25] bl=25p tgt=5.0ms dr=153.0/s tp=4.999Mbps eBPF=YES:168 [static_fqcodel]
[exp 13:08:31] bl=20p tgt=5.0ms dr=149.1/s tp=5.0Mbps eBPF=YES:168 [static_fqcodel]
[exp 13:08:37] bl=0p tgt=5.0ms dr=150.6/s tp=4.994Mbps eBPF=YES:168 [static_fqcodel]
[exp 13:08:44] bl=21p tgt=5.0ms dr=153.0/s tp=4.998Mbps eBPF=YES:168 [static_fqcodel]
[exp 13:08:50] bl=20p tgt=5.0ms dr=156.0/s tp=4.998Mbps eBPF=YES:168 [static_fqcodel]
[exp 13:08:56] bl=28p tgt=5.0ms dr=149.5/s tp=4.999Mbps eBPF=YES:168 [static_fqcodel]
[exp 13:09:02] bl=0p tgt=5.0ms dr=152.1/s tp=5.001Mbps eBPF=YES:168 [static_fqcodel]
[exp 13:09:08] bl=29p tgt=5.0ms dr=152.6/s tp=5.0Mbps eBPF=YES:168 [static_fqcodel]
[exp 13:09:14] bl=21p tgt=5.0ms dr=152.0/s tp=4.998Mbps eBPF=YES:168 [static_fqcodel]
[exp 13:09:20] bl=28p tgt=5.0ms dr=152.9/s tp=5.001Mbps eBPF=YES:168 [static_fqcodel]
[exp 13:09:26] bl=0p tgt=5.0ms dr=148.1/s tp=5.0Mbps eBPF=YES:168 [static_fqcodel]
[exp 13:09:32] bl=28p tgt=5.0ms dr=152.0/s tp=5.005Mbps eBPF=YES:168 [static_fqcodel]
[exp 13:09:38] bl=33p tgt=5.0ms dr=146.0/s tp=5.004Mbps eBPF=YES:168 [static_fqcodel]
[exp 13:09:44] bl=27p tgt=5.0ms dr=152.1/s tp=5.0Mbps eBPF=YES:168 [static_fqcodel]
[exp 13:09:50] bl=25p tgt=5.0ms dr=155.5/s tp=4.999Mbps eBPF=YES:168 [static_fqcodel]
[exp 13:09:56] bl=21p tgt=5.0ms dr=147.6/s tp=5.0Mbps eBPF=YES:168 [static_fqcodel]
[exp 13:10:02] bl=21p tgt=5.0ms dr=148.6/s tp=4.995Mbps eBPF=YES:168 [static_fqcodel]
[exp 13:10:08] bl=25p tgt=5.0ms dr=149.5/s tp=4.999Mbps eBPF=YES:168 [static_fqcodel]
[exp 13:10:14] bl=24p tgt=5.0ms dr=150.1/s tp=5.0Mbps eBPF=YES:168 [static_fqcodel]
[exp 13:10:20] bl=21p tgt=5.0ms dr=153.8/s tp=4.997Mbps eBPF=YES:168 [static_fqcodel]
[exp 13:10:26] bl=20p tgt=5.0ms dr=154.1/s tp=4.995Mbps eBPF=YES:168 [static_fqcodel]
[exp 13:10:32] bl=30p tgt=5.0ms dr=146.0/s tp=4.998Mbps eBPF=YES:168 [static_fqcodel]
[exp 13:10:38] bl=26p tgt=5.0ms dr=148.6/s tp=5.0Mbps eBPF=YES:168 [static_fqcodel]
[exp 13:10:44] bl=0p tgt=5.0ms dr=153.0/s tp=4.999Mbps eBPF=YES:168 [static_fqcodel]
[exp 13:10:50] bl=27p tgt=5.0ms dr=153.0/s tp=5.0Mbps eBPF=YES:168 [static_fqcodel]
[exp 13:10:56] bl=25p tgt=5.0ms dr=152.5/s tp=4.998Mbps eBPF=YES:168 [static_fqcodel]
[exp 13:11:02] bl=21p tgt=5.0ms dr=152.0/s tp=4.999Mbps eBPF=YES:168 [static_fqcodel]
[exp 13:11:08] bl=21p tgt=5.0ms dr=157.0/s tp=5.0Mbps eBPF=YES:168 [static_fqcodel]
[exp 13:11:14] bl=27p tgt=5.0ms dr=150.4/s tp=5.002Mbps eBPF=YES:168 [static_fqcodel]
[exp 13:11:20] bl=0p tgt=5.0ms dr=154.9/s tp=5.002Mbps eBPF=YES:168 [static_fqcodel]
[exp 13:11:26] bl=0p tgt=5.0ms dr=161.5/s tp=4.999Mbps eBPF=YES:168 [static_fqcodel]
[exp 13:11:32] bl=0p tgt=5.0ms dr=150.1/s tp=5.002Mbps eBPF=YES:168 [static_fqcodel]
[exp 13:11:38] bl=21p tgt=5.0ms dr=153.0/s tp=5.005Mbps eBPF=YES:168 [static_fqcodel]
[exp 13:11:44] bl=22p tgt=5.0ms dr=153.0/s tp=4.999Mbps eBPF=YES:168 [static_fqcodel]
[exp 13:11:50] bl=24p tgt=5.0ms dr=147.4/s tp=5.001Mbps eBPF=YES:168 [static_fqcodel]
[exp 13:11:56] bl=25p tgt=5.0ms dr=157.0/s tp=5.005Mbps eBPF=YES:168 [static_fqcodel]
[exp 13:12:02] bl=26p tgt=5.0ms dr=148.1/s tp=5.001Mbps eBPF=YES:168 [static_fqcodel]
[exp 13:12:08] bl=27p tgt=5.0ms dr=150.0/s tp=4.999Mbps eBPF=YES:168 [static_fqcodel]
[exp 13:12:14] bl=0p tgt=5.0ms dr=153.1/s tp=5.0Mbps eBPF=YES:168 [static_fqcodel]
[exp 13:12:20] bl=26p tgt=5.0ms dr=149.5/s tp=5.002Mbps eBPF=YES:168 [static_fqcodel]
[exp 13:12:26] bl=24p tgt=5.0ms dr=157.5/s tp=4.999Mbps eBPF=YES:168 [static_fqcodel]
[exp 13:12:32] bl=26p tgt=5.0ms dr=154.0/s tp=4.999Mbps eBPF=YES:168 [static_fqcodel]
[exp 13:12:38] bl=25p tgt=5.0ms dr=146.5/s tp=4.999Mbps eBPF=YES:168 [static_fqcodel]
[exp 13:12:44] bl=21p tgt=5.0ms dr=155.5/s tp=5.003Mbps eBPF=YES:168 [static_fqcodel]
[exp 13:12:50] bl=25p tgt=5.0ms dr=149.9/s tp=5.0Mbps eBPF=YES:168 [static_fqcodel]
[exp 13:12:56] bl=19p tgt=5.0ms dr=155.8/s tp=5.005Mbps eBPF=YES:168 [static_fqcodel]
[exp 13:13:02] bl=24p tgt=5.0ms dr=158.0/s tp=5.0Mbps eBPF=YES:168 [static_fqcodel]
[exp 13:13:08] bl=22p tgt=5.0ms dr=151.1/s tp=5.001Mbps eBPF=YES:168 [static_fqcodel]
[exp 13:13:14] bl=29p tgt=5.0ms dr=154.8/s tp=4.997Mbps eBPF=YES:168 [static_fqcodel]
[exp 13:13:20] bl=20p tgt=5.0ms dr=163.9/s tp=5.002Mbps eBPF=YES:168 [static_fqcodel]
[exp 13:13:26] bl=25p tgt=5.0ms dr=166.5/s tp=4.999Mbps eBPF=YES:168 [static_fqcodel]
[exp 13:13:32] bl=30p tgt=5.0ms dr=162.5/s tp=5.005Mbps eBPF=YES:168 [static_fqcodel]
[exp 13:13:38] bl=26p tgt=5.0ms dr=169.9/s tp=4.996Mbps eBPF=YES:168 [static_fqcodel]
[exp 13:13:45] bl=28p tgt=5.0ms dr=159.6/s tp=5.001Mbps eBPF=YES:168 [static_fqcodel]
[exp 13:13:51] bl=25p tgt=5.0ms dr=169.3/s tp=5.001Mbps eBPF=YES:168 [static_fqcodel]
[exp 13:13:57] bl=15p tgt=5.0ms dr=165.0/s tp=5.0Mbps eBPF=YES:168 [static_fqcodel]
[exp 13:14:03] bl=31p tgt=5.0ms dr=162.0/s tp=5.005Mbps eBPF=YES:168 [static_fqcodel]
[exp 13:14:09] bl=0p tgt=5.0ms dr=168.0/s tp=4.999Mbps eBPF=YES:168 [static_fqcodel]
[exp 13:14:15] bl=0p tgt=5.0ms dr=167.0/s tp=4.999Mbps eBPF=YES:168 [static_fqcodel]
[exp 13:14:21] bl=0p tgt=5.0ms dr=166.4/s tp=5.003Mbps eBPF=YES:168 [static_fqcodel]
[exp 13:14:27] bl=31p tgt=5.0ms dr=160.3/s tp=4.997Mbps eBPF=YES:168 [static_fqcodel]
[exp 13:14:33] bl=26p tgt=5.0ms dr=161.6/s tp=5.001Mbps eBPF=YES:168 [static_fqcodel]
[exp 13:14:39] bl=30p tgt=5.0ms dr=163.0/s tp=4.998Mbps eBPF=YES:168 [static_fqcodel]
[exp 13:14:45] bl=28p tgt=5.0ms dr=162.5/s tp=5.0Mbps eBPF=YES:168 [static_fqcodel]
[exp 13:14:51] bl=30p tgt=5.0ms dr=165.3/s tp=5.0Mbps eBPF=YES:168 [static_fqcodel]
[exp 13:14:57] bl=24p tgt=5.0ms dr=186.4/s tp=4.998Mbps eBPF=YES:168 [static_fqcodel]
[exp 13:15:03] bl=24p tgt=5.0ms dr=159.0/s tp=4.999Mbps eBPF=YES:168 [static_fqcodel]
[exp 13:15:09] bl=29p tgt=5.0ms dr=165.4/s tp=5.001Mbps eBPF=YES:168 [static_fqcodel]
[exp 13:15:15] bl=26p tgt=5.0ms dr=166.0/s tp=4.998Mbps eBPF=YES:168 [static_fqcodel]
[exp 13:15:21] bl=0p tgt=5.0ms dr=163.4/s tp=5.002Mbps eBPF=YES:168 [static_fqcodel]
[exp 13:15:27] bl=28p tgt=5.0ms dr=165.5/s tp=5.0Mbps eBPF=YES:168 [static_fqcodel]
[exp 13:15:33] bl=25p tgt=5.0ms dr=167.0/s tp=5.006Mbps eBPF=YES:168 [static_fqcodel]
[exp 13:15:39] bl=21p tgt=5.0ms dr=156.0/s tp=4.997Mbps eBPF=YES:168 [static_fqcodel]
[exp 13:15:45] bl=25p tgt=5.0ms dr=170.5/s tp=5.001Mbps eBPF=YES:168 [static_fqcodel]
[exp 13:15:51] bl=22p tgt=5.0ms dr=168.9/s tp=4.997Mbps eBPF=YES:168 [static_fqcodel]
[exp 13:15:57] bl=0p tgt=5.0ms dr=156.5/s tp=5.0Mbps eBPF=YES:168 [static_fqcodel]
[exp 13:16:03] bl=31p tgt=5.0ms dr=168.5/s tp=4.994Mbps eBPF=YES:168 [static_fqcodel]
[exp 13:16:09] bl=26p tgt=5.0ms dr=169.3/s tp=5.0Mbps eBPF=YES:168 [static_fqcodel]
[exp 13:16:15] bl=25p tgt=5.0ms dr=174.5/s tp=5.0Mbps eBPF=YES:168 [static_fqcodel]
[exp 13:16:21] bl=25p tgt=5.0ms dr=178.9/s tp=4.998Mbps eBPF=YES:168 [static_fqcodel]
[exp 13:16:27] bl=26p tgt=5.0ms dr=171.5/s tp=5.0Mbps eBPF=YES:168 [static_fqcodel]
[exp 13:16:33] bl=26p tgt=5.0ms dr=170.5/s tp=5.005Mbps eBPF=YES:168 [static_fqcodel]
[exp 13:16:39] bl=20p tgt=5.0ms dr=161.5/s tp=5.0Mbps eBPF=YES:168 [static_fqcodel]
[exp 13:16:45] bl=24p tgt=5.0ms dr=169.5/s tp=5.0Mbps eBPF=YES:168 [static_fqcodel]
[exp 13:16:51] bl=18p tgt=5.0ms dr=160.8/s tp=5.006Mbps eBPF=YES:168 [static_fqcodel]
[exp 13:16:57] bl=0p tgt=5.0ms dr=161.6/s tp=5.001Mbps eBPF=YES:168 [static_fqcodel]
[exp 13:17:03] bl=24p tgt=5.0ms dr=156.1/s tp=5.0Mbps eBPF=YES:168 [static_fqcodel]
[exp 13:17:09] bl=26p tgt=5.0ms dr=153.0/s tp=5.004Mbps eBPF=YES:168 [static_fqcodel]
[exp 13:17:15] bl=21p tgt=5.0ms dr=165.5/s tp=5.0Mbps eBPF=YES:168 [static_fqcodel]
[exp 13:17:21] bl=27p tgt=5.0ms dr=169.9/s tp=5.004Mbps eBPF=YES:168 [static_fqcodel]
[exp 13:17:27] bl=24p tgt=5.0ms dr=168.0/s tp=5.0Mbps eBPF=YES:168 [static_fqcodel]
[exp 13:17:33] bl=19p tgt=5.0ms dr=182.4/s tp=5.005Mbps eBPF=YES:168 [static_fqcodel]
[exp 13:17:39] bl=25p tgt=5.0ms dr=168.9/s tp=4.997Mbps eBPF=YES:168 [static_fqcodel]
[exp 13:17:45] bl=0p tgt=5.0ms dr=173.5/s tp=5.0Mbps eBPF=YES:168 [static_fqcodel]
[exp 13:17:51] bl=18p tgt=5.0ms dr=166.9/s tp=4.995Mbps eBPF=YES:168 [static_fqcodel]
[exp 13:17:57] bl=27p tgt=5.0ms dr=170.0/s tp=4.999Mbps eBPF=YES:168 [static_fqcodel]
[exp 13:18:03] bl=25p tgt=5.0ms dr=158.0/s tp=4.999Mbps eBPF=YES:168 [static_fqcodel]
[exp 13:18:09] bl=27p tgt=5.0ms dr=172.5/s tp=4.999Mbps eBPF=YES:168 [static_fqcodel]
[exp 13:18:15] bl=0p tgt=5.0ms dr=174.0/s tp=5.0Mbps eBPF=YES:168 [static_fqcodel]
[exp 13:18:21] bl=22p tgt=5.0ms dr=165.4/s tp=5.002Mbps eBPF=YES:168 [static_fqcodel]
[exp 13:18:27] bl=22p tgt=5.0ms dr=159.5/s tp=5.004Mbps eBPF=YES:168 [static_fqcodel]
[exp 13:18:33] bl=26p tgt=5.0ms dr=158.0/s tp=4.999Mbps eBPF=YES:168 [static_fqcodel]
[exp 13:18:39] bl=31p tgt=5.0ms dr=157.0/s tp=4.999Mbps eBPF=YES:168 [static_fqcodel]
[exp 13:18:45] bl=28p tgt=5.0ms dr=169.5/s tp=5.005Mbps eBPF=YES:168 [static_fqcodel]
[exp 13:18:52] bl=0p tgt=5.0ms dr=168.7/s tp=4.996Mbps eBPF=YES:168 [static_fqcodel]
[exp 13:18:58] bl=25p tgt=5.0ms dr=159.1/s tp=4.995Mbps eBPF=YES:168 [static_fqcodel]
[exp 13:19:04] bl=26p tgt=5.0ms dr=164.5/s tp=4.998Mbps eBPF=YES:168 [static_fqcodel]
[exp 13:19:10] bl=25p tgt=5.0ms dr=174.9/s tp=5.005Mbps eBPF=YES:168 [static_fqcodel]
[exp 13:19:16] bl=17p tgt=5.0ms dr=165.5/s tp=4.999Mbps eBPF=YES:168 [static_fqcodel]
[exp 13:19:22] bl=19p tgt=5.0ms dr=178.8/s tp=4.996Mbps eBPF=YES:168 [static_fqcodel]
[exp 13:19:28] bl=25p tgt=5.0ms dr=160.5/s tp=5.005Mbps eBPF=YES:168 [static_fqcodel]
[exp 13:19:34] bl=22p tgt=5.0ms dr=170.8/s tp=5.0Mbps eBPF=YES:168 [static_fqcodel]
[exp 13:19:40] bl=0p tgt=5.0ms dr=170.5/s tp=4.999Mbps eBPF=YES:168 [static_fqcodel]
[exp 13:19:46] bl=26p tgt=5.0ms dr=170.0/s tp=5.001Mbps eBPF=YES:168 [static_fqcodel]
[exp 13:19:52] bl=21p tgt=5.0ms dr=178.8/s tp=5.001Mbps eBPF=YES:168 [static_fqcodel]
[exp 15:30:27] ns=ns_router iface=veth_rs ctrl=static_fqcodel
[exp 15:30:27] http://localhost:9101/metrics
[exp 15:30:27] bl=0p tgt=5.0ms dr=0.0/s tp=0.062Mbps eBPF=YES:78 [static_fqcodel]
[exp 15:30:33] bl=0p tgt=5.0ms dr=0.0/s tp=0.0Mbps eBPF=YES:78 [static_fqcodel]
[exp 15:30:39] bl=22p tgt=5.0ms dr=171.4/s tp=4.996Mbps eBPF=YES:78 [static_fqcodel]
[exp 15:30:45] bl=25p tgt=5.0ms dr=166.5/s tp=5.0Mbps eBPF=YES:78 [static_fqcodel]
[exp 15:30:51] bl=19p tgt=5.0ms dr=166.0/s tp=5.005Mbps eBPF=YES:78 [static_fqcodel]
[exp 15:30:57] bl=19p tgt=5.0ms dr=169.0/s tp=4.999Mbps eBPF=YES:78 [static_fqcodel]
[exp 15:31:03] bl=21p tgt=5.0ms dr=165.0/s tp=4.999Mbps eBPF=YES:78 [static_fqcodel]
[exp 15:31:09] bl=20p tgt=5.0ms dr=171.4/s tp=5.002Mbps eBPF=YES:78 [static_fqcodel]
[exp 15:31:15] bl=25p tgt=5.0ms dr=162.0/s tp=4.999Mbps eBPF=YES:78 [static_fqcodel]
[exp 15:31:21] bl=16p tgt=5.0ms dr=167.0/s tp=5.0Mbps eBPF=YES:78 [static_fqcodel]
[exp 15:31:27] bl=25p tgt=5.0ms dr=171.0/s tp=5.0Mbps eBPF=YES:78 [static_fqcodel]
[exp 15:31:33] bl=0p tgt=5.0ms dr=163.0/s tp=4.999Mbps eBPF=YES:78 [static_fqcodel]
[exp 15:31:39] bl=35p tgt=5.0ms dr=172.3/s tp=5.001Mbps eBPF=YES:78 [static_fqcodel]
[exp 15:31:45] bl=21p tgt=5.0ms dr=164.5/s tp=4.998Mbps eBPF=YES:78 [static_fqcodel]
[exp 15:31:51] bl=27p tgt=5.0ms dr=168.5/s tp=4.999Mbps eBPF=YES:78 [static_fqcodel]
[exp 15:31:57] bl=0p tgt=5.0ms dr=144.6/s tp=4.999Mbps eBPF=YES:78 [static_fqcodel]
[exp 15:32:03] bl=24p tgt=5.0ms dr=166.5/s tp=4.999Mbps eBPF=YES:78 [static_fqcodel]
[exp 15:32:09] bl=19p tgt=5.0ms dr=163.9/s tp=5.002Mbps eBPF=YES:78 [static_fqcodel]
[exp 15:32:15] bl=0p tgt=5.0ms dr=165.5/s tp=5.001Mbps eBPF=YES:78 [static_fqcodel]
[exp 15:32:21] bl=27p tgt=5.0ms dr=170.5/s tp=5.0Mbps eBPF=YES:78 [static_fqcodel]
[exp 15:32:27] bl=24p tgt=5.0ms dr=161.5/s tp=5.005Mbps eBPF=YES:78 [static_fqcodel]
[exp 15:32:33] bl=26p tgt=5.0ms dr=172.4/s tp=4.998Mbps eBPF=YES:78 [static_fqcodel]
[exp 15:32:39] bl=30p tgt=5.0ms dr=162.4/s tp=5.001Mbps eBPF=YES:78 [static_fqcodel]
[exp 15:32:45] bl=28p tgt=5.0ms dr=171.0/s tp=4.999Mbps eBPF=YES:78 [static_fqcodel]
[exp 15:32:51] bl=27p tgt=5.0ms dr=168.5/s tp=4.999Mbps eBPF=YES:78 [static_fqcodel]
[exp 15:32:57] bl=24p tgt=5.0ms dr=172.0/s tp=4.999Mbps eBPF=YES:78 [static_fqcodel]
[exp 15:33:03] bl=0p tgt=5.0ms dr=159.5/s tp=4.999Mbps eBPF=YES:78 [static_fqcodel]
[exp 15:33:09] bl=25p tgt=5.0ms dr=170.9/s tp=4.996Mbps eBPF=YES:78 [static_fqcodel]
[exp 15:33:16] bl=27p tgt=5.0ms dr=168.0/s tp=5.004Mbps eBPF=YES:78 [static_fqcodel]
[exp 15:33:22] bl=26p tgt=5.0ms dr=169.0/s tp=5.0Mbps eBPF=YES:78 [static_fqcodel]
[exp 15:33:28] bl=22p tgt=5.0ms dr=164.5/s tp=5.0Mbps eBPF=YES:78 [static_fqcodel]
[exp 15:33:34] bl=24p tgt=5.0ms dr=166.0/s tp=5.0Mbps eBPF=YES:78 [static_fqcodel]
[exp 15:33:40] bl=24p tgt=5.0ms dr=170.4/s tp=5.002Mbps eBPF=YES:78 [static_fqcodel]
[exp 15:33:46] bl=17p tgt=5.0ms dr=174.0/s tp=5.001Mbps eBPF=YES:78 [static_fqcodel]
[exp 15:33:52] bl=31p tgt=5.0ms dr=163.1/s tp=5.002Mbps eBPF=YES:78 [static_fqcodel]
[exp 15:33:58] bl=29p tgt=5.0ms dr=156.0/s tp=4.999Mbps eBPF=YES:78 [static_fqcodel]
[exp 15:34:04] bl=30p tgt=5.0ms dr=156.1/s tp=5.001Mbps eBPF=YES:78 [static_fqcodel]
[exp 15:34:10] bl=26p tgt=5.0ms dr=166.4/s tp=5.003Mbps eBPF=YES:78 [static_fqcodel]
[exp 15:34:16] bl=27p tgt=5.0ms dr=171.0/s tp=5.0Mbps eBPF=YES:78 [static_fqcodel]
[exp 15:34:22] bl=25p tgt=5.0ms dr=157.5/s tp=5.0Mbps eBPF=YES:78 [static_fqcodel]
[exp 15:34:28] bl=26p tgt=5.0ms dr=172.0/s tp=4.999Mbps eBPF=YES:78 [static_fqcodel]
[exp 15:34:34] bl=18p tgt=5.0ms dr=174.0/s tp=5.0Mbps eBPF=YES:78 [static_fqcodel]
[exp 15:34:40] bl=26p tgt=5.0ms dr=162.4/s tp=5.002Mbps eBPF=YES:78 [static_fqcodel]
[exp 15:34:46] bl=0p tgt=5.0ms dr=174.5/s tp=5.005Mbps eBPF=YES:78 [static_fqcodel]
[exp 15:34:52] bl=24p tgt=5.0ms dr=171.0/s tp=5.0Mbps eBPF=YES:78 [static_fqcodel]
[exp 15:34:58] bl=21p tgt=5.0ms dr=158.0/s tp=4.999Mbps eBPF=YES:78 [static_fqcodel]
[exp 15:35:04] bl=24p tgt=5.0ms dr=165.5/s tp=4.999Mbps eBPF=YES:78 [static_fqcodel]
[exp 15:35:10] bl=27p tgt=5.0ms dr=173.9/s tp=5.002Mbps eBPF=YES:78 [static_fqcodel]
[exp 15:35:16] bl=30p tgt=5.0ms dr=156.5/s tp=4.999Mbps eBPF=YES:78 [static_fqcodel]
[exp 15:35:22] bl=20p tgt=5.0ms dr=168.0/s tp=4.999Mbps eBPF=YES:78 [static_fqcodel]
[exp 15:35:28] bl=21p tgt=5.0ms dr=168.0/s tp=4.999Mbps eBPF=YES:78 [static_fqcodel]
[exp 15:35:34] bl=22p tgt=5.0ms dr=170.5/s tp=4.999Mbps eBPF=YES:78 [static_fqcodel]
[exp 15:35:40] bl=0p tgt=5.0ms dr=172.0/s tp=4.999Mbps eBPF=YES:78 [static_fqcodel]
[exp 15:35:46] bl=22p tgt=5.0ms dr=174.0/s tp=5.0Mbps eBPF=YES:78 [static_fqcodel]
[exp 15:35:52] bl=22p tgt=5.0ms dr=166.0/s tp=5.0Mbps eBPF=YES:78 [static_fqcodel]
[exp 15:35:58] bl=25p tgt=5.0ms dr=167.5/s tp=5.0Mbps eBPF=YES:78 [static_fqcodel]
[exp 15:36:04] bl=24p tgt=5.0ms dr=159.5/s tp=4.999Mbps eBPF=YES:78 [static_fqcodel]
[exp 15:36:10] bl=28p tgt=5.0ms dr=162.9/s tp=4.997Mbps eBPF=YES:78 [static_fqcodel]
[exp 15:36:16] bl=27p tgt=5.0ms dr=163.0/s tp=4.999Mbps eBPF=YES:78 [static_fqcodel]
[exp 15:36:22] bl=0p tgt=5.0ms dr=165.0/s tp=5.0Mbps eBPF=YES:78 [static_fqcodel]
[exp 15:36:28] bl=19p tgt=5.0ms dr=173.0/s tp=5.0Mbps eBPF=YES:78 [static_fqcodel]
[exp 15:36:34] bl=26p tgt=5.0ms dr=182.0/s tp=5.0Mbps eBPF=YES:78 [static_fqcodel]
[exp 15:36:40] bl=25p tgt=5.0ms dr=173.4/s tp=4.996Mbps eBPF=YES:78 [static_fqcodel]
[exp 15:36:46] bl=21p tgt=5.0ms dr=163.5/s tp=5.0Mbps eBPF=YES:78 [static_fqcodel]
[exp 15:36:52] bl=28p tgt=5.0ms dr=168.5/s tp=4.998Mbps eBPF=YES:78 [static_fqcodel]
[exp 15:36:58] bl=26p tgt=5.0ms dr=167.0/s tp=5.0Mbps eBPF=YES:78 [static_fqcodel]
[exp 15:37:04] bl=27p tgt=5.0ms dr=164.0/s tp=4.999Mbps eBPF=YES:78 [static_fqcodel]
[exp 15:37:10] bl=24p tgt=5.0ms dr=174.4/s tp=4.997Mbps eBPF=YES:78 [static_fqcodel]
[exp 15:37:16] bl=24p tgt=5.0ms dr=151.6/s tp=5.0Mbps eBPF=YES:78 [static_fqcodel]
[exp 15:37:22] bl=28p tgt=5.0ms dr=160.5/s tp=5.0Mbps eBPF=YES:78 [static_fqcodel]
[exp 15:37:28] bl=15p tgt=5.0ms dr=159.5/s tp=4.999Mbps eBPF=YES:78 [static_fqcodel]
[exp 15:37:34] bl=21p tgt=5.0ms dr=165.5/s tp=4.999Mbps eBPF=YES:78 [static_fqcodel]
[exp 15:37:40] bl=31p tgt=5.0ms dr=171.8/s tp=5.001Mbps eBPF=YES:78 [static_fqcodel]
[exp 15:37:46] bl=27p tgt=5.0ms dr=161.0/s tp=4.999Mbps eBPF=YES:78 [static_fqcodel]
[exp 15:37:52] bl=19p tgt=5.0ms dr=176.0/s tp=4.999Mbps eBPF=YES:78 [static_fqcodel]
[exp 15:37:58] bl=22p tgt=5.0ms dr=169.0/s tp=5.001Mbps eBPF=YES:78 [static_fqcodel]
[exp 15:38:04] bl=21p tgt=5.0ms dr=167.5/s tp=5.0Mbps eBPF=YES:78 [static_fqcodel]
[exp 15:38:10] bl=0p tgt=5.0ms dr=167.4/s tp=5.002Mbps eBPF=YES:78 [static_fqcodel]
[exp 15:38:16] bl=19p tgt=5.0ms dr=169.0/s tp=5.0Mbps eBPF=YES:78 [static_fqcodel]
[exp 15:38:22] bl=26p tgt=5.0ms dr=175.0/s tp=5.0Mbps eBPF=YES:78 [static_fqcodel]
[exp 15:38:28] bl=21p tgt=5.0ms dr=170.5/s tp=5.0Mbps eBPF=YES:78 [static_fqcodel]
[exp 15:38:34] bl=24p tgt=5.0ms dr=174.0/s tp=4.999Mbps eBPF=YES:78 [static_fqcodel]
[exp 15:38:41] bl=27p tgt=5.0ms dr=156.9/s tp=4.996Mbps eBPF=YES:78 [static_fqcodel]
[exp 15:38:47] bl=18p tgt=5.0ms dr=160.0/s tp=5.0Mbps eBPF=YES:78 [static_fqcodel]
[exp 15:38:53] bl=27p tgt=5.0ms dr=167.5/s tp=4.999Mbps eBPF=YES:78 [static_fqcodel]
[exp 15:38:59] bl=22p tgt=5.0ms dr=173.0/s tp=5.0Mbps eBPF=YES:78 [static_fqcodel]
[exp 15:39:05] bl=19p tgt=5.0ms dr=174.5/s tp=5.001Mbps eBPF=YES:78 [static_fqcodel]
[exp 15:39:11] bl=28p tgt=5.0ms dr=171.4/s tp=5.004Mbps eBPF=YES:78 [static_fqcodel]
[exp 15:39:17] bl=29p tgt=5.0ms dr=166.5/s tp=4.999Mbps eBPF=YES:78 [static_fqcodel]
[exp 15:39:23] bl=24p tgt=5.0ms dr=166.0/s tp=5.0Mbps eBPF=YES:78 [static_fqcodel]
[exp 15:39:29] bl=18p tgt=5.0ms dr=162.1/s tp=5.001Mbps eBPF=YES:78 [static_fqcodel]
[exp 15:39:35] bl=22p tgt=5.0ms dr=173.5/s tp=4.999Mbps eBPF=YES:78 [static_fqcodel]
[exp 15:39:41] bl=27p tgt=5.0ms dr=162.4/s tp=4.997Mbps eBPF=YES:78 [static_fqcodel]
[exp 15:39:47] bl=0p tgt=5.0ms dr=163.4/s tp=5.003Mbps eBPF=YES:78 [static_fqcodel]
[exp 15:39:53] bl=17p tgt=5.0ms dr=160.0/s tp=4.998Mbps eBPF=YES:78 [static_fqcodel]
[exp 15:39:59] bl=0p tgt=5.0ms dr=167.0/s tp=5.001Mbps eBPF=YES:78 [static_fqcodel]
[exp 15:40:05] bl=29p tgt=5.0ms dr=163.5/s tp=4.999Mbps eBPF=YES:78 [static_fqcodel]
[exp 15:40:11] bl=26p tgt=5.0ms dr=166.9/s tp=5.002Mbps eBPF=YES:78 [static_fqcodel]
[exp 15:40:17] bl=19p tgt=5.0ms dr=164.0/s tp=4.998Mbps eBPF=YES:78 [static_fqcodel]
[exp 15:40:23] bl=25p tgt=5.0ms dr=152.1/s tp=5.0Mbps eBPF=YES:78 [static_fqcodel]
[exp 15:40:29] bl=26p tgt=5.0ms dr=159.1/s tp=5.0Mbps eBPF=YES:78 [static_fqcodel]
[exp 15:40:35] bl=0p tgt=5.0ms dr=0.0/s tp=0.0Mbps eBPF=YES:78 [static_fqcodel]
[exp 15:40:41] bl=0p tgt=5.0ms dr=0.0/s tp=0.0Mbps eBPF=YES:78 [static_fqcodel]
[exp 15:40:47] bl=0p tgt=5.0ms dr=0.0/s tp=0.0Mbps eBPF=YES:78 [static_fqcodel]
[exp 15:40:53] bl=0p tgt=5.0ms dr=0.0/s tp=0.0Mbps eBPF=YES:78 [static_fqcodel]
[exp 15:40:59] bl=0p tgt=5.0ms dr=0.0/s tp=0.0Mbps eBPF=YES:78 [static_fqcodel]
[exp 15:41:05] bl=0p tgt=5.0ms dr=0.0/s tp=0.0Mbps eBPF=YES:78 [static_fqcodel]
[exp 15:41:11] bl=0p tgt=5.0ms dr=0.0/s tp=0.0Mbps eBPF=YES:78 [static_fqcodel]
[exp 15:41:17] bl=0p tgt=5.0ms dr=0.0/s tp=0.0Mbps eBPF=YES:78 [static_fqcodel]
[exp 15:41:23] bl=0p tgt=5.0ms dr=0.0/s tp=0.0Mbps eBPF=YES:78 [static_fqcodel]
[exp 15:41:29] bl=0p tgt=5.0ms dr=0.0/s tp=0.0Mbps eBPF=YES:78 [static_fqcodel]
[exp 15:41:35] bl=0p tgt=5.0ms dr=0.0/s tp=0.0Mbps eBPF=YES:78 [static_fqcodel]
[exp 15:41:41] bl=0p tgt=5.0ms dr=0.0/s tp=0.0Mbps eBPF=YES:78 [static_fqcodel]
[exp 15:41:47] bl=0p tgt=5.0ms dr=0.0/s tp=0.0Mbps eBPF=YES:78 [static_fqcodel]
[exp 15:41:53] bl=0p tgt=5.0ms dr=0.0/s tp=0.0Mbps eBPF=YES:78 [static_fqcodel]
[exp 15:41:59] bl=0p tgt=5.0ms dr=0.0/s tp=0.0Mbps eBPF=YES:78 [static_fqcodel]
[exp 15:42:05] bl=0p tgt=5.0ms dr=0.0/s tp=0.0Mbps eBPF=YES:78 [static_fqcodel]
[exp 15:42:11] bl=0p tgt=5.0ms dr=0.0/s tp=0.0Mbps eBPF=YES:78 [static_fqcodel]
[exp 15:42:17] bl=0p tgt=5.0ms dr=0.0/s tp=0.0Mbps eBPF=YES:78 [static_fqcodel]
[exp 15:42:23] bl=0p tgt=5.0ms dr=0.0/s tp=0.0Mbps eBPF=YES:78 [static_fqcodel]
[exp 15:42:29] bl=0p tgt=5.0ms dr=0.0/s tp=0.0Mbps eBPF=YES:78 [static_fqcodel]
[exp 15:42:35] bl=0p tgt=5.0ms dr=0.0/s tp=0.0Mbps eBPF=YES:78 [static_fqcodel]
[exp 15:42:41] bl=0p tgt=5.0ms dr=0.0/s tp=0.0Mbps eBPF=YES:78 [static_fqcodel]
[exp 15:42:47] bl=0p tgt=5.0ms dr=0.0/s tp=0.0Mbps eBPF=YES:78 [static_fqcodel]
[exp 15:42:53] bl=0p tgt=5.0ms dr=0.0/s tp=0.0Mbps eBPF=YES:78 [static_fqcodel]
[exp 15:42:59] bl=0p tgt=5.0ms dr=0.0/s tp=0.0Mbps eBPF=YES:78 [static_fqcodel]
[exp 15:43:05] bl=0p tgt=5.0ms dr=0.0/s tp=0.0Mbps eBPF=YES:78 [static_fqcodel]
[exp 15:43:11] bl=0p tgt=5.0ms dr=0.0/s tp=0.0Mbps eBPF=YES:78 [static_fqcodel]
[exp 15:43:17] bl=0p tgt=5.0ms dr=0.0/s tp=0.0Mbps eBPF=YES:78 [static_fqcodel]
[exp 15:43:23] bl=0p tgt=5.0ms dr=0.0/s tp=0.0Mbps eBPF=YES:78 [static_fqcodel]
[exp 15:43:29] bl=0p tgt=5.0ms dr=0.0/s tp=0.0Mbps eBPF=YES:78 [static_fqcodel]
[exp 15:43:35] bl=0p tgt=5.0ms dr=0.0/s tp=0.0Mbps eBPF=YES:78 [static_fqcodel]
[exp 15:43:42] bl=0p tgt=5.0ms dr=0.0/s tp=0.0Mbps eBPF=YES:78 [static_fqcodel]
[exp 15:43:48] bl=0p tgt=5.0ms dr=0.0/s tp=0.0Mbps eBPF=YES:78 [static_fqcodel]
[exp 15:43:54] bl=0p tgt=5.0ms dr=0.0/s tp=0.0Mbps eBPF=YES:78 [static_fqcodel]
[exp 15:44:00] bl=0p tgt=5.0ms dr=0.0/s tp=0.0Mbps eBPF=YES:78 [static_fqcodel]
[exp 15:44:06] bl=0p tgt=5.0ms dr=0.0/s tp=0.0Mbps eBPF=YES:78 [static_fqcodel]
[exp 15:44:12] bl=0p tgt=5.0ms dr=0.0/s tp=0.0Mbps eBPF=YES:78 [static_fqcodel]
[exp 15:44:27] ns=ns_router iface=veth_rs ctrl=static_fqcodel
[exp 15:44:27] http://localhost:9101/metrics
[exp 15:44:27] bl=0p tgt=5.0ms dr=0.0/s tp=0.062Mbps eBPF=YES:83 [static_fqcodel]
[exp 15:44:33] bl=0p tgt=5.0ms dr=0.0/s tp=0.0Mbps eBPF=YES:83 [static_fqcodel]
[exp 15:44:39] bl=26p tgt=5.0ms dr=163.1/s tp=4.999Mbps eBPF=YES:83 [static_fqcodel]
[exp 15:44:45] bl=24p tgt=5.0ms dr=161.5/s tp=5.0Mbps eBPF=YES:83 [static_fqcodel]
[exp 15:44:51] bl=22p tgt=5.0ms dr=154.0/s tp=4.998Mbps eBPF=YES:83 [static_fqcodel]
[exp 15:44:57] bl=20p tgt=5.0ms dr=176.5/s tp=4.999Mbps eBPF=YES:83 [static_fqcodel]
[exp 15:45:03] bl=29p tgt=5.0ms dr=165.0/s tp=4.999Mbps eBPF=YES:83 [static_fqcodel]
[exp 15:45:09] bl=18p tgt=5.0ms dr=167.7/s tp=5.002Mbps eBPF=YES:83 [static_fqcodel]
[exp 15:45:15] bl=25p tgt=5.0ms dr=159.0/s tp=4.998Mbps eBPF=YES:83 [static_fqcodel]
[exp 15:45:21] bl=0p tgt=5.0ms dr=165.3/s tp=5.006Mbps eBPF=YES:83 [static_fqcodel]
[exp 15:45:27] bl=30p tgt=5.0ms dr=159.5/s tp=4.999Mbps eBPF=YES:83 [static_fqcodel]
[exp 15:45:33] bl=26p tgt=5.0ms dr=165.4/s tp=4.997Mbps eBPF=YES:83 [static_fqcodel]
[exp 15:45:39] bl=26p tgt=5.0ms dr=163.3/s tp=5.0Mbps eBPF=YES:83 [static_fqcodel]
[exp 15:45:45] bl=22p tgt=5.0ms dr=162.0/s tp=4.999Mbps eBPF=YES:83 [static_fqcodel]
[exp 15:45:51] bl=24p tgt=5.0ms dr=151.0/s tp=4.999Mbps eBPF=YES:83 [static_fqcodel]
[exp 15:45:57] bl=27p tgt=5.0ms dr=152.5/s tp=5.003Mbps eBPF=YES:83 [static_fqcodel]
[exp 15:46:03] bl=22p tgt=5.0ms dr=166.4/s tp=4.997Mbps eBPF=YES:83 [static_fqcodel]
[exp 15:46:09] bl=29p tgt=5.0ms dr=167.8/s tp=5.0Mbps eBPF=YES:83 [static_fqcodel]
[exp 15:46:15] bl=27p tgt=5.0ms dr=158.0/s tp=5.003Mbps eBPF=YES:83 [static_fqcodel]
[exp 15:46:21] bl=29p tgt=5.0ms dr=157.5/s tp=4.998Mbps eBPF=YES:83 [static_fqcodel]
[exp 15:46:27] bl=21p tgt=5.0ms dr=163.5/s tp=4.998Mbps eBPF=YES:83 [static_fqcodel]
[exp 15:46:33] bl=20p tgt=5.0ms dr=160.0/s tp=4.999Mbps eBPF=YES:83 [static_fqcodel]
[exp 15:46:39] bl=30p tgt=5.0ms dr=162.6/s tp=4.999Mbps eBPF=YES:83 [static_fqcodel]
[exp 15:46:45] bl=0p tgt=5.0ms dr=154.5/s tp=5.0Mbps eBPF=YES:83 [static_fqcodel]
[exp 15:46:51] bl=22p tgt=5.0ms dr=168.5/s tp=4.998Mbps eBPF=YES:83 [static_fqcodel]
[exp 15:46:57] bl=28p tgt=5.0ms dr=161.3/s tp=5.0Mbps eBPF=YES:83 [static_fqcodel]
[exp 15:47:03] bl=22p tgt=5.0ms dr=166.9/s tp=4.997Mbps eBPF=YES:83 [static_fqcodel]
[exp 15:47:09] bl=24p tgt=5.0ms dr=157.2/s tp=5.0Mbps eBPF=YES:83 [static_fqcodel]
[exp 15:47:15] bl=22p tgt=5.0ms dr=162.8/s tp=5.0Mbps eBPF=YES:83 [static_fqcodel]
[exp 15:47:21] bl=18p tgt=5.0ms dr=165.9/s tp=4.996Mbps eBPF=YES:83 [static_fqcodel]
[exp 15:47:27] bl=21p tgt=5.0ms dr=171.8/s tp=4.999Mbps eBPF=YES:83 [static_fqcodel]
[exp 15:47:33] bl=21p tgt=5.0ms dr=168.8/s tp=4.999Mbps eBPF=YES:83 [static_fqcodel]
[exp 15:47:39] bl=0p tgt=5.0ms dr=169.4/s tp=5.002Mbps eBPF=YES:83 [static_fqcodel]
[exp 15:47:45] bl=21p tgt=5.0ms dr=167.3/s tp=4.999Mbps eBPF=YES:83 [static_fqcodel]
[exp 15:47:51] bl=30p tgt=5.0ms dr=169.2/s tp=4.998Mbps eBPF=YES:83 [static_fqcodel]
[exp 15:47:57] bl=27p tgt=5.0ms dr=167.9/s tp=4.997Mbps eBPF=YES:83 [static_fqcodel]
[exp 15:48:03] bl=31p tgt=5.0ms dr=163.9/s tp=4.996Mbps eBPF=YES:83 [static_fqcodel]
[exp 15:48:09] bl=30p tgt=5.0ms dr=173.1/s tp=5.0Mbps eBPF=YES:83 [static_fqcodel]
[exp 15:48:15] bl=22p tgt=5.0ms dr=165.4/s tp=5.001Mbps eBPF=YES:83 [static_fqcodel]
[exp 15:48:21] bl=19p tgt=5.0ms dr=177.3/s tp=5.001Mbps eBPF=YES:83 [static_fqcodel]
[exp 15:48:27] bl=22p tgt=5.0ms dr=161.9/s tp=4.995Mbps eBPF=YES:83 [static_fqcodel]
[exp 15:48:34] bl=22p tgt=5.0ms dr=165.7/s tp=5.003Mbps eBPF=YES:83 [static_fqcodel]
[exp 15:48:40] bl=21p tgt=5.0ms dr=162.9/s tp=4.996Mbps eBPF=YES:83 [static_fqcodel]
[exp 15:48:46] bl=28p tgt=5.0ms dr=175.2/s tp=4.998Mbps eBPF=YES:83 [static_fqcodel]
[exp 15:48:52] bl=24p tgt=5.0ms dr=165.1/s tp=4.999Mbps eBPF=YES:83 [static_fqcodel]
[exp 15:48:58] bl=26p tgt=5.0ms dr=163.4/s tp=4.996Mbps eBPF=YES:83 [static_fqcodel]
[exp 15:49:04] bl=20p tgt=5.0ms dr=164.4/s tp=4.996Mbps eBPF=YES:83 [static_fqcodel]
[exp 15:49:10] bl=25p tgt=5.0ms dr=172.7/s tp=4.999Mbps eBPF=YES:83 [static_fqcodel]
[exp 15:49:16] bl=21p tgt=5.0ms dr=158.3/s tp=4.997Mbps eBPF=YES:83 [static_fqcodel]
[exp 15:49:22] bl=26p tgt=5.0ms dr=171.2/s tp=4.997Mbps eBPF=YES:83 [static_fqcodel]
[exp 15:49:28] bl=25p tgt=5.0ms dr=168.2/s tp=5.003Mbps eBPF=YES:83 [static_fqcodel]
[exp 15:49:34] bl=25p tgt=5.0ms dr=154.9/s tp=5.0Mbps eBPF=YES:83 [static_fqcodel]
[exp 15:49:40] bl=0p tgt=5.0ms dr=166.5/s tp=4.997Mbps eBPF=YES:83 [static_fqcodel]
[exp 15:49:46] bl=18p tgt=5.0ms dr=169.5/s tp=4.999Mbps eBPF=YES:83 [static_fqcodel]
[exp 15:49:52] bl=22p tgt=5.0ms dr=170.8/s tp=4.999Mbps eBPF=YES:83 [static_fqcodel]
[exp 15:49:58] bl=18p tgt=5.0ms dr=159.9/s tp=4.994Mbps eBPF=YES:83 [static_fqcodel]
[exp 15:50:04] bl=25p tgt=5.0ms dr=178.3/s tp=5.001Mbps eBPF=YES:83 [static_fqcodel]
[exp 15:50:10] bl=28p tgt=5.0ms dr=171.6/s tp=5.0Mbps eBPF=YES:83 [static_fqcodel]
[exp 15:50:16] bl=21p tgt=5.0ms dr=174.2/s tp=4.999Mbps eBPF=YES:83 [static_fqcodel]
[exp 15:50:22] bl=22p tgt=5.0ms dr=161.5/s tp=5.006Mbps eBPF=YES:83 [static_fqcodel]
[exp 15:50:28] bl=0p tgt=5.0ms dr=172.1/s tp=4.995Mbps eBPF=YES:83 [static_fqcodel]
[exp 15:50:34] bl=25p tgt=5.0ms dr=161.3/s tp=4.998Mbps eBPF=YES:83 [static_fqcodel]
[exp 15:50:40] bl=24p tgt=5.0ms dr=160.7/s tp=4.997Mbps eBPF=YES:83 [static_fqcodel]
[exp 15:50:46] bl=30p tgt=5.0ms dr=159.0/s tp=5.003Mbps eBPF=YES:83 [static_fqcodel]
[exp 15:50:52] bl=25p tgt=5.0ms dr=170.8/s tp=4.999Mbps eBPF=YES:83 [static_fqcodel]
[exp 15:50:58] bl=22p tgt=5.0ms dr=164.9/s tp=5.001Mbps eBPF=YES:83 [static_fqcodel]
[exp 15:51:04] bl=21p tgt=5.0ms dr=165.5/s tp=5.005Mbps eBPF=YES:83 [static_fqcodel]
[exp 15:51:10] bl=25p tgt=5.0ms dr=160.1/s tp=5.0Mbps eBPF=YES:83 [static_fqcodel]
[exp 15:51:16] bl=25p tgt=5.0ms dr=173.0/s tp=4.999Mbps eBPF=YES:83 [static_fqcodel]
[exp 15:51:22] bl=27p tgt=5.0ms dr=161.9/s tp=5.001Mbps eBPF=YES:83 [static_fqcodel]
[exp 15:51:28] bl=22p tgt=5.0ms dr=173.9/s tp=4.997Mbps eBPF=YES:83 [static_fqcodel]
[exp 15:51:34] bl=22p tgt=5.0ms dr=160.9/s tp=5.003Mbps eBPF=YES:83 [static_fqcodel]
[exp 15:51:40] bl=0p tgt=5.0ms dr=179.7/s tp=5.005Mbps eBPF=YES:83 [static_fqcodel]
[exp 15:51:46] bl=31p tgt=5.0ms dr=160.4/s tp=5.002Mbps eBPF=YES:83 [static_fqcodel]
[exp 15:51:52] bl=0p tgt=5.0ms dr=159.0/s tp=4.999Mbps eBPF=YES:83 [static_fqcodel]
[exp 15:51:58] bl=29p tgt=5.0ms dr=161.0/s tp=5.004Mbps eBPF=YES:83 [static_fqcodel]
[exp 15:52:04] bl=0p tgt=5.0ms dr=171.0/s tp=5.0Mbps eBPF=YES:83 [static_fqcodel]
[exp 15:52:10] bl=0p tgt=5.0ms dr=162.3/s tp=5.0Mbps eBPF=YES:83 [static_fqcodel]
[exp 15:52:16] bl=22p tgt=5.0ms dr=164.5/s tp=4.999Mbps eBPF=YES:83 [static_fqcodel]
[exp 15:52:22] bl=20p tgt=5.0ms dr=166.0/s tp=5.004Mbps eBPF=YES:83 [static_fqcodel]
[exp 15:52:28] bl=27p tgt=5.0ms dr=158.5/s tp=4.999Mbps eBPF=YES:83 [static_fqcodel]
[exp 15:52:34] bl=24p tgt=5.0ms dr=177.4/s tp=4.998Mbps eBPF=YES:83 [static_fqcodel]
[exp 15:52:41] bl=0p tgt=5.0ms dr=151.9/s tp=5.002Mbps eBPF=YES:83 [static_fqcodel]
[exp 15:52:47] bl=0p tgt=5.0ms dr=162.0/s tp=5.006Mbps eBPF=YES:83 [static_fqcodel]
[exp 15:52:53] bl=19p tgt=5.0ms dr=169.4/s tp=4.998Mbps eBPF=YES:83 [static_fqcodel]
[exp 15:52:59] bl=21p tgt=5.0ms dr=163.5/s tp=4.998Mbps eBPF=YES:83 [static_fqcodel]
[exp 15:53:05] bl=21p tgt=5.0ms dr=159.5/s tp=4.998Mbps eBPF=YES:83 [static_fqcodel]
[exp 15:53:11] bl=22p tgt=5.0ms dr=170.9/s tp=5.002Mbps eBPF=YES:83 [static_fqcodel]
[exp 15:53:17] bl=25p tgt=5.0ms dr=164.5/s tp=4.999Mbps eBPF=YES:83 [static_fqcodel]
[exp 15:53:23] bl=21p tgt=5.0ms dr=174.5/s tp=5.005Mbps eBPF=YES:83 [static_fqcodel]
[exp 15:53:29] bl=28p tgt=5.0ms dr=159.0/s tp=5.0Mbps eBPF=YES:83 [static_fqcodel]
[exp 15:53:35] bl=27p tgt=5.0ms dr=161.5/s tp=5.004Mbps eBPF=YES:83 [static_fqcodel]
[exp 15:53:41] bl=19p tgt=5.0ms dr=168.9/s tp=5.002Mbps eBPF=YES:83 [static_fqcodel]
[exp 15:53:47] bl=21p tgt=5.0ms dr=159.5/s tp=4.999Mbps eBPF=YES:83 [static_fqcodel]
[exp 15:53:53] bl=18p tgt=5.0ms dr=175.5/s tp=4.999Mbps eBPF=YES:83 [static_fqcodel]
[exp 15:53:59] bl=24p tgt=5.0ms dr=168.9/s tp=4.998Mbps eBPF=YES:83 [static_fqcodel]
[exp 15:54:05] bl=24p tgt=5.0ms dr=167.0/s tp=4.999Mbps eBPF=YES:83 [static_fqcodel]
[exp 15:54:11] bl=0p tgt=5.0ms dr=171.9/s tp=4.996Mbps eBPF=YES:83 [static_fqcodel]
[exp 15:54:17] bl=20p tgt=5.0ms dr=176.0/s tp=4.999Mbps eBPF=YES:83 [static_fqcodel]
[exp 15:54:23] bl=28p tgt=5.0ms dr=169.5/s tp=4.999Mbps eBPF=YES:83 [static_fqcodel]
[exp 15:54:29] bl=22p tgt=5.0ms dr=167.5/s tp=4.999Mbps eBPF=YES:83 [static_fqcodel]
[exp 15:54:35] bl=0p tgt=5.0ms dr=25.4/s tp=0.762Mbps eBPF=YES:83 [static_fqcodel]
[exp 15:54:41] bl=0p tgt=5.0ms dr=0.0/s tp=0.0Mbps eBPF=YES:83 [static_fqcodel]
[exp 15:54:47] bl=0p tgt=5.0ms dr=0.0/s tp=0.0Mbps eBPF=YES:83 [static_fqcodel]
[exp 15:54:53] bl=0p tgt=5.0ms dr=0.0/s tp=0.0Mbps eBPF=YES:83 [static_fqcodel]
[exp 15:54:59] bl=0p tgt=5.0ms dr=0.0/s tp=0.0Mbps eBPF=YES:83 [static_fqcodel]
[exp 15:55:05] bl=0p tgt=5.0ms dr=0.0/s tp=0.0Mbps eBPF=YES:83 [static_fqcodel]
