Connecting to host 10.0.0.1, port 5201
[  6] local 10.0.0.2 port 43218 connected to 10.0.0.1 port 5201
[  8] local 10.0.0.2 port 43224 connected to 10.0.0.1 port 5201
[ 10] local 10.0.0.2 port 43238 connected to 10.0.0.1 port 5201
[ 12] local 10.0.0.2 port 43248 connected to 10.0.0.1 port 5201
[ 14] local 10.0.0.2 port 43262 connected to 10.0.0.1 port 5201
[ 16] local 10.0.0.2 port 43274 connected to 10.0.0.1 port 5201
[ 18] local 10.0.0.2 port 43286 connected to 10.0.0.1 port 5201
[ 20] local 10.0.0.2 port 43290 connected to 10.0.0.1 port 5201
[ ID] Interval           Transfer     Bitrate         Retr  Cwnd
[  6]   0.00-1.00   sec   148 MBytes  1.24 Gbits/sec    0   4.16 MBytes       
[  8]   0.00-1.00   sec   166 MBytes  1.39 Gbits/sec    3   4.15 MBytes       
[ 10]   0.00-1.00   sec   152 MBytes  1.27 Gbits/sec    4   4.05 MBytes       
[ 12]   0.00-1.00   sec   146 MBytes  1.22 Gbits/sec    0   4.08 MBytes       
[ 14]   0.00-1.00   sec   152 MBytes  1.27 Gbits/sec    1   4.03 MBytes       
[ 16]   0.00-1.00   sec   147 MBytes  1.23 Gbits/sec    2   4.15 MBytes       
[ 18]   0.00-1.00   sec   148 MBytes  1.24 Gbits/sec    0   4.13 MBytes       
[ 20]   0.00-1.00   sec   151 MBytes  1.27 Gbits/sec   11   4.08 MBytes       
[SUM]   0.00-1.00   sec  1.18 GBytes  10.1 Gbits/sec   21             
- - - - - - - - - - - - - - - - - - - - - - - - -
[  6]   1.00-2.00   sec   161 MBytes  1.35 Gbits/sec    0   4.16 MBytes       
[  8]   1.00-2.00   sec   177 MBytes  1.49 Gbits/sec    0   4.15 MBytes       
[ 10]   1.00-2.00   sec   168 MBytes  1.41 Gbits/sec    0   4.05 MBytes       
[ 12]   1.00-2.00   sec   175 MBytes  1.47 Gbits/sec    0   4.08 MBytes       
[ 14]   1.00-2.00   sec   166 MBytes  1.40 Gbits/sec    0   4.03 MBytes       
[ 16]   1.00-2.00   sec   162 MBytes  1.36 Gbits/sec    0   4.15 MBytes       
[ 18]   1.00-2.00   sec   176 MBytes  1.48 Gbits/sec    0   4.13 MBytes       
[ 20]   1.00-2.00   sec   165 MBytes  1.38 Gbits/sec    0   4.08 MBytes       
[SUM]   1.00-2.00   sec  1.32 GBytes  11.3 Gbits/sec    0             
- - - - - - - - - - - - - - - - - - - - - - - - -
[  6]   2.00-3.00   sec   167 MBytes  1.40 Gbits/sec    0   4.16 MBytes       
[  8]   2.00-3.00   sec   163 MBytes  1.36 Gbits/sec    0   4.15 MBytes       
[ 10]   2.00-3.00   sec   176 MBytes  1.47 Gbits/sec    0   4.05 MBytes       
[ 12]   2.00-3.00   sec   164 MBytes  1.38 Gbits/sec    0   4.08 MBytes       
[ 14]   2.00-3.00   sec   166 MBytes  1.40 Gbits/sec    0   4.03 MBytes       
[ 16]   2.00-3.00   sec   181 MBytes  1.52 Gbits/sec    0   4.15 MBytes       
[ 18]   2.00-3.00   sec   167 MBytes  1.40 Gbits/sec    0   4.13 MBytes       
[ 20]   2.00-3.00   sec   166 MBytes  1.39 Gbits/sec    0   4.08 MBytes       
[SUM]   2.00-3.00   sec  1.32 GBytes  11.3 Gbits/sec    0             
- - - - - - - - - - - - - - - - - - - - - - - - -
[  6]   3.00-4.00   sec   172 MBytes  1.45 Gbits/sec    0   4.16 MBytes       
[  8]   3.00-4.00   sec   169 MBytes  1.42 Gbits/sec    0   4.15 MBytes       
[ 10]   3.00-4.00   sec   166 MBytes  1.39 Gbits/sec    0   4.05 MBytes       
[ 12]   3.00-4.00   sec   166 MBytes  1.40 Gbits/sec    0   4.08 MBytes       
[ 14]   3.00-4.00   sec   169 MBytes  1.42 Gbits/sec    0   4.03 MBytes       
[ 16]   3.00-4.00   sec   181 MBytes  1.52 Gbits/sec    0   4.15 MBytes       
[ 18]   3.00-4.00   sec   180 MBytes  1.51 Gbits/sec    0   4.13 MBytes       
[ 20]   3.00-4.00   sec   171 MBytes  1.44 Gbits/sec    0   4.08 MBytes       
[SUM]   3.00-4.00   sec  1.34 GBytes  11.5 Gbits/sec    0             
- - - - - - - - - - - - - - - - - - - - - - - - -
[  6]   4.00-5.00   sec   166 MBytes  1.39 Gbits/sec    0   4.16 MBytes       
[  8]   4.00-5.00   sec   170 MBytes  1.42 Gbits/sec    0   4.15 MBytes       
[ 10]   4.00-5.00   sec   170 MBytes  1.43 Gbits/sec    0   4.05 MBytes       
[ 12]   4.00-5.00   sec   165 MBytes  1.38 Gbits/sec    0   4.08 MBytes       
[ 14]   4.00-5.00   sec   166 MBytes  1.40 Gbits/sec    0   4.03 MBytes       
[ 16]   4.00-5.00   sec   169 MBytes  1.42 Gbits/sec    0   4.15 MBytes       
[ 18]   4.00-5.00   sec   168 MBytes  1.41 Gbits/sec    0   4.13 MBytes       
[ 20]   4.00-5.00   sec   186 MBytes  1.56 Gbits/sec    0   4.08 MBytes       
[SUM]   4.00-5.00   sec  1.33 GBytes  11.4 Gbits/sec    0             
- - - - - - - - - - - - - - - - - - - - - - - - -
[  6]   5.00-6.00   sec   171 MBytes  1.43 Gbits/sec    0   4.16 MBytes       
[  8]   5.00-6.00   sec   166 MBytes  1.39 Gbits/sec    0   4.15 MBytes       
[ 10]   5.00-6.00   sec   169 MBytes  1.42 Gbits/sec    0   4.05 MBytes       
[ 12]   5.00-6.00   sec   170 MBytes  1.43 Gbits/sec    0   4.08 MBytes       
[ 14]   5.00-6.00   sec   167 MBytes  1.40 Gbits/sec    0   4.03 MBytes       
[ 16]   5.00-6.00   sec   171 MBytes  1.44 Gbits/sec    0   4.15 MBytes       
[ 18]   5.00-6.00   sec   175 MBytes  1.47 Gbits/sec    0   4.13 MBytes       
[ 20]   5.00-6.00   sec   174 MBytes  1.46 Gbits/sec    0   4.08 MBytes       
[SUM]   5.00-6.00   sec  1.33 GBytes  11.4 Gbits/sec    0             
- - - - - - - - - - - - - - - - - - - - - - - - -
[  6]   6.00-7.00   sec   173 MBytes  1.45 Gbits/sec    0   4.16 MBytes       
[  8]   6.00-7.00   sec   174 MBytes  1.46 Gbits/sec    0   4.15 MBytes       
[ 10]   6.00-7.00   sec   178 MBytes  1.49 Gbits/sec    0   4.05 MBytes       
[ 12]   6.00-7.00   sec   173 MBytes  1.45 Gbits/sec    0   4.08 MBytes       
[ 14]   6.00-7.00   sec   176 MBytes  1.48 Gbits/sec    0   4.03 MBytes       
[ 16]   6.00-7.00   sec   184 MBytes  1.54 Gbits/sec    0   4.15 MBytes       
[ 18]   6.00-7.00   sec   190 MBytes  1.59 Gbits/sec    0   4.13 MBytes       
[ 20]   6.00-7.00   sec   179 MBytes  1.50 Gbits/sec    0   4.08 MBytes       
[SUM]   6.00-7.00   sec  1.39 GBytes  12.0 Gbits/sec    0             
- - - - - - - - - - - - - - - - - - - - - - - - -
[  6]   7.00-8.00   sec   189 MBytes  1.58 Gbits/sec    0   4.16 MBytes       
[  8]   7.00-8.00   sec   204 MBytes  1.71 Gbits/sec    0   4.15 MBytes       
[ 10]   7.00-8.00   sec   180 MBytes  1.51 Gbits/sec    0   4.05 MBytes       
[ 12]   7.00-8.00   sec   186 MBytes  1.56 Gbits/sec    0   4.08 MBytes       
[ 14]   7.00-8.00   sec   178 MBytes  1.50 Gbits/sec    0   4.03 MBytes       
[ 16]   7.00-8.00   sec   196 MBytes  1.64 Gbits/sec    0   4.15 MBytes       
[ 18]   7.00-8.00   sec   178 MBytes  1.49 Gbits/sec    0   4.13 MBytes       
[ 20]   7.00-8.00   sec   179 MBytes  1.50 Gbits/sec    0   4.08 MBytes       
[SUM]   7.00-8.00   sec  1.45 GBytes  12.5 Gbits/sec    0             
- - - - - - - - - - - - - - - - - - - - - - - - -
[  6]   8.00-9.00   sec   186 MBytes  1.56 Gbits/sec    0   4.16 MBytes       
[  8]   8.00-9.00   sec   169 MBytes  1.42 Gbits/sec    0   4.15 MBytes       
[ 10]   8.00-9.00   sec   179 MBytes  1.50 Gbits/sec    0   4.05 MBytes       
[ 12]   8.00-9.00   sec   180 MBytes  1.51 Gbits/sec    0   4.08 MBytes       
[ 14]   8.00-9.00   sec   176 MBytes  1.48 Gbits/sec    0   4.03 MBytes       
[ 16]   8.00-9.00   sec   182 MBytes  1.53 Gbits/sec    0   4.15 MBytes       
[ 18]   8.00-9.00   sec   171 MBytes  1.43 Gbits/sec    0   4.13 MBytes       
[ 20]   8.00-9.00   sec   187 MBytes  1.57 Gbits/sec    0   4.08 MBytes       
[SUM]   8.00-9.00   sec  1.40 GBytes  12.0 Gbits/sec    0             
- - - - - - - - - - - - - - - - - - - - - - - - -
[  6]   9.00-10.00  sec   185 MBytes  1.56 Gbits/sec    0   4.16 MBytes       
[  8]   9.00-10.00  sec   163 MBytes  1.37 Gbits/sec    0   4.15 MBytes       
[ 10]   9.00-10.00  sec   181 MBytes  1.52 Gbits/sec    0   4.05 MBytes       
[ 12]   9.00-10.00  sec   174 MBytes  1.46 Gbits/sec    0   4.08 MBytes       
[ 14]   9.00-10.00  sec   190 MBytes  1.60 Gbits/sec    0   4.03 MBytes       
[ 16]   9.00-10.00  sec   197 MBytes  1.65 Gbits/sec    0   4.15 MBytes       
[ 18]   9.00-10.00  sec   174 MBytes  1.46 Gbits/sec    0   4.13 MBytes       
[ 20]   9.00-10.00  sec   184 MBytes  1.55 Gbits/sec    0   4.08 MBytes       
[SUM]   9.00-10.00  sec  1.41 GBytes  12.2 Gbits/sec    0             
- - - - - - - - - - - - - - - - - - - - - - - - -
[  6]  10.00-11.00  sec   178 MBytes  1.50 Gbits/sec    0   4.16 MBytes       
[  8]  10.00-11.00  sec   182 MBytes  1.53 Gbits/sec    0   4.15 MBytes       
[ 10]  10.00-11.00  sec   194 MBytes  1.63 Gbits/sec    0   4.05 MBytes       
[ 12]  10.00-11.00  sec   182 MBytes  1.53 Gbits/sec    0   4.08 MBytes       
[ 14]  10.00-11.00  sec   211 MBytes  1.77 Gbits/sec    0   4.03 MBytes       
[ 16]  10.00-11.00  sec   190 MBytes  1.59 Gbits/sec    0   4.15 MBytes       
[ 18]  10.00-11.00  sec   179 MBytes  1.50 Gbits/sec    0   4.13 MBytes       
[ 20]  10.00-11.00  sec   195 MBytes  1.63 Gbits/sec    0   4.08 MBytes       
[SUM]  10.00-11.00  sec  1.48 GBytes  12.7 Gbits/sec    0             
- - - - - - - - - - - - - - - - - - - - - - - - -
[  6]  11.00-12.00  sec   184 MBytes  1.55 Gbits/sec    0   4.16 MBytes       
[  8]  11.00-12.00  sec   179 MBytes  1.50 Gbits/sec    0   4.15 MBytes       
[ 10]  11.00-12.00  sec   194 MBytes  1.62 Gbits/sec    0   4.05 MBytes       
[ 12]  11.00-12.00  sec   175 MBytes  1.47 Gbits/sec    0   4.08 MBytes       
[ 14]  11.00-12.00  sec   194 MBytes  1.63 Gbits/sec    0   4.03 MBytes       
[ 16]  11.00-12.00  sec   189 MBytes  1.58 Gbits/sec    0   4.15 MBytes       
[ 18]  11.00-12.00  sec   181 MBytes  1.52 Gbits/sec    0   4.13 MBytes       
[ 20]  11.00-12.00  sec   194 MBytes  1.63 Gbits/sec    0   4.08 MBytes       
[SUM]  11.00-12.00  sec  1.45 GBytes  12.5 Gbits/sec    0             
- - - - - - - - - - - - - - - - - - - - - - - - -
[  6]  12.00-13.00  sec   193 MBytes  1.62 Gbits/sec    0   4.16 MBytes       
[  8]  12.00-13.00  sec   174 MBytes  1.46 Gbits/sec    0   4.15 MBytes       
[ 10]  12.00-13.00  sec   195 MBytes  1.64 Gbits/sec    0   4.05 MBytes       
[ 12]  12.00-13.00  sec   178 MBytes  1.49 Gbits/sec    0   4.08 MBytes       
[ 14]  12.00-13.00  sec   191 MBytes  1.60 Gbits/sec    0   4.03 MBytes       
[ 16]  12.00-13.00  sec   191 MBytes  1.60 Gbits/sec    0   4.15 MBytes       
[ 18]  12.00-13.00  sec   199 MBytes  1.67 Gbits/sec    0   4.13 MBytes       
[ 20]  12.00-13.00  sec   189 MBytes  1.58 Gbits/sec    0   4.08 MBytes       
[SUM]  12.00-13.00  sec  1.47 GBytes  12.7 Gbits/sec    0             
- - - - - - - - - - - - - - - - - - - - - - - - -
[  6]  13.00-14.00  sec   173 MBytes  1.45 Gbits/sec    0   4.16 MBytes       
[  8]  13.00-14.00  sec   177 MBytes  1.49 Gbits/sec    0   4.15 MBytes       
[ 10]  13.00-14.00  sec   196 MBytes  1.65 Gbits/sec    0   4.05 MBytes       
[ 12]  13.00-14.00  sec   180 MBytes  1.51 Gbits/sec    0   4.08 MBytes       
[ 14]  13.00-14.00  sec   196 MBytes  1.64 Gbits/sec    0   4.03 MBytes       
[ 16]  13.00-14.00  sec   181 MBytes  1.52 Gbits/sec    0   4.15 MBytes       
[ 18]  13.00-14.00  sec   187 MBytes  1.57 Gbits/sec    0   4.13 MBytes       
[ 20]  13.00-14.00  sec   191 MBytes  1.60 Gbits/sec    0   4.08 MBytes       
[SUM]  13.00-14.00  sec  1.45 GBytes  12.4 Gbits/sec    0             
- - - - - - - - - - - - - - - - - - - - - - - - -
[  6]  14.00-15.00  sec   174 MBytes  1.46 Gbits/sec    0   4.16 MBytes       
[  8]  14.00-15.00  sec   181 MBytes  1.52 Gbits/sec    0   4.15 MBytes       
[ 10]  14.00-15.00  sec   197 MBytes  1.65 Gbits/sec    0   4.05 MBytes       
[ 12]  14.00-15.00  sec   180 MBytes  1.51 Gbits/sec    0   4.08 MBytes       
[ 14]  14.00-15.00  sec   183 MBytes  1.53 Gbits/sec    0   4.03 MBytes       
[ 16]  14.00-15.00  sec   174 MBytes  1.46 Gbits/sec    0   4.15 MBytes       
[ 18]  14.00-15.00  sec   195 MBytes  1.63 Gbits/sec    0   4.13 MBytes       
[ 20]  14.00-15.00  sec   194 MBytes  1.63 Gbits/sec    0   4.08 MBytes       
[SUM]  14.00-15.00  sec  1.44 GBytes  12.4 Gbits/sec    0             
- - - - - - - - - - - - - - - - - - - - - - - - -
[  6]  15.00-16.00  sec   178 MBytes  1.49 Gbits/sec    1   4.16 MBytes       
[  8]  15.00-16.00  sec   167 MBytes  1.40 Gbits/sec    1   4.15 MBytes       
[ 10]  15.00-16.00  sec   189 MBytes  1.58 Gbits/sec    1   4.05 MBytes       
[ 12]  15.00-16.00  sec   166 MBytes  1.40 Gbits/sec    1   4.08 MBytes       
[ 14]  15.00-16.00  sec   179 MBytes  1.50 Gbits/sec    1   4.03 MBytes       
[ 16]  15.00-16.00  sec   175 MBytes  1.47 Gbits/sec    1   4.15 MBytes       
[ 18]  15.00-16.00  sec   168 MBytes  1.41 Gbits/sec    1   4.13 MBytes       
[ 20]  15.00-16.00  sec   173 MBytes  1.46 Gbits/sec    1   4.08 MBytes       
[SUM]  15.00-16.00  sec  1.36 GBytes  11.7 Gbits/sec    8             
- - - - - - - - - - - - - - - - - - - - - - - - -
[  6]  16.00-17.00  sec   165 MBytes  1.39 Gbits/sec    0   4.16 MBytes       
[  8]  16.00-17.00  sec   176 MBytes  1.47 Gbits/sec    0   4.15 MBytes       
[ 10]  16.00-17.00  sec   168 MBytes  1.41 Gbits/sec    0   4.05 MBytes       
[ 12]  16.00-17.00  sec   162 MBytes  1.35 Gbits/sec    0   4.08 MBytes       
[ 14]  16.00-17.00  sec   162 MBytes  1.36 Gbits/sec    0   4.03 MBytes       
[ 16]  16.00-17.00  sec   167 MBytes  1.40 Gbits/sec    0   4.15 MBytes       
[ 18]  16.00-17.00  sec   162 MBytes  1.36 Gbits/sec    0   4.13 MBytes       
[ 20]  16.00-17.00  sec   162 MBytes  1.36 Gbits/sec    0   4.08 MBytes       
[SUM]  16.00-17.00  sec  1.29 GBytes  11.1 Gbits/sec    0             
- - - - - - - - - - - - - - - - - - - - - - - - -
[  6]  17.00-18.00  sec   176 MBytes  1.48 Gbits/sec    0   4.16 MBytes       
[  8]  17.00-18.00  sec   169 MBytes  1.42 Gbits/sec    0   4.15 MBytes       
[ 10]  17.00-18.00  sec   175 MBytes  1.47 Gbits/sec    0   4.05 MBytes       
[ 12]  17.00-18.00  sec   171 MBytes  1.44 Gbits/sec    0   4.08 MBytes       
[ 14]  17.00-18.00  sec   167 MBytes  1.40 Gbits/sec    0   4.03 MBytes       
[ 16]  17.00-18.00  sec   172 MBytes  1.44 Gbits/sec    0   4.15 MBytes       
[ 18]  17.00-18.00  sec   170 MBytes  1.43 Gbits/sec    0   4.13 MBytes       
[ 20]  17.00-18.00  sec   171 MBytes  1.44 Gbits/sec    0   4.08 MBytes       
[SUM]  17.00-18.00  sec  1.34 GBytes  11.5 Gbits/sec    0             
- - - - - - - - - - - - - - - - - - - - - - - - -
[  6]  18.00-19.00  sec   171 MBytes  1.43 Gbits/sec    0   4.16 MBytes       
[  8]  18.00-19.00  sec   168 MBytes  1.41 Gbits/sec    0   4.15 MBytes       
[ 10]  18.00-19.00  sec   172 MBytes  1.45 Gbits/sec    0   4.05 MBytes       
[ 12]  18.00-19.00  sec   174 MBytes  1.46 Gbits/sec    0   4.08 MBytes       
[ 14]  18.00-19.00  sec   174 MBytes  1.45 Gbits/sec    0   4.03 MBytes       
[ 16]  18.00-19.00  sec   171 MBytes  1.44 Gbits/sec    0   4.15 MBytes       
[ 18]  18.00-19.00  sec   163 MBytes  1.37 Gbits/sec    0   4.13 MBytes       
[ 20]  18.00-19.00  sec   174 MBytes  1.46 Gbits/sec    0   4.08 MBytes       
[SUM]  18.00-19.00  sec  1.34 GBytes  11.5 Gbits/sec    0             
- - - - - - - - - - - - - - - - - - - - - - - - -
[  6]  19.00-20.00  sec   172 MBytes  1.45 Gbits/sec    0   4.16 MBytes       
[  8]  19.00-20.00  sec   174 MBytes  1.46 Gbits/sec    0   4.15 MBytes       
[ 10]  19.00-20.00  sec   170 MBytes  1.43 Gbits/sec    0   4.05 MBytes       
[ 12]  19.00-20.00  sec   172 MBytes  1.44 Gbits/sec    0   4.08 MBytes       
[ 14]  19.00-20.00  sec   188 MBytes  1.58 Gbits/sec    0   4.03 MBytes       
[ 16]  19.00-20.00  sec   177 MBytes  1.49 Gbits/sec    0   4.15 MBytes       
[ 18]  19.00-20.00  sec   173 MBytes  1.45 Gbits/sec    0   4.13 MBytes       
[ 20]  19.00-20.00  sec   174 MBytes  1.46 Gbits/sec    0   4.08 MBytes       
[SUM]  19.00-20.00  sec  1.37 GBytes  11.8 Gbits/sec    0             
- - - - - - - - - - - - - - - - - - - - - - - - -
[  6]  20.00-21.00  sec   172 MBytes  1.44 Gbits/sec    0   4.16 MBytes       
[  8]  20.00-21.00  sec   186 MBytes  1.56 Gbits/sec    0   4.15 MBytes       
[ 10]  20.00-21.00  sec   173 MBytes  1.45 Gbits/sec    0   4.05 MBytes       
[ 12]  20.00-21.00  sec   189 MBytes  1.59 Gbits/sec    0   4.08 MBytes       
[ 14]  20.00-21.00  sec   179 MBytes  1.50 Gbits/sec    0   4.03 MBytes       
[ 16]  20.00-21.00  sec   176 MBytes  1.48 Gbits/sec    0   4.15 MBytes       
[ 18]  20.00-21.00  sec   174 MBytes  1.46 Gbits/sec    0   4.13 MBytes       
[ 20]  20.00-21.00  sec   184 MBytes  1.54 Gbits/sec    0   4.08 MBytes       
[SUM]  20.00-21.00  sec  1.40 GBytes  12.0 Gbits/sec    0             
- - - - - - - - - - - - - - - - - - - - - - - - -
[  6]  21.00-22.00  sec   180 MBytes  1.51 Gbits/sec    0   4.16 MBytes       
[  8]  21.00-22.00  sec   208 MBytes  1.75 Gbits/sec    0   4.15 MBytes       
[ 10]  21.00-22.00  sec   193 MBytes  1.62 Gbits/sec    0   4.05 MBytes       
[ 12]  21.00-22.00  sec   190 MBytes  1.59 Gbits/sec    0   4.08 MBytes       
[ 14]  21.00-22.00  sec   188 MBytes  1.58 Gbits/sec    0   4.03 MBytes       
[ 16]  21.00-22.00  sec   195 MBytes  1.63 Gbits/sec    0   4.15 MBytes       
[ 18]  21.00-22.00  sec   186 MBytes  1.56 Gbits/sec    0   4.13 MBytes       
[ 20]  21.00-22.00  sec   195 MBytes  1.64 Gbits/sec    0   4.08 MBytes       
[SUM]  21.00-22.00  sec  1.50 GBytes  12.9 Gbits/sec    0             
- - - - - - - - - - - - - - - - - - - - - - - - -
[  6]  22.00-23.00  sec   212 MBytes  1.78 Gbits/sec    0   4.16 MBytes       
[  8]  22.00-23.00  sec   220 MBytes  1.85 Gbits/sec    0   4.15 MBytes       
[ 10]  22.00-23.00  sec   213 MBytes  1.79 Gbits/sec    0   4.05 MBytes       
[ 12]  22.00-23.00  sec   202 MBytes  1.69 Gbits/sec    0   4.08 MBytes       
[ 14]  22.00-23.00  sec   211 MBytes  1.77 Gbits/sec    0   4.03 MBytes       
[ 16]  22.00-23.00  sec   197 MBytes  1.65 Gbits/sec    0   4.15 MBytes       
[ 18]  22.00-23.00  sec   194 MBytes  1.62 Gbits/sec    0   4.13 MBytes       
[ 20]  22.00-23.00  sec   214 MBytes  1.79 Gbits/sec    0   4.08 MBytes       
[SUM]  22.00-23.00  sec  1.62 GBytes  13.9 Gbits/sec    0             
- - - - - - - - - - - - - - - - - - - - - - - - -
[  6]  23.00-24.00  sec   209 MBytes  1.76 Gbits/sec    0   4.16 MBytes       
[  8]  23.00-24.00  sec   221 MBytes  1.86 Gbits/sec    0   4.15 MBytes       
[ 10]  23.00-24.00  sec   201 MBytes  1.68 Gbits/sec    0   4.05 MBytes       
[ 12]  23.00-24.00  sec   203 MBytes  1.70 Gbits/sec    0   4.08 MBytes       
[ 14]  23.00-24.00  sec   204 MBytes  1.71 Gbits/sec    0   4.03 MBytes       
[ 16]  23.00-24.00  sec   190 MBytes  1.59 Gbits/sec    0   4.15 MBytes       
[ 18]  23.00-24.00  sec   201 MBytes  1.69 Gbits/sec    0   4.13 MBytes       
[ 20]  23.00-24.00  sec   218 MBytes  1.82 Gbits/sec    0   4.08 MBytes       
[SUM]  23.00-24.00  sec  1.61 GBytes  13.8 Gbits/sec    0             
- - - - - - - - - - - - - - - - - - - - - - - - -
[  6]  24.00-25.00  sec   202 MBytes  1.70 Gbits/sec    0   4.16 MBytes       
[  8]  24.00-25.00  sec   223 MBytes  1.87 Gbits/sec    0   4.15 MBytes       
[ 10]  24.00-25.00  sec   204 MBytes  1.71 Gbits/sec    0   4.05 MBytes       
[ 12]  24.00-25.00  sec   208 MBytes  1.75 Gbits/sec    0   4.08 MBytes       
[ 14]  24.00-25.00  sec   205 MBytes  1.72 Gbits/sec    0   4.03 MBytes       
[ 16]  24.00-25.00  sec   194 MBytes  1.63 Gbits/sec    0   4.15 MBytes       
[ 18]  24.00-25.00  sec   206 MBytes  1.72 Gbits/sec    0   4.13 MBytes       
[ 20]  24.00-25.00  sec   212 MBytes  1.78 Gbits/sec    0   4.08 MBytes       
[SUM]  24.00-25.00  sec  1.62 GBytes  13.9 Gbits/sec    0             
- - - - - - - - - - - - - - - - - - - - - - - - -
[  6]  25.00-26.00  sec   198 MBytes  1.66 Gbits/sec    0   4.16 MBytes       
[  8]  25.00-26.00  sec   216 MBytes  1.81 Gbits/sec    0   4.15 MBytes       
[ 10]  25.00-26.00  sec   208 MBytes  1.74 Gbits/sec    0   4.05 MBytes       
[ 12]  25.00-26.00  sec   220 MBytes  1.85 Gbits/sec    0   4.08 MBytes       
[ 14]  25.00-26.00  sec   210 MBytes  1.76 Gbits/sec    0   4.03 MBytes       
[ 16]  25.00-26.00  sec   209 MBytes  1.75 Gbits/sec    0   4.15 MBytes       
[ 18]  25.00-26.00  sec   204 MBytes  1.71 Gbits/sec    0   4.13 MBytes       
[ 20]  25.00-26.00  sec   209 MBytes  1.75 Gbits/sec    0   4.08 MBytes       
[SUM]  25.00-26.00  sec  1.63 GBytes  14.0 Gbits/sec    0             
- - - - - - - - - - - - - - - - - - - - - - - - -
[  6]  26.00-27.00  sec   206 MBytes  1.73 Gbits/sec    0   4.16 MBytes       
[  8]  26.00-27.00  sec   197 MBytes  1.65 Gbits/sec    0   4.15 MBytes       
[ 10]  26.00-27.00  sec   221 MBytes  1.85 Gbits/sec    0   4.05 MBytes       
[ 12]  26.00-27.00  sec   226 MBytes  1.90 Gbits/sec    0   4.08 MBytes       
[ 14]  26.00-27.00  sec   227 MBytes  1.90 Gbits/sec    0   4.03 MBytes       
[ 16]  26.00-27.00  sec   213 MBytes  1.79 Gbits/sec    0   4.15 MBytes       
[ 18]  26.00-27.00  sec   214 MBytes  1.79 Gbits/sec    0   4.13 MBytes       
[ 20]  26.00-27.00  sec   212 MBytes  1.78 Gbits/sec    0   4.08 MBytes       
[SUM]  26.00-27.00  sec  1.68 GBytes  14.4 Gbits/sec    0             
- - - - - - - - - - - - - - - - - - - - - - - - -
[  6]  27.00-28.00  sec   223 MBytes  1.87 Gbits/sec    0   4.16 MBytes       
[  8]  27.00-28.00  sec   189 MBytes  1.59 Gbits/sec    0   4.15 MBytes       
[ 10]  27.00-28.00  sec   227 MBytes  1.90 Gbits/sec    0   4.05 MBytes       
[ 12]  27.00-28.00  sec   226 MBytes  1.89 Gbits/sec    0   4.08 MBytes       
[ 14]  27.00-28.00  sec   218 MBytes  1.83 Gbits/sec    0   4.03 MBytes       
[ 16]  27.00-28.00  sec   222 MBytes  1.86 Gbits/sec    0   4.15 MBytes       
[ 18]  27.00-28.00  sec   216 MBytes  1.81 Gbits/sec    0   4.13 MBytes       
[ 20]  27.00-28.00  sec   206 MBytes  1.73 Gbits/sec    0   4.08 MBytes       
[SUM]  27.00-28.00  sec  1.69 GBytes  14.5 Gbits/sec    0             
- - - - - - - - - - - - - - - - - - - - - - - - -
[  6]  28.00-29.00  sec   221 MBytes  1.86 Gbits/sec    0   4.16 MBytes       
[  8]  28.00-29.00  sec   224 MBytes  1.88 Gbits/sec    0   4.15 MBytes       
[ 10]  28.00-29.00  sec   224 MBytes  1.88 Gbits/sec    0   4.05 MBytes       
[ 12]  28.00-29.00  sec   245 MBytes  2.06 Gbits/sec    0   4.08 MBytes       
[ 14]  28.00-29.00  sec   216 MBytes  1.81 Gbits/sec    0   4.03 MBytes       
[ 16]  28.00-29.00  sec   231 MBytes  1.93 Gbits/sec    0   4.15 MBytes       
[ 18]  28.00-29.00  sec   228 MBytes  1.91 Gbits/sec    0   4.13 MBytes       
[ 20]  28.00-29.00  sec   216 MBytes  1.81 Gbits/sec    0   4.08 MBytes       
[SUM]  28.00-29.00  sec  1.76 GBytes  15.1 Gbits/sec    0             
- - - - - - - - - - - - - - - - - - - - - - - - -
[  6]  29.00-30.00  sec   189 MBytes  1.59 Gbits/sec    0   4.16 MBytes       
[  8]  29.00-30.00  sec   227 MBytes  1.91 Gbits/sec    0   4.15 MBytes       
[ 10]  29.00-30.00  sec   235 MBytes  1.97 Gbits/sec    0   4.05 MBytes       
[ 12]  29.00-30.00  sec   230 MBytes  1.93 Gbits/sec    0   4.08 MBytes       
[ 14]  29.00-30.00  sec   234 MBytes  1.97 Gbits/sec    0   4.03 MBytes       
[ 16]  29.00-30.00  sec   250 MBytes  2.10 Gbits/sec    0   4.15 MBytes       
[ 18]  29.00-30.00  sec   235 MBytes  1.97 Gbits/sec    0   4.13 MBytes       
[ 20]  29.00-30.00  sec   197 MBytes  1.66 Gbits/sec    0   4.08 MBytes       
[SUM]  29.00-30.00  sec  1.76 GBytes  15.1 Gbits/sec    0             
- - - - - - - - - - - - - - - - - - - - - - - - -
[  6]  30.00-31.00  sec   194 MBytes  1.63 Gbits/sec    0   4.16 MBytes       
[  8]  30.00-31.00  sec   207 MBytes  1.73 Gbits/sec    0   4.15 MBytes       
[ 10]  30.00-31.00  sec   241 MBytes  2.02 Gbits/sec    0   4.05 MBytes       
[ 12]  30.00-31.00  sec   220 MBytes  1.85 Gbits/sec    0   4.08 MBytes       
[ 14]  30.00-31.00  sec   240 MBytes  2.01 Gbits/sec    0   4.03 MBytes       
[ 16]  30.00-31.00  sec   220 MBytes  1.85 Gbits/sec    0   4.15 MBytes       
[ 18]  30.00-31.00  sec   220 MBytes  1.85 Gbits/sec    0   4.13 MBytes       
[ 20]  30.00-31.00  sec   225 MBytes  1.89 Gbits/sec    0   4.08 MBytes       
[SUM]  30.00-31.00  sec  1.73 GBytes  14.8 Gbits/sec    0             
- - - - - - - - - - - - - - - - - - - - - - - - -
[  6]  31.00-32.00  sec   200 MBytes  1.68 Gbits/sec    0   4.16 MBytes       
[  8]  31.00-32.00  sec   214 MBytes  1.80 Gbits/sec    0   4.15 MBytes       
[ 10]  31.00-32.00  sec   234 MBytes  1.97 Gbits/sec    0   4.05 MBytes       
[ 12]  31.00-32.00  sec   213 MBytes  1.78 Gbits/sec    0   4.08 MBytes       
[ 14]  31.00-32.00  sec   242 MBytes  2.03 Gbits/sec    0   4.03 MBytes       
[ 16]  31.00-32.00  sec   225 MBytes  1.89 Gbits/sec    0   4.15 MBytes       
[ 18]  31.00-32.00  sec   188 MBytes  1.58 Gbits/sec    0   4.13 MBytes       
[ 20]  31.00-32.00  sec   218 MBytes  1.83 Gbits/sec    0   4.08 MBytes       
[SUM]  31.00-32.00  sec  1.69 GBytes  14.6 Gbits/sec    0             
- - - - - - - - - - - - - - - - - - - - - - - - -
[  6]  32.00-33.00  sec   198 MBytes  1.66 Gbits/sec    0   4.16 MBytes       
[  8]  32.00-33.00  sec   221 MBytes  1.85 Gbits/sec    0   4.15 MBytes       
[ 10]  32.00-33.00  sec   227 MBytes  1.90 Gbits/sec    0   4.05 MBytes       
[ 12]  32.00-33.00  sec   236 MBytes  1.98 Gbits/sec    0   4.08 MBytes       
[ 14]  32.00-33.00  sec   271 MBytes  2.28 Gbits/sec    0   4.03 MBytes       
[ 16]  32.00-33.00  sec   228 MBytes  1.91 Gbits/sec    0   4.15 MBytes       
[ 18]  32.00-33.00  sec   204 MBytes  1.71 Gbits/sec    0   4.13 MBytes       
[ 20]  32.00-33.00  sec   218 MBytes  1.83 Gbits/sec    0   4.08 MBytes       
[SUM]  32.00-33.00  sec  1.76 GBytes  15.1 Gbits/sec    0             
- - - - - - - - - - - - - - - - - - - - - - - - -
[  6]  33.00-34.00  sec   214 MBytes  1.80 Gbits/sec    0   4.16 MBytes       
[  8]  33.00-34.00  sec   217 MBytes  1.82 Gbits/sec    0   4.15 MBytes       
[ 10]  33.00-34.00  sec   198 MBytes  1.66 Gbits/sec    0   4.05 MBytes       
[ 12]  33.00-34.00  sec   269 MBytes  2.26 Gbits/sec    0   4.08 MBytes       
[ 14]  33.00-34.00  sec   210 MBytes  1.76 Gbits/sec    0   4.03 MBytes       
[ 16]  33.00-34.00  sec   232 MBytes  1.95 Gbits/sec    0   4.15 MBytes       
[ 18]  33.00-34.00  sec   208 MBytes  1.74 Gbits/sec    0   4.13 MBytes       
[ 20]  33.00-34.00  sec   223 MBytes  1.87 Gbits/sec    0   4.08 MBytes       
[SUM]  33.00-34.00  sec  1.73 GBytes  14.9 Gbits/sec    0             
- - - - - - - - - - - - - - - - - - - - - - - - -
[  6]  34.00-35.00  sec   206 MBytes  1.73 Gbits/sec    0   4.16 MBytes       
[  8]  34.00-35.00  sec   221 MBytes  1.86 Gbits/sec    0   4.15 MBytes       
[ 10]  34.00-35.00  sec   226 MBytes  1.90 Gbits/sec    0   4.05 MBytes       
[ 12]  34.00-35.00  sec   207 MBytes  1.74 Gbits/sec    0   4.08 MBytes       
[ 14]  34.00-35.00  sec   194 MBytes  1.63 Gbits/sec    0   4.03 MBytes       
[ 16]  34.00-35.00  sec   250 MBytes  2.10 Gbits/sec    0   4.15 MBytes       
[ 18]  34.00-35.00  sec   214 MBytes  1.79 Gbits/sec    0   4.13 MBytes       
[ 20]  34.00-35.00  sec   216 MBytes  1.81 Gbits/sec    0   4.08 MBytes       
[SUM]  34.00-35.00  sec  1.69 GBytes  14.6 Gbits/sec    0             
- - - - - - - - - - - - - - - - - - - - - - - - -
[  6]  35.00-36.00  sec   222 MBytes  1.87 Gbits/sec    0   4.16 MBytes       
[  8]  35.00-36.00  sec   235 MBytes  1.97 Gbits/sec    0   4.15 MBytes       
[ 10]  35.00-36.00  sec   232 MBytes  1.94 Gbits/sec    0   4.05 MBytes       
[ 12]  35.00-36.00  sec   219 MBytes  1.84 Gbits/sec    0   4.08 MBytes       
[ 14]  35.00-36.00  sec   201 MBytes  1.69 Gbits/sec    0   4.03 MBytes       
[ 16]  35.00-36.00  sec   254 MBytes  2.13 Gbits/sec    0   4.15 MBytes       
[ 18]  35.00-36.00  sec   213 MBytes  1.79 Gbits/sec    0   4.13 MBytes       
[ 20]  35.00-36.00  sec   228 MBytes  1.91 Gbits/sec    0   4.08 MBytes       
[SUM]  35.00-36.00  sec  1.76 GBytes  15.1 Gbits/sec    0             
- - - - - - - - - - - - - - - - - - - - - - - - -
[  6]  36.00-37.00  sec   223 MBytes  1.87 Gbits/sec    0   4.16 MBytes       
[  8]  36.00-37.00  sec   265 MBytes  2.22 Gbits/sec    0   4.15 MBytes       
[ 10]  36.00-37.00  sec   208 MBytes  1.75 Gbits/sec    0   4.05 MBytes       
[ 12]  36.00-37.00  sec   251 MBytes  2.11 Gbits/sec    0   4.08 MBytes       
[ 14]  36.00-37.00  sec   211 MBytes  1.77 Gbits/sec    0   4.03 MBytes       
[ 16]  36.00-37.00  sec   278 MBytes  2.33 Gbits/sec    0   4.15 MBytes       
[ 18]  36.00-37.00  sec   236 MBytes  1.98 Gbits/sec    0   4.13 MBytes       
[ 20]  36.00-37.00  sec   252 MBytes  2.11 Gbits/sec    0   4.08 MBytes       
[SUM]  36.00-37.00  sec  1.88 GBytes  16.1 Gbits/sec    0             
- - - - - - - - - - - - - - - - - - - - - - - - -
[  6]  37.00-38.00  sec   244 MBytes  2.05 Gbits/sec    0   4.16 MBytes       
[  8]  37.00-38.00  sec   264 MBytes  2.21 Gbits/sec    0   4.15 MBytes       
[ 10]  37.00-38.00  sec   240 MBytes  2.02 Gbits/sec    0   4.05 MBytes       
[ 12]  37.00-38.00  sec   259 MBytes  2.17 Gbits/sec    0   4.08 MBytes       
[ 14]  37.00-38.00  sec   200 MBytes  1.68 Gbits/sec    0   4.03 MBytes       
[ 16]  37.00-38.00  sec   265 MBytes  2.22 Gbits/sec    0   4.15 MBytes       
[ 18]  37.00-38.00  sec   238 MBytes  1.99 Gbits/sec    0   4.13 MBytes       
[ 20]  37.00-38.00  sec   344 MBytes  2.88 Gbits/sec    0   4.08 MBytes       
[SUM]  37.00-38.00  sec  2.01 GBytes  17.2 Gbits/sec    0             
- - - - - - - - - - - - - - - - - - - - - - - - -
[  6]  38.00-39.00  sec   250 MBytes  2.10 Gbits/sec    0   4.16 MBytes       
[  8]  38.00-39.00  sec   277 MBytes  2.32 Gbits/sec    0   4.15 MBytes       
[ 10]  38.00-39.00  sec   220 MBytes  1.85 Gbits/sec    0   4.05 MBytes       
[ 12]  38.00-39.00  sec   254 MBytes  2.13 Gbits/sec    0   4.08 MBytes       
[ 14]  38.00-39.00  sec   210 MBytes  1.77 Gbits/sec    0   4.03 MBytes       
[ 16]  38.00-39.00  sec   299 MBytes  2.51 Gbits/sec    0   4.15 MBytes       
[ 18]  38.00-39.00  sec   249 MBytes  2.09 Gbits/sec    0   4.13 MBytes       
[ 20]  38.00-39.00  sec   250 MBytes  2.09 Gbits/sec    0   4.08 MBytes       
[SUM]  38.00-39.00  sec  1.96 GBytes  16.9 Gbits/sec    0             
- - - - - - - - - - - - - - - - - - - - - - - - -
[  6]  39.00-40.00  sec   245 MBytes  2.06 Gbits/sec    0   4.16 MBytes       
[  8]  39.00-40.00  sec   283 MBytes  2.38 Gbits/sec    0   4.15 MBytes       
[ 10]  39.00-40.00  sec   233 MBytes  1.95 Gbits/sec    0   4.05 MBytes       
[ 12]  39.00-40.00  sec   259 MBytes  2.17 Gbits/sec    0   4.08 MBytes       
[ 14]  39.00-40.00  sec   226 MBytes  1.90 Gbits/sec    0   4.03 MBytes       
[ 16]  39.00-40.00  sec   291 MBytes  2.44 Gbits/sec    0   4.15 MBytes       
[ 18]  39.00-40.00  sec   242 MBytes  2.03 Gbits/sec    0   4.13 MBytes       
[ 20]  39.00-40.00  sec   282 MBytes  2.37 Gbits/sec    0   4.08 MBytes       
[SUM]  39.00-40.00  sec  2.01 GBytes  17.3 Gbits/sec    0             
- - - - - - - - - - - - - - - - - - - - - - - - -
[  6]  40.00-41.00  sec   252 MBytes  2.12 Gbits/sec    0   4.16 MBytes       
[  8]  40.00-41.00  sec   278 MBytes  2.33 Gbits/sec    0   4.15 MBytes       
[ 10]  40.00-41.00  sec   234 MBytes  1.96 Gbits/sec    0   4.05 MBytes       
[ 12]  40.00-41.00  sec   258 MBytes  2.16 Gbits/sec    0   4.08 MBytes       
[ 14]  40.00-41.00  sec   232 MBytes  1.95 Gbits/sec    0   4.03 MBytes       
[ 16]  40.00-41.00  sec   300 MBytes  2.52 Gbits/sec    0   4.15 MBytes       
[ 18]  40.00-41.00  sec   255 MBytes  2.14 Gbits/sec    0   4.13 MBytes       
[ 20]  40.00-41.00  sec   270 MBytes  2.27 Gbits/sec    0   4.08 MBytes       
[SUM]  40.00-41.00  sec  2.03 GBytes  17.4 Gbits/sec    0             
- - - - - - - - - - - - - - - - - - - - - - - - -
[  6]  41.00-42.00  sec   287 MBytes  2.41 Gbits/sec    0   4.16 MBytes       
[  8]  41.00-42.00  sec   279 MBytes  2.34 Gbits/sec    0   4.15 MBytes       
[ 10]  41.00-42.00  sec   258 MBytes  2.16 Gbits/sec    0   4.05 MBytes       
[ 12]  41.00-42.00  sec   267 MBytes  2.24 Gbits/sec    0   4.08 MBytes       
[ 14]  41.00-42.00  sec   238 MBytes  2.00 Gbits/sec    0   4.03 MBytes       
[ 16]  41.00-42.00  sec   312 MBytes  2.62 Gbits/sec    0   4.15 MBytes       
[ 18]  41.00-42.00  sec   273 MBytes  2.29 Gbits/sec    0   4.13 MBytes       
[ 20]  41.00-42.00  sec   288 MBytes  2.42 Gbits/sec    0   4.08 MBytes       
[SUM]  41.00-42.00  sec  2.15 GBytes  18.5 Gbits/sec    0             
- - - - - - - - - - - - - - - - - - - - - - - - -
[  6]  42.00-43.00  sec   270 MBytes  2.26 Gbits/sec    0   4.16 MBytes       
[  8]  42.00-43.00  sec   295 MBytes  2.47 Gbits/sec    0   4.15 MBytes       
[ 10]  42.00-43.00  sec   263 MBytes  2.21 Gbits/sec    0   4.05 MBytes       
[ 12]  42.00-43.00  sec   282 MBytes  2.37 Gbits/sec    0   4.08 MBytes       
[ 14]  42.00-43.00  sec   256 MBytes  2.14 Gbits/sec    0   4.03 MBytes       
[ 16]  42.00-43.00  sec   306 MBytes  2.57 Gbits/sec    0   4.15 MBytes       
[ 18]  42.00-43.00  sec   278 MBytes  2.33 Gbits/sec    0   4.13 MBytes       
[ 20]  42.00-43.00  sec   293 MBytes  2.46 Gbits/sec    0   4.08 MBytes       
[SUM]  42.00-43.00  sec  2.19 GBytes  18.8 Gbits/sec    0             
- - - - - - - - - - - - - - - - - - - - - - - - -
[  6]  43.00-44.00  sec   283 MBytes  2.38 Gbits/sec    0   4.16 MBytes       
[  8]  43.00-44.00  sec   309 MBytes  2.59 Gbits/sec    0   4.15 MBytes       
[ 10]  43.00-44.00  sec   270 MBytes  2.27 Gbits/sec    0   4.05 MBytes       
[ 12]  43.00-44.00  sec   294 MBytes  2.47 Gbits/sec    0   4.08 MBytes       
[ 14]  43.00-44.00  sec   259 MBytes  2.17 Gbits/sec    0   4.03 MBytes       
[ 16]  43.00-44.00  sec   335 MBytes  2.81 Gbits/sec    0   4.15 MBytes       
[ 18]  43.00-44.00  sec   286 MBytes  2.40 Gbits/sec    0   4.13 MBytes       
[ 20]  43.00-44.00  sec   292 MBytes  2.45 Gbits/sec    0   4.08 MBytes       
[SUM]  43.00-44.00  sec  2.27 GBytes  19.5 Gbits/sec    0             
- - - - - - - - - - - - - - - - - - - - - - - - -
[  6]  44.00-45.00  sec   293 MBytes  2.46 Gbits/sec    0   4.16 MBytes       
[  8]  44.00-45.00  sec   315 MBytes  2.64 Gbits/sec    0   4.15 MBytes       
[ 10]  44.00-45.00  sec   274 MBytes  2.30 Gbits/sec    0   4.05 MBytes       
[ 12]  44.00-45.00  sec   355 MBytes  2.98 Gbits/sec    0   4.08 MBytes       
[ 14]  44.00-45.00  sec   278 MBytes  2.33 Gbits/sec    0   4.03 MBytes       
[ 16]  44.00-45.00  sec   328 MBytes  2.75 Gbits/sec    0   4.15 MBytes       
[ 18]  44.00-45.00  sec   292 MBytes  2.45 Gbits/sec    0   4.13 MBytes       
[ 20]  44.00-45.00  sec   304 MBytes  2.55 Gbits/sec    0   4.08 MBytes       
[SUM]  44.00-45.00  sec  2.38 GBytes  20.5 Gbits/sec    0             
- - - - - - - - - - - - - - - - - - - - - - - - -
[  6]  45.00-46.00  sec   303 MBytes  2.54 Gbits/sec    0   4.16 MBytes       
[  8]  45.00-46.00  sec   334 MBytes  2.80 Gbits/sec    0   4.15 MBytes       
[ 10]  45.00-46.00  sec   275 MBytes  2.31 Gbits/sec    0   4.05 MBytes       
[ 12]  45.00-46.00  sec   319 MBytes  2.68 Gbits/sec    0   4.08 MBytes       
[ 14]  45.00-46.00  sec   290 MBytes  2.43 Gbits/sec    0   4.03 MBytes       
[ 16]  45.00-46.00  sec   345 MBytes  2.89 Gbits/sec    0   4.15 MBytes       
[ 18]  45.00-46.00  sec   303 MBytes  2.54 Gbits/sec    0   4.13 MBytes       
[ 20]  45.00-46.00  sec   315 MBytes  2.64 Gbits/sec    0   4.08 MBytes       
[SUM]  45.00-46.00  sec  2.43 GBytes  20.8 Gbits/sec    0             
- - - - - - - - - - - - - - - - - - - - - - - - -
[  6]  46.00-47.00  sec   323 MBytes  2.71 Gbits/sec    0   4.16 MBytes       
[  8]  46.00-47.00  sec   347 MBytes  2.91 Gbits/sec    0   4.15 MBytes       
[ 10]  46.00-47.00  sec   297 MBytes  2.49 Gbits/sec    0   4.05 MBytes       
[ 12]  46.00-47.00  sec   307 MBytes  2.58 Gbits/sec    0   4.08 MBytes       
[ 14]  46.00-47.00  sec   294 MBytes  2.46 Gbits/sec    0   4.03 MBytes       
[ 16]  46.00-47.00  sec   357 MBytes  2.99 Gbits/sec    0   4.15 MBytes       
[ 18]  46.00-47.00  sec   312 MBytes  2.62 Gbits/sec    0   4.13 MBytes       
[ 20]  46.00-47.00  sec   337 MBytes  2.82 Gbits/sec    0   4.08 MBytes       
[SUM]  46.00-47.00  sec  2.51 GBytes  21.6 Gbits/sec    0             
- - - - - - - - - - - - - - - - - - - - - - - - -
[  6]  47.00-48.00  sec   340 MBytes  2.85 Gbits/sec    0   4.16 MBytes       
[  8]  47.00-48.00  sec   366 MBytes  3.07 Gbits/sec    0   4.15 MBytes       
[ 10]  47.00-48.00  sec   315 MBytes  2.64 Gbits/sec    0   4.05 MBytes       
[ 12]  47.00-48.00  sec   280 MBytes  2.35 Gbits/sec    0   4.08 MBytes       
[ 14]  47.00-48.00  sec   312 MBytes  2.62 Gbits/sec    0   4.03 MBytes       
[ 16]  47.00-48.00  sec   387 MBytes  3.24 Gbits/sec    0   4.15 MBytes       
[ 18]  47.00-48.00  sec   332 MBytes  2.79 Gbits/sec    0   4.13 MBytes       
[ 20]  47.00-48.00  sec   360 MBytes  3.02 Gbits/sec    0   4.08 MBytes       
[SUM]  47.00-48.00  sec  2.63 GBytes  22.6 Gbits/sec    0             
- - - - - - - - - - - - - - - - - - - - - - - - -
[  6]  48.00-49.00  sec   352 MBytes  2.95 Gbits/sec    0   4.16 MBytes       
[  8]  48.00-49.00  sec   377 MBytes  3.16 Gbits/sec    0   4.15 MBytes       
[ 10]  48.00-49.00  sec   319 MBytes  2.68 Gbits/sec    0   4.05 MBytes       
[ 12]  48.00-49.00  sec   277 MBytes  2.32 Gbits/sec    0   4.08 MBytes       
[ 14]  48.00-49.00  sec   318 MBytes  2.66 Gbits/sec    0   4.03 MBytes       
[ 16]  48.00-49.00  sec   401 MBytes  3.36 Gbits/sec    0   4.15 MBytes       
[ 18]  48.00-49.00  sec   333 MBytes  2.79 Gbits/sec    0   4.13 MBytes       
[ 20]  48.00-49.00  sec   354 MBytes  2.97 Gbits/sec    0   4.08 MBytes       
[SUM]  48.00-49.00  sec  2.67 GBytes  22.9 Gbits/sec    0             
- - - - - - - - - - - - - - - - - - - - - - - - -
[  6]  49.00-50.00  sec   359 MBytes  3.01 Gbits/sec    0   4.16 MBytes       
[  8]  49.00-50.00  sec   392 MBytes  3.29 Gbits/sec    0   4.15 MBytes       
[ 10]  49.00-50.00  sec   334 MBytes  2.81 Gbits/sec    0   4.05 MBytes       
[ 12]  49.00-50.00  sec   296 MBytes  2.48 Gbits/sec    0   4.08 MBytes       
[ 14]  49.00-50.00  sec   203 MBytes  1.71 Gbits/sec    0   4.03 MBytes       
[ 16]  49.00-50.00  sec   415 MBytes  3.49 Gbits/sec    0   4.15 MBytes       
[ 18]  49.00-50.00  sec   333 MBytes  2.79 Gbits/sec    0   4.13 MBytes       
[ 20]  49.00-50.00  sec   372 MBytes  3.12 Gbits/sec    0   4.08 MBytes       
[SUM]  49.00-50.00  sec  2.64 GBytes  22.7 Gbits/sec    0             
- - - - - - - - - - - - - - - - - - - - - - - - -
[  6]  50.00-51.00  sec   373 MBytes  3.13 Gbits/sec    0   4.16 MBytes       
[  8]  50.00-51.00  sec   408 MBytes  3.42 Gbits/sec    0   4.15 MBytes       
[ 10]  50.00-51.00  sec   353 MBytes  2.96 Gbits/sec    0   4.05 MBytes       
[ 12]  50.00-51.00  sec   286 MBytes  2.40 Gbits/sec    0   4.08 MBytes       
[ 14]  50.00-51.00  sec   221 MBytes  1.85 Gbits/sec    0   4.03 MBytes       
[ 16]  50.00-51.00  sec   304 MBytes  2.55 Gbits/sec    0   4.15 MBytes       
[ 18]  50.00-51.00  sec   319 MBytes  2.68 Gbits/sec    0   4.13 MBytes       
[ 20]  50.00-51.00  sec   386 MBytes  3.24 Gbits/sec    0   4.08 MBytes       
[SUM]  50.00-51.00  sec  2.59 GBytes  22.2 Gbits/sec    0             
- - - - - - - - - - - - - - - - - - - - - - - - -
[  6]  51.00-52.00  sec   386 MBytes  3.24 Gbits/sec    0   4.16 MBytes       
[  8]  51.00-52.00  sec   419 MBytes  3.51 Gbits/sec    0   4.15 MBytes       
[ 10]  51.00-52.00  sec   358 MBytes  3.01 Gbits/sec    0   4.05 MBytes       
[ 12]  51.00-52.00  sec   308 MBytes  2.59 Gbits/sec    0   4.08 MBytes       
[ 14]  51.00-52.00  sec   236 MBytes  1.98 Gbits/sec    0   4.03 MBytes       
[ 16]  51.00-52.00  sec   222 MBytes  1.86 Gbits/sec    0   4.15 MBytes       
[ 18]  51.00-52.00  sec   278 MBytes  2.33 Gbits/sec    0   4.13 MBytes       
[ 20]  51.00-52.00  sec   391 MBytes  3.28 Gbits/sec    0   4.08 MBytes       
[SUM]  51.00-52.00  sec  2.54 GBytes  21.8 Gbits/sec    0             
- - - - - - - - - - - - - - - - - - - - - - - - -
[  6]  52.00-53.00  sec   410 MBytes  3.44 Gbits/sec    0   4.16 MBytes       
[  8]  52.00-53.00  sec   424 MBytes  3.56 Gbits/sec    0   4.15 MBytes       
[ 10]  52.00-53.00  sec   380 MBytes  3.19 Gbits/sec    0   4.05 MBytes       
[ 12]  52.00-53.00  sec   280 MBytes  2.35 Gbits/sec    0   4.08 MBytes       
[ 14]  52.00-53.00  sec   241 MBytes  2.02 Gbits/sec    0   4.03 MBytes       
[ 16]  52.00-53.00  sec   224 MBytes  1.88 Gbits/sec    0   4.15 MBytes       
[ 18]  52.00-53.00  sec   294 MBytes  2.47 Gbits/sec    0   4.13 MBytes       
[ 20]  52.00-53.00  sec   394 MBytes  3.31 Gbits/sec    0   4.08 MBytes       
[SUM]  52.00-53.00  sec  2.59 GBytes  22.2 Gbits/sec    0             
- - - - - - - - - - - - - - - - - - - - - - - - -
[  6]  53.00-54.00  sec   426 MBytes  3.57 Gbits/sec    0   4.16 MBytes       
[  8]  53.00-54.00  sec   355 MBytes  2.98 Gbits/sec    0   4.15 MBytes       
[ 10]  53.00-54.00  sec   407 MBytes  3.41 Gbits/sec    0   4.05 MBytes       
[ 12]  53.00-54.00  sec   295 MBytes  2.47 Gbits/sec    0   4.08 MBytes       
[ 14]  53.00-54.00  sec   252 MBytes  2.11 Gbits/sec    0   4.03 MBytes       
[ 16]  53.00-54.00  sec   246 MBytes  2.06 Gbits/sec    0   4.15 MBytes       
[ 18]  53.00-54.00  sec   330 MBytes  2.77 Gbits/sec    0   4.13 MBytes       
[ 20]  53.00-54.00  sec   327 MBytes  2.75 Gbits/sec    0   4.08 MBytes       
[SUM]  53.00-54.00  sec  2.58 GBytes  22.1 Gbits/sec    0             
- - - - - - - - - - - - - - - - - - - - - - - - -
[  6]  54.00-55.00  sec   436 MBytes  3.66 Gbits/sec    0   4.16 MBytes       
[  8]  54.00-55.00  sec   256 MBytes  2.15 Gbits/sec    0   4.15 MBytes       
[ 10]  54.00-55.00  sec   402 MBytes  3.37 Gbits/sec    0   4.05 MBytes       
[ 12]  54.00-55.00  sec   310 MBytes  2.60 Gbits/sec    0   4.08 MBytes       
[ 14]  54.00-55.00  sec   272 MBytes  2.28 Gbits/sec    0   4.03 MBytes       
[ 16]  54.00-55.00  sec   254 MBytes  2.13 Gbits/sec    0   4.15 MBytes       
[ 18]  54.00-55.00  sec   322 MBytes  2.71 Gbits/sec    0   4.13 MBytes       
[ 20]  54.00-55.00  sec   351 MBytes  2.95 Gbits/sec    0   4.08 MBytes       
[SUM]  54.00-55.00  sec  2.54 GBytes  21.8 Gbits/sec    0             
- - - - - - - - - - - - - - - - - - - - - - - - -
[  6]  55.00-56.00  sec   215 MBytes  1.81 Gbits/sec    0   4.16 MBytes       
[  8]  55.00-56.00  sec   274 MBytes  2.30 Gbits/sec    0   4.15 MBytes       
[ 10]  55.00-56.00  sec   393 MBytes  3.30 Gbits/sec    0   4.05 MBytes       
[ 12]  55.00-56.00  sec   323 MBytes  2.71 Gbits/sec    0   4.08 MBytes       
[ 14]  55.00-56.00  sec   286 MBytes  2.40 Gbits/sec    0   4.03 MBytes       
[ 16]  55.00-56.00  sec   286 MBytes  2.40 Gbits/sec    0   4.15 MBytes       
[ 18]  55.00-56.00  sec   330 MBytes  2.77 Gbits/sec    0   4.13 MBytes       
[ 20]  55.00-56.00  sec   357 MBytes  2.99 Gbits/sec    0   4.08 MBytes       
[SUM]  55.00-56.00  sec  2.41 GBytes  20.7 Gbits/sec    0             
- - - - - - - - - - - - - - - - - - - - - - - - -
[  6]  56.00-57.00  sec   200 MBytes  1.67 Gbits/sec    0   4.16 MBytes       
[  8]  56.00-57.00  sec   283 MBytes  2.37 Gbits/sec    0   4.15 MBytes       
[ 10]  56.00-57.00  sec   395 MBytes  3.31 Gbits/sec    0   4.05 MBytes       
[ 12]  56.00-57.00  sec   295 MBytes  2.48 Gbits/sec    0   4.08 MBytes       
[ 14]  56.00-57.00  sec   303 MBytes  2.54 Gbits/sec    0   4.03 MBytes       
[ 16]  56.00-57.00  sec   282 MBytes  2.36 Gbits/sec    0   4.15 MBytes       
[ 18]  56.00-57.00  sec   340 MBytes  2.85 Gbits/sec    0   4.13 MBytes       
[ 20]  56.00-57.00  sec   367 MBytes  3.08 Gbits/sec    0   4.08 MBytes       
[SUM]  56.00-57.00  sec  2.41 GBytes  20.7 Gbits/sec    0             
- - - - - - - - - - - - - - - - - - - - - - - - -
[  6]  57.00-58.00  sec   232 MBytes  1.95 Gbits/sec    0   4.16 MBytes       
[  8]  57.00-58.00  sec   274 MBytes  2.30 Gbits/sec    0   4.15 MBytes       
[ 10]  57.00-58.00  sec   207 MBytes  1.74 Gbits/sec    0   4.05 MBytes       
[ 12]  57.00-58.00  sec   194 MBytes  1.63 Gbits/sec    0   4.08 MBytes       
[ 14]  57.00-58.00  sec   310 MBytes  2.60 Gbits/sec    0   4.03 MBytes       
[ 16]  57.00-58.00  sec   211 MBytes  1.77 Gbits/sec    0   4.15 MBytes       
[ 18]  57.00-58.00  sec   212 MBytes  1.78 Gbits/sec    0   4.13 MBytes       
[ 20]  57.00-58.00  sec   266 MBytes  2.23 Gbits/sec    0   4.08 MBytes       
[SUM]  57.00-58.00  sec  1.86 GBytes  16.0 Gbits/sec    0             
- - - - - - - - - - - - - - - - - - - - - - - - -
[  6]  58.00-59.00  sec   204 MBytes  1.71 Gbits/sec    0   4.16 MBytes       
[  8]  58.00-59.00  sec   220 MBytes  1.85 Gbits/sec    0   4.15 MBytes       
[ 10]  58.00-59.00  sec   208 MBytes  1.75 Gbits/sec    0   4.05 MBytes       
[ 12]  58.00-59.00  sec   206 MBytes  1.73 Gbits/sec    0   4.08 MBytes       
[ 14]  58.00-59.00  sec   224 MBytes  1.88 Gbits/sec    0   4.03 MBytes       
[ 16]  58.00-59.00  sec   207 MBytes  1.74 Gbits/sec    0   4.15 MBytes       
[ 18]  58.00-59.00  sec   216 MBytes  1.81 Gbits/sec    0   4.13 MBytes       
[ 20]  58.00-59.00  sec   193 MBytes  1.62 Gbits/sec    0   4.08 MBytes       
[SUM]  58.00-59.00  sec  1.64 GBytes  14.1 Gbits/sec    0             
- - - - - - - - - - - - - - - - - - - - - - - - -
[  6]  59.00-60.00  sec   210 MBytes  1.77 Gbits/sec    0   4.16 MBytes       
[  8]  59.00-60.00  sec   208 MBytes  1.75 Gbits/sec    0   4.15 MBytes       
[ 10]  59.00-60.00  sec   209 MBytes  1.75 Gbits/sec    0   4.05 MBytes       
[ 12]  59.00-60.00  sec   220 MBytes  1.85 Gbits/sec    0   4.08 MBytes       
[ 14]  59.00-60.00  sec   226 MBytes  1.90 Gbits/sec    0   4.03 MBytes       
[ 16]  59.00-60.00  sec   226 MBytes  1.90 Gbits/sec    0   4.15 MBytes       
[ 18]  59.00-60.00  sec   229 MBytes  1.92 Gbits/sec    0   4.13 MBytes       
[ 20]  59.00-60.00  sec   198 MBytes  1.66 Gbits/sec    0   4.08 MBytes       
[SUM]  59.00-60.00  sec  1.69 GBytes  14.5 Gbits/sec    0             
- - - - - - - - - - - - - - - - - - - - - - - - -
[  6]  60.00-61.00  sec   216 MBytes  1.81 Gbits/sec    0   4.16 MBytes       
[  8]  60.00-61.00  sec   229 MBytes  1.92 Gbits/sec    0   4.15 MBytes       
[ 10]  60.00-61.00  sec   221 MBytes  1.85 Gbits/sec    0   4.05 MBytes       
[ 12]  60.00-61.00  sec   222 MBytes  1.87 Gbits/sec    0   4.08 MBytes       
[ 14]  60.00-61.00  sec   230 MBytes  1.93 Gbits/sec    0   4.03 MBytes       
[ 16]  60.00-61.00  sec   251 MBytes  2.11 Gbits/sec    0   4.15 MBytes       
[ 18]  60.00-61.00  sec   200 MBytes  1.68 Gbits/sec    0   4.13 MBytes       
[ 20]  60.00-61.00  sec   216 MBytes  1.81 Gbits/sec    0   4.08 MBytes       
[SUM]  60.00-61.00  sec  1.74 GBytes  15.0 Gbits/sec    0             
- - - - - - - - - - - - - - - - - - - - - - - - -
[  6]  61.00-62.00  sec   230 MBytes  1.93 Gbits/sec    0   4.16 MBytes       
[  8]  61.00-62.00  sec   269 MBytes  2.26 Gbits/sec    0   4.15 MBytes       
[ 10]  61.00-62.00  sec   243 MBytes  2.04 Gbits/sec    0   4.05 MBytes       
[ 12]  61.00-62.00  sec   247 MBytes  2.07 Gbits/sec    0   4.08 MBytes       
[ 14]  61.00-62.00  sec   236 MBytes  1.98 Gbits/sec    0   4.03 MBytes       
[ 16]  61.00-62.00  sec   258 MBytes  2.17 Gbits/sec    0   4.15 MBytes       
[ 18]  61.00-62.00  sec   213 MBytes  1.79 Gbits/sec    0   4.13 MBytes       
[ 20]  61.00-62.00  sec   228 MBytes  1.92 Gbits/sec    0   4.08 MBytes       
[SUM]  61.00-62.00  sec  1.88 GBytes  16.1 Gbits/sec    0             
- - - - - - - - - - - - - - - - - - - - - - - - -
[  6]  62.00-63.00  sec   417 MBytes  3.50 Gbits/sec    0   4.16 MBytes       
[  8]  62.00-63.00  sec   427 MBytes  3.58 Gbits/sec    0   4.15 MBytes       
[ 10]  62.00-63.00  sec   311 MBytes  2.61 Gbits/sec    0   4.05 MBytes       
[ 12]  62.00-63.00  sec   355 MBytes  2.98 Gbits/sec    0   4.08 MBytes       
[ 14]  62.00-63.00  sec   315 MBytes  2.64 Gbits/sec    0   4.03 MBytes       
[ 16]  62.00-63.00  sec   306 MBytes  2.56 Gbits/sec    0   4.15 MBytes       
[ 18]  62.00-63.00  sec   276 MBytes  2.32 Gbits/sec    0   4.13 MBytes       
[ 20]  62.00-63.00  sec   412 MBytes  3.46 Gbits/sec    0   4.08 MBytes       
[SUM]  62.00-63.00  sec  2.75 GBytes  23.6 Gbits/sec    0             
- - - - - - - - - - - - - - - - - - - - - - - - -
[  6]  63.00-64.00  sec   413 MBytes  3.47 Gbits/sec    0   4.16 MBytes       
[  8]  63.00-64.00  sec   444 MBytes  3.73 Gbits/sec    0   4.15 MBytes       
[ 10]  63.00-64.00  sec   332 MBytes  2.79 Gbits/sec    0   4.05 MBytes       
[ 12]  63.00-64.00  sec   280 MBytes  2.35 Gbits/sec    0   4.08 MBytes       
[ 14]  63.00-64.00  sec   297 MBytes  2.50 Gbits/sec    0   4.03 MBytes       
[ 16]  63.00-64.00  sec   302 MBytes  2.54 Gbits/sec    0   4.15 MBytes       
[ 18]  63.00-64.00  sec   287 MBytes  2.41 Gbits/sec    0   4.13 MBytes       
[ 20]  63.00-64.00  sec   362 MBytes  3.04 Gbits/sec    0   4.08 MBytes       
[SUM]  63.00-64.00  sec  2.65 GBytes  22.8 Gbits/sec    0             
- - - - - - - - - - - - - - - - - - - - - - - - -
[  6]  64.00-65.00  sec   315 MBytes  2.64 Gbits/sec    0   4.16 MBytes       
[  8]  64.00-65.00  sec   382 MBytes  3.20 Gbits/sec    0   4.15 MBytes       
[ 10]  64.00-65.00  sec   361 MBytes  3.03 Gbits/sec    0   4.05 MBytes       
[ 12]  64.00-65.00  sec   363 MBytes  3.05 Gbits/sec    0   4.08 MBytes       
[ 14]  64.00-65.00  sec   367 MBytes  3.07 Gbits/sec    0   4.03 MBytes       
[ 16]  64.00-65.00  sec   315 MBytes  2.64 Gbits/sec    0   4.15 MBytes       
[ 18]  64.00-65.00  sec   267 MBytes  2.24 Gbits/sec    0   4.13 MBytes       
[ 20]  64.00-65.00  sec   276 MBytes  2.31 Gbits/sec    0   4.08 MBytes       
[SUM]  64.00-65.00  sec  2.58 GBytes  22.2 Gbits/sec    0             
- - - - - - - - - - - - - - - - - - - - - - - - -
[  6]  65.00-66.00  sec   456 MBytes  3.82 Gbits/sec    0   4.16 MBytes       
[  8]  65.00-66.00  sec   574 MBytes  4.81 Gbits/sec    0   4.15 MBytes       
[ 10]  65.00-66.00  sec   431 MBytes  3.62 Gbits/sec    0   4.05 MBytes       
[ 12]  65.00-66.00  sec   314 MBytes  2.63 Gbits/sec    0   4.08 MBytes       
[ 14]  65.00-66.00  sec   331 MBytes  2.78 Gbits/sec    0   4.03 MBytes       
[ 16]  65.00-66.00  sec   453 MBytes  3.80 Gbits/sec    0   4.15 MBytes       
[ 18]  65.00-66.00  sec   366 MBytes  3.07 Gbits/sec    0   4.13 MBytes       
[ 20]  65.00-66.00  sec   466 MBytes  3.91 Gbits/sec    0   4.08 MBytes       
[SUM]  65.00-66.00  sec  3.31 GBytes  28.4 Gbits/sec    0             
- - - - - - - - - - - - - - - - - - - - - - - - -
[  6]  66.00-67.00  sec   406 MBytes  3.41 Gbits/sec    0   4.16 MBytes       
[  8]  66.00-67.00  sec   459 MBytes  3.85 Gbits/sec    0   4.15 MBytes       
[ 10]  66.00-67.00  sec   363 MBytes  3.04 Gbits/sec    0   4.05 MBytes       
[ 12]  66.00-67.00  sec   285 MBytes  2.39 Gbits/sec    0   4.08 MBytes       
[ 14]  66.00-67.00  sec   303 MBytes  2.54 Gbits/sec    0   4.03 MBytes       
[ 16]  66.00-67.00  sec   305 MBytes  2.56 Gbits/sec    0   4.15 MBytes       
[ 18]  66.00-67.00  sec   294 MBytes  2.47 Gbits/sec    0   4.13 MBytes       
[ 20]  66.00-67.00  sec   370 MBytes  3.11 Gbits/sec    0   4.08 MBytes       
[SUM]  66.00-67.00  sec  2.72 GBytes  23.4 Gbits/sec    0             
- - - - - - - - - - - - - - - - - - - - - - - - -
[  6]  67.00-68.00  sec   453 MBytes  3.80 Gbits/sec    0   4.16 MBytes       
[  8]  67.00-68.00  sec   632 MBytes  5.30 Gbits/sec    0   4.15 MBytes       
[ 10]  67.00-68.00  sec   632 MBytes  5.31 Gbits/sec    0   4.05 MBytes       
[ 12]  67.00-68.00  sec   506 MBytes  4.25 Gbits/sec    0   4.08 MBytes       
[ 14]  67.00-68.00  sec   671 MBytes  5.63 Gbits/sec    0   4.03 MBytes       
[ 16]  67.00-68.00  sec   508 MBytes  4.26 Gbits/sec    0   4.15 MBytes       
[ 18]  67.00-68.00  sec   623 MBytes  5.23 Gbits/sec    0   4.13 MBytes       
[ 20]  67.00-68.00  sec   571 MBytes  4.79 Gbits/sec    0   4.08 MBytes       
[SUM]  67.00-68.00  sec  4.49 GBytes  38.6 Gbits/sec    0             
- - - - - - - - - - - - - - - - - - - - - - - - -
[  6]  68.00-69.00  sec   728 MBytes  6.11 Gbits/sec    0   4.16 MBytes       
[  8]  68.00-69.00  sec   526 MBytes  4.41 Gbits/sec    0   4.15 MBytes       
[ 10]  68.00-69.00  sec   598 MBytes  5.01 Gbits/sec    0   4.05 MBytes       
[ 12]  68.00-69.00  sec   546 MBytes  4.58 Gbits/sec    0   4.08 MBytes       
[ 14]  68.00-69.00  sec   628 MBytes  5.27 Gbits/sec    0   4.03 MBytes       
[ 16]  68.00-69.00  sec   673 MBytes  5.64 Gbits/sec    0   4.15 MBytes       
[ 18]  68.00-69.00  sec   747 MBytes  6.26 Gbits/sec    0   4.13 MBytes       
[ 20]  68.00-69.00  sec   533 MBytes  4.47 Gbits/sec    0   4.08 MBytes       
[SUM]  68.00-69.00  sec  4.86 GBytes  41.8 Gbits/sec    0             
- - - - - - - - - - - - - - - - - - - - - - - - -
[  6]  69.00-70.00  sec   521 MBytes  4.37 Gbits/sec    0   4.16 MBytes       
[  8]  69.00-70.00  sec   598 MBytes  5.01 Gbits/sec    0   4.15 MBytes       
[ 10]  69.00-70.00  sec   508 MBytes  4.26 Gbits/sec    0   4.05 MBytes       
[ 12]  69.00-70.00  sec   755 MBytes  6.33 Gbits/sec    0   4.08 MBytes       
[ 14]  69.00-70.00  sec   618 MBytes  5.18 Gbits/sec    0   4.03 MBytes       
[ 16]  69.00-70.00  sec   608 MBytes  5.10 Gbits/sec    0   4.15 MBytes       
[ 18]  69.00-70.00  sec   550 MBytes  4.62 Gbits/sec    0   4.13 MBytes       
[ 20]  69.00-70.00  sec   595 MBytes  4.99 Gbits/sec    0   4.08 MBytes       
[SUM]  69.00-70.00  sec  4.64 GBytes  39.9 Gbits/sec    0             
- - - - - - - - - - - - - - - - - - - - - - - - -
[  6]  70.00-71.00  sec   664 MBytes  5.58 Gbits/sec    0   4.16 MBytes       
[  8]  70.00-71.00  sec   587 MBytes  4.93 Gbits/sec    0   4.15 MBytes       
[ 10]  70.00-71.00  sec   646 MBytes  5.42 Gbits/sec    0   4.05 MBytes       
[ 12]  70.00-71.00  sec   544 MBytes  4.57 Gbits/sec    0   4.08 MBytes       
[ 14]  70.00-71.00  sec   606 MBytes  5.09 Gbits/sec    0   4.03 MBytes       
[ 16]  70.00-71.00  sec   661 MBytes  5.55 Gbits/sec    0   4.15 MBytes       
[ 18]  70.00-71.00  sec   474 MBytes  3.98 Gbits/sec    0   4.13 MBytes       
[ 20]  70.00-71.00  sec   571 MBytes  4.79 Gbits/sec    0   4.08 MBytes       
[SUM]  70.00-71.00  sec  4.64 GBytes  39.9 Gbits/sec    0             
- - - - - - - - - - - - - - - - - - - - - - - - -
[  6]  71.00-72.00  sec   658 MBytes  5.52 Gbits/sec    0   4.16 MBytes       
[  8]  71.00-72.00  sec   509 MBytes  4.27 Gbits/sec    0   4.15 MBytes       
[ 10]  71.00-72.00  sec   768 MBytes  6.45 Gbits/sec    0   4.05 MBytes       
[ 12]  71.00-72.00  sec   722 MBytes  6.05 Gbits/sec    0   4.08 MBytes       
[ 14]  71.00-72.00  sec   645 MBytes  5.41 Gbits/sec    0   4.03 MBytes       
[ 16]  71.00-72.00  sec   501 MBytes  4.20 Gbits/sec    0   4.15 MBytes       
[ 18]  71.00-72.00  sec   515 MBytes  4.32 Gbits/sec    0   4.13 MBytes       
[ 20]  71.00-72.00  sec   523 MBytes  4.38 Gbits/sec    0   4.08 MBytes       
[SUM]  71.00-72.00  sec  4.73 GBytes  40.6 Gbits/sec    0             
- - - - - - - - - - - - - - - - - - - - - - - - -
[  6]  72.00-73.00  sec   931 MBytes  7.81 Gbits/sec    0   4.16 MBytes       
[  8]  72.00-73.00  sec   806 MBytes  6.76 Gbits/sec    0   4.15 MBytes       
[ 10]  72.00-73.00  sec   895 MBytes  7.51 Gbits/sec    0   4.05 MBytes       
[ 12]  72.00-73.00  sec   822 MBytes  6.89 Gbits/sec    0   4.08 MBytes       
[ 14]  72.00-73.00  sec   830 MBytes  6.97 Gbits/sec    0   4.03 MBytes       
[ 16]  72.00-73.00  sec   917 MBytes  7.69 Gbits/sec    0   4.15 MBytes       
[ 18]  72.00-73.00  sec   789 MBytes  6.62 Gbits/sec    0   4.13 MBytes       
[ 20]  72.00-73.00  sec   915 MBytes  7.67 Gbits/sec    0   4.08 MBytes       
[SUM]  72.00-73.00  sec  6.74 GBytes  57.9 Gbits/sec    0             
- - - - - - - - - - - - - - - - - - - - - - - - -
[  6]  73.00-74.00  sec   752 MBytes  6.31 Gbits/sec    0   4.16 MBytes       
[  8]  73.00-74.00  sec   910 MBytes  7.63 Gbits/sec    0   4.15 MBytes       
[ 10]  73.00-74.00  sec   785 MBytes  6.58 Gbits/sec    0   4.05 MBytes       
[ 12]  73.00-74.00  sec   910 MBytes  7.63 Gbits/sec    0   4.08 MBytes       
[ 14]  73.00-74.00  sec   931 MBytes  7.80 Gbits/sec    0   4.03 MBytes       
[ 16]  73.00-74.00  sec   717 MBytes  6.01 Gbits/sec    0   4.15 MBytes       
[ 18]  73.00-74.00  sec   890 MBytes  7.45 Gbits/sec    0   4.13 MBytes       
[ 20]  73.00-74.00  sec   863 MBytes  7.23 Gbits/sec    0   4.08 MBytes       
[SUM]  73.00-74.00  sec  6.60 GBytes  56.7 Gbits/sec    0             
- - - - - - - - - - - - - - - - - - - - - - - - -
[  6]  74.00-75.00  sec   928 MBytes  7.78 Gbits/sec    0   4.16 MBytes       
[  8]  74.00-75.00  sec   926 MBytes  7.77 Gbits/sec    0   4.15 MBytes       
[ 10]  74.00-75.00  sec   875 MBytes  7.34 Gbits/sec    0   4.05 MBytes       
[ 12]  74.00-75.00  sec   796 MBytes  6.68 Gbits/sec    0   4.08 MBytes       
[ 14]  74.00-75.00  sec   724 MBytes  6.08 Gbits/sec    0   4.03 MBytes       
[ 16]  74.00-75.00  sec   821 MBytes  6.89 Gbits/sec    0   4.15 MBytes       
[ 18]  74.00-75.00  sec   914 MBytes  7.68 Gbits/sec    0   4.13 MBytes       
[ 20]  74.00-75.00  sec   861 MBytes  7.23 Gbits/sec    0   4.08 MBytes       
[SUM]  74.00-75.00  sec  6.69 GBytes  57.4 Gbits/sec    0             
- - - - - - - - - - - - - - - - - - - - - - - - -
[  6]  75.00-76.00  sec  1011 MBytes  8.47 Gbits/sec    0   4.16 MBytes       
[  8]  75.00-76.00  sec   890 MBytes  7.46 Gbits/sec    0   4.15 MBytes       
[ 10]  75.00-76.00  sec   891 MBytes  7.47 Gbits/sec    0   4.05 MBytes       
[ 12]  75.00-76.00  sec   831 MBytes  6.97 Gbits/sec    0   4.08 MBytes       
[ 14]  75.00-76.00  sec   883 MBytes  7.40 Gbits/sec    0   4.03 MBytes       
[ 16]  75.00-76.00  sec   800 MBytes  6.71 Gbits/sec    0   4.15 MBytes       
[ 18]  75.00-76.00  sec   931 MBytes  7.80 Gbits/sec    0   4.13 MBytes       
[ 20]  75.00-76.00  sec   922 MBytes  7.73 Gbits/sec    0   4.08 MBytes       
[SUM]  75.00-76.00  sec  6.99 GBytes  60.0 Gbits/sec    0             
- - - - - - - - - - - - - - - - - - - - - - - - -
[  6]  76.00-77.00  sec   868 MBytes  7.28 Gbits/sec    0   4.16 MBytes       
[  8]  76.00-77.00  sec   949 MBytes  7.97 Gbits/sec    0   4.15 MBytes       
[ 10]  76.00-77.00  sec   768 MBytes  6.45 Gbits/sec    0   4.05 MBytes       
[ 12]  76.00-77.00  sec   846 MBytes  7.10 Gbits/sec    0   4.08 MBytes       
[ 14]  76.00-77.00  sec   876 MBytes  7.35 Gbits/sec    0   4.03 MBytes       
[ 16]  76.00-77.00  sec   990 MBytes  8.31 Gbits/sec    0   4.15 MBytes       
[ 18]  76.00-77.00  sec   954 MBytes  8.01 Gbits/sec    0   4.13 MBytes       
[ 20]  76.00-77.00  sec   816 MBytes  6.84 Gbits/sec    0   4.08 MBytes       
[SUM]  76.00-77.00  sec  6.90 GBytes  59.3 Gbits/sec    0             
- - - - - - - - - - - - - - - - - - - - - - - - -
[  6]  77.00-78.00  sec   978 MBytes  8.21 Gbits/sec    0   4.16 MBytes       
[  8]  77.00-78.00  sec   898 MBytes  7.53 Gbits/sec    0   4.15 MBytes       
[ 10]  77.00-78.00  sec   958 MBytes  8.04 Gbits/sec    0   4.05 MBytes       
[ 12]  77.00-78.00  sec   962 MBytes  8.07 Gbits/sec    0   4.08 MBytes       
[ 14]  77.00-78.00  sec   948 MBytes  7.95 Gbits/sec    0   4.03 MBytes       
[ 16]  77.00-78.00  sec   956 MBytes  8.02 Gbits/sec    0   4.15 MBytes       
[ 18]  77.00-78.00  sec  1002 MBytes  8.41 Gbits/sec    0   4.13 MBytes       
[ 20]  77.00-78.00  sec   889 MBytes  7.46 Gbits/sec    0   4.08 MBytes       
[SUM]  77.00-78.00  sec  7.41 GBytes  63.7 Gbits/sec    0             
- - - - - - - - - - - - - - - - - - - - - - - - -
[  6]  78.00-79.00  sec  1.05 GBytes  9.06 Gbits/sec    0   4.16 MBytes       
[  8]  78.00-79.00  sec  1.00 GBytes  8.62 Gbits/sec    0   4.15 MBytes       
[ 10]  78.00-79.00  sec  1.03 GBytes  8.82 Gbits/sec    0   4.05 MBytes       
[ 12]  78.00-79.00  sec  1.17 GBytes  10.1 Gbits/sec    0   4.08 MBytes       
[ 14]  78.00-79.00  sec  1021 MBytes  8.57 Gbits/sec    0   4.03 MBytes       
[ 16]  78.00-79.00  sec  1.12 GBytes  9.64 Gbits/sec    0   4.15 MBytes       
[ 18]  78.00-79.00  sec  1.07 GBytes  9.21 Gbits/sec    0   4.13 MBytes       
[ 20]  78.00-79.00  sec  1.05 GBytes  9.05 Gbits/sec    0   4.08 MBytes       
[SUM]  78.00-79.00  sec  8.50 GBytes  73.0 Gbits/sec    0             
- - - - - - - - - - - - - - - - - - - - - - - - -
[  6]  79.00-80.00  sec  1.12 GBytes  9.63 Gbits/sec    0   4.16 MBytes       
[  8]  79.00-80.00  sec  1.05 GBytes  9.00 Gbits/sec    0   4.15 MBytes       
[ 10]  79.00-80.00  sec  1.12 GBytes  9.57 Gbits/sec    1   4.05 MBytes       
[ 12]  79.00-80.00  sec  1.14 GBytes  9.79 Gbits/sec    0   4.08 MBytes       
[ 14]  79.00-80.00  sec  1.06 GBytes  9.10 Gbits/sec    0   4.03 MBytes       
[ 16]  79.00-80.00  sec  1.08 GBytes  9.26 Gbits/sec    0   4.15 MBytes       
[ 18]  79.00-80.00  sec  1.13 GBytes  9.69 Gbits/sec    0   4.13 MBytes       
[ 20]  79.00-80.00  sec  1.14 GBytes  9.80 Gbits/sec    0   4.08 MBytes       
[SUM]  79.00-80.00  sec  8.84 GBytes  75.9 Gbits/sec    1             
- - - - - - - - - - - - - - - - - - - - - - - - -
[  6]  80.00-81.00  sec  1.11 GBytes  9.54 Gbits/sec    0   4.16 MBytes       
[  8]  80.00-81.00  sec  1.09 GBytes  9.35 Gbits/sec    0   4.15 MBytes       
[ 10]  80.00-81.00  sec  1.10 GBytes  9.50 Gbits/sec    0   4.05 MBytes       
[ 12]  80.00-81.00  sec  1.15 GBytes  9.89 Gbits/sec    0   4.08 MBytes       
[ 14]  80.00-81.00  sec  1.12 GBytes  9.63 Gbits/sec    0   4.03 MBytes       
[ 16]  80.00-81.00  sec  1.12 GBytes  9.67 Gbits/sec    0   4.15 MBytes       
[ 18]  80.00-81.00  sec  1.12 GBytes  9.61 Gbits/sec    0   4.13 MBytes       
[ 20]  80.00-81.00  sec  1.15 GBytes  9.93 Gbits/sec    0   4.08 MBytes       
[SUM]  80.00-81.00  sec  8.96 GBytes  77.0 Gbits/sec    0             
- - - - - - - - - - - - - - - - - - - - - - - - -
[  6]  81.00-82.00  sec  1.10 GBytes  9.44 Gbits/sec    0   4.16 MBytes       
[  8]  81.00-82.00  sec  1.15 GBytes  9.86 Gbits/sec    0   4.15 MBytes       
[ 10]  81.00-82.00  sec  1.11 GBytes  9.55 Gbits/sec    0   4.05 MBytes       
[ 12]  81.00-82.00  sec  1.10 GBytes  9.47 Gbits/sec    1   4.08 MBytes       
[ 14]  81.00-82.00  sec  1.12 GBytes  9.66 Gbits/sec    0   4.03 MBytes       
[ 16]  81.00-82.00  sec  1.11 GBytes  9.57 Gbits/sec    0   4.15 MBytes       
[ 18]  81.00-82.00  sec  1.10 GBytes  9.45 Gbits/sec    0   4.13 MBytes       
[ 20]  81.00-82.00  sec  1.10 GBytes  9.43 Gbits/sec    0   4.08 MBytes       
[SUM]  81.00-82.00  sec  8.90 GBytes  76.4 Gbits/sec    1             
- - - - - - - - - - - - - - - - - - - - - - - - -
[  6]  82.00-83.00  sec  1.17 GBytes  10.1 Gbits/sec    0   4.16 MBytes       
[  8]  82.00-83.00  sec  1.17 GBytes  10.1 Gbits/sec    0   4.15 MBytes       
[ 10]  82.00-83.00  sec  1.23 GBytes  10.6 Gbits/sec    0   4.05 MBytes       
[ 12]  82.00-83.00  sec  1.16 GBytes  9.97 Gbits/sec    0   4.08 MBytes       
[ 14]  82.00-83.00  sec  1.15 GBytes  9.87 Gbits/sec    0   4.03 MBytes       
[ 16]  82.00-83.00  sec  1.13 GBytes  9.73 Gbits/sec    0   4.15 MBytes       
[ 18]  82.00-83.00  sec  1.11 GBytes  9.56 Gbits/sec    0   4.13 MBytes       
[ 20]  82.00-83.00  sec  1.15 GBytes  9.85 Gbits/sec    0   4.08 MBytes       
[SUM]  82.00-83.00  sec  9.28 GBytes  79.7 Gbits/sec    0             
- - - - - - - - - - - - - - - - - - - - - - - - -
[  6]  83.00-84.00  sec  1.21 GBytes  10.4 Gbits/sec    0   4.16 MBytes       
[  8]  83.00-84.00  sec  1.19 GBytes  10.2 Gbits/sec    0   4.15 MBytes       
[ 10]  83.00-84.00  sec  1.16 GBytes  9.93 Gbits/sec    0   4.05 MBytes       
[ 12]  83.00-84.00  sec  1.18 GBytes  10.2 Gbits/sec    0   4.08 MBytes       
[ 14]  83.00-84.00  sec  1.15 GBytes  9.89 Gbits/sec    0   4.03 MBytes       
[ 16]  83.00-84.00  sec  1.15 GBytes  9.84 Gbits/sec    0   4.15 MBytes       
[ 18]  83.00-84.00  sec  1.17 GBytes  10.0 Gbits/sec    0   4.13 MBytes       
[ 20]  83.00-84.00  sec  1.18 GBytes  10.1 Gbits/sec    0   4.08 MBytes       
[SUM]  83.00-84.00  sec  9.39 GBytes  80.6 Gbits/sec    0             
- - - - - - - - - - - - - - - - - - - - - - - - -
[  6]  84.00-85.00  sec  1.22 GBytes  10.5 Gbits/sec    0   4.16 MBytes       
[  8]  84.00-85.00  sec  1.18 GBytes  10.2 Gbits/sec    0   4.15 MBytes       
[ 10]  84.00-85.00  sec  1.19 GBytes  10.2 Gbits/sec    0   4.05 MBytes       
[ 12]  84.00-85.00  sec  1.17 GBytes  10.0 Gbits/sec    0   4.08 MBytes       
[ 14]  84.00-85.00  sec  1.14 GBytes  9.77 Gbits/sec    0   4.03 MBytes       
[ 16]  84.00-85.00  sec  1.16 GBytes  9.96 Gbits/sec    0   4.15 MBytes       
[ 18]  84.00-85.00  sec  1.11 GBytes  9.56 Gbits/sec    0   4.13 MBytes       
[ 20]  84.00-85.00  sec  1.18 GBytes  10.2 Gbits/sec    0   4.08 MBytes       
[SUM]  84.00-85.00  sec  9.36 GBytes  80.4 Gbits/sec    0             
- - - - - - - - - - - - - - - - - - - - - - - - -
[  6]  85.00-86.00  sec  1.23 GBytes  10.6 Gbits/sec    0   4.16 MBytes       
[  8]  85.00-86.00  sec  1.17 GBytes  10.1 Gbits/sec    0   4.15 MBytes       
[ 10]  85.00-86.00  sec  1.14 GBytes  9.83 Gbits/sec    0   4.05 MBytes       
[ 12]  85.00-86.00  sec  1.15 GBytes  9.88 Gbits/sec    0   4.08 MBytes       
[ 14]  85.00-86.00  sec  1.21 GBytes  10.4 Gbits/sec    0   4.03 MBytes       
[ 16]  85.00-86.00  sec  1.19 GBytes  10.2 Gbits/sec    0   4.15 MBytes       
[ 18]  85.00-86.00  sec  1.16 GBytes  9.99 Gbits/sec    0   4.13 MBytes       
[ 20]  85.00-86.00  sec  1.17 GBytes  10.0 Gbits/sec    0   4.08 MBytes       
[SUM]  85.00-86.00  sec  9.43 GBytes  81.0 Gbits/sec    0             
- - - - - - - - - - - - - - - - - - - - - - - - -
[  6]  86.00-87.00  sec  1.18 GBytes  10.2 Gbits/sec    0   4.16 MBytes       
[  8]  86.00-87.00  sec  1.18 GBytes  10.1 Gbits/sec    0   4.15 MBytes       
[ 10]  86.00-87.00  sec  1.15 GBytes  9.88 Gbits/sec    0   4.05 MBytes       
[ 12]  86.00-87.00  sec  1.22 GBytes  10.5 Gbits/sec    0   4.08 MBytes       
[ 14]  86.00-87.00  sec  1.17 GBytes  10.0 Gbits/sec    0   4.03 MBytes       
[ 16]  86.00-87.00  sec  1.17 GBytes  10.1 Gbits/sec    0   4.15 MBytes       
[ 18]  86.00-87.00  sec  1.14 GBytes  9.85 Gbits/sec    0   4.13 MBytes       
[ 20]  86.00-87.00  sec  1.14 GBytes  9.80 Gbits/sec    0   4.08 MBytes       
[SUM]  86.00-87.00  sec  9.35 GBytes  80.3 Gbits/sec    0             
- - - - - - - - - - - - - - - - - - - - - - - - -
[  6]  87.00-88.00  sec  1.19 GBytes  10.2 Gbits/sec    0   4.16 MBytes       
[  8]  87.00-88.00  sec  1.21 GBytes  10.4 Gbits/sec    0   4.15 MBytes       
[ 10]  87.00-88.00  sec  1.14 GBytes  9.80 Gbits/sec    0   4.05 MBytes       
[ 12]  87.00-88.00  sec  1.15 GBytes  9.85 Gbits/sec    0   4.08 MBytes       
[ 14]  87.00-88.00  sec  1.19 GBytes  10.2 Gbits/sec    0   4.03 MBytes       
[ 16]  87.00-88.00  sec  1.14 GBytes  9.79 Gbits/sec    0   4.15 MBytes       
[ 18]  87.00-88.00  sec  1.13 GBytes  9.70 Gbits/sec    0   4.13 MBytes       
[ 20]  87.00-88.00  sec  1.16 GBytes  9.97 Gbits/sec    0   4.08 MBytes       
[SUM]  87.00-88.00  sec  9.30 GBytes  79.9 Gbits/sec    0             
- - - - - - - - - - - - - - - - - - - - - - - - -
[  6]  88.00-89.00  sec  1.12 GBytes  9.66 Gbits/sec    0   4.16 MBytes       
[  8]  88.00-89.00  sec  1.17 GBytes  10.0 Gbits/sec    1   4.15 MBytes       
[ 10]  88.00-89.00  sec  1.18 GBytes  10.1 Gbits/sec    0   4.05 MBytes       
[ 12]  88.00-89.00  sec  1.15 GBytes  9.90 Gbits/sec    0   4.08 MBytes       
[ 14]  88.00-89.00  sec  1.18 GBytes  10.1 Gbits/sec    0   4.03 MBytes       
[ 16]  88.00-89.00  sec  1.15 GBytes  9.89 Gbits/sec    0   4.15 MBytes       
[ 18]  88.00-89.00  sec  1.20 GBytes  10.2 Gbits/sec    0   4.13 MBytes       
[ 20]  88.00-89.00  sec  1.17 GBytes  10.0 Gbits/sec    0   4.08 MBytes       
[SUM]  88.00-89.00  sec  9.32 GBytes  80.1 Gbits/sec    1             
- - - - - - - - - - - - - - - - - - - - - - - - -
[  6]  89.00-90.00  sec  1.19 GBytes  10.3 Gbits/sec    0   4.16 MBytes       
[  8]  89.00-90.00  sec  1.18 GBytes  10.1 Gbits/sec    0   4.15 MBytes       
[ 10]  89.00-90.00  sec  1.22 GBytes  10.5 Gbits/sec    0   4.05 MBytes       
[ 12]  89.00-90.00  sec  1.20 GBytes  10.3 Gbits/sec    0   4.08 MBytes       
[ 14]  89.00-90.00  sec  1.19 GBytes  10.2 Gbits/sec    0   4.03 MBytes       
[ 16]  89.00-90.00  sec  1.17 GBytes  10.0 Gbits/sec    0   4.15 MBytes       
[ 18]  89.00-90.00  sec  1.16 GBytes  9.99 Gbits/sec    0   4.13 MBytes       
[ 20]  89.00-90.00  sec  1.15 GBytes  9.95 Gbits/sec    0   4.08 MBytes       
[SUM]  89.00-90.00  sec  9.46 GBytes  81.3 Gbits/sec    0             
- - - - - - - - - - - - - - - - - - - - - - - - -
[  6]  90.00-91.00  sec  1.14 GBytes  9.84 Gbits/sec    0   4.16 MBytes       
[  8]  90.00-91.00  sec  1.22 GBytes  10.5 Gbits/sec    0   4.15 MBytes       
[ 10]  90.00-91.00  sec  1.23 GBytes  10.5 Gbits/sec    0   4.05 MBytes       
[ 12]  90.00-91.00  sec  1.12 GBytes  9.60 Gbits/sec    0   4.08 MBytes       
[ 14]  90.00-91.00  sec  1.19 GBytes  10.2 Gbits/sec    0   4.03 MBytes       
[ 16]  90.00-91.00  sec  1.14 GBytes  9.80 Gbits/sec    0   4.15 MBytes       
[ 18]  90.00-91.00  sec  1.23 GBytes  10.5 Gbits/sec    0   4.13 MBytes       
[ 20]  90.00-91.00  sec  1.11 GBytes  9.56 Gbits/sec    0   4.08 MBytes       
[SUM]  90.00-91.00  sec  9.38 GBytes  80.6 Gbits/sec    0             
- - - - - - - - - - - - - - - - - - - - - - - - -
[  6]  91.00-92.00  sec  1.16 GBytes  9.93 Gbits/sec    0   4.16 MBytes       
[  8]  91.00-92.00  sec  1.21 GBytes  10.4 Gbits/sec    0   4.15 MBytes       
[ 10]  91.00-92.00  sec  1.21 GBytes  10.4 Gbits/sec    0   4.05 MBytes       
[ 12]  91.00-92.00  sec  1.15 GBytes  9.87 Gbits/sec    0   4.08 MBytes       
[ 14]  91.00-92.00  sec  1.17 GBytes  10.0 Gbits/sec    0   4.03 MBytes       
[ 16]  91.00-92.00  sec  1.14 GBytes  9.81 Gbits/sec    0   4.15 MBytes       
[ 18]  91.00-92.00  sec  1.18 GBytes  10.1 Gbits/sec    0   4.13 MBytes       
[ 20]  91.00-92.00  sec  1.20 GBytes  10.3 Gbits/sec    0   4.08 MBytes       
[SUM]  91.00-92.00  sec  9.42 GBytes  80.9 Gbits/sec    0             
- - - - - - - - - - - - - - - - - - - - - - - - -
[  6]  92.00-93.00  sec  1.24 GBytes  10.7 Gbits/sec    0   4.16 MBytes       
[  8]  92.00-93.00  sec  1.22 GBytes  10.4 Gbits/sec    0   4.15 MBytes       
[ 10]  92.00-93.00  sec  1.20 GBytes  10.3 Gbits/sec    0   4.05 MBytes       
[ 12]  92.00-93.00  sec  1.19 GBytes  10.2 Gbits/sec    0   4.08 MBytes       
[ 14]  92.00-93.00  sec  1.17 GBytes  10.1 Gbits/sec    0   4.03 MBytes       
[ 16]  92.00-93.00  sec  1.13 GBytes  9.75 Gbits/sec    0   4.15 MBytes       
[ 18]  92.00-93.00  sec  1.13 GBytes  9.74 Gbits/sec    0   4.13 MBytes       
[ 20]  92.00-93.00  sec  1.19 GBytes  10.2 Gbits/sec    0   4.08 MBytes       
[SUM]  92.00-93.00  sec  9.47 GBytes  81.4 Gbits/sec    0             
- - - - - - - - - - - - - - - - - - - - - - - - -
[  6]  93.00-94.00  sec  1.23 GBytes  10.5 Gbits/sec    0   4.16 MBytes       
[  8]  93.00-94.00  sec  1.18 GBytes  10.1 Gbits/sec    0   4.15 MBytes       
[ 10]  93.00-94.00  sec  1.19 GBytes  10.2 Gbits/sec    0   4.05 MBytes       
[ 12]  93.00-94.00  sec  1.14 GBytes  9.80 Gbits/sec    0   4.08 MBytes       
[ 14]  93.00-94.00  sec  1.19 GBytes  10.2 Gbits/sec    0   4.03 MBytes       
[ 16]  93.00-94.00  sec  1.14 GBytes  9.80 Gbits/sec    0   4.15 MBytes       
[ 18]  93.00-94.00  sec  1.13 GBytes  9.72 Gbits/sec    0   4.13 MBytes       
[ 20]  93.00-94.00  sec  1.10 GBytes  9.45 Gbits/sec    0   4.08 MBytes       
[SUM]  93.00-94.00  sec  9.29 GBytes  79.8 Gbits/sec    0             
- - - - - - - - - - - - - - - - - - - - - - - - -
[  6]  94.00-95.00  sec  1.21 GBytes  10.4 Gbits/sec    0   4.16 MBytes       
[  8]  94.00-95.00  sec  1.21 GBytes  10.4 Gbits/sec    0   4.15 MBytes       
[ 10]  94.00-95.00  sec  1.17 GBytes  10.1 Gbits/sec    0   4.05 MBytes       
[ 12]  94.00-95.00  sec  1.17 GBytes  10.1 Gbits/sec    0   4.08 MBytes       
[ 14]  94.00-95.00  sec  1.15 GBytes  9.89 Gbits/sec    0   4.03 MBytes       
[ 16]  94.00-95.00  sec  1.17 GBytes  10.0 Gbits/sec    0   4.15 MBytes       
[ 18]  94.00-95.00  sec  1.07 GBytes  9.22 Gbits/sec    0   4.13 MBytes       
[ 20]  94.00-95.00  sec  1.17 GBytes  10.1 Gbits/sec    0   4.08 MBytes       
[SUM]  94.00-95.00  sec  9.33 GBytes  80.2 Gbits/sec    0             
- - - - - - - - - - - - - - - - - - - - - - - - -
[  6]  95.00-96.00  sec  1.21 GBytes  10.4 Gbits/sec    0   4.16 MBytes       
[  8]  95.00-96.00  sec  1.17 GBytes  10.0 Gbits/sec    0   4.15 MBytes       
[ 10]  95.00-96.00  sec  1.16 GBytes  9.92 Gbits/sec    0   4.05 MBytes       
[ 12]  95.00-96.00  sec  1.15 GBytes  9.87 Gbits/sec    0   4.08 MBytes       
[ 14]  95.00-96.00  sec  1.14 GBytes  9.77 Gbits/sec    0   4.03 MBytes       
[ 16]  95.00-96.00  sec  1.10 GBytes  9.45 Gbits/sec    0   4.15 MBytes       
[ 18]  95.00-96.00  sec  1.17 GBytes  10.1 Gbits/sec    0   4.13 MBytes       
[ 20]  95.00-96.00  sec  1.20 GBytes  10.3 Gbits/sec    0   4.08 MBytes       
[SUM]  95.00-96.00  sec  9.29 GBytes  79.8 Gbits/sec    0             
- - - - - - - - - - - - - - - - - - - - - - - - -
[  6]  96.00-97.00  sec  1.22 GBytes  10.5 Gbits/sec    0   4.16 MBytes       
[  8]  96.00-97.00  sec  1.14 GBytes  9.83 Gbits/sec    0   4.15 MBytes       
[ 10]  96.00-97.00  sec  1.21 GBytes  10.4 Gbits/sec    0   4.05 MBytes       
[ 12]  96.00-97.00  sec  1.17 GBytes  10.0 Gbits/sec    0   4.08 MBytes       
[ 14]  96.00-97.00  sec  1.10 GBytes  9.46 Gbits/sec    0   4.03 MBytes       
[ 16]  96.00-97.00  sec  1.16 GBytes  9.95 Gbits/sec    0   4.15 MBytes       
[ 18]  96.00-97.00  sec  1.14 GBytes  9.73 Gbits/sec    0   4.13 MBytes       
[ 20]  96.00-97.00  sec  1.12 GBytes  9.57 Gbits/sec    0   4.08 MBytes       
[SUM]  96.00-97.00  sec  9.27 GBytes  79.6 Gbits/sec    0             
- - - - - - - - - - - - - - - - - - - - - - - - -
[  6]  97.00-98.00  sec  1.25 GBytes  10.7 Gbits/sec    0   4.16 MBytes       
[  8]  97.00-98.00  sec  1.18 GBytes  10.1 Gbits/sec    0   4.15 MBytes       
[ 10]  97.00-98.00  sec  1.20 GBytes  10.3 Gbits/sec    0   4.05 MBytes       
[ 12]  97.00-98.00  sec  1.19 GBytes  10.3 Gbits/sec    0   4.08 MBytes       
[ 14]  97.00-98.00  sec  1.16 GBytes  9.99 Gbits/sec    0   4.03 MBytes       
[ 16]  97.00-98.00  sec  1.17 GBytes  10.1 Gbits/sec    0   4.15 MBytes       
[ 18]  97.00-98.00  sec  1.13 GBytes  9.74 Gbits/sec    0   4.13 MBytes       
[ 20]  97.00-98.00  sec  1.16 GBytes  9.98 Gbits/sec    0   4.08 MBytes       
[SUM]  97.00-98.00  sec  9.44 GBytes  81.1 Gbits/sec    0             
- - - - - - - - - - - - - - - - - - - - - - - - -
[  6]  98.00-99.00  sec  1.17 GBytes  10.0 Gbits/sec    0   4.16 MBytes       
[  8]  98.00-99.00  sec  1.18 GBytes  10.2 Gbits/sec    0   4.15 MBytes       
[ 10]  98.00-99.00  sec  1.19 GBytes  10.2 Gbits/sec    0   4.05 MBytes       
[ 12]  98.00-99.00  sec  1.18 GBytes  10.1 Gbits/sec    0   4.08 MBytes       
[ 14]  98.00-99.00  sec  1.18 GBytes  10.2 Gbits/sec    0   4.03 MBytes       
[ 16]  98.00-99.00  sec  1.15 GBytes  9.91 Gbits/sec    0   4.15 MBytes       
[ 18]  98.00-99.00  sec  1.16 GBytes  10.0 Gbits/sec    0   4.13 MBytes       
[ 20]  98.00-99.00  sec  1.18 GBytes  10.2 Gbits/sec    0   4.08 MBytes       
[SUM]  98.00-99.00  sec  9.41 GBytes  80.8 Gbits/sec    0             
- - - - - - - - - - - - - - - - - - - - - - - - -
[  6]  99.00-100.00 sec  1.15 GBytes  9.86 Gbits/sec    0   4.16 MBytes       
[  8]  99.00-100.00 sec  1.09 GBytes  9.40 Gbits/sec    0   4.15 MBytes       
[ 10]  99.00-100.00 sec  1.11 GBytes  9.58 Gbits/sec    0   4.05 MBytes       
[ 12]  99.00-100.00 sec  1.12 GBytes  9.65 Gbits/sec    0   4.08 MBytes       
[ 14]  99.00-100.00 sec  1.09 GBytes  9.39 Gbits/sec    0   4.03 MBytes       
[ 16]  99.00-100.00 sec  1.15 GBytes  9.84 Gbits/sec    0   4.15 MBytes       
[ 18]  99.00-100.00 sec  1.06 GBytes  9.07 Gbits/sec    0   4.13 MBytes       
[ 20]  99.00-100.00 sec  1.17 GBytes  10.1 Gbits/sec    0   4.08 MBytes       
[SUM]  99.00-100.00 sec  8.94 GBytes  76.8 Gbits/sec    0             
- - - - - - - - - - - - - - - - - - - - - - - - -
[  6] 100.00-101.00 sec  1.16 GBytes  9.99 Gbits/sec    0   4.16 MBytes       
[  8] 100.00-101.00 sec  1.07 GBytes  9.19 Gbits/sec    0   4.15 MBytes       
[ 10] 100.00-101.00 sec  1.12 GBytes  9.62 Gbits/sec    0   4.05 MBytes       
[ 12] 100.00-101.00 sec  1.16 GBytes  9.93 Gbits/sec    0   4.08 MBytes       
[ 14] 100.00-101.00 sec  1.18 GBytes  10.1 Gbits/sec    0   4.03 MBytes       
[ 16] 100.00-101.00 sec  1.15 GBytes  9.86 Gbits/sec    0   4.15 MBytes       
[ 18] 100.00-101.00 sec  1.11 GBytes  9.50 Gbits/sec    0   4.13 MBytes       
[ 20] 100.00-101.00 sec  1.13 GBytes  9.72 Gbits/sec    0   4.08 MBytes       
[SUM] 100.00-101.00 sec  9.07 GBytes  77.9 Gbits/sec    0             
- - - - - - - - - - - - - - - - - - - - - - - - -
[  6] 101.00-102.00 sec  1.20 GBytes  10.3 Gbits/sec    0   4.16 MBytes       
[  8] 101.00-102.00 sec  1.18 GBytes  10.1 Gbits/sec    0   4.15 MBytes       
[ 10] 101.00-102.00 sec  1.11 GBytes  9.56 Gbits/sec    1   4.05 MBytes       
[ 12] 101.00-102.00 sec  1.20 GBytes  10.3 Gbits/sec    0   4.08 MBytes       
[ 14] 101.00-102.00 sec  1.16 GBytes  9.97 Gbits/sec    0   4.03 MBytes       
[ 16] 101.00-102.00 sec  1.13 GBytes  9.73 Gbits/sec    0   4.15 MBytes       
[ 18] 101.00-102.00 sec  1.14 GBytes  9.79 Gbits/sec    0   4.13 MBytes       
[ 20] 101.00-102.00 sec  1.15 GBytes  9.86 Gbits/sec    0   4.08 MBytes       
[SUM] 101.00-102.00 sec  9.27 GBytes  79.6 Gbits/sec    1             
- - - - - - - - - - - - - - - - - - - - - - - - -
[  6] 102.00-103.00 sec  1.18 GBytes  10.1 Gbits/sec    0   4.16 MBytes       
[  8] 102.00-103.00 sec  1.22 GBytes  10.5 Gbits/sec    0   4.15 MBytes       
[ 10] 102.00-103.00 sec  1.21 GBytes  10.4 Gbits/sec    0   4.05 MBytes       
[ 12] 102.00-103.00 sec  1.12 GBytes  9.65 Gbits/sec    0   4.08 MBytes       
[ 14] 102.00-103.00 sec  1.18 GBytes  10.1 Gbits/sec    0   4.03 MBytes       
[ 16] 102.00-103.00 sec  1.15 GBytes  9.90 Gbits/sec    0   4.15 MBytes       
[ 18] 102.00-103.00 sec  1.14 GBytes  9.81 Gbits/sec    0   4.13 MBytes       
[ 20] 102.00-103.00 sec  1.16 GBytes  9.99 Gbits/sec    0   4.08 MBytes       
[SUM] 102.00-103.00 sec  9.36 GBytes  80.4 Gbits/sec    0             
- - - - - - - - - - - - - - - - - - - - - - - - -
[  6] 103.00-104.00 sec  1.20 GBytes  10.3 Gbits/sec    0   4.16 MBytes       
[  8] 103.00-104.00 sec  1.15 GBytes  9.86 Gbits/sec    0   4.15 MBytes       
[ 10] 103.00-104.00 sec  1.20 GBytes  10.3 Gbits/sec    0   4.05 MBytes       
[ 12] 103.00-104.00 sec  1.12 GBytes  9.64 Gbits/sec    0   4.08 MBytes       
[ 14] 103.00-104.00 sec  1.11 GBytes  9.51 Gbits/sec    0   4.03 MBytes       
[ 16] 103.00-104.00 sec  1.17 GBytes  10.0 Gbits/sec    0   4.15 MBytes       
[ 18] 103.00-104.00 sec  1.16 GBytes  9.99 Gbits/sec    0   4.13 MBytes       
[ 20] 103.00-104.00 sec  1.15 GBytes  9.84 Gbits/sec    0   4.08 MBytes       
[SUM] 103.00-104.00 sec  9.25 GBytes  79.5 Gbits/sec    0             
- - - - - - - - - - - - - - - - - - - - - - - - -
[  6] 104.00-105.00 sec  1.21 GBytes  10.4 Gbits/sec    0   4.16 MBytes       
[  8] 104.00-105.00 sec  1.20 GBytes  10.3 Gbits/sec    0   4.15 MBytes       
[ 10] 104.00-105.00 sec  1.20 GBytes  10.3 Gbits/sec    0   4.05 MBytes       
[ 12] 104.00-105.00 sec  1.19 GBytes  10.2 Gbits/sec    0   4.08 MBytes       
[ 14] 104.00-105.00 sec  1.18 GBytes  10.1 Gbits/sec    0   4.03 MBytes       
[ 16] 104.00-105.00 sec  1.13 GBytes  9.68 Gbits/sec    0   4.15 MBytes       
[ 18] 104.00-105.00 sec  1.12 GBytes  9.61 Gbits/sec    0   4.13 MBytes       
[ 20] 104.00-105.00 sec  1.13 GBytes  9.72 Gbits/sec    0   4.08 MBytes       
[SUM] 104.00-105.00 sec  9.36 GBytes  80.4 Gbits/sec    0             
- - - - - - - - - - - - - - - - - - - - - - - - -
[  6] 105.00-106.00 sec  1.23 GBytes  10.5 Gbits/sec    0   4.16 MBytes       
[  8] 105.00-106.00 sec  1.19 GBytes  10.2 Gbits/sec    0   4.15 MBytes       
[ 10] 105.00-106.00 sec  1.23 GBytes  10.6 Gbits/sec    0   4.05 MBytes       
[ 12] 105.00-106.00 sec  1.15 GBytes  9.91 Gbits/sec    0   4.08 MBytes       
[ 14] 105.00-106.00 sec  1.14 GBytes  9.81 Gbits/sec    0   4.03 MBytes       
[ 16] 105.00-106.00 sec  1.14 GBytes  9.82 Gbits/sec    0   4.15 MBytes       
[ 18] 105.00-106.00 sec  1.18 GBytes  10.2 Gbits/sec    0   4.13 MBytes       
[ 20] 105.00-106.00 sec  1.19 GBytes  10.3 Gbits/sec    0   4.08 MBytes       
[SUM] 105.00-106.00 sec  9.46 GBytes  81.2 Gbits/sec    0             
- - - - - - - - - - - - - - - - - - - - - - - - -
[  6] 106.00-107.00 sec  1.17 GBytes  10.0 Gbits/sec    0   4.16 MBytes       
[  8] 106.00-107.00 sec  1.21 GBytes  10.4 Gbits/sec    0   4.15 MBytes       
[ 10] 106.00-107.00 sec  1.17 GBytes  10.1 Gbits/sec    0   4.05 MBytes       
[ 12] 106.00-107.00 sec  1.18 GBytes  10.2 Gbits/sec    0   4.08 MBytes       
[ 14] 106.00-107.00 sec  1.22 GBytes  10.5 Gbits/sec    0   4.03 MBytes       
[ 16] 106.00-107.00 sec  1.20 GBytes  10.3 Gbits/sec    0   4.15 MBytes       
[ 18] 106.00-107.00 sec  1.14 GBytes  9.79 Gbits/sec    0   4.13 MBytes       
[ 20] 106.00-107.00 sec  1.14 GBytes  9.78 Gbits/sec    0   4.08 MBytes       
[SUM] 106.00-107.00 sec  9.43 GBytes  81.0 Gbits/sec    0             
- - - - - - - - - - - - - - - - - - - - - - - - -
[  6] 107.00-108.00 sec  1.21 GBytes  10.4 Gbits/sec    0   4.16 MBytes       
[  8] 107.00-108.00 sec  1.21 GBytes  10.4 Gbits/sec    0   4.15 MBytes       
[ 10] 107.00-108.00 sec  1.17 GBytes  10.1 Gbits/sec    0   4.05 MBytes       
[ 12] 107.00-108.00 sec  1.18 GBytes  10.1 Gbits/sec    0   4.08 MBytes       
[ 14] 107.00-108.00 sec  1.21 GBytes  10.3 Gbits/sec    0   4.03 MBytes       
[ 16] 107.00-108.01 sec  1.18 GBytes  10.1 Gbits/sec    0   4.15 MBytes       
[ 18] 107.00-108.01 sec  1.14 GBytes  9.74 Gbits/sec    0   4.13 MBytes       
[ 20] 107.00-108.01 sec  1.15 GBytes  9.80 Gbits/sec    0   4.08 MBytes       
[SUM] 107.00-108.00 sec  9.45 GBytes  81.2 Gbits/sec    0             
- - - - - - - - - - - - - - - - - - - - - - - - -
[  6] 108.00-109.00 sec  1.19 GBytes  10.2 Gbits/sec    0   4.16 MBytes       
[  8] 108.00-109.00 sec  1.18 GBytes  10.2 Gbits/sec    0   4.15 MBytes       
[ 10] 108.00-109.00 sec  1.21 GBytes  10.4 Gbits/sec    0   4.05 MBytes       
[ 12] 108.00-109.00 sec  1.13 GBytes  9.67 Gbits/sec    0   4.08 MBytes       
[ 14] 108.00-109.00 sec  1.15 GBytes  9.87 Gbits/sec    0   4.03 MBytes       
[ 16] 108.01-109.00 sec  1.16 GBytes  9.96 Gbits/sec    0   4.15 MBytes       
[ 18] 108.01-109.00 sec  1.16 GBytes  10.0 Gbits/sec    0   4.13 MBytes       
[ 20] 108.01-109.00 sec  1.15 GBytes  9.93 Gbits/sec    0   4.08 MBytes       
[SUM] 108.00-109.00 sec  9.33 GBytes  80.1 Gbits/sec    0             
- - - - - - - - - - - - - - - - - - - - - - - - -
[  6] 109.00-110.00 sec  1.17 GBytes  10.0 Gbits/sec    1   4.16 MBytes       
[  8] 109.00-110.00 sec  1.19 GBytes  10.3 Gbits/sec    0   4.15 MBytes       
[ 10] 109.00-110.00 sec  1.16 GBytes  10.0 Gbits/sec    0   4.05 MBytes       
[ 12] 109.00-110.00 sec  1.17 GBytes  10.1 Gbits/sec    0   4.08 MBytes       
[ 14] 109.00-110.00 sec  1.22 GBytes  10.5 Gbits/sec    0   4.03 MBytes       
[ 16] 109.00-110.00 sec  1.20 GBytes  10.3 Gbits/sec    0   4.15 MBytes       
[ 18] 109.00-110.00 sec  1.13 GBytes  9.74 Gbits/sec    0   4.13 MBytes       
[ 20] 109.00-110.00 sec  1.10 GBytes  9.46 Gbits/sec    0   4.08 MBytes       
[SUM] 109.00-110.00 sec  9.34 GBytes  80.3 Gbits/sec    1             
- - - - - - - - - - - - - - - - - - - - - - - - -
[  6] 110.00-111.00 sec  1.14 GBytes  9.77 Gbits/sec    0   4.16 MBytes       
[  8] 110.00-111.00 sec  1.15 GBytes  9.87 Gbits/sec    0   4.15 MBytes       
[ 10] 110.00-111.00 sec  1.12 GBytes  9.64 Gbits/sec    0   4.05 MBytes       
[ 12] 110.00-111.00 sec  1.15 GBytes  9.84 Gbits/sec    0   4.08 MBytes       
[ 14] 110.00-111.00 sec  1.18 GBytes  10.1 Gbits/sec    0   4.03 MBytes       
[ 16] 110.00-111.00 sec  1.14 GBytes  9.76 Gbits/sec    0   4.15 MBytes       
[ 18] 110.00-111.00 sec  1.12 GBytes  9.62 Gbits/sec    0   4.13 MBytes       
[ 20] 110.00-111.00 sec  1.17 GBytes  10.1 Gbits/sec    0   4.08 MBytes       
[SUM] 110.00-111.00 sec  9.16 GBytes  78.7 Gbits/sec    0             
- - - - - - - - - - - - - - - - - - - - - - - - -
[  6] 111.00-112.00 sec  1.19 GBytes  10.3 Gbits/sec    0   4.16 MBytes       
[  8] 111.00-112.00 sec  1.14 GBytes  9.79 Gbits/sec    1   4.15 MBytes       
[ 10] 111.00-112.00 sec  1.18 GBytes  10.2 Gbits/sec    0   4.05 MBytes       
[ 12] 111.00-112.00 sec  1.13 GBytes  9.70 Gbits/sec    0   4.08 MBytes       
[ 14] 111.00-112.00 sec  1.17 GBytes  10.0 Gbits/sec    0   4.03 MBytes       
[ 16] 111.00-112.00 sec  1.17 GBytes  10.0 Gbits/sec    0   4.15 MBytes       
[ 18] 111.00-112.01 sec  1.15 GBytes  9.81 Gbits/sec    0   4.13 MBytes       
[ 20] 111.00-112.01 sec  1.15 GBytes  9.80 Gbits/sec    0   4.08 MBytes       
[SUM] 111.00-112.00 sec  9.28 GBytes  79.7 Gbits/sec    1             
- - - - - - - - - - - - - - - - - - - - - - - - -
[  6] 112.00-113.00 sec  1.14 GBytes  9.80 Gbits/sec    0   4.16 MBytes       
[  8] 112.00-113.00 sec  1.22 GBytes  10.5 Gbits/sec    0   4.15 MBytes       
[ 10] 112.00-113.00 sec  1.15 GBytes  9.84 Gbits/sec    0   4.05 MBytes       
[ 12] 112.00-113.00 sec  1.04 GBytes  8.91 Gbits/sec    0   4.08 MBytes       
[ 14] 112.00-113.00 sec  1.14 GBytes  9.79 Gbits/sec    0   4.03 MBytes       
[ 16] 112.00-113.00 sec  1.17 GBytes  10.0 Gbits/sec    0   4.15 MBytes       
[ 18] 112.01-113.00 sec  1.15 GBytes  9.94 Gbits/sec    0   4.13 MBytes       
[ 20] 112.01-113.00 sec  1.15 GBytes  9.93 Gbits/sec    0   4.08 MBytes       
[SUM] 112.00-113.00 sec  9.16 GBytes  78.6 Gbits/sec    0             
- - - - - - - - - - - - - - - - - - - - - - - - -
[  6] 113.00-114.00 sec  1.14 GBytes  9.83 Gbits/sec    0   4.16 MBytes       
[  8] 113.00-114.00 sec  1.20 GBytes  10.4 Gbits/sec    0   4.15 MBytes       
[ 10] 113.00-114.00 sec  1.22 GBytes  10.4 Gbits/sec    0   4.05 MBytes       
[ 12] 113.00-114.00 sec  1.10 GBytes  9.44 Gbits/sec    0   4.08 MBytes       
[ 14] 113.00-114.00 sec  1.14 GBytes  9.80 Gbits/sec    1   4.03 MBytes       
[ 16] 113.00-114.00 sec  1.16 GBytes  9.97 Gbits/sec    0   4.15 MBytes       
[ 18] 113.00-114.00 sec  1.15 GBytes  9.88 Gbits/sec    0   4.13 MBytes       
[ 20] 113.00-114.00 sec  1.23 GBytes  10.6 Gbits/sec    0   4.08 MBytes       
[SUM] 113.00-114.00 sec  9.34 GBytes  80.2 Gbits/sec    1             
- - - - - - - - - - - - - - - - - - - - - - - - -
[  6] 114.00-115.00 sec  1.10 GBytes  9.42 Gbits/sec    0   4.16 MBytes       
[  8] 114.00-115.00 sec  1.07 GBytes  9.16 Gbits/sec    0   4.15 MBytes       
[ 10] 114.00-115.00 sec  1.07 GBytes  9.23 Gbits/sec    0   4.05 MBytes       
[ 12] 114.00-115.00 sec  1.04 GBytes  8.91 Gbits/sec    0   4.08 MBytes       
[ 14] 114.00-115.00 sec  1.08 GBytes  9.27 Gbits/sec    0   4.03 MBytes       
[ 16] 114.00-115.00 sec  1.09 GBytes  9.37 Gbits/sec    0   4.15 MBytes       
[ 18] 114.00-115.00 sec  1019 MBytes  8.56 Gbits/sec    0   4.13 MBytes       
[ 20] 114.00-115.00 sec  1.05 GBytes  9.04 Gbits/sec    0   4.08 MBytes       
[SUM] 114.00-115.00 sec  8.48 GBytes  72.9 Gbits/sec    0             
- - - - - - - - - - - - - - - - - - - - - - - - -
[  6] 115.00-116.00 sec  1.10 GBytes  9.49 Gbits/sec    0   4.16 MBytes       
[  8] 115.00-116.00 sec  1.16 GBytes  9.96 Gbits/sec    0   4.15 MBytes       
[ 10] 115.00-116.00 sec  1.14 GBytes  9.75 Gbits/sec    0   4.05 MBytes       
[ 12] 115.00-116.00 sec  1.10 GBytes  9.43 Gbits/sec    0   4.08 MBytes       
[ 14] 115.00-116.00 sec  1.09 GBytes  9.31 Gbits/sec    0   4.03 MBytes       
[ 16] 115.00-116.00 sec  1.07 GBytes  9.15 Gbits/sec    0   4.15 MBytes       
[ 18] 115.00-116.00 sec  1.07 GBytes  9.12 Gbits/sec    0   4.13 MBytes       
[ 20] 115.00-116.00 sec  1.13 GBytes  9.65 Gbits/sec    0   4.08 MBytes       
[SUM] 115.00-116.00 sec  8.84 GBytes  76.0 Gbits/sec    0             
- - - - - - - - - - - - - - - - - - - - - - - - -
[  6] 116.00-117.00 sec  1.11 GBytes  9.55 Gbits/sec    0   4.16 MBytes       
[  8] 116.00-117.00 sec  1.20 GBytes  10.3 Gbits/sec    0   4.15 MBytes       
[ 10] 116.00-117.00 sec  1.18 GBytes  10.2 Gbits/sec    0   4.05 MBytes       
[ 12] 116.00-117.00 sec  1.09 GBytes  9.36 Gbits/sec    0   4.08 MBytes       
[ 14] 116.00-117.00 sec  1.14 GBytes  9.80 Gbits/sec    0   4.03 MBytes       
[ 16] 116.00-117.00 sec  1.11 GBytes  9.55 Gbits/sec    0   4.15 MBytes       
[ 18] 116.00-117.00 sec  1.14 GBytes  9.84 Gbits/sec    0   4.13 MBytes       
[ 20] 116.00-117.00 sec  1.17 GBytes  10.1 Gbits/sec    0   4.08 MBytes       
[SUM] 116.00-117.00 sec  9.14 GBytes  78.5 Gbits/sec    0             
- - - - - - - - - - - - - - - - - - - - - - - - -
[  6] 117.00-118.00 sec  1.18 GBytes  10.1 Gbits/sec    0   4.16 MBytes       
[  8] 117.00-118.00 sec  1.18 GBytes  10.2 Gbits/sec    0   4.15 MBytes       
[ 10] 117.00-118.00 sec  1.18 GBytes  10.2 Gbits/sec    0   4.05 MBytes       
[ 12] 117.00-118.00 sec  1.14 GBytes  9.79 Gbits/sec    0   4.08 MBytes       
[ 14] 117.00-118.00 sec  1.13 GBytes  9.70 Gbits/sec    0   4.03 MBytes       
[ 16] 117.00-118.00 sec  1.09 GBytes  9.35 Gbits/sec    0   4.15 MBytes       
[ 18] 117.00-118.00 sec  1.14 GBytes  9.77 Gbits/sec    0   4.13 MBytes       
[ 20] 117.00-118.00 sec  1.22 GBytes  10.5 Gbits/sec    0   4.08 MBytes       
[SUM] 117.00-118.00 sec  9.25 GBytes  79.5 Gbits/sec    0             
- - - - - - - - - - - - - - - - - - - - - - - - -
[  6] 118.00-119.00 sec  1.03 GBytes  8.85 Gbits/sec    0   4.16 MBytes       
[  8] 118.00-119.00 sec  1.05 GBytes  8.98 Gbits/sec    0   4.15 MBytes       
[ 10] 118.00-119.00 sec  1.04 GBytes  8.97 Gbits/sec    0   4.05 MBytes       
[ 12] 118.00-119.00 sec  1.01 GBytes  8.66 Gbits/sec    0   4.08 MBytes       
[ 14] 118.00-119.00 sec  1.03 GBytes  8.88 Gbits/sec    0   4.03 MBytes       
[ 16] 118.00-119.00 sec  1.03 GBytes  8.88 Gbits/sec    0   4.15 MBytes       
[ 18] 118.00-119.00 sec  1.03 GBytes  8.82 Gbits/sec    0   4.13 MBytes       
[ 20] 118.00-119.00 sec  1.07 GBytes  9.15 Gbits/sec    0   4.08 MBytes       
[SUM] 118.00-119.00 sec  8.29 GBytes  71.2 Gbits/sec    0             
- - - - - - - - - - - - - - - - - - - - - - - - -
[  6] 119.00-120.00 sec  1.13 GBytes  9.74 Gbits/sec    0   4.16 MBytes       
[  8] 119.00-120.00 sec  1.09 GBytes  9.34 Gbits/sec    0   4.15 MBytes       
[ 10] 119.00-120.00 sec  1.08 GBytes  9.31 Gbits/sec    0   4.05 MBytes       
[ 12] 119.00-120.00 sec  1.05 GBytes  9.00 Gbits/sec    0   4.08 MBytes       
[ 14] 119.00-120.00 sec  1.06 GBytes  9.07 Gbits/sec    0   4.03 MBytes       
[ 16] 119.00-120.00 sec  1.12 GBytes  9.60 Gbits/sec    0   4.15 MBytes       
[ 18] 119.00-120.00 sec  1.05 GBytes  9.04 Gbits/sec    0   4.13 MBytes       
[ 20] 119.00-120.00 sec  1.12 GBytes  9.67 Gbits/sec    0   4.08 MBytes       
[SUM] 119.00-120.00 sec  8.70 GBytes  74.7 Gbits/sec    0             
- - - - - - - - - - - - - - - - - - - - - - - - -
[ ID] Interval           Transfer     Bitrate         Retr
[  6]   0.00-120.00 sec  73.3 GBytes  5.25 Gbits/sec    2             sender
[  6]   0.00-120.00 sec  73.3 GBytes  5.25 Gbits/sec                  receiver
[  8]   0.00-120.00 sec  73.7 GBytes  5.27 Gbits/sec    6             sender
[  8]   0.00-120.00 sec  73.7 GBytes  5.27 Gbits/sec                  receiver
[ 10]   0.00-120.00 sec  72.9 GBytes  5.22 Gbits/sec    7             sender
[ 10]   0.00-120.00 sec  72.9 GBytes  5.22 Gbits/sec                  receiver
[ 12]   0.00-120.00 sec  71.4 GBytes  5.11 Gbits/sec    2             sender
[ 12]   0.00-120.00 sec  71.4 GBytes  5.11 Gbits/sec                  receiver
[ 14]   0.00-120.00 sec  71.1 GBytes  5.09 Gbits/sec    3             sender
[ 14]   0.00-120.00 sec  71.1 GBytes  5.09 Gbits/sec                  receiver
[ 16]   0.00-120.00 sec  71.8 GBytes  5.14 Gbits/sec    3             sender
[ 16]   0.00-120.00 sec  71.8 GBytes  5.14 Gbits/sec                  receiver
[ 18]   0.00-120.00 sec  70.8 GBytes  5.07 Gbits/sec    1             sender
[ 18]   0.00-120.00 sec  70.8 GBytes  5.07 Gbits/sec                  receiver
[ 20]   0.00-120.00 sec  72.6 GBytes  5.19 Gbits/sec   12             sender
[ 20]   0.00-120.00 sec  72.6 GBytes  5.19 Gbits/sec                  receiver
[SUM]   0.00-120.00 sec   578 GBytes  41.3 Gbits/sec   36             sender
[SUM]   0.00-120.00 sec   578 GBytes  41.3 Gbits/sec                  receiver

iperf Done.
