Connecting to host 10.0.0.1, port 5201
[  6] local 10.0.0.2 port 52626 connected to 10.0.0.1 port 5201
[  8] local 10.0.0.2 port 52630 connected to 10.0.0.1 port 5201
[ 10] local 10.0.0.2 port 52640 connected to 10.0.0.1 port 5201
[ 12] local 10.0.0.2 port 52648 connected to 10.0.0.1 port 5201
[ 14] local 10.0.0.2 port 52662 connected to 10.0.0.1 port 5201
[ 16] local 10.0.0.2 port 52668 connected to 10.0.0.1 port 5201
[ 18] local 10.0.0.2 port 52676 connected to 10.0.0.1 port 5201
[ 20] local 10.0.0.2 port 52678 connected to 10.0.0.1 port 5201
[ ID] Interval           Transfer     Bitrate         Retr  Cwnd
[  6]   0.00-1.00   sec   158 MBytes  1.32 Gbits/sec    1   4.17 MBytes       
[  8]   0.00-1.00   sec   157 MBytes  1.32 Gbits/sec    0   4.13 MBytes       
[ 10]   0.00-1.00   sec   150 MBytes  1.26 Gbits/sec    1   4.12 MBytes       
[ 12]   0.00-1.00   sec   154 MBytes  1.29 Gbits/sec    0   4.17 MBytes       
[ 14]   0.00-1.00   sec   157 MBytes  1.31 Gbits/sec    1   4.14 MBytes       
[ 16]   0.00-1.00   sec   155 MBytes  1.30 Gbits/sec    0   4.10 MBytes       
[ 18]   0.00-1.00   sec   150 MBytes  1.26 Gbits/sec    3   4.12 MBytes       
[ 20]   0.00-1.00   sec   167 MBytes  1.40 Gbits/sec    2   4.07 MBytes       
[SUM]   0.00-1.00   sec  1.22 GBytes  10.5 Gbits/sec    8             
- - - - - - - - - - - - - - - - - - - - - - - - -
[  6]   1.00-2.00   sec   166 MBytes  1.40 Gbits/sec    0   4.17 MBytes       
[  8]   1.00-2.00   sec   160 MBytes  1.34 Gbits/sec    0   4.13 MBytes       
[ 10]   1.00-2.00   sec   165 MBytes  1.39 Gbits/sec    0   4.12 MBytes       
[ 12]   1.00-2.00   sec   174 MBytes  1.46 Gbits/sec    0   4.17 MBytes       
[ 14]   1.00-2.00   sec   176 MBytes  1.47 Gbits/sec    0   4.14 MBytes       
[ 16]   1.00-2.00   sec   163 MBytes  1.37 Gbits/sec    0   4.10 MBytes       
[ 18]   1.00-2.00   sec   160 MBytes  1.34 Gbits/sec    0   4.12 MBytes       
[ 20]   1.00-2.00   sec   168 MBytes  1.41 Gbits/sec    0   4.07 MBytes       
[SUM]   1.00-2.00   sec  1.30 GBytes  11.2 Gbits/sec    0             
- - - - - - - - - - - - - - - - - - - - - - - - -
[  6]   2.00-3.00   sec   167 MBytes  1.40 Gbits/sec    0   4.17 MBytes       
[  8]   2.00-3.00   sec   164 MBytes  1.37 Gbits/sec    0   4.13 MBytes       
[ 10]   2.00-3.00   sec   159 MBytes  1.33 Gbits/sec    0   4.12 MBytes       
[ 12]   2.00-3.00   sec   171 MBytes  1.43 Gbits/sec    0   4.17 MBytes       
[ 14]   2.00-3.00   sec   168 MBytes  1.41 Gbits/sec    0   4.14 MBytes       
[ 16]   2.00-3.00   sec   168 MBytes  1.41 Gbits/sec    0   4.10 MBytes       
[ 18]   2.00-3.00   sec   163 MBytes  1.37 Gbits/sec    0   4.12 MBytes       
[ 20]   2.00-3.00   sec   165 MBytes  1.38 Gbits/sec    0   4.07 MBytes       
[SUM]   2.00-3.00   sec  1.29 GBytes  11.1 Gbits/sec    0             
- - - - - - - - - - - - - - - - - - - - - - - - -
[  6]   3.00-4.00   sec   162 MBytes  1.36 Gbits/sec    0   4.17 MBytes       
[  8]   3.00-4.00   sec   167 MBytes  1.40 Gbits/sec    0   4.13 MBytes       
[ 10]   3.00-4.00   sec   170 MBytes  1.43 Gbits/sec    0   4.12 MBytes       
[ 12]   3.00-4.00   sec   173 MBytes  1.45 Gbits/sec    0   4.17 MBytes       
[ 14]   3.00-4.00   sec   179 MBytes  1.50 Gbits/sec    0   4.14 MBytes       
[ 16]   3.00-4.00   sec   167 MBytes  1.40 Gbits/sec    0   4.10 MBytes       
[ 18]   3.00-4.00   sec   169 MBytes  1.42 Gbits/sec    0   4.12 MBytes       
[ 20]   3.00-4.00   sec   184 MBytes  1.54 Gbits/sec    0   4.07 MBytes       
[SUM]   3.00-4.00   sec  1.34 GBytes  11.5 Gbits/sec    0             
- - - - - - - - - - - - - - - - - - - - - - - - -
[  6]   4.00-5.00   sec   168 MBytes  1.41 Gbits/sec    0   4.17 MBytes       
[  8]   4.00-5.00   sec   168 MBytes  1.41 Gbits/sec    0   4.13 MBytes       
[ 10]   4.00-5.00   sec   172 MBytes  1.44 Gbits/sec    0   4.12 MBytes       
[ 12]   4.00-5.00   sec   170 MBytes  1.43 Gbits/sec    0   4.17 MBytes       
[ 14]   4.00-5.00   sec   171 MBytes  1.44 Gbits/sec    0   4.14 MBytes       
[ 16]   4.00-5.00   sec   167 MBytes  1.40 Gbits/sec    0   4.10 MBytes       
[ 18]   4.00-5.00   sec   169 MBytes  1.42 Gbits/sec    0   4.12 MBytes       
[ 20]   4.00-5.00   sec   174 MBytes  1.46 Gbits/sec    0   4.07 MBytes       
[SUM]   4.00-5.00   sec  1.33 GBytes  11.4 Gbits/sec    0             
- - - - - - - - - - - - - - - - - - - - - - - - -
[  6]   5.00-6.00   sec   172 MBytes  1.44 Gbits/sec    0   4.17 MBytes       
[  8]   5.00-6.00   sec   178 MBytes  1.49 Gbits/sec    0   4.13 MBytes       
[ 10]   5.00-6.00   sec   177 MBytes  1.49 Gbits/sec    0   4.12 MBytes       
[ 12]   5.00-6.00   sec   173 MBytes  1.45 Gbits/sec    0   4.17 MBytes       
[ 14]   5.00-6.00   sec   171 MBytes  1.43 Gbits/sec    0   4.14 MBytes       
[ 16]   5.00-6.00   sec   167 MBytes  1.40 Gbits/sec    0   4.10 MBytes       
[ 18]   5.00-6.00   sec   174 MBytes  1.46 Gbits/sec    0   4.12 MBytes       
[ 20]   5.00-6.00   sec   176 MBytes  1.48 Gbits/sec    0   4.07 MBytes       
[SUM]   5.00-6.00   sec  1.36 GBytes  11.6 Gbits/sec    0             
- - - - - - - - - - - - - - - - - - - - - - - - -
[  6]   6.00-7.00   sec   175 MBytes  1.47 Gbits/sec    0   4.17 MBytes       
[  8]   6.00-7.00   sec   186 MBytes  1.56 Gbits/sec    0   4.13 MBytes       
[ 10]   6.00-7.00   sec   200 MBytes  1.68 Gbits/sec    0   4.12 MBytes       
[ 12]   6.00-7.00   sec   181 MBytes  1.52 Gbits/sec    0   4.17 MBytes       
[ 14]   6.00-7.00   sec   174 MBytes  1.46 Gbits/sec    0   4.14 MBytes       
[ 16]   6.00-7.00   sec   172 MBytes  1.44 Gbits/sec    0   4.10 MBytes       
[ 18]   6.00-7.00   sec   175 MBytes  1.47 Gbits/sec    0   4.12 MBytes       
[ 20]   6.00-7.00   sec   182 MBytes  1.53 Gbits/sec    0   4.07 MBytes       
[SUM]   6.00-7.00   sec  1.41 GBytes  12.1 Gbits/sec    0             
- - - - - - - - - - - - - - - - - - - - - - - - -
[  6]   7.00-8.00   sec   179 MBytes  1.50 Gbits/sec    0   4.17 MBytes       
[  8]   7.00-8.00   sec   176 MBytes  1.48 Gbits/sec    0   4.13 MBytes       
[ 10]   7.00-8.00   sec   182 MBytes  1.53 Gbits/sec    0   4.12 MBytes       
[ 12]   7.00-8.00   sec   181 MBytes  1.52 Gbits/sec    0   4.17 MBytes       
[ 14]   7.00-8.00   sec   183 MBytes  1.54 Gbits/sec    0   4.14 MBytes       
[ 16]   7.00-8.00   sec   177 MBytes  1.48 Gbits/sec    0   4.10 MBytes       
[ 18]   7.00-8.00   sec   173 MBytes  1.45 Gbits/sec    0   4.12 MBytes       
[ 20]   7.00-8.00   sec   178 MBytes  1.49 Gbits/sec    0   4.07 MBytes       
[SUM]   7.00-8.00   sec  1.40 GBytes  12.0 Gbits/sec    0             
- - - - - - - - - - - - - - - - - - - - - - - - -
[  6]   8.00-9.00   sec   185 MBytes  1.55 Gbits/sec    0   4.17 MBytes       
[  8]   8.00-9.00   sec   180 MBytes  1.51 Gbits/sec    0   4.13 MBytes       
[ 10]   8.00-9.00   sec   186 MBytes  1.56 Gbits/sec    0   4.12 MBytes       
[ 12]   8.00-9.00   sec   179 MBytes  1.51 Gbits/sec    0   4.17 MBytes       
[ 14]   8.00-9.00   sec   194 MBytes  1.63 Gbits/sec    0   4.14 MBytes       
[ 16]   8.00-9.00   sec   180 MBytes  1.51 Gbits/sec    0   4.10 MBytes       
[ 18]   8.00-9.00   sec   183 MBytes  1.54 Gbits/sec    0   4.12 MBytes       
[ 20]   8.00-9.00   sec   181 MBytes  1.52 Gbits/sec    0   4.07 MBytes       
[SUM]   8.00-9.00   sec  1.44 GBytes  12.3 Gbits/sec    0             
- - - - - - - - - - - - - - - - - - - - - - - - -
[  6]   9.00-10.00  sec   183 MBytes  1.54 Gbits/sec    0   4.17 MBytes       
[  8]   9.00-10.00  sec   186 MBytes  1.56 Gbits/sec    0   4.13 MBytes       
[ 10]   9.00-10.00  sec   170 MBytes  1.43 Gbits/sec    0   4.12 MBytes       
[ 12]   9.00-10.00  sec   186 MBytes  1.56 Gbits/sec    0   4.17 MBytes       
[ 14]   9.00-10.00  sec   189 MBytes  1.58 Gbits/sec    0   4.14 MBytes       
[ 16]   9.00-10.00  sec   186 MBytes  1.56 Gbits/sec    0   4.10 MBytes       
[ 18]   9.00-10.00  sec   188 MBytes  1.58 Gbits/sec    0   4.12 MBytes       
[ 20]   9.00-10.00  sec   184 MBytes  1.54 Gbits/sec    0   4.07 MBytes       
[SUM]   9.00-10.00  sec  1.44 GBytes  12.4 Gbits/sec    0             
- - - - - - - - - - - - - - - - - - - - - - - - -
[  6]  10.00-11.00  sec   192 MBytes  1.61 Gbits/sec    0   4.17 MBytes       
[  8]  10.00-11.00  sec   200 MBytes  1.68 Gbits/sec    0   4.13 MBytes       
[ 10]  10.00-11.00  sec   204 MBytes  1.71 Gbits/sec    0   4.12 MBytes       
[ 12]  10.00-11.00  sec   193 MBytes  1.62 Gbits/sec    0   4.17 MBytes       
[ 14]  10.00-11.00  sec   195 MBytes  1.64 Gbits/sec    0   4.14 MBytes       
[ 16]  10.00-11.00  sec   186 MBytes  1.56 Gbits/sec    0   4.10 MBytes       
[ 18]  10.00-11.00  sec   193 MBytes  1.62 Gbits/sec    0   4.12 MBytes       
[ 20]  10.00-11.00  sec   198 MBytes  1.66 Gbits/sec    0   4.07 MBytes       
[SUM]  10.00-11.00  sec  1.53 GBytes  13.1 Gbits/sec    0             
- - - - - - - - - - - - - - - - - - - - - - - - -
[  6]  11.00-12.00  sec   198 MBytes  1.66 Gbits/sec    0   4.17 MBytes       
[  8]  11.00-12.00  sec   194 MBytes  1.63 Gbits/sec    0   4.13 MBytes       
[ 10]  11.00-12.00  sec   177 MBytes  1.48 Gbits/sec    0   4.12 MBytes       
[ 12]  11.00-12.00  sec   195 MBytes  1.64 Gbits/sec    0   4.17 MBytes       
[ 14]  11.00-12.00  sec   196 MBytes  1.64 Gbits/sec    0   4.14 MBytes       
[ 16]  11.00-12.00  sec   201 MBytes  1.69 Gbits/sec    0   4.10 MBytes       
[ 18]  11.00-12.00  sec   198 MBytes  1.66 Gbits/sec    0   4.12 MBytes       
[ 20]  11.00-12.00  sec   195 MBytes  1.64 Gbits/sec    0   4.07 MBytes       
[SUM]  11.00-12.00  sec  1.52 GBytes  13.0 Gbits/sec    0             
- - - - - - - - - - - - - - - - - - - - - - - - -
[  6]  12.00-13.00  sec   200 MBytes  1.68 Gbits/sec    0   4.17 MBytes       
[  8]  12.00-13.00  sec   200 MBytes  1.67 Gbits/sec    0   4.13 MBytes       
[ 10]  12.00-13.00  sec   181 MBytes  1.52 Gbits/sec    0   4.12 MBytes       
[ 12]  12.00-13.00  sec   206 MBytes  1.72 Gbits/sec    0   4.17 MBytes       
[ 14]  12.00-13.00  sec   188 MBytes  1.58 Gbits/sec    0   4.14 MBytes       
[ 16]  12.00-13.00  sec   200 MBytes  1.68 Gbits/sec    0   4.10 MBytes       
[ 18]  12.00-13.00  sec   200 MBytes  1.67 Gbits/sec    0   4.12 MBytes       
[ 20]  12.00-13.00  sec   199 MBytes  1.67 Gbits/sec    0   4.07 MBytes       
[SUM]  12.00-13.00  sec  1.54 GBytes  13.2 Gbits/sec    0             
- - - - - - - - - - - - - - - - - - - - - - - - -
[  6]  13.00-14.00  sec   202 MBytes  1.69 Gbits/sec    0   4.17 MBytes       
[  8]  13.00-14.00  sec   207 MBytes  1.73 Gbits/sec    0   4.13 MBytes       
[ 10]  13.00-14.00  sec   203 MBytes  1.70 Gbits/sec    0   4.12 MBytes       
[ 12]  13.00-14.00  sec   206 MBytes  1.73 Gbits/sec    0   4.17 MBytes       
[ 14]  13.00-14.00  sec   180 MBytes  1.51 Gbits/sec    0   4.14 MBytes       
[ 16]  13.00-14.00  sec   206 MBytes  1.73 Gbits/sec    0   4.10 MBytes       
[ 18]  13.00-14.00  sec   209 MBytes  1.75 Gbits/sec    0   4.12 MBytes       
[ 20]  13.00-14.00  sec   185 MBytes  1.55 Gbits/sec    0   4.07 MBytes       
[SUM]  13.00-14.00  sec  1.56 GBytes  13.4 Gbits/sec    0             
- - - - - - - - - - - - - - - - - - - - - - - - -
[  6]  14.00-15.00  sec   182 MBytes  1.52 Gbits/sec    0   4.17 MBytes       
[  8]  14.00-15.00  sec   186 MBytes  1.56 Gbits/sec    0   4.13 MBytes       
[ 10]  14.00-15.00  sec   175 MBytes  1.47 Gbits/sec    0   4.12 MBytes       
[ 12]  14.00-15.00  sec   207 MBytes  1.73 Gbits/sec    0   4.17 MBytes       
[ 14]  14.00-15.00  sec   187 MBytes  1.57 Gbits/sec    0   4.14 MBytes       
[ 16]  14.00-15.00  sec   205 MBytes  1.72 Gbits/sec    0   4.10 MBytes       
[ 18]  14.00-15.00  sec   198 MBytes  1.66 Gbits/sec    0   4.12 MBytes       
[ 20]  14.00-15.00  sec   187 MBytes  1.57 Gbits/sec    0   4.07 MBytes       
[SUM]  14.00-15.00  sec  1.49 GBytes  12.8 Gbits/sec    0             
- - - - - - - - - - - - - - - - - - - - - - - - -
[  6]  15.00-16.00  sec   180 MBytes  1.51 Gbits/sec    0   4.17 MBytes       
[  8]  15.00-16.00  sec   192 MBytes  1.62 Gbits/sec    0   4.13 MBytes       
[ 10]  15.00-16.00  sec   181 MBytes  1.52 Gbits/sec    0   4.12 MBytes       
[ 12]  15.00-16.00  sec   215 MBytes  1.80 Gbits/sec    0   4.17 MBytes       
[ 14]  15.00-16.00  sec   187 MBytes  1.57 Gbits/sec    0   4.14 MBytes       
[ 16]  15.00-16.00  sec   205 MBytes  1.72 Gbits/sec    0   4.10 MBytes       
[ 18]  15.00-16.00  sec   194 MBytes  1.62 Gbits/sec    0   4.12 MBytes       
[ 20]  15.00-16.00  sec   190 MBytes  1.59 Gbits/sec    0   4.07 MBytes       
[SUM]  15.00-16.00  sec  1.51 GBytes  12.9 Gbits/sec    0             
- - - - - - - - - - - - - - - - - - - - - - - - -
[  6]  16.00-17.00  sec   186 MBytes  1.56 Gbits/sec    0   4.17 MBytes       
[  8]  16.00-17.00  sec   184 MBytes  1.54 Gbits/sec    0   4.13 MBytes       
[ 10]  16.00-17.00  sec   196 MBytes  1.64 Gbits/sec    0   4.12 MBytes       
[ 12]  16.00-17.00  sec   203 MBytes  1.70 Gbits/sec    0   4.17 MBytes       
[ 14]  16.00-17.00  sec   196 MBytes  1.64 Gbits/sec    0   4.14 MBytes       
[ 16]  16.00-17.00  sec   177 MBytes  1.49 Gbits/sec    0   4.10 MBytes       
[ 18]  16.00-17.00  sec   188 MBytes  1.57 Gbits/sec    0   4.12 MBytes       
[ 20]  16.00-17.00  sec   198 MBytes  1.66 Gbits/sec    0   4.07 MBytes       
[SUM]  16.00-17.00  sec  1.49 GBytes  12.8 Gbits/sec    0             
- - - - - - - - - - - - - - - - - - - - - - - - -
[  6]  17.00-18.00  sec   191 MBytes  1.60 Gbits/sec    0   4.17 MBytes       
[  8]  17.00-18.00  sec   171 MBytes  1.44 Gbits/sec    0   4.13 MBytes       
[ 10]  17.00-18.00  sec   186 MBytes  1.56 Gbits/sec    0   4.12 MBytes       
[ 12]  17.00-18.00  sec   177 MBytes  1.48 Gbits/sec    0   4.17 MBytes       
[ 14]  17.00-18.00  sec   203 MBytes  1.70 Gbits/sec    0   4.14 MBytes       
[ 16]  17.00-18.00  sec   185 MBytes  1.55 Gbits/sec    0   4.10 MBytes       
[ 18]  17.00-18.00  sec   183 MBytes  1.54 Gbits/sec    0   4.12 MBytes       
[ 20]  17.00-18.00  sec   213 MBytes  1.78 Gbits/sec    0   4.07 MBytes       
[SUM]  17.00-18.00  sec  1.47 GBytes  12.7 Gbits/sec    0             
- - - - - - - - - - - - - - - - - - - - - - - - -
[  6]  18.00-19.00  sec   198 MBytes  1.67 Gbits/sec    0   4.17 MBytes       
[  8]  18.00-19.00  sec   173 MBytes  1.45 Gbits/sec    0   4.13 MBytes       
[ 10]  18.00-19.00  sec   196 MBytes  1.65 Gbits/sec    0   4.12 MBytes       
[ 12]  18.00-19.00  sec   181 MBytes  1.52 Gbits/sec    0   4.17 MBytes       
[ 14]  18.00-19.00  sec   195 MBytes  1.64 Gbits/sec    0   4.14 MBytes       
[ 16]  18.00-19.00  sec   192 MBytes  1.61 Gbits/sec    0   4.10 MBytes       
[ 18]  18.00-19.00  sec   190 MBytes  1.59 Gbits/sec    0   4.12 MBytes       
[ 20]  18.00-19.00  sec   194 MBytes  1.63 Gbits/sec    0   4.07 MBytes       
[SUM]  18.00-19.00  sec  1.48 GBytes  12.8 Gbits/sec    0             
- - - - - - - - - - - - - - - - - - - - - - - - -
[  6]  19.00-20.00  sec   205 MBytes  1.72 Gbits/sec    0   4.17 MBytes       
[  8]  19.00-20.00  sec   189 MBytes  1.58 Gbits/sec    0   4.13 MBytes       
[ 10]  19.00-20.00  sec   198 MBytes  1.66 Gbits/sec    0   4.12 MBytes       
[ 12]  19.00-20.00  sec   183 MBytes  1.53 Gbits/sec    0   4.17 MBytes       
[ 14]  19.00-20.00  sec   183 MBytes  1.53 Gbits/sec    0   4.14 MBytes       
[ 16]  19.00-20.00  sec   194 MBytes  1.63 Gbits/sec    0   4.10 MBytes       
[ 18]  19.00-20.00  sec   191 MBytes  1.60 Gbits/sec    0   4.12 MBytes       
[ 20]  19.00-20.00  sec   201 MBytes  1.69 Gbits/sec    0   4.07 MBytes       
[SUM]  19.00-20.00  sec  1.51 GBytes  12.9 Gbits/sec    0             
- - - - - - - - - - - - - - - - - - - - - - - - -
[  6]  20.00-21.00  sec   207 MBytes  1.74 Gbits/sec    0   4.17 MBytes       
[  8]  20.00-21.00  sec   186 MBytes  1.56 Gbits/sec    0   4.13 MBytes       
[ 10]  20.00-21.00  sec   200 MBytes  1.67 Gbits/sec    0   4.12 MBytes       
[ 12]  20.00-21.00  sec   192 MBytes  1.61 Gbits/sec    0   4.17 MBytes       
[ 14]  20.00-21.00  sec   192 MBytes  1.61 Gbits/sec    0   4.14 MBytes       
[ 16]  20.00-21.00  sec   199 MBytes  1.67 Gbits/sec    0   4.10 MBytes       
[ 18]  20.00-21.00  sec   198 MBytes  1.66 Gbits/sec    0   4.12 MBytes       
[ 20]  20.00-21.00  sec   207 MBytes  1.73 Gbits/sec    0   4.07 MBytes       
[SUM]  20.00-21.00  sec  1.54 GBytes  13.2 Gbits/sec    0             
- - - - - - - - - - - - - - - - - - - - - - - - -
[  6]  21.00-22.00  sec   198 MBytes  1.66 Gbits/sec    0   4.17 MBytes       
[  8]  21.00-22.00  sec   197 MBytes  1.65 Gbits/sec    0   4.13 MBytes       
[ 10]  21.00-22.00  sec   209 MBytes  1.75 Gbits/sec    0   4.12 MBytes       
[ 12]  21.00-22.00  sec   198 MBytes  1.66 Gbits/sec    0   4.17 MBytes       
[ 14]  21.00-22.00  sec   201 MBytes  1.68 Gbits/sec    0   4.14 MBytes       
[ 16]  21.00-22.00  sec   209 MBytes  1.76 Gbits/sec    0   4.10 MBytes       
[ 18]  21.00-22.00  sec   210 MBytes  1.76 Gbits/sec    0   4.12 MBytes       
[ 20]  21.00-22.00  sec   224 MBytes  1.88 Gbits/sec    0   4.07 MBytes       
[SUM]  21.00-22.00  sec  1.61 GBytes  13.8 Gbits/sec    0             
- - - - - - - - - - - - - - - - - - - - - - - - -
[  6]  22.00-23.00  sec   177 MBytes  1.48 Gbits/sec    0   4.17 MBytes       
[  8]  22.00-23.00  sec   201 MBytes  1.69 Gbits/sec    0   4.13 MBytes       
[ 10]  22.00-23.00  sec   176 MBytes  1.48 Gbits/sec    0   4.12 MBytes       
[ 12]  22.00-23.00  sec   186 MBytes  1.56 Gbits/sec    0   4.17 MBytes       
[ 14]  22.00-23.00  sec   198 MBytes  1.66 Gbits/sec    0   4.14 MBytes       
[ 16]  22.00-23.00  sec   190 MBytes  1.59 Gbits/sec    0   4.10 MBytes       
[ 18]  22.00-23.00  sec   197 MBytes  1.65 Gbits/sec    0   4.12 MBytes       
[ 20]  22.00-23.00  sec   229 MBytes  1.92 Gbits/sec    0   4.07 MBytes       
[SUM]  22.00-23.00  sec  1.52 GBytes  13.0 Gbits/sec    0             
- - - - - - - - - - - - - - - - - - - - - - - - -
[  6]  23.00-24.00  sec   174 MBytes  1.46 Gbits/sec    0   4.17 MBytes       
[  8]  23.00-24.00  sec   227 MBytes  1.91 Gbits/sec    0   4.13 MBytes       
[ 10]  23.00-24.00  sec   182 MBytes  1.52 Gbits/sec    0   4.12 MBytes       
[ 12]  23.00-24.00  sec   195 MBytes  1.64 Gbits/sec    0   4.17 MBytes       
[ 14]  23.00-24.00  sec   198 MBytes  1.66 Gbits/sec    0   4.14 MBytes       
[ 16]  23.00-24.00  sec   163 MBytes  1.37 Gbits/sec    0   4.10 MBytes       
[ 18]  23.00-24.00  sec   176 MBytes  1.48 Gbits/sec    0   4.12 MBytes       
[ 20]  23.00-24.00  sec   215 MBytes  1.80 Gbits/sec    0   4.07 MBytes       
[SUM]  23.00-24.00  sec  1.49 GBytes  12.8 Gbits/sec    0             
- - - - - - - - - - - - - - - - - - - - - - - - -
[  6]  24.00-25.00  sec   182 MBytes  1.53 Gbits/sec    0   4.17 MBytes       
[  8]  24.00-25.00  sec   177 MBytes  1.48 Gbits/sec    0   4.13 MBytes       
[ 10]  24.00-25.00  sec   183 MBytes  1.54 Gbits/sec    0   4.12 MBytes       
[ 12]  24.00-25.00  sec   209 MBytes  1.75 Gbits/sec    0   4.17 MBytes       
[ 14]  24.00-25.00  sec   201 MBytes  1.68 Gbits/sec    0   4.14 MBytes       
[ 16]  24.00-25.00  sec   170 MBytes  1.43 Gbits/sec    0   4.10 MBytes       
[ 18]  24.00-25.00  sec   194 MBytes  1.63 Gbits/sec    0   4.12 MBytes       
[ 20]  24.00-25.00  sec   218 MBytes  1.83 Gbits/sec    0   4.07 MBytes       
[SUM]  24.00-25.00  sec  1.50 GBytes  12.9 Gbits/sec    0             
- - - - - - - - - - - - - - - - - - - - - - - - -
[  6]  25.00-26.00  sec   191 MBytes  1.61 Gbits/sec    0   4.17 MBytes       
[  8]  25.00-26.00  sec   188 MBytes  1.58 Gbits/sec    0   4.13 MBytes       
[ 10]  25.00-26.00  sec   194 MBytes  1.63 Gbits/sec    0   4.12 MBytes       
[ 12]  25.00-26.00  sec   204 MBytes  1.71 Gbits/sec    0   4.17 MBytes       
[ 14]  25.00-26.00  sec   210 MBytes  1.76 Gbits/sec    0   4.14 MBytes       
[ 16]  25.00-26.00  sec   184 MBytes  1.55 Gbits/sec    0   4.10 MBytes       
[ 18]  25.00-26.00  sec   213 MBytes  1.78 Gbits/sec    0   4.12 MBytes       
[ 20]  25.00-26.00  sec   229 MBytes  1.92 Gbits/sec    0   4.07 MBytes       
[SUM]  25.00-26.00  sec  1.58 GBytes  13.5 Gbits/sec    0             
- - - - - - - - - - - - - - - - - - - - - - - - -
[  6]  26.00-27.00  sec   197 MBytes  1.65 Gbits/sec    0   4.17 MBytes       
[  8]  26.00-27.00  sec   194 MBytes  1.62 Gbits/sec    0   4.13 MBytes       
[ 10]  26.00-27.00  sec   200 MBytes  1.68 Gbits/sec    0   4.12 MBytes       
[ 12]  26.00-27.00  sec   213 MBytes  1.79 Gbits/sec    0   4.17 MBytes       
[ 14]  26.00-27.00  sec   225 MBytes  1.89 Gbits/sec    0   4.14 MBytes       
[ 16]  26.00-27.00  sec   188 MBytes  1.58 Gbits/sec    0   4.10 MBytes       
[ 18]  26.00-27.00  sec   189 MBytes  1.59 Gbits/sec    0   4.12 MBytes       
[ 20]  26.00-27.00  sec   241 MBytes  2.02 Gbits/sec    0   4.07 MBytes       
[SUM]  26.00-27.00  sec  1.61 GBytes  13.8 Gbits/sec    0             
- - - - - - - - - - - - - - - - - - - - - - - - -
[  6]  27.00-28.00  sec   203 MBytes  1.71 Gbits/sec    0   4.17 MBytes       
[  8]  27.00-28.00  sec   202 MBytes  1.70 Gbits/sec    0   4.13 MBytes       
[ 10]  27.00-28.00  sec   212 MBytes  1.78 Gbits/sec    0   4.12 MBytes       
[ 12]  27.00-28.00  sec   218 MBytes  1.83 Gbits/sec    0   4.17 MBytes       
[ 14]  27.00-28.00  sec   217 MBytes  1.82 Gbits/sec    0   4.14 MBytes       
[ 16]  27.00-28.00  sec   197 MBytes  1.65 Gbits/sec    0   4.10 MBytes       
[ 18]  27.00-28.00  sec   207 MBytes  1.74 Gbits/sec    0   4.12 MBytes       
[ 20]  27.00-28.00  sec   238 MBytes  2.00 Gbits/sec    0   4.07 MBytes       
[SUM]  27.00-28.00  sec  1.66 GBytes  14.2 Gbits/sec    0             
- - - - - - - - - - - - - - - - - - - - - - - - -
[  6]  28.00-29.00  sec   196 MBytes  1.64 Gbits/sec    0   4.17 MBytes       
[  8]  28.00-29.00  sec   211 MBytes  1.77 Gbits/sec    0   4.13 MBytes       
[ 10]  28.00-29.00  sec   213 MBytes  1.79 Gbits/sec    0   4.12 MBytes       
[ 12]  28.00-29.00  sec   225 MBytes  1.89 Gbits/sec    0   4.17 MBytes       
[ 14]  28.00-29.00  sec   205 MBytes  1.72 Gbits/sec    0   4.14 MBytes       
[ 16]  28.00-29.00  sec   192 MBytes  1.61 Gbits/sec    0   4.10 MBytes       
[ 18]  28.00-29.00  sec   207 MBytes  1.73 Gbits/sec    0   4.12 MBytes       
[ 20]  28.00-29.00  sec   220 MBytes  1.85 Gbits/sec    0   4.07 MBytes       
[SUM]  28.00-29.00  sec  1.63 GBytes  14.0 Gbits/sec    0             
- - - - - - - - - - - - - - - - - - - - - - - - -
[  6]  29.00-30.00  sec   198 MBytes  1.67 Gbits/sec    0   4.17 MBytes       
[  8]  29.00-30.00  sec   195 MBytes  1.64 Gbits/sec    0   4.13 MBytes       
[ 10]  29.00-30.00  sec   189 MBytes  1.59 Gbits/sec    0   4.12 MBytes       
[ 12]  29.00-30.00  sec   170 MBytes  1.43 Gbits/sec    0   4.17 MBytes       
[ 14]  29.00-30.00  sec   197 MBytes  1.66 Gbits/sec    0   4.14 MBytes       
[ 16]  29.00-30.00  sec   187 MBytes  1.57 Gbits/sec    0   4.10 MBytes       
[ 18]  29.00-30.00  sec   187 MBytes  1.57 Gbits/sec    0   4.12 MBytes       
[ 20]  29.00-30.00  sec   191 MBytes  1.60 Gbits/sec    0   4.07 MBytes       
[SUM]  29.00-30.00  sec  1.48 GBytes  12.7 Gbits/sec    0             
- - - - - - - - - - - - - - - - - - - - - - - - -
[  6]  30.00-31.00  sec   212 MBytes  1.78 Gbits/sec    0   4.17 MBytes       
[  8]  30.00-31.00  sec   190 MBytes  1.59 Gbits/sec    0   4.13 MBytes       
[ 10]  30.00-31.00  sec   203 MBytes  1.70 Gbits/sec    0   4.12 MBytes       
[ 12]  30.00-31.00  sec   182 MBytes  1.52 Gbits/sec    0   4.17 MBytes       
[ 14]  30.00-31.00  sec   190 MBytes  1.60 Gbits/sec    0   4.14 MBytes       
[ 16]  30.00-31.00  sec   173 MBytes  1.45 Gbits/sec    0   4.10 MBytes       
[ 18]  30.00-31.00  sec   171 MBytes  1.43 Gbits/sec    0   4.12 MBytes       
[ 20]  30.00-31.00  sec   198 MBytes  1.66 Gbits/sec    0   4.07 MBytes       
[SUM]  30.00-31.00  sec  1.48 GBytes  12.7 Gbits/sec    0             
- - - - - - - - - - - - - - - - - - - - - - - - -
[  6]  31.00-32.00  sec   167 MBytes  1.40 Gbits/sec    0   4.17 MBytes       
[  8]  31.00-32.00  sec   190 MBytes  1.60 Gbits/sec    0   4.13 MBytes       
[ 10]  31.00-32.00  sec   193 MBytes  1.62 Gbits/sec    0   4.12 MBytes       
[ 12]  31.00-32.00  sec   188 MBytes  1.58 Gbits/sec    0   4.17 MBytes       
[ 14]  31.00-32.00  sec   199 MBytes  1.67 Gbits/sec    0   4.14 MBytes       
[ 16]  31.00-32.00  sec   185 MBytes  1.55 Gbits/sec    0   4.10 MBytes       
[ 18]  31.00-32.00  sec   181 MBytes  1.52 Gbits/sec    0   4.12 MBytes       
[ 20]  31.00-32.00  sec   190 MBytes  1.59 Gbits/sec    0   4.07 MBytes       
[SUM]  31.00-32.00  sec  1.46 GBytes  12.5 Gbits/sec    0             
- - - - - - - - - - - - - - - - - - - - - - - - -
[  6]  32.00-33.00  sec   173 MBytes  1.45 Gbits/sec    0   4.17 MBytes       
[  8]  32.00-33.00  sec   198 MBytes  1.66 Gbits/sec    0   4.13 MBytes       
[ 10]  32.00-33.00  sec   207 MBytes  1.74 Gbits/sec    0   4.12 MBytes       
[ 12]  32.00-33.00  sec   198 MBytes  1.66 Gbits/sec    0   4.17 MBytes       
[ 14]  32.00-33.00  sec   208 MBytes  1.74 Gbits/sec    0   4.14 MBytes       
[ 16]  32.00-33.00  sec   199 MBytes  1.67 Gbits/sec    0   4.10 MBytes       
[ 18]  32.00-33.00  sec   188 MBytes  1.57 Gbits/sec    0   4.12 MBytes       
[ 20]  32.00-33.00  sec   184 MBytes  1.54 Gbits/sec    0   4.07 MBytes       
[SUM]  32.00-33.00  sec  1.52 GBytes  13.0 Gbits/sec    0             
- - - - - - - - - - - - - - - - - - - - - - - - -
[  6]  33.00-34.00  sec   184 MBytes  1.55 Gbits/sec    0   4.17 MBytes       
[  8]  33.00-34.00  sec   214 MBytes  1.79 Gbits/sec    0   4.13 MBytes       
[ 10]  33.00-34.00  sec   213 MBytes  1.78 Gbits/sec    0   4.12 MBytes       
[ 12]  33.00-34.00  sec   203 MBytes  1.70 Gbits/sec    0   4.17 MBytes       
[ 14]  33.00-34.00  sec   208 MBytes  1.74 Gbits/sec    0   4.14 MBytes       
[ 16]  33.00-34.00  sec   201 MBytes  1.69 Gbits/sec    0   4.10 MBytes       
[ 18]  33.00-34.00  sec   196 MBytes  1.65 Gbits/sec    0   4.12 MBytes       
[ 20]  33.00-34.00  sec   200 MBytes  1.68 Gbits/sec    0   4.07 MBytes       
[SUM]  33.00-34.00  sec  1.58 GBytes  13.6 Gbits/sec    0             
- - - - - - - - - - - - - - - - - - - - - - - - -
[  6]  34.00-35.00  sec   190 MBytes  1.59 Gbits/sec    0   4.17 MBytes       
[  8]  34.00-35.00  sec   209 MBytes  1.76 Gbits/sec    0   4.13 MBytes       
[ 10]  34.00-35.00  sec   214 MBytes  1.80 Gbits/sec    0   4.12 MBytes       
[ 12]  34.00-35.00  sec   214 MBytes  1.80 Gbits/sec    0   4.17 MBytes       
[ 14]  34.00-35.00  sec   217 MBytes  1.82 Gbits/sec    0   4.14 MBytes       
[ 16]  34.00-35.00  sec   203 MBytes  1.70 Gbits/sec    0   4.10 MBytes       
[ 18]  34.00-35.00  sec   203 MBytes  1.71 Gbits/sec    0   4.12 MBytes       
[ 20]  34.00-35.00  sec   200 MBytes  1.68 Gbits/sec    0   4.07 MBytes       
[SUM]  34.00-35.00  sec  1.61 GBytes  13.8 Gbits/sec    0             
- - - - - - - - - - - - - - - - - - - - - - - - -
[  6]  35.00-36.00  sec   204 MBytes  1.71 Gbits/sec    0   4.17 MBytes       
[  8]  35.00-36.00  sec   198 MBytes  1.66 Gbits/sec    0   4.13 MBytes       
[ 10]  35.00-36.00  sec   219 MBytes  1.84 Gbits/sec    0   4.12 MBytes       
[ 12]  35.00-36.00  sec   190 MBytes  1.59 Gbits/sec    0   4.17 MBytes       
[ 14]  35.00-36.00  sec   211 MBytes  1.77 Gbits/sec    0   4.14 MBytes       
[ 16]  35.00-36.00  sec   198 MBytes  1.66 Gbits/sec    0   4.10 MBytes       
[ 18]  35.00-36.00  sec   212 MBytes  1.78 Gbits/sec    0   4.12 MBytes       
[ 20]  35.00-36.00  sec   195 MBytes  1.64 Gbits/sec    0   4.07 MBytes       
[SUM]  35.00-36.00  sec  1.59 GBytes  13.6 Gbits/sec    0             
- - - - - - - - - - - - - - - - - - - - - - - - -
[  6]  36.00-37.00  sec   208 MBytes  1.74 Gbits/sec    0   4.17 MBytes       
[  8]  36.00-37.00  sec   203 MBytes  1.70 Gbits/sec    0   4.13 MBytes       
[ 10]  36.00-37.00  sec   199 MBytes  1.67 Gbits/sec    0   4.12 MBytes       
[ 12]  36.00-37.00  sec   180 MBytes  1.51 Gbits/sec    0   4.17 MBytes       
[ 14]  36.00-37.00  sec   194 MBytes  1.63 Gbits/sec    0   4.14 MBytes       
[ 16]  36.00-37.00  sec   206 MBytes  1.73 Gbits/sec    0   4.10 MBytes       
[ 18]  36.00-37.00  sec   228 MBytes  1.91 Gbits/sec    0   4.12 MBytes       
[ 20]  36.00-37.00  sec   197 MBytes  1.65 Gbits/sec    0   4.07 MBytes       
[SUM]  36.00-37.00  sec  1.58 GBytes  13.5 Gbits/sec    0             
- - - - - - - - - - - - - - - - - - - - - - - - -
[  6]  37.00-38.00  sec   224 MBytes  1.88 Gbits/sec    0   4.17 MBytes       
[  8]  37.00-38.00  sec   211 MBytes  1.77 Gbits/sec    0   4.13 MBytes       
[ 10]  37.00-38.00  sec   218 MBytes  1.83 Gbits/sec    0   4.12 MBytes       
[ 12]  37.00-38.00  sec   187 MBytes  1.57 Gbits/sec    0   4.17 MBytes       
[ 14]  37.00-38.00  sec   208 MBytes  1.74 Gbits/sec    0   4.14 MBytes       
[ 16]  37.00-38.00  sec   208 MBytes  1.74 Gbits/sec    0   4.10 MBytes       
[ 18]  37.00-38.00  sec   240 MBytes  2.02 Gbits/sec    0   4.12 MBytes       
[ 20]  37.00-38.00  sec   206 MBytes  1.73 Gbits/sec    0   4.07 MBytes       
[SUM]  37.00-38.00  sec  1.66 GBytes  14.3 Gbits/sec    0             
- - - - - - - - - - - - - - - - - - - - - - - - -
[  6]  38.00-39.00  sec   205 MBytes  1.72 Gbits/sec    0   4.17 MBytes       
[  8]  38.00-39.00  sec   197 MBytes  1.65 Gbits/sec    0   4.13 MBytes       
[ 10]  38.00-39.00  sec   204 MBytes  1.71 Gbits/sec    0   4.12 MBytes       
[ 12]  38.00-39.00  sec   201 MBytes  1.69 Gbits/sec    0   4.17 MBytes       
[ 14]  38.00-39.00  sec   210 MBytes  1.76 Gbits/sec    0   4.14 MBytes       
[ 16]  38.00-39.00  sec   214 MBytes  1.79 Gbits/sec    0   4.10 MBytes       
[ 18]  38.00-39.00  sec   238 MBytes  2.00 Gbits/sec    0   4.12 MBytes       
[ 20]  38.00-39.00  sec   199 MBytes  1.67 Gbits/sec    0   4.07 MBytes       
[SUM]  38.00-39.00  sec  1.63 GBytes  14.0 Gbits/sec    0             
- - - - - - - - - - - - - - - - - - - - - - - - -
[  6]  39.00-40.00  sec   210 MBytes  1.77 Gbits/sec    0   4.17 MBytes       
[  8]  39.00-40.00  sec   196 MBytes  1.64 Gbits/sec    0   4.13 MBytes       
[ 10]  39.00-40.00  sec   216 MBytes  1.81 Gbits/sec    0   4.12 MBytes       
[ 12]  39.00-40.00  sec   188 MBytes  1.57 Gbits/sec    0   4.17 MBytes       
[ 14]  39.00-40.00  sec   219 MBytes  1.84 Gbits/sec    0   4.14 MBytes       
[ 16]  39.00-40.00  sec   211 MBytes  1.77 Gbits/sec    0   4.10 MBytes       
[ 18]  39.00-40.00  sec   221 MBytes  1.86 Gbits/sec    0   4.12 MBytes       
[ 20]  39.00-40.00  sec   186 MBytes  1.56 Gbits/sec    0   4.07 MBytes       
[SUM]  39.00-40.00  sec  1.61 GBytes  13.8 Gbits/sec    0             
- - - - - - - - - - - - - - - - - - - - - - - - -
[  6]  40.00-41.00  sec   169 MBytes  1.42 Gbits/sec    0   4.17 MBytes       
[  8]  40.00-41.00  sec   183 MBytes  1.53 Gbits/sec    0   4.13 MBytes       
[ 10]  40.00-41.00  sec   213 MBytes  1.79 Gbits/sec    0   4.12 MBytes       
[ 12]  40.00-41.00  sec   204 MBytes  1.71 Gbits/sec    0   4.17 MBytes       
[ 14]  40.00-41.00  sec   229 MBytes  1.92 Gbits/sec    0   4.14 MBytes       
[ 16]  40.00-41.00  sec   194 MBytes  1.62 Gbits/sec    0   4.10 MBytes       
[ 18]  40.00-41.00  sec   198 MBytes  1.66 Gbits/sec    0   4.12 MBytes       
[ 20]  40.00-41.00  sec   195 MBytes  1.63 Gbits/sec    0   4.07 MBytes       
[SUM]  40.00-41.00  sec  1.55 GBytes  13.3 Gbits/sec    0             
- - - - - - - - - - - - - - - - - - - - - - - - -
[  6]  41.00-42.00  sec   196 MBytes  1.65 Gbits/sec    0   4.17 MBytes       
[  8]  41.00-42.00  sec   201 MBytes  1.69 Gbits/sec    0   4.13 MBytes       
[ 10]  41.00-42.00  sec   217 MBytes  1.82 Gbits/sec    0   4.12 MBytes       
[ 12]  41.00-42.00  sec   206 MBytes  1.73 Gbits/sec    0   4.17 MBytes       
[ 14]  41.00-42.00  sec   223 MBytes  1.87 Gbits/sec    0   4.14 MBytes       
[ 16]  41.00-42.00  sec   218 MBytes  1.83 Gbits/sec    0   4.10 MBytes       
[ 18]  41.00-42.00  sec   200 MBytes  1.68 Gbits/sec    0   4.12 MBytes       
[ 20]  41.00-42.00  sec   210 MBytes  1.76 Gbits/sec    0   4.07 MBytes       
[SUM]  41.00-42.00  sec  1.63 GBytes  14.0 Gbits/sec    0             
- - - - - - - - - - - - - - - - - - - - - - - - -
[  6]  41.00-42.00  sec   196 MBytes  1.65 Gbits/sec    0   4.17 MBytes       
[  8]  41.00-42.00  sec   201 MBytes  1.69 Gbits/sec    0   4.13 MBytes       
[ 10]  41.00-42.00  sec   217 MBytes  1.82 Gbits/sec    0   4.12 MBytes       
[ 12]  41.00-42.00  sec   206 MBytes  1.73 Gbits/sec    0   4.17 MBytes       
[ 14]  41.00-42.00  sec   223 MBytes  1.87 Gbits/sec    0   4.14 MBytes       
[ 16]  41.00-42.00  sec   218 MBytes  1.83 Gbits/sec    0   4.10 MBytes       
[ 18]  41.00-42.00  sec   200 MBytes  1.68 Gbits/sec    0   4.12 MBytes       
[ 20]  41.00-42.00  sec   210 MBytes  1.76 Gbits/sec    0   4.07 MBytes       
[SUM]  41.00-42.00  sec  1.63 GBytes  14.0 Gbits/sec    0             
- - - - - - - - - - - - - - - - - - - - - - - - -
[ ID] Interval           Transfer     Bitrate         Retr
[  6]   0.00-42.00  sec  7.77 GBytes  1.59 Gbits/sec    1             sender
[  6]   0.00-42.00  sec  0.00 Bytes  0.00 bits/sec                  receiver
[  8]   0.00-42.00  sec  7.84 GBytes  1.60 Gbits/sec    0             sender
[  8]   0.00-42.00  sec  0.00 Bytes  0.00 bits/sec                  receiver
[ 10]   0.00-42.00  sec  7.96 GBytes  1.63 Gbits/sec    1             sender
[ 10]   0.00-42.00  sec  0.00 Bytes  0.00 bits/sec                  receiver
[ 12]   0.00-42.00  sec  7.92 GBytes  1.62 Gbits/sec    0             sender
[ 12]   0.00-42.00  sec  0.00 Bytes  0.00 bits/sec                  receiver
[ 14]   0.00-42.00  sec  8.08 GBytes  1.65 Gbits/sec    1             sender
[ 14]   0.00-42.00  sec  0.00 Bytes  0.00 bits/sec                  receiver
[ 16]   0.00-42.00  sec  7.81 GBytes  1.60 Gbits/sec    0             sender
[ 16]   0.00-42.00  sec  0.00 Bytes  0.00 bits/sec                  receiver
[ 18]   0.00-42.00  sec  7.97 GBytes  1.63 Gbits/sec    3             sender
[ 18]   0.00-42.00  sec  0.00 Bytes  0.00 bits/sec                  receiver
[ 20]   0.00-42.00  sec  8.14 GBytes  1.66 Gbits/sec    2             sender
[ 20]   0.00-42.00  sec  0.00 Bytes  0.00 bits/sec                  receiver
[SUM]   0.00-42.00  sec  63.5 GBytes  13.0 Gbits/sec    8             sender
[SUM]   0.00-42.00  sec  0.00 Bytes  0.00 bits/sec                  receiver
iperf3: error - the server has terminated
