Connecting to host 10.0.0.1, port 5202
[  6] local 10.0.0.2 port 55974 connected to 10.0.0.1 port 5202
[  8] local 10.0.0.2 port 55980 connected to 10.0.0.1 port 5202
[ 10] local 10.0.0.2 port 55990 connected to 10.0.0.1 port 5202
[ 12] local 10.0.0.2 port 56006 connected to 10.0.0.1 port 5202
[ 14] local 10.0.0.2 port 56016 connected to 10.0.0.1 port 5202
[ 16] local 10.0.0.2 port 56030 connected to 10.0.0.1 port 5202
[ 18] local 10.0.0.2 port 56036 connected to 10.0.0.1 port 5202
[ 20] local 10.0.0.2 port 56052 connected to 10.0.0.1 port 5202
[ ID] Interval           Transfer     Bitrate         Retr  Cwnd
[  6]   0.00-1.00   sec   476 MBytes  3.99 Gbits/sec    0   4.05 MBytes       
[  8]   0.00-1.01   sec   653 MBytes  5.45 Gbits/sec    0   4.08 MBytes       
[ 10]   0.00-1.01   sec   498 MBytes  4.15 Gbits/sec    0   4.10 MBytes       
[ 12]   0.00-1.01   sec   451 MBytes  3.76 Gbits/sec    0   3.94 MBytes       
[ 14]   0.00-1.01   sec   602 MBytes  5.01 Gbits/sec    0   4.14 MBytes       
[ 16]   0.00-1.01   sec   581 MBytes  4.84 Gbits/sec    0   4.08 MBytes       
[ 18]   0.00-1.01   sec   380 MBytes  3.16 Gbits/sec  212   3.49 MBytes       
[ 20]   0.00-1.01   sec   474 MBytes  3.95 Gbits/sec    0   4.19 MBytes       
[SUM]   0.00-1.00   sec  4.02 GBytes  34.5 Gbits/sec  212             
- - - - - - - - - - - - - - - - - - - - - - - - -
[  6]   1.00-2.00   sec   614 MBytes  5.15 Gbits/sec    0   4.05 MBytes       
[  8]   1.01-2.00   sec   576 MBytes  4.85 Gbits/sec    0   4.08 MBytes       
[ 10]   1.01-2.00   sec   561 MBytes  4.74 Gbits/sec    0   4.10 MBytes       
[ 12]   1.01-2.00   sec   578 MBytes  4.88 Gbits/sec    0   3.94 MBytes       
[ 14]   1.01-2.00   sec   590 MBytes  4.99 Gbits/sec    0   4.14 MBytes       
[ 16]   1.01-2.00   sec   617 MBytes  5.22 Gbits/sec    0   4.08 MBytes       
[ 18]   1.01-2.00   sec   513 MBytes  4.34 Gbits/sec    0   3.60 MBytes       
[ 20]   1.01-2.00   sec   674 MBytes  5.69 Gbits/sec    0   4.19 MBytes       
[SUM]   1.00-2.00   sec  4.61 GBytes  39.6 Gbits/sec    0             
- - - - - - - - - - - - - - - - - - - - - - - - -
[  6]   2.00-3.00   sec   672 MBytes  5.64 Gbits/sec    0   4.05 MBytes       
[  8]   2.00-3.00   sec   648 MBytes  5.44 Gbits/sec    0   4.08 MBytes       
[ 10]   2.00-3.00   sec   681 MBytes  5.71 Gbits/sec    0   4.10 MBytes       
[ 12]   2.00-3.00   sec   693 MBytes  5.81 Gbits/sec    0   3.94 MBytes       
[ 14]   2.00-3.00   sec   680 MBytes  5.69 Gbits/sec    2   4.14 MBytes       
[ 16]   2.00-3.00   sec   786 MBytes  6.58 Gbits/sec    0   4.08 MBytes       
[ 18]   2.00-3.00   sec   571 MBytes  4.78 Gbits/sec    0   3.71 MBytes       
[ 20]   2.00-3.00   sec   703 MBytes  5.89 Gbits/sec    1   4.19 MBytes       
[SUM]   2.00-3.00   sec  5.31 GBytes  45.6 Gbits/sec    3             
- - - - - - - - - - - - - - - - - - - - - - - - -
[  6]   3.00-4.00   sec   718 MBytes  6.03 Gbits/sec    0   4.05 MBytes       
[  8]   3.00-4.00   sec   657 MBytes  5.51 Gbits/sec    0   4.08 MBytes       
[ 10]   3.00-4.00   sec   699 MBytes  5.87 Gbits/sec    0   4.10 MBytes       
[ 12]   3.00-4.00   sec   602 MBytes  5.06 Gbits/sec    0   3.94 MBytes       
[ 14]   3.00-4.00   sec   626 MBytes  5.27 Gbits/sec    0   4.14 MBytes       
[ 16]   3.00-4.00   sec   655 MBytes  5.51 Gbits/sec    1   4.08 MBytes       
[ 18]   3.00-4.00   sec   591 MBytes  4.97 Gbits/sec    0   3.82 MBytes       
[ 20]   3.00-4.00   sec   630 MBytes  5.29 Gbits/sec    0   4.19 MBytes       
[SUM]   3.00-4.00   sec  5.06 GBytes  43.4 Gbits/sec    1             
- - - - - - - - - - - - - - - - - - - - - - - - -
[  6]   4.00-5.00   sec   770 MBytes  6.46 Gbits/sec    0   4.05 MBytes       
[  8]   4.00-5.00   sec   615 MBytes  5.16 Gbits/sec    0   4.08 MBytes       
[ 10]   4.00-5.00   sec   755 MBytes  6.33 Gbits/sec    0   4.10 MBytes       
[ 12]   4.00-5.00   sec   804 MBytes  6.75 Gbits/sec    0   3.94 MBytes       
[ 14]   4.00-5.00   sec   656 MBytes  5.50 Gbits/sec    0   4.14 MBytes       
[ 16]   4.00-5.00   sec   776 MBytes  6.51 Gbits/sec    0   4.08 MBytes       
[ 18]   4.00-5.00   sec   733 MBytes  6.14 Gbits/sec    0   3.94 MBytes       
[ 20]   4.00-5.00   sec   750 MBytes  6.29 Gbits/sec    0   4.19 MBytes       
[SUM]   4.00-5.00   sec  5.72 GBytes  49.1 Gbits/sec    0             
- - - - - - - - - - - - - - - - - - - - - - - - -
[  6]   5.00-6.00   sec   729 MBytes  6.12 Gbits/sec    0   4.05 MBytes       
[  8]   5.00-6.00   sec   732 MBytes  6.14 Gbits/sec    0   4.08 MBytes       
[ 10]   5.00-6.00   sec   750 MBytes  6.29 Gbits/sec    0   4.10 MBytes       
[ 12]   5.00-6.00   sec   761 MBytes  6.39 Gbits/sec    0   3.94 MBytes       
[ 14]   5.00-6.00   sec   768 MBytes  6.45 Gbits/sec    0   4.14 MBytes       
[ 16]   5.00-6.00   sec   864 MBytes  7.25 Gbits/sec    0   4.08 MBytes       
[ 18]   5.00-6.00   sec   713 MBytes  5.98 Gbits/sec    0   3.94 MBytes       
[ 20]   5.00-6.00   sec   758 MBytes  6.35 Gbits/sec    0   4.19 MBytes       
[SUM]   5.00-6.00   sec  5.93 GBytes  51.0 Gbits/sec    0             
- - - - - - - - - - - - - - - - - - - - - - - - -
[  6]   6.00-7.00   sec   853 MBytes  7.16 Gbits/sec    0   4.05 MBytes       
[  8]   6.00-7.00   sec   894 MBytes  7.50 Gbits/sec    1   4.08 MBytes       
[ 10]   6.00-7.00   sec   914 MBytes  7.67 Gbits/sec    0   4.10 MBytes       
[ 12]   6.00-7.00   sec   802 MBytes  6.73 Gbits/sec    1   3.94 MBytes       
[ 14]   6.00-7.00   sec   752 MBytes  6.31 Gbits/sec    0   4.14 MBytes       
[ 16]   6.00-7.00   sec   811 MBytes  6.80 Gbits/sec    0   4.08 MBytes       
[ 18]   6.00-7.00   sec   830 MBytes  6.97 Gbits/sec    0   3.94 MBytes       
[ 20]   6.00-7.00   sec   852 MBytes  7.16 Gbits/sec    1   4.19 MBytes       
[SUM]   6.00-7.00   sec  6.55 GBytes  56.3 Gbits/sec    3             
- - - - - - - - - - - - - - - - - - - - - - - - -
[  6]   7.00-8.00   sec   578 MBytes  4.84 Gbits/sec    4   4.05 MBytes       
[  8]   7.00-8.00   sec   544 MBytes  4.56 Gbits/sec    5   4.08 MBytes       
[ 10]   7.00-8.00   sec   548 MBytes  4.60 Gbits/sec    7   4.10 MBytes       
[ 12]   7.00-8.00   sec   513 MBytes  4.30 Gbits/sec    7   3.94 MBytes       
[ 14]   7.00-8.00   sec   583 MBytes  4.89 Gbits/sec    7   4.14 MBytes       
[ 16]   7.00-8.00   sec   594 MBytes  4.97 Gbits/sec    2   4.08 MBytes       
[ 18]   7.00-8.00   sec   562 MBytes  4.71 Gbits/sec    6   3.94 MBytes       
[ 20]   7.00-8.00   sec   627 MBytes  5.25 Gbits/sec    5   4.19 MBytes       
[SUM]   7.00-8.00   sec  4.44 GBytes  38.1 Gbits/sec   43             
- - - - - - - - - - - - - - - - - - - - - - - - -
[  6]   8.00-9.00   sec   449 MBytes  3.77 Gbits/sec    7   4.05 MBytes       
[  8]   8.00-9.00   sec   456 MBytes  3.83 Gbits/sec    6   4.08 MBytes       
[ 10]   8.00-9.00   sec   466 MBytes  3.91 Gbits/sec    8   4.10 MBytes       
[ 12]   8.00-9.00   sec   504 MBytes  4.23 Gbits/sec    4   3.94 MBytes       
[ 14]   8.00-9.00   sec   434 MBytes  3.64 Gbits/sec    7   4.14 MBytes       
[ 16]   8.00-9.00   sec   508 MBytes  4.27 Gbits/sec    5   4.08 MBytes       
[ 18]   8.00-9.00   sec   538 MBytes  4.52 Gbits/sec    3   3.94 MBytes       
[ 20]   8.00-9.00   sec   463 MBytes  3.89 Gbits/sec    8   4.19 MBytes       
[SUM]   8.00-9.00   sec  3.73 GBytes  32.0 Gbits/sec   48             
- - - - - - - - - - - - - - - - - - - - - - - - -
[  6]   9.00-10.00  sec   525 MBytes  4.40 Gbits/sec    2   4.05 MBytes       
[  8]   9.00-10.00  sec   508 MBytes  4.25 Gbits/sec    5   4.08 MBytes       
[ 10]   9.00-10.00  sec   530 MBytes  4.44 Gbits/sec    5   4.10 MBytes       
[ 12]   9.00-10.00  sec   479 MBytes  4.01 Gbits/sec    6   3.94 MBytes       
[ 14]   9.00-10.00  sec   497 MBytes  4.16 Gbits/sec    5   4.14 MBytes       
[ 16]   9.00-10.01  sec   441 MBytes  3.68 Gbits/sec    8   4.08 MBytes       
[ 18]   9.00-10.01  sec   503 MBytes  4.19 Gbits/sec    6   3.94 MBytes       
[ 20]   9.00-10.01  sec   474 MBytes  3.95 Gbits/sec    6   4.19 MBytes       
[SUM]   9.00-10.00  sec  3.86 GBytes  33.2 Gbits/sec   43             
- - - - - - - - - - - - - - - - - - - - - - - - -
[  6]  10.00-11.00  sec   416 MBytes  3.49 Gbits/sec    7   4.05 MBytes       
[  8]  10.00-11.00  sec   415 MBytes  3.49 Gbits/sec    7   4.08 MBytes       
[ 10]  10.00-11.00  sec   407 MBytes  3.42 Gbits/sec   10   4.10 MBytes       
[ 12]  10.00-11.00  sec   451 MBytes  3.79 Gbits/sec    7   3.94 MBytes       
[ 14]  10.00-11.00  sec   467 MBytes  3.93 Gbits/sec    6   4.14 MBytes       
[ 16]  10.01-11.00  sec   403 MBytes  3.40 Gbits/sec    8   4.08 MBytes       
[ 18]  10.01-11.00  sec   377 MBytes  3.18 Gbits/sec    8   3.94 MBytes       
[ 20]  10.01-11.00  sec   415 MBytes  3.50 Gbits/sec    7   4.19 MBytes       
[SUM]  10.00-11.00  sec  3.27 GBytes  28.1 Gbits/sec   60             
- - - - - - - - - - - - - - - - - - - - - - - - -
[  6]  11.00-12.00  sec   391 MBytes  3.28 Gbits/sec    8   4.05 MBytes       
[  8]  11.00-12.00  sec   419 MBytes  3.52 Gbits/sec    5   4.08 MBytes       
[ 10]  11.00-12.00  sec   456 MBytes  3.82 Gbits/sec    9   4.10 MBytes       
[ 12]  11.00-12.00  sec   412 MBytes  3.45 Gbits/sec    7   3.94 MBytes       
[ 14]  11.00-12.00  sec   472 MBytes  3.96 Gbits/sec    4   4.14 MBytes       
[ 16]  11.00-12.00  sec   424 MBytes  3.56 Gbits/sec    7   4.08 MBytes       
[ 18]  11.00-12.00  sec   419 MBytes  3.52 Gbits/sec    8   3.94 MBytes       
[ 20]  11.00-12.00  sec   407 MBytes  3.41 Gbits/sec    9   4.19 MBytes       
[SUM]  11.00-12.00  sec  3.32 GBytes  28.5 Gbits/sec   57             
- - - - - - - - - - - - - - - - - - - - - - - - -
[  6]  12.00-13.00  sec   555 MBytes  4.65 Gbits/sec    5   4.05 MBytes       
[  8]  12.00-13.00  sec   517 MBytes  4.33 Gbits/sec    7   4.08 MBytes       
[ 10]  12.00-13.00  sec   520 MBytes  4.36 Gbits/sec    3   4.10 MBytes       
[ 12]  12.00-13.00  sec   509 MBytes  4.27 Gbits/sec    7   3.94 MBytes       
[ 14]  12.00-13.00  sec   547 MBytes  4.58 Gbits/sec    5   4.14 MBytes       
[ 16]  12.00-13.00  sec   504 MBytes  4.23 Gbits/sec    6   4.08 MBytes       
[ 18]  12.00-13.00  sec   492 MBytes  4.13 Gbits/sec    7   3.94 MBytes       
[ 20]  12.00-13.00  sec   484 MBytes  4.07 Gbits/sec    7   4.19 MBytes       
[SUM]  12.00-13.00  sec  4.03 GBytes  34.6 Gbits/sec   47             
- - - - - - - - - - - - - - - - - - - - - - - - -
[  6]  13.00-14.00  sec   703 MBytes  5.90 Gbits/sec    0   4.05 MBytes       
[  8]  13.00-14.00  sec   644 MBytes  5.40 Gbits/sec    0   4.08 MBytes       
[ 10]  13.00-14.00  sec   684 MBytes  5.74 Gbits/sec    0   4.10 MBytes       
[ 12]  13.00-14.00  sec   708 MBytes  5.93 Gbits/sec    0   3.94 MBytes       
[ 14]  13.00-14.00  sec   637 MBytes  5.34 Gbits/sec    0   4.14 MBytes       
[ 16]  13.00-14.00  sec   774 MBytes  6.48 Gbits/sec    0   4.08 MBytes       
[ 18]  13.00-14.00  sec   671 MBytes  5.62 Gbits/sec    0   3.94 MBytes       
[ 20]  13.00-14.00  sec   713 MBytes  5.97 Gbits/sec    0   4.19 MBytes       
[SUM]  13.00-14.00  sec  5.40 GBytes  46.4 Gbits/sec    0             
- - - - - - - - - - - - - - - - - - - - - - - - -
[  6]  14.00-15.00  sec   729 MBytes  6.11 Gbits/sec    0   4.05 MBytes       
[  8]  14.00-15.00  sec   760 MBytes  6.38 Gbits/sec    0   4.08 MBytes       
[ 10]  14.00-15.00  sec   726 MBytes  6.10 Gbits/sec    0   4.10 MBytes       
[ 12]  14.00-15.00  sec   788 MBytes  6.61 Gbits/sec    0   3.94 MBytes       
[ 14]  14.00-15.00  sec   735 MBytes  6.16 Gbits/sec    0   4.14 MBytes       
[ 16]  14.00-15.00  sec   744 MBytes  6.23 Gbits/sec    0   4.08 MBytes       
[ 18]  14.00-15.00  sec   747 MBytes  6.26 Gbits/sec    0   3.94 MBytes       
[ 20]  14.00-15.00  sec   745 MBytes  6.24 Gbits/sec    0   4.19 MBytes       
[SUM]  14.00-15.00  sec  5.83 GBytes  50.1 Gbits/sec    0             
- - - - - - - - - - - - - - - - - - - - - - - - -
[  6]  15.00-16.00  sec   696 MBytes  5.84 Gbits/sec    0   4.05 MBytes       
[  8]  15.00-16.00  sec   727 MBytes  6.10 Gbits/sec    0   4.08 MBytes       
[ 10]  15.00-16.00  sec   719 MBytes  6.03 Gbits/sec    0   4.10 MBytes       
[ 12]  15.00-16.00  sec   681 MBytes  5.73 Gbits/sec    0   3.94 MBytes       
[ 14]  15.00-16.00  sec   682 MBytes  5.74 Gbits/sec    0   4.14 MBytes       
[ 16]  15.00-16.00  sec   681 MBytes  5.73 Gbits/sec    0   4.08 MBytes       
[ 18]  15.00-16.00  sec   707 MBytes  5.95 Gbits/sec    0   3.94 MBytes       
[ 20]  15.00-16.00  sec   703 MBytes  5.92 Gbits/sec    0   4.19 MBytes       
[SUM]  15.00-16.00  sec  5.47 GBytes  47.0 Gbits/sec    0             
- - - - - - - - - - - - - - - - - - - - - - - - -
[  6]  16.00-17.00  sec   596 MBytes  5.00 Gbits/sec    0   4.05 MBytes       
[  8]  16.00-17.00  sec   671 MBytes  5.62 Gbits/sec    0   4.08 MBytes       
[ 10]  16.00-17.00  sec   640 MBytes  5.36 Gbits/sec    0   4.10 MBytes       
[ 12]  16.00-17.00  sec   704 MBytes  5.90 Gbits/sec    0   3.94 MBytes       
[ 14]  16.00-17.00  sec   678 MBytes  5.68 Gbits/sec    0   4.14 MBytes       
[ 16]  16.00-17.00  sec   663 MBytes  5.55 Gbits/sec    0   4.08 MBytes       
[ 18]  16.00-17.00  sec   648 MBytes  5.43 Gbits/sec    0   3.94 MBytes       
[ 20]  16.00-17.00  sec   713 MBytes  5.98 Gbits/sec    0   4.19 MBytes       
[SUM]  16.00-17.00  sec  5.19 GBytes  44.5 Gbits/sec    0             
- - - - - - - - - - - - - - - - - - - - - - - - -
[  6]  17.00-18.00  sec   623 MBytes  5.23 Gbits/sec    0   4.05 MBytes       
[  8]  17.00-18.00  sec   672 MBytes  5.64 Gbits/sec    0   4.08 MBytes       
[ 10]  17.00-18.00  sec   613 MBytes  5.14 Gbits/sec    0   4.10 MBytes       
[ 12]  17.00-18.00  sec   603 MBytes  5.06 Gbits/sec    0   3.94 MBytes       
[ 14]  17.00-18.00  sec   668 MBytes  5.61 Gbits/sec    0   4.14 MBytes       
[ 16]  17.00-18.00  sec   720 MBytes  6.04 Gbits/sec    0   4.08 MBytes       
[ 18]  17.00-18.00  sec   668 MBytes  5.60 Gbits/sec    0   3.94 MBytes       
[ 20]  17.00-18.00  sec   696 MBytes  5.83 Gbits/sec    0   4.19 MBytes       
[SUM]  17.00-18.00  sec  5.14 GBytes  44.2 Gbits/sec    0             
- - - - - - - - - - - - - - - - - - - - - - - - -
[  6]  18.00-19.00  sec   664 MBytes  5.57 Gbits/sec    0   4.05 MBytes       
[  8]  18.00-19.00  sec   714 MBytes  5.98 Gbits/sec    0   4.08 MBytes       
[ 10]  18.00-19.00  sec   704 MBytes  5.91 Gbits/sec    0   4.10 MBytes       
[ 12]  18.00-19.00  sec   703 MBytes  5.89 Gbits/sec    0   3.94 MBytes       
[ 14]  18.00-19.00  sec   666 MBytes  5.59 Gbits/sec    0   4.14 MBytes       
[ 16]  18.00-19.00  sec   670 MBytes  5.62 Gbits/sec    0   4.08 MBytes       
[ 18]  18.00-19.00  sec   608 MBytes  5.10 Gbits/sec    0   3.94 MBytes       
[ 20]  18.00-19.00  sec   766 MBytes  6.42 Gbits/sec    0   4.19 MBytes       
[SUM]  18.00-19.00  sec  5.37 GBytes  46.1 Gbits/sec    0             
- - - - - - - - - - - - - - - - - - - - - - - - -
[  6]  19.00-20.00  sec   618 MBytes  5.19 Gbits/sec    0   4.05 MBytes       
[  8]  19.00-20.00  sec   594 MBytes  4.99 Gbits/sec    0   4.08 MBytes       
[ 10]  19.00-20.00  sec   593 MBytes  4.97 Gbits/sec    0   4.10 MBytes       
[ 12]  19.00-20.00  sec   602 MBytes  5.05 Gbits/sec    0   3.94 MBytes       
[ 14]  19.00-20.00  sec   624 MBytes  5.24 Gbits/sec    0   4.14 MBytes       
[ 16]  19.00-20.00  sec   552 MBytes  4.64 Gbits/sec    0   4.08 MBytes       
[ 18]  19.00-20.00  sec   580 MBytes  4.87 Gbits/sec    0   3.94 MBytes       
[ 20]  19.00-20.00  sec   611 MBytes  5.14 Gbits/sec    0   4.19 MBytes       
[SUM]  19.00-20.00  sec  4.66 GBytes  40.1 Gbits/sec    0             
- - - - - - - - - - - - - - - - - - - - - - - - -
[  6]  20.00-21.00  sec   548 MBytes  4.60 Gbits/sec    0   4.05 MBytes       
[  8]  20.00-21.00  sec   599 MBytes  5.02 Gbits/sec    0   4.08 MBytes       
[ 10]  20.00-21.00  sec   590 MBytes  4.94 Gbits/sec    0   4.10 MBytes       
[ 12]  20.00-21.01  sec   470 MBytes  3.93 Gbits/sec    0   3.94 MBytes       
[ 14]  20.00-21.01  sec   571 MBytes  4.76 Gbits/sec    0   4.14 MBytes       
[ 16]  20.00-21.01  sec   610 MBytes  5.09 Gbits/sec    0   4.08 MBytes       
[ 18]  20.00-21.01  sec   554 MBytes  4.62 Gbits/sec    0   3.94 MBytes       
[ 20]  20.00-21.01  sec   616 MBytes  5.14 Gbits/sec    0   4.19 MBytes       
[SUM]  20.00-21.00  sec  4.45 GBytes  38.2 Gbits/sec    0             
- - - - - - - - - - - - - - - - - - - - - - - - -
[  6]  21.00-22.00  sec   569 MBytes  4.77 Gbits/sec    0   4.05 MBytes       
[  8]  21.00-22.00  sec   549 MBytes  4.60 Gbits/sec    0   4.08 MBytes       
[ 10]  21.00-22.00  sec   635 MBytes  5.34 Gbits/sec    0   4.10 MBytes       
[ 12]  21.01-22.00  sec   556 MBytes  4.68 Gbits/sec    0   3.94 MBytes       
[ 14]  21.01-22.00  sec   583 MBytes  4.91 Gbits/sec    0   4.14 MBytes       
[ 16]  21.01-22.00  sec   596 MBytes  5.02 Gbits/sec    0   4.08 MBytes       
[ 18]  21.01-22.00  sec   584 MBytes  4.92 Gbits/sec    0   3.94 MBytes       
[ 20]  21.01-22.01  sec   627 MBytes  5.28 Gbits/sec    0   4.19 MBytes       
[SUM]  21.00-22.00  sec  4.59 GBytes  39.4 Gbits/sec    0             
- - - - - - - - - - - - - - - - - - - - - - - - -
[  6]  22.00-23.00  sec   585 MBytes  4.91 Gbits/sec    0   4.05 MBytes       
[  8]  22.00-23.00  sec   605 MBytes  5.08 Gbits/sec    0   4.08 MBytes       
[ 10]  22.00-23.00  sec   592 MBytes  4.96 Gbits/sec    0   4.10 MBytes       
[ 12]  22.00-23.00  sec   559 MBytes  4.70 Gbits/sec    0   3.94 MBytes       
[ 14]  22.00-23.00  sec   550 MBytes  4.62 Gbits/sec    0   4.14 MBytes       
[ 16]  22.00-23.00  sec   622 MBytes  5.23 Gbits/sec    0   4.08 MBytes       
[ 18]  22.00-23.00  sec   503 MBytes  4.22 Gbits/sec    0   3.94 MBytes       
[ 20]  22.01-23.01  sec   538 MBytes  4.51 Gbits/sec    0   4.19 MBytes       
[SUM]  22.00-23.00  sec  4.45 GBytes  38.2 Gbits/sec    0             
- - - - - - - - - - - - - - - - - - - - - - - - -
[  6]  23.00-24.00  sec   604 MBytes  5.06 Gbits/sec    0   4.05 MBytes       
[  8]  23.00-24.00  sec   644 MBytes  5.40 Gbits/sec    0   4.08 MBytes       
[ 10]  23.00-24.00  sec   579 MBytes  4.86 Gbits/sec    0   4.10 MBytes       
[ 12]  23.00-24.00  sec   644 MBytes  5.41 Gbits/sec    0   3.94 MBytes       
[ 14]  23.00-24.00  sec   596 MBytes  5.01 Gbits/sec    0   4.14 MBytes       
[ 16]  23.00-24.00  sec   586 MBytes  4.92 Gbits/sec    0   4.08 MBytes       
[ 18]  23.00-24.00  sec   605 MBytes  5.09 Gbits/sec    0   3.94 MBytes       
[ 20]  23.01-24.00  sec   640 MBytes  5.40 Gbits/sec    0   4.19 MBytes       
[SUM]  23.00-24.00  sec  4.78 GBytes  41.1 Gbits/sec    0             
- - - - - - - - - - - - - - - - - - - - - - - - -
[  6]  24.00-25.00  sec   650 MBytes  5.45 Gbits/sec    0   4.05 MBytes       
[  8]  24.00-25.00  sec   646 MBytes  5.41 Gbits/sec    0   4.08 MBytes       
[ 10]  24.00-25.00  sec   742 MBytes  6.22 Gbits/sec    0   4.10 MBytes       
[ 12]  24.00-25.00  sec   603 MBytes  5.06 Gbits/sec    0   3.94 MBytes       
[ 14]  24.00-25.00  sec   625 MBytes  5.24 Gbits/sec    0   4.14 MBytes       
[ 16]  24.00-25.00  sec   622 MBytes  5.22 Gbits/sec    0   4.08 MBytes       
[ 18]  24.00-25.00  sec   639 MBytes  5.36 Gbits/sec    0   3.94 MBytes       
[ 20]  24.00-25.00  sec   669 MBytes  5.61 Gbits/sec    0   4.19 MBytes       
[SUM]  24.00-25.00  sec  5.07 GBytes  43.6 Gbits/sec    0             
- - - - - - - - - - - - - - - - - - - - - - - - -
[  6]  25.00-26.00  sec   649 MBytes  5.44 Gbits/sec    0   4.05 MBytes       
[  8]  25.00-26.00  sec   660 MBytes  5.54 Gbits/sec    0   4.08 MBytes       
[ 10]  25.00-26.00  sec   638 MBytes  5.35 Gbits/sec    0   4.10 MBytes       
[ 12]  25.00-26.00  sec   654 MBytes  5.48 Gbits/sec    0   3.94 MBytes       
[ 14]  25.00-26.00  sec   706 MBytes  5.91 Gbits/sec    0   4.14 MBytes       
[ 16]  25.00-26.00  sec   690 MBytes  5.78 Gbits/sec    0   4.08 MBytes       
[ 18]  25.00-26.01  sec   720 MBytes  6.00 Gbits/sec    0   3.94 MBytes       
[ 20]  25.00-26.01  sec   654 MBytes  5.42 Gbits/sec    0   4.19 MBytes       
[SUM]  25.00-26.00  sec  5.24 GBytes  45.1 Gbits/sec    0             
- - - - - - - - - - - - - - - - - - - - - - - - -
[  6]  26.00-27.00  sec   639 MBytes  5.36 Gbits/sec    0   4.05 MBytes       
[  8]  26.00-27.00  sec   639 MBytes  5.36 Gbits/sec    0   4.08 MBytes       
[ 10]  26.00-27.00  sec   780 MBytes  6.55 Gbits/sec    0   4.10 MBytes       
[ 12]  26.00-27.00  sec   632 MBytes  5.31 Gbits/sec    0   3.94 MBytes       
[ 14]  26.00-27.00  sec   716 MBytes  6.02 Gbits/sec    0   4.14 MBytes       
[ 16]  26.00-27.00  sec   680 MBytes  5.72 Gbits/sec    0   4.08 MBytes       
[ 18]  26.01-27.00  sec   647 MBytes  5.46 Gbits/sec    0   3.94 MBytes       
[ 20]  26.01-27.00  sec   677 MBytes  5.76 Gbits/sec    0   4.19 MBytes       
[SUM]  26.00-27.00  sec  5.28 GBytes  45.4 Gbits/sec    0             
- - - - - - - - - - - - - - - - - - - - - - - - -
[  6]  27.00-28.00  sec   677 MBytes  5.68 Gbits/sec    0   4.05 MBytes       
[  8]  27.00-28.00  sec   694 MBytes  5.82 Gbits/sec    0   4.08 MBytes       
[ 10]  27.00-28.00  sec   680 MBytes  5.70 Gbits/sec    0   4.10 MBytes       
[ 12]  27.00-28.00  sec   639 MBytes  5.34 Gbits/sec    0   3.94 MBytes       
[ 14]  27.00-28.00  sec   658 MBytes  5.50 Gbits/sec    0   4.14 MBytes       
[ 16]  27.00-28.00  sec   682 MBytes  5.70 Gbits/sec    0   4.08 MBytes       
[ 18]  27.00-28.00  sec   676 MBytes  5.65 Gbits/sec    0   3.94 MBytes       
[ 20]  27.00-28.01  sec   662 MBytes  5.52 Gbits/sec    0   4.19 MBytes       
[SUM]  27.00-28.00  sec  5.24 GBytes  45.0 Gbits/sec    0             
- - - - - - - - - - - - - - - - - - - - - - - - -
[  6]  28.00-29.00  sec   718 MBytes  6.02 Gbits/sec    0   4.05 MBytes       
[  8]  28.00-29.00  sec   581 MBytes  4.88 Gbits/sec    0   4.08 MBytes       
[ 10]  28.00-29.00  sec   586 MBytes  4.92 Gbits/sec    0   4.10 MBytes       
[ 12]  28.00-29.00  sec   623 MBytes  5.24 Gbits/sec    0   3.94 MBytes       
[ 14]  28.00-29.00  sec   658 MBytes  5.53 Gbits/sec    0   4.14 MBytes       
[ 16]  28.00-29.00  sec   619 MBytes  5.21 Gbits/sec    0   4.08 MBytes       
[ 18]  28.00-29.00  sec   632 MBytes  5.32 Gbits/sec    0   3.94 MBytes       
[ 20]  28.01-29.00  sec   683 MBytes  5.77 Gbits/sec    0   4.19 MBytes       
[SUM]  28.00-29.00  sec  4.98 GBytes  42.8 Gbits/sec    0             
- - - - - - - - - - - - - - - - - - - - - - - - -
[  6]  29.00-30.00  sec   604 MBytes  5.07 Gbits/sec    0   4.05 MBytes       
[  8]  29.00-30.00  sec   636 MBytes  5.33 Gbits/sec    0   4.08 MBytes       
[ 10]  29.00-30.00  sec   696 MBytes  5.83 Gbits/sec    0   4.10 MBytes       
[ 12]  29.00-30.00  sec   678 MBytes  5.69 Gbits/sec    0   3.94 MBytes       
[ 14]  29.00-30.00  sec   639 MBytes  5.36 Gbits/sec    0   4.14 MBytes       
[ 16]  29.00-30.00  sec   626 MBytes  5.24 Gbits/sec    0   4.08 MBytes       
[ 18]  29.00-30.00  sec   651 MBytes  5.45 Gbits/sec    0   3.94 MBytes       
[ 20]  29.00-30.00  sec   696 MBytes  5.83 Gbits/sec    0   4.19 MBytes       
[SUM]  29.00-30.00  sec  5.11 GBytes  43.9 Gbits/sec    0             
- - - - - - - - - - - - - - - - - - - - - - - - -
[  6]  30.00-31.00  sec   698 MBytes  5.86 Gbits/sec    0   4.05 MBytes       
[  8]  30.00-31.00  sec   694 MBytes  5.83 Gbits/sec    0   4.08 MBytes       
[ 10]  30.00-31.00  sec   609 MBytes  5.12 Gbits/sec    0   4.10 MBytes       
[ 12]  30.00-31.00  sec   639 MBytes  5.36 Gbits/sec    0   3.94 MBytes       
[ 14]  30.00-31.00  sec   601 MBytes  5.05 Gbits/sec    0   4.14 MBytes       
[ 16]  30.00-31.00  sec   664 MBytes  5.58 Gbits/sec    0   4.08 MBytes       
[ 18]  30.00-31.00  sec   654 MBytes  5.49 Gbits/sec    0   3.94 MBytes       
[ 20]  30.00-31.00  sec   717 MBytes  6.02 Gbits/sec    0   4.19 MBytes       
[SUM]  30.00-31.00  sec  5.15 GBytes  44.3 Gbits/sec    0             
- - - - - - - - - - - - - - - - - - - - - - - - -
[  6]  31.00-32.00  sec   745 MBytes  6.25 Gbits/sec    0   4.05 MBytes       
[  8]  31.00-32.00  sec   592 MBytes  4.97 Gbits/sec    0   4.08 MBytes       
[ 10]  31.00-32.00  sec   719 MBytes  6.03 Gbits/sec    0   4.10 MBytes       
[ 12]  31.00-32.00  sec   703 MBytes  5.90 Gbits/sec    0   3.94 MBytes       
[ 14]  31.00-32.01  sec   672 MBytes  5.61 Gbits/sec    0   4.14 MBytes       
[ 16]  31.00-32.01  sec   693 MBytes  5.79 Gbits/sec    0   4.08 MBytes       
[ 18]  31.00-32.01  sec   656 MBytes  5.48 Gbits/sec    0   3.94 MBytes       
[ 20]  31.00-32.01  sec   750 MBytes  6.27 Gbits/sec    0   4.19 MBytes       
[SUM]  31.00-32.00  sec  5.40 GBytes  46.4 Gbits/sec    0             
- - - - - - - - - - - - - - - - - - - - - - - - -
[  6]  32.00-33.00  sec   677 MBytes  5.68 Gbits/sec    0   4.05 MBytes       
[  8]  32.00-33.00  sec   628 MBytes  5.26 Gbits/sec    0   4.08 MBytes       
[ 10]  32.00-33.00  sec   689 MBytes  5.78 Gbits/sec    0   4.10 MBytes       
[ 12]  32.00-33.00  sec   720 MBytes  6.02 Gbits/sec    0   3.94 MBytes       
[ 14]  32.01-33.00  sec   638 MBytes  5.37 Gbits/sec    0   4.14 MBytes       
[ 16]  32.01-33.01  sec   677 MBytes  5.69 Gbits/sec    0   4.08 MBytes       
[ 18]  32.01-33.01  sec   707 MBytes  5.94 Gbits/sec    0   3.94 MBytes       
[ 20]  32.01-33.01  sec   786 MBytes  6.60 Gbits/sec    0   4.19 MBytes       
[SUM]  32.00-33.00  sec  5.39 GBytes  46.3 Gbits/sec    0             
- - - - - - - - - - - - - - - - - - - - - - - - -
[  6]  33.00-34.00  sec   682 MBytes  5.72 Gbits/sec    0   4.05 MBytes       
[  8]  33.00-34.00  sec   782 MBytes  6.56 Gbits/sec    0   4.08 MBytes       
[ 10]  33.00-34.00  sec   748 MBytes  6.27 Gbits/sec    0   4.10 MBytes       
[ 12]  33.00-34.00  sec   730 MBytes  6.13 Gbits/sec    0   3.94 MBytes       
[ 14]  33.00-34.01  sec   654 MBytes  5.44 Gbits/sec    0   4.14 MBytes       
[ 16]  33.01-34.01  sec   694 MBytes  5.77 Gbits/sec    0   4.08 MBytes       
[ 18]  33.01-34.02  sec   724 MBytes  6.01 Gbits/sec    0   3.94 MBytes       
[ 20]  33.01-34.02  sec   757 MBytes  6.27 Gbits/sec    0   4.19 MBytes       
[SUM]  33.00-34.00  sec  5.64 GBytes  48.4 Gbits/sec    0             
- - - - - - - - - - - - - - - - - - - - - - - - -
[  6]  34.00-35.00  sec   631 MBytes  5.30 Gbits/sec    0   4.05 MBytes       
[  8]  34.00-35.00  sec   693 MBytes  5.81 Gbits/sec    0   4.08 MBytes       
[ 10]  34.00-35.00  sec   676 MBytes  5.67 Gbits/sec    0   4.10 MBytes       
[ 12]  34.00-35.00  sec   657 MBytes  5.51 Gbits/sec    0   3.94 MBytes       
[ 14]  34.01-35.00  sec   701 MBytes  5.95 Gbits/sec    0   4.14 MBytes       
[ 16]  34.01-35.00  sec   740 MBytes  6.28 Gbits/sec    0   4.08 MBytes       
[ 18]  34.02-35.00  sec   666 MBytes  5.66 Gbits/sec    0   3.94 MBytes       
[ 20]  34.02-35.00  sec   673 MBytes  5.72 Gbits/sec    0   4.19 MBytes       
[SUM]  34.00-35.00  sec  5.31 GBytes  45.6 Gbits/sec    0             
- - - - - - - - - - - - - - - - - - - - - - - - -
[  6]  35.00-36.00  sec   733 MBytes  6.15 Gbits/sec    0   4.05 MBytes       
[  8]  35.00-36.00  sec   664 MBytes  5.58 Gbits/sec    0   4.08 MBytes       
[ 10]  35.00-36.00  sec   692 MBytes  5.81 Gbits/sec    0   4.10 MBytes       
[ 12]  35.00-36.00  sec   708 MBytes  5.95 Gbits/sec    0   3.94 MBytes       
[ 14]  35.00-36.00  sec   687 MBytes  5.77 Gbits/sec    0   4.14 MBytes       
[ 16]  35.00-36.00  sec   737 MBytes  6.18 Gbits/sec    0   4.08 MBytes       
[ 18]  35.00-36.00  sec   757 MBytes  6.35 Gbits/sec    0   3.94 MBytes       
[ 20]  35.00-36.00  sec   690 MBytes  5.79 Gbits/sec    0   4.19 MBytes       
[SUM]  35.00-36.00  sec  5.54 GBytes  47.6 Gbits/sec    0             
- - - - - - - - - - - - - - - - - - - - - - - - -
[  6]  36.00-37.00  sec   711 MBytes  5.96 Gbits/sec    0   4.05 MBytes       
[  8]  36.00-37.00  sec   619 MBytes  5.19 Gbits/sec    0   4.08 MBytes       
[ 10]  36.00-37.00  sec   660 MBytes  5.54 Gbits/sec    0   4.10 MBytes       
[ 12]  36.00-37.00  sec   613 MBytes  5.14 Gbits/sec    0   3.94 MBytes       
[ 14]  36.00-37.00  sec   713 MBytes  5.98 Gbits/sec    0   4.14 MBytes       
[ 16]  36.00-37.00  sec   670 MBytes  5.64 Gbits/sec    0   4.08 MBytes       
[ 18]  36.00-37.00  sec   630 MBytes  5.29 Gbits/sec    0   3.94 MBytes       
[ 20]  36.00-37.00  sec   677 MBytes  5.68 Gbits/sec    0   4.19 MBytes       
[SUM]  36.00-37.00  sec  5.17 GBytes  44.4 Gbits/sec    0             
- - - - - - - - - - - - - - - - - - - - - - - - -
[  6]  37.00-38.00  sec   711 MBytes  5.96 Gbits/sec    0   4.05 MBytes       
[  8]  37.00-38.00  sec   653 MBytes  5.48 Gbits/sec    0   4.08 MBytes       
[ 10]  37.00-38.00  sec   629 MBytes  5.27 Gbits/sec    0   4.10 MBytes       
[ 12]  37.00-38.00  sec   713 MBytes  5.98 Gbits/sec    0   3.94 MBytes       
[ 14]  37.00-38.00  sec   628 MBytes  5.27 Gbits/sec    0   4.14 MBytes       
[ 16]  37.00-38.00  sec   683 MBytes  5.73 Gbits/sec    0   4.08 MBytes       
[ 18]  37.00-38.00  sec   674 MBytes  5.67 Gbits/sec    0   3.94 MBytes       
[ 20]  37.00-38.00  sec   696 MBytes  5.85 Gbits/sec    0   4.19 MBytes       
[SUM]  37.00-38.00  sec  5.26 GBytes  45.2 Gbits/sec    0             
- - - - - - - - - - - - - - - - - - - - - - - - -
[  6]  38.00-39.00  sec   712 MBytes  5.97 Gbits/sec    0   4.05 MBytes       
[  8]  38.00-39.00  sec   702 MBytes  5.89 Gbits/sec    0   4.08 MBytes       
[ 10]  38.00-39.00  sec   716 MBytes  6.00 Gbits/sec    0   4.10 MBytes       
[ 12]  38.00-39.00  sec   773 MBytes  6.48 Gbits/sec    0   3.94 MBytes       
[ 14]  38.00-39.00  sec   651 MBytes  5.46 Gbits/sec    0   4.14 MBytes       
[ 16]  38.00-39.00  sec   662 MBytes  5.55 Gbits/sec    0   4.08 MBytes       
[ 18]  38.00-39.00  sec   690 MBytes  5.79 Gbits/sec    0   3.94 MBytes       
[ 20]  38.00-39.00  sec   738 MBytes  6.19 Gbits/sec    0   4.19 MBytes       
[SUM]  38.00-39.00  sec  5.51 GBytes  47.3 Gbits/sec    0             
- - - - - - - - - - - - - - - - - - - - - - - - -
[  6]  39.00-40.00  sec   760 MBytes  6.38 Gbits/sec    0   4.05 MBytes       
[  8]  39.00-40.00  sec   626 MBytes  5.25 Gbits/sec    0   4.08 MBytes       
[ 10]  39.00-40.00  sec   774 MBytes  6.50 Gbits/sec    0   4.10 MBytes       
[ 12]  39.00-40.00  sec   668 MBytes  5.61 Gbits/sec    0   3.94 MBytes       
[ 14]  39.00-40.00  sec   618 MBytes  5.18 Gbits/sec    0   4.14 MBytes       
[ 16]  39.00-40.00  sec   666 MBytes  5.58 Gbits/sec    0   4.08 MBytes       
[ 18]  39.00-40.00  sec   745 MBytes  6.25 Gbits/sec    0   3.94 MBytes       
[ 20]  39.00-40.00  sec   686 MBytes  5.76 Gbits/sec    0   4.19 MBytes       
[SUM]  39.00-40.00  sec  5.41 GBytes  46.5 Gbits/sec    0             
- - - - - - - - - - - - - - - - - - - - - - - - -
[  6]  40.00-41.00  sec   721 MBytes  6.05 Gbits/sec    0   4.05 MBytes       
[  8]  40.00-41.00  sec   680 MBytes  5.70 Gbits/sec    0   4.08 MBytes       
[ 10]  40.00-41.00  sec   785 MBytes  6.58 Gbits/sec    0   4.10 MBytes       
[ 12]  40.00-41.00  sec   628 MBytes  5.26 Gbits/sec    0   3.94 MBytes       
[ 14]  40.00-41.00  sec   593 MBytes  4.98 Gbits/sec    0   4.14 MBytes       
[ 16]  40.00-41.00  sec   698 MBytes  5.86 Gbits/sec    0   4.08 MBytes       
[ 18]  40.00-41.00  sec   700 MBytes  5.87 Gbits/sec    0   3.94 MBytes       
[ 20]  40.00-41.00  sec   787 MBytes  6.61 Gbits/sec    0   4.19 MBytes       
[SUM]  40.00-41.00  sec  5.46 GBytes  46.9 Gbits/sec    0             
- - - - - - - - - - - - - - - - - - - - - - - - -
[  6]  41.00-42.00  sec   784 MBytes  6.58 Gbits/sec    0   4.05 MBytes       
[  8]  41.00-42.00  sec   701 MBytes  5.88 Gbits/sec    0   4.08 MBytes       
[ 10]  41.00-42.00  sec   724 MBytes  6.07 Gbits/sec    0   4.10 MBytes       
[ 12]  41.00-42.00  sec   754 MBytes  6.33 Gbits/sec    0   3.94 MBytes       
[ 14]  41.00-42.01  sec   668 MBytes  5.58 Gbits/sec    0   4.14 MBytes       
[ 16]  41.00-42.01  sec   793 MBytes  6.62 Gbits/sec    0   4.08 MBytes       
[ 18]  41.00-42.01  sec   773 MBytes  6.45 Gbits/sec    0   3.94 MBytes       
[ 20]  41.00-42.01  sec   757 MBytes  6.31 Gbits/sec    0   4.19 MBytes       
[SUM]  41.00-42.00  sec  5.81 GBytes  49.9 Gbits/sec    0             
- - - - - - - - - - - - - - - - - - - - - - - - -
[  6]  42.00-43.00  sec   748 MBytes  6.27 Gbits/sec    0   4.05 MBytes       
[  8]  42.00-43.00  sec   681 MBytes  5.71 Gbits/sec    0   4.08 MBytes       
[ 10]  42.00-43.00  sec   610 MBytes  5.11 Gbits/sec    0   4.10 MBytes       
[ 12]  42.00-43.00  sec   784 MBytes  6.57 Gbits/sec    0   3.94 MBytes       
[ 14]  42.01-43.00  sec   653 MBytes  5.51 Gbits/sec    0   4.14 MBytes       
[ 16]  42.01-43.00  sec   656 MBytes  5.52 Gbits/sec    0   4.08 MBytes       
[ 18]  42.01-43.01  sec   652 MBytes  5.47 Gbits/sec    0   3.94 MBytes       
[ 20]  42.01-43.01  sec   683 MBytes  5.73 Gbits/sec    0   4.19 MBytes       
[SUM]  42.00-43.00  sec  5.34 GBytes  45.9 Gbits/sec    0             
- - - - - - - - - - - - - - - - - - - - - - - - -
[  6]  43.00-44.00  sec   699 MBytes  5.87 Gbits/sec    0   4.05 MBytes       
[  8]  43.00-44.00  sec   746 MBytes  6.26 Gbits/sec    0   4.08 MBytes       
[ 10]  43.00-44.00  sec   737 MBytes  6.19 Gbits/sec    0   4.10 MBytes       
[ 12]  43.00-44.00  sec   719 MBytes  6.03 Gbits/sec    0   3.94 MBytes       
[ 14]  43.00-44.00  sec   643 MBytes  5.40 Gbits/sec    0   4.14 MBytes       
[ 16]  43.00-44.00  sec   695 MBytes  5.84 Gbits/sec    0   4.08 MBytes       
[ 18]  43.01-44.00  sec   669 MBytes  5.65 Gbits/sec    0   3.94 MBytes       
[ 20]  43.01-44.00  sec   682 MBytes  5.76 Gbits/sec    0   4.19 MBytes       
[SUM]  43.00-44.00  sec  5.46 GBytes  46.9 Gbits/sec    0             
- - - - - - - - - - - - - - - - - - - - - - - - -
[  6]  44.00-45.00  sec   694 MBytes  5.82 Gbits/sec    0   4.05 MBytes       
[  8]  44.00-45.00  sec   651 MBytes  5.46 Gbits/sec    0   4.08 MBytes       
[ 10]  44.00-45.00  sec   661 MBytes  5.54 Gbits/sec    0   4.10 MBytes       
[ 12]  44.00-45.00  sec   642 MBytes  5.38 Gbits/sec    0   3.94 MBytes       
[ 14]  44.00-45.00  sec   609 MBytes  5.10 Gbits/sec    0   4.14 MBytes       
[ 16]  44.00-45.00  sec   702 MBytes  5.88 Gbits/sec    0   4.08 MBytes       
[ 18]  44.00-45.00  sec   671 MBytes  5.63 Gbits/sec    0   3.94 MBytes       
[ 20]  44.00-45.00  sec   647 MBytes  5.42 Gbits/sec    0   4.19 MBytes       
[SUM]  44.00-45.00  sec  5.15 GBytes  44.3 Gbits/sec    0             
- - - - - - - - - - - - - - - - - - - - - - - - -
[  6]  45.00-46.00  sec   629 MBytes  5.27 Gbits/sec    0   4.05 MBytes       
[  8]  45.00-46.00  sec   682 MBytes  5.72 Gbits/sec    0   4.08 MBytes       
[ 10]  45.00-46.00  sec   674 MBytes  5.65 Gbits/sec    0   4.10 MBytes       
[ 12]  45.00-46.00  sec   742 MBytes  6.22 Gbits/sec    0   3.94 MBytes       
[ 14]  45.00-46.00  sec   560 MBytes  4.68 Gbits/sec    0   4.14 MBytes       
[ 16]  45.00-46.01  sec   698 MBytes  5.82 Gbits/sec    0   4.08 MBytes       
[ 18]  45.00-46.01  sec   695 MBytes  5.80 Gbits/sec    0   3.94 MBytes       
[ 20]  45.00-46.01  sec   776 MBytes  6.47 Gbits/sec    0   4.19 MBytes       
[SUM]  45.00-46.00  sec  5.33 GBytes  45.7 Gbits/sec    0             
- - - - - - - - - - - - - - - - - - - - - - - - -
[  6]  46.00-47.00  sec   735 MBytes  6.17 Gbits/sec    0   4.05 MBytes       
[  8]  46.00-47.01  sec   658 MBytes  5.50 Gbits/sec    0   4.08 MBytes       
[ 10]  46.00-47.01  sec   688 MBytes  5.75 Gbits/sec    0   4.10 MBytes       
[ 12]  46.00-47.01  sec   690 MBytes  5.77 Gbits/sec    0   3.94 MBytes       
[ 14]  46.00-47.01  sec   569 MBytes  4.76 Gbits/sec    0   4.14 MBytes       
[ 16]  46.01-47.01  sec   692 MBytes  5.80 Gbits/sec    0   4.08 MBytes       
[ 18]  46.01-47.01  sec   698 MBytes  5.86 Gbits/sec    0   3.94 MBytes       
[ 20]  46.01-47.01  sec   680 MBytes  5.70 Gbits/sec    0   4.19 MBytes       
[SUM]  46.00-47.00  sec  5.28 GBytes  45.4 Gbits/sec    0             
- - - - - - - - - - - - - - - - - - - - - - - - -
[  6]  47.00-48.00  sec   740 MBytes  6.21 Gbits/sec    0   4.05 MBytes       
[  8]  47.01-48.00  sec   557 MBytes  4.70 Gbits/sec    0   4.08 MBytes       
[ 10]  47.01-48.00  sec   641 MBytes  5.40 Gbits/sec    0   4.10 MBytes       
[ 12]  47.01-48.00  sec   658 MBytes  5.55 Gbits/sec    0   3.94 MBytes       
[ 14]  47.01-48.00  sec   616 MBytes  5.19 Gbits/sec    0   4.14 MBytes       
[ 16]  47.01-48.00  sec   697 MBytes  5.87 Gbits/sec    0   4.08 MBytes       
[ 18]  47.01-48.00  sec   687 MBytes  5.79 Gbits/sec    0   3.94 MBytes       
[ 20]  47.01-48.00  sec   674 MBytes  5.68 Gbits/sec    0   4.19 MBytes       
[SUM]  47.00-48.00  sec  5.15 GBytes  44.2 Gbits/sec    0             
- - - - - - - - - - - - - - - - - - - - - - - - -
[  6]  48.00-49.00  sec   653 MBytes  5.47 Gbits/sec    0   4.05 MBytes       
[  8]  48.00-49.00  sec   682 MBytes  5.72 Gbits/sec    0   4.08 MBytes       
[ 10]  48.00-49.00  sec   692 MBytes  5.80 Gbits/sec    0   4.10 MBytes       
[ 12]  48.00-49.00  sec   661 MBytes  5.54 Gbits/sec    0   3.94 MBytes       
[ 14]  48.00-49.00  sec   641 MBytes  5.38 Gbits/sec    0   4.14 MBytes       
[ 16]  48.00-49.00  sec   710 MBytes  5.96 Gbits/sec    0   4.08 MBytes       
[ 18]  48.00-49.00  sec   654 MBytes  5.50 Gbits/sec    0   3.94 MBytes       
[ 20]  48.00-49.00  sec   721 MBytes  6.06 Gbits/sec    0   4.19 MBytes       
[SUM]  48.00-49.00  sec  5.29 GBytes  45.4 Gbits/sec    0             
- - - - - - - - - - - - - - - - - - - - - - - - -
[  6]  49.00-50.00  sec   680 MBytes  5.71 Gbits/sec    0   4.05 MBytes       
[  8]  49.00-50.00  sec   571 MBytes  4.79 Gbits/sec    0   4.08 MBytes       
[ 10]  49.00-50.00  sec   694 MBytes  5.83 Gbits/sec    0   4.10 MBytes       
[ 12]  49.00-50.00  sec   623 MBytes  5.22 Gbits/sec    0   3.94 MBytes       
[ 14]  49.00-50.00  sec   614 MBytes  5.15 Gbits/sec    0   4.14 MBytes       
[ 16]  49.00-50.00  sec   612 MBytes  5.13 Gbits/sec    0   4.08 MBytes       
[ 18]  49.00-50.00  sec   649 MBytes  5.44 Gbits/sec    0   3.94 MBytes       
[ 20]  49.00-50.00  sec   657 MBytes  5.50 Gbits/sec    0   4.19 MBytes       
[SUM]  49.00-50.00  sec  4.98 GBytes  42.8 Gbits/sec    0             
- - - - - - - - - - - - - - - - - - - - - - - - -
[  6]  50.00-51.00  sec   802 MBytes  6.73 Gbits/sec    0   4.05 MBytes       
[  8]  50.00-51.00  sec   655 MBytes  5.49 Gbits/sec    0   4.08 MBytes       
[ 10]  50.00-51.00  sec   650 MBytes  5.45 Gbits/sec    0   4.10 MBytes       
[ 12]  50.00-51.00  sec   648 MBytes  5.43 Gbits/sec    0   3.94 MBytes       
[ 14]  50.00-51.01  sec   698 MBytes  5.84 Gbits/sec    0   4.14 MBytes       
[ 16]  50.00-51.01  sec   748 MBytes  6.21 Gbits/sec    0   4.08 MBytes       
[ 18]  50.00-51.01  sec   716 MBytes  5.94 Gbits/sec    0   3.94 MBytes       
[ 20]  50.00-51.01  sec   791 MBytes  6.57 Gbits/sec    0   4.19 MBytes       
[SUM]  50.00-51.00  sec  5.57 GBytes  47.9 Gbits/sec    0             
- - - - - - - - - - - - - - - - - - - - - - - - -
[  6]  51.00-52.00  sec   616 MBytes  5.17 Gbits/sec    0   4.05 MBytes       
[  8]  51.00-52.00  sec   698 MBytes  5.86 Gbits/sec    0   4.08 MBytes       
[ 10]  51.00-52.00  sec   643 MBytes  5.39 Gbits/sec    0   4.10 MBytes       
[ 12]  51.00-52.00  sec   644 MBytes  5.41 Gbits/sec    0   3.94 MBytes       
[ 14]  51.01-52.00  sec   680 MBytes  5.71 Gbits/sec    0   4.14 MBytes       
[ 16]  51.01-52.00  sec   706 MBytes  5.98 Gbits/sec    0   4.08 MBytes       
[ 18]  51.01-52.00  sec   628 MBytes  5.32 Gbits/sec    0   3.94 MBytes       
[ 20]  51.01-52.00  sec   664 MBytes  5.62 Gbits/sec    0   4.19 MBytes       
[SUM]  51.00-52.00  sec  5.15 GBytes  44.3 Gbits/sec    0             
- - - - - - - - - - - - - - - - - - - - - - - - -
[  6]  52.00-53.00  sec   720 MBytes  6.04 Gbits/sec    0   4.05 MBytes       
[  8]  52.00-53.00  sec   685 MBytes  5.74 Gbits/sec    0   4.08 MBytes       
[ 10]  52.00-53.00  sec   701 MBytes  5.87 Gbits/sec    0   4.10 MBytes       
[ 12]  52.00-53.00  sec   734 MBytes  6.16 Gbits/sec    0   3.94 MBytes       
[ 14]  52.00-53.00  sec   665 MBytes  5.58 Gbits/sec    0   4.14 MBytes       
[ 16]  52.00-53.00  sec   719 MBytes  6.03 Gbits/sec    0   4.08 MBytes       
[ 18]  52.00-53.01  sec   727 MBytes  6.08 Gbits/sec    0   3.94 MBytes       
[ 20]  52.00-53.01  sec   704 MBytes  5.89 Gbits/sec    0   4.19 MBytes       
[SUM]  52.00-53.00  sec  5.52 GBytes  47.4 Gbits/sec    0             
- - - - - - - - - - - - - - - - - - - - - - - - -
[  6]  53.00-54.00  sec   685 MBytes  5.75 Gbits/sec    0   4.05 MBytes       
[  8]  53.00-54.00  sec   610 MBytes  5.11 Gbits/sec    0   4.08 MBytes       
[ 10]  53.00-54.00  sec   708 MBytes  5.93 Gbits/sec    0   4.10 MBytes       
[ 12]  53.00-54.00  sec   744 MBytes  6.24 Gbits/sec    0   3.94 MBytes       
[ 14]  53.00-54.00  sec   734 MBytes  6.15 Gbits/sec    0   4.14 MBytes       
[ 16]  53.00-54.00  sec   684 MBytes  5.73 Gbits/sec    0   4.08 MBytes       
[ 18]  53.01-54.00  sec   622 MBytes  5.22 Gbits/sec    0   3.94 MBytes       
[ 20]  53.01-54.00  sec   768 MBytes  6.45 Gbits/sec    0   4.19 MBytes       
[SUM]  53.00-54.00  sec  5.42 GBytes  46.6 Gbits/sec    0             
- - - - - - - - - - - - - - - - - - - - - - - - -
[  6]  54.00-55.00  sec   687 MBytes  5.76 Gbits/sec    0   4.05 MBytes       
[  8]  54.00-55.00  sec   664 MBytes  5.58 Gbits/sec    0   4.08 MBytes       
[ 10]  54.00-55.00  sec   642 MBytes  5.40 Gbits/sec    0   4.10 MBytes       
[ 12]  54.00-55.00  sec   672 MBytes  5.65 Gbits/sec    0   3.94 MBytes       
[ 14]  54.00-55.00  sec   668 MBytes  5.62 Gbits/sec    0   4.14 MBytes       
[ 16]  54.00-55.00  sec   743 MBytes  6.26 Gbits/sec    0   4.08 MBytes       
[ 18]  54.00-55.00  sec   718 MBytes  6.04 Gbits/sec    0   3.94 MBytes       
[ 20]  54.00-55.00  sec   718 MBytes  6.05 Gbits/sec    0   4.19 MBytes       
[SUM]  54.00-55.00  sec  5.38 GBytes  46.2 Gbits/sec    0             
- - - - - - - - - - - - - - - - - - - - - - - - -
[  6]  55.00-56.00  sec   683 MBytes  5.73 Gbits/sec    0   4.05 MBytes       
[  8]  55.00-56.00  sec   607 MBytes  5.09 Gbits/sec    0   4.08 MBytes       
[ 10]  55.00-56.00  sec   639 MBytes  5.36 Gbits/sec    0   4.10 MBytes       
[ 12]  55.00-56.00  sec   674 MBytes  5.64 Gbits/sec    0   3.94 MBytes       
[ 14]  55.00-56.00  sec   607 MBytes  5.08 Gbits/sec    0   4.14 MBytes       
[ 16]  55.00-56.00  sec   687 MBytes  5.75 Gbits/sec    0   4.08 MBytes       
[ 18]  55.00-56.00  sec   603 MBytes  5.05 Gbits/sec    0   3.94 MBytes       
[ 20]  55.00-56.01  sec   760 MBytes  6.34 Gbits/sec    0   4.19 MBytes       
[SUM]  55.00-56.00  sec  5.14 GBytes  44.1 Gbits/sec    0             
- - - - - - - - - - - - - - - - - - - - - - - - -
[  6]  56.00-57.00  sec   699 MBytes  5.86 Gbits/sec    0   4.05 MBytes       
[  8]  56.00-57.00  sec   617 MBytes  5.17 Gbits/sec    0   4.08 MBytes       
[ 10]  56.00-57.00  sec   577 MBytes  4.84 Gbits/sec    0   4.10 MBytes       
[ 12]  56.00-57.00  sec   693 MBytes  5.80 Gbits/sec    0   3.94 MBytes       
[ 14]  56.00-57.00  sec   617 MBytes  5.17 Gbits/sec    0   4.14 MBytes       
[ 16]  56.00-57.00  sec   648 MBytes  5.43 Gbits/sec    0   4.08 MBytes       
[ 18]  56.00-57.00  sec   650 MBytes  5.44 Gbits/sec    0   3.94 MBytes       
[ 20]  56.01-57.00  sec   724 MBytes  6.08 Gbits/sec    0   4.19 MBytes       
[SUM]  56.00-57.00  sec  5.10 GBytes  43.8 Gbits/sec    0             
- - - - - - - - - - - - - - - - - - - - - - - - -
[  6]  57.00-58.00  sec   683 MBytes  5.73 Gbits/sec    0   4.05 MBytes       
[  8]  57.00-58.00  sec   689 MBytes  5.78 Gbits/sec    0   4.08 MBytes       
[ 10]  57.00-58.00  sec   707 MBytes  5.93 Gbits/sec    0   4.10 MBytes       
[ 12]  57.00-58.00  sec   620 MBytes  5.21 Gbits/sec    0   3.94 MBytes       
[ 14]  57.00-58.00  sec   679 MBytes  5.71 Gbits/sec    0   4.14 MBytes       
[ 16]  57.00-58.00  sec   646 MBytes  5.43 Gbits/sec    0   4.08 MBytes       
[ 18]  57.00-58.00  sec   618 MBytes  5.20 Gbits/sec    0   3.94 MBytes       
[ 20]  57.00-58.00  sec   720 MBytes  6.05 Gbits/sec    0   4.19 MBytes       
[SUM]  57.00-58.00  sec  5.24 GBytes  45.0 Gbits/sec    0             
- - - - - - - - - - - - - - - - - - - - - - - - -
[  6]  58.00-59.00  sec   697 MBytes  5.85 Gbits/sec    0   4.05 MBytes       
[  8]  58.00-59.00  sec   650 MBytes  5.45 Gbits/sec    0   4.08 MBytes       
[ 10]  58.00-59.00  sec   672 MBytes  5.64 Gbits/sec    0   4.10 MBytes       
[ 12]  58.00-59.00  sec   621 MBytes  5.21 Gbits/sec    0   3.94 MBytes       
[ 14]  58.00-59.00  sec   636 MBytes  5.35 Gbits/sec    0   4.14 MBytes       
[ 16]  58.00-59.00  sec   667 MBytes  5.61 Gbits/sec    0   4.08 MBytes       
[ 18]  58.00-59.00  sec   658 MBytes  5.53 Gbits/sec    0   3.94 MBytes       
[ 20]  58.00-59.00  sec   721 MBytes  6.06 Gbits/sec    0   4.19 MBytes       
[SUM]  58.00-59.00  sec  5.20 GBytes  44.6 Gbits/sec    0             
- - - - - - - - - - - - - - - - - - - - - - - - -
[  6]  59.00-60.00  sec   636 MBytes  5.33 Gbits/sec    0   4.05 MBytes       
[  8]  59.00-60.00  sec   695 MBytes  5.83 Gbits/sec    0   4.08 MBytes       
[ 10]  59.00-60.00  sec   649 MBytes  5.44 Gbits/sec    0   4.10 MBytes       
[ 12]  59.00-60.00  sec   711 MBytes  5.96 Gbits/sec    0   3.94 MBytes       
[ 14]  59.00-60.00  sec   602 MBytes  5.05 Gbits/sec    0   4.14 MBytes       
[ 16]  59.00-60.00  sec   715 MBytes  6.00 Gbits/sec    0   4.08 MBytes       
[ 18]  59.00-60.00  sec   597 MBytes  5.00 Gbits/sec    0   3.94 MBytes       
[ 20]  59.00-60.00  sec   694 MBytes  5.81 Gbits/sec    0   4.19 MBytes       
[SUM]  59.00-60.00  sec  5.17 GBytes  44.4 Gbits/sec    0             
- - - - - - - - - - - - - - - - - - - - - - - - -
[  6]  60.00-61.00  sec   654 MBytes  5.49 Gbits/sec    0   4.05 MBytes       
[  8]  60.00-61.00  sec   598 MBytes  5.00 Gbits/sec    0   4.08 MBytes       
[ 10]  60.00-61.01  sec   678 MBytes  5.66 Gbits/sec    0   4.10 MBytes       
[ 12]  60.00-61.01  sec   647 MBytes  5.41 Gbits/sec    0   3.94 MBytes       
[ 14]  60.00-61.01  sec   623 MBytes  5.19 Gbits/sec    0   4.14 MBytes       
[ 16]  60.00-61.01  sec   564 MBytes  4.69 Gbits/sec    0   4.08 MBytes       
[ 18]  60.00-61.01  sec   651 MBytes  5.42 Gbits/sec    0   3.94 MBytes       
[ 20]  60.00-61.01  sec   626 MBytes  5.22 Gbits/sec    0   4.19 MBytes       
[SUM]  60.00-61.00  sec  4.92 GBytes  42.3 Gbits/sec    0             
- - - - - - - - - - - - - - - - - - - - - - - - -
[  6]  61.00-62.00  sec   715 MBytes  6.00 Gbits/sec    0   4.05 MBytes       
[  8]  61.00-62.00  sec   666 MBytes  5.61 Gbits/sec    0   4.08 MBytes       
[ 10]  61.01-62.00  sec   667 MBytes  5.62 Gbits/sec    0   4.10 MBytes       
[ 12]  61.01-62.00  sec   582 MBytes  4.91 Gbits/sec    0   3.94 MBytes       
[ 14]  61.01-62.00  sec   653 MBytes  5.52 Gbits/sec    0   4.14 MBytes       
[ 16]  61.01-62.00  sec   703 MBytes  5.94 Gbits/sec    0   4.08 MBytes       
[ 18]  61.01-62.00  sec   654 MBytes  5.52 Gbits/sec    0   3.94 MBytes       
[ 20]  61.01-62.00  sec   634 MBytes  5.36 Gbits/sec    0   4.19 MBytes       
[SUM]  61.00-62.00  sec  5.15 GBytes  44.2 Gbits/sec    0             
- - - - - - - - - - - - - - - - - - - - - - - - -
[  6]  62.00-63.00  sec   714 MBytes  5.99 Gbits/sec    0   4.05 MBytes       
[  8]  62.00-63.00  sec   620 MBytes  5.20 Gbits/sec    0   4.08 MBytes       
[ 10]  62.00-63.00  sec   737 MBytes  6.18 Gbits/sec    0   4.10 MBytes       
[ 12]  62.00-63.00  sec   651 MBytes  5.46 Gbits/sec    0   3.94 MBytes       
[ 14]  62.00-63.00  sec   632 MBytes  5.30 Gbits/sec    0   4.14 MBytes       
[ 16]  62.00-63.00  sec   669 MBytes  5.61 Gbits/sec    0   4.08 MBytes       
[ 18]  62.00-63.00  sec   686 MBytes  5.75 Gbits/sec    0   3.94 MBytes       
[ 20]  62.00-63.00  sec   596 MBytes  5.01 Gbits/sec    0   4.19 MBytes       
[SUM]  62.00-63.00  sec  5.18 GBytes  44.5 Gbits/sec    0             
- - - - - - - - - - - - - - - - - - - - - - - - -
[  6]  63.00-64.00  sec   680 MBytes  5.70 Gbits/sec    0   4.05 MBytes       
[  8]  63.00-64.00  sec   673 MBytes  5.65 Gbits/sec    0   4.08 MBytes       
[ 10]  63.00-64.00  sec   712 MBytes  5.97 Gbits/sec    0   4.10 MBytes       
[ 12]  63.00-64.00  sec   641 MBytes  5.38 Gbits/sec    0   3.94 MBytes       
[ 14]  63.00-64.00  sec   576 MBytes  4.83 Gbits/sec    0   4.14 MBytes       
[ 16]  63.00-64.00  sec   673 MBytes  5.65 Gbits/sec    0   4.08 MBytes       
[ 18]  63.00-64.00  sec   641 MBytes  5.37 Gbits/sec    0   3.94 MBytes       
[ 20]  63.00-64.00  sec   754 MBytes  6.32 Gbits/sec    0   4.19 MBytes       
[SUM]  63.00-64.00  sec  5.23 GBytes  44.9 Gbits/sec    0             
- - - - - - - - - - - - - - - - - - - - - - - - -
[  6]  64.00-65.00  sec   602 MBytes  5.05 Gbits/sec    0   4.05 MBytes       
[  8]  64.00-65.00  sec   735 MBytes  6.16 Gbits/sec    0   4.08 MBytes       
[ 10]  64.00-65.00  sec   620 MBytes  5.20 Gbits/sec    0   4.10 MBytes       
[ 12]  64.00-65.00  sec   711 MBytes  5.97 Gbits/sec    0   3.94 MBytes       
[ 14]  64.00-65.00  sec   559 MBytes  4.69 Gbits/sec    0   4.14 MBytes       
[ 16]  64.00-65.00  sec   628 MBytes  5.27 Gbits/sec    0   4.08 MBytes       
[ 18]  64.00-65.00  sec   614 MBytes  5.16 Gbits/sec    0   3.94 MBytes       
[ 20]  64.00-65.00  sec   604 MBytes  5.08 Gbits/sec    0   4.19 MBytes       
[SUM]  64.00-65.00  sec  4.95 GBytes  42.6 Gbits/sec    0             
- - - - - - - - - - - - - - - - - - - - - - - - -
[  6]  65.00-66.00  sec   564 MBytes  4.73 Gbits/sec    0   4.05 MBytes       
[  8]  65.00-66.00  sec   690 MBytes  5.79 Gbits/sec    0   4.08 MBytes       
[ 10]  65.00-66.00  sec   718 MBytes  6.03 Gbits/sec    0   4.10 MBytes       
[ 12]  65.00-66.00  sec   691 MBytes  5.80 Gbits/sec    0   3.94 MBytes       
[ 14]  65.00-66.00  sec   650 MBytes  5.44 Gbits/sec    0   4.14 MBytes       
[ 16]  65.00-66.00  sec   726 MBytes  6.08 Gbits/sec    0   4.08 MBytes       
[ 18]  65.00-66.00  sec   668 MBytes  5.60 Gbits/sec    0   3.94 MBytes       
[ 20]  65.00-66.00  sec   769 MBytes  6.44 Gbits/sec    0   4.19 MBytes       
[SUM]  65.00-66.00  sec  5.35 GBytes  45.9 Gbits/sec    0             
- - - - - - - - - - - - - - - - - - - - - - - - -
[  6]  66.00-67.00  sec   661 MBytes  5.55 Gbits/sec    0   4.05 MBytes       
[  8]  66.00-67.00  sec   672 MBytes  5.64 Gbits/sec    0   4.08 MBytes       
[ 10]  66.00-67.00  sec   640 MBytes  5.37 Gbits/sec    0   4.10 MBytes       
[ 12]  66.00-67.00  sec   741 MBytes  6.22 Gbits/sec    0   3.94 MBytes       
[ 14]  66.00-67.00  sec   607 MBytes  5.10 Gbits/sec    0   4.14 MBytes       
[ 16]  66.00-67.00  sec   674 MBytes  5.66 Gbits/sec    0   4.08 MBytes       
[ 18]  66.00-67.00  sec   660 MBytes  5.55 Gbits/sec    0   3.94 MBytes       
[ 20]  66.00-67.00  sec   685 MBytes  5.76 Gbits/sec    0   4.19 MBytes       
[SUM]  66.00-67.00  sec  5.22 GBytes  44.8 Gbits/sec    0             
- - - - - - - - - - - - - - - - - - - - - - - - -
[  6]  67.00-68.00  sec   707 MBytes  5.93 Gbits/sec    0   4.05 MBytes       
[  8]  67.00-68.00  sec   614 MBytes  5.15 Gbits/sec    0   4.08 MBytes       
[ 10]  67.00-68.00  sec   686 MBytes  5.75 Gbits/sec    0   4.10 MBytes       
[ 12]  67.00-68.00  sec   707 MBytes  5.93 Gbits/sec    0   3.94 MBytes       
[ 14]  67.00-68.00  sec   686 MBytes  5.75 Gbits/sec    0   4.14 MBytes       
[ 16]  67.00-68.00  sec   691 MBytes  5.80 Gbits/sec    0   4.08 MBytes       
[ 18]  67.00-68.00  sec   674 MBytes  5.65 Gbits/sec    0   3.94 MBytes       
[ 20]  67.00-68.00  sec   758 MBytes  6.36 Gbits/sec    0   4.19 MBytes       
[SUM]  67.00-68.00  sec  5.39 GBytes  46.3 Gbits/sec    0             
- - - - - - - - - - - - - - - - - - - - - - - - -
[  6]  68.00-69.00  sec   681 MBytes  5.71 Gbits/sec    0   4.05 MBytes       
[  8]  68.00-69.00  sec   652 MBytes  5.46 Gbits/sec    0   4.08 MBytes       
[ 10]  68.00-69.00  sec   578 MBytes  4.84 Gbits/sec    0   4.10 MBytes       
[ 12]  68.00-69.00  sec   650 MBytes  5.45 Gbits/sec    0   3.94 MBytes       
[ 14]  68.00-69.00  sec   584 MBytes  4.89 Gbits/sec    0   4.14 MBytes       
[ 16]  68.00-69.01  sec   628 MBytes  5.24 Gbits/sec    0   4.08 MBytes       
[ 18]  68.00-69.01  sec   626 MBytes  5.21 Gbits/sec    0   3.94 MBytes       
[ 20]  68.00-69.01  sec   646 MBytes  5.39 Gbits/sec    0   4.19 MBytes       
[SUM]  68.00-69.00  sec  4.93 GBytes  42.3 Gbits/sec    0             
- - - - - - - - - - - - - - - - - - - - - - - - -
[  6]  69.00-70.00  sec   654 MBytes  5.49 Gbits/sec    0   4.05 MBytes       
[  8]  69.00-70.00  sec   655 MBytes  5.49 Gbits/sec    0   4.08 MBytes       
[ 10]  69.00-70.00  sec   659 MBytes  5.51 Gbits/sec    0   4.10 MBytes       
[ 12]  69.00-70.00  sec   626 MBytes  5.23 Gbits/sec    0   3.94 MBytes       
[ 14]  69.00-70.01  sec   585 MBytes  4.89 Gbits/sec    0   4.14 MBytes       
[ 16]  69.01-70.01  sec   649 MBytes  5.45 Gbits/sec    0   4.08 MBytes       
[ 18]  69.01-70.01  sec   655 MBytes  5.50 Gbits/sec    0   3.94 MBytes       
[ 20]  69.01-70.01  sec   659 MBytes  5.54 Gbits/sec    0   4.19 MBytes       
[SUM]  69.00-70.00  sec  5.02 GBytes  43.2 Gbits/sec    0             
- - - - - - - - - - - - - - - - - - - - - - - - -
[  6]  70.00-71.00  sec   752 MBytes  6.31 Gbits/sec    0   4.05 MBytes       
[  8]  70.00-71.00  sec   794 MBytes  6.64 Gbits/sec    0   4.08 MBytes       
[ 10]  70.00-71.01  sec   739 MBytes  6.18 Gbits/sec    0   4.10 MBytes       
[ 12]  70.00-71.01  sec   690 MBytes  5.77 Gbits/sec    0   3.94 MBytes       
[ 14]  70.01-71.01  sec   828 MBytes  6.92 Gbits/sec    0   4.14 MBytes       
[ 16]  70.01-71.01  sec   698 MBytes  5.83 Gbits/sec    0   4.08 MBytes       
[ 18]  70.01-71.01  sec   773 MBytes  6.46 Gbits/sec    0   3.94 MBytes       
[ 20]  70.01-71.01  sec   765 MBytes  6.39 Gbits/sec    0   4.19 MBytes       
[SUM]  70.00-71.00  sec  5.90 GBytes  50.6 Gbits/sec    0             
- - - - - - - - - - - - - - - - - - - - - - - - -
[  6]  71.00-72.00  sec   773 MBytes  6.48 Gbits/sec    0   4.05 MBytes       
[  8]  71.00-72.00  sec   728 MBytes  6.13 Gbits/sec    0   4.08 MBytes       
[ 10]  71.01-72.00  sec   679 MBytes  5.73 Gbits/sec    0   4.10 MBytes       
[ 12]  71.01-72.00  sec   762 MBytes  6.43 Gbits/sec    0   3.94 MBytes       
[ 14]  71.01-72.00  sec   731 MBytes  6.18 Gbits/sec    0   4.14 MBytes       
[ 16]  71.01-72.00  sec   783 MBytes  6.63 Gbits/sec    0   4.08 MBytes       
[ 18]  71.01-72.00  sec   767 MBytes  6.49 Gbits/sec    0   3.94 MBytes       
[ 20]  71.01-72.00  sec   715 MBytes  6.04 Gbits/sec    0   4.19 MBytes       
[SUM]  71.00-72.00  sec  5.80 GBytes  49.8 Gbits/sec    0             
- - - - - - - - - - - - - - - - - - - - - - - - -
[  6]  72.00-73.00  sec   725 MBytes  6.08 Gbits/sec    0   4.05 MBytes       
[  8]  72.00-73.00  sec   778 MBytes  6.52 Gbits/sec    0   4.08 MBytes       
[ 10]  72.00-73.00  sec   766 MBytes  6.43 Gbits/sec    0   4.10 MBytes       
[ 12]  72.00-73.00  sec   732 MBytes  6.14 Gbits/sec    0   3.94 MBytes       
[ 14]  72.00-73.00  sec   738 MBytes  6.19 Gbits/sec    0   4.14 MBytes       
[ 16]  72.00-73.00  sec   753 MBytes  6.32 Gbits/sec    0   4.08 MBytes       
[ 18]  72.00-73.00  sec   677 MBytes  5.68 Gbits/sec    0   3.94 MBytes       
[ 20]  72.00-73.00  sec   803 MBytes  6.74 Gbits/sec    0   4.19 MBytes       
[SUM]  72.00-73.00  sec  5.83 GBytes  50.1 Gbits/sec    0             
- - - - - - - - - - - - - - - - - - - - - - - - -
[  6]  73.00-74.00  sec   655 MBytes  5.49 Gbits/sec    0   4.05 MBytes       
[  8]  73.00-74.00  sec   758 MBytes  6.36 Gbits/sec    0   4.08 MBytes       
[ 10]  73.00-74.00  sec   802 MBytes  6.72 Gbits/sec    0   4.10 MBytes       
[ 12]  73.00-74.00  sec   702 MBytes  5.87 Gbits/sec    0   3.94 MBytes       
[ 14]  73.00-74.00  sec   721 MBytes  6.03 Gbits/sec    0   4.14 MBytes       
[ 16]  73.00-74.00  sec   781 MBytes  6.53 Gbits/sec    0   4.08 MBytes       
[ 18]  73.00-74.00  sec   741 MBytes  6.20 Gbits/sec    0   3.94 MBytes       
[ 20]  73.00-74.00  sec   730 MBytes  6.10 Gbits/sec    0   4.19 MBytes       
[SUM]  73.00-74.00  sec  5.75 GBytes  49.4 Gbits/sec    0             
- - - - - - - - - - - - - - - - - - - - - - - - -
[  6]  74.00-75.00  sec   721 MBytes  6.05 Gbits/sec    0   4.05 MBytes       
[  8]  74.00-75.00  sec   687 MBytes  5.74 Gbits/sec    0   4.08 MBytes       
[ 10]  74.00-75.01  sec   764 MBytes  6.38 Gbits/sec    0   4.10 MBytes       
[ 12]  74.00-75.01  sec   728 MBytes  6.10 Gbits/sec    0   3.94 MBytes       
[ 14]  74.00-75.01  sec   663 MBytes  5.55 Gbits/sec    0   4.14 MBytes       
[ 16]  74.00-75.01  sec   694 MBytes  5.82 Gbits/sec    0   4.08 MBytes       
[ 18]  74.00-75.01  sec   751 MBytes  6.28 Gbits/sec    0   3.94 MBytes       
[ 20]  74.00-75.01  sec   678 MBytes  5.66 Gbits/sec    0   4.19 MBytes       
[SUM]  74.00-75.00  sec  5.55 GBytes  47.7 Gbits/sec    0             
- - - - - - - - - - - - - - - - - - - - - - - - -
[  6]  75.00-76.00  sec   701 MBytes  5.88 Gbits/sec    0   4.05 MBytes       
[  8]  75.00-76.00  sec   739 MBytes  6.23 Gbits/sec    0   4.08 MBytes       
[ 10]  75.01-76.00  sec   747 MBytes  6.30 Gbits/sec    0   4.10 MBytes       
[ 12]  75.01-76.00  sec   796 MBytes  6.71 Gbits/sec    0   3.94 MBytes       
[ 14]  75.01-76.00  sec   736 MBytes  6.21 Gbits/sec    0   4.14 MBytes       
[ 16]  75.01-76.00  sec   731 MBytes  6.15 Gbits/sec    0   4.08 MBytes       
[ 18]  75.01-76.00  sec   730 MBytes  6.15 Gbits/sec    0   3.94 MBytes       
[ 20]  75.01-76.00  sec   787 MBytes  6.64 Gbits/sec    0   4.19 MBytes       
[SUM]  75.00-76.00  sec  5.83 GBytes  50.1 Gbits/sec    0             
- - - - - - - - - - - - - - - - - - - - - - - - -
[  6]  76.00-77.00  sec   791 MBytes  6.64 Gbits/sec    0   4.05 MBytes       
[  8]  76.00-77.00  sec   812 MBytes  6.81 Gbits/sec    0   4.08 MBytes       
[ 10]  76.00-77.00  sec   760 MBytes  6.38 Gbits/sec    0   4.10 MBytes       
[ 12]  76.00-77.00  sec   803 MBytes  6.71 Gbits/sec    0   3.94 MBytes       
[ 14]  76.00-77.01  sec   850 MBytes  7.10 Gbits/sec    0   4.14 MBytes       
[ 16]  76.00-77.01  sec   802 MBytes  6.71 Gbits/sec    0   4.08 MBytes       
[ 18]  76.00-77.01  sec   806 MBytes  6.74 Gbits/sec    0   3.94 MBytes       
[ 20]  76.00-77.01  sec   812 MBytes  6.80 Gbits/sec    0   4.19 MBytes       
[SUM]  76.00-77.00  sec  6.29 GBytes  54.0 Gbits/sec    0             
- - - - - - - - - - - - - - - - - - - - - - - - -
[  6]  77.00-78.00  sec   702 MBytes  5.89 Gbits/sec    0   4.05 MBytes       
[  8]  77.00-78.00  sec   713 MBytes  5.98 Gbits/sec    0   4.08 MBytes       
[ 10]  77.00-78.00  sec   740 MBytes  6.21 Gbits/sec    0   4.10 MBytes       
[ 12]  77.00-78.00  sec   716 MBytes  6.03 Gbits/sec    0   3.94 MBytes       
[ 14]  77.01-78.00  sec   705 MBytes  5.94 Gbits/sec    0   4.14 MBytes       
[ 16]  77.01-78.00  sec   760 MBytes  6.41 Gbits/sec    0   4.08 MBytes       
[ 18]  77.01-78.00  sec   725 MBytes  6.10 Gbits/sec    0   3.94 MBytes       
[ 20]  77.01-78.00  sec   709 MBytes  5.97 Gbits/sec    0   4.19 MBytes       
[SUM]  77.00-78.00  sec  5.64 GBytes  48.4 Gbits/sec    0             
- - - - - - - - - - - - - - - - - - - - - - - - -
[  6]  78.00-79.00  sec   809 MBytes  6.79 Gbits/sec    0   4.05 MBytes       
[  8]  78.00-79.00  sec   789 MBytes  6.62 Gbits/sec    0   4.08 MBytes       
[ 10]  78.00-79.00  sec   861 MBytes  7.22 Gbits/sec    0   4.10 MBytes       
[ 12]  78.00-79.00  sec   822 MBytes  6.89 Gbits/sec    0   3.94 MBytes       
[ 14]  78.00-79.00  sec   709 MBytes  5.94 Gbits/sec    0   4.14 MBytes       
[ 16]  78.00-79.00  sec   830 MBytes  6.96 Gbits/sec    0   4.08 MBytes       
[ 18]  78.00-79.00  sec   816 MBytes  6.83 Gbits/sec    0   3.94 MBytes       
[ 20]  78.00-79.00  sec   806 MBytes  6.75 Gbits/sec    0   4.19 MBytes       
[SUM]  78.00-79.00  sec  6.29 GBytes  54.0 Gbits/sec    0             
- - - - - - - - - - - - - - - - - - - - - - - - -
[  6]  79.00-80.00  sec   809 MBytes  6.79 Gbits/sec    0   4.05 MBytes       
[  8]  79.00-80.00  sec   814 MBytes  6.83 Gbits/sec    0   4.08 MBytes       
[ 10]  79.00-80.00  sec   750 MBytes  6.29 Gbits/sec    0   4.10 MBytes       
[ 12]  79.00-80.00  sec   859 MBytes  7.19 Gbits/sec    0   3.94 MBytes       
[ 14]  79.00-80.00  sec   750 MBytes  6.28 Gbits/sec    0   4.14 MBytes       
[ 16]  79.00-80.00  sec   831 MBytes  6.96 Gbits/sec    0   4.08 MBytes       
[ 18]  79.00-80.00  sec   818 MBytes  6.86 Gbits/sec    0   3.94 MBytes       
[ 20]  79.00-80.00  sec   759 MBytes  6.37 Gbits/sec    0   4.19 MBytes       
[SUM]  79.00-80.00  sec  6.24 GBytes  53.6 Gbits/sec    0             
- - - - - - - - - - - - - - - - - - - - - - - - -
[  6]  80.00-81.00  sec   688 MBytes  5.77 Gbits/sec    0   4.05 MBytes       
[  8]  80.00-81.01  sec   684 MBytes  5.70 Gbits/sec    0   4.08 MBytes       
[ 10]  80.00-81.01  sec   730 MBytes  6.06 Gbits/sec    0   4.10 MBytes       
[ 12]  80.00-81.01  sec   774 MBytes  6.43 Gbits/sec    0   3.94 MBytes       
[ 14]  80.00-81.01  sec   737 MBytes  6.12 Gbits/sec    0   4.14 MBytes       
[ 16]  80.00-81.01  sec   720 MBytes  5.97 Gbits/sec    0   4.08 MBytes       
[ 18]  80.00-81.01  sec   725 MBytes  6.01 Gbits/sec    0   3.94 MBytes       
[ 20]  80.00-81.01  sec   721 MBytes  5.98 Gbits/sec    0   4.19 MBytes       
[SUM]  80.00-81.00  sec  5.64 GBytes  48.5 Gbits/sec    0             
- - - - - - - - - - - - - - - - - - - - - - - - -
[  6]  81.00-82.00  sec   648 MBytes  5.43 Gbits/sec    0   4.05 MBytes       
[  8]  81.01-82.00  sec   740 MBytes  6.25 Gbits/sec    1   4.08 MBytes       
[ 10]  81.01-82.00  sec   742 MBytes  6.30 Gbits/sec    0   4.10 MBytes       
[ 12]  81.01-82.00  sec   780 MBytes  6.63 Gbits/sec    0   3.94 MBytes       
[ 14]  81.01-82.00  sec   770 MBytes  6.55 Gbits/sec    0   4.14 MBytes       
[ 16]  81.01-82.00  sec   747 MBytes  6.35 Gbits/sec    0   4.08 MBytes       
[ 18]  81.01-82.00  sec   772 MBytes  6.56 Gbits/sec    0   3.94 MBytes       
[ 20]  81.01-82.00  sec   728 MBytes  6.18 Gbits/sec    0   4.19 MBytes       
[SUM]  81.00-82.00  sec  5.79 GBytes  49.7 Gbits/sec    1             
- - - - - - - - - - - - - - - - - - - - - - - - -
[  6]  82.00-83.00  sec   700 MBytes  5.87 Gbits/sec    0   4.05 MBytes       
[  8]  82.00-83.00  sec   644 MBytes  5.41 Gbits/sec    0   4.08 MBytes       
[ 10]  82.00-83.00  sec   723 MBytes  6.07 Gbits/sec    0   4.10 MBytes       
[ 12]  82.00-83.00  sec   720 MBytes  6.05 Gbits/sec    0   3.94 MBytes       
[ 14]  82.00-83.00  sec   722 MBytes  6.06 Gbits/sec    0   4.14 MBytes       
[ 16]  82.00-83.00  sec   792 MBytes  6.65 Gbits/sec    0   4.08 MBytes       
[ 18]  82.00-83.00  sec   656 MBytes  5.50 Gbits/sec    0   3.94 MBytes       
[ 20]  82.00-83.00  sec   732 MBytes  6.15 Gbits/sec    0   4.19 MBytes       
[SUM]  82.00-83.00  sec  5.56 GBytes  47.7 Gbits/sec    0             
- - - - - - - - - - - - - - - - - - - - - - - - -
[  6]  83.00-84.00  sec   706 MBytes  5.92 Gbits/sec    0   4.05 MBytes       
[  8]  83.00-84.00  sec   661 MBytes  5.54 Gbits/sec    0   4.08 MBytes       
[ 10]  83.00-84.00  sec   721 MBytes  6.04 Gbits/sec    0   4.10 MBytes       
[ 12]  83.00-84.00  sec   717 MBytes  6.00 Gbits/sec    0   3.94 MBytes       
[ 14]  83.00-84.00  sec   703 MBytes  5.89 Gbits/sec    0   4.14 MBytes       
[ 16]  83.00-84.00  sec   734 MBytes  6.14 Gbits/sec    0   4.08 MBytes       
[ 18]  83.00-84.00  sec   684 MBytes  5.73 Gbits/sec    0   3.94 MBytes       
[ 20]  83.00-84.00  sec   646 MBytes  5.41 Gbits/sec    1   4.19 MBytes       
[SUM]  83.00-84.00  sec  5.44 GBytes  46.7 Gbits/sec    1             
- - - - - - - - - - - - - - - - - - - - - - - - -
[  6]  84.00-85.00  sec   771 MBytes  6.47 Gbits/sec    0   4.05 MBytes       
[  8]  84.00-85.00  sec   685 MBytes  5.75 Gbits/sec    0   4.08 MBytes       
[ 10]  84.00-85.00  sec   708 MBytes  5.95 Gbits/sec    0   4.10 MBytes       
[ 12]  84.00-85.00  sec   740 MBytes  6.22 Gbits/sec    0   3.94 MBytes       
[ 14]  84.00-85.00  sec   658 MBytes  5.53 Gbits/sec    0   4.14 MBytes       
[ 16]  84.00-85.00  sec   686 MBytes  5.76 Gbits/sec    0   4.08 MBytes       
[ 18]  84.00-85.00  sec   684 MBytes  5.74 Gbits/sec    0   3.94 MBytes       
[ 20]  84.00-85.00  sec   756 MBytes  6.33 Gbits/sec    0   4.19 MBytes       
[SUM]  84.00-85.00  sec  5.56 GBytes  47.7 Gbits/sec    0             
- - - - - - - - - - - - - - - - - - - - - - - - -
[  6]  85.00-86.00  sec   678 MBytes  5.69 Gbits/sec    0   4.05 MBytes       
[  8]  85.00-86.00  sec   652 MBytes  5.47 Gbits/sec    0   4.08 MBytes       
[ 10]  85.00-86.00  sec   642 MBytes  5.38 Gbits/sec    0   4.10 MBytes       
[ 12]  85.00-86.00  sec   662 MBytes  5.54 Gbits/sec    0   3.94 MBytes       
[ 14]  85.00-86.00  sec   637 MBytes  5.33 Gbits/sec    0   4.14 MBytes       
[ 16]  85.00-86.00  sec   646 MBytes  5.41 Gbits/sec    0   4.08 MBytes       
[ 18]  85.00-86.00  sec   599 MBytes  5.02 Gbits/sec    0   3.94 MBytes       
[ 20]  85.00-86.00  sec   695 MBytes  5.83 Gbits/sec    0   4.19 MBytes       
[SUM]  85.00-86.00  sec  5.09 GBytes  43.7 Gbits/sec    0             
- - - - - - - - - - - - - - - - - - - - - - - - -
[  6]  86.00-87.00  sec   640 MBytes  5.36 Gbits/sec    1   4.05 MBytes       
[  8]  86.00-87.00  sec   661 MBytes  5.54 Gbits/sec    0   4.08 MBytes       
[ 10]  86.00-87.00  sec   606 MBytes  5.08 Gbits/sec    0   4.10 MBytes       
[ 12]  86.00-87.00  sec   726 MBytes  6.09 Gbits/sec    0   3.94 MBytes       
[ 14]  86.00-87.01  sec   644 MBytes  5.38 Gbits/sec    0   4.14 MBytes       
[ 16]  86.00-87.01  sec   695 MBytes  5.81 Gbits/sec    0   4.08 MBytes       
[ 18]  86.00-87.01  sec   723 MBytes  6.04 Gbits/sec    0   3.94 MBytes       
[ 20]  86.00-87.01  sec   637 MBytes  5.33 Gbits/sec    0   4.19 MBytes       
[SUM]  86.00-87.00  sec  5.21 GBytes  44.7 Gbits/sec    1             
- - - - - - - - - - - - - - - - - - - - - - - - -
[  6]  87.00-88.00  sec   755 MBytes  6.34 Gbits/sec    0   4.05 MBytes       
[  8]  87.00-88.00  sec   730 MBytes  6.13 Gbits/sec    1   4.08 MBytes       
[ 10]  87.00-88.00  sec   809 MBytes  6.78 Gbits/sec    0   4.10 MBytes       
[ 12]  87.00-88.01  sec   740 MBytes  6.17 Gbits/sec    0   3.94 MBytes       
[ 14]  87.01-88.01  sec   758 MBytes  6.34 Gbits/sec    0   4.14 MBytes       
[ 16]  87.01-88.01  sec   746 MBytes  6.24 Gbits/sec    0   4.08 MBytes       
[ 18]  87.01-88.01  sec   766 MBytes  6.38 Gbits/sec    0   3.94 MBytes       
[ 20]  87.01-88.01  sec   762 MBytes  6.36 Gbits/sec    0   4.19 MBytes       
[SUM]  87.00-88.00  sec  5.93 GBytes  50.9 Gbits/sec    1             
- - - - - - - - - - - - - - - - - - - - - - - - -
[  6]  88.00-89.00  sec   702 MBytes  5.89 Gbits/sec    0   4.05 MBytes       
[  8]  88.00-89.00  sec   702 MBytes  5.88 Gbits/sec    0   4.08 MBytes       
[ 10]  88.00-89.00  sec   831 MBytes  6.96 Gbits/sec    0   4.10 MBytes       
[ 12]  88.01-89.00  sec   803 MBytes  6.76 Gbits/sec    0   3.94 MBytes       
[ 14]  88.01-89.00  sec   769 MBytes  6.49 Gbits/sec    0   4.14 MBytes       
[ 16]  88.01-89.00  sec   758 MBytes  6.40 Gbits/sec    0   4.08 MBytes       
[ 18]  88.01-89.00  sec   753 MBytes  6.38 Gbits/sec    0   3.94 MBytes       
[ 20]  88.01-89.01  sec   739 MBytes  6.26 Gbits/sec    0   4.19 MBytes       
[SUM]  88.00-89.00  sec  5.91 GBytes  50.8 Gbits/sec    0             
- - - - - - - - - - - - - - - - - - - - - - - - -
[  6]  89.00-90.00  sec   754 MBytes  6.33 Gbits/sec    0   4.05 MBytes       
[  8]  89.00-90.00  sec   795 MBytes  6.68 Gbits/sec    0   4.08 MBytes       
[ 10]  89.00-90.00  sec   721 MBytes  6.06 Gbits/sec    0   4.10 MBytes       
[ 12]  89.00-90.00  sec   728 MBytes  6.11 Gbits/sec    0   3.94 MBytes       
[ 14]  89.00-90.00  sec   715 MBytes  6.00 Gbits/sec    0   4.14 MBytes       
[ 16]  89.00-90.00  sec   732 MBytes  6.15 Gbits/sec    0   4.08 MBytes       
[ 18]  89.00-90.00  sec   703 MBytes  5.91 Gbits/sec    0   3.94 MBytes       
[ 20]  89.01-90.00  sec   755 MBytes  6.35 Gbits/sec    0   4.19 MBytes       
[SUM]  89.00-90.00  sec  5.77 GBytes  49.5 Gbits/sec    0             
- - - - - - - - - - - - - - - - - - - - - - - - -
[  6]  90.00-91.00  sec   746 MBytes  6.25 Gbits/sec    0   4.05 MBytes       
[  8]  90.00-91.00  sec   861 MBytes  7.22 Gbits/sec    0   4.08 MBytes       
[ 10]  90.00-91.00  sec   802 MBytes  6.74 Gbits/sec    0   4.10 MBytes       
[ 12]  90.00-91.00  sec   765 MBytes  6.42 Gbits/sec    0   3.94 MBytes       
[ 14]  90.00-91.00  sec   792 MBytes  6.66 Gbits/sec    0   4.14 MBytes       
[ 16]  90.00-91.00  sec   816 MBytes  6.86 Gbits/sec    0   4.08 MBytes       
[ 18]  90.00-91.00  sec   787 MBytes  6.62 Gbits/sec    1   3.94 MBytes       
[ 20]  90.00-91.00  sec   862 MBytes  7.25 Gbits/sec    0   4.19 MBytes       
[SUM]  90.00-91.00  sec  6.28 GBytes  53.9 Gbits/sec    1             
- - - - - - - - - - - - - - - - - - - - - - - - -
[  6]  91.00-92.00  sec   718 MBytes  6.02 Gbits/sec    0   4.05 MBytes       
[  8]  91.00-92.00  sec   702 MBytes  5.89 Gbits/sec    0   4.08 MBytes       
[ 10]  91.00-92.00  sec   773 MBytes  6.47 Gbits/sec    0   4.10 MBytes       
[ 12]  91.00-92.00  sec   751 MBytes  6.29 Gbits/sec    0   3.94 MBytes       
[ 14]  91.00-92.00  sec   739 MBytes  6.19 Gbits/sec    0   4.14 MBytes       
[ 16]  91.00-92.00  sec   726 MBytes  6.08 Gbits/sec    0   4.08 MBytes       
[ 18]  91.00-92.00  sec   694 MBytes  5.82 Gbits/sec    0   3.94 MBytes       
[ 20]  91.00-92.00  sec   719 MBytes  6.01 Gbits/sec    0   4.19 MBytes       
[SUM]  91.00-92.00  sec  5.68 GBytes  48.8 Gbits/sec    0             
- - - - - - - - - - - - - - - - - - - - - - - - -
[  6]  92.00-93.00  sec   610 MBytes  5.12 Gbits/sec    0   4.05 MBytes       
[  8]  92.00-93.00  sec   761 MBytes  6.38 Gbits/sec    0   4.08 MBytes       
[ 10]  92.00-93.00  sec   706 MBytes  5.93 Gbits/sec    1   4.10 MBytes       
[ 12]  92.00-93.00  sec   717 MBytes  6.01 Gbits/sec    0   3.94 MBytes       
[ 14]  92.00-93.00  sec   729 MBytes  6.11 Gbits/sec    0   4.14 MBytes       
[ 16]  92.00-93.00  sec   778 MBytes  6.52 Gbits/sec    0   4.08 MBytes       
[ 18]  92.00-93.00  sec   728 MBytes  6.10 Gbits/sec    0   3.94 MBytes       
[ 20]  92.00-93.00  sec   704 MBytes  5.91 Gbits/sec    0   4.19 MBytes       
[SUM]  92.00-93.00  sec  5.60 GBytes  48.1 Gbits/sec    1             
- - - - - - - - - - - - - - - - - - - - - - - - -
[  6]  93.00-94.00  sec   730 MBytes  6.12 Gbits/sec    1   4.05 MBytes       
[  8]  93.00-94.00  sec   728 MBytes  6.11 Gbits/sec    0   4.08 MBytes       
[ 10]  93.00-94.00  sec   798 MBytes  6.70 Gbits/sec    0   4.10 MBytes       
[ 12]  93.00-94.00  sec   732 MBytes  6.15 Gbits/sec    0   3.94 MBytes       
[ 14]  93.00-94.00  sec   728 MBytes  6.11 Gbits/sec    0   4.14 MBytes       
[ 16]  93.00-94.00  sec   720 MBytes  6.05 Gbits/sec    0   4.08 MBytes       
[ 18]  93.00-94.00  sec   747 MBytes  6.27 Gbits/sec    0   3.94 MBytes       
[ 20]  93.00-94.00  sec   776 MBytes  6.52 Gbits/sec    0   4.19 MBytes       
[SUM]  93.00-94.00  sec  5.82 GBytes  50.0 Gbits/sec    1             
- - - - - - - - - - - - - - - - - - - - - - - - -
[  6]  94.00-95.00  sec   691 MBytes  5.80 Gbits/sec    0   4.05 MBytes       
[  8]  94.00-95.00  sec   810 MBytes  6.79 Gbits/sec    0   4.08 MBytes       
[ 10]  94.00-95.00  sec   766 MBytes  6.42 Gbits/sec    0   4.10 MBytes       
[ 12]  94.00-95.01  sec   727 MBytes  6.08 Gbits/sec    0   3.94 MBytes       
[ 14]  94.00-95.01  sec   719 MBytes  6.01 Gbits/sec    0   4.14 MBytes       
[ 16]  94.00-95.01  sec   737 MBytes  6.15 Gbits/sec    0   4.08 MBytes       
[ 18]  94.00-95.01  sec   712 MBytes  5.94 Gbits/sec    0   3.94 MBytes       
[ 20]  94.00-95.01  sec   764 MBytes  6.38 Gbits/sec    0   4.19 MBytes       
[SUM]  94.00-95.00  sec  5.79 GBytes  49.7 Gbits/sec    0             
- - - - - - - - - - - - - - - - - - - - - - - - -
[  6]  95.00-96.00  sec   792 MBytes  6.65 Gbits/sec    0   4.05 MBytes       
[  8]  95.00-96.00  sec   805 MBytes  6.76 Gbits/sec    0   4.08 MBytes       
[ 10]  95.00-96.00  sec   866 MBytes  7.27 Gbits/sec    0   4.10 MBytes       
[ 12]  95.01-96.00  sec   798 MBytes  6.72 Gbits/sec    0   3.94 MBytes       
[ 14]  95.01-96.00  sec   722 MBytes  6.08 Gbits/sec    0   4.14 MBytes       
[ 16]  95.01-96.00  sec   742 MBytes  6.27 Gbits/sec    0   4.08 MBytes       
[ 18]  95.01-96.00  sec   776 MBytes  6.56 Gbits/sec    0   3.94 MBytes       
[ 20]  95.01-96.00  sec   794 MBytes  6.70 Gbits/sec    0   4.19 MBytes       
[SUM]  95.00-96.00  sec  6.15 GBytes  52.8 Gbits/sec    0             
- - - - - - - - - - - - - - - - - - - - - - - - -
[  6]  96.00-97.00  sec   802 MBytes  6.73 Gbits/sec    0   4.05 MBytes       
[  8]  96.00-97.00  sec   819 MBytes  6.87 Gbits/sec    0   4.08 MBytes       
[ 10]  96.00-97.00  sec   758 MBytes  6.36 Gbits/sec    0   4.10 MBytes       
[ 12]  96.00-97.00  sec   821 MBytes  6.89 Gbits/sec    0   3.94 MBytes       
[ 14]  96.00-97.00  sec   737 MBytes  6.18 Gbits/sec    0   4.14 MBytes       
[ 16]  96.00-97.00  sec   799 MBytes  6.70 Gbits/sec    0   4.08 MBytes       
[ 18]  96.00-97.00  sec   726 MBytes  6.09 Gbits/sec    0   3.94 MBytes       
[ 20]  96.00-97.00  sec   853 MBytes  7.16 Gbits/sec    0   4.19 MBytes       
[SUM]  96.00-97.00  sec  6.17 GBytes  53.0 Gbits/sec    0             
- - - - - - - - - - - - - - - - - - - - - - - - -
[  6]  97.00-98.00  sec   731 MBytes  6.13 Gbits/sec    0   4.05 MBytes       
[  8]  97.00-98.00  sec   682 MBytes  5.72 Gbits/sec    0   4.08 MBytes       
[ 10]  97.00-98.00  sec   759 MBytes  6.37 Gbits/sec    0   4.10 MBytes       
[ 12]  97.00-98.00  sec   661 MBytes  5.54 Gbits/sec    0   3.94 MBytes       
[ 14]  97.00-98.00  sec   714 MBytes  5.99 Gbits/sec    0   4.14 MBytes       
[ 16]  97.00-98.00  sec   741 MBytes  6.21 Gbits/sec    0   4.08 MBytes       
[ 18]  97.00-98.00  sec   740 MBytes  6.20 Gbits/sec    0   3.94 MBytes       
[ 20]  97.00-98.00  sec   719 MBytes  6.03 Gbits/sec    0   4.19 MBytes       
[SUM]  97.00-98.00  sec  5.61 GBytes  48.2 Gbits/sec    0             
- - - - - - - - - - - - - - - - - - - - - - - - -
[  6]  98.00-99.00  sec   837 MBytes  7.02 Gbits/sec    0   4.05 MBytes       
[  8]  98.00-99.00  sec   830 MBytes  6.96 Gbits/sec    0   4.08 MBytes       
[ 10]  98.00-99.00  sec   748 MBytes  6.27 Gbits/sec    0   4.10 MBytes       
[ 12]  98.00-99.00  sec   794 MBytes  6.67 Gbits/sec    0   3.94 MBytes       
[ 14]  98.00-99.00  sec   843 MBytes  7.07 Gbits/sec    0   4.14 MBytes       
[ 16]  98.00-99.00  sec   790 MBytes  6.62 Gbits/sec    0   4.08 MBytes       
[ 18]  98.00-99.00  sec   750 MBytes  6.29 Gbits/sec    0   3.94 MBytes       
[ 20]  98.00-99.00  sec   774 MBytes  6.49 Gbits/sec    0   4.19 MBytes       
[SUM]  98.00-99.00  sec  6.22 GBytes  53.4 Gbits/sec    0             
- - - - - - - - - - - - - - - - - - - - - - - - -
[  6]  99.00-100.00 sec   711 MBytes  5.96 Gbits/sec    0   4.05 MBytes       
[  8]  99.00-100.00 sec   710 MBytes  5.95 Gbits/sec    0   4.08 MBytes       
[ 10]  99.00-100.00 sec   722 MBytes  6.05 Gbits/sec    0   4.10 MBytes       
[ 12]  99.00-100.00 sec   785 MBytes  6.58 Gbits/sec    1   3.94 MBytes       
[ 14]  99.00-100.00 sec   719 MBytes  6.03 Gbits/sec    0   4.14 MBytes       
[ 16]  99.00-100.00 sec   690 MBytes  5.79 Gbits/sec    0   4.08 MBytes       
[ 18]  99.00-100.00 sec   750 MBytes  6.30 Gbits/sec    0   3.94 MBytes       
[ 20]  99.00-100.00 sec   773 MBytes  6.48 Gbits/sec    0   4.19 MBytes       
[SUM]  99.00-100.00 sec  5.72 GBytes  49.1 Gbits/sec    1             
- - - - - - - - - - - - - - - - - - - - - - - - -
[  6] 100.00-101.00 sec   762 MBytes  6.40 Gbits/sec    0   4.05 MBytes       
[  8] 100.00-101.00 sec   702 MBytes  5.89 Gbits/sec    0   4.08 MBytes       
[ 10] 100.00-101.00 sec   756 MBytes  6.33 Gbits/sec    0   4.10 MBytes       
[ 12] 100.00-101.00 sec   838 MBytes  7.01 Gbits/sec    0   3.94 MBytes       
[ 14] 100.00-101.00 sec   772 MBytes  6.46 Gbits/sec    1   4.14 MBytes       
[ 16] 100.00-101.00 sec   768 MBytes  6.42 Gbits/sec    0   4.08 MBytes       
[ 18] 100.00-101.00 sec   777 MBytes  6.51 Gbits/sec    0   3.94 MBytes       
[ 20] 100.00-101.01 sec   762 MBytes  6.39 Gbits/sec    0   4.19 MBytes       
[SUM] 100.00-101.00 sec  5.99 GBytes  51.5 Gbits/sec    1             
- - - - - - - - - - - - - - - - - - - - - - - - -
[  6] 101.00-102.00 sec   723 MBytes  6.07 Gbits/sec    0   4.05 MBytes       
[  8] 101.00-102.00 sec   702 MBytes  5.89 Gbits/sec    0   4.08 MBytes       
[ 10] 101.00-102.00 sec   694 MBytes  5.84 Gbits/sec    0   4.10 MBytes       
[ 12] 101.00-102.00 sec   704 MBytes  5.92 Gbits/sec    0   3.94 MBytes       
[ 14] 101.00-102.00 sec   622 MBytes  5.24 Gbits/sec    0   4.14 MBytes       
[ 16] 101.00-102.00 sec   671 MBytes  5.65 Gbits/sec    0   4.08 MBytes       
[ 18] 101.00-102.00 sec   800 MBytes  6.74 Gbits/sec    0   3.94 MBytes       
[ 20] 101.01-102.00 sec   727 MBytes  6.13 Gbits/sec    0   4.19 MBytes       
[SUM] 101.00-102.00 sec  5.51 GBytes  47.4 Gbits/sec    0             
- - - - - - - - - - - - - - - - - - - - - - - - -
[  6] 102.00-103.00 sec   846 MBytes  7.10 Gbits/sec    0   4.05 MBytes       
[  8] 102.00-103.00 sec   713 MBytes  5.98 Gbits/sec    0   4.08 MBytes       
[ 10] 102.00-103.00 sec   806 MBytes  6.76 Gbits/sec    0   4.10 MBytes       
[ 12] 102.00-103.00 sec   799 MBytes  6.70 Gbits/sec    0   3.94 MBytes       
[ 14] 102.00-103.00 sec   785 MBytes  6.57 Gbits/sec    0   4.14 MBytes       
[ 16] 102.00-103.00 sec   805 MBytes  6.73 Gbits/sec    0   4.08 MBytes       
[ 18] 102.00-103.00 sec   807 MBytes  6.75 Gbits/sec    0   3.94 MBytes       
[ 20] 102.00-103.01 sec   749 MBytes  6.25 Gbits/sec    0   4.19 MBytes       
[SUM] 102.00-103.00 sec  6.16 GBytes  52.9 Gbits/sec    0             
- - - - - - - - - - - - - - - - - - - - - - - - -
[  6] 103.00-104.00 sec   836 MBytes  7.02 Gbits/sec    0   4.05 MBytes       
[  8] 103.00-104.00 sec   777 MBytes  6.52 Gbits/sec    0   4.08 MBytes       
[ 10] 103.00-104.00 sec   800 MBytes  6.72 Gbits/sec    0   4.10 MBytes       
[ 12] 103.00-104.01 sec   851 MBytes  7.11 Gbits/sec    0   3.94 MBytes       
[ 14] 103.00-104.01 sec   729 MBytes  6.09 Gbits/sec    0   4.14 MBytes       
[ 16] 103.00-104.01 sec   707 MBytes  5.91 Gbits/sec    2   4.08 MBytes       
[ 18] 103.00-104.01 sec   768 MBytes  6.41 Gbits/sec    0   3.94 MBytes       
[ 20] 103.01-104.01 sec   821 MBytes  6.87 Gbits/sec    0   4.19 MBytes       
[SUM] 103.00-104.00 sec  6.14 GBytes  52.8 Gbits/sec    2             
- - - - - - - - - - - - - - - - - - - - - - - - -
[  6] 104.00-105.00 sec   785 MBytes  6.59 Gbits/sec    0   4.05 MBytes       
[  8] 104.00-105.00 sec   785 MBytes  6.59 Gbits/sec    0   4.08 MBytes       
[ 10] 104.00-105.00 sec   776 MBytes  6.51 Gbits/sec    0   4.10 MBytes       
[ 12] 104.01-105.00 sec   773 MBytes  6.52 Gbits/sec    0   3.94 MBytes       
[ 14] 104.01-105.00 sec   770 MBytes  6.50 Gbits/sec    0   4.14 MBytes       
[ 16] 104.01-105.00 sec   805 MBytes  6.80 Gbits/sec    0   4.08 MBytes       
[ 18] 104.01-105.00 sec   804 MBytes  6.79 Gbits/sec    0   3.94 MBytes       
[ 20] 104.01-105.00 sec   814 MBytes  6.87 Gbits/sec    0   4.19 MBytes       
[SUM] 104.00-105.00 sec  6.16 GBytes  52.9 Gbits/sec    0             
- - - - - - - - - - - - - - - - - - - - - - - - -
[  6] 105.00-106.00 sec   782 MBytes  6.56 Gbits/sec    0   4.05 MBytes       
[  8] 105.00-106.00 sec   672 MBytes  5.64 Gbits/sec    0   4.08 MBytes       
[ 10] 105.00-106.00 sec   783 MBytes  6.55 Gbits/sec    0   4.10 MBytes       
[ 12] 105.00-106.00 sec   754 MBytes  6.30 Gbits/sec    0   3.94 MBytes       
[ 14] 105.00-106.01 sec   727 MBytes  6.07 Gbits/sec    0   4.14 MBytes       
[ 16] 105.00-106.01 sec   702 MBytes  5.86 Gbits/sec    0   4.08 MBytes       
[ 18] 105.00-106.01 sec   708 MBytes  5.92 Gbits/sec    0   3.94 MBytes       
[ 20] 105.00-106.01 sec   770 MBytes  6.44 Gbits/sec    0   4.19 MBytes       
[SUM] 105.00-106.00 sec  5.76 GBytes  49.5 Gbits/sec    0             
- - - - - - - - - - - - - - - - - - - - - - - - -
[  6] 106.00-107.00 sec   814 MBytes  6.83 Gbits/sec    0   4.05 MBytes       
[  8] 106.00-107.00 sec   787 MBytes  6.58 Gbits/sec    0   4.08 MBytes       
[ 10] 106.00-107.01 sec   765 MBytes  6.36 Gbits/sec    0   4.10 MBytes       
[ 12] 106.00-107.02 sec   805 MBytes  6.66 Gbits/sec    0   3.94 MBytes       
[ 14] 106.01-107.02 sec   834 MBytes  6.90 Gbits/sec    0   4.14 MBytes       
[ 16] 106.01-107.02 sec   807 MBytes  6.68 Gbits/sec    0   4.08 MBytes       
[ 18] 106.01-107.02 sec   729 MBytes  6.03 Gbits/sec    0   3.94 MBytes       
[ 20] 106.01-107.02 sec   796 MBytes  6.58 Gbits/sec    0   4.19 MBytes       
[SUM] 106.00-107.00 sec  6.19 GBytes  53.2 Gbits/sec    0             
- - - - - - - - - - - - - - - - - - - - - - - - -
[  6] 107.00-108.00 sec   805 MBytes  6.75 Gbits/sec    0   4.05 MBytes       
[  8] 107.00-108.00 sec   724 MBytes  6.08 Gbits/sec    0   4.08 MBytes       
[ 10] 107.01-108.00 sec   761 MBytes  6.45 Gbits/sec    0   4.10 MBytes       
[ 12] 107.02-108.00 sec   742 MBytes  6.31 Gbits/sec    0   3.94 MBytes       
[ 14] 107.02-108.01 sec   826 MBytes  7.00 Gbits/sec    0   4.14 MBytes       
[ 16] 107.02-108.01 sec   786 MBytes  6.66 Gbits/sec    0   4.08 MBytes       
[ 18] 107.02-108.01 sec   739 MBytes  6.27 Gbits/sec    0   3.94 MBytes       
[ 20] 107.02-108.01 sec   697 MBytes  5.92 Gbits/sec    0   4.19 MBytes       
[SUM] 107.00-108.00 sec  5.94 GBytes  51.0 Gbits/sec    0             
- - - - - - - - - - - - - - - - - - - - - - - - -
[  6] 108.00-109.00 sec   688 MBytes  5.78 Gbits/sec    0   4.05 MBytes       
[  8] 108.00-109.00 sec   721 MBytes  6.06 Gbits/sec    0   4.08 MBytes       
[ 10] 108.00-109.00 sec   775 MBytes  6.52 Gbits/sec    1   4.10 MBytes       
[ 12] 108.00-109.00 sec   728 MBytes  6.13 Gbits/sec    0   3.94 MBytes       
[ 14] 108.01-109.00 sec   712 MBytes  6.01 Gbits/sec    0   4.14 MBytes       
[ 16] 108.01-109.00 sec   713 MBytes  6.02 Gbits/sec    0   4.08 MBytes       
[ 18] 108.01-109.00 sec   664 MBytes  5.61 Gbits/sec    0   3.94 MBytes       
[ 20] 108.01-109.00 sec   740 MBytes  6.24 Gbits/sec    0   4.19 MBytes       
[SUM] 108.00-109.00 sec  5.61 GBytes  48.2 Gbits/sec    1             
- - - - - - - - - - - - - - - - - - - - - - - - -
[  6] 109.00-110.00 sec   713 MBytes  5.98 Gbits/sec    0   4.05 MBytes       
[  8] 109.00-110.00 sec   759 MBytes  6.36 Gbits/sec    0   4.08 MBytes       
[ 10] 109.00-110.00 sec   786 MBytes  6.59 Gbits/sec    0   4.10 MBytes       
[ 12] 109.00-110.00 sec   820 MBytes  6.88 Gbits/sec    0   3.94 MBytes       
[ 14] 109.00-110.00 sec   710 MBytes  5.96 Gbits/sec    0   4.14 MBytes       
[ 16] 109.00-110.00 sec   820 MBytes  6.88 Gbits/sec    0   4.08 MBytes       
[ 18] 109.00-110.00 sec   722 MBytes  6.06 Gbits/sec    0   3.94 MBytes       
[ 20] 109.00-110.00 sec   766 MBytes  6.43 Gbits/sec    0   4.19 MBytes       
[SUM] 109.00-110.00 sec  5.95 GBytes  51.1 Gbits/sec    0             
- - - - - - - - - - - - - - - - - - - - - - - - -
[  6] 110.00-111.00 sec   805 MBytes  6.75 Gbits/sec    0   4.05 MBytes       
[  8] 110.00-111.00 sec   805 MBytes  6.75 Gbits/sec    0   4.08 MBytes       
[ 10] 110.00-111.00 sec   763 MBytes  6.39 Gbits/sec    0   4.10 MBytes       
[ 12] 110.00-111.01 sec   765 MBytes  6.39 Gbits/sec    0   3.94 MBytes       
[ 14] 110.00-111.01 sec   760 MBytes  6.35 Gbits/sec    0   4.14 MBytes       
[ 16] 110.00-111.01 sec   810 MBytes  6.77 Gbits/sec    0   4.08 MBytes       
[ 18] 110.00-111.01 sec   853 MBytes  7.13 Gbits/sec    0   3.94 MBytes       
[ 20] 110.00-111.01 sec   742 MBytes  6.20 Gbits/sec    0   4.19 MBytes       
[SUM] 110.00-111.00 sec  6.16 GBytes  52.9 Gbits/sec    0             
- - - - - - - - - - - - - - - - - - - - - - - - -
[  6] 111.00-112.00 sec   752 MBytes  6.31 Gbits/sec    0   4.05 MBytes       
[  8] 111.00-112.00 sec   768 MBytes  6.45 Gbits/sec    0   4.08 MBytes       
[ 10] 111.00-112.00 sec   736 MBytes  6.17 Gbits/sec    0   4.10 MBytes       
[ 12] 111.01-112.00 sec   725 MBytes  6.10 Gbits/sec    0   3.94 MBytes       
[ 14] 111.01-112.00 sec   810 MBytes  6.82 Gbits/sec    0   4.14 MBytes       
[ 16] 111.01-112.00 sec   842 MBytes  7.08 Gbits/sec    0   4.08 MBytes       
[ 18] 111.01-112.00 sec   753 MBytes  6.34 Gbits/sec    0   3.94 MBytes       
[ 20] 111.01-112.00 sec   786 MBytes  6.61 Gbits/sec    0   4.19 MBytes       
[SUM] 111.00-112.00 sec  6.03 GBytes  51.8 Gbits/sec    0             
- - - - - - - - - - - - - - - - - - - - - - - - -
[  6] 112.00-113.00 sec   762 MBytes  6.40 Gbits/sec    0   4.05 MBytes       
[  8] 112.00-113.01 sec   738 MBytes  6.13 Gbits/sec    0   4.08 MBytes       
[ 10] 112.00-113.01 sec   757 MBytes  6.28 Gbits/sec    0   4.10 MBytes       
[ 12] 112.00-113.01 sec   767 MBytes  6.38 Gbits/sec    0   3.94 MBytes       
[ 14] 112.00-113.01 sec   766 MBytes  6.37 Gbits/sec    0   4.14 MBytes       
[ 16] 112.00-113.01 sec   722 MBytes  6.00 Gbits/sec    0   4.08 MBytes       
[ 18] 112.00-113.01 sec   732 MBytes  6.08 Gbits/sec    0   3.94 MBytes       
[ 20] 112.00-113.02 sec   762 MBytes  6.31 Gbits/sec    0   4.19 MBytes       
[SUM] 112.00-113.00 sec  5.87 GBytes  50.4 Gbits/sec    0             
- - - - - - - - - - - - - - - - - - - - - - - - -
[  6] 113.00-114.00 sec   777 MBytes  6.52 Gbits/sec    1   4.05 MBytes       
[  8] 113.01-114.00 sec   801 MBytes  6.79 Gbits/sec    0   4.08 MBytes       
[ 10] 113.01-114.00 sec   836 MBytes  7.08 Gbits/sec    0   4.10 MBytes       
[ 12] 113.01-114.01 sec   763 MBytes  6.42 Gbits/sec    0   3.94 MBytes       
[ 14] 113.01-114.01 sec   766 MBytes  6.44 Gbits/sec    0   4.14 MBytes       
[ 16] 113.01-114.02 sec   795 MBytes  6.65 Gbits/sec    0   4.08 MBytes       
[ 18] 113.01-114.02 sec   819 MBytes  6.86 Gbits/sec    0   3.94 MBytes       
[ 20] 113.02-114.02 sec   817 MBytes  6.86 Gbits/sec    0   4.19 MBytes       
[SUM] 113.00-114.00 sec  6.22 GBytes  53.5 Gbits/sec    1             
- - - - - - - - - - - - - - - - - - - - - - - - -
[  6] 114.00-115.00 sec   729 MBytes  6.11 Gbits/sec    0   4.05 MBytes       
[  8] 114.00-115.00 sec   749 MBytes  6.29 Gbits/sec    0   4.08 MBytes       
[ 10] 114.00-115.00 sec   812 MBytes  6.81 Gbits/sec    0   4.10 MBytes       
[ 12] 114.01-115.00 sec   838 MBytes  7.09 Gbits/sec    0   3.94 MBytes       
[ 14] 114.01-115.00 sec   707 MBytes  5.98 Gbits/sec    0   4.14 MBytes       
[ 16] 114.02-115.00 sec   769 MBytes  6.55 Gbits/sec    0   4.08 MBytes       
[ 18] 114.02-115.00 sec   706 MBytes  6.01 Gbits/sec    0   3.94 MBytes       
[ 20] 114.02-115.00 sec   778 MBytes  6.62 Gbits/sec    0   4.19 MBytes       
[SUM] 114.00-115.00 sec  5.95 GBytes  51.1 Gbits/sec    0             
- - - - - - - - - - - - - - - - - - - - - - - - -
[  6] 115.00-116.00 sec   827 MBytes  6.94 Gbits/sec    0   4.05 MBytes       
[  8] 115.00-116.00 sec   810 MBytes  6.80 Gbits/sec    0   4.08 MBytes       
[ 10] 115.00-116.00 sec   793 MBytes  6.65 Gbits/sec    0   4.10 MBytes       
[ 12] 115.00-116.00 sec   766 MBytes  6.42 Gbits/sec    0   3.94 MBytes       
[ 14] 115.00-116.00 sec   733 MBytes  6.15 Gbits/sec    0   4.14 MBytes       
[ 16] 115.00-116.00 sec   802 MBytes  6.72 Gbits/sec    1   4.08 MBytes       
[ 18] 115.00-116.01 sec   764 MBytes  6.34 Gbits/sec    0   3.94 MBytes       
[ 20] 115.00-116.01 sec   803 MBytes  6.66 Gbits/sec    0   4.19 MBytes       
[SUM] 115.00-116.00 sec  6.15 GBytes  52.8 Gbits/sec    1             
- - - - - - - - - - - - - - - - - - - - - - - - -
[  6] 116.00-117.00 sec   798 MBytes  6.70 Gbits/sec    0   4.05 MBytes       
[  8] 116.00-117.00 sec   814 MBytes  6.83 Gbits/sec    0   4.08 MBytes       
[ 10] 116.00-117.00 sec   805 MBytes  6.75 Gbits/sec    0   4.10 MBytes       
[ 12] 116.00-117.00 sec   879 MBytes  7.38 Gbits/sec    0   3.94 MBytes       
[ 14] 116.00-117.00 sec   802 MBytes  6.72 Gbits/sec    0   4.14 MBytes       
[ 16] 116.00-117.00 sec   808 MBytes  6.78 Gbits/sec    0   4.08 MBytes       
[ 18] 116.01-117.00 sec   835 MBytes  7.07 Gbits/sec    0   3.94 MBytes       
[ 20] 116.01-117.00 sec   774 MBytes  6.55 Gbits/sec    0   4.19 MBytes       
[SUM] 116.00-117.00 sec  6.36 GBytes  54.7 Gbits/sec    0             
- - - - - - - - - - - - - - - - - - - - - - - - -
[  6] 117.00-118.00 sec   771 MBytes  6.47 Gbits/sec    0   4.05 MBytes       
[  8] 117.00-118.00 sec   790 MBytes  6.62 Gbits/sec    0   4.08 MBytes       
[ 10] 117.00-118.00 sec   733 MBytes  6.15 Gbits/sec    0   4.10 MBytes       
[ 12] 117.00-118.00 sec   806 MBytes  6.76 Gbits/sec    0   3.94 MBytes       
[ 14] 117.00-118.00 sec   738 MBytes  6.20 Gbits/sec    0   4.14 MBytes       
[ 16] 117.00-118.00 sec   716 MBytes  6.02 Gbits/sec    0   4.08 MBytes       
[ 18] 117.00-118.00 sec   779 MBytes  6.55 Gbits/sec    0   3.94 MBytes       
[ 20] 117.00-118.00 sec   786 MBytes  6.61 Gbits/sec    0   4.19 MBytes       
[SUM] 117.00-118.00 sec  5.97 GBytes  51.3 Gbits/sec    0             
- - - - - - - - - - - - - - - - - - - - - - - - -
[  6] 118.00-119.00 sec   804 MBytes  6.74 Gbits/sec    0   4.05 MBytes       
[  8] 118.00-119.00 sec   726 MBytes  6.08 Gbits/sec    0   4.08 MBytes       
[ 10] 118.00-119.00 sec   701 MBytes  5.87 Gbits/sec    0   4.10 MBytes       
[ 12] 118.00-119.00 sec   788 MBytes  6.59 Gbits/sec    0   3.94 MBytes       
[ 14] 118.00-119.00 sec   772 MBytes  6.47 Gbits/sec    0   4.14 MBytes       
[ 16] 118.00-119.00 sec   708 MBytes  5.92 Gbits/sec    0   4.08 MBytes       
[ 18] 118.00-119.00 sec   696 MBytes  5.82 Gbits/sec    0   3.94 MBytes       
[ 20] 118.00-119.00 sec   673 MBytes  5.63 Gbits/sec    0   4.19 MBytes       
[SUM] 118.00-119.00 sec  5.73 GBytes  49.2 Gbits/sec    0             
- - - - - - - - - - - - - - - - - - - - - - - - -
[  6] 119.00-120.00 sec   719 MBytes  6.03 Gbits/sec    0   4.05 MBytes       
[  8] 119.00-120.00 sec   744 MBytes  6.24 Gbits/sec    0   4.08 MBytes       
[ 10] 119.00-120.00 sec   684 MBytes  5.74 Gbits/sec    0   4.10 MBytes       
[ 12] 119.00-120.00 sec   718 MBytes  6.03 Gbits/sec    0   3.94 MBytes       
[ 14] 119.00-120.00 sec   758 MBytes  6.36 Gbits/sec    0   4.14 MBytes       
[ 16] 119.00-120.00 sec   771 MBytes  6.47 Gbits/sec    0   4.08 MBytes       
[ 18] 119.00-120.00 sec   691 MBytes  5.80 Gbits/sec    0   3.94 MBytes       
[ 20] 119.00-120.00 sec   746 MBytes  6.27 Gbits/sec    0   4.19 MBytes       
[SUM] 119.00-120.00 sec  5.69 GBytes  48.8 Gbits/sec    0             
- - - - - - - - - - - - - - - - - - - - - - - - -
[ ID] Interval           Transfer     Bitrate         Retr
[  6]   0.00-120.00 sec  81.8 GBytes  5.85 Gbits/sec   36             sender
[  6]   0.00-120.00 sec  81.8 GBytes  5.85 Gbits/sec                  receiver
[  8]   0.00-120.00 sec  80.6 GBytes  5.77 Gbits/sec   38             sender
[  8]   0.00-120.00 sec  80.6 GBytes  5.77 Gbits/sec                  receiver
[ 10]   0.00-120.00 sec  82.1 GBytes  5.87 Gbits/sec   44             sender
[ 10]   0.00-120.00 sec  82.1 GBytes  5.87 Gbits/sec                  receiver
[ 12]   0.00-120.00 sec  81.9 GBytes  5.87 Gbits/sec   40             sender
[ 12]   0.00-120.00 sec  81.9 GBytes  5.87 Gbits/sec                  receiver
[ 14]   0.00-120.00 sec  79.4 GBytes  5.68 Gbits/sec   37             sender
[ 14]   0.00-120.00 sec  79.4 GBytes  5.68 Gbits/sec                  receiver
[ 16]   0.00-120.00 sec  82.4 GBytes  5.90 Gbits/sec   40             sender
[ 16]   0.00-120.00 sec  82.4 GBytes  5.90 Gbits/sec                  receiver
[ 18]   0.00-120.00 sec  80.3 GBytes  5.74 Gbits/sec  251             sender
[ 18]   0.00-120.00 sec  80.3 GBytes  5.74 Gbits/sec                  receiver
[ 20]   0.00-120.00 sec  83.2 GBytes  5.96 Gbits/sec   45             sender
[ 20]   0.00-120.00 sec  83.2 GBytes  5.96 Gbits/sec                  receiver
[SUM]   0.00-120.00 sec   652 GBytes  46.6 Gbits/sec  531             sender
[SUM]   0.00-120.00 sec   652 GBytes  46.6 Gbits/sec                  receiver

iperf Done.
