Connecting to host 10.0.0.1, port 5202
[  6] local 10.0.0.2 port 57838 connected to 10.0.0.1 port 5202
[  8] local 10.0.0.2 port 57846 connected to 10.0.0.1 port 5202
[ 10] local 10.0.0.2 port 57850 connected to 10.0.0.1 port 5202
[ 12] local 10.0.0.2 port 57866 connected to 10.0.0.1 port 5202
[ 14] local 10.0.0.2 port 57872 connected to 10.0.0.1 port 5202
[ 16] local 10.0.0.2 port 57880 connected to 10.0.0.1 port 5202
[ 18] local 10.0.0.2 port 57882 connected to 10.0.0.1 port 5202
[ 20] local 10.0.0.2 port 57886 connected to 10.0.0.1 port 5202
[ ID] Interval           Transfer     Bitrate         Retr  Cwnd
[  6]   0.00-10.01  sec  1.69 GBytes  1.45 Gbits/sec    5   4.08 MBytes       
[  8]   0.00-10.01  sec  1.59 GBytes  1.36 Gbits/sec    4   4.15 MBytes       
[ 10]   0.00-10.01  sec  1.60 GBytes  1.37 Gbits/sec    2   4.16 MBytes       
[ 12]   0.00-10.01  sec  1.57 GBytes  1.35 Gbits/sec    3   4.16 MBytes       
[ 14]   0.00-10.01  sec  1.60 GBytes  1.37 Gbits/sec    3   4.13 MBytes       
[ 16]   0.00-10.01  sec  1.61 GBytes  1.38 Gbits/sec    5   4.12 MBytes       
[ 18]   0.00-10.01  sec  1.55 GBytes  1.33 Gbits/sec    3   4.11 MBytes       
[ 20]   0.00-10.01  sec  1.58 GBytes  1.36 Gbits/sec    2   4.14 MBytes       
[SUM]   0.00-10.01  sec  12.8 GBytes  11.0 Gbits/sec   27             
- - - - - - - - - - - - - - - - - - - - - - - - -
[  6]  10.01-20.01  sec  1.91 GBytes  1.64 Gbits/sec    0   4.08 MBytes       
[  8]  10.01-20.01  sec  1.90 GBytes  1.63 Gbits/sec    0   4.15 MBytes       
[ 10]  10.01-20.01  sec  1.82 GBytes  1.56 Gbits/sec    0   4.16 MBytes       
[ 12]  10.01-20.01  sec  1.80 GBytes  1.54 Gbits/sec    0   4.16 MBytes       
[ 14]  10.01-20.01  sec  1.92 GBytes  1.65 Gbits/sec    0   4.13 MBytes       
[ 16]  10.01-20.01  sec  1.92 GBytes  1.65 Gbits/sec    0   4.12 MBytes       
[ 18]  10.01-20.01  sec  1.87 GBytes  1.61 Gbits/sec    0   4.11 MBytes       
[ 20]  10.01-20.01  sec  1.90 GBytes  1.63 Gbits/sec    0   4.14 MBytes       
[SUM]  10.01-20.01  sec  15.0 GBytes  12.9 Gbits/sec    0             
- - - - - - - - - - - - - - - - - - - - - - - - -
[  6]  20.01-30.01  sec  1.98 GBytes  1.70 Gbits/sec    0   4.08 MBytes       
[  8]  20.01-30.01  sec  1.95 GBytes  1.67 Gbits/sec    0   4.15 MBytes       
[ 10]  20.01-30.01  sec  1.95 GBytes  1.68 Gbits/sec    0   4.16 MBytes       
[ 12]  20.01-30.01  sec  2.11 GBytes  1.81 Gbits/sec    0   4.16 MBytes       
[ 14]  20.01-30.01  sec  1.94 GBytes  1.67 Gbits/sec    0   4.13 MBytes       
[ 16]  20.01-30.01  sec  2.57 GBytes  2.20 Gbits/sec    0   4.12 MBytes       
[ 18]  20.01-30.01  sec  2.13 GBytes  1.83 Gbits/sec    0   4.11 MBytes       
[ 20]  20.01-30.01  sec  1.94 GBytes  1.67 Gbits/sec    0   4.14 MBytes       
[SUM]  20.01-30.01  sec  16.6 GBytes  14.2 Gbits/sec    0             
- - - - - - - - - - - - - - - - - - - - - - - - -
[  6]  30.01-40.01  sec  2.57 GBytes  2.21 Gbits/sec    0   4.08 MBytes       
[  8]  30.01-40.01  sec  2.73 GBytes  2.35 Gbits/sec    0   4.15 MBytes       
[ 10]  30.01-40.01  sec  2.57 GBytes  2.21 Gbits/sec    0   4.16 MBytes       
[ 12]  30.01-40.01  sec  3.09 GBytes  2.66 Gbits/sec    0   4.16 MBytes       
[ 14]  30.01-40.01  sec  2.65 GBytes  2.27 Gbits/sec    0   4.13 MBytes       
[ 16]  30.01-40.01  sec  3.49 GBytes  2.99 Gbits/sec    0   4.12 MBytes       
[ 18]  30.01-40.01  sec  3.10 GBytes  2.66 Gbits/sec    0   4.11 MBytes       
[ 20]  30.01-40.01  sec  2.47 GBytes  2.12 Gbits/sec    0   4.14 MBytes       
[SUM]  30.01-40.01  sec  22.7 GBytes  19.5 Gbits/sec    0             
- - - - - - - - - - - - - - - - - - - - - - - - -
[  6]  40.01-50.01  sec  3.02 GBytes  2.59 Gbits/sec    0   4.08 MBytes       
[  8]  40.01-50.01  sec  2.42 GBytes  2.08 Gbits/sec    0   4.15 MBytes       
[ 10]  40.01-50.01  sec  3.02 GBytes  2.60 Gbits/sec    0   4.16 MBytes       
[ 12]  40.01-50.01  sec  3.41 GBytes  2.93 Gbits/sec    0   4.16 MBytes       
[ 14]  40.01-50.01  sec  2.07 GBytes  1.78 Gbits/sec    0   4.13 MBytes       
[ 16]  40.01-50.01  sec  2.93 GBytes  2.52 Gbits/sec    0   4.12 MBytes       
[ 18]  40.01-50.01  sec  3.39 GBytes  2.91 Gbits/sec    0   4.11 MBytes       
[ 20]  40.01-50.01  sec  2.08 GBytes  1.79 Gbits/sec    0   4.14 MBytes       
[SUM]  40.01-50.01  sec  22.3 GBytes  19.2 Gbits/sec    0             
- - - - - - - - - - - - - - - - - - - - - - - - -
[  6]  50.01-60.01  sec  4.35 GBytes  3.73 Gbits/sec    0   4.08 MBytes       
[  8]  50.01-60.01  sec  4.53 GBytes  3.89 Gbits/sec    0   4.15 MBytes       
[ 10]  50.01-60.01  sec  3.85 GBytes  3.31 Gbits/sec    0   4.16 MBytes       
[ 12]  50.01-60.01  sec  4.39 GBytes  3.77 Gbits/sec    0   4.16 MBytes       
[ 14]  50.01-60.01  sec  4.19 GBytes  3.60 Gbits/sec    0   4.13 MBytes       
[ 16]  50.01-60.01  sec  4.66 GBytes  4.00 Gbits/sec    0   4.12 MBytes       
[ 18]  50.01-60.01  sec  4.48 GBytes  3.84 Gbits/sec    0   4.11 MBytes       
[ 20]  50.01-60.01  sec  4.87 GBytes  4.19 Gbits/sec    0   4.14 MBytes       
[SUM]  50.01-60.01  sec  35.3 GBytes  30.3 Gbits/sec    0             
- - - - - - - - - - - - - - - - - - - - - - - - -
[  6]  60.01-70.01  sec  9.20 GBytes  7.91 Gbits/sec    0   4.08 MBytes       
[  8]  60.01-70.01  sec  9.09 GBytes  7.81 Gbits/sec    0   4.15 MBytes       
[ 10]  60.01-70.01  sec  9.43 GBytes  8.10 Gbits/sec    0   4.16 MBytes       
[ 12]  60.01-70.01  sec  9.02 GBytes  7.75 Gbits/sec    0   4.16 MBytes       
[ 14]  60.01-70.01  sec  9.25 GBytes  7.94 Gbits/sec    0   4.13 MBytes       
[ 16]  60.01-70.01  sec  9.45 GBytes  8.12 Gbits/sec    0   4.12 MBytes       
[ 18]  60.01-70.01  sec  9.53 GBytes  8.18 Gbits/sec    0   4.11 MBytes       
[ 20]  60.01-70.01  sec  9.14 GBytes  7.85 Gbits/sec    0   4.14 MBytes       
[SUM]  60.01-70.01  sec  74.1 GBytes  63.7 Gbits/sec    0             
- - - - - - - - - - - - - - - - - - - - - - - - -
[  6]  70.01-80.01  sec  11.5 GBytes  9.91 Gbits/sec    0   4.08 MBytes       
[  8]  70.01-80.01  sec  11.6 GBytes  9.97 Gbits/sec    0   4.15 MBytes       
[ 10]  70.01-80.01  sec  11.6 GBytes  9.94 Gbits/sec    0   4.16 MBytes       
[ 12]  70.01-80.01  sec  11.8 GBytes  10.1 Gbits/sec    0   4.16 MBytes       
[ 14]  70.01-80.01  sec  11.7 GBytes  10.1 Gbits/sec    0   4.13 MBytes       
[ 16]  70.01-80.01  sec  11.6 GBytes  9.98 Gbits/sec    0   4.12 MBytes       
[ 18]  70.01-80.01  sec  11.9 GBytes  10.2 Gbits/sec    0   4.11 MBytes       
[ 20]  70.01-80.01  sec  12.0 GBytes  10.3 Gbits/sec    0   4.14 MBytes       
[SUM]  70.01-80.01  sec  93.7 GBytes  80.5 Gbits/sec    0             
- - - - - - - - - - - - - - - - - - - - - - - - -
[  6]  80.01-90.01  sec  11.7 GBytes  10.0 Gbits/sec    0   4.08 MBytes       
[  8]  80.01-90.01  sec  11.8 GBytes  10.1 Gbits/sec    0   4.15 MBytes       
[ 10]  80.01-90.01  sec  11.6 GBytes  9.95 Gbits/sec    0   4.16 MBytes       
[ 12]  80.01-90.01  sec  11.9 GBytes  10.2 Gbits/sec    0   4.16 MBytes       
[ 14]  80.01-90.01  sec  11.5 GBytes  9.92 Gbits/sec    0   4.13 MBytes       
[ 16]  80.01-90.01  sec  11.8 GBytes  10.1 Gbits/sec    0   4.12 MBytes       
[ 18]  80.01-90.01  sec  11.9 GBytes  10.2 Gbits/sec    0   4.11 MBytes       
[ 20]  80.01-90.01  sec  11.9 GBytes  10.2 Gbits/sec    0   4.14 MBytes       
[SUM]  80.01-90.01  sec  94.1 GBytes  80.8 Gbits/sec    0             
- - - - - - - - - - - - - - - - - - - - - - - - -
[  6]  90.01-100.01 sec  11.6 GBytes  9.97 Gbits/sec    0   4.08 MBytes       
[  8]  90.01-100.01 sec  11.6 GBytes  9.95 Gbits/sec    0   4.15 MBytes       
[ 10]  90.01-100.01 sec  11.7 GBytes  10.0 Gbits/sec    0   4.16 MBytes       
[ 12]  90.01-100.01 sec  12.2 GBytes  10.5 Gbits/sec    0   4.16 MBytes       
[ 14]  90.01-100.01 sec  11.4 GBytes  9.83 Gbits/sec    0   4.13 MBytes       
[ 16]  90.01-100.01 sec  11.8 GBytes  10.1 Gbits/sec    0   4.12 MBytes       
[ 18]  90.01-100.01 sec  11.8 GBytes  10.1 Gbits/sec    0   4.11 MBytes       
[ 20]  90.01-100.01 sec  11.9 GBytes  10.2 Gbits/sec    0   4.14 MBytes       
[SUM]  90.01-100.01 sec  93.9 GBytes  80.7 Gbits/sec    0             
- - - - - - - - - - - - - - - - - - - - - - - - -
[  6] 100.01-110.01 sec  11.5 GBytes  9.90 Gbits/sec    0   4.08 MBytes       
[  8] 100.01-110.01 sec  11.7 GBytes  10.0 Gbits/sec    0   4.15 MBytes       
[ 10] 100.01-110.01 sec  11.7 GBytes  10.1 Gbits/sec    0   4.16 MBytes       
[ 12] 100.01-110.01 sec  11.9 GBytes  10.2 Gbits/sec    0   4.16 MBytes       
[ 14] 100.01-110.01 sec  11.3 GBytes  9.69 Gbits/sec    0   4.13 MBytes       
[ 16] 100.01-110.01 sec  11.7 GBytes  10.0 Gbits/sec    0   4.12 MBytes       
[ 18] 100.01-110.01 sec  11.7 GBytes  10.0 Gbits/sec    1   4.11 MBytes       
[ 20] 100.01-110.01 sec  11.9 GBytes  10.2 Gbits/sec    0   4.14 MBytes       
[SUM] 100.01-110.01 sec  93.4 GBytes  80.2 Gbits/sec    1             
- - - - - - - - - - - - - - - - - - - - - - - - -
[  6] 110.01-120.01 sec  11.1 GBytes  9.56 Gbits/sec    1   4.08 MBytes       
[  8] 110.01-120.01 sec  11.3 GBytes  9.69 Gbits/sec    0   4.15 MBytes       
[ 10] 110.01-120.01 sec  11.2 GBytes  9.65 Gbits/sec    0   4.16 MBytes       
[ 12] 110.01-120.01 sec  11.3 GBytes  9.74 Gbits/sec    0   4.16 MBytes       
[ 14] 110.01-120.01 sec  11.1 GBytes  9.50 Gbits/sec    0   4.13 MBytes       
[ 16] 110.01-120.01 sec  11.2 GBytes  9.66 Gbits/sec    0   4.12 MBytes       
[ 18] 110.01-120.01 sec  11.4 GBytes  9.75 Gbits/sec    0   4.11 MBytes       
[ 20] 110.01-120.01 sec  11.7 GBytes  10.1 Gbits/sec    0   4.14 MBytes       
[SUM] 110.01-120.01 sec  90.4 GBytes  77.6 Gbits/sec    1             
- - - - - - - - - - - - - - - - - - - - - - - - -
[  6] 120.01-130.01 sec  11.5 GBytes  9.84 Gbits/sec    0   4.08 MBytes       
[  8] 120.01-130.01 sec  11.9 GBytes  10.2 Gbits/sec    1   4.15 MBytes       
[ 10] 120.01-130.01 sec  11.4 GBytes  9.76 Gbits/sec    0   4.16 MBytes       
[ 12] 120.01-130.01 sec  11.9 GBytes  10.2 Gbits/sec    0   4.16 MBytes       
[ 14] 120.01-130.01 sec  11.4 GBytes  9.77 Gbits/sec    0   4.13 MBytes       
[ 16] 120.01-130.01 sec  11.4 GBytes  9.78 Gbits/sec    0   4.12 MBytes       
[ 18] 120.01-130.01 sec  11.7 GBytes  10.0 Gbits/sec    0   4.11 MBytes       
[ 20] 120.01-130.01 sec  11.9 GBytes  10.2 Gbits/sec    1   4.14 MBytes       
[SUM] 120.01-130.01 sec  92.8 GBytes  79.8 Gbits/sec    2             
- - - - - - - - - - - - - - - - - - - - - - - - -
[  6] 130.01-140.01 sec  11.6 GBytes  9.93 Gbits/sec    0   4.08 MBytes       
[  8] 130.01-140.01 sec  11.6 GBytes  9.98 Gbits/sec    0   4.15 MBytes       
[ 10] 130.01-140.01 sec  11.4 GBytes  9.82 Gbits/sec    0   4.16 MBytes       
[ 12] 130.01-140.01 sec  11.8 GBytes  10.1 Gbits/sec    0   4.16 MBytes       
[ 14] 130.01-140.01 sec  11.3 GBytes  9.74 Gbits/sec    0   4.13 MBytes       
[ 16] 130.01-140.01 sec  11.3 GBytes  9.67 Gbits/sec    0   4.12 MBytes       
[ 18] 130.01-140.01 sec  11.6 GBytes  9.98 Gbits/sec    0   4.11 MBytes       
[ 20] 130.01-140.01 sec  12.0 GBytes  10.3 Gbits/sec    0   4.14 MBytes       
[SUM] 130.01-140.01 sec  92.5 GBytes  79.5 Gbits/sec    0             
- - - - - - - - - - - - - - - - - - - - - - - - -
[  6] 140.01-150.01 sec  11.2 GBytes  9.64 Gbits/sec    0   4.08 MBytes       
[  8] 140.01-150.01 sec  11.4 GBytes  9.82 Gbits/sec    0   4.15 MBytes       
[ 10] 140.01-150.01 sec  11.1 GBytes  9.52 Gbits/sec    0   4.16 MBytes       
[ 12] 140.01-150.01 sec  11.7 GBytes  10.0 Gbits/sec    0   4.16 MBytes       
[ 14] 140.01-150.01 sec  11.2 GBytes  9.62 Gbits/sec    0   4.13 MBytes       
[ 16] 140.01-150.01 sec  11.2 GBytes  9.58 Gbits/sec    0   4.12 MBytes       
[ 18] 140.01-150.01 sec  11.5 GBytes  9.89 Gbits/sec    0   4.11 MBytes       
[ 20] 140.01-150.01 sec  11.6 GBytes  9.95 Gbits/sec    5   4.14 MBytes       
[SUM] 140.01-150.01 sec  90.8 GBytes  78.0 Gbits/sec    5             
- - - - - - - - - - - - - - - - - - - - - - - - -
[  6] 150.01-160.01 sec  11.2 GBytes  9.64 Gbits/sec    0   4.08 MBytes       
[  8] 150.01-160.01 sec  11.3 GBytes  9.72 Gbits/sec    0   4.15 MBytes       
[ 10] 150.01-160.01 sec  11.5 GBytes  9.86 Gbits/sec    1   4.16 MBytes       
[ 12] 150.01-160.01 sec  11.5 GBytes  9.88 Gbits/sec    0   4.16 MBytes       
[ 14] 150.01-160.01 sec  11.2 GBytes  9.64 Gbits/sec    0   4.13 MBytes       
[ 16] 150.01-160.01 sec  11.2 GBytes  9.58 Gbits/sec    0   4.12 MBytes       
[ 18] 150.01-160.01 sec  11.5 GBytes  9.84 Gbits/sec    0   4.11 MBytes       
[ 20] 150.01-160.01 sec  11.2 GBytes  9.64 Gbits/sec   11   4.14 MBytes       
[SUM] 150.01-160.01 sec  90.6 GBytes  77.8 Gbits/sec   12             
- - - - - - - - - - - - - - - - - - - - - - - - -
[  6] 160.01-170.01 sec  11.2 GBytes  9.64 Gbits/sec    0   4.08 MBytes       
[  8] 160.01-170.01 sec  11.5 GBytes  9.84 Gbits/sec    0   4.15 MBytes       
[ 10] 160.01-170.01 sec  11.5 GBytes  9.85 Gbits/sec    0   4.16 MBytes       
[ 12] 160.01-170.01 sec  11.6 GBytes  9.96 Gbits/sec    0   4.16 MBytes       
[ 14] 160.01-170.01 sec  11.3 GBytes  9.71 Gbits/sec    0   4.13 MBytes       
[ 16] 160.01-170.01 sec  11.2 GBytes  9.65 Gbits/sec    0   4.12 MBytes       
[ 18] 160.01-170.01 sec  11.6 GBytes  9.96 Gbits/sec    0   4.11 MBytes       
[ 20] 160.01-170.01 sec  11.3 GBytes  9.67 Gbits/sec   13   4.14 MBytes       
[SUM] 160.01-170.01 sec  91.1 GBytes  78.3 Gbits/sec   13             
- - - - - - - - - - - - - - - - - - - - - - - - -
[  6] 170.01-180.01 sec  11.4 GBytes  9.78 Gbits/sec    0   4.08 MBytes       
[  8] 170.01-180.01 sec  11.3 GBytes  9.73 Gbits/sec    0   4.15 MBytes       
[ 10] 170.01-180.01 sec  11.5 GBytes  9.86 Gbits/sec    1   4.16 MBytes       
[ 12] 170.01-180.01 sec  11.5 GBytes  9.87 Gbits/sec    0   4.16 MBytes       
[ 14] 170.01-180.01 sec  11.0 GBytes  9.46 Gbits/sec    0   4.13 MBytes       
[ 16] 170.01-180.01 sec  11.3 GBytes  9.67 Gbits/sec    0   4.12 MBytes       
[ 18] 170.01-180.01 sec  11.4 GBytes  9.78 Gbits/sec    1   4.11 MBytes       
[ 20] 170.01-180.01 sec  11.6 GBytes  9.97 Gbits/sec    9   4.14 MBytes       
[SUM] 170.01-180.01 sec  90.9 GBytes  78.1 Gbits/sec   11             
- - - - - - - - - - - - - - - - - - - - - - - - -
[  6] 180.01-190.01 sec  11.1 GBytes  9.56 Gbits/sec    0   4.08 MBytes       
[  8] 180.01-190.01 sec  11.3 GBytes  9.74 Gbits/sec    0   4.15 MBytes       
[ 10] 180.01-190.01 sec  11.0 GBytes  9.49 Gbits/sec    0   4.16 MBytes       
[ 12] 180.01-190.01 sec  11.3 GBytes  9.68 Gbits/sec    0   4.16 MBytes       
[ 14] 180.01-190.01 sec  11.1 GBytes  9.57 Gbits/sec    0   4.13 MBytes       
[ 16] 180.01-190.01 sec  11.2 GBytes  9.61 Gbits/sec    0   4.12 MBytes       
[ 18] 180.01-190.01 sec  11.4 GBytes  9.80 Gbits/sec    0   4.11 MBytes       
[ 20] 180.01-190.01 sec  11.2 GBytes  9.66 Gbits/sec   13   4.14 MBytes       
[SUM] 180.01-190.01 sec  89.8 GBytes  77.1 Gbits/sec   13             
- - - - - - - - - - - - - - - - - - - - - - - - -
[  6] 190.01-200.01 sec  10.4 GBytes  8.89 Gbits/sec    0   4.08 MBytes       
[  8] 190.01-200.01 sec  10.6 GBytes  9.07 Gbits/sec    1   4.15 MBytes       
[ 10] 190.01-200.01 sec  10.5 GBytes  9.00 Gbits/sec    0   4.16 MBytes       
[ 12] 190.01-200.01 sec  10.4 GBytes  8.96 Gbits/sec    0   4.16 MBytes       
[ 14] 190.01-200.01 sec  10.2 GBytes  8.80 Gbits/sec    1   4.13 MBytes       
[ 16] 190.01-200.01 sec  10.2 GBytes  8.79 Gbits/sec    0   4.12 MBytes       
[ 18] 190.01-200.01 sec  10.4 GBytes  8.96 Gbits/sec    0   4.11 MBytes       
[ 20] 190.01-200.01 sec  10.3 GBytes  8.84 Gbits/sec   13   4.14 MBytes       
[SUM] 190.01-200.01 sec  83.0 GBytes  71.3 Gbits/sec   15             
- - - - - - - - - - - - - - - - - - - - - - - - -
[  6] 200.01-210.01 sec  11.5 GBytes  9.91 Gbits/sec    0   4.08 MBytes       
[  8] 200.01-210.01 sec  11.3 GBytes  9.75 Gbits/sec    0   4.15 MBytes       
[ 10] 200.01-210.01 sec  11.0 GBytes  9.48 Gbits/sec    0   4.16 MBytes       
[ 12] 200.01-210.01 sec  11.3 GBytes  9.74 Gbits/sec    0   4.16 MBytes       
[ 14] 200.01-210.01 sec  11.0 GBytes  9.43 Gbits/sec    0   4.13 MBytes       
[ 16] 200.01-210.01 sec  10.9 GBytes  9.38 Gbits/sec    0   4.12 MBytes       
[ 18] 200.01-210.01 sec  11.4 GBytes  9.77 Gbits/sec    0   4.11 MBytes       
[ 20] 200.01-210.01 sec  11.4 GBytes  9.76 Gbits/sec   10   4.14 MBytes       
[SUM] 200.01-210.01 sec  89.9 GBytes  77.2 Gbits/sec   10             
- - - - - - - - - - - - - - - - - - - - - - - - -
[  6] 210.01-220.01 sec  11.3 GBytes  9.74 Gbits/sec    0   4.08 MBytes       
[  8] 210.01-220.01 sec  11.3 GBytes  9.73 Gbits/sec    0   4.15 MBytes       
[ 10] 210.01-220.01 sec  11.1 GBytes  9.50 Gbits/sec    0   4.16 MBytes       
[ 12] 210.01-220.01 sec  11.5 GBytes  9.85 Gbits/sec    0   4.16 MBytes       
[ 14] 210.01-220.01 sec  11.3 GBytes  9.73 Gbits/sec    0   4.13 MBytes       
[ 16] 210.01-220.01 sec  11.2 GBytes  9.62 Gbits/sec    0   4.12 MBytes       
[ 18] 210.01-220.01 sec  11.5 GBytes  9.86 Gbits/sec    0   4.11 MBytes       
[ 20] 210.01-220.01 sec  11.2 GBytes  9.60 Gbits/sec   13   4.14 MBytes       
[SUM] 210.01-220.01 sec  90.4 GBytes  77.6 Gbits/sec   13             
- - - - - - - - - - - - - - - - - - - - - - - - -
[  6] 220.01-230.01 sec  11.1 GBytes  9.54 Gbits/sec    0   4.08 MBytes       
[  8] 220.01-230.01 sec  11.3 GBytes  9.75 Gbits/sec    0   4.15 MBytes       
[ 10] 220.01-230.01 sec  11.0 GBytes  9.49 Gbits/sec    0   4.16 MBytes       
[ 12] 220.01-230.01 sec  11.3 GBytes  9.67 Gbits/sec    0   4.16 MBytes       
[ 14] 220.01-230.01 sec  10.9 GBytes  9.40 Gbits/sec    0   4.13 MBytes       
[ 16] 220.01-230.01 sec  10.8 GBytes  9.32 Gbits/sec    0   4.12 MBytes       
[ 18] 220.01-230.01 sec  11.3 GBytes  9.68 Gbits/sec    0   4.11 MBytes       
[ 20] 220.01-230.01 sec  11.2 GBytes  9.62 Gbits/sec   14   4.14 MBytes       
[SUM] 220.01-230.01 sec  89.0 GBytes  76.4 Gbits/sec   14             
- - - - - - - - - - - - - - - - - - - - - - - - -
[  6] 230.01-240.01 sec  10.2 GBytes  8.75 Gbits/sec    0   4.08 MBytes       
[  8] 230.01-240.01 sec  10.3 GBytes  8.83 Gbits/sec    1   4.15 MBytes       
[ 10] 230.01-240.01 sec  10.1 GBytes  8.67 Gbits/sec    1   4.16 MBytes       
[ 12] 230.01-240.01 sec  10.3 GBytes  8.89 Gbits/sec    0   4.16 MBytes       
[ 14] 230.01-240.01 sec  10.2 GBytes  8.78 Gbits/sec    1   4.13 MBytes       
[ 16] 230.01-240.01 sec  10.2 GBytes  8.72 Gbits/sec    0   4.12 MBytes       
[ 18] 230.01-240.01 sec  10.3 GBytes  8.85 Gbits/sec    0   4.11 MBytes       
[ 20] 230.01-240.01 sec  9.78 GBytes  8.40 Gbits/sec   19   4.14 MBytes       
[SUM] 230.01-240.01 sec  81.4 GBytes  69.9 Gbits/sec   22             
- - - - - - - - - - - - - - - - - - - - - - - - -
[  6] 240.01-250.01 sec  10.3 GBytes  8.82 Gbits/sec    0   4.08 MBytes       
[  8] 240.01-250.01 sec  10.3 GBytes  8.81 Gbits/sec    0   4.15 MBytes       
[ 10] 240.01-250.01 sec  10.1 GBytes  8.69 Gbits/sec    0   4.16 MBytes       
[ 12] 240.01-250.01 sec  10.4 GBytes  8.97 Gbits/sec    0   4.16 MBytes       
[ 14] 240.01-250.01 sec  10.3 GBytes  8.82 Gbits/sec    0   4.13 MBytes       
[ 16] 240.01-250.01 sec  10.2 GBytes  8.77 Gbits/sec    0   4.12 MBytes       
[ 18] 240.01-250.01 sec  10.3 GBytes  8.89 Gbits/sec    0   4.11 MBytes       
[ 20] 240.01-250.01 sec  10.2 GBytes  8.72 Gbits/sec   12   4.14 MBytes       
[SUM] 240.01-250.01 sec  82.0 GBytes  70.5 Gbits/sec   12             
- - - - - - - - - - - - - - - - - - - - - - - - -
[  6] 250.01-260.01 sec  10.4 GBytes  8.89 Gbits/sec    0   4.08 MBytes       
[  8] 250.01-260.01 sec  10.1 GBytes  8.71 Gbits/sec    1   4.15 MBytes       
[ 10] 250.01-260.01 sec  10.3 GBytes  8.81 Gbits/sec    0   4.16 MBytes       
[ 12] 250.01-260.01 sec  10.1 GBytes  8.67 Gbits/sec    0   4.16 MBytes       
[ 14] 250.01-260.01 sec  10.2 GBytes  8.74 Gbits/sec    0   4.13 MBytes       
[ 16] 250.01-260.01 sec  10.2 GBytes  8.75 Gbits/sec    0   4.12 MBytes       
[ 18] 250.01-260.01 sec  10.5 GBytes  8.98 Gbits/sec    0   4.11 MBytes       
[ 20] 250.01-260.01 sec  9.98 GBytes  8.57 Gbits/sec   14   4.14 MBytes       
[SUM] 250.01-260.01 sec  81.6 GBytes  70.1 Gbits/sec   15             
- - - - - - - - - - - - - - - - - - - - - - - - -
[  6] 260.01-270.01 sec  10.3 GBytes  8.83 Gbits/sec    0   4.08 MBytes       
[  8] 260.01-270.01 sec  10.2 GBytes  8.78 Gbits/sec    0   4.15 MBytes       
[ 10] 260.01-270.01 sec  10.2 GBytes  8.74 Gbits/sec    1   4.16 MBytes       
[ 12] 260.01-270.01 sec  10.3 GBytes  8.85 Gbits/sec    0   4.16 MBytes       
[ 14] 260.01-270.01 sec  10.1 GBytes  8.63 Gbits/sec    0   4.13 MBytes       
[ 16] 260.01-270.01 sec  10.1 GBytes  8.70 Gbits/sec    0   4.12 MBytes       
[ 18] 260.01-270.01 sec  10.5 GBytes  9.01 Gbits/sec    0   4.11 MBytes       
[ 20] 260.01-270.01 sec  9.95 GBytes  8.55 Gbits/sec   14   4.14 MBytes       
[SUM] 260.01-270.01 sec  81.6 GBytes  70.1 Gbits/sec   15             
- - - - - - - - - - - - - - - - - - - - - - - - -
[  6] 270.01-280.01 sec  10.1 GBytes  8.67 Gbits/sec    0   4.08 MBytes       
[  8] 270.01-280.01 sec  10.3 GBytes  8.82 Gbits/sec    0   4.15 MBytes       
[ 10] 270.01-280.01 sec  10.3 GBytes  8.83 Gbits/sec    0   4.16 MBytes       
[ 12] 270.01-280.01 sec  10.3 GBytes  8.86 Gbits/sec    0   4.16 MBytes       
[ 14] 270.01-280.01 sec  10.2 GBytes  8.75 Gbits/sec    0   4.13 MBytes       
[ 16] 270.01-280.01 sec  10.3 GBytes  8.85 Gbits/sec    0   4.12 MBytes       
[ 18] 270.01-280.01 sec  10.5 GBytes  9.01 Gbits/sec    0   4.11 MBytes       
[ 20] 270.01-280.01 sec  9.75 GBytes  8.37 Gbits/sec   19   4.14 MBytes       
[SUM] 270.01-280.01 sec  81.7 GBytes  70.2 Gbits/sec   19             
- - - - - - - - - - - - - - - - - - - - - - - - -
[  6] 280.01-290.01 sec  10.1 GBytes  8.70 Gbits/sec    0   4.08 MBytes       
[  8] 280.01-290.01 sec  9.98 GBytes  8.57 Gbits/sec    0   4.15 MBytes       
[ 10] 280.01-290.01 sec  10.3 GBytes  8.86 Gbits/sec    0   4.16 MBytes       
[ 12] 280.01-290.01 sec  10.3 GBytes  8.81 Gbits/sec    2   4.16 MBytes       
[ 14] 280.01-290.01 sec  10.0 GBytes  8.62 Gbits/sec    0   4.13 MBytes       
[ 16] 280.01-290.01 sec  10.1 GBytes  8.65 Gbits/sec    0   4.12 MBytes       
[ 18] 280.01-290.01 sec  10.3 GBytes  8.86 Gbits/sec    0   4.11 MBytes       
[ 20] 280.01-290.01 sec  9.92 GBytes  8.52 Gbits/sec   17   4.14 MBytes       
[SUM] 280.01-290.01 sec  81.0 GBytes  69.6 Gbits/sec   19             
- - - - - - - - - - - - - - - - - - - - - - - - -
[  6] 290.01-300.01 sec  10.3 GBytes  8.88 Gbits/sec    0   4.08 MBytes       
[  8] 290.01-300.01 sec  10.2 GBytes  8.77 Gbits/sec    0   4.15 MBytes       
[ 10] 290.01-300.01 sec  10.5 GBytes  9.00 Gbits/sec    0   4.16 MBytes       
[ 12] 290.01-300.01 sec  10.4 GBytes  8.93 Gbits/sec    2   4.16 MBytes       
[ 14] 290.01-300.01 sec  10.1 GBytes  8.70 Gbits/sec    0   4.13 MBytes       
[ 16] 290.01-300.01 sec  10.3 GBytes  8.85 Gbits/sec    0   4.12 MBytes       
[ 18] 290.01-300.01 sec  10.3 GBytes  8.88 Gbits/sec    1   4.11 MBytes       
[ 20] 290.01-300.01 sec  10.1 GBytes  8.66 Gbits/sec   16   4.14 MBytes       
[SUM] 290.01-300.01 sec  82.3 GBytes  70.7 Gbits/sec   19             
- - - - - - - - - - - - - - - - - - - - - - - - -
[  6] 300.01-310.01 sec  10.2 GBytes  8.76 Gbits/sec    0   4.08 MBytes       
[  8] 300.01-310.01 sec  10.2 GBytes  8.78 Gbits/sec    0   4.15 MBytes       
[ 10] 300.01-310.01 sec  10.3 GBytes  8.82 Gbits/sec    1   4.16 MBytes       
[ 12] 300.01-310.01 sec  10.1 GBytes  8.71 Gbits/sec    1   4.16 MBytes       
[ 14] 300.01-310.01 sec  9.99 GBytes  8.58 Gbits/sec    0   4.13 MBytes       
[ 16] 300.01-310.01 sec  10.2 GBytes  8.79 Gbits/sec    0   4.12 MBytes       
[ 18] 300.01-310.01 sec  10.2 GBytes  8.76 Gbits/sec    0   4.11 MBytes       
[ 20] 300.01-310.01 sec  10.1 GBytes  8.66 Gbits/sec   19   4.14 MBytes       
[SUM] 300.01-310.01 sec  81.3 GBytes  69.8 Gbits/sec   21             
- - - - - - - - - - - - - - - - - - - - - - - - -
[  6] 310.01-320.01 sec  10.3 GBytes  8.83 Gbits/sec    0   4.08 MBytes       
[  8] 310.01-320.01 sec  10.2 GBytes  8.74 Gbits/sec    0   4.15 MBytes       
[ 10] 310.01-320.01 sec  10.2 GBytes  8.80 Gbits/sec    0   4.16 MBytes       
[ 12] 310.01-320.01 sec  10.4 GBytes  8.94 Gbits/sec    0   4.16 MBytes       
[ 14] 310.01-320.01 sec  10.0 GBytes  8.61 Gbits/sec    1   4.13 MBytes       
[ 16] 310.01-320.01 sec  10.3 GBytes  8.86 Gbits/sec    0   4.12 MBytes       
[ 18] 310.01-320.01 sec  10.4 GBytes  8.91 Gbits/sec    0   4.11 MBytes       
[ 20] 310.01-320.01 sec  10.1 GBytes  8.68 Gbits/sec   14   4.14 MBytes       
[SUM] 310.01-320.01 sec  81.9 GBytes  70.4 Gbits/sec   15             
- - - - - - - - - - - - - - - - - - - - - - - - -
[  6] 320.01-330.01 sec  10.1 GBytes  8.70 Gbits/sec    0   4.08 MBytes       
[  8] 320.01-330.01 sec  10.3 GBytes  8.80 Gbits/sec    0   4.15 MBytes       
[ 10] 320.01-330.01 sec  10.3 GBytes  8.85 Gbits/sec    0   4.16 MBytes       
[ 12] 320.01-330.01 sec  10.4 GBytes  8.98 Gbits/sec    0   4.16 MBytes       
[ 14] 320.01-330.01 sec  10.4 GBytes  8.92 Gbits/sec    0   4.13 MBytes       
[ 16] 320.01-330.01 sec  10.1 GBytes  8.67 Gbits/sec    0   4.12 MBytes       
[ 18] 320.01-330.01 sec  10.4 GBytes  8.93 Gbits/sec    0   4.11 MBytes       
[ 20] 320.01-330.01 sec  9.93 GBytes  8.53 Gbits/sec   14   4.14 MBytes       
[SUM] 320.01-330.01 sec  81.9 GBytes  70.4 Gbits/sec   14             
- - - - - - - - - - - - - - - - - - - - - - - - -
[  6] 330.01-340.01 sec  10.3 GBytes  8.86 Gbits/sec    0   4.08 MBytes       
[  8] 330.01-340.01 sec  10.3 GBytes  8.86 Gbits/sec    0   4.15 MBytes       
[ 10] 330.01-340.01 sec  10.2 GBytes  8.76 Gbits/sec    0   4.16 MBytes       
[ 12] 330.01-340.01 sec  10.4 GBytes  8.97 Gbits/sec    0   4.16 MBytes       
[ 14] 330.01-340.01 sec  10.1 GBytes  8.71 Gbits/sec    0   4.13 MBytes       
[ 16] 330.01-340.01 sec  10.2 GBytes  8.76 Gbits/sec    0   4.12 MBytes       
[ 18] 330.01-340.01 sec  10.4 GBytes  8.96 Gbits/sec    0   4.11 MBytes       
[ 20] 330.01-340.01 sec  10.1 GBytes  8.65 Gbits/sec   14   4.14 MBytes       
[SUM] 330.01-340.01 sec  82.1 GBytes  70.5 Gbits/sec   14             
- - - - - - - - - - - - - - - - - - - - - - - - -
[  6] 340.01-350.01 sec  10.3 GBytes  8.84 Gbits/sec    0   4.08 MBytes       
[  8] 340.01-350.01 sec  10.2 GBytes  8.76 Gbits/sec    0   4.15 MBytes       
[ 10] 340.01-350.01 sec  10.2 GBytes  8.78 Gbits/sec    0   4.16 MBytes       
[ 12] 340.01-350.01 sec  10.3 GBytes  8.82 Gbits/sec    0   4.16 MBytes       
[ 14] 340.01-350.01 sec  10.2 GBytes  8.73 Gbits/sec    0   4.13 MBytes       
[ 16] 340.01-350.01 sec  10.3 GBytes  8.81 Gbits/sec    0   4.12 MBytes       
[ 18] 340.01-350.01 sec  10.4 GBytes  8.94 Gbits/sec    0   4.11 MBytes       
[ 20] 340.01-350.01 sec  10.0 GBytes  8.60 Gbits/sec   19   4.14 MBytes       
[SUM] 340.01-350.01 sec  81.8 GBytes  70.3 Gbits/sec   19             
- - - - - - - - - - - - - - - - - - - - - - - - -
[  6] 350.01-360.01 sec  10.3 GBytes  8.82 Gbits/sec    0   4.08 MBytes       
[  8] 350.01-360.01 sec  10.4 GBytes  8.90 Gbits/sec    0   4.15 MBytes       
[ 10] 350.01-360.01 sec  9.96 GBytes  8.56 Gbits/sec    1   4.16 MBytes       
[ 12] 350.01-360.01 sec  10.3 GBytes  8.81 Gbits/sec    0   4.16 MBytes       
[ 14] 350.01-360.01 sec  10.2 GBytes  8.75 Gbits/sec    0   4.13 MBytes       
[ 16] 350.01-360.01 sec  10.2 GBytes  8.75 Gbits/sec    0   4.12 MBytes       
[ 18] 350.01-360.01 sec  10.4 GBytes  8.94 Gbits/sec    1   4.11 MBytes       
[ 20] 350.01-360.01 sec  9.98 GBytes  8.58 Gbits/sec   19   4.14 MBytes       
[SUM] 350.01-360.01 sec  81.6 GBytes  70.1 Gbits/sec   21             
- - - - - - - - - - - - - - - - - - - - - - - - -
[  6] 360.01-370.01 sec  10.3 GBytes  8.86 Gbits/sec    0   4.08 MBytes       
[  8] 360.01-370.01 sec  10.2 GBytes  8.78 Gbits/sec    0   4.15 MBytes       
[ 10] 360.01-370.01 sec  10.2 GBytes  8.78 Gbits/sec    0   4.16 MBytes       
[ 12] 360.01-370.01 sec  10.1 GBytes  8.65 Gbits/sec    0   4.16 MBytes       
[ 14] 360.01-370.01 sec  10.1 GBytes  8.70 Gbits/sec    0   4.13 MBytes       
[ 16] 360.01-370.01 sec  10.2 GBytes  8.77 Gbits/sec    1   4.12 MBytes       
[ 18] 360.01-370.02 sec  10.3 GBytes  8.82 Gbits/sec    0   4.11 MBytes       
[ 20] 360.01-370.02 sec  9.98 GBytes  8.57 Gbits/sec   21   4.14 MBytes       
[SUM] 360.01-370.01 sec  81.4 GBytes  70.0 Gbits/sec   22             
- - - - - - - - - - - - - - - - - - - - - - - - -
[  6] 370.01-380.01 sec  10.3 GBytes  8.81 Gbits/sec    0   4.08 MBytes       
[  8] 370.01-380.01 sec  10.3 GBytes  8.87 Gbits/sec    0   4.15 MBytes       
[ 10] 370.01-380.01 sec  10.0 GBytes  8.63 Gbits/sec    0   4.16 MBytes       
[ 12] 370.01-380.01 sec  10.3 GBytes  8.83 Gbits/sec    0   4.16 MBytes       
[ 14] 370.01-380.01 sec  9.96 GBytes  8.56 Gbits/sec    0   4.13 MBytes       
[ 16] 370.01-380.01 sec  10.3 GBytes  8.81 Gbits/sec    0   4.12 MBytes       
[ 18] 370.02-380.01 sec  10.4 GBytes  8.91 Gbits/sec    0   4.11 MBytes       
[ 20] 370.02-380.01 sec  10.1 GBytes  8.71 Gbits/sec   12   4.14 MBytes       
[SUM] 370.01-380.01 sec  81.6 GBytes  70.1 Gbits/sec   12             
- - - - - - - - - - - - - - - - - - - - - - - - -
[  6] 380.01-390.01 sec  10.2 GBytes  8.75 Gbits/sec    0   4.08 MBytes       
[  8] 380.01-390.01 sec  10.3 GBytes  8.85 Gbits/sec    1   4.15 MBytes       
[ 10] 380.01-390.01 sec  10.4 GBytes  8.92 Gbits/sec    0   4.16 MBytes       
[ 12] 380.01-390.01 sec  10.1 GBytes  8.65 Gbits/sec    0   4.16 MBytes       
[ 14] 380.01-390.01 sec  10.2 GBytes  8.73 Gbits/sec    0   4.13 MBytes       
[ 16] 380.01-390.01 sec  10.1 GBytes  8.69 Gbits/sec    0   4.12 MBytes       
[ 18] 380.01-390.01 sec  10.3 GBytes  8.86 Gbits/sec    0   4.11 MBytes       
[ 20] 380.01-390.01 sec  10.0 GBytes  8.62 Gbits/sec   19   4.14 MBytes       
[SUM] 380.01-390.01 sec  81.6 GBytes  70.1 Gbits/sec   20             
- - - - - - - - - - - - - - - - - - - - - - - - -
[  6] 390.01-400.01 sec  10.3 GBytes  8.85 Gbits/sec    0   4.08 MBytes       
[  8] 390.01-400.01 sec  10.3 GBytes  8.84 Gbits/sec    0   4.15 MBytes       
[ 10] 390.01-400.01 sec  10.5 GBytes  8.99 Gbits/sec    0   4.16 MBytes       
[ 12] 390.01-400.01 sec  10.4 GBytes  8.91 Gbits/sec    0   4.16 MBytes       
[ 14] 390.01-400.01 sec  10.2 GBytes  8.76 Gbits/sec    1   4.13 MBytes       
[ 16] 390.01-400.01 sec  9.96 GBytes  8.55 Gbits/sec    0   4.12 MBytes       
[ 18] 390.01-400.01 sec  10.3 GBytes  8.84 Gbits/sec    0   4.11 MBytes       
[ 20] 390.01-400.01 sec  10.2 GBytes  8.73 Gbits/sec   15   4.14 MBytes       
[SUM] 390.01-400.01 sec  82.0 GBytes  70.5 Gbits/sec   16             
- - - - - - - - - - - - - - - - - - - - - - - - -
[  6] 400.01-410.01 sec  10.4 GBytes  8.89 Gbits/sec    0   4.08 MBytes       
[  8] 400.01-410.01 sec  10.2 GBytes  8.80 Gbits/sec    1   4.15 MBytes       
[ 10] 400.01-410.01 sec  10.4 GBytes  8.91 Gbits/sec    0   4.16 MBytes       
[ 12] 400.01-410.01 sec  10.4 GBytes  8.92 Gbits/sec    0   4.16 MBytes       
[ 14] 400.01-410.01 sec  10.2 GBytes  8.76 Gbits/sec    0   4.13 MBytes       
[ 16] 400.01-410.01 sec  10.0 GBytes  8.60 Gbits/sec    0   4.12 MBytes       
[ 18] 400.01-410.01 sec  10.3 GBytes  8.82 Gbits/sec    1   4.11 MBytes       
[ 20] 400.01-410.01 sec  9.82 GBytes  8.43 Gbits/sec   23   4.14 MBytes       
[SUM] 400.01-410.01 sec  81.6 GBytes  70.1 Gbits/sec   25             
- - - - - - - - - - - - - - - - - - - - - - - - -
[  6] 410.01-420.01 sec  10.2 GBytes  8.73 Gbits/sec    0   4.08 MBytes       
[  8] 410.01-420.01 sec  10.4 GBytes  8.91 Gbits/sec    0   4.15 MBytes       
[ 10] 410.01-420.01 sec  10.3 GBytes  8.82 Gbits/sec    0   4.16 MBytes       
[ 12] 410.01-420.01 sec  10.2 GBytes  8.77 Gbits/sec    0   4.16 MBytes       
[ 14] 410.01-420.01 sec  10.1 GBytes  8.67 Gbits/sec    0   4.13 MBytes       
[ 16] 410.01-420.01 sec  10.1 GBytes  8.72 Gbits/sec    0   4.12 MBytes       
[ 18] 410.01-420.01 sec  10.4 GBytes  8.94 Gbits/sec    0   4.11 MBytes       
[ 20] 410.01-420.01 sec  9.89 GBytes  8.49 Gbits/sec   20   4.14 MBytes       
[SUM] 410.01-420.01 sec  81.6 GBytes  70.1 Gbits/sec   20             
- - - - - - - - - - - - - - - - - - - - - - - - -
[  6] 420.01-430.01 sec  10.2 GBytes  8.75 Gbits/sec    0   4.08 MBytes       
[  8] 420.01-430.01 sec  10.1 GBytes  8.71 Gbits/sec    1   4.15 MBytes       
[ 10] 420.01-430.01 sec  10.3 GBytes  8.83 Gbits/sec    0   4.16 MBytes       
[ 12] 420.01-430.01 sec  10.4 GBytes  8.95 Gbits/sec    0   4.16 MBytes       
[ 14] 420.01-430.01 sec  10.2 GBytes  8.73 Gbits/sec    1   4.13 MBytes       
[ 16] 420.01-430.01 sec  10.2 GBytes  8.72 Gbits/sec    0   4.12 MBytes       
[ 18] 420.01-430.01 sec  10.4 GBytes  8.95 Gbits/sec    0   4.11 MBytes       
[ 20] 420.01-430.01 sec  10.0 GBytes  8.63 Gbits/sec   13   4.14 MBytes       
[SUM] 420.01-430.01 sec  81.8 GBytes  70.3 Gbits/sec   15             
- - - - - - - - - - - - - - - - - - - - - - - - -
[  6] 430.01-440.01 sec  10.0 GBytes  8.61 Gbits/sec    2   4.08 MBytes       
[  8] 430.01-440.01 sec  10.2 GBytes  8.79 Gbits/sec    0   4.15 MBytes       
[ 10] 430.01-440.01 sec  10.0 GBytes  8.63 Gbits/sec    0   4.16 MBytes       
[ 12] 430.01-440.01 sec  10.2 GBytes  8.74 Gbits/sec    0   4.16 MBytes       
[ 14] 430.01-440.01 sec  10.0 GBytes  8.60 Gbits/sec    0   4.13 MBytes       
[ 16] 430.01-440.01 sec  10.1 GBytes  8.64 Gbits/sec    0   4.12 MBytes       
[ 18] 430.01-440.01 sec  10.2 GBytes  8.80 Gbits/sec    1   4.11 MBytes       
[ 20] 430.01-440.01 sec  9.95 GBytes  8.55 Gbits/sec   18   4.14 MBytes       
[SUM] 430.01-440.01 sec  80.7 GBytes  69.4 Gbits/sec   21             
- - - - - - - - - - - - - - - - - - - - - - - - -
[  6] 440.01-450.01 sec  10.1 GBytes  8.67 Gbits/sec    0   4.08 MBytes       
[  8] 440.01-450.01 sec  10.4 GBytes  8.94 Gbits/sec    1   4.15 MBytes       
[ 10] 440.01-450.01 sec  10.1 GBytes  8.69 Gbits/sec    0   4.16 MBytes       
[ 12] 440.01-450.01 sec  10.3 GBytes  8.81 Gbits/sec    1   4.16 MBytes       
[ 14] 440.01-450.01 sec  10.2 GBytes  8.75 Gbits/sec    0   4.13 MBytes       
[ 16] 440.01-450.01 sec  9.97 GBytes  8.56 Gbits/sec    0   4.12 MBytes       
[ 18] 440.01-450.01 sec  10.2 GBytes  8.78 Gbits/sec    0   4.11 MBytes       
[ 20] 440.01-450.01 sec  10.0 GBytes  8.61 Gbits/sec   19   4.14 MBytes       
[SUM] 440.01-450.01 sec  81.3 GBytes  69.8 Gbits/sec   21             
- - - - - - - - - - - - - - - - - - - - - - - - -
[  6] 450.01-460.01 sec  10.2 GBytes  8.72 Gbits/sec    1   4.08 MBytes       
[  8] 450.01-460.01 sec  10.3 GBytes  8.82 Gbits/sec    1   4.15 MBytes       
[ 10] 450.01-460.01 sec  10.3 GBytes  8.81 Gbits/sec    0   4.16 MBytes       
[ 12] 450.01-460.01 sec  10.3 GBytes  8.82 Gbits/sec    1   4.16 MBytes       
[ 14] 450.01-460.01 sec  10.2 GBytes  8.78 Gbits/sec    0   4.13 MBytes       
[ 16] 450.01-460.01 sec  10.1 GBytes  8.69 Gbits/sec    0   4.12 MBytes       
[ 18] 450.01-460.01 sec  10.2 GBytes  8.78 Gbits/sec    0   4.11 MBytes       
[ 20] 450.01-460.01 sec  9.97 GBytes  8.57 Gbits/sec   26   4.14 MBytes       
[SUM] 450.01-460.01 sec  81.5 GBytes  70.0 Gbits/sec   29             
- - - - - - - - - - - - - - - - - - - - - - - - -
[  6] 460.01-470.01 sec  10.2 GBytes  8.80 Gbits/sec    0   4.08 MBytes       
[  8] 460.01-470.01 sec  10.2 GBytes  8.77 Gbits/sec    2   4.15 MBytes       
[ 10] 460.01-470.01 sec  10.3 GBytes  8.83 Gbits/sec    0   4.16 MBytes       
[ 12] 460.01-470.01 sec  10.3 GBytes  8.84 Gbits/sec    1   4.16 MBytes       
[ 14] 460.01-470.01 sec  10.0 GBytes  8.63 Gbits/sec    0   4.13 MBytes       
[ 16] 460.01-470.01 sec  10.1 GBytes  8.71 Gbits/sec    0   4.12 MBytes       
[ 18] 460.01-470.01 sec  10.3 GBytes  8.84 Gbits/sec    0   4.11 MBytes       
[ 20] 460.01-470.01 sec  9.94 GBytes  8.54 Gbits/sec   15   4.14 MBytes       
[SUM] 460.01-470.01 sec  81.4 GBytes  70.0 Gbits/sec   18             
- - - - - - - - - - - - - - - - - - - - - - - - -
[  6] 470.01-480.01 sec  10.1 GBytes  8.63 Gbits/sec    0   4.08 MBytes       
[  8] 470.01-480.01 sec  10.3 GBytes  8.83 Gbits/sec    0   4.15 MBytes       
[ 10] 470.01-480.01 sec  10.4 GBytes  8.92 Gbits/sec    0   4.16 MBytes       
[ 12] 470.01-480.01 sec  10.4 GBytes  8.92 Gbits/sec    0   4.16 MBytes       
[ 14] 470.01-480.01 sec  10.3 GBytes  8.83 Gbits/sec    0   4.13 MBytes       
[ 16] 470.01-480.01 sec  10.2 GBytes  8.77 Gbits/sec    1   4.12 MBytes       
[ 18] 470.01-480.01 sec  10.5 GBytes  8.99 Gbits/sec    0   4.11 MBytes       
[ 20] 470.01-480.01 sec  10.0 GBytes  8.60 Gbits/sec   16   4.14 MBytes       
[SUM] 470.01-480.01 sec  82.1 GBytes  70.5 Gbits/sec   17             
- - - - - - - - - - - - - - - - - - - - - - - - -
[  6] 480.01-490.01 sec  10.2 GBytes  8.75 Gbits/sec    0   4.08 MBytes       
[  8] 480.01-490.01 sec  10.1 GBytes  8.67 Gbits/sec    0   4.15 MBytes       
[ 10] 480.01-490.01 sec  10.3 GBytes  8.83 Gbits/sec    1   4.16 MBytes       
[ 12] 480.01-490.01 sec  10.4 GBytes  8.90 Gbits/sec    0   4.16 MBytes       
[ 14] 480.01-490.01 sec  10.5 GBytes  9.05 Gbits/sec    1   4.13 MBytes       
[ 16] 480.01-490.01 sec  10.2 GBytes  8.75 Gbits/sec    1   4.12 MBytes       
[ 18] 480.01-490.01 sec  10.5 GBytes  8.98 Gbits/sec    1   4.11 MBytes       
[ 20] 480.01-490.01 sec  9.97 GBytes  8.57 Gbits/sec   14   4.14 MBytes       
[SUM] 480.01-490.01 sec  82.1 GBytes  70.5 Gbits/sec   18             
- - - - - - - - - - - - - - - - - - - - - - - - -
[  6] 490.01-500.01 sec  10.3 GBytes  8.81 Gbits/sec    0   4.08 MBytes       
[  8] 490.01-500.01 sec  10.1 GBytes  8.71 Gbits/sec    0   4.15 MBytes       
[ 10] 490.01-500.01 sec  10.2 GBytes  8.77 Gbits/sec    0   4.16 MBytes       
[ 12] 490.01-500.01 sec  10.1 GBytes  8.71 Gbits/sec    0   4.16 MBytes       
[ 14] 490.01-500.01 sec  10.3 GBytes  8.83 Gbits/sec    0   4.13 MBytes       
[ 16] 490.01-500.01 sec  10.2 GBytes  8.79 Gbits/sec    0   4.12 MBytes       
[ 18] 490.01-500.01 sec  10.3 GBytes  8.84 Gbits/sec    0   4.11 MBytes       
[ 20] 490.01-500.01 sec  10.1 GBytes  8.66 Gbits/sec   19   4.14 MBytes       
[SUM] 490.01-500.01 sec  81.6 GBytes  70.1 Gbits/sec   19             
- - - - - - - - - - - - - - - - - - - - - - - - -
[  6] 500.01-510.01 sec  10.3 GBytes  8.83 Gbits/sec    0   4.08 MBytes       
[  8] 500.01-510.01 sec  10.2 GBytes  8.78 Gbits/sec    0   4.15 MBytes       
[ 10] 500.01-510.01 sec  10.2 GBytes  8.76 Gbits/sec    0   4.16 MBytes       
[ 12] 500.01-510.01 sec  10.3 GBytes  8.82 Gbits/sec    1   4.16 MBytes       
[ 14] 500.01-510.01 sec  10.1 GBytes  8.71 Gbits/sec    0   4.13 MBytes       
[ 16] 500.01-510.01 sec  10.2 GBytes  8.75 Gbits/sec    1   4.12 MBytes       
[ 18] 500.01-510.01 sec  10.4 GBytes  8.93 Gbits/sec    0   4.11 MBytes       
[ 20] 500.01-510.01 sec  9.89 GBytes  8.50 Gbits/sec   23   4.14 MBytes       
[SUM] 500.01-510.01 sec  81.6 GBytes  70.1 Gbits/sec   25             
- - - - - - - - - - - - - - - - - - - - - - - - -
[  6] 510.01-520.01 sec  10.2 GBytes  8.78 Gbits/sec    0   4.08 MBytes       
[  8] 510.01-520.01 sec  10.1 GBytes  8.70 Gbits/sec    0   4.15 MBytes       
[ 10] 510.01-520.01 sec  10.1 GBytes  8.68 Gbits/sec    0   4.16 MBytes       
[ 12] 510.01-520.01 sec  10.3 GBytes  8.81 Gbits/sec    0   4.16 MBytes       
[ 14] 510.01-520.01 sec  10.2 GBytes  8.77 Gbits/sec    0   4.13 MBytes       
[ 16] 510.01-520.01 sec  10.2 GBytes  8.77 Gbits/sec    0   4.12 MBytes       
[ 18] 510.01-520.01 sec  10.2 GBytes  8.78 Gbits/sec    0   4.11 MBytes       
[ 20] 510.01-520.01 sec  9.97 GBytes  8.56 Gbits/sec   17   4.14 MBytes       
[SUM] 510.01-520.01 sec  81.3 GBytes  69.8 Gbits/sec   17             
- - - - - - - - - - - - - - - - - - - - - - - - -
[  6] 520.01-530.01 sec  10.3 GBytes  8.86 Gbits/sec    0   4.08 MBytes       
[  8] 520.01-530.01 sec  10.2 GBytes  8.78 Gbits/sec    0   4.15 MBytes       
[ 10] 520.01-530.01 sec  10.1 GBytes  8.68 Gbits/sec    0   4.16 MBytes       
[ 12] 520.01-530.01 sec  10.2 GBytes  8.77 Gbits/sec    1   4.16 MBytes       
[ 14] 520.01-530.01 sec  10.0 GBytes  8.63 Gbits/sec    1   4.13 MBytes       
[ 16] 520.01-530.01 sec  10.3 GBytes  8.82 Gbits/sec    0   4.12 MBytes       
[ 18] 520.01-530.01 sec  10.5 GBytes  9.01 Gbits/sec    0   4.11 MBytes       
[ 20] 520.01-530.01 sec  9.95 GBytes  8.54 Gbits/sec   22   4.14 MBytes       
[SUM] 520.01-530.01 sec  81.6 GBytes  70.1 Gbits/sec   24             
- - - - - - - - - - - - - - - - - - - - - - - - -
[  6] 530.01-540.01 sec  9.67 GBytes  8.31 Gbits/sec    0   4.08 MBytes       
[  8] 530.01-540.01 sec  9.62 GBytes  8.26 Gbits/sec    0   4.15 MBytes       
[ 10] 530.01-540.01 sec  9.79 GBytes  8.41 Gbits/sec    1   4.16 MBytes       
[ 12] 530.01-540.01 sec  9.82 GBytes  8.44 Gbits/sec    0   4.16 MBytes       
[ 14] 530.01-540.01 sec  9.69 GBytes  8.32 Gbits/sec    0   4.13 MBytes       
[ 16] 530.01-540.01 sec  9.82 GBytes  8.44 Gbits/sec    0   4.12 MBytes       
[ 18] 530.01-540.01 sec  9.81 GBytes  8.43 Gbits/sec    1   4.11 MBytes       
[ 20] 530.01-540.01 sec  9.16 GBytes  7.87 Gbits/sec   24   4.14 MBytes       
[SUM] 530.01-540.01 sec  77.4 GBytes  66.5 Gbits/sec   26             
- - - - - - - - - - - - - - - - - - - - - - - - -
[  6] 540.01-550.01 sec  9.88 GBytes  8.49 Gbits/sec    0   4.08 MBytes       
[  8] 540.01-550.01 sec  9.97 GBytes  8.57 Gbits/sec    0   4.15 MBytes       
[ 10] 540.01-550.01 sec  9.96 GBytes  8.56 Gbits/sec    0   4.16 MBytes       
[ 12] 540.01-550.01 sec  10.2 GBytes  8.80 Gbits/sec    0   4.16 MBytes       
[ 14] 540.01-550.01 sec  9.81 GBytes  8.43 Gbits/sec    0   4.13 MBytes       
[ 16] 540.01-550.01 sec  9.90 GBytes  8.50 Gbits/sec    0   4.12 MBytes       
[ 18] 540.01-550.01 sec  10.2 GBytes  8.80 Gbits/sec    2   4.11 MBytes       
[ 20] 540.01-550.01 sec  9.57 GBytes  8.22 Gbits/sec   21   4.14 MBytes       
[SUM] 540.01-550.01 sec  79.6 GBytes  68.4 Gbits/sec   23             
- - - - - - - - - - - - - - - - - - - - - - - - -
[  6] 550.01-560.01 sec  10.0 GBytes  8.60 Gbits/sec    0   4.08 MBytes       
[  8] 550.01-560.01 sec  10.2 GBytes  8.78 Gbits/sec    0   4.15 MBytes       
[ 10] 550.01-560.01 sec  10.3 GBytes  8.85 Gbits/sec    0   4.16 MBytes       
[ 12] 550.01-560.01 sec  10.3 GBytes  8.83 Gbits/sec    1   4.16 MBytes       
[ 14] 550.01-560.01 sec  10.1 GBytes  8.68 Gbits/sec    1   4.13 MBytes       
[ 16] 550.01-560.01 sec  10.1 GBytes  8.71 Gbits/sec    0   4.12 MBytes       
[ 18] 550.01-560.01 sec  10.4 GBytes  8.95 Gbits/sec    0   4.11 MBytes       
[ 20] 550.01-560.01 sec  9.98 GBytes  8.58 Gbits/sec   15   4.14 MBytes       
[SUM] 550.01-560.01 sec  81.4 GBytes  70.0 Gbits/sec   17             
- - - - - - - - - - - - - - - - - - - - - - - - -
[  6] 560.01-570.01 sec  10.2 GBytes  8.75 Gbits/sec    1   4.08 MBytes       
[  8] 560.01-570.01 sec  10.1 GBytes  8.71 Gbits/sec    1   4.15 MBytes       
[ 10] 560.01-570.01 sec  10.2 GBytes  8.76 Gbits/sec    0   4.16 MBytes       
[ 12] 560.01-570.01 sec  10.5 GBytes  9.01 Gbits/sec    0   4.16 MBytes       
[ 14] 560.01-570.01 sec  10.0 GBytes  8.63 Gbits/sec    0   4.13 MBytes       
[ 16] 560.01-570.01 sec  10.2 GBytes  8.74 Gbits/sec    0   4.12 MBytes       
[ 18] 560.01-570.01 sec  10.2 GBytes  8.74 Gbits/sec    1   4.11 MBytes       
[ 20] 560.01-570.01 sec  10.0 GBytes  8.59 Gbits/sec   14   4.14 MBytes       
[SUM] 560.01-570.01 sec  81.4 GBytes  69.9 Gbits/sec   17             
- - - - - - - - - - - - - - - - - - - - - - - - -
[  6] 570.01-580.01 sec  10.3 GBytes  8.87 Gbits/sec    1   4.08 MBytes       
[  8] 570.01-580.01 sec  10.4 GBytes  8.90 Gbits/sec    0   4.15 MBytes       
[ 10] 570.01-580.01 sec  10.5 GBytes  8.99 Gbits/sec    0   4.16 MBytes       
[ 12] 570.01-580.01 sec  10.3 GBytes  8.88 Gbits/sec    0   4.16 MBytes       
[ 14] 570.01-580.01 sec  10.2 GBytes  8.72 Gbits/sec    0   4.13 MBytes       
[ 16] 570.01-580.01 sec  10.1 GBytes  8.69 Gbits/sec    0   4.12 MBytes       
[ 18] 570.01-580.01 sec  10.4 GBytes  8.94 Gbits/sec    0   4.11 MBytes       
[ 20] 570.01-580.01 sec  10.5 GBytes  9.02 Gbits/sec    6   4.14 MBytes       
[SUM] 570.01-580.01 sec  82.7 GBytes  71.0 Gbits/sec    7             
- - - - - - - - - - - - - - - - - - - - - - - - -
[  6] 580.01-590.01 sec  10.2 GBytes  8.74 Gbits/sec    0   4.08 MBytes       
[  8] 580.01-590.01 sec  10.1 GBytes  8.64 Gbits/sec    0   4.15 MBytes       
[ 10] 580.01-590.01 sec  10.1 GBytes  8.70 Gbits/sec    0   4.16 MBytes       
[ 12] 580.01-590.01 sec  10.2 GBytes  8.78 Gbits/sec    0   4.16 MBytes       
[ 14] 580.01-590.01 sec  10.2 GBytes  8.79 Gbits/sec    0   4.13 MBytes       
[ 16] 580.01-590.01 sec  10.1 GBytes  8.68 Gbits/sec    1   4.12 MBytes       
[ 18] 580.01-590.01 sec  10.3 GBytes  8.85 Gbits/sec    0   4.11 MBytes       
[ 20] 580.01-590.01 sec  10.4 GBytes  8.94 Gbits/sec    0   4.14 MBytes       
[SUM] 580.01-590.01 sec  81.6 GBytes  70.1 Gbits/sec    1             
- - - - - - - - - - - - - - - - - - - - - - - - -
[  6] 590.01-600.01 sec  10.2 GBytes  8.75 Gbits/sec    0   4.08 MBytes       
[  8] 590.01-600.01 sec  10.3 GBytes  8.86 Gbits/sec    0   4.15 MBytes       
[ 10] 590.01-600.01 sec  10.0 GBytes  8.61 Gbits/sec    0   4.16 MBytes       
[ 12] 590.01-600.01 sec  10.2 GBytes  8.73 Gbits/sec    0   4.16 MBytes       
[ 14] 590.01-600.01 sec  10.1 GBytes  8.68 Gbits/sec    0   4.13 MBytes       
[ 16] 590.01-600.01 sec  10.1 GBytes  8.68 Gbits/sec    1   4.12 MBytes       
[ 18] 590.01-600.01 sec  10.3 GBytes  8.86 Gbits/sec    0   4.11 MBytes       
[ 20] 590.01-600.01 sec  10.3 GBytes  8.81 Gbits/sec    0   4.14 MBytes       
[SUM] 590.01-600.01 sec  81.5 GBytes  70.0 Gbits/sec    1             
- - - - - - - - - - - - - - - - - - - - - - - - -
[  6] 600.01-610.01 sec  10.1 GBytes  8.70 Gbits/sec    0   4.08 MBytes       
[  8] 600.01-610.01 sec  10.1 GBytes  8.69 Gbits/sec    1   4.15 MBytes       
[ 10] 600.01-610.01 sec  10.2 GBytes  8.75 Gbits/sec    0   4.16 MBytes       
[ 12] 600.01-610.01 sec  10.1 GBytes  8.69 Gbits/sec    0   4.16 MBytes       
[ 14] 600.01-610.01 sec  10.1 GBytes  8.64 Gbits/sec    0   4.13 MBytes       
[ 16] 600.01-610.01 sec  10.3 GBytes  8.82 Gbits/sec    0   4.12 MBytes       
[ 18] 600.01-610.01 sec  10.4 GBytes  8.92 Gbits/sec    0   4.11 MBytes       
[ 20] 600.01-610.01 sec  10.3 GBytes  8.84 Gbits/sec    0   4.14 MBytes       
[SUM] 600.01-610.01 sec  81.6 GBytes  70.1 Gbits/sec    1             
- - - - - - - - - - - - - - - - - - - - - - - - -
[  6] 610.01-620.01 sec  10.2 GBytes  8.74 Gbits/sec    0   4.08 MBytes       
[  8] 610.01-620.01 sec  10.1 GBytes  8.68 Gbits/sec    0   4.15 MBytes       
[ 10] 610.01-620.01 sec  10.3 GBytes  8.84 Gbits/sec    0   4.16 MBytes       
[ 12] 610.01-620.01 sec  10.3 GBytes  8.82 Gbits/sec    0   4.16 MBytes       
[ 14] 610.01-620.01 sec  10.3 GBytes  8.82 Gbits/sec    0   4.13 MBytes       
[ 16] 610.01-620.01 sec  10.1 GBytes  8.70 Gbits/sec    0   4.12 MBytes       
[ 18] 610.01-620.01 sec  10.2 GBytes  8.77 Gbits/sec    0   4.11 MBytes       
[ 20] 610.01-620.01 sec  10.1 GBytes  8.70 Gbits/sec    0   4.14 MBytes       
[SUM] 610.01-620.01 sec  81.6 GBytes  70.1 Gbits/sec    0             
- - - - - - - - - - - - - - - - - - - - - - - - -
[  6] 620.01-630.01 sec  10.0 GBytes  8.63 Gbits/sec    1   4.08 MBytes       
[  8] 620.01-630.01 sec  10.3 GBytes  8.83 Gbits/sec    0   4.15 MBytes       
[ 10] 620.01-630.01 sec  10.2 GBytes  8.73 Gbits/sec    0   4.16 MBytes       
[ 12] 620.01-630.01 sec  10.3 GBytes  8.88 Gbits/sec    0   4.16 MBytes       
[ 14] 620.01-630.01 sec  10.1 GBytes  8.71 Gbits/sec    0   4.13 MBytes       
[ 16] 620.01-630.01 sec  10.1 GBytes  8.65 Gbits/sec    0   4.12 MBytes       
[ 18] 620.01-630.01 sec  10.3 GBytes  8.84 Gbits/sec    0   4.11 MBytes       
[ 20] 620.01-630.01 sec  10.3 GBytes  8.88 Gbits/sec    0   4.14 MBytes       
[SUM] 620.01-630.01 sec  81.7 GBytes  70.1 Gbits/sec    1             
- - - - - - - - - - - - - - - - - - - - - - - - -
[  6] 630.01-640.01 sec  10.2 GBytes  8.72 Gbits/sec    0   4.08 MBytes       
[  8] 630.01-640.01 sec  10.2 GBytes  8.80 Gbits/sec    1   4.15 MBytes       
[ 10] 630.01-640.01 sec  10.1 GBytes  8.70 Gbits/sec    0   4.16 MBytes       
[ 12] 630.01-640.01 sec  10.2 GBytes  8.77 Gbits/sec    0   4.16 MBytes       
[ 14] 630.01-640.01 sec  10.2 GBytes  8.76 Gbits/sec    1   4.13 MBytes       
[ 16] 630.01-640.01 sec  10.2 GBytes  8.75 Gbits/sec    0   4.12 MBytes       
[ 18] 630.01-640.01 sec  10.5 GBytes  9.02 Gbits/sec    0   4.11 MBytes       
[ 20] 630.01-640.01 sec  10.3 GBytes  8.86 Gbits/sec    0   4.14 MBytes       
[SUM] 630.01-640.01 sec  81.9 GBytes  70.4 Gbits/sec    2             
- - - - - - - - - - - - - - - - - - - - - - - - -
[  6] 640.01-650.01 sec  10.2 GBytes  8.78 Gbits/sec    0   4.08 MBytes       
[  8] 640.01-650.01 sec  10.2 GBytes  8.80 Gbits/sec    0   4.15 MBytes       
[ 10] 640.01-650.01 sec  10.1 GBytes  8.70 Gbits/sec    0   4.16 MBytes       
[ 12] 640.01-650.01 sec  10.3 GBytes  8.86 Gbits/sec    0   4.16 MBytes       
[ 14] 640.01-650.01 sec  10.1 GBytes  8.67 Gbits/sec    1   4.13 MBytes       
[ 16] 640.01-650.01 sec  10.1 GBytes  8.64 Gbits/sec    0   4.12 MBytes       
[ 18] 640.01-650.01 sec  10.2 GBytes  8.76 Gbits/sec    0   4.11 MBytes       
[ 20] 640.01-650.01 sec  10.3 GBytes  8.82 Gbits/sec    0   4.14 MBytes       
[SUM] 640.01-650.01 sec  81.5 GBytes  70.0 Gbits/sec    1             
- - - - - - - - - - - - - - - - - - - - - - - - -
[  6] 650.01-660.01 sec  10.3 GBytes  8.83 Gbits/sec    1   4.08 MBytes       
[  8] 650.01-660.01 sec  10.3 GBytes  8.88 Gbits/sec    0   4.15 MBytes       
[ 10] 650.01-660.01 sec  10.3 GBytes  8.85 Gbits/sec    0   4.16 MBytes       
[ 12] 650.01-660.01 sec  10.3 GBytes  8.86 Gbits/sec    0   4.16 MBytes       
[ 14] 650.01-660.01 sec  10.2 GBytes  8.76 Gbits/sec    0   4.13 MBytes       
[ 16] 650.01-660.01 sec  10.1 GBytes  8.64 Gbits/sec    0   4.12 MBytes       
[ 18] 650.01-660.01 sec  10.3 GBytes  8.82 Gbits/sec    1   4.11 MBytes       
[ 20] 650.01-660.01 sec  10.3 GBytes  8.88 Gbits/sec    0   4.14 MBytes       
[SUM] 650.01-660.01 sec  82.1 GBytes  70.5 Gbits/sec    2             
- - - - - - - - - - - - - - - - - - - - - - - - -
[  6] 660.01-670.01 sec  10.2 GBytes  8.72 Gbits/sec    0   4.08 MBytes       
[  8] 660.01-670.01 sec  10.3 GBytes  8.81 Gbits/sec    0   4.15 MBytes       
[ 10] 660.01-670.01 sec  10.2 GBytes  8.80 Gbits/sec    0   4.16 MBytes       
[ 12] 660.01-670.01 sec  10.2 GBytes  8.72 Gbits/sec    0   4.16 MBytes       
[ 14] 660.01-670.01 sec  10.1 GBytes  8.68 Gbits/sec    1   4.13 MBytes       
[ 16] 660.01-670.01 sec  10.1 GBytes  8.64 Gbits/sec    0   4.12 MBytes       
[ 18] 660.01-670.01 sec  10.4 GBytes  8.94 Gbits/sec    0   4.11 MBytes       
[ 20] 660.01-670.01 sec  10.1 GBytes  8.70 Gbits/sec    0   4.14 MBytes       
[SUM] 660.01-670.01 sec  81.5 GBytes  70.0 Gbits/sec    1             
- - - - - - - - - - - - - - - - - - - - - - - - -
[  6] 670.01-680.01 sec  10.0 GBytes  8.62 Gbits/sec    0   4.08 MBytes       
[  8] 670.01-680.01 sec  10.2 GBytes  8.79 Gbits/sec    0   4.15 MBytes       
[ 10] 670.01-680.01 sec  10.2 GBytes  8.72 Gbits/sec    0   4.16 MBytes       
[ 12] 670.01-680.01 sec  10.3 GBytes  8.81 Gbits/sec    0   4.16 MBytes       
[ 14] 670.01-680.01 sec  10.1 GBytes  8.64 Gbits/sec    1   4.13 MBytes       
[ 16] 670.01-680.01 sec  10.1 GBytes  8.66 Gbits/sec    0   4.12 MBytes       
[ 18] 670.01-680.01 sec  10.4 GBytes  8.94 Gbits/sec    0   4.11 MBytes       
[ 20] 670.01-680.01 sec  10.3 GBytes  8.86 Gbits/sec    0   4.14 MBytes       
[SUM] 670.01-680.01 sec  81.6 GBytes  70.1 Gbits/sec    1             
- - - - - - - - - - - - - - - - - - - - - - - - -
[  6] 680.01-690.00 sec  10.2 GBytes  8.81 Gbits/sec    0   4.08 MBytes       
[  8] 680.01-690.00 sec  10.4 GBytes  8.90 Gbits/sec    0   4.15 MBytes       
[ 10] 680.01-690.00 sec  10.2 GBytes  8.78 Gbits/sec    0   4.16 MBytes       
[ 12] 680.01-690.00 sec  10.4 GBytes  8.93 Gbits/sec    1   4.16 MBytes       
[ 14] 680.01-690.00 sec  10.1 GBytes  8.70 Gbits/sec    0   4.13 MBytes       
[ 16] 680.01-690.00 sec  10.2 GBytes  8.74 Gbits/sec    0   4.12 MBytes       
[ 18] 680.01-690.00 sec  10.5 GBytes  8.99 Gbits/sec    0   4.11 MBytes       
[ 20] 680.01-690.00 sec  10.4 GBytes  8.93 Gbits/sec    0   4.14 MBytes       
[SUM] 680.01-690.00 sec  82.3 GBytes  70.8 Gbits/sec    1             
- - - - - - - - - - - - - - - - - - - - - - - - -
[  6] 690.00-700.01 sec  10.3 GBytes  8.82 Gbits/sec    0   4.08 MBytes       
[  8] 690.00-700.01 sec  10.4 GBytes  8.95 Gbits/sec    0   4.15 MBytes       
[ 10] 690.00-700.01 sec  10.3 GBytes  8.85 Gbits/sec    0   4.16 MBytes       
[ 12] 690.00-700.01 sec  10.4 GBytes  8.89 Gbits/sec    0   4.16 MBytes       
[ 14] 690.00-700.01 sec  10.1 GBytes  8.67 Gbits/sec    0   4.13 MBytes       
[ 16] 690.00-700.01 sec  10.2 GBytes  8.72 Gbits/sec    0   4.12 MBytes       
[ 18] 690.00-700.01 sec  10.6 GBytes  9.13 Gbits/sec    1   4.11 MBytes       
[ 20] 690.00-700.01 sec  10.4 GBytes  8.93 Gbits/sec    0   4.14 MBytes       
[SUM] 690.00-700.01 sec  82.7 GBytes  71.0 Gbits/sec    1             
- - - - - - - - - - - - - - - - - - - - - - - - -
[  6] 700.01-710.01 sec  10.2 GBytes  8.80 Gbits/sec    0   4.08 MBytes       
[  8] 700.01-710.01 sec  10.4 GBytes  8.90 Gbits/sec    0   4.15 MBytes       
[ 10] 700.01-710.01 sec  10.3 GBytes  8.82 Gbits/sec    0   4.16 MBytes       
[ 12] 700.01-710.01 sec  10.2 GBytes  8.80 Gbits/sec    1   4.16 MBytes       
[ 14] 700.01-710.01 sec  10.2 GBytes  8.73 Gbits/sec    0   4.13 MBytes       
[ 16] 700.01-710.01 sec  10.4 GBytes  8.95 Gbits/sec    0   4.12 MBytes       
[ 18] 700.01-710.01 sec  10.3 GBytes  8.84 Gbits/sec    0   4.11 MBytes       
[ 20] 700.01-710.01 sec  10.3 GBytes  8.84 Gbits/sec    1   4.14 MBytes       
[SUM] 700.01-710.01 sec  82.3 GBytes  70.7 Gbits/sec    2             
- - - - - - - - - - - - - - - - - - - - - - - - -
[  6] 710.01-720.01 sec  10.2 GBytes  8.74 Gbits/sec    0   4.08 MBytes       
[  8] 710.01-720.01 sec  10.2 GBytes  8.80 Gbits/sec    0   4.15 MBytes       
[ 10] 710.01-720.01 sec  10.3 GBytes  8.81 Gbits/sec    0   4.16 MBytes       
[ 12] 710.01-720.01 sec  10.3 GBytes  8.84 Gbits/sec    1   4.16 MBytes       
[ 14] 710.01-720.01 sec  10.0 GBytes  8.61 Gbits/sec    0   4.13 MBytes       
[ 16] 710.01-720.01 sec  10.1 GBytes  8.68 Gbits/sec    1   4.12 MBytes       
[ 18] 710.01-720.01 sec  10.3 GBytes  8.86 Gbits/sec    0   4.11 MBytes       
[ 20] 710.01-720.01 sec  10.3 GBytes  8.82 Gbits/sec    0   4.14 MBytes       
[SUM] 710.01-720.01 sec  81.7 GBytes  70.2 Gbits/sec    2             
- - - - - - - - - - - - - - - - - - - - - - - - -
[  6] 720.01-730.01 sec  10.3 GBytes  8.84 Gbits/sec    0   4.08 MBytes       
[  8] 720.01-730.01 sec  10.3 GBytes  8.86 Gbits/sec    1   4.15 MBytes       
[ 10] 720.01-730.01 sec  9.91 GBytes  8.51 Gbits/sec    0   4.16 MBytes       
[ 12] 720.01-730.01 sec  10.3 GBytes  8.83 Gbits/sec    0   4.16 MBytes       
[ 14] 720.01-730.01 sec  10.1 GBytes  8.64 Gbits/sec    0   4.13 MBytes       
[ 16] 720.01-730.02 sec  10.3 GBytes  8.85 Gbits/sec    0   4.12 MBytes       
[ 18] 720.01-730.02 sec  10.3 GBytes  8.88 Gbits/sec    0   4.11 MBytes       
[ 20] 720.01-730.02 sec  10.3 GBytes  8.86 Gbits/sec    0   4.14 MBytes       
[SUM] 720.01-730.01 sec  81.8 GBytes  70.3 Gbits/sec    1             
- - - - - - - - - - - - - - - - - - - - - - - - -
[  6] 730.01-740.01 sec  10.1 GBytes  8.67 Gbits/sec    1   4.08 MBytes       
[  8] 730.01-740.01 sec  10.3 GBytes  8.82 Gbits/sec    0   4.15 MBytes       
[ 10] 730.01-740.01 sec  10.3 GBytes  8.85 Gbits/sec    0   4.16 MBytes       
[ 12] 730.01-740.01 sec  10.2 GBytes  8.77 Gbits/sec    0   4.16 MBytes       
[ 14] 730.01-740.01 sec  10.1 GBytes  8.66 Gbits/sec    0   4.13 MBytes       
[ 16] 730.02-740.01 sec  10.1 GBytes  8.71 Gbits/sec    0   4.12 MBytes       
[ 18] 730.02-740.01 sec  10.2 GBytes  8.79 Gbits/sec    0   4.11 MBytes       
[ 20] 730.02-740.01 sec  10.2 GBytes  8.78 Gbits/sec    0   4.14 MBytes       
[SUM] 730.01-740.01 sec  81.5 GBytes  70.0 Gbits/sec    1             
- - - - - - - - - - - - - - - - - - - - - - - - -
[  6] 740.01-750.01 sec  10.2 GBytes  8.76 Gbits/sec    0   4.08 MBytes       
[  8] 740.01-750.01 sec  10.4 GBytes  8.90 Gbits/sec    1   4.15 MBytes       
[ 10] 740.01-750.01 sec  10.4 GBytes  8.95 Gbits/sec    0   4.16 MBytes       
[ 12] 740.01-750.01 sec  10.5 GBytes  9.00 Gbits/sec    0   4.16 MBytes       
[ 14] 740.01-750.01 sec  10.2 GBytes  8.77 Gbits/sec    0   4.13 MBytes       
[ 16] 740.01-750.01 sec  10.4 GBytes  8.93 Gbits/sec    0   4.12 MBytes       
[ 18] 740.01-750.01 sec  10.4 GBytes  8.92 Gbits/sec    0   4.11 MBytes       
[ 20] 740.01-750.01 sec  10.5 GBytes  8.98 Gbits/sec    0   4.14 MBytes       
[SUM] 740.01-750.01 sec  82.9 GBytes  71.2 Gbits/sec    1             
- - - - - - - - - - - - - - - - - - - - - - - - -
[  6] 750.01-760.01 sec  10.3 GBytes  8.83 Gbits/sec    0   4.08 MBytes       
[  8] 750.01-760.01 sec  10.2 GBytes  8.80 Gbits/sec    0   4.15 MBytes       
[ 10] 750.01-760.01 sec  10.3 GBytes  8.84 Gbits/sec    0   4.16 MBytes       
[ 12] 750.01-760.01 sec  10.6 GBytes  9.08 Gbits/sec    0   4.16 MBytes       
[ 14] 750.01-760.01 sec  10.1 GBytes  8.70 Gbits/sec    0   4.13 MBytes       
[ 16] 750.01-760.01 sec  10.1 GBytes  8.70 Gbits/sec    0   4.12 MBytes       
[ 18] 750.01-760.01 sec  10.4 GBytes  8.91 Gbits/sec    0   4.11 MBytes       
[ 20] 750.01-760.01 sec  10.5 GBytes  9.00 Gbits/sec    0   4.14 MBytes       
[SUM] 750.01-760.01 sec  82.5 GBytes  70.9 Gbits/sec    0             
- - - - - - - - - - - - - - - - - - - - - - - - -
[  6] 760.01-770.01 sec  10.3 GBytes  8.81 Gbits/sec    0   4.08 MBytes       
[  8] 760.01-770.01 sec  10.2 GBytes  8.80 Gbits/sec    0   4.15 MBytes       
[ 10] 760.01-770.01 sec  10.4 GBytes  8.89 Gbits/sec    1   4.16 MBytes       
[ 12] 760.01-770.01 sec  10.6 GBytes  9.07 Gbits/sec    1   4.16 MBytes       
[ 14] 760.01-770.01 sec  10.3 GBytes  8.85 Gbits/sec    0   4.13 MBytes       
[ 16] 760.01-770.01 sec  10.2 GBytes  8.72 Gbits/sec    0   4.12 MBytes       
[ 18] 760.01-770.01 sec  10.4 GBytes  8.95 Gbits/sec    0   4.11 MBytes       
[ 20] 760.01-770.02 sec  10.2 GBytes  8.78 Gbits/sec    0   4.14 MBytes       
[SUM] 760.01-770.01 sec  82.5 GBytes  70.9 Gbits/sec    2             
- - - - - - - - - - - - - - - - - - - - - - - - -
[  6] 770.01-780.01 sec  10.4 GBytes  8.98 Gbits/sec    0   4.08 MBytes       
[  8] 770.01-780.01 sec  10.3 GBytes  8.83 Gbits/sec    0   4.15 MBytes       
[ 10] 770.01-780.01 sec  10.3 GBytes  8.81 Gbits/sec    0   4.16 MBytes       
[ 12] 770.01-780.01 sec  10.4 GBytes  8.95 Gbits/sec    0   4.16 MBytes       
[ 14] 770.01-780.01 sec  10.1 GBytes  8.67 Gbits/sec    1   4.13 MBytes       
[ 16] 770.01-780.01 sec  10.5 GBytes  8.99 Gbits/sec    0   4.12 MBytes       
[ 18] 770.01-780.01 sec  10.3 GBytes  8.83 Gbits/sec    0   4.11 MBytes       
[ 20] 770.02-780.01 sec  10.4 GBytes  8.92 Gbits/sec    0   4.14 MBytes       
[SUM] 770.01-780.01 sec  82.6 GBytes  71.0 Gbits/sec    1             
- - - - - - - - - - - - - - - - - - - - - - - - -
[  6] 780.01-790.01 sec  10.1 GBytes  8.67 Gbits/sec    0   4.08 MBytes       
[  8] 780.01-790.01 sec  10.3 GBytes  8.89 Gbits/sec    0   4.15 MBytes       
[ 10] 780.01-790.01 sec  10.2 GBytes  8.75 Gbits/sec    0   4.16 MBytes       
[ 12] 780.01-790.01 sec  10.3 GBytes  8.83 Gbits/sec    0   4.16 MBytes       
[ 14] 780.01-790.01 sec  10.0 GBytes  8.62 Gbits/sec    0   4.13 MBytes       
[ 16] 780.01-790.02 sec  10.4 GBytes  8.93 Gbits/sec    0   4.12 MBytes       
[ 18] 780.01-790.02 sec  10.4 GBytes  8.96 Gbits/sec    0   4.11 MBytes       
[ 20] 780.01-790.02 sec  10.1 GBytes  8.71 Gbits/sec    0   4.14 MBytes       
[SUM] 780.01-790.01 sec  81.9 GBytes  70.4 Gbits/sec    0             
- - - - - - - - - - - - - - - - - - - - - - - - -
[  6] 790.01-800.01 sec  10.2 GBytes  8.73 Gbits/sec    0   4.08 MBytes       
[  8] 790.01-800.01 sec  10.4 GBytes  8.92 Gbits/sec    0   4.15 MBytes       
[ 10] 790.01-800.01 sec  10.3 GBytes  8.84 Gbits/sec    1   4.16 MBytes       
[ 12] 790.01-800.01 sec  10.3 GBytes  8.88 Gbits/sec    0   4.16 MBytes       
[ 14] 790.01-800.01 sec  10.2 GBytes  8.76 Gbits/sec    0   4.13 MBytes       
[ 16] 790.02-800.01 sec  10.5 GBytes  9.02 Gbits/sec    0   4.12 MBytes       
[ 18] 790.02-800.01 sec  10.5 GBytes  8.98 Gbits/sec    0   4.11 MBytes       
[ 20] 790.02-800.01 sec  10.4 GBytes  8.95 Gbits/sec    0   4.14 MBytes       
[SUM] 790.01-800.01 sec  82.7 GBytes  71.1 Gbits/sec    1             
- - - - - - - - - - - - - - - - - - - - - - - - -
[  6] 800.01-810.01 sec  10.2 GBytes  8.80 Gbits/sec    0   4.08 MBytes       
[  8] 800.01-810.01 sec  10.3 GBytes  8.86 Gbits/sec    1   4.15 MBytes       
[ 10] 800.01-810.01 sec  10.2 GBytes  8.77 Gbits/sec    0   4.16 MBytes       
[ 12] 800.01-810.01 sec  10.4 GBytes  8.98 Gbits/sec    0   4.16 MBytes       
[ 14] 800.01-810.01 sec  10.1 GBytes  8.64 Gbits/sec    0   4.13 MBytes       
[ 16] 800.01-810.01 sec  10.2 GBytes  8.75 Gbits/sec    0   4.12 MBytes       
[ 18] 800.01-810.01 sec  10.4 GBytes  8.92 Gbits/sec    0   4.11 MBytes       
[ 20] 800.01-810.01 sec  10.4 GBytes  8.93 Gbits/sec    0   4.14 MBytes       
[SUM] 800.01-810.01 sec  82.2 GBytes  70.6 Gbits/sec    1             
- - - - - - - - - - - - - - - - - - - - - - - - -
[  6] 810.01-820.01 sec  10.2 GBytes  8.79 Gbits/sec    0   4.08 MBytes       
[  8] 810.01-820.01 sec  10.2 GBytes  8.77 Gbits/sec    0   4.15 MBytes       
[ 10] 810.01-820.01 sec  10.2 GBytes  8.79 Gbits/sec    0   4.16 MBytes       
[ 12] 810.01-820.01 sec  10.4 GBytes  8.91 Gbits/sec    0   4.16 MBytes       
[ 14] 810.01-820.01 sec  10.1 GBytes  8.67 Gbits/sec    0   4.13 MBytes       
[ 16] 810.01-820.01 sec  10.4 GBytes  8.90 Gbits/sec    1   4.12 MBytes       
[ 18] 810.01-820.01 sec  10.3 GBytes  8.84 Gbits/sec    0   4.11 MBytes       
[ 20] 810.01-820.01 sec  10.3 GBytes  8.84 Gbits/sec    0   4.14 MBytes       
[SUM] 810.01-820.01 sec  82.1 GBytes  70.5 Gbits/sec    1             
- - - - - - - - - - - - - - - - - - - - - - - - -
[  6] 820.01-830.01 sec  10.5 GBytes  9.01 Gbits/sec    0   4.08 MBytes       
[  8] 820.01-830.01 sec  10.4 GBytes  8.97 Gbits/sec    1   4.15 MBytes       
[ 10] 820.01-830.01 sec  10.3 GBytes  8.84 Gbits/sec    0   4.16 MBytes       
[ 12] 820.01-830.01 sec  10.3 GBytes  8.85 Gbits/sec    0   4.16 MBytes       
[ 14] 820.01-830.01 sec  10.2 GBytes  8.80 Gbits/sec    0   4.13 MBytes       
[ 16] 820.01-830.01 sec  10.3 GBytes  8.88 Gbits/sec    0   4.12 MBytes       
[ 18] 820.01-830.01 sec  10.3 GBytes  8.84 Gbits/sec    0   4.11 MBytes       
[ 20] 820.01-830.01 sec  10.7 GBytes  9.18 Gbits/sec    0   4.14 MBytes       
[SUM] 820.01-830.01 sec  83.1 GBytes  71.4 Gbits/sec    1             
- - - - - - - - - - - - - - - - - - - - - - - - -
[  6] 830.01-840.01 sec  10.1 GBytes  8.71 Gbits/sec    0   4.08 MBytes       
[  8] 830.01-840.01 sec  10.3 GBytes  8.87 Gbits/sec    0   4.15 MBytes       
[ 10] 830.01-840.01 sec  10.1 GBytes  8.71 Gbits/sec    2   4.16 MBytes       
[ 12] 830.01-840.01 sec  10.2 GBytes  8.79 Gbits/sec    1   4.16 MBytes       
[ 14] 830.01-840.01 sec  10.2 GBytes  8.74 Gbits/sec    1   4.13 MBytes       
[ 16] 830.01-840.01 sec  10.2 GBytes  8.76 Gbits/sec    1   4.12 MBytes       
[ 18] 830.01-840.01 sec  10.4 GBytes  8.91 Gbits/sec    0   4.11 MBytes       
[ 20] 830.01-840.01 sec  10.3 GBytes  8.87 Gbits/sec    0   4.14 MBytes       
[SUM] 830.01-840.01 sec  81.9 GBytes  70.4 Gbits/sec    5             
- - - - - - - - - - - - - - - - - - - - - - - - -
[  6] 840.01-850.01 sec  10.0 GBytes  8.62 Gbits/sec    0   4.08 MBytes       
[  8] 840.01-850.01 sec  10.2 GBytes  8.79 Gbits/sec    0   4.15 MBytes       
[ 10] 840.01-850.01 sec  10.2 GBytes  8.73 Gbits/sec    1   4.16 MBytes       
[ 12] 840.01-850.01 sec  10.2 GBytes  8.74 Gbits/sec    0   4.16 MBytes       
[ 14] 840.01-850.01 sec  10.2 GBytes  8.73 Gbits/sec    0   4.13 MBytes       
[ 16] 840.01-850.01 sec  10.3 GBytes  8.83 Gbits/sec    0   4.12 MBytes       
[ 18] 840.01-850.02 sec  10.1 GBytes  8.65 Gbits/sec    0   4.11 MBytes       
[ 20] 840.01-850.02 sec  10.3 GBytes  8.88 Gbits/sec    1   4.14 MBytes       
[SUM] 840.01-850.01 sec  81.5 GBytes  70.0 Gbits/sec    2             
- - - - - - - - - - - - - - - - - - - - - - - - -
[  6] 850.01-860.01 sec  10.3 GBytes  8.87 Gbits/sec    0   4.08 MBytes       
[  8] 850.01-860.01 sec  10.5 GBytes  9.01 Gbits/sec    0   4.15 MBytes       
[ 10] 850.01-860.01 sec  10.3 GBytes  8.82 Gbits/sec    1   4.16 MBytes       
[ 12] 850.01-860.01 sec  10.4 GBytes  8.90 Gbits/sec    0   4.16 MBytes       
[ 14] 850.01-860.01 sec  10.4 GBytes  8.93 Gbits/sec    0   4.13 MBytes       
[ 16] 850.01-860.01 sec  10.3 GBytes  8.82 Gbits/sec    0   4.12 MBytes       
[ 18] 850.02-860.01 sec  10.5 GBytes  9.06 Gbits/sec    0   4.11 MBytes       
[ 20] 850.02-860.01 sec  10.4 GBytes  8.92 Gbits/sec    0   4.14 MBytes       
[SUM] 850.01-860.01 sec  83.0 GBytes  71.3 Gbits/sec    1             
- - - - - - - - - - - - - - - - - - - - - - - - -
[  6] 860.01-870.01 sec  10.3 GBytes  8.84 Gbits/sec    0   4.08 MBytes       
[  8] 860.01-870.01 sec  10.1 GBytes  8.69 Gbits/sec    0   4.15 MBytes       
[ 10] 860.01-870.01 sec  10.3 GBytes  8.83 Gbits/sec    0   4.16 MBytes       
[ 12] 860.01-870.01 sec  10.3 GBytes  8.87 Gbits/sec    0   4.16 MBytes       
[ 14] 860.01-870.01 sec  10.0 GBytes  8.60 Gbits/sec    0   4.13 MBytes       
[ 16] 860.01-870.01 sec  10.4 GBytes  8.96 Gbits/sec    0   4.12 MBytes       
[ 18] 860.01-870.01 sec  10.4 GBytes  8.95 Gbits/sec    0   4.11 MBytes       
[ 20] 860.01-870.01 sec  10.4 GBytes  8.92 Gbits/sec    0   4.14 MBytes       
[SUM] 860.01-870.01 sec  82.3 GBytes  70.7 Gbits/sec    0             
- - - - - - - - - - - - - - - - - - - - - - - - -
[  6] 870.01-880.01 sec  10.4 GBytes  8.94 Gbits/sec    0   4.08 MBytes       
[  8] 870.01-880.01 sec  10.3 GBytes  8.81 Gbits/sec    0   4.15 MBytes       
[ 10] 870.01-880.01 sec  10.2 GBytes  8.80 Gbits/sec    0   4.16 MBytes       
[ 12] 870.01-880.01 sec  10.3 GBytes  8.86 Gbits/sec    0   4.16 MBytes       
[ 14] 870.01-880.01 sec  10.1 GBytes  8.71 Gbits/sec    0   4.13 MBytes       
[ 16] 870.01-880.01 sec  10.3 GBytes  8.82 Gbits/sec    0   4.12 MBytes       
[ 18] 870.01-880.01 sec  10.5 GBytes  9.04 Gbits/sec    0   4.11 MBytes       
[ 20] 870.01-880.01 sec  10.3 GBytes  8.82 Gbits/sec    0   4.14 MBytes       
[SUM] 870.01-880.01 sec  82.4 GBytes  70.8 Gbits/sec    0             
- - - - - - - - - - - - - - - - - - - - - - - - -
[  6] 880.01-890.01 sec  10.3 GBytes  8.82 Gbits/sec    1   4.08 MBytes       
[  8] 880.01-890.01 sec  10.4 GBytes  8.91 Gbits/sec    0   4.15 MBytes       
[ 10] 880.01-890.01 sec  10.4 GBytes  8.95 Gbits/sec    0   4.16 MBytes       
[ 12] 880.01-890.01 sec  10.5 GBytes  8.99 Gbits/sec    0   4.16 MBytes       
[ 14] 880.01-890.01 sec  10.0 GBytes  8.61 Gbits/sec    1   4.13 MBytes       
[ 16] 880.01-890.01 sec  10.3 GBytes  8.83 Gbits/sec    0   4.12 MBytes       
[ 18] 880.01-890.01 sec  10.5 GBytes  8.99 Gbits/sec    0   4.11 MBytes       
[ 20] 880.01-890.01 sec  10.5 GBytes  9.01 Gbits/sec    0   4.14 MBytes       
[SUM] 880.01-890.01 sec  82.8 GBytes  71.1 Gbits/sec    2             
- - - - - - - - - - - - - - - - - - - - - - - - -
[  6] 890.01-900.01 sec  10.3 GBytes  8.88 Gbits/sec    0   4.08 MBytes       
[  8] 890.01-900.01 sec  10.0 GBytes  8.61 Gbits/sec    0   4.15 MBytes       
[ 10] 890.01-900.01 sec  10.3 GBytes  8.82 Gbits/sec    0   4.16 MBytes       
[ 12] 890.01-900.01 sec  10.2 GBytes  8.79 Gbits/sec    1   4.16 MBytes       
[ 14] 890.01-900.01 sec  9.88 GBytes  8.49 Gbits/sec    0   4.13 MBytes       
[ 16] 890.01-900.01 sec  10.2 GBytes  8.76 Gbits/sec    0   4.12 MBytes       
[ 18] 890.01-900.01 sec  10.2 GBytes  8.72 Gbits/sec    0   4.11 MBytes       
[ 20] 890.01-900.01 sec  10.2 GBytes  8.75 Gbits/sec    0   4.14 MBytes       
[SUM] 890.01-900.01 sec  81.3 GBytes  69.8 Gbits/sec    1             
- - - - - - - - - - - - - - - - - - - - - - - - -
[ ID] Interval           Transfer     Bitrate         Retr
[  6]   0.00-900.01 sec   890 GBytes  8.49 Gbits/sec   15             sender
[  6]   0.00-900.01 sec   890 GBytes  8.49 Gbits/sec                  receiver
[  8]   0.00-900.01 sec   893 GBytes  8.53 Gbits/sec   22             sender
[  8]   0.00-900.01 sec   893 GBytes  8.53 Gbits/sec                  receiver
[ 10]   0.00-900.01 sec   890 GBytes  8.49 Gbits/sec   16             sender
[ 10]   0.00-900.01 sec   890 GBytes  8.49 Gbits/sec                  receiver
[ 12]   0.00-900.01 sec   900 GBytes  8.59 Gbits/sec   20             sender
[ 12]   0.00-900.01 sec   900 GBytes  8.59 Gbits/sec                  receiver
[ 14]   0.00-900.01 sec   882 GBytes  8.41 Gbits/sec   18             sender
[ 14]   0.00-900.01 sec   882 GBytes  8.41 Gbits/sec                  receiver
[ 16]   0.00-900.01 sec   889 GBytes  8.49 Gbits/sec   14             sender
[ 16]   0.00-900.01 sec   889 GBytes  8.49 Gbits/sec                  receiver
[ 18]   0.00-900.01 sec   903 GBytes  8.62 Gbits/sec   16             sender
[ 18]   0.00-900.01 sec   903 GBytes  8.62 Gbits/sec                  receiver
[ 20]   0.00-900.01 sec   888 GBytes  8.47 Gbits/sec  708             sender
[ 20]   0.00-900.01 sec   888 GBytes  8.47 Gbits/sec                  receiver
[SUM]   0.00-900.01 sec  6.97 TBytes  68.1 Gbits/sec  829             sender
[SUM]   0.00-900.01 sec  6.97 TBytes  68.1 Gbits/sec                  receiver

iperf Done.
