Connecting to host 10.0.0.1, port 5202
[  6] local 10.0.0.2 port 40788 connected to 10.0.0.1 port 5202
[  8] local 10.0.0.2 port 40796 connected to 10.0.0.1 port 5202
[ 10] local 10.0.0.2 port 40812 connected to 10.0.0.1 port 5202
[ 12] local 10.0.0.2 port 40824 connected to 10.0.0.1 port 5202
[ 14] local 10.0.0.2 port 40836 connected to 10.0.0.1 port 5202
[ 16] local 10.0.0.2 port 40852 connected to 10.0.0.1 port 5202
[ 18] local 10.0.0.2 port 40856 connected to 10.0.0.1 port 5202
[ 20] local 10.0.0.2 port 40872 connected to 10.0.0.1 port 5202
[ ID] Interval           Transfer     Bitrate         Retr  Cwnd
[  6]   0.00-10.01  sec  1.87 GBytes  1.61 Gbits/sec    1   4.17 MBytes       
[  8]   0.00-10.01  sec  1.76 GBytes  1.51 Gbits/sec    2   4.12 MBytes       
[ 10]   0.00-10.01  sec  1.77 GBytes  1.52 Gbits/sec    0   4.12 MBytes       
[ 12]   0.00-10.01  sec  1.82 GBytes  1.56 Gbits/sec    0   4.11 MBytes       
[ 14]   0.00-10.01  sec  1.82 GBytes  1.56 Gbits/sec    0   4.13 MBytes       
[ 16]   0.00-10.01  sec  1.82 GBytes  1.56 Gbits/sec    3   4.15 MBytes       
[ 18]   0.00-10.01  sec  1.73 GBytes  1.48 Gbits/sec    2   4.18 MBytes       
[ 20]   0.00-10.01  sec  1.85 GBytes  1.59 Gbits/sec    0   4.13 MBytes       
[SUM]   0.00-10.01  sec  14.4 GBytes  12.4 Gbits/sec    8             
- - - - - - - - - - - - - - - - - - - - - - - - -
[  6]  10.01-20.01  sec  1.91 GBytes  1.64 Gbits/sec    0   4.17 MBytes       
[  8]  10.01-20.01  sec  2.05 GBytes  1.76 Gbits/sec    0   4.12 MBytes       
[ 10]  10.01-20.01  sec  1.96 GBytes  1.68 Gbits/sec    0   4.12 MBytes       
[ 12]  10.01-20.01  sec  1.90 GBytes  1.64 Gbits/sec    0   4.11 MBytes       
[ 14]  10.01-20.01  sec  2.03 GBytes  1.74 Gbits/sec    1   4.13 MBytes       
[ 16]  10.01-20.01  sec  2.11 GBytes  1.81 Gbits/sec    0   4.15 MBytes       
[ 18]  10.01-20.01  sec  1.95 GBytes  1.68 Gbits/sec    0   4.18 MBytes       
[ 20]  10.01-20.01  sec  2.07 GBytes  1.77 Gbits/sec    0   4.13 MBytes       
[SUM]  10.01-20.01  sec  16.0 GBytes  13.7 Gbits/sec    1             
- - - - - - - - - - - - - - - - - - - - - - - - -
[  6]  20.01-30.01  sec  1.94 GBytes  1.66 Gbits/sec    0   4.17 MBytes       
[  8]  20.01-30.01  sec  1.90 GBytes  1.64 Gbits/sec    0   4.12 MBytes       
[ 10]  20.01-30.01  sec  1.92 GBytes  1.65 Gbits/sec    0   4.12 MBytes       
[ 12]  20.01-30.01  sec  1.95 GBytes  1.67 Gbits/sec    0   4.11 MBytes       
[ 14]  20.01-30.01  sec  2.10 GBytes  1.81 Gbits/sec    0   4.13 MBytes       
[ 16]  20.01-30.01  sec  1.90 GBytes  1.64 Gbits/sec    1   4.15 MBytes       
[ 18]  20.01-30.01  sec  1.88 GBytes  1.62 Gbits/sec    0   4.18 MBytes       
[ 20]  20.01-30.01  sec  2.07 GBytes  1.78 Gbits/sec    0   4.13 MBytes       
[SUM]  20.01-30.01  sec  15.7 GBytes  13.5 Gbits/sec    1             
- - - - - - - - - - - - - - - - - - - - - - - - -
[  6]  30.01-40.01  sec  2.00 GBytes  1.72 Gbits/sec    0   4.17 MBytes       
[  8]  30.01-40.01  sec  1.82 GBytes  1.57 Gbits/sec    0   4.12 MBytes       
[ 10]  30.01-40.01  sec  2.23 GBytes  1.91 Gbits/sec    0   4.12 MBytes       
[ 12]  30.01-40.01  sec  1.92 GBytes  1.65 Gbits/sec    0   4.11 MBytes       
[ 14]  30.01-40.01  sec  1.91 GBytes  1.64 Gbits/sec    0   4.13 MBytes       
[ 16]  30.01-40.01  sec  1.88 GBytes  1.61 Gbits/sec    0   4.15 MBytes       
[ 18]  30.01-40.01  sec  2.11 GBytes  1.81 Gbits/sec    1   4.18 MBytes       
[ 20]  30.01-40.01  sec  2.01 GBytes  1.73 Gbits/sec    0   4.13 MBytes       
[SUM]  30.01-40.01  sec  15.9 GBytes  13.6 Gbits/sec    1             
- - - - - - - - - - - - - - - - - - - - - - - - -
[  6]  40.01-50.01  sec  1.99 GBytes  1.71 Gbits/sec    0   4.17 MBytes       
[  8]  40.01-50.01  sec  1.96 GBytes  1.69 Gbits/sec    0   4.12 MBytes       
[ 10]  40.01-50.01  sec  2.10 GBytes  1.80 Gbits/sec    0   4.12 MBytes       
[ 12]  40.01-50.01  sec  2.04 GBytes  1.75 Gbits/sec    0   4.11 MBytes       
[ 14]  40.01-50.01  sec  2.14 GBytes  1.84 Gbits/sec    0   4.13 MBytes       
[ 16]  40.01-50.01  sec  1.99 GBytes  1.71 Gbits/sec    0   4.15 MBytes       
[ 18]  40.01-50.01  sec  2.00 GBytes  1.72 Gbits/sec    0   4.18 MBytes       
[ 20]  40.01-50.01  sec  1.94 GBytes  1.67 Gbits/sec    1   4.13 MBytes       
[SUM]  40.01-50.01  sec  16.2 GBytes  13.9 Gbits/sec    1             
- - - - - - - - - - - - - - - - - - - - - - - - -
[  6]  50.01-60.01  sec  2.19 GBytes  1.88 Gbits/sec    0   4.17 MBytes       
[  8]  50.01-60.01  sec  2.01 GBytes  1.72 Gbits/sec    1   4.12 MBytes       
[ 10]  50.01-60.01  sec  1.91 GBytes  1.64 Gbits/sec    0   4.12 MBytes       
[ 12]  50.01-60.01  sec  2.40 GBytes  2.06 Gbits/sec    1   4.11 MBytes       
[ 14]  50.01-60.01  sec  2.27 GBytes  1.95 Gbits/sec    0   4.13 MBytes       
[ 16]  50.01-60.01  sec  2.32 GBytes  1.99 Gbits/sec    1   4.15 MBytes       
[ 18]  50.01-60.01  sec  2.07 GBytes  1.78 Gbits/sec    1   4.18 MBytes       
[ 20]  50.01-60.01  sec  2.01 GBytes  1.73 Gbits/sec    2   4.13 MBytes       
[SUM]  50.01-60.01  sec  17.2 GBytes  14.8 Gbits/sec    6             
- - - - - - - - - - - - - - - - - - - - - - - - -
[  6]  60.01-70.01  sec  2.17 GBytes  1.87 Gbits/sec    2   4.17 MBytes       
[  8]  60.01-70.01  sec  2.13 GBytes  1.83 Gbits/sec    1   4.12 MBytes       
[ 10]  60.01-70.01  sec  1.98 GBytes  1.70 Gbits/sec    1   4.12 MBytes       
[ 12]  60.01-70.01  sec  1.91 GBytes  1.64 Gbits/sec    0   4.11 MBytes       
[ 14]  60.01-70.01  sec  2.21 GBytes  1.90 Gbits/sec    0   4.13 MBytes       
[ 16]  60.01-70.01  sec  2.18 GBytes  1.87 Gbits/sec    0   4.15 MBytes       
[ 18]  60.01-70.01  sec  2.15 GBytes  1.85 Gbits/sec    0   4.18 MBytes       
[ 20]  60.01-70.01  sec  1.97 GBytes  1.69 Gbits/sec    0   4.13 MBytes       
[SUM]  60.01-70.01  sec  16.7 GBytes  14.3 Gbits/sec    4             
- - - - - - - - - - - - - - - - - - - - - - - - -
[  6]  70.01-80.00  sec  2.24 GBytes  1.92 Gbits/sec    0   4.17 MBytes       
[  8]  70.01-80.00  sec  2.27 GBytes  1.95 Gbits/sec    0   4.12 MBytes       
[ 10]  70.01-80.00  sec  2.05 GBytes  1.76 Gbits/sec    0   4.12 MBytes       
[ 12]  70.01-80.00  sec  2.08 GBytes  1.78 Gbits/sec    0   4.11 MBytes       
[ 14]  70.01-80.00  sec  2.33 GBytes  2.00 Gbits/sec    0   4.13 MBytes       
[ 16]  70.01-80.00  sec  1.97 GBytes  1.70 Gbits/sec    0   4.15 MBytes       
[ 18]  70.01-80.00  sec  2.22 GBytes  1.91 Gbits/sec    0   4.18 MBytes       
[ 20]  70.01-80.00  sec  2.10 GBytes  1.81 Gbits/sec    0   4.13 MBytes       
[SUM]  70.01-80.00  sec  17.2 GBytes  14.8 Gbits/sec    0             
- - - - - - - - - - - - - - - - - - - - - - - - -
[  6]  80.00-90.01  sec  2.36 GBytes  2.02 Gbits/sec    0   4.17 MBytes       
[  8]  80.00-90.01  sec  2.23 GBytes  1.91 Gbits/sec    0   4.12 MBytes       
[ 10]  80.00-90.01  sec  2.13 GBytes  1.82 Gbits/sec    1   4.12 MBytes       
[ 12]  80.00-90.01  sec  1.99 GBytes  1.70 Gbits/sec    0   4.11 MBytes       
[ 14]  80.00-90.01  sec  2.12 GBytes  1.82 Gbits/sec    1   4.13 MBytes       
[ 16]  80.00-90.01  sec  2.05 GBytes  1.76 Gbits/sec    0   4.15 MBytes       
[ 18]  80.00-90.01  sec  2.12 GBytes  1.82 Gbits/sec    1   4.18 MBytes       
[ 20]  80.00-90.01  sec  1.88 GBytes  1.62 Gbits/sec    0   4.13 MBytes       
[SUM]  80.00-90.01  sec  16.9 GBytes  14.5 Gbits/sec    3             
- - - - - - - - - - - - - - - - - - - - - - - - -
[  6]  90.01-100.01 sec  2.07 GBytes  1.78 Gbits/sec    1   4.17 MBytes       
[  8]  90.01-100.01 sec  2.19 GBytes  1.88 Gbits/sec    0   4.12 MBytes       
[ 10]  90.01-100.01 sec  1.98 GBytes  1.70 Gbits/sec    0   4.12 MBytes       
[ 12]  90.01-100.01 sec  2.13 GBytes  1.83 Gbits/sec    2   4.11 MBytes       
[ 14]  90.01-100.01 sec  2.08 GBytes  1.78 Gbits/sec    0   4.13 MBytes       
[ 16]  90.01-100.01 sec  2.20 GBytes  1.89 Gbits/sec    0   4.15 MBytes       
[ 18]  90.01-100.01 sec  1.93 GBytes  1.66 Gbits/sec    0   4.18 MBytes       
[ 20]  90.01-100.01 sec  2.37 GBytes  2.04 Gbits/sec    0   4.13 MBytes       
[SUM]  90.01-100.01 sec  17.0 GBytes  14.6 Gbits/sec    3             
- - - - - - - - - - - - - - - - - - - - - - - - -
[  6] 100.01-110.01 sec  1.91 GBytes  1.64 Gbits/sec    0   4.17 MBytes       
[  8] 100.01-110.01 sec  2.00 GBytes  1.72 Gbits/sec    0   4.12 MBytes       
[ 10] 100.01-110.01 sec  1.95 GBytes  1.67 Gbits/sec    0   4.12 MBytes       
[ 12] 100.01-110.01 sec  1.90 GBytes  1.63 Gbits/sec    0   4.11 MBytes       
[ 14] 100.01-110.01 sec  2.14 GBytes  1.84 Gbits/sec    0   4.13 MBytes       
[ 16] 100.01-110.01 sec  1.92 GBytes  1.65 Gbits/sec    0   4.15 MBytes       
[ 18] 100.01-110.01 sec  1.90 GBytes  1.63 Gbits/sec    0   4.18 MBytes       
[ 20] 100.01-110.01 sec  1.94 GBytes  1.66 Gbits/sec    0   4.13 MBytes       
[SUM] 100.01-110.01 sec  15.7 GBytes  13.5 Gbits/sec    0             
- - - - - - - - - - - - - - - - - - - - - - - - -
[  6] 110.01-120.01 sec  2.03 GBytes  1.74 Gbits/sec    0   4.17 MBytes       
[  8] 110.01-120.01 sec  2.01 GBytes  1.72 Gbits/sec    2   4.12 MBytes       
[ 10] 110.01-120.01 sec  1.89 GBytes  1.62 Gbits/sec    1   4.12 MBytes       
[ 12] 110.01-120.01 sec  1.96 GBytes  1.68 Gbits/sec    1   4.11 MBytes       
[ 14] 110.01-120.01 sec  2.02 GBytes  1.73 Gbits/sec    0   4.13 MBytes       
[ 16] 110.01-120.01 sec  1.98 GBytes  1.70 Gbits/sec    0   4.15 MBytes       
[ 18] 110.01-120.01 sec  2.12 GBytes  1.82 Gbits/sec    1   4.18 MBytes       
[ 20] 110.01-120.01 sec  1.97 GBytes  1.69 Gbits/sec    0   4.13 MBytes       
[SUM] 110.01-120.01 sec  16.0 GBytes  13.7 Gbits/sec    5             
- - - - - - - - - - - - - - - - - - - - - - - - -
[  6] 120.01-130.01 sec  1.98 GBytes  1.70 Gbits/sec    0   4.17 MBytes       
[  8] 120.01-130.01 sec  2.05 GBytes  1.76 Gbits/sec    1   4.12 MBytes       
[ 10] 120.01-130.01 sec  2.07 GBytes  1.78 Gbits/sec    0   4.12 MBytes       
[ 12] 120.01-130.01 sec  1.99 GBytes  1.71 Gbits/sec    1   4.11 MBytes       
[ 14] 120.01-130.01 sec  1.99 GBytes  1.71 Gbits/sec    1   4.13 MBytes       
[ 16] 120.01-130.01 sec  2.12 GBytes  1.83 Gbits/sec    0   4.15 MBytes       
[ 18] 120.01-130.01 sec  1.96 GBytes  1.68 Gbits/sec    0   4.18 MBytes       
[ 20] 120.01-130.01 sec  2.08 GBytes  1.78 Gbits/sec    1   4.13 MBytes       
[SUM] 120.01-130.01 sec  16.2 GBytes  13.9 Gbits/sec    4             
- - - - - - - - - - - - - - - - - - - - - - - - -
[  6] 130.01-140.01 sec  1.86 GBytes  1.60 Gbits/sec    0   4.17 MBytes       
[  8] 130.01-140.01 sec  2.15 GBytes  1.84 Gbits/sec    0   4.12 MBytes       
[ 10] 130.01-140.01 sec  2.18 GBytes  1.87 Gbits/sec    0   4.12 MBytes       
[ 12] 130.01-140.01 sec  1.91 GBytes  1.64 Gbits/sec    0   4.11 MBytes       
[ 14] 130.01-140.01 sec  2.13 GBytes  1.83 Gbits/sec    1   4.13 MBytes       
[ 16] 130.01-140.01 sec  2.01 GBytes  1.72 Gbits/sec    0   4.15 MBytes       
[ 18] 130.01-140.01 sec  1.94 GBytes  1.66 Gbits/sec    0   4.18 MBytes       
[ 20] 130.01-140.01 sec  2.05 GBytes  1.76 Gbits/sec    0   4.13 MBytes       
[SUM] 130.01-140.01 sec  16.2 GBytes  13.9 Gbits/sec    1             
- - - - - - - - - - - - - - - - - - - - - - - - -
[  6] 140.01-150.01 sec  2.02 GBytes  1.73 Gbits/sec    1   4.17 MBytes       
[  8] 140.01-150.01 sec  1.85 GBytes  1.59 Gbits/sec    0   4.12 MBytes       
[ 10] 140.01-150.01 sec  1.93 GBytes  1.65 Gbits/sec    0   4.12 MBytes       
[ 12] 140.01-150.01 sec  2.14 GBytes  1.84 Gbits/sec    0   4.11 MBytes       
[ 14] 140.01-150.01 sec  2.03 GBytes  1.74 Gbits/sec    1   4.13 MBytes       
[ 16] 140.01-150.01 sec  2.04 GBytes  1.75 Gbits/sec    0   4.15 MBytes       
[ 18] 140.01-150.01 sec  2.04 GBytes  1.76 Gbits/sec    0   4.18 MBytes       
[ 20] 140.01-150.01 sec  1.97 GBytes  1.69 Gbits/sec    0   4.13 MBytes       
[SUM] 140.01-150.01 sec  16.0 GBytes  13.8 Gbits/sec    2             
- - - - - - - - - - - - - - - - - - - - - - - - -
[  6] 150.01-160.01 sec  1.90 GBytes  1.64 Gbits/sec    0   4.17 MBytes       
[  8] 150.01-160.01 sec  1.95 GBytes  1.67 Gbits/sec    0   4.12 MBytes       
[ 10] 150.01-160.01 sec  1.95 GBytes  1.68 Gbits/sec    0   4.12 MBytes       
[ 12] 150.01-160.01 sec  1.96 GBytes  1.69 Gbits/sec    0   4.11 MBytes       
[ 14] 150.01-160.01 sec  2.02 GBytes  1.73 Gbits/sec    1   4.13 MBytes       
[ 16] 150.01-160.01 sec  2.01 GBytes  1.73 Gbits/sec    0   4.15 MBytes       
[ 18] 150.01-160.01 sec  1.92 GBytes  1.65 Gbits/sec    0   4.18 MBytes       
[ 20] 150.01-160.01 sec  2.14 GBytes  1.84 Gbits/sec    0   4.13 MBytes       
[SUM] 150.01-160.01 sec  15.9 GBytes  13.6 Gbits/sec    1             
- - - - - - - - - - - - - - - - - - - - - - - - -
[  6] 160.01-170.01 sec  2.00 GBytes  1.72 Gbits/sec    1   4.17 MBytes       
[  8] 160.01-170.01 sec  2.36 GBytes  2.02 Gbits/sec    0   4.12 MBytes       
[ 10] 160.01-170.01 sec  1.94 GBytes  1.66 Gbits/sec    0   4.12 MBytes       
[ 12] 160.01-170.01 sec  2.30 GBytes  1.98 Gbits/sec    0   4.11 MBytes       
[ 14] 160.01-170.01 sec  2.00 GBytes  1.72 Gbits/sec    0   4.13 MBytes       
[ 16] 160.01-170.01 sec  2.04 GBytes  1.75 Gbits/sec    0   4.15 MBytes       
[ 18] 160.01-170.01 sec  2.12 GBytes  1.82 Gbits/sec    0   4.18 MBytes       
[ 20] 160.01-170.01 sec  2.40 GBytes  2.06 Gbits/sec    1   4.13 MBytes       
[SUM] 160.01-170.01 sec  17.1 GBytes  14.7 Gbits/sec    2             
- - - - - - - - - - - - - - - - - - - - - - - - -
[  6] 170.01-180.01 sec  1.86 GBytes  1.60 Gbits/sec    0   4.17 MBytes       
[  8] 170.01-180.01 sec  2.04 GBytes  1.75 Gbits/sec    0   4.12 MBytes       
[ 10] 170.01-180.01 sec  2.16 GBytes  1.86 Gbits/sec    2   4.12 MBytes       
[ 12] 170.01-180.01 sec  2.10 GBytes  1.80 Gbits/sec    1   4.11 MBytes       
[ 14] 170.01-180.01 sec  1.98 GBytes  1.70 Gbits/sec    0   4.13 MBytes       
[ 16] 170.01-180.01 sec  2.18 GBytes  1.88 Gbits/sec    1   4.15 MBytes       
[ 18] 170.01-180.01 sec  1.94 GBytes  1.67 Gbits/sec    0   4.18 MBytes       
[ 20] 170.01-180.01 sec  2.33 GBytes  2.00 Gbits/sec    0   4.13 MBytes       
[SUM] 170.01-180.01 sec  16.6 GBytes  14.3 Gbits/sec    4             
- - - - - - - - - - - - - - - - - - - - - - - - -
[  6] 180.01-190.01 sec  1.97 GBytes  1.69 Gbits/sec    0   4.17 MBytes       
[  8] 180.01-190.01 sec  2.41 GBytes  2.07 Gbits/sec    1   4.12 MBytes       
[ 10] 180.01-190.01 sec  2.39 GBytes  2.06 Gbits/sec    1   4.12 MBytes       
[ 12] 180.01-190.01 sec  2.13 GBytes  1.83 Gbits/sec    0   4.11 MBytes       
[ 14] 180.01-190.01 sec  1.99 GBytes  1.71 Gbits/sec    0   4.13 MBytes       
[ 16] 180.01-190.01 sec  2.27 GBytes  1.95 Gbits/sec    1   4.15 MBytes       
[ 18] 180.01-190.01 sec  1.96 GBytes  1.68 Gbits/sec    0   4.18 MBytes       
[ 20] 180.01-190.01 sec  2.33 GBytes  2.00 Gbits/sec    0   4.13 MBytes       
[SUM] 180.01-190.01 sec  17.4 GBytes  15.0 Gbits/sec    3             
- - - - - - - - - - - - - - - - - - - - - - - - -
[  6] 190.01-200.01 sec  2.25 GBytes  1.93 Gbits/sec    1   4.17 MBytes       
[  8] 190.01-200.01 sec  2.08 GBytes  1.78 Gbits/sec    1   4.12 MBytes       
[ 10] 190.01-200.01 sec  2.16 GBytes  1.86 Gbits/sec    1   4.12 MBytes       
[ 12] 190.01-200.01 sec  2.17 GBytes  1.86 Gbits/sec    0   4.11 MBytes       
[ 14] 190.01-200.01 sec  2.25 GBytes  1.93 Gbits/sec    0   4.13 MBytes       
[ 16] 190.01-200.01 sec  2.16 GBytes  1.86 Gbits/sec    0   4.15 MBytes       
[ 18] 190.01-200.01 sec  2.27 GBytes  1.95 Gbits/sec    1   4.18 MBytes       
[ 20] 190.01-200.01 sec  2.51 GBytes  2.15 Gbits/sec    1   4.13 MBytes       
[SUM] 190.01-200.01 sec  17.8 GBytes  15.3 Gbits/sec    5             
- - - - - - - - - - - - - - - - - - - - - - - - -
[  6] 200.01-210.01 sec  2.01 GBytes  1.73 Gbits/sec    0   4.17 MBytes       
[  8] 200.01-210.01 sec  2.20 GBytes  1.89 Gbits/sec    0   4.12 MBytes       
[ 10] 200.01-210.01 sec  2.34 GBytes  2.01 Gbits/sec    0   4.12 MBytes       
[ 12] 200.01-210.01 sec  2.10 GBytes  1.80 Gbits/sec    1   4.11 MBytes       
[ 14] 200.01-210.01 sec  2.25 GBytes  1.93 Gbits/sec    0   4.13 MBytes       
[ 16] 200.01-210.01 sec  2.12 GBytes  1.82 Gbits/sec    0   4.15 MBytes       
[ 18] 200.01-210.01 sec  2.07 GBytes  1.78 Gbits/sec    0   4.18 MBytes       
[ 20] 200.01-210.01 sec  1.91 GBytes  1.64 Gbits/sec    0   4.13 MBytes       
[SUM] 200.01-210.01 sec  17.0 GBytes  14.6 Gbits/sec    1             
- - - - - - - - - - - - - - - - - - - - - - - - -
[  6] 210.01-220.01 sec  2.20 GBytes  1.89 Gbits/sec    0   4.17 MBytes       
[  8] 210.01-220.01 sec  2.08 GBytes  1.79 Gbits/sec    2   4.12 MBytes       
[ 10] 210.01-220.01 sec  2.25 GBytes  1.94 Gbits/sec    1   4.12 MBytes       
[ 12] 210.01-220.01 sec  2.00 GBytes  1.72 Gbits/sec    1   4.11 MBytes       
[ 14] 210.01-220.01 sec  2.55 GBytes  2.19 Gbits/sec    0   4.13 MBytes       
[ 16] 210.01-220.01 sec  1.93 GBytes  1.66 Gbits/sec    0   4.15 MBytes       
[ 18] 210.01-220.01 sec  2.09 GBytes  1.80 Gbits/sec    1   4.18 MBytes       
[ 20] 210.01-220.01 sec  2.09 GBytes  1.80 Gbits/sec    0   4.13 MBytes       
[SUM] 210.01-220.01 sec  17.2 GBytes  14.8 Gbits/sec    5             
- - - - - - - - - - - - - - - - - - - - - - - - -
[  6] 220.01-230.01 sec  2.21 GBytes  1.89 Gbits/sec    0   4.17 MBytes       
[  8] 220.01-230.01 sec  1.95 GBytes  1.68 Gbits/sec    0   4.12 MBytes       
[ 10] 220.01-230.01 sec  2.16 GBytes  1.85 Gbits/sec    0   4.12 MBytes       
[ 12] 220.01-230.01 sec  1.98 GBytes  1.70 Gbits/sec    0   4.11 MBytes       
[ 14] 220.01-230.01 sec  2.06 GBytes  1.77 Gbits/sec    0   4.13 MBytes       
[ 16] 220.01-230.01 sec  1.92 GBytes  1.65 Gbits/sec    0   4.15 MBytes       
[ 18] 220.01-230.01 sec  2.25 GBytes  1.93 Gbits/sec    0   4.18 MBytes       
[ 20] 220.01-230.01 sec  2.05 GBytes  1.76 Gbits/sec    0   4.13 MBytes       
[SUM] 220.01-230.01 sec  16.6 GBytes  14.2 Gbits/sec    0             
- - - - - - - - - - - - - - - - - - - - - - - - -
[  6] 230.01-240.01 sec  2.04 GBytes  1.75 Gbits/sec    2   4.17 MBytes       
[  8] 230.01-240.01 sec  2.19 GBytes  1.88 Gbits/sec    0   4.12 MBytes       
[ 10] 230.01-240.01 sec  1.95 GBytes  1.68 Gbits/sec    0   4.12 MBytes       
[ 12] 230.01-240.01 sec  2.02 GBytes  1.74 Gbits/sec    0   4.11 MBytes       
[ 14] 230.01-240.01 sec  1.98 GBytes  1.70 Gbits/sec    0   4.13 MBytes       
[ 16] 230.01-240.01 sec  1.95 GBytes  1.67 Gbits/sec    0   4.15 MBytes       
[ 18] 230.01-240.01 sec  2.25 GBytes  1.93 Gbits/sec    0   4.18 MBytes       
[ 20] 230.01-240.01 sec  1.95 GBytes  1.68 Gbits/sec    0   4.13 MBytes       
[SUM] 230.01-240.01 sec  16.3 GBytes  14.0 Gbits/sec    2             
- - - - - - - - - - - - - - - - - - - - - - - - -
[  6] 240.01-250.01 sec  2.01 GBytes  1.72 Gbits/sec    0   4.17 MBytes       
[  8] 240.01-250.01 sec  2.12 GBytes  1.82 Gbits/sec    1   4.12 MBytes       
[ 10] 240.01-250.01 sec  1.95 GBytes  1.68 Gbits/sec    0   4.12 MBytes       
[ 12] 240.01-250.01 sec  2.06 GBytes  1.77 Gbits/sec    1   4.11 MBytes       
[ 14] 240.01-250.01 sec  2.00 GBytes  1.72 Gbits/sec    0   4.13 MBytes       
[ 16] 240.01-250.01 sec  2.19 GBytes  1.88 Gbits/sec    0   4.15 MBytes       
[ 18] 240.01-250.01 sec  1.86 GBytes  1.60 Gbits/sec    0   4.18 MBytes       
[ 20] 240.01-250.01 sec  1.95 GBytes  1.68 Gbits/sec    0   4.13 MBytes       
[SUM] 240.01-250.01 sec  16.1 GBytes  13.9 Gbits/sec    2             
- - - - - - - - - - - - - - - - - - - - - - - - -
[  6] 250.01-260.01 sec  2.00 GBytes  1.72 Gbits/sec    0   4.17 MBytes       
[  8] 250.01-260.01 sec  2.03 GBytes  1.75 Gbits/sec    3   3.58 MBytes       
[ 10] 250.01-260.01 sec  2.09 GBytes  1.80 Gbits/sec    1   3.57 MBytes       
[ 12] 250.01-260.01 sec  2.02 GBytes  1.74 Gbits/sec    0   4.11 MBytes       
[ 14] 250.01-260.01 sec  2.05 GBytes  1.76 Gbits/sec    2   4.13 MBytes       
[ 16] 250.01-260.01 sec  2.08 GBytes  1.79 Gbits/sec    1   3.94 MBytes       
[ 18] 250.01-260.01 sec  2.06 GBytes  1.77 Gbits/sec    1   3.62 MBytes       
[ 20] 250.01-260.01 sec  2.04 GBytes  1.75 Gbits/sec    1   4.13 MBytes       
[SUM] 250.01-260.01 sec  16.4 GBytes  14.1 Gbits/sec    9             
- - - - - - - - - - - - - - - - - - - - - - - - -
[  6] 260.01-270.01 sec  2.00 GBytes  1.72 Gbits/sec    0   4.17 MBytes       
[  8] 260.01-270.01 sec  2.05 GBytes  1.76 Gbits/sec    0   3.95 MBytes       
[ 10] 260.01-270.01 sec  1.97 GBytes  1.69 Gbits/sec    1   3.32 MBytes       
[ 12] 260.01-270.01 sec  1.93 GBytes  1.65 Gbits/sec    2   2.97 MBytes       
[ 14] 260.01-270.01 sec  2.06 GBytes  1.77 Gbits/sec    0   4.13 MBytes       
[ 16] 260.01-270.01 sec  2.02 GBytes  1.74 Gbits/sec    1   3.94 MBytes       
[ 18] 260.01-270.01 sec  1.96 GBytes  1.69 Gbits/sec    0   3.94 MBytes       
[ 20] 260.01-270.01 sec  2.01 GBytes  1.73 Gbits/sec    1   4.13 MBytes       
[SUM] 260.01-270.01 sec  16.0 GBytes  13.7 Gbits/sec    5             
- - - - - - - - - - - - - - - - - - - - - - - - -
[  6] 270.01-280.01 sec  2.15 GBytes  1.84 Gbits/sec    3   2.83 MBytes       
[  8] 270.01-280.01 sec  1.88 GBytes  1.61 Gbits/sec    2   3.34 MBytes       
[ 10] 270.01-280.01 sec  1.94 GBytes  1.66 Gbits/sec    0   3.49 MBytes       
[ 12] 270.01-280.01 sec  2.10 GBytes  1.80 Gbits/sec    0   3.26 MBytes       
[ 14] 270.01-280.01 sec  2.01 GBytes  1.73 Gbits/sec    4   3.03 MBytes       
[ 16] 270.01-280.01 sec  2.01 GBytes  1.73 Gbits/sec    4   3.32 MBytes       
[ 18] 270.01-280.01 sec  1.95 GBytes  1.68 Gbits/sec    2   3.34 MBytes       
[ 20] 270.01-280.01 sec  2.21 GBytes  1.90 Gbits/sec    5   3.94 MBytes       
[SUM] 270.01-280.01 sec  16.2 GBytes  14.0 Gbits/sec   20             
- - - - - - - - - - - - - - - - - - - - - - - - -
[  6] 280.01-290.01 sec  2.01 GBytes  1.73 Gbits/sec    0   3.35 MBytes       
[  8] 280.01-290.01 sec  1.98 GBytes  1.70 Gbits/sec   45   3.53 MBytes       
[ 10] 280.01-290.01 sec  2.08 GBytes  1.79 Gbits/sec    2   2.60 MBytes       
[ 12] 280.01-290.01 sec  2.17 GBytes  1.86 Gbits/sec    1   3.19 MBytes       
[ 14] 280.01-290.01 sec  1.99 GBytes  1.71 Gbits/sec    0   3.28 MBytes       
[ 16] 280.01-290.01 sec  2.10 GBytes  1.81 Gbits/sec    2   2.52 MBytes       
[ 18] 280.01-290.01 sec  2.19 GBytes  1.88 Gbits/sec   46   2.69 MBytes       
[ 20] 280.01-290.01 sec  1.98 GBytes  1.70 Gbits/sec    2   3.35 MBytes       
[SUM] 280.01-290.01 sec  16.5 GBytes  14.2 Gbits/sec   98             
- - - - - - - - - - - - - - - - - - - - - - - - -
[  6] 290.01-300.01 sec  1.97 GBytes  1.69 Gbits/sec    1   2.98 MBytes       
[  8] 290.01-300.01 sec  2.05 GBytes  1.76 Gbits/sec    2   3.57 MBytes       
[ 10] 290.01-300.01 sec  1.85 GBytes  1.59 Gbits/sec    0   3.05 MBytes       
[ 12] 290.01-300.01 sec  2.04 GBytes  1.76 Gbits/sec    2   3.05 MBytes       
[ 14] 290.01-300.01 sec  1.94 GBytes  1.67 Gbits/sec    1   3.33 MBytes       
[ 16] 290.01-300.01 sec  2.00 GBytes  1.72 Gbits/sec   47   2.60 MBytes       
[ 18] 290.01-300.01 sec  1.95 GBytes  1.67 Gbits/sec   32   3.19 MBytes       
[ 20] 290.01-300.01 sec  2.07 GBytes  1.78 Gbits/sec    1   3.09 MBytes       
[SUM] 290.01-300.01 sec  15.9 GBytes  13.6 Gbits/sec   86             
- - - - - - - - - - - - - - - - - - - - - - - - -
[  6] 300.01-310.01 sec  2.05 GBytes  1.76 Gbits/sec   66   2.76 MBytes       
[  8] 300.01-310.01 sec  1.94 GBytes  1.67 Gbits/sec    1   3.50 MBytes       
[ 10] 300.01-310.01 sec  1.95 GBytes  1.68 Gbits/sec   32   3.47 MBytes       
[ 12] 300.01-310.01 sec  1.84 GBytes  1.58 Gbits/sec    0   3.26 MBytes       
[ 14] 300.01-310.01 sec  1.98 GBytes  1.70 Gbits/sec   46   3.00 MBytes       
[ 16] 300.01-310.01 sec  1.92 GBytes  1.65 Gbits/sec    0   3.16 MBytes       
[ 18] 300.01-310.01 sec  2.06 GBytes  1.77 Gbits/sec    3   2.74 MBytes       
[ 20] 300.01-310.01 sec  1.97 GBytes  1.69 Gbits/sec    2   2.86 MBytes       
[SUM] 300.01-310.01 sec  15.7 GBytes  13.5 Gbits/sec  150             
- - - - - - - - - - - - - - - - - - - - - - - - -
[  6] 310.01-320.01 sec  2.01 GBytes  1.72 Gbits/sec    0   3.35 MBytes       
[  8] 310.01-320.01 sec  1.93 GBytes  1.66 Gbits/sec    1   3.03 MBytes       
[ 10] 310.01-320.01 sec  2.19 GBytes  1.88 Gbits/sec    3   2.55 MBytes       
[ 12] 310.01-320.01 sec  2.09 GBytes  1.80 Gbits/sec   33   3.25 MBytes       
[ 14] 310.01-320.01 sec  2.24 GBytes  1.92 Gbits/sec    2   3.57 MBytes       
[ 16] 310.01-320.01 sec  2.21 GBytes  1.90 Gbits/sec    1   3.51 MBytes       
[ 18] 310.01-320.01 sec  2.00 GBytes  1.72 Gbits/sec    0   3.12 MBytes       
[ 20] 310.01-320.01 sec  1.94 GBytes  1.66 Gbits/sec    0   3.15 MBytes       
[SUM] 310.01-320.01 sec  16.6 GBytes  14.3 Gbits/sec   40             
- - - - - - - - - - - - - - - - - - - - - - - - -
[  6] 320.01-330.01 sec  2.23 GBytes  1.92 Gbits/sec    2   3.47 MBytes       
[  8] 320.01-330.01 sec  2.35 GBytes  2.02 Gbits/sec    1   2.52 MBytes       
[ 10] 320.01-330.01 sec  1.85 GBytes  1.59 Gbits/sec    0   2.95 MBytes       
[ 12] 320.01-330.01 sec  2.47 GBytes  2.12 Gbits/sec    1   3.35 MBytes       
[ 14] 320.01-330.01 sec  1.91 GBytes  1.64 Gbits/sec    1   3.05 MBytes       
[ 16] 320.01-330.01 sec  1.86 GBytes  1.60 Gbits/sec    1   2.98 MBytes       
[ 18] 320.01-330.01 sec  2.30 GBytes  1.98 Gbits/sec    1   3.17 MBytes       
[ 20] 320.01-330.01 sec  2.26 GBytes  1.95 Gbits/sec    1   3.25 MBytes       
[SUM] 320.01-330.01 sec  17.2 GBytes  14.8 Gbits/sec    8             
- - - - - - - - - - - - - - - - - - - - - - - - -
[  6] 330.01-340.01 sec  2.19 GBytes  1.88 Gbits/sec   33   3.28 MBytes       
[  8] 330.01-340.01 sec  2.11 GBytes  1.82 Gbits/sec    1   2.62 MBytes       
[ 10] 330.01-340.01 sec  2.19 GBytes  1.89 Gbits/sec    1   2.80 MBytes       
[ 12] 330.01-340.01 sec  2.12 GBytes  1.82 Gbits/sec    1   2.94 MBytes       
[ 14] 330.01-340.01 sec  2.39 GBytes  2.06 Gbits/sec    1   2.71 MBytes       
[ 16] 330.01-340.01 sec  2.36 GBytes  2.03 Gbits/sec    1   2.59 MBytes       
[ 18] 330.01-340.01 sec  2.31 GBytes  1.99 Gbits/sec    1   2.80 MBytes       
[ 20] 330.01-340.01 sec  2.03 GBytes  1.75 Gbits/sec    1   2.87 MBytes       
[SUM] 330.01-340.01 sec  17.7 GBytes  15.2 Gbits/sec   40             
- - - - - - - - - - - - - - - - - - - - - - - - -
[  6] 340.01-350.01 sec  2.37 GBytes  2.04 Gbits/sec    1   3.37 MBytes       
[  8] 340.01-350.01 sec  1.81 GBytes  1.55 Gbits/sec    0   2.97 MBytes       
[ 10] 340.01-350.01 sec  2.68 GBytes  2.30 Gbits/sec    1   3.49 MBytes       
[ 12] 340.01-350.01 sec  2.60 GBytes  2.23 Gbits/sec    0   3.46 MBytes       
[ 14] 340.01-350.01 sec  2.37 GBytes  2.03 Gbits/sec    1   2.79 MBytes       
[ 16] 340.01-350.01 sec  2.28 GBytes  1.96 Gbits/sec    1   2.77 MBytes       
[ 18] 340.01-350.01 sec  1.98 GBytes  1.70 Gbits/sec    0   3.11 MBytes       
[ 20] 340.01-350.01 sec  2.13 GBytes  1.83 Gbits/sec    0   3.29 MBytes       
[SUM] 340.01-350.01 sec  18.2 GBytes  15.6 Gbits/sec    4             
- - - - - - - - - - - - - - - - - - - - - - - - -
[  6] 350.01-360.01 sec  2.05 GBytes  1.76 Gbits/sec   33   2.97 MBytes       
[  8] 350.01-360.01 sec  2.51 GBytes  2.16 Gbits/sec    1   2.79 MBytes       
[ 10] 350.01-360.01 sec  2.46 GBytes  2.11 Gbits/sec    2   2.69 MBytes       
[ 12] 350.01-360.01 sec  2.44 GBytes  2.09 Gbits/sec    2   2.64 MBytes       
[ 14] 350.01-360.01 sec  1.91 GBytes  1.64 Gbits/sec    0   3.09 MBytes       
[ 16] 350.01-360.01 sec  2.04 GBytes  1.75 Gbits/sec    0   3.11 MBytes       
[ 18] 350.01-360.01 sec  2.52 GBytes  2.17 Gbits/sec    1   3.16 MBytes       
[ 20] 350.01-360.01 sec  2.51 GBytes  2.15 Gbits/sec  181   3.33 MBytes       
[SUM] 350.01-360.01 sec  18.4 GBytes  15.8 Gbits/sec  220             
- - - - - - - - - - - - - - - - - - - - - - - - -
[  6] 360.01-370.01 sec  2.11 GBytes  1.81 Gbits/sec    1   2.96 MBytes       
[  8] 360.01-370.01 sec  2.26 GBytes  1.94 Gbits/sec    1   2.87 MBytes       
[ 10] 360.01-370.01 sec  2.05 GBytes  1.76 Gbits/sec    0   3.06 MBytes       
[ 12] 360.01-370.01 sec  2.07 GBytes  1.77 Gbits/sec    0   3.05 MBytes       
[ 14] 360.01-370.01 sec  2.40 GBytes  2.06 Gbits/sec    1   3.15 MBytes       
[ 16] 360.01-370.01 sec  2.60 GBytes  2.23 Gbits/sec    1   3.17 MBytes       
[ 18] 360.01-370.01 sec  2.45 GBytes  2.11 Gbits/sec    1   2.84 MBytes       
[ 20] 360.01-370.01 sec  2.50 GBytes  2.15 Gbits/sec    1   3.04 MBytes       
[SUM] 360.01-370.01 sec  18.4 GBytes  15.8 Gbits/sec    6             
- - - - - - - - - - - - - - - - - - - - - - - - -
[  6] 370.01-380.01 sec  2.54 GBytes  2.18 Gbits/sec    1   2.53 MBytes       
[  8] 370.01-380.01 sec  2.02 GBytes  1.73 Gbits/sec    0   3.18 MBytes       
[ 10] 370.01-380.01 sec  2.44 GBytes  2.10 Gbits/sec    1   3.16 MBytes       
[ 12] 370.01-380.01 sec  2.41 GBytes  2.07 Gbits/sec    1   3.03 MBytes       
[ 14] 370.01-380.01 sec  2.29 GBytes  1.97 Gbits/sec    1   2.86 MBytes       
[ 16] 370.01-380.01 sec  2.28 GBytes  1.96 Gbits/sec    2   2.91 MBytes       
[ 18] 370.01-380.01 sec  2.00 GBytes  1.71 Gbits/sec    0   3.11 MBytes       
[ 20] 370.01-380.01 sec  2.26 GBytes  1.94 Gbits/sec    1   2.81 MBytes       
[SUM] 370.01-380.01 sec  18.2 GBytes  15.7 Gbits/sec    7             
- - - - - - - - - - - - - - - - - - - - - - - - -
[  6] 380.01-390.01 sec  2.46 GBytes  2.11 Gbits/sec    0   3.33 MBytes       
[  8] 380.01-390.01 sec  2.54 GBytes  2.18 Gbits/sec    1   3.32 MBytes       
[ 10] 380.01-390.01 sec  2.52 GBytes  2.17 Gbits/sec    1   2.77 MBytes       
[ 12] 380.01-390.01 sec  2.50 GBytes  2.15 Gbits/sec    2   2.77 MBytes       
[ 14] 380.01-390.01 sec  2.04 GBytes  1.75 Gbits/sec    0   3.20 MBytes       
[ 16] 380.01-390.01 sec  2.31 GBytes  1.98 Gbits/sec    1   3.37 MBytes       
[ 18] 380.01-390.01 sec  2.54 GBytes  2.18 Gbits/sec    1   3.17 MBytes       
[ 20] 380.01-390.01 sec  1.82 GBytes  1.56 Gbits/sec    0   3.08 MBytes       
[SUM] 380.01-390.01 sec  18.7 GBytes  16.1 Gbits/sec    6             
- - - - - - - - - - - - - - - - - - - - - - - - -
[  6] 390.01-400.01 sec  2.41 GBytes  2.07 Gbits/sec    1   3.09 MBytes       
[  8] 390.01-400.01 sec  2.35 GBytes  2.02 Gbits/sec    1   2.89 MBytes       
[ 10] 390.01-400.01 sec  2.26 GBytes  1.94 Gbits/sec    1   3.32 MBytes       
[ 12] 390.01-400.01 sec  2.00 GBytes  1.72 Gbits/sec    0   3.10 MBytes       
[ 14] 390.01-400.01 sec  2.56 GBytes  2.20 Gbits/sec    1   3.33 MBytes       
[ 16] 390.01-400.01 sec  2.65 GBytes  2.28 Gbits/sec    1   3.46 MBytes       
[ 18] 390.01-400.01 sec  2.21 GBytes  1.90 Gbits/sec    1   2.93 MBytes       
[ 20] 390.01-400.01 sec  2.19 GBytes  1.89 Gbits/sec    1   3.18 MBytes       
[SUM] 390.01-400.01 sec  18.6 GBytes  16.0 Gbits/sec    7             
- - - - - - - - - - - - - - - - - - - - - - - - -
[  6] 400.01-410.01 sec  2.71 GBytes  2.33 Gbits/sec    1   2.66 MBytes       
[  8] 400.01-410.01 sec  2.09 GBytes  1.79 Gbits/sec    0   3.21 MBytes       
[ 10] 400.01-410.01 sec  2.52 GBytes  2.17 Gbits/sec    1   3.40 MBytes       
[ 12] 400.01-410.01 sec  2.43 GBytes  2.09 Gbits/sec    1   3.14 MBytes       
[ 14] 400.01-410.01 sec  2.11 GBytes  1.81 Gbits/sec    1   2.92 MBytes       
[ 16] 400.01-410.01 sec  2.13 GBytes  1.83 Gbits/sec   33   3.00 MBytes       
[ 18] 400.01-410.01 sec  2.23 GBytes  1.91 Gbits/sec    0   3.33 MBytes       
[ 20] 400.01-410.01 sec  2.19 GBytes  1.88 Gbits/sec    1   2.83 MBytes       
[SUM] 400.01-410.01 sec  18.4 GBytes  15.8 Gbits/sec   38             
- - - - - - - - - - - - - - - - - - - - - - - - -
[  6] 410.01-420.01 sec  2.50 GBytes  2.15 Gbits/sec    0   3.37 MBytes       
[  8] 410.01-420.01 sec  2.42 GBytes  2.08 Gbits/sec    1   3.33 MBytes       
[ 10] 410.01-420.01 sec  2.59 GBytes  2.23 Gbits/sec    1   3.35 MBytes       
[ 12] 410.01-420.01 sec  2.52 GBytes  2.17 Gbits/sec    1   2.88 MBytes       
[ 14] 410.01-420.01 sec  2.20 GBytes  1.89 Gbits/sec    0   3.33 MBytes       
[ 16] 410.01-420.01 sec  2.43 GBytes  2.09 Gbits/sec    1   3.00 MBytes       
[ 18] 410.01-420.01 sec  2.45 GBytes  2.10 Gbits/sec    1   3.36 MBytes       
[ 20] 410.01-420.01 sec  1.80 GBytes  1.54 Gbits/sec    0   3.13 MBytes       
[SUM] 410.01-420.01 sec  18.9 GBytes  16.2 Gbits/sec    5             
- - - - - - - - - - - - - - - - - - - - - - - - -
[  6] 420.01-430.01 sec  2.48 GBytes  2.13 Gbits/sec    1   3.11 MBytes       
[  8] 420.01-430.01 sec  2.67 GBytes  2.29 Gbits/sec    1   3.25 MBytes       
[ 10] 420.01-430.01 sec  2.64 GBytes  2.27 Gbits/sec    1   3.25 MBytes       
[ 12] 420.01-430.01 sec  2.49 GBytes  2.14 Gbits/sec    0   3.33 MBytes       
[ 14] 420.01-430.01 sec  2.56 GBytes  2.20 Gbits/sec    3   2.57 MBytes       
[ 16] 420.01-430.01 sec  2.71 GBytes  2.33 Gbits/sec    2   2.82 MBytes       
[ 18] 420.01-430.01 sec  2.55 GBytes  2.19 Gbits/sec    1   2.95 MBytes       
[ 20] 420.01-430.01 sec  2.54 GBytes  2.18 Gbits/sec    1   3.44 MBytes       
[SUM] 420.01-430.01 sec  20.6 GBytes  17.7 Gbits/sec   10             
- - - - - - - - - - - - - - - - - - - - - - - - -
[  6] 430.01-440.01 sec  2.59 GBytes  2.22 Gbits/sec    1   2.85 MBytes       
[  8] 430.01-440.01 sec  2.31 GBytes  1.99 Gbits/sec    1   2.88 MBytes       
[ 10] 430.01-440.01 sec  2.23 GBytes  1.92 Gbits/sec    1   2.86 MBytes       
[ 12] 430.01-440.01 sec  2.69 GBytes  2.31 Gbits/sec    3   3.20 MBytes       
[ 14] 430.01-440.01 sec  2.27 GBytes  1.95 Gbits/sec    0   3.06 MBytes       
[ 16] 430.01-440.01 sec  3.05 GBytes  2.62 Gbits/sec    1   2.42 MBytes       
[ 18] 430.01-440.01 sec  3.23 GBytes  2.78 Gbits/sec    0   3.41 MBytes       
[ 20] 430.01-440.01 sec  2.12 GBytes  1.82 Gbits/sec    1   2.98 MBytes       
[SUM] 430.01-440.01 sec  20.5 GBytes  17.6 Gbits/sec    8             
- - - - - - - - - - - - - - - - - - - - - - - - -
[  6] 440.01-450.01 sec  2.55 GBytes  2.19 Gbits/sec    1   3.46 MBytes       
[  8] 440.01-450.01 sec  2.57 GBytes  2.20 Gbits/sec    1   3.40 MBytes       
[ 10] 440.01-450.01 sec  2.67 GBytes  2.29 Gbits/sec    2   3.44 MBytes       
[ 12] 440.01-450.01 sec  2.69 GBytes  2.31 Gbits/sec    1   3.34 MBytes       
[ 14] 440.01-450.01 sec  2.69 GBytes  2.31 Gbits/sec    1   3.15 MBytes       
[ 16] 440.01-450.01 sec  2.60 GBytes  2.23 Gbits/sec    0   3.43 MBytes       
[ 18] 440.01-450.01 sec  2.62 GBytes  2.25 Gbits/sec    1   3.39 MBytes       
[ 20] 440.01-450.01 sec  2.70 GBytes  2.32 Gbits/sec    1   2.92 MBytes       
[SUM] 440.01-450.01 sec  21.1 GBytes  18.1 Gbits/sec    8             
- - - - - - - - - - - - - - - - - - - - - - - - -
[  6] 450.01-460.00 sec  2.70 GBytes  2.32 Gbits/sec    2   2.71 MBytes       
[  8] 450.01-460.00 sec  2.79 GBytes  2.40 Gbits/sec    2   2.57 MBytes       
[ 10] 450.01-460.00 sec  2.67 GBytes  2.29 Gbits/sec    2   2.64 MBytes       
[ 12] 450.01-460.00 sec  2.33 GBytes  2.00 Gbits/sec    1   2.90 MBytes       
[ 14] 450.01-460.00 sec  2.42 GBytes  2.08 Gbits/sec    1   2.90 MBytes       
[ 16] 450.01-460.00 sec  2.83 GBytes  2.43 Gbits/sec    1   3.41 MBytes       
[ 18] 450.01-460.00 sec  2.70 GBytes  2.32 Gbits/sec    1   3.34 MBytes       
[ 20] 450.01-460.00 sec  2.37 GBytes  2.04 Gbits/sec    1   2.85 MBytes       
[SUM] 450.01-460.00 sec  20.8 GBytes  17.9 Gbits/sec   11             
- - - - - - - - - - - - - - - - - - - - - - - - -
[  6] 460.00-470.01 sec  2.48 GBytes  2.13 Gbits/sec    0   3.20 MBytes       
[  8] 460.00-470.01 sec  2.20 GBytes  1.89 Gbits/sec    0   3.06 MBytes       
[ 10] 460.00-470.01 sec  2.34 GBytes  2.01 Gbits/sec    0   3.11 MBytes       
[ 12] 460.00-470.01 sec  2.89 GBytes  2.48 Gbits/sec    0   3.45 MBytes       
[ 14] 460.00-470.01 sec  2.82 GBytes  2.42 Gbits/sec    0   3.45 MBytes       
[ 16] 460.00-470.01 sec  2.29 GBytes  1.97 Gbits/sec    2   2.92 MBytes       
[ 18] 460.00-470.01 sec  2.35 GBytes  2.02 Gbits/sec    1   2.89 MBytes       
[ 20] 460.00-470.01 sec  2.65 GBytes  2.28 Gbits/sec    0   3.35 MBytes       
[SUM] 460.00-470.01 sec  20.0 GBytes  17.2 Gbits/sec    3             
- - - - - - - - - - - - - - - - - - - - - - - - -
[  6] 470.01-480.01 sec  2.69 GBytes  2.31 Gbits/sec    1   3.35 MBytes       
[  8] 470.01-480.01 sec  2.58 GBytes  2.22 Gbits/sec    2   3.17 MBytes       
[ 10] 470.01-480.01 sec  2.67 GBytes  2.30 Gbits/sec    1   3.25 MBytes       
[ 12] 470.01-480.01 sec  2.70 GBytes  2.32 Gbits/sec    2   2.59 MBytes       
[ 14] 470.01-480.01 sec  2.64 GBytes  2.26 Gbits/sec    2   2.53 MBytes       
[ 16] 470.01-480.01 sec  2.76 GBytes  2.37 Gbits/sec    1   2.45 MBytes       
[ 18] 470.01-480.01 sec  2.57 GBytes  2.20 Gbits/sec    0   3.39 MBytes       
[ 20] 470.01-480.01 sec  2.63 GBytes  2.26 Gbits/sec    1   3.42 MBytes       
[SUM] 470.01-480.01 sec  21.2 GBytes  18.2 Gbits/sec   10             
- - - - - - - - - - - - - - - - - - - - - - - - -
[  6] 480.01-490.01 sec  2.23 GBytes  1.91 Gbits/sec    1   2.92 MBytes       
[  8] 480.01-490.01 sec  2.99 GBytes  2.57 Gbits/sec    2   3.36 MBytes       
[ 10] 480.01-490.01 sec  2.67 GBytes  2.29 Gbits/sec    1   2.89 MBytes       
[ 12] 480.01-490.01 sec  2.47 GBytes  2.12 Gbits/sec    0   3.14 MBytes       
[ 14] 480.01-490.01 sec  2.39 GBytes  2.05 Gbits/sec    0   3.10 MBytes       
[ 16] 480.01-490.01 sec  2.46 GBytes  2.11 Gbits/sec    1   2.74 MBytes       
[ 18] 480.01-490.01 sec  2.58 GBytes  2.22 Gbits/sec    3   3.25 MBytes       
[ 20] 480.01-490.01 sec  2.19 GBytes  1.88 Gbits/sec    1   2.92 MBytes       
[SUM] 480.01-490.01 sec  20.0 GBytes  17.2 Gbits/sec    9             
- - - - - - - - - - - - - - - - - - - - - - - - -
[  6] 490.01-500.01 sec  2.74 GBytes  2.36 Gbits/sec    1   2.67 MBytes       
[  8] 490.01-500.01 sec  2.24 GBytes  1.92 Gbits/sec    1   2.92 MBytes       
[ 10] 490.01-500.01 sec  2.66 GBytes  2.28 Gbits/sec    0   3.37 MBytes       
[ 12] 490.01-500.01 sec  2.75 GBytes  2.36 Gbits/sec    1   3.28 MBytes       
[ 14] 490.01-500.01 sec  2.65 GBytes  2.28 Gbits/sec    1   3.24 MBytes       
[ 16] 490.01-500.01 sec  2.43 GBytes  2.08 Gbits/sec    1   3.31 MBytes       
[ 18] 490.01-500.01 sec  3.16 GBytes  2.71 Gbits/sec    2   2.50 MBytes       
[ 20] 490.01-500.01 sec  2.56 GBytes  2.20 Gbits/sec    1   2.79 MBytes       
[SUM] 490.01-500.01 sec  21.2 GBytes  18.2 Gbits/sec    8             
- - - - - - - - - - - - - - - - - - - - - - - - -
[  6] 500.01-510.01 sec  2.55 GBytes  2.19 Gbits/sec    1   2.75 MBytes       
[  8] 500.01-510.01 sec  2.74 GBytes  2.35 Gbits/sec    1   2.52 MBytes       
[ 10] 500.01-510.01 sec  2.75 GBytes  2.36 Gbits/sec    3   2.41 MBytes       
[ 12] 500.01-510.01 sec  2.53 GBytes  2.17 Gbits/sec    1   2.91 MBytes       
[ 14] 500.01-510.01 sec  2.71 GBytes  2.33 Gbits/sec    1   2.83 MBytes       
[ 16] 500.01-510.01 sec  2.67 GBytes  2.30 Gbits/sec    1   3.40 MBytes       
[ 18] 500.01-510.01 sec  2.17 GBytes  1.86 Gbits/sec    0   3.06 MBytes       
[ 20] 500.01-510.01 sec  2.96 GBytes  2.54 Gbits/sec    1   2.47 MBytes       
[SUM] 500.01-510.01 sec  21.1 GBytes  18.1 Gbits/sec    9             
- - - - - - - - - - - - - - - - - - - - - - - - -
[  6] 510.01-520.01 sec  2.23 GBytes  1.91 Gbits/sec    0   3.15 MBytes       
[  8] 510.01-520.01 sec  2.82 GBytes  2.42 Gbits/sec    0   3.47 MBytes       
[ 10] 510.01-520.01 sec  2.05 GBytes  1.76 Gbits/sec    0   2.95 MBytes       
[ 12] 510.01-520.01 sec  2.75 GBytes  2.36 Gbits/sec    0   3.42 MBytes       
[ 14] 510.01-520.01 sec  2.47 GBytes  2.12 Gbits/sec    0   3.26 MBytes       
[ 16] 510.01-520.01 sec  2.87 GBytes  2.46 Gbits/sec    1   3.32 MBytes       
[ 18] 510.01-520.01 sec  2.53 GBytes  2.17 Gbits/sec    2   3.20 MBytes       
[ 20] 510.01-520.01 sec  2.81 GBytes  2.41 Gbits/sec    1   3.44 MBytes       
[SUM] 510.01-520.01 sec  20.5 GBytes  17.6 Gbits/sec    4             
- - - - - - - - - - - - - - - - - - - - - - - - -
[  6] 520.01-530.01 sec  2.73 GBytes  2.35 Gbits/sec    1   3.27 MBytes       
[  8] 520.01-530.01 sec  2.13 GBytes  1.83 Gbits/sec    1   2.99 MBytes       
[ 10] 520.01-530.01 sec  2.73 GBytes  2.34 Gbits/sec    2   2.87 MBytes       
[ 12] 520.01-530.01 sec  2.53 GBytes  2.18 Gbits/sec    3   2.69 MBytes       
[ 14] 520.01-530.01 sec  2.88 GBytes  2.48 Gbits/sec    1   3.40 MBytes       
[ 16] 520.01-530.01 sec  2.92 GBytes  2.51 Gbits/sec    1   3.04 MBytes       
[ 18] 520.01-530.01 sec  2.77 GBytes  2.38 Gbits/sec    1   2.96 MBytes       
[ 20] 520.01-530.01 sec  2.53 GBytes  2.17 Gbits/sec    2   2.55 MBytes       
[SUM] 520.01-530.01 sec  21.2 GBytes  18.2 Gbits/sec   12             
- - - - - - - - - - - - - - - - - - - - - - - - -
[  6] 530.01-540.01 sec  2.48 GBytes  2.13 Gbits/sec    1   2.92 MBytes       
[  8] 530.01-540.01 sec  2.72 GBytes  2.34 Gbits/sec    1   3.00 MBytes       
[ 10] 530.01-540.01 sec  2.79 GBytes  2.39 Gbits/sec    2   2.73 MBytes       
[ 12] 530.01-540.01 sec  2.47 GBytes  2.12 Gbits/sec    1   2.75 MBytes       
[ 14] 530.01-540.01 sec  2.33 GBytes  2.00 Gbits/sec    1   2.95 MBytes       
[ 16] 530.01-540.01 sec  2.56 GBytes  2.20 Gbits/sec    2   2.83 MBytes       
[ 18] 530.01-540.01 sec  2.75 GBytes  2.36 Gbits/sec    1   2.67 MBytes       
[ 20] 530.01-540.01 sec  2.18 GBytes  1.87 Gbits/sec    1   3.16 MBytes       
[SUM] 530.01-540.01 sec  20.3 GBytes  17.4 Gbits/sec   10             
- - - - - - - - - - - - - - - - - - - - - - - - -
[  6] 540.01-550.01 sec  2.62 GBytes  2.25 Gbits/sec    0   3.41 MBytes       
[  8] 540.01-550.01 sec  2.73 GBytes  2.34 Gbits/sec    1   2.79 MBytes       
[ 10] 540.01-550.01 sec  2.33 GBytes  2.00 Gbits/sec    0   3.16 MBytes       
[ 12] 540.01-550.01 sec  2.27 GBytes  1.95 Gbits/sec    0   3.14 MBytes       
[ 14] 540.01-550.01 sec  2.90 GBytes  2.49 Gbits/sec    3   2.78 MBytes       
[ 16] 540.01-550.01 sec  2.70 GBytes  2.32 Gbits/sec    1   2.51 MBytes       
[ 18] 540.01-550.01 sec  2.16 GBytes  1.86 Gbits/sec    0   3.07 MBytes       
[ 20] 540.01-550.01 sec  2.73 GBytes  2.35 Gbits/sec    1   3.31 MBytes       
[SUM] 540.01-550.01 sec  20.5 GBytes  17.6 Gbits/sec    6             
- - - - - - - - - - - - - - - - - - - - - - - - -
[  6] 550.01-560.01 sec  2.68 GBytes  2.30 Gbits/sec    2   2.54 MBytes       
[  8] 550.01-560.01 sec  2.32 GBytes  1.99 Gbits/sec    0   3.19 MBytes       
[ 10] 550.01-560.01 sec  2.67 GBytes  2.30 Gbits/sec   33   3.15 MBytes       
[ 12] 550.01-560.01 sec  2.83 GBytes  2.43 Gbits/sec    1   3.25 MBytes       
[ 14] 550.01-560.01 sec  2.56 GBytes  2.20 Gbits/sec    1   2.52 MBytes       
[ 16] 550.01-560.01 sec  2.48 GBytes  2.13 Gbits/sec    2   2.69 MBytes       
[ 18] 550.01-560.01 sec  2.70 GBytes  2.32 Gbits/sec    1   3.18 MBytes       
[ 20] 550.01-560.01 sec  2.21 GBytes  1.90 Gbits/sec    1   2.90 MBytes       
[SUM] 550.01-560.01 sec  20.4 GBytes  17.6 Gbits/sec   41             
- - - - - - - - - - - - - - - - - - - - - - - - -
[  6] 560.01-570.01 sec  2.04 GBytes  1.75 Gbits/sec    0   3.00 MBytes       
[  8] 560.01-570.01 sec  2.78 GBytes  2.39 Gbits/sec    2   3.33 MBytes       
[ 10] 560.01-570.01 sec  2.88 GBytes  2.48 Gbits/sec    1   3.29 MBytes       
[ 12] 560.01-570.01 sec  2.57 GBytes  2.21 Gbits/sec    1   2.95 MBytes       
[ 14] 560.01-570.01 sec  2.70 GBytes  2.32 Gbits/sec    0   3.37 MBytes       
[ 16] 560.01-570.01 sec  2.57 GBytes  2.21 Gbits/sec    1   3.35 MBytes       
[ 18] 560.01-570.01 sec  2.62 GBytes  2.25 Gbits/sec    3   2.86 MBytes       
[ 20] 560.01-570.01 sec  2.79 GBytes  2.39 Gbits/sec    0   3.49 MBytes       
[SUM] 560.01-570.01 sec  21.0 GBytes  18.0 Gbits/sec    8             
- - - - - - - - - - - - - - - - - - - - - - - - -
[  6] 570.01-580.01 sec  2.64 GBytes  2.27 Gbits/sec    1   3.04 MBytes       
[  8] 570.01-580.01 sec  2.03 GBytes  1.75 Gbits/sec    1   2.88 MBytes       
[ 10] 570.01-580.01 sec  2.15 GBytes  1.85 Gbits/sec    1   2.88 MBytes       
[ 12] 570.01-580.01 sec  2.83 GBytes  2.43 Gbits/sec    0   3.43 MBytes       
[ 14] 570.01-580.01 sec  2.63 GBytes  2.26 Gbits/sec    3   2.36 MBytes       
[ 16] 570.01-580.01 sec  2.78 GBytes  2.39 Gbits/sec    2   3.43 MBytes       
[ 18] 570.01-580.01 sec  2.49 GBytes  2.14 Gbits/sec    0   3.27 MBytes       
[ 20] 570.01-580.01 sec  2.70 GBytes  2.32 Gbits/sec    4   2.62 MBytes       
[SUM] 570.01-580.01 sec  20.3 GBytes  17.4 Gbits/sec   12             
- - - - - - - - - - - - - - - - - - - - - - - - -
[  6] 580.01-590.01 sec  2.80 GBytes  2.40 Gbits/sec    2   2.81 MBytes       
[  8] 580.01-590.01 sec  2.61 GBytes  2.24 Gbits/sec    1   2.76 MBytes       
[ 10] 580.01-590.01 sec  2.73 GBytes  2.35 Gbits/sec    1   2.76 MBytes       
[ 12] 580.01-590.01 sec  2.69 GBytes  2.31 Gbits/sec    3   2.79 MBytes       
[ 14] 580.01-590.01 sec  2.02 GBytes  1.74 Gbits/sec    0   2.91 MBytes       
[ 16] 580.01-590.01 sec  2.16 GBytes  1.86 Gbits/sec    1   2.95 MBytes       
[ 18] 580.01-590.01 sec  3.03 GBytes  2.61 Gbits/sec    1   3.42 MBytes       
[ 20] 580.01-590.01 sec  2.25 GBytes  1.93 Gbits/sec    0   3.09 MBytes       
[SUM] 580.01-590.01 sec  20.3 GBytes  17.4 Gbits/sec    9             
- - - - - - - - - - - - - - - - - - - - - - - - -
[  6] 590.01-600.01 sec  2.39 GBytes  2.05 Gbits/sec    0   3.23 MBytes       
[  8] 590.01-600.01 sec  2.72 GBytes  2.33 Gbits/sec    1   2.63 MBytes       
[ 10] 590.01-600.01 sec  2.56 GBytes  2.20 Gbits/sec    2   3.10 MBytes       
[ 12] 590.01-600.01 sec  2.37 GBytes  2.04 Gbits/sec    1   2.80 MBytes       
[ 14] 590.01-600.01 sec  2.59 GBytes  2.23 Gbits/sec    1   2.83 MBytes       
[ 16] 590.01-600.01 sec  2.72 GBytes  2.33 Gbits/sec    1   2.91 MBytes       
[ 18] 590.01-600.01 sec  2.42 GBytes  2.08 Gbits/sec    1   2.97 MBytes       
[ 20] 590.01-600.01 sec  2.55 GBytes  2.19 Gbits/sec    2   3.21 MBytes       
[SUM] 590.01-600.01 sec  20.3 GBytes  17.5 Gbits/sec    9             
- - - - - - - - - - - - - - - - - - - - - - - - -
[  6] 600.01-610.01 sec  2.84 GBytes  2.44 Gbits/sec    1   3.35 MBytes       
[  8] 600.01-610.01 sec  1.97 GBytes  1.69 Gbits/sec    0   3.02 MBytes       
[ 10] 600.01-610.01 sec  3.05 GBytes  2.62 Gbits/sec    1   2.49 MBytes       
[ 12] 600.01-610.01 sec  2.54 GBytes  2.18 Gbits/sec    3   2.42 MBytes       
[ 14] 600.01-610.01 sec  2.70 GBytes  2.32 Gbits/sec    1   2.65 MBytes       
[ 16] 600.01-610.01 sec  2.56 GBytes  2.20 Gbits/sec    1   2.80 MBytes       
[ 18] 600.01-610.01 sec  2.56 GBytes  2.20 Gbits/sec    1   2.96 MBytes       
[ 20] 600.01-610.01 sec  3.08 GBytes  2.64 Gbits/sec    1   2.53 MBytes       
[SUM] 600.01-610.01 sec  21.3 GBytes  18.3 Gbits/sec    9             
- - - - - - - - - - - - - - - - - - - - - - - - -
[  6] 610.01-620.01 sec  2.05 GBytes  1.76 Gbits/sec    2   3.04 MBytes       
[  8] 610.01-620.01 sec  2.76 GBytes  2.37 Gbits/sec    1   3.14 MBytes       
[ 10] 610.01-620.01 sec  2.95 GBytes  2.53 Gbits/sec    0   3.39 MBytes       
[ 12] 610.01-620.01 sec  2.58 GBytes  2.21 Gbits/sec    2   2.63 MBytes       
[ 14] 610.01-620.01 sec  2.26 GBytes  1.94 Gbits/sec    0   3.09 MBytes       
[ 16] 610.01-620.01 sec  2.21 GBytes  1.90 Gbits/sec    2   2.91 MBytes       
[ 18] 610.01-620.01 sec  2.79 GBytes  2.39 Gbits/sec    1   2.74 MBytes       
[ 20] 610.01-620.01 sec  2.59 GBytes  2.22 Gbits/sec    1   2.62 MBytes       
[SUM] 610.01-620.01 sec  20.2 GBytes  17.3 Gbits/sec    9             
- - - - - - - - - - - - - - - - - - - - - - - - -
[  6] 620.01-630.01 sec  2.21 GBytes  1.90 Gbits/sec    1   3.06 MBytes       
[  8] 620.01-630.01 sec  2.76 GBytes  2.37 Gbits/sec    1   2.81 MBytes       
[ 10] 620.01-630.01 sec  2.84 GBytes  2.44 Gbits/sec    1   3.38 MBytes       
[ 12] 620.01-630.01 sec  2.46 GBytes  2.11 Gbits/sec    0   3.11 MBytes       
[ 14] 620.01-630.01 sec  2.75 GBytes  2.36 Gbits/sec    1   3.24 MBytes       
[ 16] 620.01-630.01 sec  2.70 GBytes  2.32 Gbits/sec    0   3.14 MBytes       
[ 18] 620.01-630.01 sec  2.43 GBytes  2.09 Gbits/sec    0   3.20 MBytes       
[ 20] 620.01-630.01 sec  2.10 GBytes  1.80 Gbits/sec    0   3.03 MBytes       
[SUM] 620.01-630.01 sec  20.2 GBytes  17.4 Gbits/sec    4             
- - - - - - - - - - - - - - - - - - - - - - - - -
[  6] 630.01-640.01 sec  2.80 GBytes  2.40 Gbits/sec    0   3.39 MBytes       
[  8] 630.01-640.01 sec  2.20 GBytes  1.89 Gbits/sec    1   2.66 MBytes       
[ 10] 630.01-640.01 sec  2.16 GBytes  1.86 Gbits/sec    1   2.89 MBytes       
[ 12] 630.01-640.01 sec  2.66 GBytes  2.29 Gbits/sec    6   3.21 MBytes       
[ 14] 630.01-640.01 sec  2.26 GBytes  1.94 Gbits/sec    1   2.88 MBytes       
[ 16] 630.01-640.01 sec  2.14 GBytes  1.84 Gbits/sec    3   2.44 MBytes       
[ 18] 630.01-640.01 sec  2.76 GBytes  2.37 Gbits/sec    1   3.32 MBytes       
[ 20] 630.01-640.01 sec  2.59 GBytes  2.22 Gbits/sec    2   3.01 MBytes       
[SUM] 630.01-640.01 sec  19.6 GBytes  16.8 Gbits/sec   15             
- - - - - - - - - - - - - - - - - - - - - - - - -
[  6] 640.01-650.01 sec  2.64 GBytes  2.26 Gbits/sec    2   2.51 MBytes       
[  8] 640.01-650.01 sec  2.18 GBytes  1.87 Gbits/sec    1   2.59 MBytes       
[ 10] 640.01-650.01 sec  2.85 GBytes  2.44 Gbits/sec    1   2.75 MBytes       
[ 12] 640.01-650.01 sec  2.29 GBytes  1.97 Gbits/sec   33   2.87 MBytes       
[ 14] 640.01-650.01 sec  2.81 GBytes  2.41 Gbits/sec    0   3.44 MBytes       
[ 16] 640.01-650.01 sec  1.94 GBytes  1.67 Gbits/sec    0   2.88 MBytes       
[ 18] 640.01-650.01 sec  2.79 GBytes  2.39 Gbits/sec    1   3.27 MBytes       
[ 20] 640.01-650.01 sec  2.74 GBytes  2.35 Gbits/sec    1   3.11 MBytes       
[SUM] 640.01-650.01 sec  20.2 GBytes  17.4 Gbits/sec   39             
- - - - - - - - - - - - - - - - - - - - - - - - -
[  6] 650.01-660.01 sec  2.19 GBytes  1.88 Gbits/sec    0   3.01 MBytes       
[  8] 650.01-660.01 sec  1.98 GBytes  1.70 Gbits/sec    1   2.48 MBytes       
[ 10] 650.01-660.01 sec  2.51 GBytes  2.16 Gbits/sec    1   2.81 MBytes       
[ 12] 650.01-660.01 sec  2.49 GBytes  2.14 Gbits/sec    1   3.02 MBytes       
[ 14] 650.01-660.01 sec  2.45 GBytes  2.11 Gbits/sec    2   2.70 MBytes       
[ 16] 650.01-660.01 sec  2.69 GBytes  2.31 Gbits/sec    1   3.01 MBytes       
[ 18] 650.01-660.01 sec  2.18 GBytes  1.88 Gbits/sec    1   2.83 MBytes       
[ 20] 650.01-660.01 sec  2.79 GBytes  2.40 Gbits/sec    2   3.28 MBytes       
[SUM] 650.01-660.01 sec  19.3 GBytes  16.6 Gbits/sec    9             
- - - - - - - - - - - - - - - - - - - - - - - - -
[  6] 660.01-670.01 sec  2.81 GBytes  2.41 Gbits/sec    2   3.08 MBytes       
[  8] 660.01-670.01 sec  2.01 GBytes  1.73 Gbits/sec    0   2.94 MBytes       
[ 10] 660.01-670.01 sec  2.53 GBytes  2.17 Gbits/sec    1   3.28 MBytes       
[ 12] 660.01-670.01 sec  2.94 GBytes  2.53 Gbits/sec    4   2.37 MBytes       
[ 14] 660.01-670.01 sec  2.26 GBytes  1.94 Gbits/sec    0   3.11 MBytes       
[ 16] 660.01-670.01 sec  2.50 GBytes  2.15 Gbits/sec    1   2.83 MBytes       
[ 18] 660.01-670.01 sec  2.07 GBytes  1.78 Gbits/sec    1   2.93 MBytes       
[ 20] 660.01-670.01 sec  3.22 GBytes  2.76 Gbits/sec    1   2.56 MBytes       
[SUM] 660.01-670.01 sec  20.3 GBytes  17.5 Gbits/sec   10             
- - - - - - - - - - - - - - - - - - - - - - - - -
[  6] 670.01-680.01 sec  2.50 GBytes  2.15 Gbits/sec    1   2.89 MBytes       
[  8] 670.01-680.01 sec  2.58 GBytes  2.22 Gbits/sec    1   3.14 MBytes       
[ 10] 670.01-680.01 sec  2.54 GBytes  2.18 Gbits/sec    3   2.55 MBytes       
[ 12] 670.01-680.01 sec  2.80 GBytes  2.41 Gbits/sec    2   3.28 MBytes       
[ 14] 670.01-680.01 sec  2.63 GBytes  2.26 Gbits/sec    1   3.26 MBytes       
[ 16] 670.01-680.01 sec  2.47 GBytes  2.12 Gbits/sec    1   3.28 MBytes       
[ 18] 670.01-680.01 sec  2.02 GBytes  1.74 Gbits/sec    1   2.57 MBytes       
[ 20] 670.01-680.01 sec  2.69 GBytes  2.31 Gbits/sec    1   2.61 MBytes       
[SUM] 670.01-680.01 sec  20.2 GBytes  17.4 Gbits/sec   11             
- - - - - - - - - - - - - - - - - - - - - - - - -
[  6] 680.01-690.00 sec  2.64 GBytes  2.27 Gbits/sec    0   3.36 MBytes       
[  8] 680.01-690.00 sec  2.63 GBytes  2.26 Gbits/sec    3   2.88 MBytes       
[ 10] 680.01-690.00 sec  2.03 GBytes  1.75 Gbits/sec    2   2.60 MBytes       
[ 12] 680.01-690.00 sec  2.86 GBytes  2.45 Gbits/sec    1   3.16 MBytes       
[ 14] 680.01-690.00 sec  3.03 GBytes  2.60 Gbits/sec    1   2.92 MBytes       
[ 16] 680.01-690.00 sec  2.85 GBytes  2.45 Gbits/sec    2   2.44 MBytes       
[ 18] 680.01-690.00 sec  2.33 GBytes  2.00 Gbits/sec    0   3.18 MBytes       
[ 20] 680.01-690.00 sec  2.23 GBytes  1.92 Gbits/sec    0   3.08 MBytes       
[SUM] 680.01-690.00 sec  20.6 GBytes  17.7 Gbits/sec    9             
- - - - - - - - - - - - - - - - - - - - - - - - -
[  6] 690.00-700.01 sec  2.87 GBytes  2.46 Gbits/sec    2   2.43 MBytes       
[  8] 690.00-700.01 sec  2.67 GBytes  2.29 Gbits/sec    1   2.82 MBytes       
[ 10] 690.00-700.01 sec  2.13 GBytes  1.83 Gbits/sec    1   2.36 MBytes       
[ 12] 690.00-700.01 sec  2.33 GBytes  2.00 Gbits/sec    1   2.77 MBytes       
[ 14] 690.00-700.01 sec  2.80 GBytes  2.40 Gbits/sec    2   2.99 MBytes       
[ 16] 690.00-700.01 sec  2.08 GBytes  1.79 Gbits/sec    0   2.96 MBytes       
[ 18] 690.00-700.01 sec  2.70 GBytes  2.32 Gbits/sec    1   3.35 MBytes       
[ 20] 690.00-700.01 sec  2.69 GBytes  2.31 Gbits/sec    1   3.22 MBytes       
[SUM] 690.00-700.01 sec  20.3 GBytes  17.4 Gbits/sec    9             
- - - - - - - - - - - - - - - - - - - - - - - - -
[  6] 700.01-710.01 sec  2.14 GBytes  1.84 Gbits/sec    0   2.99 MBytes       
[  8] 700.01-710.01 sec  2.68 GBytes  2.30 Gbits/sec    1   2.75 MBytes       
[ 10] 700.01-710.01 sec  1.99 GBytes  1.71 Gbits/sec    0   2.82 MBytes       
[ 12] 700.01-710.01 sec  2.88 GBytes  2.48 Gbits/sec    2   2.53 MBytes       
[ 14] 700.01-710.01 sec  2.72 GBytes  2.33 Gbits/sec    1   2.82 MBytes       
[ 16] 700.01-710.01 sec  2.70 GBytes  2.32 Gbits/sec    1   3.07 MBytes       
[ 18] 700.01-710.01 sec  2.13 GBytes  1.83 Gbits/sec    1   2.89 MBytes       
[ 20] 700.01-710.01 sec  2.83 GBytes  2.43 Gbits/sec    1   3.07 MBytes       
[SUM] 700.01-710.01 sec  20.1 GBytes  17.2 Gbits/sec    7             
- - - - - - - - - - - - - - - - - - - - - - - - -
[  6] 710.01-720.00 sec  2.70 GBytes  2.32 Gbits/sec    1   3.00 MBytes       
[  8] 710.01-720.00 sec  2.08 GBytes  1.79 Gbits/sec    0   3.11 MBytes       
[ 10] 710.01-720.00 sec  2.54 GBytes  2.18 Gbits/sec    2   2.65 MBytes       
[ 12] 710.01-720.00 sec  2.80 GBytes  2.41 Gbits/sec    0   3.43 MBytes       
[ 14] 710.01-720.00 sec  2.23 GBytes  1.92 Gbits/sec    0   3.20 MBytes       
[ 16] 710.01-720.00 sec  3.11 GBytes  2.68 Gbits/sec    0   3.38 MBytes       
[ 18] 710.01-720.00 sec  2.70 GBytes  2.32 Gbits/sec    1   2.72 MBytes       
[ 20] 710.01-720.00 sec  2.74 GBytes  2.36 Gbits/sec    1   2.89 MBytes       
[SUM] 710.01-720.00 sec  20.9 GBytes  18.0 Gbits/sec    5             
- - - - - - - - - - - - - - - - - - - - - - - - -
[  6] 720.00-730.01 sec  2.49 GBytes  2.14 Gbits/sec    1   2.85 MBytes       
[  8] 720.00-730.01 sec  2.71 GBytes  2.33 Gbits/sec    1   3.20 MBytes       
[ 10] 720.00-730.01 sec  2.25 GBytes  1.93 Gbits/sec    1   2.72 MBytes       
[ 12] 720.00-730.01 sec  2.16 GBytes  1.85 Gbits/sec    1   2.97 MBytes       
[ 14] 720.00-730.01 sec  2.76 GBytes  2.37 Gbits/sec    2   3.14 MBytes       
[ 16] 720.00-730.01 sec  2.92 GBytes  2.51 Gbits/sec    1   3.41 MBytes       
[ 18] 720.00-730.01 sec  2.34 GBytes  2.01 Gbits/sec    1   2.79 MBytes       
[ 20] 720.00-730.01 sec  2.45 GBytes  2.10 Gbits/sec    1   2.80 MBytes       
[SUM] 720.00-730.01 sec  20.1 GBytes  17.2 Gbits/sec    9             
- - - - - - - - - - - - - - - - - - - - - - - - -
[  6] 730.01-740.01 sec  2.57 GBytes  2.20 Gbits/sec    0   3.30 MBytes       
[  8] 730.01-740.01 sec  2.43 GBytes  2.09 Gbits/sec    1   2.90 MBytes       
[ 10] 730.01-740.01 sec  2.50 GBytes  2.15 Gbits/sec    1   3.30 MBytes       
[ 12] 730.01-740.01 sec  2.63 GBytes  2.26 Gbits/sec    1   3.07 MBytes       
[ 14] 730.01-740.01 sec  2.80 GBytes  2.40 Gbits/sec    3   3.29 MBytes       
[ 16] 730.01-740.01 sec  2.24 GBytes  1.93 Gbits/sec    1   2.92 MBytes       
[ 18] 730.01-740.01 sec  2.50 GBytes  2.15 Gbits/sec    0   3.26 MBytes       
[ 20] 730.01-740.01 sec  2.39 GBytes  2.05 Gbits/sec    0   3.23 MBytes       
[SUM] 730.01-740.01 sec  20.1 GBytes  17.2 Gbits/sec    7             
- - - - - - - - - - - - - - - - - - - - - - - - -
[  6] 740.01-750.01 sec  2.78 GBytes  2.38 Gbits/sec    1   3.43 MBytes       
[  8] 740.01-750.01 sec  2.45 GBytes  2.11 Gbits/sec    0   3.33 MBytes       
[ 10] 740.01-750.01 sec  2.78 GBytes  2.38 Gbits/sec    1   3.41 MBytes       
[ 12] 740.01-750.01 sec  2.46 GBytes  2.11 Gbits/sec    1   2.82 MBytes       
[ 14] 740.01-750.01 sec  2.71 GBytes  2.33 Gbits/sec    1   3.13 MBytes       
[ 16] 740.01-750.01 sec  2.72 GBytes  2.33 Gbits/sec    0   3.50 MBytes       
[ 18] 740.01-750.01 sec  2.74 GBytes  2.35 Gbits/sec    1   3.37 MBytes       
[ 20] 740.01-750.01 sec  2.69 GBytes  2.31 Gbits/sec    1   3.36 MBytes       
[SUM] 740.01-750.01 sec  21.3 GBytes  18.3 Gbits/sec    6             
- - - - - - - - - - - - - - - - - - - - - - - - -
[  6] 750.01-760.01 sec  2.21 GBytes  1.90 Gbits/sec    1   2.97 MBytes       
[  8] 750.01-760.01 sec  2.68 GBytes  2.30 Gbits/sec    2   2.45 MBytes       
[ 10] 750.01-760.01 sec  2.33 GBytes  2.00 Gbits/sec    1   2.96 MBytes       
[ 12] 750.01-760.01 sec  2.66 GBytes  2.28 Gbits/sec    0   3.32 MBytes       
[ 14] 750.01-760.01 sec  2.69 GBytes  2.31 Gbits/sec    2   2.82 MBytes       
[ 16] 750.01-760.01 sec  2.76 GBytes  2.37 Gbits/sec    3   2.67 MBytes       
[ 18] 750.01-760.01 sec  2.22 GBytes  1.91 Gbits/sec    1   2.90 MBytes       
[ 20] 750.01-760.01 sec  2.23 GBytes  1.91 Gbits/sec    1   2.92 MBytes       
[SUM] 750.01-760.01 sec  19.8 GBytes  17.0 Gbits/sec   11             
- - - - - - - - - - - - - - - - - - - - - - - - -
[  6] 760.01-770.01 sec  2.73 GBytes  2.34 Gbits/sec    1   2.91 MBytes       
[  8] 760.01-770.01 sec  1.96 GBytes  1.68 Gbits/sec    0   2.92 MBytes       
[ 10] 760.01-770.01 sec  2.84 GBytes  2.44 Gbits/sec    1   2.93 MBytes       
[ 12] 760.01-770.01 sec  2.88 GBytes  2.47 Gbits/sec    2   2.44 MBytes       
[ 14] 760.01-770.01 sec  2.36 GBytes  2.03 Gbits/sec    0   3.21 MBytes       
[ 16] 760.01-770.01 sec  2.30 GBytes  1.97 Gbits/sec    0   3.13 MBytes       
[ 18] 760.01-770.01 sec  2.85 GBytes  2.45 Gbits/sec    1   2.70 MBytes       
[ 20] 760.01-770.01 sec  2.76 GBytes  2.37 Gbits/sec    2   2.67 MBytes       
[SUM] 760.01-770.01 sec  20.7 GBytes  17.8 Gbits/sec    7             
- - - - - - - - - - - - - - - - - - - - - - - - -
[  6] 770.01-780.01 sec  2.47 GBytes  2.12 Gbits/sec    1   2.85 MBytes       
[  8] 770.01-780.01 sec  2.74 GBytes  2.35 Gbits/sec    1   2.80 MBytes       
[ 10] 770.01-780.01 sec  2.58 GBytes  2.22 Gbits/sec    1   2.85 MBytes       
[ 12] 770.01-780.01 sec  2.18 GBytes  1.87 Gbits/sec    0   3.00 MBytes       
[ 14] 770.01-780.01 sec  2.85 GBytes  2.45 Gbits/sec    1   3.36 MBytes       
[ 16] 770.01-780.01 sec  2.87 GBytes  2.47 Gbits/sec    1   3.25 MBytes       
[ 18] 770.01-780.01 sec  2.51 GBytes  2.15 Gbits/sec    2   2.49 MBytes       
[ 20] 770.01-780.01 sec  2.30 GBytes  1.97 Gbits/sec    1   2.79 MBytes       
[SUM] 770.01-780.01 sec  20.5 GBytes  17.6 Gbits/sec    8             
- - - - - - - - - - - - - - - - - - - - - - - - -
[  6] 780.01-790.01 sec  2.53 GBytes  2.17 Gbits/sec    0   3.31 MBytes       
[  8] 780.01-790.01 sec  2.59 GBytes  2.22 Gbits/sec    1   2.80 MBytes       
[ 10] 780.01-790.01 sec  2.75 GBytes  2.36 Gbits/sec    0   3.34 MBytes       
[ 12] 780.01-790.01 sec  2.81 GBytes  2.41 Gbits/sec    1   3.10 MBytes       
[ 14] 780.01-790.01 sec  2.10 GBytes  1.81 Gbits/sec    1   2.90 MBytes       
[ 16] 780.01-790.01 sec  2.40 GBytes  2.06 Gbits/sec    1   2.92 MBytes       
[ 18] 780.01-790.01 sec  2.79 GBytes  2.40 Gbits/sec    0   3.37 MBytes       
[ 20] 780.01-790.01 sec  2.37 GBytes  2.04 Gbits/sec    0   3.19 MBytes       
[SUM] 780.01-790.01 sec  20.3 GBytes  17.5 Gbits/sec    4             
- - - - - - - - - - - - - - - - - - - - - - - - -
[  6] 790.01-800.01 sec  2.71 GBytes  2.33 Gbits/sec    2   2.42 MBytes       
[  8] 790.01-800.01 sec  2.28 GBytes  1.96 Gbits/sec    0   3.18 MBytes       
[ 10] 790.01-800.01 sec  2.66 GBytes  2.29 Gbits/sec    2   2.53 MBytes       
[ 12] 790.01-800.01 sec  2.23 GBytes  1.91 Gbits/sec    1   2.85 MBytes       
[ 14] 790.01-800.01 sec  2.65 GBytes  2.28 Gbits/sec    1   2.66 MBytes       
[ 16] 790.01-800.01 sec  2.75 GBytes  2.36 Gbits/sec    0   3.46 MBytes       
[ 18] 790.01-800.01 sec  2.71 GBytes  2.33 Gbits/sec    2   3.29 MBytes       
[ 20] 790.01-800.01 sec  2.59 GBytes  2.22 Gbits/sec    1   3.33 MBytes       
[SUM] 790.01-800.01 sec  20.6 GBytes  17.7 Gbits/sec    9             
- - - - - - - - - - - - - - - - - - - - - - - - -
[  6] 800.01-810.01 sec  1.97 GBytes  1.70 Gbits/sec    0   2.93 MBytes       
[  8] 800.01-810.01 sec  2.81 GBytes  2.42 Gbits/sec    1   3.32 MBytes       
[ 10] 800.01-810.01 sec  2.12 GBytes  1.82 Gbits/sec    0   3.00 MBytes       
[ 12] 800.01-810.01 sec  2.61 GBytes  2.24 Gbits/sec    0   3.34 MBytes       
[ 14] 800.01-810.01 sec  2.72 GBytes  2.33 Gbits/sec    1   2.71 MBytes       
[ 16] 800.01-810.01 sec  2.78 GBytes  2.39 Gbits/sec    4   2.55 MBytes       
[ 18] 800.01-810.01 sec  2.70 GBytes  2.32 Gbits/sec    1   3.17 MBytes       
[ 20] 800.01-810.01 sec  2.83 GBytes  2.43 Gbits/sec    1   3.22 MBytes       
[SUM] 800.01-810.01 sec  20.5 GBytes  17.6 Gbits/sec    8             
- - - - - - - - - - - - - - - - - - - - - - - - -
[  6] 810.01-820.01 sec  2.56 GBytes  2.20 Gbits/sec    2   2.87 MBytes       
[  8] 810.01-820.01 sec  2.42 GBytes  2.08 Gbits/sec    1   2.94 MBytes       
[ 10] 810.01-820.01 sec  2.69 GBytes  2.31 Gbits/sec    1   3.11 MBytes       
[ 12] 810.01-820.01 sec  2.42 GBytes  2.08 Gbits/sec    2   3.32 MBytes       
[ 14] 810.01-820.01 sec  2.25 GBytes  1.93 Gbits/sec    0   3.13 MBytes       
[ 16] 810.01-820.01 sec  2.87 GBytes  2.47 Gbits/sec    1   2.49 MBytes       
[ 18] 810.01-820.01 sec  2.82 GBytes  2.42 Gbits/sec    1   2.86 MBytes       
[ 20] 810.01-820.01 sec  2.34 GBytes  2.01 Gbits/sec    1   2.87 MBytes       
[SUM] 810.01-820.01 sec  20.4 GBytes  17.5 Gbits/sec    9             
- - - - - - - - - - - - - - - - - - - - - - - - -
[  6] 820.01-830.01 sec  2.41 GBytes  2.07 Gbits/sec    4   2.80 MBytes       
[  8] 820.01-830.01 sec  2.22 GBytes  1.91 Gbits/sec    2   2.94 MBytes       
[ 10] 820.01-830.01 sec  2.30 GBytes  1.98 Gbits/sec    2   2.89 MBytes       
[ 12] 820.01-830.01 sec  2.83 GBytes  2.44 Gbits/sec    1   3.35 MBytes       
[ 14] 820.01-830.01 sec  2.88 GBytes  2.47 Gbits/sec    2   3.27 MBytes       
[ 16] 820.01-830.01 sec  2.23 GBytes  1.92 Gbits/sec    0   3.03 MBytes       
[ 18] 820.01-830.01 sec  2.42 GBytes  2.08 Gbits/sec    1   2.76 MBytes       
[ 20] 820.01-830.01 sec  2.70 GBytes  2.32 Gbits/sec    0   3.43 MBytes       
[SUM] 820.01-830.01 sec  20.0 GBytes  17.2 Gbits/sec   12             
- - - - - - - - - - - - - - - - - - - - - - - - -
[  6] 830.01-840.01 sec  2.66 GBytes  2.29 Gbits/sec    2   3.30 MBytes       
[  8] 830.01-840.01 sec  2.01 GBytes  1.73 Gbits/sec    1   2.97 MBytes       
[ 10] 830.01-840.01 sec  2.79 GBytes  2.40 Gbits/sec    1   2.86 MBytes       
[ 12] 830.01-840.01 sec  2.88 GBytes  2.47 Gbits/sec    2   3.26 MBytes       
[ 14] 830.01-840.01 sec  2.39 GBytes  2.05 Gbits/sec    1   2.91 MBytes       
[ 16] 830.01-840.01 sec  2.77 GBytes  2.38 Gbits/sec    1   3.14 MBytes       
[ 18] 830.01-840.01 sec  2.40 GBytes  2.06 Gbits/sec    0   3.22 MBytes       
[ 20] 830.01-840.01 sec  2.67 GBytes  2.30 Gbits/sec    2   2.62 MBytes       
[SUM] 830.01-840.01 sec  20.6 GBytes  17.7 Gbits/sec   10             
- - - - - - - - - - - - - - - - - - - - - - - - -
[  6] 840.01-850.01 sec  2.57 GBytes  2.20 Gbits/sec    5   2.51 MBytes       
[  8] 840.01-850.01 sec  2.69 GBytes  2.31 Gbits/sec    0   3.27 MBytes       
[ 10] 840.01-850.01 sec  2.36 GBytes  2.03 Gbits/sec    1   2.81 MBytes       
[ 12] 840.01-850.01 sec  2.28 GBytes  1.96 Gbits/sec    1   2.88 MBytes       
[ 14] 840.01-850.01 sec  2.82 GBytes  2.42 Gbits/sec    1   2.55 MBytes       
[ 16] 840.01-850.01 sec  1.90 GBytes  1.63 Gbits/sec    1   2.75 MBytes       
[ 18] 840.01-850.01 sec  2.76 GBytes  2.37 Gbits/sec    1   3.35 MBytes       
[ 20] 840.01-850.01 sec  2.55 GBytes  2.19 Gbits/sec    1   3.31 MBytes       
[SUM] 840.01-850.01 sec  19.9 GBytes  17.1 Gbits/sec   11             
- - - - - - - - - - - - - - - - - - - - - - - - -
[  6] 850.01-860.01 sec  2.18 GBytes  1.87 Gbits/sec    0   2.96 MBytes       
[  8] 850.01-860.01 sec  2.69 GBytes  2.31 Gbits/sec    1   3.37 MBytes       
[ 10] 850.01-860.01 sec  2.62 GBytes  2.25 Gbits/sec    1   3.30 MBytes       
[ 12] 850.01-860.01 sec  1.96 GBytes  1.68 Gbits/sec    1   2.88 MBytes       
[ 14] 850.01-860.01 sec  2.96 GBytes  2.54 Gbits/sec    0   3.46 MBytes       
[ 16] 850.01-860.01 sec  2.80 GBytes  2.40 Gbits/sec    0   3.43 MBytes       
[ 18] 850.01-860.01 sec  2.16 GBytes  1.86 Gbits/sec    1   2.88 MBytes       
[ 20] 850.01-860.01 sec  2.83 GBytes  2.43 Gbits/sec    1   3.40 MBytes       
[SUM] 850.01-860.01 sec  20.2 GBytes  17.3 Gbits/sec    5             
- - - - - - - - - - - - - - - - - - - - - - - - -
[  6] 860.01-870.01 sec  2.62 GBytes  2.25 Gbits/sec    5   3.07 MBytes       
[  8] 860.01-870.01 sec  2.93 GBytes  2.52 Gbits/sec    1   2.85 MBytes       
[ 10] 860.01-870.01 sec  2.64 GBytes  2.26 Gbits/sec    1   3.31 MBytes       
[ 12] 860.01-870.01 sec  2.09 GBytes  1.79 Gbits/sec    0   3.07 MBytes       
[ 14] 860.01-870.01 sec  2.42 GBytes  2.08 Gbits/sec    3   2.53 MBytes       
[ 16] 860.01-870.01 sec  2.82 GBytes  2.42 Gbits/sec    1   3.45 MBytes       
[ 18] 860.01-870.01 sec  2.83 GBytes  2.43 Gbits/sec    0   3.52 MBytes       
[ 20] 860.01-870.01 sec  2.97 GBytes  2.55 Gbits/sec    1   2.94 MBytes       
[SUM] 860.01-870.01 sec  21.3 GBytes  18.3 Gbits/sec   12             
- - - - - - - - - - - - - - - - - - - - - - - - -
[  6] 870.01-880.01 sec  2.41 GBytes  2.07 Gbits/sec    3   2.79 MBytes       
[  8] 870.01-880.01 sec  2.57 GBytes  2.21 Gbits/sec    1   2.83 MBytes       
[ 10] 870.01-880.01 sec  2.86 GBytes  2.45 Gbits/sec    1   3.12 MBytes       
[ 12] 870.01-880.01 sec  2.90 GBytes  2.49 Gbits/sec    1   3.35 MBytes       
[ 14] 870.01-880.01 sec  2.05 GBytes  1.76 Gbits/sec    1   2.96 MBytes       
[ 16] 870.01-880.01 sec  2.37 GBytes  2.04 Gbits/sec    1   3.01 MBytes       
[ 18] 870.01-880.01 sec  2.53 GBytes  2.17 Gbits/sec    2   2.76 MBytes       
[ 20] 870.01-880.01 sec  1.76 GBytes  1.51 Gbits/sec    2   2.62 MBytes       
[SUM] 870.01-880.01 sec  19.5 GBytes  16.7 Gbits/sec   12             
- - - - - - - - - - - - - - - - - - - - - - - - -
[  6] 880.01-890.01 sec  2.70 GBytes  2.32 Gbits/sec    2   2.43 MBytes       
[  8] 880.01-890.01 sec  2.51 GBytes  2.15 Gbits/sec    0   3.28 MBytes       
[ 10] 880.01-890.01 sec  3.29 GBytes  2.82 Gbits/sec    0   3.39 MBytes       
[ 12] 880.01-890.01 sec  2.17 GBytes  1.86 Gbits/sec    1   2.89 MBytes       
[ 14] 880.01-890.01 sec  2.73 GBytes  2.35 Gbits/sec    1   2.98 MBytes       
[ 16] 880.01-890.01 sec  2.71 GBytes  2.33 Gbits/sec    1   3.13 MBytes       
[ 18] 880.01-890.01 sec  2.35 GBytes  2.02 Gbits/sec    0   3.18 MBytes       
[ 20] 880.01-890.01 sec  1.98 GBytes  1.70 Gbits/sec    1   2.66 MBytes       
[SUM] 880.01-890.01 sec  20.4 GBytes  17.5 Gbits/sec    6             
- - - - - - - - - - - - - - - - - - - - - - - - -
[  6] 890.01-900.01 sec  2.47 GBytes  2.12 Gbits/sec    5   2.59 MBytes       
[  8] 890.01-900.01 sec  2.77 GBytes  2.38 Gbits/sec    1   3.38 MBytes       
[ 10] 890.01-900.01 sec  2.30 GBytes  1.98 Gbits/sec    2   2.67 MBytes       
[ 12] 890.01-900.01 sec  2.77 GBytes  2.38 Gbits/sec    1   2.70 MBytes       
[ 14] 890.01-900.01 sec  2.50 GBytes  2.15 Gbits/sec    1   2.84 MBytes       
[ 16] 890.01-900.01 sec  2.79 GBytes  2.40 Gbits/sec    2   2.80 MBytes       
[ 18] 890.01-900.01 sec  2.72 GBytes  2.34 Gbits/sec    1   3.30 MBytes       
[ 20] 890.01-900.01 sec  2.26 GBytes  1.94 Gbits/sec    0   2.99 MBytes       
[SUM] 890.01-900.01 sec  20.6 GBytes  17.7 Gbits/sec   13             
- - - - - - - - - - - - - - - - - - - - - - - - -
[ ID] Interval           Transfer     Bitrate         Retr
[  6]   0.00-900.01 sec   210 GBytes  2.00 Gbits/sec  215             sender
[  6]   0.00-900.01 sec   210 GBytes  2.00 Gbits/sec                  receiver
[  8]   0.00-900.01 sec   208 GBytes  1.99 Gbits/sec  118             sender
[  8]   0.00-900.01 sec   208 GBytes  1.99 Gbits/sec                  receiver
[ 10]   0.00-900.01 sec   212 GBytes  2.02 Gbits/sec  141             sender
[ 10]   0.00-900.01 sec   212 GBytes  2.02 Gbits/sec                  receiver
[ 12]   0.00-900.01 sec   212 GBytes  2.02 Gbits/sec  147             sender
[ 12]   0.00-900.01 sec   212 GBytes  2.02 Gbits/sec                  receiver
[ 14]   0.00-900.01 sec   213 GBytes  2.03 Gbits/sec  119             sender
[ 14]   0.00-900.01 sec   213 GBytes  2.03 Gbits/sec                  receiver
[ 16]   0.00-900.01 sec   213 GBytes  2.03 Gbits/sec  158             sender
[ 16]   0.00-900.01 sec   213 GBytes  2.03 Gbits/sec                  receiver
[ 18]   0.00-900.01 sec   211 GBytes  2.02 Gbits/sec  144             sender
[ 18]   0.00-900.01 sec   211 GBytes  2.02 Gbits/sec                  receiver
[ 20]   0.00-900.01 sec   210 GBytes  2.01 Gbits/sec  254             sender
[ 20]   0.00-900.01 sec   210 GBytes  2.01 Gbits/sec                  receiver
[SUM]   0.00-900.01 sec  1.65 TBytes  16.1 Gbits/sec  1296             sender
[SUM]   0.00-900.01 sec  1.65 TBytes  16.1 Gbits/sec                  receiver

iperf Done.
