Connecting to host 10.0.0.1, port 5201
[  6] local 10.0.0.2 port 55492 connected to 10.0.0.1 port 5201
[  8] local 10.0.0.2 port 55498 connected to 10.0.0.1 port 5201
[ 10] local 10.0.0.2 port 55502 connected to 10.0.0.1 port 5201
[ 12] local 10.0.0.2 port 55516 connected to 10.0.0.1 port 5201
[ 14] local 10.0.0.2 port 55520 connected to 10.0.0.1 port 5201
[ 16] local 10.0.0.2 port 55522 connected to 10.0.0.1 port 5201
[ 18] local 10.0.0.2 port 55538 connected to 10.0.0.1 port 5201
[ 20] local 10.0.0.2 port 55542 connected to 10.0.0.1 port 5201
[ ID] Interval           Transfer     Bitrate         Retr  Cwnd
[  6]   0.00-1.00   sec   294 MBytes  2.47 Gbits/sec  590   1.60 MBytes       
[  8]   0.00-1.00   sec   266 MBytes  2.23 Gbits/sec  483   1.10 MBytes       
[ 10]   0.00-1.00   sec   278 MBytes  2.33 Gbits/sec    0   3.96 MBytes       
[ 12]   0.00-1.00   sec   177 MBytes  1.48 Gbits/sec  325    624 KBytes       
[ 14]   0.00-1.00   sec   264 MBytes  2.22 Gbits/sec  1892   1.16 MBytes       
[ 16]   0.00-1.00   sec   199 MBytes  1.67 Gbits/sec  601    648 KBytes       
[ 18]   0.00-1.00   sec   226 MBytes  1.90 Gbits/sec  433    863 KBytes       
[ 20]   0.00-1.00   sec   293 MBytes  2.46 Gbits/sec  1539   1.51 MBytes       
[SUM]   0.00-1.00   sec  1.95 GBytes  16.7 Gbits/sec  5863             
- - - - - - - - - - - - - - - - - - - - - - - - -
[  6]   1.00-2.00   sec   562 MBytes  4.71 Gbits/sec  1745   1.68 MBytes       
[  8]   1.00-2.00   sec   459 MBytes  3.85 Gbits/sec  1738   1.30 MBytes       
[ 10]   1.00-2.00   sec   478 MBytes  4.01 Gbits/sec    0   3.96 MBytes       
[ 12]   1.00-2.00   sec   294 MBytes  2.46 Gbits/sec  1469    761 KBytes       
[ 14]   1.00-2.00   sec   405 MBytes  3.39 Gbits/sec  1166    871 KBytes       
[ 16]   1.00-2.00   sec   282 MBytes  2.36 Gbits/sec  884    676 KBytes       
[ 18]   1.00-2.00   sec   253 MBytes  2.12 Gbits/sec  1792    656 KBytes       
[ 20]   1.00-2.00   sec   390 MBytes  3.27 Gbits/sec  3347    884 KBytes       
[SUM]   1.00-2.00   sec  3.05 GBytes  26.2 Gbits/sec  12141             
- - - - - - - - - - - - - - - - - - - - - - - - -
[  6]   2.00-3.00   sec   343 MBytes  2.88 Gbits/sec   77   1.82 MBytes       
[  8]   2.00-3.00   sec   288 MBytes  2.41 Gbits/sec  1049    984 KBytes       
[ 10]   2.00-3.00   sec   293 MBytes  2.46 Gbits/sec    0   3.96 MBytes       
[ 12]   2.00-3.00   sec   227 MBytes  1.90 Gbits/sec   32    930 KBytes       
[ 14]   2.00-3.00   sec   269 MBytes  2.26 Gbits/sec  427   1001 KBytes       
[ 16]   2.00-3.00   sec   229 MBytes  1.93 Gbits/sec  480    675 KBytes       
[ 18]   2.00-3.00   sec   206 MBytes  1.73 Gbits/sec  486    662 KBytes       
[ 20]   2.00-3.00   sec   270 MBytes  2.27 Gbits/sec    0    888 KBytes       
[SUM]   2.00-3.00   sec  2.07 GBytes  17.8 Gbits/sec  2551             
- - - - - - - - - - - - - - - - - - - - - - - - -
[  6]   3.00-4.00   sec   479 MBytes  4.02 Gbits/sec  669   1.93 MBytes       
[  8]   3.00-4.00   sec   375 MBytes  3.15 Gbits/sec   50   1.15 MBytes       
[ 10]   3.00-4.00   sec   410 MBytes  3.44 Gbits/sec    0   3.96 MBytes       
[ 12]   3.00-4.00   sec   354 MBytes  2.97 Gbits/sec  584   1.12 MBytes       
[ 14]   3.00-4.00   sec   340 MBytes  2.85 Gbits/sec  1732   1.03 MBytes       
[ 16]   3.00-4.00   sec   208 MBytes  1.75 Gbits/sec  995    491 KBytes       
[ 18]   3.00-4.00   sec   251 MBytes  2.10 Gbits/sec  630    532 KBytes       
[ 20]   3.00-4.00   sec   325 MBytes  2.72 Gbits/sec  620   1.06 MBytes       
[SUM]   3.00-4.00   sec  2.68 GBytes  23.0 Gbits/sec  5280             
- - - - - - - - - - - - - - - - - - - - - - - - -
[  6]   4.00-5.00   sec   224 MBytes  1.87 Gbits/sec    0   1.93 MBytes       
[  8]   4.00-5.00   sec   199 MBytes  1.67 Gbits/sec    0   1.28 MBytes       
[ 10]   4.00-5.00   sec   214 MBytes  1.79 Gbits/sec    0   3.96 MBytes       
[ 12]   4.00-5.00   sec   240 MBytes  2.01 Gbits/sec    0   1.28 MBytes       
[ 14]   4.00-5.00   sec   214 MBytes  1.80 Gbits/sec    0   1.03 MBytes       
[ 16]   4.00-5.00   sec   183 MBytes  1.54 Gbits/sec    0    723 KBytes       
[ 18]   4.00-5.00   sec   186 MBytes  1.55 Gbits/sec   69    597 KBytes       
[ 20]   4.00-5.00   sec   229 MBytes  1.92 Gbits/sec    0   1.21 MBytes       
[SUM]   4.00-5.00   sec  1.65 GBytes  14.2 Gbits/sec   69             
- - - - - - - - - - - - - - - - - - - - - - - - -
[  6]   5.00-6.00   sec   210 MBytes  1.76 Gbits/sec    0   1.93 MBytes       
[  8]   5.00-6.00   sec   202 MBytes  1.70 Gbits/sec    0   1.38 MBytes       
[ 10]   5.00-6.00   sec   235 MBytes  1.98 Gbits/sec    0   3.96 MBytes       
[ 12]   5.00-6.00   sec   192 MBytes  1.61 Gbits/sec  839   1.28 MBytes       
[ 14]   5.00-6.00   sec   199 MBytes  1.67 Gbits/sec    0   1.06 MBytes       
[ 16]   5.00-6.00   sec   188 MBytes  1.58 Gbits/sec    0    897 KBytes       
[ 18]   5.00-6.00   sec   176 MBytes  1.47 Gbits/sec  426    551 KBytes       
[ 20]   5.00-6.00   sec   195 MBytes  1.64 Gbits/sec    0   1.32 MBytes       
[SUM]   5.00-6.00   sec  1.56 GBytes  13.4 Gbits/sec  1265             
- - - - - - - - - - - - - - - - - - - - - - - - -
[  6]   6.00-7.00   sec   163 MBytes  1.37 Gbits/sec    0   1.93 MBytes       
[  8]   6.00-7.00   sec   162 MBytes  1.36 Gbits/sec    0   1.47 MBytes       
[ 10]   6.00-7.00   sec   175 MBytes  1.47 Gbits/sec    0   3.96 MBytes       
[ 12]   6.00-7.00   sec   191 MBytes  1.60 Gbits/sec    0   1.29 MBytes       
[ 14]   6.00-7.00   sec   166 MBytes  1.40 Gbits/sec    0   1.17 MBytes       
[ 16]   6.00-7.00   sec   163 MBytes  1.37 Gbits/sec    0   1.01 MBytes       
[ 18]   6.00-7.00   sec   176 MBytes  1.48 Gbits/sec    0    625 KBytes       
[ 20]   6.00-7.00   sec   181 MBytes  1.52 Gbits/sec    0   1.42 MBytes       
[SUM]   6.00-7.00   sec  1.35 GBytes  11.6 Gbits/sec    0             
- - - - - - - - - - - - - - - - - - - - - - - - -
[  6]   7.00-8.00   sec   188 MBytes  1.58 Gbits/sec    0   1.93 MBytes       
[  8]   7.00-8.00   sec   201 MBytes  1.69 Gbits/sec    0   1.56 MBytes       
[ 10]   7.00-8.00   sec   191 MBytes  1.60 Gbits/sec    0   3.96 MBytes       
[ 12]   7.00-8.00   sec   192 MBytes  1.61 Gbits/sec    0   1.29 MBytes       
[ 14]   7.00-8.00   sec   198 MBytes  1.66 Gbits/sec   32   1.28 MBytes       
[ 16]   7.00-8.00   sec   199 MBytes  1.67 Gbits/sec    0   1.14 MBytes       
[ 18]   7.00-8.00   sec   183 MBytes  1.54 Gbits/sec    0    823 KBytes       
[ 20]   7.00-8.00   sec   184 MBytes  1.54 Gbits/sec    0   1.51 MBytes       
[SUM]   7.00-8.00   sec  1.50 GBytes  12.9 Gbits/sec   32             
- - - - - - - - - - - - - - - - - - - - - - - - -
[  6]   8.00-9.00   sec   166 MBytes  1.40 Gbits/sec    0   1.93 MBytes       
[  8]   8.00-9.00   sec   159 MBytes  1.34 Gbits/sec    0   1.64 MBytes       
[ 10]   8.00-9.00   sec   182 MBytes  1.53 Gbits/sec    0   3.96 MBytes       
[ 12]   8.00-9.00   sec   158 MBytes  1.32 Gbits/sec    0   1.30 MBytes       
[ 14]   8.00-9.00   sec   153 MBytes  1.29 Gbits/sec    0   1.37 MBytes       
[ 16]   8.00-9.00   sec   172 MBytes  1.45 Gbits/sec    0   1.25 MBytes       
[ 18]   8.00-9.00   sec   175 MBytes  1.47 Gbits/sec    0    971 KBytes       
[ 20]   8.00-9.00   sec   170 MBytes  1.43 Gbits/sec    0   1.59 MBytes       
[SUM]   8.00-9.00   sec  1.30 GBytes  11.2 Gbits/sec    0             
- - - - - - - - - - - - - - - - - - - - - - - - -
[  6]   9.00-10.00  sec   234 MBytes  1.96 Gbits/sec    0   1.93 MBytes       
[  8]   9.00-10.00  sec   281 MBytes  2.36 Gbits/sec    1   1.75 MBytes       
[ 10]   9.00-10.00  sec   246 MBytes  2.06 Gbits/sec    0   3.96 MBytes       
[ 12]   9.00-10.00  sec   228 MBytes  1.91 Gbits/sec  679   1.39 MBytes       
[ 14]   9.00-10.00  sec   270 MBytes  2.26 Gbits/sec   45   1.49 MBytes       
[ 16]   9.00-10.00  sec   224 MBytes  1.88 Gbits/sec  1489    996 KBytes       
[ 18]   9.00-10.00  sec   223 MBytes  1.87 Gbits/sec  394   1.05 MBytes       
[ 20]   9.00-10.00  sec   252 MBytes  2.11 Gbits/sec   93   1.69 MBytes       
[SUM]   9.00-10.00  sec  1.91 GBytes  16.4 Gbits/sec  2701             
- - - - - - - - - - - - - - - - - - - - - - - - -
[  6]  10.00-11.00  sec   212 MBytes  1.78 Gbits/sec    0   1.94 MBytes       
[  8]  10.00-11.00  sec   222 MBytes  1.86 Gbits/sec    0   1.84 MBytes       
[ 10]  10.00-11.00  sec   219 MBytes  1.84 Gbits/sec    0   3.96 MBytes       
[ 12]  10.00-11.00  sec   226 MBytes  1.90 Gbits/sec    0   1.51 MBytes       
[ 14]  10.00-11.00  sec   219 MBytes  1.84 Gbits/sec    0   1.60 MBytes       
[ 16]  10.00-11.00  sec   223 MBytes  1.87 Gbits/sec    0    998 KBytes       
[ 18]  10.00-11.00  sec   197 MBytes  1.65 Gbits/sec  243    755 KBytes       
[ 20]  10.00-11.00  sec   221 MBytes  1.85 Gbits/sec    0   1.78 MBytes       
[SUM]  10.00-11.00  sec  1.70 GBytes  14.6 Gbits/sec  243             
- - - - - - - - - - - - - - - - - - - - - - - - -
[  6]  11.00-12.00  sec   194 MBytes  1.63 Gbits/sec    0   1.97 MBytes       
[  8]  11.00-12.00  sec   212 MBytes  1.77 Gbits/sec    1   1.92 MBytes       
[ 10]  11.00-12.00  sec   217 MBytes  1.82 Gbits/sec    0   3.96 MBytes       
[ 12]  11.00-12.00  sec   215 MBytes  1.80 Gbits/sec    0   1.61 MBytes       
[ 14]  11.00-12.00  sec   225 MBytes  1.88 Gbits/sec    0   1.70 MBytes       
[ 16]  11.00-12.00  sec   246 MBytes  2.07 Gbits/sec    0   1.04 MBytes       
[ 18]  11.00-12.00  sec   215 MBytes  1.80 Gbits/sec    0    884 KBytes       
[ 20]  11.00-12.00  sec   213 MBytes  1.79 Gbits/sec    1   1.86 MBytes       
[SUM]  11.00-12.00  sec  1.70 GBytes  14.6 Gbits/sec    2             
- - - - - - - - - - - - - - - - - - - - - - - - -
[  6]  12.00-13.00  sec   238 MBytes  2.00 Gbits/sec    0   2.06 MBytes       
[  8]  12.00-13.00  sec   226 MBytes  1.90 Gbits/sec    1   2.00 MBytes       
[ 10]  12.00-13.00  sec   212 MBytes  1.78 Gbits/sec    0   3.96 MBytes       
[ 12]  12.00-13.00  sec   239 MBytes  2.01 Gbits/sec  608   1.66 MBytes       
[ 14]  12.00-13.00  sec   221 MBytes  1.85 Gbits/sec    0   1.79 MBytes       
[ 16]  12.00-13.00  sec   206 MBytes  1.73 Gbits/sec    0   1.18 MBytes       
[ 18]  12.00-13.00  sec   185 MBytes  1.55 Gbits/sec  497    571 KBytes       
[ 20]  12.00-13.00  sec   234 MBytes  1.97 Gbits/sec    0   1.95 MBytes       
[SUM]  12.00-13.00  sec  1.72 GBytes  14.8 Gbits/sec  1106             
- - - - - - - - - - - - - - - - - - - - - - - - -
[  6]  13.00-14.00  sec   304 MBytes  2.55 Gbits/sec  172   2.15 MBytes       
[  8]  13.00-14.00  sec   349 MBytes  2.92 Gbits/sec    0   2.13 MBytes       
[ 10]  13.00-14.00  sec   254 MBytes  2.13 Gbits/sec    0   3.96 MBytes       
[ 12]  13.00-14.00  sec   400 MBytes  3.36 Gbits/sec  263   1.77 MBytes       
[ 14]  13.00-14.00  sec   426 MBytes  3.57 Gbits/sec  162   1.93 MBytes       
[ 16]  13.00-14.00  sec   422 MBytes  3.54 Gbits/sec  197   1.39 MBytes       
[ 18]  13.00-14.00  sec   376 MBytes  3.15 Gbits/sec  1406    754 KBytes       
[ 20]  13.00-14.00  sec   367 MBytes  3.07 Gbits/sec  224   2.07 MBytes       
[SUM]  13.00-14.00  sec  2.83 GBytes  24.3 Gbits/sec  2424             
- - - - - - - - - - - - - - - - - - - - - - - - -
[  6]  14.00-15.00  sec   263 MBytes  2.20 Gbits/sec    0   2.24 MBytes       
[  8]  14.00-15.00  sec   280 MBytes  2.35 Gbits/sec    0   2.22 MBytes       
[ 10]  14.00-15.00  sec   220 MBytes  1.85 Gbits/sec    0   3.96 MBytes       
[ 12]  14.00-15.00  sec   348 MBytes  2.92 Gbits/sec   18   1.91 MBytes       
[ 14]  14.00-15.00  sec   301 MBytes  2.53 Gbits/sec   28   2.03 MBytes       
[ 16]  14.00-15.00  sec   368 MBytes  3.09 Gbits/sec  932   1.53 MBytes       
[ 18]  14.00-15.00  sec   315 MBytes  2.65 Gbits/sec   45    848 KBytes       
[ 20]  14.00-15.00  sec   271 MBytes  2.27 Gbits/sec   32   2.15 MBytes       
[SUM]  14.00-15.00  sec  2.31 GBytes  19.8 Gbits/sec  1055             
- - - - - - - - - - - - - - - - - - - - - - - - -
[  6]  15.00-16.00  sec   353 MBytes  2.96 Gbits/sec  157   2.34 MBytes       
[  8]  15.00-16.00  sec   365 MBytes  3.06 Gbits/sec    0   2.34 MBytes       
[ 10]  15.00-16.00  sec   258 MBytes  2.17 Gbits/sec    0   3.96 MBytes       
[ 12]  15.00-16.00  sec   422 MBytes  3.54 Gbits/sec  218   2.03 MBytes       
[ 14]  15.00-16.00  sec   379 MBytes  3.18 Gbits/sec   64   2.16 MBytes       
[ 16]  15.00-16.01  sec   484 MBytes  4.03 Gbits/sec  328   1.70 MBytes       
[ 18]  15.00-16.01  sec   423 MBytes  3.53 Gbits/sec  1667   1.01 MBytes       
[ 20]  15.00-16.01  sec   442 MBytes  3.69 Gbits/sec    0   2.30 MBytes       
[SUM]  15.00-16.00  sec  3.05 GBytes  26.2 Gbits/sec  2434             
- - - - - - - - - - - - - - - - - - - - - - - - -
[  6]  16.00-17.00  sec   255 MBytes  2.14 Gbits/sec   32   2.42 MBytes       
[  8]  16.00-17.00  sec   265 MBytes  2.22 Gbits/sec    0   2.42 MBytes       
[ 10]  16.00-17.00  sec   224 MBytes  1.88 Gbits/sec    0   3.96 MBytes       
[ 12]  16.00-17.00  sec   298 MBytes  2.50 Gbits/sec    1   2.13 MBytes       
[ 14]  16.00-17.00  sec   271 MBytes  2.27 Gbits/sec    0   2.25 MBytes       
[ 16]  16.01-17.00  sec   305 MBytes  2.57 Gbits/sec   90   1.82 MBytes       
[ 18]  16.01-17.00  sec   271 MBytes  2.29 Gbits/sec  638   1.14 MBytes       
[ 20]  16.01-17.00  sec   261 MBytes  2.20 Gbits/sec   32   2.38 MBytes       
[SUM]  16.00-17.00  sec  2.10 GBytes  18.0 Gbits/sec  793             
- - - - - - - - - - - - - - - - - - - - - - - - -
[  6]  17.00-18.00  sec   250 MBytes  2.10 Gbits/sec    0   2.50 MBytes       
[  8]  17.00-18.00  sec   255 MBytes  2.14 Gbits/sec    0   2.50 MBytes       
[ 10]  17.00-18.00  sec   238 MBytes  1.99 Gbits/sec    0   3.96 MBytes       
[ 12]  17.00-18.00  sec   307 MBytes  2.57 Gbits/sec    0   2.23 MBytes       
[ 14]  17.00-18.00  sec   269 MBytes  2.25 Gbits/sec    0   2.34 MBytes       
[ 16]  17.00-18.00  sec   304 MBytes  2.55 Gbits/sec    0   1.94 MBytes       
[ 18]  17.00-18.00  sec   314 MBytes  2.63 Gbits/sec   97   1.32 MBytes       
[ 20]  17.00-18.00  sec   256 MBytes  2.15 Gbits/sec  191   2.45 MBytes       
[SUM]  17.00-18.00  sec  2.14 GBytes  18.4 Gbits/sec  288             
- - - - - - - - - - - - - - - - - - - - - - - - -
[  6]  18.00-19.00  sec   190 MBytes  1.60 Gbits/sec    0   2.55 MBytes       
[  8]  18.00-19.00  sec   188 MBytes  1.58 Gbits/sec    0   2.55 MBytes       
[ 10]  18.00-19.00  sec   203 MBytes  1.70 Gbits/sec    0   3.96 MBytes       
[ 12]  18.00-19.00  sec   184 MBytes  1.55 Gbits/sec    0   2.30 MBytes       
[ 14]  18.00-19.00  sec   199 MBytes  1.67 Gbits/sec    0   2.40 MBytes       
[ 16]  18.00-19.00  sec   188 MBytes  1.58 Gbits/sec    0   2.01 MBytes       
[ 18]  18.00-19.00  sec   221 MBytes  1.86 Gbits/sec   32   1.43 MBytes       
[ 20]  18.00-19.00  sec   199 MBytes  1.67 Gbits/sec    0   2.51 MBytes       
[SUM]  18.00-19.00  sec  1.54 GBytes  13.2 Gbits/sec   32             
- - - - - - - - - - - - - - - - - - - - - - - - -
[  6]  19.00-20.00  sec   202 MBytes  1.69 Gbits/sec    0   2.61 MBytes       
[  8]  19.00-20.00  sec   199 MBytes  1.67 Gbits/sec    0   2.61 MBytes       
[ 10]  19.00-20.00  sec   215 MBytes  1.81 Gbits/sec    0   3.96 MBytes       
[ 12]  19.00-20.00  sec   236 MBytes  1.98 Gbits/sec   47   2.36 MBytes       
[ 14]  19.00-20.00  sec   215 MBytes  1.80 Gbits/sec   64   2.46 MBytes       
[ 16]  19.00-20.00  sec   230 MBytes  1.93 Gbits/sec    0   2.09 MBytes       
[ 18]  19.00-20.00  sec   252 MBytes  2.11 Gbits/sec  140   1.54 MBytes       
[ 20]  19.00-20.00  sec   212 MBytes  1.78 Gbits/sec   32   2.57 MBytes       
[SUM]  19.00-20.00  sec  1.72 GBytes  14.8 Gbits/sec  283             
- - - - - - - - - - - - - - - - - - - - - - - - -
[  6]  20.00-21.00  sec   236 MBytes  1.98 Gbits/sec    0   2.67 MBytes       
[  8]  20.00-21.00  sec   225 MBytes  1.89 Gbits/sec    0   2.67 MBytes       
[ 10]  20.00-21.00  sec   230 MBytes  1.93 Gbits/sec    0   3.96 MBytes       
[ 12]  20.00-21.00  sec   267 MBytes  2.24 Gbits/sec   95   2.44 MBytes       
[ 14]  20.00-21.00  sec   260 MBytes  2.19 Gbits/sec   32   2.53 MBytes       
[ 16]  20.00-21.00  sec   284 MBytes  2.39 Gbits/sec   45   2.18 MBytes       
[ 18]  20.00-21.00  sec   378 MBytes  3.17 Gbits/sec   32   1.70 MBytes       
[ 20]  20.00-21.00  sec   235 MBytes  1.97 Gbits/sec    0   2.63 MBytes       
[SUM]  20.00-21.00  sec  2.07 GBytes  17.8 Gbits/sec  204             
- - - - - - - - - - - - - - - - - - - - - - - - -
[  6]  21.00-22.00  sec   217 MBytes  1.82 Gbits/sec    0   2.73 MBytes       
[  8]  21.00-22.00  sec   209 MBytes  1.75 Gbits/sec    0   2.73 MBytes       
[ 10]  21.00-22.00  sec   215 MBytes  1.80 Gbits/sec    0   3.96 MBytes       
[ 12]  21.00-22.00  sec   238 MBytes  1.99 Gbits/sec    0   2.51 MBytes       
[ 14]  21.00-22.00  sec   246 MBytes  2.06 Gbits/sec    0   2.60 MBytes       
[ 16]  21.00-22.00  sec   267 MBytes  2.24 Gbits/sec    0   2.27 MBytes       
[ 18]  21.00-22.00  sec   321 MBytes  2.69 Gbits/sec   45   1.84 MBytes       
[ 20]  21.00-22.00  sec   211 MBytes  1.77 Gbits/sec    0   2.69 MBytes       
[SUM]  21.00-22.00  sec  1.88 GBytes  16.1 Gbits/sec   45             
- - - - - - - - - - - - - - - - - - - - - - - - -
[  6]  22.00-23.00  sec   198 MBytes  1.66 Gbits/sec    0   2.79 MBytes       
[  8]  22.00-23.00  sec   217 MBytes  1.82 Gbits/sec    0   2.79 MBytes       
[ 10]  22.00-23.00  sec   210 MBytes  1.77 Gbits/sec    0   3.96 MBytes       
[ 12]  22.00-23.00  sec   210 MBytes  1.77 Gbits/sec    0   2.57 MBytes       
[ 14]  22.00-23.00  sec   228 MBytes  1.91 Gbits/sec   32   2.67 MBytes       
[ 16]  22.00-23.00  sec   216 MBytes  1.81 Gbits/sec    0   2.34 MBytes       
[ 18]  22.00-23.00  sec   249 MBytes  2.09 Gbits/sec    0   1.93 MBytes       
[ 20]  22.00-23.00  sec   202 MBytes  1.70 Gbits/sec    0   2.75 MBytes       
[SUM]  22.00-23.00  sec  1.69 GBytes  14.5 Gbits/sec   32             
- - - - - - - - - - - - - - - - - - - - - - - - -
[  6]  23.00-24.00  sec   217 MBytes  1.82 Gbits/sec    0   2.84 MBytes       
[  8]  23.00-24.00  sec   214 MBytes  1.80 Gbits/sec    0   2.84 MBytes       
[ 10]  23.00-24.00  sec   212 MBytes  1.77 Gbits/sec    0   3.96 MBytes       
[ 12]  23.00-24.00  sec   226 MBytes  1.89 Gbits/sec    0   2.63 MBytes       
[ 14]  23.00-24.00  sec   237 MBytes  1.99 Gbits/sec    0   2.73 MBytes       
[ 16]  23.00-24.00  sec   234 MBytes  1.96 Gbits/sec    0   2.41 MBytes       
[ 18]  23.00-24.00  sec   271 MBytes  2.27 Gbits/sec    0   2.03 MBytes       
[ 20]  23.00-24.00  sec   218 MBytes  1.82 Gbits/sec    0   2.81 MBytes       
[SUM]  23.00-24.00  sec  1.78 GBytes  15.3 Gbits/sec    0             
- - - - - - - - - - - - - - - - - - - - - - - - -
[  6]  24.00-25.00  sec   209 MBytes  1.76 Gbits/sec    0   2.90 MBytes       
[  8]  24.00-25.00  sec   198 MBytes  1.66 Gbits/sec    0   3.04 MBytes       
[ 10]  24.00-25.00  sec   206 MBytes  1.73 Gbits/sec    0   3.96 MBytes       
[ 12]  24.00-25.00  sec   201 MBytes  1.69 Gbits/sec    0   2.69 MBytes       
[ 14]  24.00-25.00  sec   194 MBytes  1.63 Gbits/sec    0   2.78 MBytes       
[ 16]  24.00-25.00  sec   219 MBytes  1.84 Gbits/sec    0   2.48 MBytes       
[ 18]  24.00-25.00  sec   218 MBytes  1.83 Gbits/sec    0   2.11 MBytes       
[ 20]  24.00-25.00  sec   203 MBytes  1.70 Gbits/sec    0   2.86 MBytes       
[SUM]  24.00-25.00  sec  1.61 GBytes  13.8 Gbits/sec    0             
- - - - - - - - - - - - - - - - - - - - - - - - -
[  6]  25.00-26.00  sec   245 MBytes  2.06 Gbits/sec    0   2.96 MBytes       
[  8]  25.00-26.00  sec   253 MBytes  2.12 Gbits/sec    0   3.33 MBytes       
[ 10]  25.00-26.00  sec   220 MBytes  1.84 Gbits/sec    0   3.96 MBytes       
[ 12]  25.00-26.00  sec   253 MBytes  2.12 Gbits/sec    0   2.76 MBytes       
[ 14]  25.00-26.00  sec   247 MBytes  2.07 Gbits/sec    0   2.85 MBytes       
[ 16]  25.00-26.00  sec   227 MBytes  1.90 Gbits/sec    0   2.55 MBytes       
[ 18]  25.00-26.00  sec   244 MBytes  2.04 Gbits/sec    0   2.20 MBytes       
[ 20]  25.00-26.00  sec   248 MBytes  2.08 Gbits/sec    0   2.92 MBytes       
[SUM]  25.00-26.00  sec  1.89 GBytes  16.2 Gbits/sec    0             
- - - - - - - - - - - - - - - - - - - - - - - - -
[  6]  26.00-27.00  sec   232 MBytes  1.95 Gbits/sec    0   3.07 MBytes       
[  8]  26.00-27.00  sec   240 MBytes  2.02 Gbits/sec    0   3.65 MBytes       
[ 10]  26.00-27.00  sec   220 MBytes  1.84 Gbits/sec    0   3.96 MBytes       
[ 12]  26.00-27.00  sec   224 MBytes  1.88 Gbits/sec    0   2.82 MBytes       
[ 14]  26.00-27.00  sec   237 MBytes  1.99 Gbits/sec    0   2.91 MBytes       
[ 16]  26.00-27.00  sec   224 MBytes  1.88 Gbits/sec    0   2.61 MBytes       
[ 18]  26.00-27.00  sec   237 MBytes  1.99 Gbits/sec    0   2.27 MBytes       
[ 20]  26.00-27.00  sec   241 MBytes  2.02 Gbits/sec    0   2.98 MBytes       
[SUM]  26.00-27.00  sec  1.81 GBytes  15.6 Gbits/sec    0             
- - - - - - - - - - - - - - - - - - - - - - - - -
[  6]  27.00-28.00  sec   252 MBytes  2.11 Gbits/sec    0   3.29 MBytes       
[  8]  27.00-28.00  sec   235 MBytes  1.97 Gbits/sec    0   3.95 MBytes       
[ 10]  27.00-28.00  sec   248 MBytes  2.08 Gbits/sec    0   3.96 MBytes       
[ 12]  27.00-28.00  sec   244 MBytes  2.05 Gbits/sec    0   2.88 MBytes       
[ 14]  27.00-28.00  sec   195 MBytes  1.63 Gbits/sec    0   2.96 MBytes       
[ 16]  27.00-28.00  sec   214 MBytes  1.79 Gbits/sec    0   2.67 MBytes       
[ 18]  27.00-28.00  sec   231 MBytes  1.93 Gbits/sec    0   2.35 MBytes       
[ 20]  27.00-28.00  sec   247 MBytes  2.07 Gbits/sec    0   3.04 MBytes       
[SUM]  27.00-28.00  sec  1.82 GBytes  15.7 Gbits/sec    0             
- - - - - - - - - - - - - - - - - - - - - - - - -
[  6]  28.00-29.00  sec   256 MBytes  2.15 Gbits/sec    0   3.54 MBytes       
[  8]  28.00-29.00  sec   236 MBytes  1.98 Gbits/sec    0   3.95 MBytes       
[ 10]  28.00-29.00  sec   230 MBytes  1.93 Gbits/sec    0   3.96 MBytes       
[ 12]  28.00-29.00  sec   250 MBytes  2.09 Gbits/sec    0   2.94 MBytes       
[ 14]  28.00-29.00  sec   210 MBytes  1.76 Gbits/sec    0   3.01 MBytes       
[ 16]  28.00-29.00  sec   234 MBytes  1.96 Gbits/sec    0   2.73 MBytes       
[ 18]  28.00-29.00  sec   234 MBytes  1.96 Gbits/sec    0   2.42 MBytes       
[ 20]  28.00-29.00  sec   258 MBytes  2.17 Gbits/sec    0   3.10 MBytes       
[SUM]  28.00-29.00  sec  1.86 GBytes  16.0 Gbits/sec    0             
- - - - - - - - - - - - - - - - - - - - - - - - -
[  6]  29.00-30.00  sec   259 MBytes  2.18 Gbits/sec    0   3.84 MBytes       
[  8]  29.00-30.00  sec   259 MBytes  2.17 Gbits/sec    0   3.95 MBytes       
[ 10]  29.00-30.00  sec   259 MBytes  2.18 Gbits/sec    0   3.96 MBytes       
[ 12]  29.00-30.00  sec   294 MBytes  2.46 Gbits/sec    0   3.02 MBytes       
[ 14]  29.00-30.00  sec   243 MBytes  2.03 Gbits/sec    0   3.07 MBytes       
[ 16]  29.00-30.00  sec   269 MBytes  2.25 Gbits/sec    0   2.81 MBytes       
[ 18]  29.00-30.00  sec   263 MBytes  2.20 Gbits/sec    0   2.50 MBytes       
[ 20]  29.00-30.00  sec   283 MBytes  2.37 Gbits/sec    0   3.22 MBytes       
[SUM]  29.00-30.00  sec  2.08 GBytes  17.9 Gbits/sec    0             
- - - - - - - - - - - - - - - - - - - - - - - - -
[  6]  30.00-31.00  sec   228 MBytes  1.91 Gbits/sec    0   3.94 MBytes       
[  8]  30.00-31.00  sec   230 MBytes  1.93 Gbits/sec    0   3.95 MBytes       
[ 10]  30.00-31.00  sec   224 MBytes  1.88 Gbits/sec    0   3.96 MBytes       
[ 12]  30.00-31.00  sec   247 MBytes  2.08 Gbits/sec    0   3.08 MBytes       
[ 14]  30.00-31.00  sec   203 MBytes  1.71 Gbits/sec    0   3.12 MBytes       
[ 16]  30.00-31.00  sec   224 MBytes  1.89 Gbits/sec    0   2.86 MBytes       
[ 18]  30.00-31.00  sec   208 MBytes  1.75 Gbits/sec    0   2.56 MBytes       
[ 20]  30.00-31.00  sec   260 MBytes  2.19 Gbits/sec    0   3.43 MBytes       
[SUM]  30.00-31.00  sec  1.78 GBytes  15.3 Gbits/sec    0             
- - - - - - - - - - - - - - - - - - - - - - - - -
[  6]  31.00-32.00  sec   251 MBytes  2.10 Gbits/sec    0   3.94 MBytes       
[  8]  31.00-32.00  sec   235 MBytes  1.97 Gbits/sec    0   3.95 MBytes       
[ 10]  31.00-32.00  sec   263 MBytes  2.20 Gbits/sec    0   3.96 MBytes       
[ 12]  31.00-32.00  sec   286 MBytes  2.40 Gbits/sec    0   3.20 MBytes       
[ 14]  31.00-32.00  sec   261 MBytes  2.18 Gbits/sec    0   3.18 MBytes       
[ 16]  31.00-32.00  sec   274 MBytes  2.30 Gbits/sec    0   2.95 MBytes       
[ 18]  31.00-32.00  sec   269 MBytes  2.26 Gbits/sec   32   2.63 MBytes       
[ 20]  31.00-32.00  sec   269 MBytes  2.26 Gbits/sec    0   3.69 MBytes       
[SUM]  31.00-32.00  sec  2.06 GBytes  17.7 Gbits/sec   32             
- - - - - - - - - - - - - - - - - - - - - - - - -
[  6]  32.00-33.00  sec   244 MBytes  2.05 Gbits/sec    0   3.94 MBytes       
[  8]  32.00-33.00  sec   238 MBytes  2.00 Gbits/sec    0   3.95 MBytes       
[ 10]  32.00-33.00  sec   256 MBytes  2.15 Gbits/sec    0   3.96 MBytes       
[ 12]  32.00-33.00  sec   274 MBytes  2.30 Gbits/sec    0   3.43 MBytes       
[ 14]  32.00-33.00  sec   263 MBytes  2.21 Gbits/sec    0   3.33 MBytes       
[ 16]  32.00-33.00  sec   267 MBytes  2.24 Gbits/sec    0   3.18 MBytes       
[ 18]  32.00-33.00  sec   242 MBytes  2.03 Gbits/sec    0   2.70 MBytes       
[ 20]  32.00-33.00  sec   239 MBytes  2.01 Gbits/sec    0   3.94 MBytes       
[SUM]  32.00-33.00  sec  1.98 GBytes  17.0 Gbits/sec    0             
- - - - - - - - - - - - - - - - - - - - - - - - -
[  6]  33.00-34.00  sec   268 MBytes  2.25 Gbits/sec    0   3.94 MBytes       
[  8]  33.00-34.00  sec   264 MBytes  2.21 Gbits/sec    0   3.95 MBytes       
[ 10]  33.00-34.00  sec   274 MBytes  2.30 Gbits/sec    0   3.96 MBytes       
[ 12]  33.00-34.00  sec   285 MBytes  2.40 Gbits/sec    0   3.70 MBytes       
[ 14]  33.00-34.00  sec   260 MBytes  2.19 Gbits/sec    0   3.54 MBytes       
[ 16]  33.00-34.00  sec   296 MBytes  2.49 Gbits/sec    0   3.46 MBytes       
[ 18]  33.00-34.00  sec   285 MBytes  2.39 Gbits/sec    0   2.78 MBytes       
[ 20]  33.00-34.00  sec   279 MBytes  2.34 Gbits/sec    0   3.94 MBytes       
[SUM]  33.00-34.00  sec  2.16 GBytes  18.6 Gbits/sec    0             
- - - - - - - - - - - - - - - - - - - - - - - - -
[  6]  34.00-35.00  sec   268 MBytes  2.25 Gbits/sec    0   3.94 MBytes       
[  8]  34.00-35.00  sec   268 MBytes  2.24 Gbits/sec    0   3.95 MBytes       
[ 10]  34.00-35.00  sec   272 MBytes  2.28 Gbits/sec    0   3.96 MBytes       
[ 12]  34.00-35.00  sec   286 MBytes  2.40 Gbits/sec    0   3.94 MBytes       
[ 14]  34.00-35.00  sec   253 MBytes  2.12 Gbits/sec    0   3.80 MBytes       
[ 16]  34.00-35.00  sec   263 MBytes  2.21 Gbits/sec    0   3.77 MBytes       
[ 18]  34.00-35.00  sec   274 MBytes  2.30 Gbits/sec    0   2.84 MBytes       
[ 20]  34.00-35.00  sec   274 MBytes  2.30 Gbits/sec    0   3.94 MBytes       
[SUM]  34.00-35.00  sec  2.11 GBytes  18.1 Gbits/sec    0             
- - - - - - - - - - - - - - - - - - - - - - - - -
[  6]  35.00-36.00  sec   276 MBytes  2.32 Gbits/sec    0   3.94 MBytes       
[  8]  35.00-36.00  sec   267 MBytes  2.24 Gbits/sec    0   3.95 MBytes       
[ 10]  35.00-36.00  sec   280 MBytes  2.35 Gbits/sec    0   3.96 MBytes       
[ 12]  35.00-36.00  sec   286 MBytes  2.39 Gbits/sec    0   3.94 MBytes       
[ 14]  35.00-36.00  sec   263 MBytes  2.20 Gbits/sec    0   3.95 MBytes       
[ 16]  35.00-36.00  sec   268 MBytes  2.25 Gbits/sec    0   3.94 MBytes       
[ 18]  35.00-36.00  sec   296 MBytes  2.47 Gbits/sec    0   2.92 MBytes       
[ 20]  35.00-36.00  sec   292 MBytes  2.44 Gbits/sec    0   3.94 MBytes       
[SUM]  35.00-36.00  sec  2.18 GBytes  18.7 Gbits/sec    0             
- - - - - - - - - - - - - - - - - - - - - - - - -
[  6]  36.00-37.00  sec   286 MBytes  2.40 Gbits/sec    0   3.94 MBytes       
[  8]  36.00-37.00  sec   280 MBytes  2.35 Gbits/sec    0   3.95 MBytes       
[ 10]  36.00-37.00  sec   288 MBytes  2.42 Gbits/sec    0   3.96 MBytes       
[ 12]  36.00-37.00  sec   288 MBytes  2.42 Gbits/sec    0   3.94 MBytes       
[ 14]  36.00-37.00  sec   286 MBytes  2.41 Gbits/sec    0   3.95 MBytes       
[ 16]  36.00-37.00  sec   286 MBytes  2.40 Gbits/sec    0   3.94 MBytes       
[ 18]  36.00-37.00  sec   305 MBytes  2.57 Gbits/sec    0   3.00 MBytes       
[ 20]  36.00-37.00  sec   294 MBytes  2.47 Gbits/sec    0   3.94 MBytes       
[SUM]  36.00-37.00  sec  2.26 GBytes  19.4 Gbits/sec    0             
- - - - - - - - - - - - - - - - - - - - - - - - -
[  6]  37.00-38.00  sec   296 MBytes  2.49 Gbits/sec    0   3.94 MBytes       
[  8]  37.00-38.00  sec   295 MBytes  2.48 Gbits/sec    0   3.95 MBytes       
[ 10]  37.00-38.00  sec   276 MBytes  2.32 Gbits/sec    0   3.96 MBytes       
[ 12]  37.00-38.00  sec   296 MBytes  2.48 Gbits/sec    0   3.94 MBytes       
[ 14]  37.00-38.00  sec   276 MBytes  2.31 Gbits/sec    0   3.95 MBytes       
[ 16]  37.00-38.00  sec   269 MBytes  2.25 Gbits/sec    0   3.94 MBytes       
[ 18]  37.00-38.00  sec   307 MBytes  2.58 Gbits/sec    0   3.07 MBytes       
[ 20]  37.00-38.00  sec   297 MBytes  2.49 Gbits/sec    0   3.94 MBytes       
[SUM]  37.00-38.00  sec  2.26 GBytes  19.4 Gbits/sec    0             
- - - - - - - - - - - - - - - - - - - - - - - - -
[  6]  38.00-39.00  sec   299 MBytes  2.51 Gbits/sec    0   3.94 MBytes       
[  8]  38.00-39.00  sec   296 MBytes  2.48 Gbits/sec    0   3.95 MBytes       
[ 10]  38.00-39.00  sec   308 MBytes  2.58 Gbits/sec    0   3.96 MBytes       
[ 12]  38.00-39.00  sec   316 MBytes  2.65 Gbits/sec    0   3.94 MBytes       
[ 14]  38.00-39.00  sec   290 MBytes  2.44 Gbits/sec    0   3.95 MBytes       
[ 16]  38.00-39.00  sec   280 MBytes  2.35 Gbits/sec    0   3.94 MBytes       
[ 18]  38.00-39.00  sec   313 MBytes  2.62 Gbits/sec    0   3.15 MBytes       
[ 20]  38.00-39.00  sec   306 MBytes  2.57 Gbits/sec    0   3.94 MBytes       
[SUM]  38.00-39.00  sec  2.35 GBytes  20.2 Gbits/sec    0             
- - - - - - - - - - - - - - - - - - - - - - - - -
[  6]  39.00-40.00  sec   314 MBytes  2.64 Gbits/sec    0   3.94 MBytes       
[  8]  39.00-40.00  sec   313 MBytes  2.62 Gbits/sec    0   3.95 MBytes       
[ 10]  39.00-40.00  sec   315 MBytes  2.64 Gbits/sec    0   3.96 MBytes       
[ 12]  39.00-40.00  sec   323 MBytes  2.71 Gbits/sec    0   3.94 MBytes       
[ 14]  39.00-40.00  sec   284 MBytes  2.38 Gbits/sec    0   3.95 MBytes       
[ 16]  39.00-40.00  sec   290 MBytes  2.43 Gbits/sec    0   3.94 MBytes       
[ 18]  39.00-40.00  sec   333 MBytes  2.79 Gbits/sec    0   3.22 MBytes       
[ 20]  39.00-40.00  sec   326 MBytes  2.73 Gbits/sec    0   3.94 MBytes       
[SUM]  39.00-40.00  sec  2.44 GBytes  20.9 Gbits/sec    0             
- - - - - - - - - - - - - - - - - - - - - - - - -
[  6]  40.00-41.00  sec   342 MBytes  2.87 Gbits/sec    0   3.94 MBytes       
[  8]  40.00-41.00  sec   318 MBytes  2.67 Gbits/sec    0   3.95 MBytes       
[ 10]  40.00-41.00  sec   342 MBytes  2.86 Gbits/sec    0   3.96 MBytes       
[ 12]  40.00-41.00  sec   334 MBytes  2.80 Gbits/sec    0   3.94 MBytes       
[ 14]  40.00-41.00  sec   311 MBytes  2.60 Gbits/sec    0   3.95 MBytes       
[ 16]  40.00-41.00  sec   322 MBytes  2.70 Gbits/sec    0   3.94 MBytes       
[ 18]  40.00-41.00  sec   348 MBytes  2.91 Gbits/sec    0   3.30 MBytes       
[ 20]  40.00-41.00  sec   337 MBytes  2.82 Gbits/sec    0   3.94 MBytes       
[SUM]  40.00-41.00  sec  2.59 GBytes  22.2 Gbits/sec    0             
- - - - - - - - - - - - - - - - - - - - - - - - -
[  6]  41.00-42.00  sec   275 MBytes  2.31 Gbits/sec    0   3.94 MBytes       
[  8]  41.00-42.00  sec   344 MBytes  2.89 Gbits/sec    0   3.95 MBytes       
[ 10]  41.00-42.00  sec   343 MBytes  2.87 Gbits/sec    0   3.96 MBytes       
[ 12]  41.00-42.00  sec   231 MBytes  1.94 Gbits/sec    0   3.94 MBytes       
[ 14]  41.00-42.00  sec   311 MBytes  2.61 Gbits/sec    0   3.95 MBytes       
[ 16]  41.00-42.00  sec   345 MBytes  2.90 Gbits/sec    0   3.94 MBytes       
[ 18]  41.00-42.00  sec   367 MBytes  3.08 Gbits/sec    0   3.38 MBytes       
[ 20]  41.00-42.00  sec   380 MBytes  3.19 Gbits/sec    0   3.94 MBytes       
[SUM]  41.00-42.00  sec  2.53 GBytes  21.8 Gbits/sec    0             
- - - - - - - - - - - - - - - - - - - - - - - - -
[  6]  42.00-43.00  sec   233 MBytes  1.96 Gbits/sec    0   3.94 MBytes       
[  8]  42.00-43.00  sec   278 MBytes  2.34 Gbits/sec    0   3.95 MBytes       
[ 10]  42.00-43.00  sec   360 MBytes  3.03 Gbits/sec    0   3.96 MBytes       
[ 12]  42.00-43.00  sec   214 MBytes  1.80 Gbits/sec    0   3.94 MBytes       
[ 14]  42.00-43.00  sec   334 MBytes  2.80 Gbits/sec    0   3.95 MBytes       
[ 16]  42.00-43.00  sec   353 MBytes  2.96 Gbits/sec    0   3.94 MBytes       
[ 18]  42.00-43.00  sec   368 MBytes  3.09 Gbits/sec    0   3.46 MBytes       
[ 20]  42.00-43.00  sec   357 MBytes  2.99 Gbits/sec    0   3.94 MBytes       
[SUM]  42.00-43.00  sec  2.44 GBytes  21.0 Gbits/sec    0             
- - - - - - - - - - - - - - - - - - - - - - - - -
[  6]  43.00-44.00  sec   257 MBytes  2.16 Gbits/sec    0   3.94 MBytes       
[  8]  43.00-44.00  sec   222 MBytes  1.86 Gbits/sec    0   3.95 MBytes       
[ 10]  43.00-44.00  sec   364 MBytes  3.05 Gbits/sec    0   3.96 MBytes       
[ 12]  43.00-44.00  sec   233 MBytes  1.96 Gbits/sec    0   3.94 MBytes       
[ 14]  43.00-44.00  sec   326 MBytes  2.73 Gbits/sec    0   3.95 MBytes       
[ 16]  43.00-44.00  sec   329 MBytes  2.76 Gbits/sec    0   3.94 MBytes       
[ 18]  43.00-44.00  sec   372 MBytes  3.12 Gbits/sec    0   3.67 MBytes       
[ 20]  43.00-44.00  sec   371 MBytes  3.11 Gbits/sec    0   3.94 MBytes       
[SUM]  43.00-44.00  sec  2.42 GBytes  20.8 Gbits/sec    0             
- - - - - - - - - - - - - - - - - - - - - - - - -
[  6]  44.00-45.00  sec   262 MBytes  2.20 Gbits/sec    0   3.94 MBytes       
[  8]  44.00-45.00  sec   226 MBytes  1.90 Gbits/sec    0   3.95 MBytes       
[ 10]  44.00-45.00  sec   380 MBytes  3.19 Gbits/sec    0   3.96 MBytes       
[ 12]  44.00-45.00  sec   239 MBytes  2.01 Gbits/sec    0   3.94 MBytes       
[ 14]  44.00-45.00  sec   302 MBytes  2.53 Gbits/sec    0   3.95 MBytes       
[ 16]  44.00-45.00  sec   362 MBytes  3.03 Gbits/sec    0   3.94 MBytes       
[ 18]  44.00-45.00  sec   333 MBytes  2.79 Gbits/sec    0   3.94 MBytes       
[ 20]  44.00-45.00  sec   276 MBytes  2.32 Gbits/sec    0   3.94 MBytes       
[SUM]  44.00-45.00  sec  2.33 GBytes  20.0 Gbits/sec    0             
- - - - - - - - - - - - - - - - - - - - - - - - -
[  6]  45.00-46.00  sec   282 MBytes  2.36 Gbits/sec    0   3.94 MBytes       
[  8]  45.00-46.00  sec   229 MBytes  1.92 Gbits/sec    0   3.95 MBytes       
[ 10]  45.00-46.00  sec   389 MBytes  3.26 Gbits/sec    0   3.96 MBytes       
[ 12]  45.00-46.00  sec   240 MBytes  2.02 Gbits/sec    0   3.94 MBytes       
[ 14]  45.00-46.00  sec   247 MBytes  2.08 Gbits/sec    0   3.95 MBytes       
[ 16]  45.00-46.00  sec   352 MBytes  2.96 Gbits/sec    0   3.94 MBytes       
[ 18]  45.00-46.00  sec   348 MBytes  2.92 Gbits/sec    0   3.94 MBytes       
[ 20]  45.00-46.00  sec   298 MBytes  2.51 Gbits/sec    0   3.94 MBytes       
[SUM]  45.00-46.00  sec  2.33 GBytes  20.0 Gbits/sec    0             
- - - - - - - - - - - - - - - - - - - - - - - - -
[  6]  46.00-47.00  sec   287 MBytes  2.41 Gbits/sec    0   3.94 MBytes       
[  8]  46.00-47.00  sec   262 MBytes  2.19 Gbits/sec    0   3.95 MBytes       
[ 10]  46.00-47.00  sec   423 MBytes  3.55 Gbits/sec    0   3.96 MBytes       
[ 12]  46.00-47.00  sec   265 MBytes  2.22 Gbits/sec    0   3.94 MBytes       
[ 14]  46.00-47.00  sec   258 MBytes  2.16 Gbits/sec    0   3.95 MBytes       
[ 16]  46.00-47.00  sec   287 MBytes  2.41 Gbits/sec    0   3.94 MBytes       
[ 18]  46.00-47.00  sec   356 MBytes  2.99 Gbits/sec    0   3.94 MBytes       
[ 20]  46.00-47.00  sec   300 MBytes  2.51 Gbits/sec    0   3.94 MBytes       
[SUM]  46.00-47.00  sec  2.38 GBytes  20.5 Gbits/sec    0             
- - - - - - - - - - - - - - - - - - - - - - - - -
[  6]  47.00-48.00  sec   314 MBytes  2.63 Gbits/sec    0   3.94 MBytes       
[  8]  47.00-48.00  sec   272 MBytes  2.28 Gbits/sec    0   3.95 MBytes       
[ 10]  47.00-48.00  sec   444 MBytes  3.73 Gbits/sec    0   3.96 MBytes       
[ 12]  47.00-48.00  sec   279 MBytes  2.34 Gbits/sec    0   3.94 MBytes       
[ 14]  47.00-48.00  sec   275 MBytes  2.30 Gbits/sec    0   3.95 MBytes       
[ 16]  47.00-48.00  sec   312 MBytes  2.62 Gbits/sec    0   3.94 MBytes       
[ 18]  47.00-48.00  sec   400 MBytes  3.35 Gbits/sec    0   3.94 MBytes       
[ 20]  47.00-48.00  sec   316 MBytes  2.65 Gbits/sec    0   3.94 MBytes       
[SUM]  47.00-48.00  sec  2.55 GBytes  21.9 Gbits/sec    0             
- - - - - - - - - - - - - - - - - - - - - - - - -
[  6]  48.00-49.00  sec   317 MBytes  2.66 Gbits/sec    0   3.94 MBytes       
[  8]  48.00-49.00  sec   281 MBytes  2.36 Gbits/sec    0   3.95 MBytes       
[ 10]  48.00-49.00  sec   249 MBytes  2.09 Gbits/sec    0   3.96 MBytes       
[ 12]  48.00-49.00  sec   308 MBytes  2.58 Gbits/sec    0   3.94 MBytes       
[ 14]  48.00-49.00  sec   277 MBytes  2.33 Gbits/sec    0   3.95 MBytes       
[ 16]  48.00-49.00  sec   324 MBytes  2.72 Gbits/sec    0   3.94 MBytes       
[ 18]  48.00-49.00  sec   368 MBytes  3.08 Gbits/sec    0   3.94 MBytes       
[ 20]  48.00-49.00  sec   327 MBytes  2.74 Gbits/sec    0   3.94 MBytes       
[SUM]  48.00-49.00  sec  2.39 GBytes  20.6 Gbits/sec    0             
- - - - - - - - - - - - - - - - - - - - - - - - -
[  6]  49.00-50.00  sec   336 MBytes  2.81 Gbits/sec    0   3.94 MBytes       
[  8]  49.00-50.00  sec   288 MBytes  2.42 Gbits/sec    0   3.95 MBytes       
[ 10]  49.00-50.00  sec   225 MBytes  1.89 Gbits/sec    0   3.96 MBytes       
[ 12]  49.00-50.00  sec   312 MBytes  2.61 Gbits/sec    0   3.94 MBytes       
[ 14]  49.00-50.00  sec   290 MBytes  2.44 Gbits/sec    0   3.95 MBytes       
[ 16]  49.00-50.00  sec   344 MBytes  2.88 Gbits/sec    0   3.94 MBytes       
[ 18]  49.00-50.00  sec   284 MBytes  2.38 Gbits/sec    0   3.94 MBytes       
[ 20]  49.00-50.00  sec   343 MBytes  2.88 Gbits/sec    0   3.94 MBytes       
[SUM]  49.00-50.00  sec  2.36 GBytes  20.3 Gbits/sec    0             
- - - - - - - - - - - - - - - - - - - - - - - - -
[  6]  50.00-51.00  sec   348 MBytes  2.92 Gbits/sec    0   3.94 MBytes       
[  8]  50.00-51.00  sec   310 MBytes  2.60 Gbits/sec    0   3.95 MBytes       
[ 10]  50.00-51.00  sec   259 MBytes  2.17 Gbits/sec    0   3.96 MBytes       
[ 12]  50.00-51.00  sec   308 MBytes  2.58 Gbits/sec    0   3.94 MBytes       
[ 14]  50.00-51.00  sec   298 MBytes  2.50 Gbits/sec    0   3.95 MBytes       
[ 16]  50.00-51.00  sec   340 MBytes  2.85 Gbits/sec    0   3.94 MBytes       
[ 18]  50.00-51.00  sec   297 MBytes  2.49 Gbits/sec    0   3.94 MBytes       
[ 20]  50.00-51.00  sec   347 MBytes  2.91 Gbits/sec    0   3.94 MBytes       
[SUM]  50.00-51.00  sec  2.45 GBytes  21.0 Gbits/sec    0             
- - - - - - - - - - - - - - - - - - - - - - - - -
[  6]  51.00-52.00  sec   385 MBytes  3.23 Gbits/sec    0   3.94 MBytes       
[  8]  51.00-52.00  sec   343 MBytes  2.88 Gbits/sec    0   3.95 MBytes       
[ 10]  51.00-52.00  sec   257 MBytes  2.16 Gbits/sec    0   3.96 MBytes       
[ 12]  51.00-52.00  sec   353 MBytes  2.96 Gbits/sec    0   3.94 MBytes       
[ 14]  51.00-52.00  sec   322 MBytes  2.70 Gbits/sec    0   3.95 MBytes       
[ 16]  51.00-52.00  sec   354 MBytes  2.97 Gbits/sec    0   3.94 MBytes       
[ 18]  51.00-52.00  sec   332 MBytes  2.79 Gbits/sec    0   3.94 MBytes       
[ 20]  51.00-52.00  sec   382 MBytes  3.21 Gbits/sec    0   3.94 MBytes       
[SUM]  51.00-52.00  sec  2.66 GBytes  22.9 Gbits/sec    0             
- - - - - - - - - - - - - - - - - - - - - - - - -
[  6]  52.00-53.00  sec   406 MBytes  3.41 Gbits/sec    0   3.94 MBytes       
[  8]  52.00-53.00  sec   347 MBytes  2.91 Gbits/sec    0   3.95 MBytes       
[ 10]  52.00-53.00  sec   274 MBytes  2.30 Gbits/sec    0   3.96 MBytes       
[ 12]  52.00-53.00  sec   368 MBytes  3.08 Gbits/sec    0   3.94 MBytes       
[ 14]  52.00-53.00  sec   353 MBytes  2.96 Gbits/sec    0   3.95 MBytes       
[ 16]  52.00-53.00  sec   340 MBytes  2.85 Gbits/sec    0   3.94 MBytes       
[ 18]  52.00-53.00  sec   308 MBytes  2.58 Gbits/sec    0   3.94 MBytes       
[ 20]  52.00-53.00  sec   402 MBytes  3.37 Gbits/sec    0   3.94 MBytes       
[SUM]  52.00-53.00  sec  2.73 GBytes  23.5 Gbits/sec    0             
- - - - - - - - - - - - - - - - - - - - - - - - -
[  6]  53.00-54.00  sec   364 MBytes  3.06 Gbits/sec    0   3.94 MBytes       
[  8]  53.00-54.00  sec   343 MBytes  2.88 Gbits/sec    0   3.95 MBytes       
[ 10]  53.00-54.00  sec   278 MBytes  2.33 Gbits/sec    0   3.96 MBytes       
[ 12]  53.00-54.00  sec   358 MBytes  3.01 Gbits/sec    0   3.94 MBytes       
[ 14]  53.00-54.00  sec   353 MBytes  2.96 Gbits/sec    0   3.95 MBytes       
[ 16]  53.00-54.00  sec   374 MBytes  3.14 Gbits/sec    0   3.94 MBytes       
[ 18]  53.00-54.00  sec   310 MBytes  2.60 Gbits/sec    0   3.94 MBytes       
[ 20]  53.00-54.00  sec   372 MBytes  3.12 Gbits/sec    0   3.94 MBytes       
[SUM]  53.00-54.00  sec  2.69 GBytes  23.1 Gbits/sec    0             
- - - - - - - - - - - - - - - - - - - - - - - - -
[  6]  54.00-55.00  sec   407 MBytes  3.41 Gbits/sec    0   3.94 MBytes       
[  8]  54.00-55.00  sec   367 MBytes  3.08 Gbits/sec    0   3.95 MBytes       
[ 10]  54.00-55.00  sec   300 MBytes  2.52 Gbits/sec    0   3.96 MBytes       
[ 12]  54.00-55.00  sec   301 MBytes  2.53 Gbits/sec    0   3.94 MBytes       
[ 14]  54.00-55.00  sec   358 MBytes  3.01 Gbits/sec    0   3.95 MBytes       
[ 16]  54.00-55.00  sec   373 MBytes  3.13 Gbits/sec    0   3.94 MBytes       
[ 18]  54.00-55.00  sec   315 MBytes  2.64 Gbits/sec    0   3.94 MBytes       
[ 20]  54.00-55.00  sec   382 MBytes  3.21 Gbits/sec    0   3.94 MBytes       
[SUM]  54.00-55.00  sec  2.74 GBytes  23.5 Gbits/sec    0             
- - - - - - - - - - - - - - - - - - - - - - - - -
[  6]  55.00-56.00  sec   405 MBytes  3.40 Gbits/sec    0   3.94 MBytes       
[  8]  55.00-56.00  sec   342 MBytes  2.87 Gbits/sec    0   3.95 MBytes       
[ 10]  55.00-56.00  sec   303 MBytes  2.54 Gbits/sec    0   3.96 MBytes       
[ 12]  55.00-56.00  sec   199 MBytes  1.67 Gbits/sec    0   3.94 MBytes       
[ 14]  55.00-56.00  sec   378 MBytes  3.17 Gbits/sec    0   3.95 MBytes       
[ 16]  55.00-56.00  sec   383 MBytes  3.21 Gbits/sec    0   3.94 MBytes       
[ 18]  55.00-56.00  sec   326 MBytes  2.73 Gbits/sec    0   3.94 MBytes       
[ 20]  55.00-56.00  sec   389 MBytes  3.26 Gbits/sec    0   3.94 MBytes       
[SUM]  55.00-56.00  sec  2.66 GBytes  22.9 Gbits/sec    0             
- - - - - - - - - - - - - - - - - - - - - - - - -
[  6]  56.00-57.00  sec   355 MBytes  2.98 Gbits/sec    0   3.94 MBytes       
[  8]  56.00-57.00  sec   294 MBytes  2.47 Gbits/sec    0   3.95 MBytes       
[ 10]  56.00-57.00  sec   319 MBytes  2.68 Gbits/sec    0   3.96 MBytes       
[ 12]  56.00-57.00  sec   232 MBytes  1.95 Gbits/sec    0   3.94 MBytes       
[ 14]  56.00-57.00  sec   249 MBytes  2.09 Gbits/sec    0   3.95 MBytes       
[ 16]  56.00-57.00  sec   384 MBytes  3.22 Gbits/sec    0   3.94 MBytes       
[ 18]  56.00-57.00  sec   301 MBytes  2.52 Gbits/sec    0   3.94 MBytes       
[ 20]  56.00-57.00  sec   343 MBytes  2.88 Gbits/sec    0   3.94 MBytes       
[SUM]  56.00-57.00  sec  2.42 GBytes  20.8 Gbits/sec    0             
- - - - - - - - - - - - - - - - - - - - - - - - -
[  6]  57.00-58.00  sec   193 MBytes  1.62 Gbits/sec    0   3.94 MBytes       
[  8]  57.00-58.00  sec   288 MBytes  2.42 Gbits/sec    0   3.95 MBytes       
[ 10]  57.00-58.00  sec   267 MBytes  2.24 Gbits/sec    0   3.96 MBytes       
[ 12]  57.00-58.00  sec   239 MBytes  2.00 Gbits/sec    0   3.94 MBytes       
[ 14]  57.00-58.00  sec   231 MBytes  1.94 Gbits/sec    0   3.95 MBytes       
[ 16]  57.00-58.00  sec   246 MBytes  2.06 Gbits/sec    0   3.94 MBytes       
[ 18]  57.00-58.00  sec   194 MBytes  1.63 Gbits/sec    0   3.94 MBytes       
[ 20]  57.00-58.00  sec   210 MBytes  1.76 Gbits/sec    0   3.94 MBytes       
[SUM]  57.00-58.00  sec  1.82 GBytes  15.7 Gbits/sec    0             
- - - - - - - - - - - - - - - - - - - - - - - - -
[  6]  58.00-59.00  sec   229 MBytes  1.92 Gbits/sec    0   3.94 MBytes       
[  8]  58.00-59.00  sec   320 MBytes  2.68 Gbits/sec    0   3.95 MBytes       
[ 10]  58.00-59.00  sec   215 MBytes  1.81 Gbits/sec    0   3.96 MBytes       
[ 12]  58.00-59.00  sec   271 MBytes  2.27 Gbits/sec    0   3.94 MBytes       
[ 14]  58.00-59.00  sec   230 MBytes  1.93 Gbits/sec    0   3.95 MBytes       
[ 16]  58.00-59.00  sec   243 MBytes  2.04 Gbits/sec    0   3.94 MBytes       
[ 18]  58.00-59.00  sec   214 MBytes  1.80 Gbits/sec    0   3.94 MBytes       
[ 20]  58.00-59.00  sec   233 MBytes  1.95 Gbits/sec    0   3.94 MBytes       
[SUM]  58.00-59.00  sec  1.91 GBytes  16.4 Gbits/sec    0             
- - - - - - - - - - - - - - - - - - - - - - - - -
[  6]  59.00-60.00  sec   240 MBytes  2.02 Gbits/sec    0   3.94 MBytes       
[  8]  59.00-60.00  sec   346 MBytes  2.90 Gbits/sec    0   3.95 MBytes       
[ 10]  59.00-60.00  sec   230 MBytes  1.93 Gbits/sec    0   3.96 MBytes       
[ 12]  59.00-60.00  sec   283 MBytes  2.38 Gbits/sec    0   3.94 MBytes       
[ 14]  59.00-60.00  sec   241 MBytes  2.02 Gbits/sec    0   3.95 MBytes       
[ 16]  59.00-60.00  sec   255 MBytes  2.14 Gbits/sec    0   3.94 MBytes       
[ 18]  59.00-60.00  sec   233 MBytes  1.95 Gbits/sec    0   3.94 MBytes       
[ 20]  59.00-60.00  sec   246 MBytes  2.07 Gbits/sec    0   3.94 MBytes       
[SUM]  59.00-60.00  sec  2.03 GBytes  17.4 Gbits/sec    0             
- - - - - - - - - - - - - - - - - - - - - - - - -
[  6]  60.00-61.00  sec   265 MBytes  2.22 Gbits/sec    0   3.94 MBytes       
[  8]  60.00-61.00  sec   348 MBytes  2.92 Gbits/sec    0   3.95 MBytes       
[ 10]  60.00-61.00  sec   247 MBytes  2.07 Gbits/sec    0   3.96 MBytes       
[ 12]  60.00-61.00  sec   286 MBytes  2.40 Gbits/sec    0   3.94 MBytes       
[ 14]  60.00-61.00  sec   262 MBytes  2.20 Gbits/sec    0   3.95 MBytes       
[ 16]  60.00-61.00  sec   271 MBytes  2.27 Gbits/sec    0   3.94 MBytes       
[ 18]  60.00-61.00  sec   253 MBytes  2.12 Gbits/sec    0   3.94 MBytes       
[ 20]  60.00-61.00  sec   269 MBytes  2.25 Gbits/sec    0   3.94 MBytes       
[SUM]  60.00-61.00  sec  2.15 GBytes  18.5 Gbits/sec    0             
- - - - - - - - - - - - - - - - - - - - - - - - -
[  6]  61.00-62.00  sec   268 MBytes  2.25 Gbits/sec    0   3.94 MBytes       
[  8]  61.00-62.00  sec   264 MBytes  2.21 Gbits/sec    0   3.95 MBytes       
[ 10]  61.00-62.00  sec   280 MBytes  2.34 Gbits/sec    0   3.96 MBytes       
[ 12]  61.00-62.00  sec   295 MBytes  2.47 Gbits/sec    0   3.94 MBytes       
[ 14]  61.00-62.00  sec   274 MBytes  2.30 Gbits/sec    0   3.95 MBytes       
[ 16]  61.00-62.00  sec   264 MBytes  2.21 Gbits/sec    0   3.94 MBytes       
[ 18]  61.00-62.00  sec   258 MBytes  2.17 Gbits/sec    0   3.94 MBytes       
[ 20]  61.00-62.00  sec   286 MBytes  2.40 Gbits/sec    0   3.94 MBytes       
[SUM]  61.00-62.00  sec  2.14 GBytes  18.4 Gbits/sec    0             
- - - - - - - - - - - - - - - - - - - - - - - - -
[  6]  62.00-63.00  sec   258 MBytes  2.17 Gbits/sec    0   3.94 MBytes       
[  8]  62.00-63.00  sec   234 MBytes  1.97 Gbits/sec    0   3.95 MBytes       
[ 10]  62.00-63.00  sec   220 MBytes  1.85 Gbits/sec    0   3.96 MBytes       
[ 12]  62.00-63.00  sec   202 MBytes  1.70 Gbits/sec    0   3.94 MBytes       
[ 14]  62.00-63.00  sec   235 MBytes  1.97 Gbits/sec    0   3.95 MBytes       
[ 16]  62.00-63.00  sec   222 MBytes  1.86 Gbits/sec    0   3.94 MBytes       
[ 18]  62.00-63.00  sec   229 MBytes  1.92 Gbits/sec    0   3.94 MBytes       
[ 20]  62.00-63.00  sec   220 MBytes  1.84 Gbits/sec    0   3.94 MBytes       
[SUM]  62.00-63.00  sec  1.78 GBytes  15.3 Gbits/sec    0             
- - - - - - - - - - - - - - - - - - - - - - - - -
[  6]  63.00-64.00  sec   211 MBytes  1.77 Gbits/sec    0   3.94 MBytes       
[  8]  63.00-64.00  sec   220 MBytes  1.85 Gbits/sec    0   3.95 MBytes       
[ 10]  63.00-64.00  sec   243 MBytes  2.04 Gbits/sec    0   3.96 MBytes       
[ 12]  63.00-64.00  sec   229 MBytes  1.92 Gbits/sec    0   3.94 MBytes       
[ 14]  63.00-64.00  sec   213 MBytes  1.79 Gbits/sec    0   3.95 MBytes       
[ 16]  63.00-64.00  sec   216 MBytes  1.81 Gbits/sec    0   3.94 MBytes       
[ 18]  63.00-64.00  sec   204 MBytes  1.71 Gbits/sec    0   3.94 MBytes       
[ 20]  63.00-64.00  sec   203 MBytes  1.71 Gbits/sec    0   3.94 MBytes       
[SUM]  63.00-64.00  sec  1.70 GBytes  14.6 Gbits/sec    0             
- - - - - - - - - - - - - - - - - - - - - - - - -
[  6]  64.00-65.00  sec   220 MBytes  1.84 Gbits/sec    0   3.94 MBytes       
[  8]  64.00-65.00  sec   226 MBytes  1.89 Gbits/sec    0   3.95 MBytes       
[ 10]  64.00-65.00  sec   233 MBytes  1.95 Gbits/sec    0   3.96 MBytes       
[ 12]  64.00-65.00  sec   207 MBytes  1.73 Gbits/sec    0   3.94 MBytes       
[ 14]  64.00-65.00  sec   215 MBytes  1.80 Gbits/sec    0   3.95 MBytes       
[ 16]  64.00-65.00  sec   211 MBytes  1.77 Gbits/sec    0   3.94 MBytes       
[ 18]  64.00-65.00  sec   221 MBytes  1.85 Gbits/sec    0   3.94 MBytes       
[ 20]  64.00-65.00  sec   228 MBytes  1.91 Gbits/sec    0   3.94 MBytes       
[SUM]  64.00-65.00  sec  1.72 GBytes  14.8 Gbits/sec    0             
- - - - - - - - - - - - - - - - - - - - - - - - -
[  6]  65.00-66.00  sec   220 MBytes  1.85 Gbits/sec    0   3.94 MBytes       
[  8]  65.00-66.00  sec   230 MBytes  1.93 Gbits/sec    0   3.95 MBytes       
[ 10]  65.00-66.00  sec   208 MBytes  1.75 Gbits/sec    0   3.96 MBytes       
[ 12]  65.00-66.00  sec   212 MBytes  1.78 Gbits/sec    0   3.94 MBytes       
[ 14]  65.00-66.00  sec   227 MBytes  1.90 Gbits/sec    0   3.95 MBytes       
[ 16]  65.00-66.00  sec   224 MBytes  1.88 Gbits/sec    0   3.94 MBytes       
[ 18]  65.00-66.00  sec   240 MBytes  2.01 Gbits/sec    0   3.94 MBytes       
[ 20]  65.00-66.00  sec   224 MBytes  1.87 Gbits/sec    0   3.94 MBytes       
[SUM]  65.00-66.00  sec  1.74 GBytes  15.0 Gbits/sec    0             
- - - - - - - - - - - - - - - - - - - - - - - - -
[  6]  66.00-67.00  sec   225 MBytes  1.89 Gbits/sec    0   3.94 MBytes       
[  8]  66.00-67.00  sec   230 MBytes  1.93 Gbits/sec    0   3.95 MBytes       
[ 10]  66.00-67.00  sec   225 MBytes  1.89 Gbits/sec    0   3.96 MBytes       
[ 12]  66.00-67.00  sec   245 MBytes  2.06 Gbits/sec    0   3.94 MBytes       
[ 14]  66.00-67.00  sec   218 MBytes  1.83 Gbits/sec    0   3.95 MBytes       
[ 16]  66.00-67.00  sec   236 MBytes  1.98 Gbits/sec    0   3.94 MBytes       
[ 18]  66.00-67.00  sec   230 MBytes  1.93 Gbits/sec    0   3.94 MBytes       
[ 20]  66.00-67.00  sec   218 MBytes  1.83 Gbits/sec    0   3.94 MBytes       
[SUM]  66.00-67.00  sec  1.78 GBytes  15.3 Gbits/sec    0             
- - - - - - - - - - - - - - - - - - - - - - - - -
[  6]  67.00-68.00  sec   238 MBytes  1.99 Gbits/sec    0   3.94 MBytes       
[  8]  67.00-68.00  sec   273 MBytes  2.29 Gbits/sec    0   3.95 MBytes       
[ 10]  67.00-68.00  sec   260 MBytes  2.18 Gbits/sec    0   3.96 MBytes       
[ 12]  67.00-68.00  sec   262 MBytes  2.19 Gbits/sec    0   3.94 MBytes       
[ 14]  67.00-68.00  sec   248 MBytes  2.08 Gbits/sec    0   3.95 MBytes       
[ 16]  67.00-68.00  sec   257 MBytes  2.15 Gbits/sec    0   3.94 MBytes       
[ 18]  67.00-68.00  sec   260 MBytes  2.18 Gbits/sec    0   3.94 MBytes       
[ 20]  67.00-68.00  sec   245 MBytes  2.05 Gbits/sec    0   3.94 MBytes       
[SUM]  67.00-68.00  sec  2.00 GBytes  17.1 Gbits/sec    0             
- - - - - - - - - - - - - - - - - - - - - - - - -
[  6]  68.00-69.00  sec   270 MBytes  2.27 Gbits/sec    0   3.94 MBytes       
[  8]  68.00-69.00  sec   267 MBytes  2.24 Gbits/sec    0   3.95 MBytes       
[ 10]  68.00-69.00  sec   267 MBytes  2.24 Gbits/sec    0   3.96 MBytes       
[ 12]  68.00-69.00  sec   277 MBytes  2.33 Gbits/sec    0   3.94 MBytes       
[ 14]  68.00-69.00  sec   275 MBytes  2.31 Gbits/sec    0   3.95 MBytes       
[ 16]  68.00-69.00  sec   260 MBytes  2.19 Gbits/sec    0   3.94 MBytes       
[ 18]  68.00-69.00  sec   284 MBytes  2.39 Gbits/sec    0   3.94 MBytes       
[ 20]  68.00-69.00  sec   274 MBytes  2.30 Gbits/sec    0   3.94 MBytes       
[SUM]  68.00-69.00  sec  2.12 GBytes  18.2 Gbits/sec    0             
- - - - - - - - - - - - - - - - - - - - - - - - -
[  6]  69.00-70.00  sec   260 MBytes  2.18 Gbits/sec    0   3.94 MBytes       
[  8]  69.00-70.00  sec   262 MBytes  2.20 Gbits/sec    0   3.95 MBytes       
[ 10]  69.00-70.00  sec   250 MBytes  2.09 Gbits/sec    0   3.96 MBytes       
[ 12]  69.00-70.00  sec   291 MBytes  2.44 Gbits/sec    0   3.94 MBytes       
[ 14]  69.00-70.00  sec   268 MBytes  2.25 Gbits/sec    0   3.95 MBytes       
[ 16]  69.00-70.00  sec   252 MBytes  2.12 Gbits/sec    0   3.94 MBytes       
[ 18]  69.00-70.00  sec   244 MBytes  2.04 Gbits/sec    0   3.94 MBytes       
[ 20]  69.00-70.00  sec   275 MBytes  2.31 Gbits/sec    0   3.94 MBytes       
[SUM]  69.00-70.00  sec  2.05 GBytes  17.6 Gbits/sec    0             
- - - - - - - - - - - - - - - - - - - - - - - - -
[  6]  70.00-71.00  sec   265 MBytes  2.22 Gbits/sec    0   3.94 MBytes       
[  8]  70.00-71.00  sec   239 MBytes  2.00 Gbits/sec    0   3.95 MBytes       
[ 10]  70.00-71.00  sec   266 MBytes  2.23 Gbits/sec    0   3.96 MBytes       
[ 12]  70.00-71.00  sec   262 MBytes  2.20 Gbits/sec    0   3.94 MBytes       
[ 14]  70.00-71.00  sec   254 MBytes  2.13 Gbits/sec    0   3.95 MBytes       
[ 16]  70.00-71.00  sec   255 MBytes  2.14 Gbits/sec    0   3.94 MBytes       
[ 18]  70.00-71.00  sec   256 MBytes  2.15 Gbits/sec    0   3.94 MBytes       
[ 20]  70.00-71.00  sec   275 MBytes  2.30 Gbits/sec    0   3.94 MBytes       
[SUM]  70.00-71.00  sec  2.02 GBytes  17.4 Gbits/sec    0             
- - - - - - - - - - - - - - - - - - - - - - - - -
[  6]  71.00-72.00  sec   270 MBytes  2.27 Gbits/sec    0   3.94 MBytes       
[  8]  71.00-72.00  sec   256 MBytes  2.15 Gbits/sec    0   3.95 MBytes       
[ 10]  71.00-72.00  sec   268 MBytes  2.25 Gbits/sec    0   3.96 MBytes       
[ 12]  71.00-72.00  sec   275 MBytes  2.31 Gbits/sec    0   3.94 MBytes       
[ 14]  71.00-72.00  sec   243 MBytes  2.04 Gbits/sec    0   3.95 MBytes       
[ 16]  71.00-72.00  sec   247 MBytes  2.07 Gbits/sec    0   3.94 MBytes       
[ 18]  71.00-72.00  sec   240 MBytes  2.01 Gbits/sec    0   3.94 MBytes       
[ 20]  71.00-72.00  sec   231 MBytes  1.94 Gbits/sec    0   3.94 MBytes       
[SUM]  71.00-72.00  sec  1.98 GBytes  17.0 Gbits/sec    0             
- - - - - - - - - - - - - - - - - - - - - - - - -
[  6]  72.00-73.00  sec   392 MBytes  3.29 Gbits/sec    0   3.94 MBytes       
[  8]  72.00-73.00  sec   376 MBytes  3.15 Gbits/sec    0   3.95 MBytes       
[ 10]  72.00-73.00  sec   406 MBytes  3.40 Gbits/sec    0   3.96 MBytes       
[ 12]  72.00-73.01  sec   381 MBytes  3.17 Gbits/sec    0   3.94 MBytes       
[ 14]  72.00-73.01  sec   400 MBytes  3.33 Gbits/sec    0   3.95 MBytes       
[ 16]  72.00-73.01  sec   418 MBytes  3.48 Gbits/sec    0   3.94 MBytes       
[ 18]  72.00-73.01  sec   400 MBytes  3.33 Gbits/sec    0   3.94 MBytes       
[ 20]  72.00-73.01  sec   355 MBytes  2.95 Gbits/sec    0   3.94 MBytes       
[SUM]  72.00-73.00  sec  3.05 GBytes  26.2 Gbits/sec    0             
- - - - - - - - - - - - - - - - - - - - - - - - -
[  6]  73.00-74.00  sec   494 MBytes  4.15 Gbits/sec    0   3.94 MBytes       
[  8]  73.00-74.00  sec   446 MBytes  3.74 Gbits/sec    0   3.95 MBytes       
[ 10]  73.00-74.00  sec   471 MBytes  3.95 Gbits/sec    0   3.96 MBytes       
[ 12]  73.01-74.00  sec   456 MBytes  3.85 Gbits/sec    0   3.94 MBytes       
[ 14]  73.01-74.00  sec   432 MBytes  3.65 Gbits/sec    0   3.95 MBytes       
[ 16]  73.01-74.00  sec   498 MBytes  4.20 Gbits/sec    0   3.94 MBytes       
[ 18]  73.01-74.01  sec   468 MBytes  3.94 Gbits/sec    0   3.94 MBytes       
[ 20]  73.01-74.01  sec   412 MBytes  3.46 Gbits/sec    0   3.94 MBytes       
[SUM]  73.00-74.00  sec  3.59 GBytes  30.9 Gbits/sec    0             
- - - - - - - - - - - - - - - - - - - - - - - - -
[  6]  74.00-75.00  sec   487 MBytes  4.09 Gbits/sec    0   3.94 MBytes       
[  8]  74.00-75.00  sec   414 MBytes  3.48 Gbits/sec    0   3.95 MBytes       
[ 10]  74.00-75.00  sec   496 MBytes  4.16 Gbits/sec    0   3.96 MBytes       
[ 12]  74.00-75.00  sec   484 MBytes  4.07 Gbits/sec    0   3.94 MBytes       
[ 14]  74.00-75.00  sec   481 MBytes  4.05 Gbits/sec    0   3.95 MBytes       
[ 16]  74.00-75.00  sec   562 MBytes  4.72 Gbits/sec    0   3.94 MBytes       
[ 18]  74.01-75.00  sec   534 MBytes  4.50 Gbits/sec    0   3.94 MBytes       
[ 20]  74.01-75.00  sec   514 MBytes  4.33 Gbits/sec    0   3.94 MBytes       
[SUM]  74.00-75.00  sec  3.88 GBytes  33.3 Gbits/sec    0             
- - - - - - - - - - - - - - - - - - - - - - - - -
[  6]  75.00-76.00  sec   492 MBytes  4.13 Gbits/sec    0   3.94 MBytes       
[  8]  75.00-76.00  sec   463 MBytes  3.88 Gbits/sec    0   3.95 MBytes       
[ 10]  75.00-76.00  sec   510 MBytes  4.27 Gbits/sec    0   3.96 MBytes       
[ 12]  75.00-76.00  sec   476 MBytes  3.99 Gbits/sec    0   3.94 MBytes       
[ 14]  75.00-76.00  sec   480 MBytes  4.02 Gbits/sec    0   3.95 MBytes       
[ 16]  75.00-76.00  sec   465 MBytes  3.89 Gbits/sec    0   3.94 MBytes       
[ 18]  75.00-76.00  sec   533 MBytes  4.46 Gbits/sec    0   3.94 MBytes       
[ 20]  75.00-76.00  sec   450 MBytes  3.76 Gbits/sec    0   3.94 MBytes       
[SUM]  75.00-76.00  sec  3.78 GBytes  32.5 Gbits/sec    0             
- - - - - - - - - - - - - - - - - - - - - - - - -
[  6]  76.00-77.00  sec   513 MBytes  4.30 Gbits/sec    0   3.94 MBytes       
[  8]  76.00-77.00  sec   425 MBytes  3.57 Gbits/sec    0   3.95 MBytes       
[ 10]  76.00-77.00  sec   547 MBytes  4.60 Gbits/sec    0   3.96 MBytes       
[ 12]  76.00-77.00  sec   504 MBytes  4.23 Gbits/sec    0   3.94 MBytes       
[ 14]  76.00-77.00  sec   427 MBytes  3.59 Gbits/sec    0   3.95 MBytes       
[ 16]  76.00-77.00  sec   507 MBytes  4.26 Gbits/sec    0   3.94 MBytes       
[ 18]  76.00-77.00  sec   522 MBytes  4.39 Gbits/sec    0   3.94 MBytes       
[ 20]  76.00-77.00  sec   464 MBytes  3.90 Gbits/sec    0   3.94 MBytes       
[SUM]  76.00-77.00  sec  3.82 GBytes  32.8 Gbits/sec    0             
- - - - - - - - - - - - - - - - - - - - - - - - -
[  6]  77.00-78.00  sec   583 MBytes  4.89 Gbits/sec    0   3.94 MBytes       
[  8]  77.00-78.00  sec   534 MBytes  4.48 Gbits/sec    0   3.95 MBytes       
[ 10]  77.00-78.00  sec   591 MBytes  4.95 Gbits/sec    0   3.96 MBytes       
[ 12]  77.00-78.00  sec   464 MBytes  3.89 Gbits/sec    0   3.94 MBytes       
[ 14]  77.00-78.00  sec   498 MBytes  4.17 Gbits/sec    0   3.95 MBytes       
[ 16]  77.00-78.00  sec   508 MBytes  4.25 Gbits/sec    0   3.94 MBytes       
[ 18]  77.00-78.00  sec   505 MBytes  4.22 Gbits/sec    0   3.94 MBytes       
[ 20]  77.00-78.01  sec   534 MBytes  4.46 Gbits/sec    0   3.94 MBytes       
[SUM]  77.00-78.00  sec  4.12 GBytes  35.4 Gbits/sec    0             
- - - - - - - - - - - - - - - - - - - - - - - - -
[  6]  78.00-79.00  sec   562 MBytes  4.72 Gbits/sec    0   3.94 MBytes       
[  8]  78.00-79.00  sec   666 MBytes  5.59 Gbits/sec    0   3.95 MBytes       
[ 10]  78.00-79.00  sec   629 MBytes  5.28 Gbits/sec    0   3.96 MBytes       
[ 12]  78.00-79.00  sec   642 MBytes  5.39 Gbits/sec    0   3.94 MBytes       
[ 14]  78.00-79.00  sec   623 MBytes  5.23 Gbits/sec    0   3.95 MBytes       
[ 16]  78.00-79.00  sec   618 MBytes  5.19 Gbits/sec    0   3.94 MBytes       
[ 18]  78.00-79.00  sec   609 MBytes  5.12 Gbits/sec    0   3.94 MBytes       
[ 20]  78.01-79.00  sec   646 MBytes  5.43 Gbits/sec    0   3.94 MBytes       
[SUM]  78.00-79.00  sec  4.88 GBytes  41.9 Gbits/sec    0             
- - - - - - - - - - - - - - - - - - - - - - - - -
[  6]  79.00-80.00  sec   831 MBytes  6.97 Gbits/sec    0   3.94 MBytes       
[  8]  79.00-80.00  sec   878 MBytes  7.36 Gbits/sec    0   3.95 MBytes       
[ 10]  79.00-80.00  sec   880 MBytes  7.39 Gbits/sec    0   3.96 MBytes       
[ 12]  79.00-80.00  sec   712 MBytes  5.97 Gbits/sec    0   3.94 MBytes       
[ 14]  79.00-80.00  sec   932 MBytes  7.83 Gbits/sec    0   3.95 MBytes       
[ 16]  79.00-80.00  sec   899 MBytes  7.55 Gbits/sec    0   3.94 MBytes       
[ 18]  79.00-80.00  sec   909 MBytes  7.64 Gbits/sec    0   3.94 MBytes       
[ 20]  79.00-80.00  sec   853 MBytes  7.17 Gbits/sec    0   3.94 MBytes       
[SUM]  79.00-80.00  sec  6.73 GBytes  57.8 Gbits/sec    0             
- - - - - - - - - - - - - - - - - - - - - - - - -
[  6]  80.00-81.00  sec   727 MBytes  6.10 Gbits/sec    0   3.94 MBytes       
[  8]  80.00-81.00  sec   803 MBytes  6.74 Gbits/sec    0   3.95 MBytes       
[ 10]  80.00-81.00  sec   690 MBytes  5.79 Gbits/sec    0   3.96 MBytes       
[ 12]  80.00-81.00  sec   676 MBytes  5.67 Gbits/sec    0   3.94 MBytes       
[ 14]  80.00-81.00  sec   722 MBytes  6.06 Gbits/sec    0   3.95 MBytes       
[ 16]  80.00-81.00  sec   748 MBytes  6.27 Gbits/sec    0   3.94 MBytes       
[ 18]  80.00-81.00  sec   739 MBytes  6.19 Gbits/sec    0   3.94 MBytes       
[ 20]  80.00-81.00  sec   740 MBytes  6.20 Gbits/sec    0   3.94 MBytes       
[SUM]  80.00-81.00  sec  5.71 GBytes  49.0 Gbits/sec    0             
- - - - - - - - - - - - - - - - - - - - - - - - -
[  6]  81.00-82.00  sec   813 MBytes  6.82 Gbits/sec    0   3.94 MBytes       
[  8]  81.00-82.00  sec   902 MBytes  7.56 Gbits/sec    0   3.95 MBytes       
[ 10]  81.00-82.00  sec   861 MBytes  7.22 Gbits/sec    0   3.96 MBytes       
[ 12]  81.00-82.00  sec   777 MBytes  6.51 Gbits/sec    0   3.94 MBytes       
[ 14]  81.00-82.00  sec   762 MBytes  6.39 Gbits/sec    1   3.95 MBytes       
[ 16]  81.00-82.00  sec   798 MBytes  6.69 Gbits/sec    0   3.94 MBytes       
[ 18]  81.00-82.00  sec   842 MBytes  7.07 Gbits/sec    0   3.94 MBytes       
[ 20]  81.00-82.00  sec   857 MBytes  7.18 Gbits/sec    0   3.94 MBytes       
[SUM]  81.00-82.00  sec  6.46 GBytes  55.5 Gbits/sec    1             
- - - - - - - - - - - - - - - - - - - - - - - - -
[  6]  82.00-83.00  sec   540 MBytes  4.53 Gbits/sec    0   3.94 MBytes       
[  8]  82.00-83.00  sec   588 MBytes  4.94 Gbits/sec    0   3.95 MBytes       
[ 10]  82.00-83.00  sec   652 MBytes  5.47 Gbits/sec    0   3.96 MBytes       
[ 12]  82.00-83.00  sec   587 MBytes  4.92 Gbits/sec    0   3.94 MBytes       
[ 14]  82.00-83.00  sec   621 MBytes  5.21 Gbits/sec    0   3.95 MBytes       
[ 16]  82.00-83.00  sec   635 MBytes  5.32 Gbits/sec    0   3.94 MBytes       
[ 18]  82.00-83.00  sec   600 MBytes  5.03 Gbits/sec    1   3.94 MBytes       
[ 20]  82.00-83.00  sec   646 MBytes  5.42 Gbits/sec    0   3.94 MBytes       
[SUM]  82.00-83.00  sec  4.75 GBytes  40.8 Gbits/sec    1             
- - - - - - - - - - - - - - - - - - - - - - - - -
[  6]  83.00-84.00  sec   614 MBytes  5.15 Gbits/sec    0   3.94 MBytes       
[  8]  83.00-84.00  sec   675 MBytes  5.64 Gbits/sec    0   3.95 MBytes       
[ 10]  83.00-84.00  sec   622 MBytes  5.20 Gbits/sec    0   3.96 MBytes       
[ 12]  83.00-84.01  sec   605 MBytes  5.05 Gbits/sec    1   3.94 MBytes       
[ 14]  83.00-84.01  sec   605 MBytes  5.05 Gbits/sec    1   3.95 MBytes       
[ 16]  83.00-84.01  sec   640 MBytes  5.34 Gbits/sec    0   3.94 MBytes       
[ 18]  83.00-84.01  sec   607 MBytes  5.07 Gbits/sec    0   3.94 MBytes       
[ 20]  83.00-84.01  sec   692 MBytes  5.78 Gbits/sec    0   3.94 MBytes       
[SUM]  83.00-84.00  sec  4.94 GBytes  42.4 Gbits/sec    2             
- - - - - - - - - - - - - - - - - - - - - - - - -
[  6]  84.00-85.00  sec   697 MBytes  5.85 Gbits/sec    0   3.94 MBytes       
[  8]  84.00-85.00  sec   766 MBytes  6.45 Gbits/sec    0   3.95 MBytes       
[ 10]  84.00-85.00  sec   717 MBytes  6.04 Gbits/sec    0   3.96 MBytes       
[ 12]  84.01-85.00  sec   680 MBytes  5.73 Gbits/sec    0   3.94 MBytes       
[ 14]  84.01-85.00  sec   619 MBytes  5.22 Gbits/sec    0   3.95 MBytes       
[ 16]  84.01-85.00  sec   631 MBytes  5.32 Gbits/sec    0   3.94 MBytes       
[ 18]  84.01-85.00  sec   684 MBytes  5.76 Gbits/sec    0   3.94 MBytes       
[ 20]  84.01-85.01  sec   634 MBytes  5.30 Gbits/sec    0   3.94 MBytes       
[SUM]  84.00-85.00  sec  5.30 GBytes  45.6 Gbits/sec    0             
- - - - - - - - - - - - - - - - - - - - - - - - -
[  6]  85.00-86.00  sec   752 MBytes  6.31 Gbits/sec    0   3.94 MBytes       
[  8]  85.00-86.00  sec   652 MBytes  5.47 Gbits/sec    0   3.95 MBytes       
[ 10]  85.00-86.00  sec   793 MBytes  6.65 Gbits/sec    0   3.96 MBytes       
[ 12]  85.00-86.00  sec   736 MBytes  6.16 Gbits/sec    0   3.94 MBytes       
[ 14]  85.00-86.00  sec   681 MBytes  5.71 Gbits/sec    0   3.95 MBytes       
[ 16]  85.00-86.01  sec   741 MBytes  6.17 Gbits/sec    0   3.94 MBytes       
[ 18]  85.00-86.01  sec   679 MBytes  5.65 Gbits/sec    0   3.94 MBytes       
[ 20]  85.01-86.01  sec   668 MBytes  5.60 Gbits/sec    0   3.94 MBytes       
[SUM]  85.00-86.00  sec  5.57 GBytes  47.8 Gbits/sec    0             
- - - - - - - - - - - - - - - - - - - - - - - - -
[  6]  86.00-87.00  sec   720 MBytes  6.04 Gbits/sec    0   3.94 MBytes       
[  8]  86.00-87.00  sec   736 MBytes  6.15 Gbits/sec    0   3.95 MBytes       
[ 10]  86.00-87.00  sec   721 MBytes  6.03 Gbits/sec    0   3.96 MBytes       
[ 12]  86.00-87.01  sec   684 MBytes  5.71 Gbits/sec    0   3.94 MBytes       
[ 14]  86.00-87.01  sec   697 MBytes  5.82 Gbits/sec    0   3.95 MBytes       
[ 16]  86.01-87.01  sec   742 MBytes  6.20 Gbits/sec    0   3.94 MBytes       
[ 18]  86.01-87.01  sec   766 MBytes  6.40 Gbits/sec    0   3.94 MBytes       
[ 20]  86.01-87.02  sec   758 MBytes  6.29 Gbits/sec    0   3.94 MBytes       
[SUM]  86.00-87.00  sec  5.69 GBytes  48.9 Gbits/sec    0             
- - - - - - - - - - - - - - - - - - - - - - - - -
[  6]  87.00-88.00  sec   644 MBytes  5.40 Gbits/sec    0   3.94 MBytes       
[  8]  87.00-88.00  sec   698 MBytes  5.88 Gbits/sec    0   3.95 MBytes       
[ 10]  87.00-88.00  sec   691 MBytes  5.82 Gbits/sec    0   3.96 MBytes       
[ 12]  87.01-88.00  sec   682 MBytes  5.76 Gbits/sec    0   3.94 MBytes       
[ 14]  87.01-88.00  sec   720 MBytes  6.08 Gbits/sec    0   3.95 MBytes       
[ 16]  87.01-88.00  sec   722 MBytes  6.13 Gbits/sec    0   3.94 MBytes       
[ 18]  87.01-88.00  sec   702 MBytes  5.97 Gbits/sec    0   3.94 MBytes       
[ 20]  87.02-88.00  sec   662 MBytes  5.69 Gbits/sec    0   3.94 MBytes       
[SUM]  87.00-88.00  sec  5.39 GBytes  46.3 Gbits/sec    0             
- - - - - - - - - - - - - - - - - - - - - - - - -
[  6]  88.00-89.00  sec   485 MBytes  4.07 Gbits/sec    0   3.94 MBytes       
[  8]  88.00-89.01  sec   552 MBytes  4.59 Gbits/sec    0   3.95 MBytes       
[ 10]  88.00-89.01  sec   576 MBytes  4.79 Gbits/sec    0   3.96 MBytes       
[ 12]  88.00-89.01  sec   521 MBytes  4.33 Gbits/sec    0   3.94 MBytes       
[ 14]  88.00-89.01  sec   546 MBytes  4.54 Gbits/sec    0   3.95 MBytes       
[ 16]  88.00-89.01  sec   606 MBytes  5.04 Gbits/sec    0   3.94 MBytes       
[ 18]  88.00-89.01  sec   548 MBytes  4.55 Gbits/sec    0   3.94 MBytes       
[ 20]  88.00-89.01  sec   616 MBytes  5.12 Gbits/sec    0   3.94 MBytes       
[SUM]  88.00-89.00  sec  4.35 GBytes  37.3 Gbits/sec    0             
- - - - - - - - - - - - - - - - - - - - - - - - -
[  6]  89.00-90.00  sec   636 MBytes  5.33 Gbits/sec    0   3.94 MBytes       
[  8]  89.01-90.00  sec   655 MBytes  5.54 Gbits/sec    0   3.95 MBytes       
[ 10]  89.01-90.00  sec   615 MBytes  5.18 Gbits/sec    0   3.96 MBytes       
[ 12]  89.01-90.00  sec   633 MBytes  5.34 Gbits/sec    0   3.94 MBytes       
[ 14]  89.01-90.00  sec   584 MBytes  4.93 Gbits/sec    0   3.95 MBytes       
[ 16]  89.01-90.00  sec   663 MBytes  5.59 Gbits/sec    0   3.94 MBytes       
[ 18]  89.01-90.00  sec   573 MBytes  4.84 Gbits/sec    0   3.94 MBytes       
[ 20]  89.01-90.00  sec   689 MBytes  5.81 Gbits/sec    0   3.94 MBytes       
[SUM]  89.00-90.00  sec  4.93 GBytes  42.3 Gbits/sec    0             
- - - - - - - - - - - - - - - - - - - - - - - - -
[  6]  90.00-91.00  sec   593 MBytes  4.97 Gbits/sec    0   3.94 MBytes       
[  8]  90.00-91.00  sec   618 MBytes  5.17 Gbits/sec    0   3.95 MBytes       
[ 10]  90.00-91.00  sec   607 MBytes  5.09 Gbits/sec    0   3.96 MBytes       
[ 12]  90.00-91.00  sec   648 MBytes  5.43 Gbits/sec    0   3.94 MBytes       
[ 14]  90.00-91.00  sec   504 MBytes  4.23 Gbits/sec    0   3.95 MBytes       
[ 16]  90.00-91.01  sec   654 MBytes  5.48 Gbits/sec    0   3.94 MBytes       
[ 18]  90.00-91.01  sec   612 MBytes  5.12 Gbits/sec    0   3.94 MBytes       
[ 20]  90.00-91.01  sec   687 MBytes  5.75 Gbits/sec    0   3.94 MBytes       
[SUM]  90.00-91.00  sec  4.81 GBytes  41.3 Gbits/sec    0             
- - - - - - - - - - - - - - - - - - - - - - - - -
[  6]  91.00-92.00  sec   687 MBytes  5.77 Gbits/sec    0   3.94 MBytes       
[  8]  91.00-92.00  sec   707 MBytes  5.95 Gbits/sec    0   3.95 MBytes       
[ 10]  91.00-92.00  sec   618 MBytes  5.20 Gbits/sec    0   3.96 MBytes       
[ 12]  91.00-92.00  sec   620 MBytes  5.22 Gbits/sec    0   3.94 MBytes       
[ 14]  91.00-92.01  sec   748 MBytes  6.23 Gbits/sec    0   3.95 MBytes       
[ 16]  91.01-92.01  sec   759 MBytes  6.33 Gbits/sec    0   3.94 MBytes       
[ 18]  91.01-92.01  sec   665 MBytes  5.55 Gbits/sec    0   3.94 MBytes       
[ 20]  91.01-92.01  sec   693 MBytes  5.78 Gbits/sec    0   3.94 MBytes       
[SUM]  91.00-92.00  sec  5.37 GBytes  46.1 Gbits/sec    0             
- - - - - - - - - - - - - - - - - - - - - - - - -
[  6]  92.00-93.00  sec   612 MBytes  5.14 Gbits/sec    0   3.94 MBytes       
[  8]  92.00-93.00  sec   639 MBytes  5.36 Gbits/sec    0   3.95 MBytes       
[ 10]  92.00-93.00  sec   541 MBytes  4.54 Gbits/sec    0   3.96 MBytes       
[ 12]  92.00-93.00  sec   621 MBytes  5.21 Gbits/sec    0   3.94 MBytes       
[ 14]  92.01-93.00  sec   624 MBytes  5.28 Gbits/sec    0   3.95 MBytes       
[ 16]  92.01-93.00  sec   681 MBytes  5.77 Gbits/sec    0   3.94 MBytes       
[ 18]  92.01-93.00  sec   562 MBytes  4.76 Gbits/sec    0   3.94 MBytes       
[ 20]  92.01-93.00  sec   600 MBytes  5.08 Gbits/sec    0   3.94 MBytes       
[SUM]  92.00-93.00  sec  4.77 GBytes  40.9 Gbits/sec    0             
- - - - - - - - - - - - - - - - - - - - - - - - -
[  6]  93.00-94.00  sec   590 MBytes  4.95 Gbits/sec    0   3.94 MBytes       
[  8]  93.00-94.00  sec   747 MBytes  6.26 Gbits/sec    0   3.95 MBytes       
[ 10]  93.00-94.00  sec   674 MBytes  5.64 Gbits/sec    0   3.96 MBytes       
[ 12]  93.00-94.00  sec   670 MBytes  5.62 Gbits/sec    0   3.94 MBytes       
[ 14]  93.00-94.00  sec   650 MBytes  5.44 Gbits/sec    0   3.95 MBytes       
[ 16]  93.00-94.01  sec   650 MBytes  5.42 Gbits/sec    0   3.94 MBytes       
[ 18]  93.00-94.01  sec   656 MBytes  5.47 Gbits/sec    0   3.94 MBytes       
[ 20]  93.00-94.01  sec   695 MBytes  5.80 Gbits/sec    0   3.94 MBytes       
[SUM]  93.00-94.00  sec  5.21 GBytes  44.7 Gbits/sec    0             
- - - - - - - - - - - - - - - - - - - - - - - - -
[  6]  94.00-95.00  sec   654 MBytes  5.49 Gbits/sec    0   3.94 MBytes       
[  8]  94.00-95.00  sec   688 MBytes  5.77 Gbits/sec    0   3.95 MBytes       
[ 10]  94.00-95.00  sec   721 MBytes  6.04 Gbits/sec    0   3.96 MBytes       
[ 12]  94.00-95.00  sec   704 MBytes  5.91 Gbits/sec    0   3.94 MBytes       
[ 14]  94.00-95.00  sec   725 MBytes  6.09 Gbits/sec    0   3.95 MBytes       
[ 16]  94.01-95.00  sec   703 MBytes  5.92 Gbits/sec    0   3.94 MBytes       
[ 18]  94.01-95.00  sec   604 MBytes  5.08 Gbits/sec    0   3.94 MBytes       
[ 20]  94.01-95.00  sec   707 MBytes  5.95 Gbits/sec    0   3.94 MBytes       
[SUM]  94.00-95.00  sec  5.38 GBytes  46.2 Gbits/sec    0             
- - - - - - - - - - - - - - - - - - - - - - - - -
[  6]  95.00-96.00  sec   713 MBytes  5.98 Gbits/sec    0   3.94 MBytes       
[  8]  95.00-96.00  sec   824 MBytes  6.92 Gbits/sec    0   3.95 MBytes       
[ 10]  95.00-96.00  sec   720 MBytes  6.05 Gbits/sec    0   3.96 MBytes       
[ 12]  95.00-96.00  sec   697 MBytes  5.84 Gbits/sec    0   3.94 MBytes       
[ 14]  95.00-96.00  sec   715 MBytes  5.99 Gbits/sec    0   3.95 MBytes       
[ 16]  95.00-96.01  sec   796 MBytes  6.65 Gbits/sec    0   3.94 MBytes       
[ 18]  95.00-96.01  sec   684 MBytes  5.71 Gbits/sec    0   3.94 MBytes       
[ 20]  95.00-96.01  sec   724 MBytes  6.05 Gbits/sec    0   3.94 MBytes       
[SUM]  95.00-96.00  sec  5.74 GBytes  49.3 Gbits/sec    0             
- - - - - - - - - - - - - - - - - - - - - - - - -
[  6]  96.00-97.00  sec   701 MBytes  5.88 Gbits/sec    0   3.94 MBytes       
[  8]  96.00-97.00  sec   797 MBytes  6.68 Gbits/sec    0   3.95 MBytes       
[ 10]  96.00-97.00  sec   802 MBytes  6.73 Gbits/sec    0   3.96 MBytes       
[ 12]  96.00-97.01  sec   702 MBytes  5.87 Gbits/sec    0   3.94 MBytes       
[ 14]  96.00-97.01  sec   740 MBytes  6.16 Gbits/sec    0   3.95 MBytes       
[ 16]  96.01-97.01  sec   781 MBytes  6.51 Gbits/sec    0   3.94 MBytes       
[ 18]  96.01-97.01  sec   748 MBytes  6.23 Gbits/sec    0   3.94 MBytes       
[ 20]  96.01-97.01  sec   732 MBytes  6.10 Gbits/sec    0   3.94 MBytes       
[SUM]  96.00-97.00  sec  5.86 GBytes  50.4 Gbits/sec    0             
- - - - - - - - - - - - - - - - - - - - - - - - -
[  6]  97.00-98.00  sec   733 MBytes  6.15 Gbits/sec    0   3.94 MBytes       
[  8]  97.00-98.00  sec   801 MBytes  6.72 Gbits/sec    0   3.95 MBytes       
[ 10]  97.00-98.00  sec   721 MBytes  6.03 Gbits/sec    0   3.96 MBytes       
[ 12]  97.01-98.00  sec   665 MBytes  5.59 Gbits/sec    0   3.94 MBytes       
[ 14]  97.01-98.00  sec   710 MBytes  6.00 Gbits/sec    0   3.95 MBytes       
[ 16]  97.01-98.00  sec   765 MBytes  6.48 Gbits/sec    0   3.94 MBytes       
[ 18]  97.01-98.00  sec   701 MBytes  5.94 Gbits/sec    0   3.94 MBytes       
[ 20]  97.01-98.00  sec   692 MBytes  5.86 Gbits/sec    0   3.94 MBytes       
[SUM]  97.00-98.00  sec  5.65 GBytes  48.5 Gbits/sec    0             
- - - - - - - - - - - - - - - - - - - - - - - - -
[  6]  98.00-99.00  sec   699 MBytes  5.86 Gbits/sec    0   3.94 MBytes       
[  8]  98.00-99.00  sec   739 MBytes  6.18 Gbits/sec    0   3.95 MBytes       
[ 10]  98.00-99.00  sec   673 MBytes  5.64 Gbits/sec    0   3.96 MBytes       
[ 12]  98.00-99.00  sec   680 MBytes  5.71 Gbits/sec    0   3.94 MBytes       
[ 14]  98.00-99.01  sec   692 MBytes  5.76 Gbits/sec    0   3.95 MBytes       
[ 16]  98.00-99.01  sec   702 MBytes  5.84 Gbits/sec    0   3.94 MBytes       
[ 18]  98.00-99.01  sec   745 MBytes  6.20 Gbits/sec    0   3.94 MBytes       
[ 20]  98.00-99.01  sec   777 MBytes  6.47 Gbits/sec    0   3.94 MBytes       
[SUM]  98.00-99.00  sec  5.57 GBytes  47.9 Gbits/sec    0             
- - - - - - - - - - - - - - - - - - - - - - - - -
[  6]  99.00-100.00 sec   746 MBytes  6.26 Gbits/sec    0   3.94 MBytes       
[  8]  99.00-100.00 sec   780 MBytes  6.56 Gbits/sec    0   3.95 MBytes       
[ 10]  99.00-100.01 sec   719 MBytes  6.00 Gbits/sec    0   3.96 MBytes       
[ 12]  99.00-100.01 sec   711 MBytes  5.93 Gbits/sec    0   3.94 MBytes       
[ 14]  99.01-100.01 sec   735 MBytes  6.18 Gbits/sec    0   3.95 MBytes       
[ 16]  99.01-100.01 sec   702 MBytes  5.90 Gbits/sec    0   3.94 MBytes       
[ 18]  99.01-100.01 sec   746 MBytes  6.26 Gbits/sec    1   3.94 MBytes       
[ 20]  99.01-100.01 sec   676 MBytes  5.67 Gbits/sec    0   3.94 MBytes       
[SUM]  99.00-100.00 sec  5.68 GBytes  48.8 Gbits/sec    1             
- - - - - - - - - - - - - - - - - - - - - - - - -
[  6] 100.00-101.00 sec   662 MBytes  5.55 Gbits/sec    0   3.94 MBytes       
[  8] 100.00-101.00 sec   672 MBytes  5.63 Gbits/sec    0   3.95 MBytes       
[ 10] 100.01-101.00 sec   654 MBytes  5.52 Gbits/sec    0   3.96 MBytes       
[ 12] 100.01-101.00 sec   679 MBytes  5.74 Gbits/sec    0   3.94 MBytes       
[ 14] 100.01-101.00 sec   723 MBytes  6.10 Gbits/sec    0   3.95 MBytes       
[ 16] 100.01-101.00 sec   725 MBytes  6.12 Gbits/sec    0   3.94 MBytes       
[ 18] 100.01-101.00 sec   636 MBytes  5.38 Gbits/sec    0   3.94 MBytes       
[ 20] 100.01-101.00 sec   716 MBytes  6.05 Gbits/sec    0   3.94 MBytes       
[SUM] 100.00-101.00 sec  5.34 GBytes  45.9 Gbits/sec    0             
- - - - - - - - - - - - - - - - - - - - - - - - -
[  6] 101.00-102.00 sec   684 MBytes  5.74 Gbits/sec    0   3.94 MBytes       
[  8] 101.00-102.00 sec   706 MBytes  5.92 Gbits/sec    0   3.95 MBytes       
[ 10] 101.00-102.00 sec   716 MBytes  6.02 Gbits/sec    0   3.96 MBytes       
[ 12] 101.00-102.00 sec   683 MBytes  5.73 Gbits/sec    0   3.94 MBytes       
[ 14] 101.00-102.00 sec   676 MBytes  5.68 Gbits/sec    0   3.95 MBytes       
[ 16] 101.00-102.00 sec   794 MBytes  6.68 Gbits/sec    0   3.94 MBytes       
[ 18] 101.00-102.00 sec   782 MBytes  6.58 Gbits/sec    0   3.94 MBytes       
[ 20] 101.00-102.00 sec   747 MBytes  6.28 Gbits/sec    0   3.94 MBytes       
[SUM] 101.00-102.00 sec  5.65 GBytes  48.5 Gbits/sec    0             
- - - - - - - - - - - - - - - - - - - - - - - - -
[  6] 102.00-103.00 sec   729 MBytes  6.11 Gbits/sec    0   3.94 MBytes       
[  8] 102.00-103.00 sec   734 MBytes  6.16 Gbits/sec    0   3.95 MBytes       
[ 10] 102.00-103.00 sec   776 MBytes  6.49 Gbits/sec    0   3.96 MBytes       
[ 12] 102.00-103.00 sec   692 MBytes  5.79 Gbits/sec    0   3.94 MBytes       
[ 14] 102.00-103.00 sec   731 MBytes  6.11 Gbits/sec    0   3.95 MBytes       
[ 16] 102.00-103.01 sec   744 MBytes  6.21 Gbits/sec    0   3.94 MBytes       
[ 18] 102.00-103.01 sec   686 MBytes  5.72 Gbits/sec    1   3.94 MBytes       
[ 20] 102.00-103.01 sec   694 MBytes  5.80 Gbits/sec    0   3.94 MBytes       
[SUM] 102.00-103.00 sec  5.65 GBytes  48.5 Gbits/sec    1             
- - - - - - - - - - - - - - - - - - - - - - - - -
[  6] 103.00-104.00 sec   604 MBytes  5.06 Gbits/sec    1   3.94 MBytes       
[  8] 103.00-104.00 sec   758 MBytes  6.36 Gbits/sec    0   3.95 MBytes       
[ 10] 103.00-104.00 sec   732 MBytes  6.16 Gbits/sec    0   3.96 MBytes       
[ 12] 103.00-104.00 sec   639 MBytes  5.38 Gbits/sec    0   3.94 MBytes       
[ 14] 103.00-104.00 sec   710 MBytes  5.96 Gbits/sec    0   3.95 MBytes       
[ 16] 103.01-104.00 sec   678 MBytes  5.69 Gbits/sec    0   3.94 MBytes       
[ 18] 103.01-104.00 sec   718 MBytes  6.03 Gbits/sec    0   3.94 MBytes       
[ 20] 103.01-104.00 sec   728 MBytes  6.11 Gbits/sec    0   3.94 MBytes       
[SUM] 103.00-104.00 sec  5.44 GBytes  46.7 Gbits/sec    1             
- - - - - - - - - - - - - - - - - - - - - - - - -
[  6] 104.00-105.00 sec   892 MBytes  7.48 Gbits/sec    0   3.94 MBytes       
[  8] 104.00-105.00 sec   879 MBytes  7.37 Gbits/sec    0   3.95 MBytes       
[ 10] 104.00-105.00 sec   905 MBytes  7.60 Gbits/sec    0   3.96 MBytes       
[ 12] 104.00-105.00 sec   859 MBytes  7.21 Gbits/sec    1   3.94 MBytes       
[ 14] 104.00-105.00 sec   879 MBytes  7.40 Gbits/sec    0   3.95 MBytes       
[ 16] 104.00-105.00 sec   857 MBytes  7.21 Gbits/sec    0   3.94 MBytes       
[ 18] 104.00-105.00 sec   834 MBytes  7.02 Gbits/sec    0   3.94 MBytes       
[ 20] 104.00-105.00 sec   893 MBytes  7.52 Gbits/sec    1   3.94 MBytes       
[SUM] 104.00-105.00 sec  6.83 GBytes  58.7 Gbits/sec    2             
- - - - - - - - - - - - - - - - - - - - - - - - -
[  6] 105.00-106.00 sec   996 MBytes  8.35 Gbits/sec    0   3.94 MBytes       
[  8] 105.00-106.00 sec  1017 MBytes  8.53 Gbits/sec    0   3.95 MBytes       
[ 10] 105.00-106.00 sec   997 MBytes  8.36 Gbits/sec    0   3.96 MBytes       
[ 12] 105.00-106.00 sec  1.01 GBytes  8.67 Gbits/sec    0   3.94 MBytes       
[ 14] 105.00-106.00 sec   957 MBytes  8.03 Gbits/sec    0   3.95 MBytes       
[ 16] 105.00-106.00 sec  1.02 GBytes  8.74 Gbits/sec    0   3.94 MBytes       
[ 18] 105.00-106.00 sec  1.01 GBytes  8.68 Gbits/sec    0   3.94 MBytes       
[ 20] 105.00-106.00 sec  1.00 GBytes  8.58 Gbits/sec    0   3.94 MBytes       
[SUM] 105.00-106.00 sec  7.92 GBytes  68.0 Gbits/sec    0             
- - - - - - - - - - - - - - - - - - - - - - - - -
[  6] 106.00-107.00 sec   807 MBytes  6.77 Gbits/sec    0   3.94 MBytes       
[  8] 106.00-107.00 sec   877 MBytes  7.36 Gbits/sec    0   3.95 MBytes       
[ 10] 106.00-107.01 sec   888 MBytes  7.37 Gbits/sec    1   3.96 MBytes       
[ 12] 106.00-107.01 sec   837 MBytes  6.94 Gbits/sec    0   3.94 MBytes       
[ 14] 106.00-107.01 sec   827 MBytes  6.86 Gbits/sec    0   3.95 MBytes       
[ 16] 106.00-107.01 sec   816 MBytes  6.78 Gbits/sec    0   3.94 MBytes       
[ 18] 106.00-107.01 sec   810 MBytes  6.74 Gbits/sec    0   3.94 MBytes       
[ 20] 106.00-107.01 sec   845 MBytes  7.03 Gbits/sec    0   3.94 MBytes       
[SUM] 106.00-107.00 sec  6.55 GBytes  56.3 Gbits/sec    1             
- - - - - - - - - - - - - - - - - - - - - - - - -
[  6] 107.00-108.00 sec   851 MBytes  7.14 Gbits/sec    0   3.94 MBytes       
[  8] 107.00-108.01 sec   846 MBytes  7.04 Gbits/sec    0   3.95 MBytes       
[ 10] 107.01-108.01 sec   804 MBytes  6.77 Gbits/sec    0   3.96 MBytes       
[ 12] 107.01-108.01 sec   891 MBytes  7.49 Gbits/sec    0   3.94 MBytes       
[ 14] 107.01-108.01 sec   828 MBytes  6.96 Gbits/sec    0   3.95 MBytes       
[ 16] 107.01-108.01 sec   811 MBytes  6.80 Gbits/sec    0   3.94 MBytes       
[ 18] 107.01-108.01 sec   836 MBytes  7.01 Gbits/sec    1   3.94 MBytes       
[ 20] 107.01-108.01 sec   841 MBytes  7.05 Gbits/sec    1   3.94 MBytes       
[SUM] 107.00-108.00 sec  6.55 GBytes  56.3 Gbits/sec    2             
- - - - - - - - - - - - - - - - - - - - - - - - -
[  6] 108.00-109.00 sec   882 MBytes  7.40 Gbits/sec    0   3.94 MBytes       
[  8] 108.01-109.00 sec   859 MBytes  7.26 Gbits/sec    0   3.95 MBytes       
[ 10] 108.01-109.00 sec   905 MBytes  7.65 Gbits/sec    0   3.96 MBytes       
[ 12] 108.01-109.01 sec   907 MBytes  7.64 Gbits/sec    0   3.94 MBytes       
[ 14] 108.01-109.01 sec   885 MBytes  7.46 Gbits/sec    0   3.95 MBytes       
[ 16] 108.01-109.01 sec   905 MBytes  7.65 Gbits/sec    0   3.94 MBytes       
[ 18] 108.01-109.01 sec   876 MBytes  7.38 Gbits/sec    0   3.94 MBytes       
[ 20] 108.01-109.01 sec   882 MBytes  7.40 Gbits/sec    0   3.94 MBytes       
[SUM] 108.00-109.00 sec  6.94 GBytes  59.6 Gbits/sec    0             
- - - - - - - - - - - - - - - - - - - - - - - - -
[  6] 109.00-110.00 sec   656 MBytes  5.50 Gbits/sec    0   3.94 MBytes       
[  8] 109.00-110.00 sec   750 MBytes  6.29 Gbits/sec    0   3.95 MBytes       
[ 10] 109.00-110.00 sec   659 MBytes  5.52 Gbits/sec    0   3.96 MBytes       
[ 12] 109.01-110.00 sec   782 MBytes  6.57 Gbits/sec    0   3.94 MBytes       
[ 14] 109.01-110.00 sec   705 MBytes  5.93 Gbits/sec    0   3.95 MBytes       
[ 16] 109.01-110.00 sec   703 MBytes  5.91 Gbits/sec    0   3.94 MBytes       
[ 18] 109.01-110.00 sec   730 MBytes  6.15 Gbits/sec    0   3.94 MBytes       
[ 20] 109.01-110.00 sec   690 MBytes  5.84 Gbits/sec    1   3.94 MBytes       
[SUM] 109.00-110.00 sec  5.54 GBytes  47.6 Gbits/sec    1             
- - - - - - - - - - - - - - - - - - - - - - - - -
[  6] 110.00-111.00 sec   774 MBytes  6.50 Gbits/sec    0   3.94 MBytes       
[  8] 110.00-111.00 sec   756 MBytes  6.35 Gbits/sec    0   3.95 MBytes       
[ 10] 110.00-111.00 sec   711 MBytes  5.98 Gbits/sec    0   3.96 MBytes       
[ 12] 110.00-111.00 sec   795 MBytes  6.69 Gbits/sec    0   3.94 MBytes       
[ 14] 110.00-111.01 sec   694 MBytes  5.80 Gbits/sec    0   3.95 MBytes       
[ 16] 110.00-111.01 sec   833 MBytes  6.92 Gbits/sec    0   3.94 MBytes       
[ 18] 110.00-111.02 sec   815 MBytes  6.75 Gbits/sec    0   3.94 MBytes       
[ 20] 110.00-111.02 sec   752 MBytes  6.23 Gbits/sec    0   3.94 MBytes       
[SUM] 110.00-111.00 sec  5.99 GBytes  51.5 Gbits/sec    0             
- - - - - - - - - - - - - - - - - - - - - - - - -
[  6] 111.00-112.00 sec   726 MBytes  6.09 Gbits/sec    0   3.94 MBytes       
[  8] 111.00-112.00 sec   684 MBytes  5.72 Gbits/sec    0   3.95 MBytes       
[ 10] 111.00-112.00 sec   708 MBytes  5.93 Gbits/sec    0   3.96 MBytes       
[ 12] 111.00-112.00 sec   708 MBytes  5.93 Gbits/sec    0   3.94 MBytes       
[ 14] 111.01-112.00 sec   686 MBytes  5.78 Gbits/sec    0   3.95 MBytes       
[ 16] 111.01-112.00 sec   772 MBytes  6.54 Gbits/sec    0   3.94 MBytes       
[ 18] 111.02-112.01 sec   693 MBytes  5.85 Gbits/sec    0   3.94 MBytes       
[ 20] 111.02-112.01 sec   661 MBytes  5.59 Gbits/sec    0   3.94 MBytes       
[SUM] 111.00-112.00 sec  5.51 GBytes  47.3 Gbits/sec    0             
- - - - - - - - - - - - - - - - - - - - - - - - -
[  6] 112.00-113.00 sec   734 MBytes  6.15 Gbits/sec    0   3.94 MBytes       
[  8] 112.00-113.00 sec   677 MBytes  5.69 Gbits/sec    0   3.95 MBytes       
[ 10] 112.00-113.00 sec   708 MBytes  5.95 Gbits/sec    0   3.96 MBytes       
[ 12] 112.00-113.00 sec   705 MBytes  5.92 Gbits/sec    0   3.94 MBytes       
[ 14] 112.00-113.01 sec   701 MBytes  5.86 Gbits/sec    0   3.95 MBytes       
[ 16] 112.00-113.01 sec   643 MBytes  5.38 Gbits/sec    0   3.94 MBytes       
[ 18] 112.01-113.01 sec   760 MBytes  6.38 Gbits/sec    0   3.94 MBytes       
[ 20] 112.01-113.01 sec   711 MBytes  5.97 Gbits/sec    0   3.94 MBytes       
[SUM] 112.00-113.00 sec  5.51 GBytes  47.3 Gbits/sec    0             
- - - - - - - - - - - - - - - - - - - - - - - - -
[  6] 113.00-114.00 sec   726 MBytes  6.09 Gbits/sec    0   3.94 MBytes       
[  8] 113.00-114.00 sec   742 MBytes  6.21 Gbits/sec    0   3.95 MBytes       
[ 10] 113.00-114.00 sec   764 MBytes  6.40 Gbits/sec    0   3.96 MBytes       
[ 12] 113.00-114.00 sec   755 MBytes  6.32 Gbits/sec    0   3.94 MBytes       
[ 14] 113.01-114.00 sec   795 MBytes  6.69 Gbits/sec    0   3.95 MBytes       
[ 16] 113.01-114.00 sec   732 MBytes  6.15 Gbits/sec    0   3.94 MBytes       
[ 18] 113.01-114.00 sec   717 MBytes  6.05 Gbits/sec    0   3.94 MBytes       
[ 20] 113.01-114.00 sec   746 MBytes  6.29 Gbits/sec    0   3.94 MBytes       
[SUM] 113.00-114.00 sec  5.84 GBytes  50.1 Gbits/sec    0             
- - - - - - - - - - - - - - - - - - - - - - - - -
[  6] 114.00-115.00 sec   682 MBytes  5.72 Gbits/sec    0   3.94 MBytes       
[  8] 114.00-115.00 sec   710 MBytes  5.96 Gbits/sec    0   3.95 MBytes       
[ 10] 114.00-115.00 sec   766 MBytes  6.43 Gbits/sec    0   3.96 MBytes       
[ 12] 114.00-115.00 sec   707 MBytes  5.94 Gbits/sec    0   3.94 MBytes       
[ 14] 114.00-115.00 sec   741 MBytes  6.22 Gbits/sec    0   3.95 MBytes       
[ 16] 114.00-115.00 sec   729 MBytes  6.12 Gbits/sec    0   3.94 MBytes       
[ 18] 114.00-115.01 sec   736 MBytes  6.17 Gbits/sec    0   3.94 MBytes       
[ 20] 114.00-115.01 sec   683 MBytes  5.72 Gbits/sec    0   3.94 MBytes       
[SUM] 114.00-115.00 sec  5.62 GBytes  48.3 Gbits/sec    0             
- - - - - - - - - - - - - - - - - - - - - - - - -
[  6] 115.00-116.00 sec   647 MBytes  5.43 Gbits/sec    0   3.94 MBytes       
[  8] 115.00-116.00 sec   700 MBytes  5.88 Gbits/sec    0   3.95 MBytes       
[ 10] 115.00-116.00 sec   713 MBytes  5.99 Gbits/sec    0   3.96 MBytes       
[ 12] 115.00-116.00 sec   697 MBytes  5.86 Gbits/sec    0   3.94 MBytes       
[ 14] 115.00-116.00 sec   747 MBytes  6.29 Gbits/sec    0   3.95 MBytes       
[ 16] 115.00-116.00 sec   736 MBytes  6.18 Gbits/sec    0   3.94 MBytes       
[ 18] 115.01-116.00 sec   741 MBytes  6.22 Gbits/sec    0   3.94 MBytes       
[ 20] 115.01-116.00 sec   705 MBytes  5.93 Gbits/sec    0   3.94 MBytes       
[SUM] 115.00-116.00 sec  5.55 GBytes  47.7 Gbits/sec    0             
- - - - - - - - - - - - - - - - - - - - - - - - -
[  6] 116.00-117.00 sec   730 MBytes  6.12 Gbits/sec    0   3.94 MBytes       
[  8] 116.00-117.00 sec   659 MBytes  5.52 Gbits/sec    0   3.95 MBytes       
[ 10] 116.00-117.00 sec   755 MBytes  6.33 Gbits/sec    0   3.96 MBytes       
[ 12] 116.00-117.00 sec   615 MBytes  5.15 Gbits/sec    0   3.94 MBytes       
[ 14] 116.00-117.00 sec   706 MBytes  5.92 Gbits/sec    0   3.95 MBytes       
[ 16] 116.00-117.00 sec   723 MBytes  6.07 Gbits/sec    0   3.94 MBytes       
[ 18] 116.00-117.00 sec   678 MBytes  5.71 Gbits/sec    0   3.94 MBytes       
[ 20] 116.00-117.00 sec   674 MBytes  5.67 Gbits/sec    0   3.94 MBytes       
[SUM] 116.00-117.00 sec  5.41 GBytes  46.5 Gbits/sec    0             
- - - - - - - - - - - - - - - - - - - - - - - - -
[  6] 117.00-118.00 sec   761 MBytes  6.39 Gbits/sec    0   3.94 MBytes       
[  8] 117.00-118.00 sec   746 MBytes  6.26 Gbits/sec    0   3.95 MBytes       
[ 10] 117.00-118.00 sec   708 MBytes  5.94 Gbits/sec    0   3.96 MBytes       
[ 12] 117.00-118.01 sec   630 MBytes  5.26 Gbits/sec    0   3.94 MBytes       
[ 14] 117.00-118.01 sec   748 MBytes  6.22 Gbits/sec    0   3.95 MBytes       
[ 16] 117.00-118.01 sec   727 MBytes  6.03 Gbits/sec    0   3.94 MBytes       
[ 18] 117.00-118.01 sec   663 MBytes  5.49 Gbits/sec    0   3.94 MBytes       
[ 20] 117.00-118.01 sec   663 MBytes  5.50 Gbits/sec    0   3.94 MBytes       
[SUM] 117.00-118.00 sec  5.51 GBytes  47.4 Gbits/sec    0             
- - - - - - - - - - - - - - - - - - - - - - - - -
[  6] 118.00-119.00 sec   710 MBytes  5.96 Gbits/sec    0   3.94 MBytes       
[  8] 118.00-119.00 sec   695 MBytes  5.83 Gbits/sec    0   3.95 MBytes       
[ 10] 118.00-119.00 sec   734 MBytes  6.16 Gbits/sec    0   3.96 MBytes       
[ 12] 118.01-119.00 sec   695 MBytes  5.86 Gbits/sec    0   3.94 MBytes       
[ 14] 118.01-119.00 sec   664 MBytes  5.62 Gbits/sec    0   3.95 MBytes       
[ 16] 118.01-119.00 sec   705 MBytes  5.99 Gbits/sec    0   3.94 MBytes       
[ 18] 118.01-119.00 sec   696 MBytes  5.91 Gbits/sec    0   3.94 MBytes       
[ 20] 118.01-119.00 sec   685 MBytes  5.81 Gbits/sec    0   3.94 MBytes       
[SUM] 118.00-119.00 sec  5.45 GBytes  46.8 Gbits/sec    0             
- - - - - - - - - - - - - - - - - - - - - - - - -
[  6] 119.00-120.00 sec   738 MBytes  6.19 Gbits/sec    0   3.94 MBytes       
[  8] 119.00-120.00 sec   788 MBytes  6.60 Gbits/sec    0   3.95 MBytes       
[ 10] 119.00-120.00 sec   660 MBytes  5.53 Gbits/sec    0   3.96 MBytes       
[ 12] 119.00-120.00 sec   646 MBytes  5.41 Gbits/sec    0   3.94 MBytes       
[ 14] 119.00-120.00 sec   686 MBytes  5.74 Gbits/sec    0   3.95 MBytes       
[ 16] 119.00-120.00 sec   738 MBytes  6.18 Gbits/sec    0   3.94 MBytes       
[ 18] 119.00-120.00 sec   731 MBytes  6.13 Gbits/sec    0   3.94 MBytes       
[ 20] 119.00-120.00 sec   729 MBytes  6.12 Gbits/sec    0   3.94 MBytes       
[SUM] 119.00-120.00 sec  5.58 GBytes  47.9 Gbits/sec    0             
- - - - - - - - - - - - - - - - - - - - - - - - -
[ ID] Interval           Transfer     Bitrate         Retr
[  6]   0.00-120.00 sec  51.1 GBytes  3.66 Gbits/sec  3443             sender
[  6]   0.00-120.00 sec  51.1 GBytes  3.66 Gbits/sec                  receiver
[  8]   0.00-120.00 sec  51.8 GBytes  3.71 Gbits/sec  3323             sender
[  8]   0.00-120.00 sec  51.8 GBytes  3.71 Gbits/sec                  receiver
[ 10]   0.00-120.00 sec  51.5 GBytes  3.69 Gbits/sec    1             sender
[ 10]   0.00-120.00 sec  51.5 GBytes  3.69 Gbits/sec                  receiver
[ 12]   0.00-120.00 sec  50.3 GBytes  3.60 Gbits/sec  5180             sender
[ 12]   0.00-120.00 sec  50.3 GBytes  3.60 Gbits/sec                  receiver
[ 14]   0.00-120.00 sec  50.6 GBytes  3.62 Gbits/sec  5678             sender
[ 14]   0.00-120.00 sec  50.6 GBytes  3.62 Gbits/sec                  receiver
[ 16]   0.00-120.00 sec  52.5 GBytes  3.75 Gbits/sec  6041             sender
[ 16]   0.00-120.00 sec  52.5 GBytes  3.75 Gbits/sec                  receiver
[ 18]   0.00-120.00 sec  51.5 GBytes  3.69 Gbits/sec  9108             sender
[ 18]   0.00-120.00 sec  51.5 GBytes  3.69 Gbits/sec                  receiver
[ 20]   0.00-120.00 sec  51.9 GBytes  3.72 Gbits/sec  6114             sender
[ 20]   0.00-120.00 sec  51.9 GBytes  3.72 Gbits/sec                  receiver
[SUM]   0.00-120.00 sec   411 GBytes  29.4 Gbits/sec  38888             sender
[SUM]   0.00-120.00 sec   411 GBytes  29.4 Gbits/sec                  receiver

iperf Done.
