Connecting to host 10.0.0.1, port 5202
[  6] local 10.0.0.2 port 48462 connected to 10.0.0.1 port 5202
[  8] local 10.0.0.2 port 48472 connected to 10.0.0.1 port 5202
[ 10] local 10.0.0.2 port 48478 connected to 10.0.0.1 port 5202
[ 12] local 10.0.0.2 port 48482 connected to 10.0.0.1 port 5202
[ 14] local 10.0.0.2 port 48490 connected to 10.0.0.1 port 5202
[ 16] local 10.0.0.2 port 48498 connected to 10.0.0.1 port 5202
[ 18] local 10.0.0.2 port 48508 connected to 10.0.0.1 port 5202
[ 20] local 10.0.0.2 port 48514 connected to 10.0.0.1 port 5202
[ ID] Interval           Transfer     Bitrate         Retr  Cwnd
[  6]   0.00-1.00   sec   360 MBytes  3.01 Gbits/sec  899   1.29 MBytes       
[  8]   0.00-1.00   sec   290 MBytes  2.43 Gbits/sec  394   2.45 MBytes       
[ 10]   0.00-1.00   sec   289 MBytes  2.42 Gbits/sec    0   4.07 MBytes       
[ 12]   0.00-1.00   sec   331 MBytes  2.77 Gbits/sec  1098   1.58 MBytes       
[ 14]   0.00-1.00   sec   301 MBytes  2.52 Gbits/sec  263   2.26 MBytes       
[ 16]   0.00-1.00   sec   315 MBytes  2.64 Gbits/sec  184   2.42 MBytes       
[ 18]   0.00-1.00   sec   345 MBytes  2.89 Gbits/sec  551   1.59 MBytes       
[ 20]   0.00-1.00   sec   286 MBytes  2.40 Gbits/sec  141   2.69 MBytes       
[SUM]   0.00-1.00   sec  2.46 GBytes  21.1 Gbits/sec  3530             
- - - - - - - - - - - - - - - - - - - - - - - - -
[  6]   1.00-2.00   sec   422 MBytes  3.54 Gbits/sec  321   1.48 MBytes       
[  8]   1.00-2.00   sec   321 MBytes  2.69 Gbits/sec  211   2.53 MBytes       
[ 10]   1.00-2.00   sec   293 MBytes  2.46 Gbits/sec    0   4.07 MBytes       
[ 12]   1.00-2.00   sec   327 MBytes  2.74 Gbits/sec  544   1.65 MBytes       
[ 14]   1.00-2.00   sec   331 MBytes  2.78 Gbits/sec  327   2.34 MBytes       
[ 16]   1.00-2.00   sec   347 MBytes  2.91 Gbits/sec  288   2.49 MBytes       
[ 18]   1.00-2.00   sec   360 MBytes  3.02 Gbits/sec  536   1.67 MBytes       
[ 20]   1.00-2.00   sec   283 MBytes  2.37 Gbits/sec  338   2.74 MBytes       
[SUM]   1.00-2.00   sec  2.62 GBytes  22.5 Gbits/sec  2565             
- - - - - - - - - - - - - - - - - - - - - - - - -
[  6]   2.00-3.00   sec   334 MBytes  2.80 Gbits/sec   90   1.62 MBytes       
[  8]   2.00-3.00   sec   331 MBytes  2.78 Gbits/sec    0   2.62 MBytes       
[ 10]   2.00-3.00   sec   276 MBytes  2.32 Gbits/sec    0   4.07 MBytes       
[ 12]   2.00-3.00   sec   291 MBytes  2.44 Gbits/sec   45   1.76 MBytes       
[ 14]   2.00-3.00   sec   387 MBytes  3.25 Gbits/sec  109   2.45 MBytes       
[ 16]   2.00-3.00   sec   351 MBytes  2.95 Gbits/sec   32   2.59 MBytes       
[ 18]   2.00-3.00   sec   332 MBytes  2.79 Gbits/sec   69   1.81 MBytes       
[ 20]   2.00-3.00   sec   285 MBytes  2.39 Gbits/sec  122   2.82 MBytes       
[SUM]   2.00-3.00   sec  2.53 GBytes  21.7 Gbits/sec  467             
- - - - - - - - - - - - - - - - - - - - - - - - -
[  6]   3.00-4.00   sec   450 MBytes  3.77 Gbits/sec  512   1.76 MBytes       
[  8]   3.00-4.00   sec   429 MBytes  3.60 Gbits/sec   32   2.74 MBytes       
[ 10]   3.00-4.00   sec   336 MBytes  2.82 Gbits/sec    0   4.07 MBytes       
[ 12]   3.00-4.00   sec   446 MBytes  3.74 Gbits/sec  936   1.84 MBytes       
[ 14]   3.00-4.00   sec   410 MBytes  3.44 Gbits/sec  425   2.54 MBytes       
[ 16]   3.00-4.00   sec   405 MBytes  3.39 Gbits/sec  576   2.65 MBytes       
[ 18]   3.00-4.00   sec   414 MBytes  3.46 Gbits/sec  1126   1.91 MBytes       
[ 20]   3.00-4.00   sec   391 MBytes  3.27 Gbits/sec  157   2.91 MBytes       
[SUM]   3.00-4.00   sec  3.20 GBytes  27.5 Gbits/sec  3764             
- - - - - - - - - - - - - - - - - - - - - - - - -
[  6]   4.00-5.00   sec   350 MBytes  2.94 Gbits/sec   90   1.89 MBytes       
[  8]   4.00-5.00   sec   392 MBytes  3.29 Gbits/sec   77   2.84 MBytes       
[ 10]   4.00-5.00   sec   371 MBytes  3.11 Gbits/sec    0   4.07 MBytes       
[ 12]   4.00-5.00   sec   363 MBytes  3.04 Gbits/sec    0   1.84 MBytes       
[ 14]   4.00-5.00   sec   340 MBytes  2.84 Gbits/sec  160   2.62 MBytes       
[ 16]   4.00-5.00   sec   369 MBytes  3.10 Gbits/sec  185   2.73 MBytes       
[ 18]   4.00-5.00   sec   344 MBytes  2.89 Gbits/sec  256   2.02 MBytes       
[ 20]   4.00-5.00   sec   354 MBytes  2.97 Gbits/sec   32   2.99 MBytes       
[SUM]   4.00-5.00   sec  2.81 GBytes  24.2 Gbits/sec  800             
- - - - - - - - - - - - - - - - - - - - - - - - -
[  6]   5.00-6.00   sec   371 MBytes  3.11 Gbits/sec  167   2.00 MBytes       
[  8]   5.00-6.00   sec   438 MBytes  3.66 Gbits/sec  109   2.94 MBytes       
[ 10]   5.00-6.01   sec   379 MBytes  3.17 Gbits/sec    0   4.07 MBytes       
[ 12]   5.00-6.02   sec   430 MBytes  3.56 Gbits/sec  109   1.95 MBytes       
[ 14]   5.00-6.02   sec   415 MBytes  3.44 Gbits/sec   78   2.73 MBytes       
[ 16]   5.00-6.02   sec   442 MBytes  3.65 Gbits/sec  174   2.82 MBytes       
[ 18]   5.00-6.02   sec   372 MBytes  3.07 Gbits/sec  101   2.13 MBytes       
[ 20]   5.00-6.02   sec   426 MBytes  3.51 Gbits/sec    0   3.10 MBytes       
[SUM]   5.00-6.00   sec  3.20 GBytes  27.5 Gbits/sec  738             
- - - - - - - - - - - - - - - - - - - - - - - - -
[  6]   6.00-7.00   sec   359 MBytes  3.01 Gbits/sec    0   2.12 MBytes       
[  8]   6.00-7.00   sec   383 MBytes  3.23 Gbits/sec    0   3.03 MBytes       
[ 10]   6.01-7.00   sec   376 MBytes  3.17 Gbits/sec    0   4.07 MBytes       
[ 12]   6.02-7.00   sec   309 MBytes  2.63 Gbits/sec   45   2.06 MBytes       
[ 14]   6.02-7.00   sec   369 MBytes  3.14 Gbits/sec    0   2.83 MBytes       
[ 16]   6.02-7.00   sec   358 MBytes  3.06 Gbits/sec    0   2.92 MBytes       
[ 18]   6.02-7.00   sec   363 MBytes  3.10 Gbits/sec    0   2.25 MBytes       
[ 20]   6.02-7.00   sec   358 MBytes  3.07 Gbits/sec    0   3.18 MBytes       
[SUM]   6.00-7.00   sec  2.81 GBytes  24.1 Gbits/sec   45             
- - - - - - - - - - - - - - - - - - - - - - - - -
[  6]   7.00-8.00   sec   302 MBytes  2.53 Gbits/sec    0   2.23 MBytes       
[  8]   7.00-8.00   sec   398 MBytes  3.34 Gbits/sec    0   3.13 MBytes       
[ 10]   7.00-8.00   sec   519 MBytes  4.35 Gbits/sec    0   4.07 MBytes       
[ 12]   7.00-8.00   sec   276 MBytes  2.31 Gbits/sec    0   2.15 MBytes       
[ 14]   7.00-8.00   sec   358 MBytes  3.00 Gbits/sec    0   2.92 MBytes       
[ 16]   7.00-8.00   sec   387 MBytes  3.25 Gbits/sec    0   3.01 MBytes       
[ 18]   7.00-8.00   sec   310 MBytes  2.60 Gbits/sec   32   2.34 MBytes       
[ 20]   7.00-8.00   sec   383 MBytes  3.21 Gbits/sec    0   3.27 MBytes       
[SUM]   7.00-8.00   sec  2.86 GBytes  24.6 Gbits/sec   32             
- - - - - - - - - - - - - - - - - - - - - - - - -
[  6]   8.00-9.00   sec   400 MBytes  3.35 Gbits/sec    0   2.36 MBytes       
[  8]   8.00-9.00   sec   438 MBytes  3.67 Gbits/sec   32   3.22 MBytes       
[ 10]   8.00-9.00   sec   518 MBytes  4.34 Gbits/sec    0   4.07 MBytes       
[ 12]   8.00-9.00   sec   375 MBytes  3.15 Gbits/sec    0   2.28 MBytes       
[ 14]   8.00-9.00   sec   396 MBytes  3.31 Gbits/sec    0   3.02 MBytes       
[ 16]   8.00-9.00   sec   422 MBytes  3.54 Gbits/sec    0   3.11 MBytes       
[ 18]   8.00-9.00   sec   388 MBytes  3.25 Gbits/sec    0   2.46 MBytes       
[ 20]   8.00-9.00   sec   435 MBytes  3.65 Gbits/sec    0   3.36 MBytes       
[SUM]   8.00-9.00   sec  3.29 GBytes  28.3 Gbits/sec   32             
- - - - - - - - - - - - - - - - - - - - - - - - -
[  6]   9.00-10.00  sec   345 MBytes  2.90 Gbits/sec    0   2.46 MBytes       
[  8]   9.00-10.00  sec   391 MBytes  3.28 Gbits/sec    1   3.31 MBytes       
[ 10]   9.00-10.00  sec   444 MBytes  3.73 Gbits/sec    1   4.07 MBytes       
[ 12]   9.00-10.00  sec   346 MBytes  2.90 Gbits/sec    0   2.39 MBytes       
[ 14]   9.00-10.00  sec   320 MBytes  2.69 Gbits/sec    0   3.10 MBytes       
[ 16]   9.00-10.00  sec   361 MBytes  3.03 Gbits/sec   77   3.19 MBytes       
[ 18]   9.00-10.00  sec   317 MBytes  2.66 Gbits/sec    0   2.56 MBytes       
[ 20]   9.00-10.00  sec   437 MBytes  3.67 Gbits/sec    0   3.46 MBytes       
[SUM]   9.00-10.00  sec  2.89 GBytes  24.8 Gbits/sec   79             
- - - - - - - - - - - - - - - - - - - - - - - - -
[  6]  10.00-11.00  sec   287 MBytes  2.41 Gbits/sec    0   2.55 MBytes       
[  8]  10.00-11.00  sec   330 MBytes  2.77 Gbits/sec    0   3.38 MBytes       
[ 10]  10.00-11.00  sec   426 MBytes  3.58 Gbits/sec    0   4.07 MBytes       
[ 12]  10.00-11.00  sec   290 MBytes  2.44 Gbits/sec    0   2.48 MBytes       
[ 14]  10.00-11.00  sec   240 MBytes  2.01 Gbits/sec    5   3.15 MBytes       
[ 16]  10.00-11.00  sec   310 MBytes  2.60 Gbits/sec    0   3.26 MBytes       
[ 18]  10.00-11.00  sec   264 MBytes  2.21 Gbits/sec    0   2.63 MBytes       
[ 20]  10.00-11.00  sec   373 MBytes  3.13 Gbits/sec    0   3.53 MBytes       
[SUM]  10.00-11.00  sec  2.46 GBytes  21.1 Gbits/sec    5             
- - - - - - - - - - - - - - - - - - - - - - - - -
[  6]  11.00-12.00  sec   318 MBytes  2.67 Gbits/sec    0   2.63 MBytes       
[  8]  11.00-12.00  sec   390 MBytes  3.27 Gbits/sec    0   3.47 MBytes       
[ 10]  11.00-12.00  sec   453 MBytes  3.80 Gbits/sec    0   4.07 MBytes       
[ 12]  11.00-12.00  sec   295 MBytes  2.48 Gbits/sec    0   2.57 MBytes       
[ 14]  11.00-12.00  sec   237 MBytes  1.99 Gbits/sec    2   3.21 MBytes       
[ 16]  11.00-12.00  sec   349 MBytes  2.93 Gbits/sec    0   3.34 MBytes       
[ 18]  11.00-12.00  sec   305 MBytes  2.56 Gbits/sec    0   2.72 MBytes       
[ 20]  11.00-12.00  sec   425 MBytes  3.57 Gbits/sec    0   3.62 MBytes       
[SUM]  11.00-12.00  sec  2.71 GBytes  23.3 Gbits/sec    2             
- - - - - - - - - - - - - - - - - - - - - - - - -
[  6]  12.00-13.00  sec   354 MBytes  2.97 Gbits/sec    0   2.73 MBytes       
[  8]  12.00-13.00  sec   452 MBytes  3.80 Gbits/sec    0   3.56 MBytes       
[ 10]  12.00-13.00  sec   554 MBytes  4.65 Gbits/sec    0   4.07 MBytes       
[ 12]  12.00-13.00  sec   346 MBytes  2.91 Gbits/sec    0   2.66 MBytes       
[ 14]  12.00-13.00  sec   297 MBytes  2.49 Gbits/sec    3   3.27 MBytes       
[ 16]  12.00-13.00  sec   399 MBytes  3.35 Gbits/sec   45   3.42 MBytes       
[ 18]  12.00-13.00  sec   342 MBytes  2.87 Gbits/sec    0   2.81 MBytes       
[ 20]  12.00-13.00  sec   516 MBytes  4.33 Gbits/sec    0   3.72 MBytes       
[SUM]  12.00-13.00  sec  3.18 GBytes  27.4 Gbits/sec   48             
- - - - - - - - - - - - - - - - - - - - - - - - -
[  6]  13.00-14.00  sec   395 MBytes  3.31 Gbits/sec   32   2.83 MBytes       
[  8]  13.00-14.00  sec   343 MBytes  2.88 Gbits/sec    0   3.63 MBytes       
[ 10]  13.00-14.00  sec   393 MBytes  3.29 Gbits/sec    0   4.07 MBytes       
[ 12]  13.00-14.00  sec   398 MBytes  3.33 Gbits/sec   64   2.76 MBytes       
[ 14]  13.00-14.00  sec   257 MBytes  2.15 Gbits/sec    4   3.33 MBytes       
[ 16]  13.00-14.00  sec   415 MBytes  3.48 Gbits/sec   32   3.51 MBytes       
[ 18]  13.00-14.00  sec   371 MBytes  3.11 Gbits/sec   32   2.90 MBytes       
[ 20]  13.00-14.00  sec   466 MBytes  3.91 Gbits/sec    0   3.81 MBytes       
[SUM]  13.00-14.00  sec  2.97 GBytes  25.5 Gbits/sec  164             
- - - - - - - - - - - - - - - - - - - - - - - - -
[  6]  14.00-15.00  sec   375 MBytes  3.14 Gbits/sec    0   2.93 MBytes       
[  8]  14.00-15.00  sec   470 MBytes  3.95 Gbits/sec    0   3.72 MBytes       
[ 10]  14.00-15.00  sec   530 MBytes  4.44 Gbits/sec    0   4.07 MBytes       
[ 12]  14.00-15.00  sec   410 MBytes  3.44 Gbits/sec    0   2.87 MBytes       
[ 14]  14.00-15.00  sec   297 MBytes  2.49 Gbits/sec    2   3.39 MBytes       
[ 16]  14.00-15.00  sec   400 MBytes  3.35 Gbits/sec   45   3.59 MBytes       
[ 18]  14.00-15.00  sec   382 MBytes  3.20 Gbits/sec    0   2.99 MBytes       
[ 20]  14.00-15.00  sec   590 MBytes  4.95 Gbits/sec    0   3.92 MBytes       
[SUM]  14.00-15.00  sec  3.37 GBytes  29.0 Gbits/sec   47             
- - - - - - - - - - - - - - - - - - - - - - - - -
[  6]  15.00-16.00  sec   300 MBytes  2.51 Gbits/sec    0   3.00 MBytes       
[  8]  15.00-16.00  sec   487 MBytes  4.08 Gbits/sec    0   3.82 MBytes       
[ 10]  15.00-16.00  sec   492 MBytes  4.13 Gbits/sec    0   4.07 MBytes       
[ 12]  15.00-16.00  sec   312 MBytes  2.62 Gbits/sec    0   2.95 MBytes       
[ 14]  15.00-16.00  sec   343 MBytes  2.88 Gbits/sec    2   3.46 MBytes       
[ 16]  15.00-16.00  sec   451 MBytes  3.78 Gbits/sec    0   3.68 MBytes       
[ 18]  15.00-16.00  sec   319 MBytes  2.68 Gbits/sec    0   3.07 MBytes       
[ 20]  15.00-16.00  sec   563 MBytes  4.71 Gbits/sec    0   3.94 MBytes       
[SUM]  15.00-16.00  sec  3.19 GBytes  27.4 Gbits/sec    2             
- - - - - - - - - - - - - - - - - - - - - - - - -
[  6]  16.00-17.00  sec   272 MBytes  2.28 Gbits/sec    0   3.07 MBytes       
[  8]  16.00-17.00  sec   483 MBytes  4.05 Gbits/sec    0   3.91 MBytes       
[ 10]  16.00-17.00  sec   486 MBytes  4.08 Gbits/sec    0   4.07 MBytes       
[ 12]  16.00-17.00  sec   299 MBytes  2.51 Gbits/sec    0   3.02 MBytes       
[ 14]  16.00-17.00  sec   419 MBytes  3.51 Gbits/sec    0   3.55 MBytes       
[ 16]  16.00-17.00  sec   447 MBytes  3.75 Gbits/sec    0   3.76 MBytes       
[ 18]  16.00-17.00  sec   306 MBytes  2.57 Gbits/sec   32   3.14 MBytes       
[ 20]  16.00-17.00  sec   522 MBytes  4.39 Gbits/sec    0   3.94 MBytes       
[SUM]  16.00-17.00  sec  3.16 GBytes  27.1 Gbits/sec   32             
- - - - - - - - - - - - - - - - - - - - - - - - -
[  6]  17.00-18.00  sec   288 MBytes  2.41 Gbits/sec    0   3.14 MBytes       
[  8]  17.00-18.00  sec   473 MBytes  3.97 Gbits/sec    0   3.94 MBytes       
[ 10]  17.00-18.00  sec   484 MBytes  4.06 Gbits/sec    0   4.07 MBytes       
[ 12]  17.00-18.00  sec   275 MBytes  2.31 Gbits/sec    0   3.09 MBytes       
[ 14]  17.00-18.00  sec   449 MBytes  3.76 Gbits/sec    0   3.64 MBytes       
[ 16]  17.00-18.00  sec   480 MBytes  4.03 Gbits/sec    0   3.85 MBytes       
[ 18]  17.00-18.00  sec   300 MBytes  2.51 Gbits/sec   32   3.21 MBytes       
[ 20]  17.00-18.00  sec   444 MBytes  3.72 Gbits/sec    0   3.94 MBytes       
[SUM]  17.00-18.00  sec  3.12 GBytes  26.8 Gbits/sec   32             
- - - - - - - - - - - - - - - - - - - - - - - - -
[  6]  18.00-19.00  sec   280 MBytes  2.35 Gbits/sec    0   3.20 MBytes       
[  8]  18.00-19.00  sec   476 MBytes  3.99 Gbits/sec    0   3.94 MBytes       
[ 10]  18.00-19.00  sec   463 MBytes  3.88 Gbits/sec    0   4.07 MBytes       
[ 12]  18.00-19.00  sec   276 MBytes  2.32 Gbits/sec    0   3.16 MBytes       
[ 14]  18.00-19.00  sec   399 MBytes  3.34 Gbits/sec    0   3.83 MBytes       
[ 16]  18.00-19.00  sec   482 MBytes  4.03 Gbits/sec    0   3.94 MBytes       
[ 18]  18.00-19.00  sec   320 MBytes  2.68 Gbits/sec   32   3.28 MBytes       
[ 20]  18.00-19.00  sec   407 MBytes  3.41 Gbits/sec    0   3.94 MBytes       
[SUM]  18.00-19.00  sec  3.03 GBytes  26.0 Gbits/sec   32             
- - - - - - - - - - - - - - - - - - - - - - - - -
[  6]  19.00-20.00  sec   305 MBytes  2.56 Gbits/sec    0   3.27 MBytes       
[  8]  19.00-20.00  sec   586 MBytes  4.92 Gbits/sec    0   3.94 MBytes       
[ 10]  19.00-20.00  sec   618 MBytes  5.18 Gbits/sec    0   4.07 MBytes       
[ 12]  19.00-20.01  sec   295 MBytes  2.45 Gbits/sec    0   3.22 MBytes       
[ 14]  19.00-20.01  sec   645 MBytes  5.36 Gbits/sec    0   3.94 MBytes       
[ 16]  19.00-20.01  sec   684 MBytes  5.68 Gbits/sec    0   3.94 MBytes       
[ 18]  19.00-20.01  sec   415 MBytes  3.44 Gbits/sec    0   3.37 MBytes       
[ 20]  19.00-20.01  sec   592 MBytes  4.91 Gbits/sec    0   3.94 MBytes       
[SUM]  19.00-20.00  sec  4.04 GBytes  34.7 Gbits/sec    0             
- - - - - - - - - - - - - - - - - - - - - - - - -
[  6]  20.00-21.00  sec   310 MBytes  2.60 Gbits/sec    0   3.34 MBytes       
[  8]  20.00-21.00  sec   651 MBytes  5.46 Gbits/sec    0   3.94 MBytes       
[ 10]  20.00-21.00  sec   563 MBytes  4.73 Gbits/sec    0   4.07 MBytes       
[ 12]  20.01-21.00  sec   344 MBytes  2.91 Gbits/sec   32   3.30 MBytes       
[ 14]  20.01-21.00  sec   576 MBytes  4.89 Gbits/sec    0   3.94 MBytes       
[ 16]  20.01-21.00  sec   603 MBytes  5.12 Gbits/sec    0   3.94 MBytes       
[ 18]  20.01-21.00  sec   363 MBytes  3.08 Gbits/sec   45   3.45 MBytes       
[ 20]  20.01-21.00  sec   508 MBytes  4.31 Gbits/sec    0   3.94 MBytes       
[SUM]  20.00-21.00  sec  3.83 GBytes  32.9 Gbits/sec   77             
- - - - - - - - - - - - - - - - - - - - - - - - -
[  6]  21.00-22.00  sec   335 MBytes  2.81 Gbits/sec    0   3.41 MBytes       
[  8]  21.00-22.00  sec   601 MBytes  5.04 Gbits/sec    0   3.94 MBytes       
[ 10]  21.00-22.00  sec   511 MBytes  4.29 Gbits/sec    0   4.07 MBytes       
[ 12]  21.00-22.00  sec   343 MBytes  2.88 Gbits/sec    0   3.37 MBytes       
[ 14]  21.00-22.00  sec   598 MBytes  5.02 Gbits/sec    0   3.94 MBytes       
[ 16]  21.00-22.00  sec   590 MBytes  4.95 Gbits/sec    0   3.94 MBytes       
[ 18]  21.00-22.00  sec   398 MBytes  3.34 Gbits/sec    0   3.53 MBytes       
[ 20]  21.00-22.00  sec   541 MBytes  4.54 Gbits/sec    0   3.94 MBytes       
[SUM]  21.00-22.00  sec  3.82 GBytes  32.9 Gbits/sec    0             
- - - - - - - - - - - - - - - - - - - - - - - - -
[  6]  22.00-23.00  sec   353 MBytes  2.96 Gbits/sec    0   3.49 MBytes       
[  8]  22.00-23.00  sec   648 MBytes  5.44 Gbits/sec    0   3.94 MBytes       
[ 10]  22.00-23.00  sec   610 MBytes  5.12 Gbits/sec    0   4.07 MBytes       
[ 12]  22.00-23.00  sec   392 MBytes  3.29 Gbits/sec    0   3.46 MBytes       
[ 14]  22.00-23.00  sec   723 MBytes  6.06 Gbits/sec    0   3.94 MBytes       
[ 16]  22.00-23.00  sec   616 MBytes  5.17 Gbits/sec    0   3.94 MBytes       
[ 18]  22.00-23.00  sec   478 MBytes  4.01 Gbits/sec    0   3.62 MBytes       
[ 20]  22.00-23.00  sec   594 MBytes  4.98 Gbits/sec    0   3.94 MBytes       
[SUM]  22.00-23.00  sec  4.31 GBytes  37.0 Gbits/sec    0             
- - - - - - - - - - - - - - - - - - - - - - - - -
[  6]  23.00-24.00  sec   373 MBytes  3.13 Gbits/sec    0   3.57 MBytes       
[  8]  23.00-24.00  sec   539 MBytes  4.52 Gbits/sec    0   3.94 MBytes       
[ 10]  23.00-24.00  sec   587 MBytes  4.92 Gbits/sec    0   4.07 MBytes       
[ 12]  23.00-24.00  sec   384 MBytes  3.22 Gbits/sec    0   3.54 MBytes       
[ 14]  23.00-24.00  sec   594 MBytes  4.98 Gbits/sec    0   3.94 MBytes       
[ 16]  23.00-24.00  sec   648 MBytes  5.44 Gbits/sec    0   3.94 MBytes       
[ 18]  23.00-24.00  sec   500 MBytes  4.19 Gbits/sec    0   3.71 MBytes       
[ 20]  23.00-24.00  sec   606 MBytes  5.08 Gbits/sec    0   3.94 MBytes       
[SUM]  23.00-24.00  sec  4.13 GBytes  35.5 Gbits/sec    0             
- - - - - - - - - - - - - - - - - - - - - - - - -
[  6]  24.00-25.00  sec   394 MBytes  3.31 Gbits/sec    0   3.64 MBytes       
[  8]  24.00-25.00  sec   561 MBytes  4.71 Gbits/sec    0   3.94 MBytes       
[ 10]  24.00-25.00  sec   536 MBytes  4.49 Gbits/sec    0   4.07 MBytes       
[ 12]  24.00-25.00  sec   412 MBytes  3.46 Gbits/sec    0   3.62 MBytes       
[ 14]  24.00-25.00  sec   634 MBytes  5.31 Gbits/sec    0   3.94 MBytes       
[ 16]  24.00-25.00  sec   607 MBytes  5.09 Gbits/sec    0   3.94 MBytes       
[ 18]  24.00-25.00  sec   494 MBytes  4.15 Gbits/sec    0   3.81 MBytes       
[ 20]  24.00-25.00  sec   534 MBytes  4.48 Gbits/sec    0   3.94 MBytes       
[SUM]  24.00-25.00  sec  4.07 GBytes  35.0 Gbits/sec    0             
- - - - - - - - - - - - - - - - - - - - - - - - -
[  6]  25.00-26.00  sec   411 MBytes  3.45 Gbits/sec    0   3.85 MBytes       
[  8]  25.00-26.00  sec   518 MBytes  4.35 Gbits/sec    0   3.94 MBytes       
[ 10]  25.00-26.00  sec   522 MBytes  4.37 Gbits/sec    0   4.07 MBytes       
[ 12]  25.00-26.00  sec   397 MBytes  3.32 Gbits/sec    0   3.70 MBytes       
[ 14]  25.00-26.01  sec   566 MBytes  4.73 Gbits/sec    0   3.94 MBytes       
[ 16]  25.00-26.01  sec   576 MBytes  4.81 Gbits/sec    0   3.94 MBytes       
[ 18]  25.00-26.01  sec   495 MBytes  4.13 Gbits/sec    0   3.90 MBytes       
[ 20]  25.00-26.01  sec   485 MBytes  4.05 Gbits/sec    0   3.94 MBytes       
[SUM]  25.00-26.00  sec  3.88 GBytes  33.3 Gbits/sec    0             
- - - - - - - - - - - - - - - - - - - - - - - - -
[  6]  26.00-27.00  sec   454 MBytes  3.81 Gbits/sec    0   3.95 MBytes       
[  8]  26.00-27.00  sec   608 MBytes  5.09 Gbits/sec    0   3.94 MBytes       
[ 10]  26.00-27.00  sec   628 MBytes  5.27 Gbits/sec    0   4.07 MBytes       
[ 12]  26.00-27.00  sec   435 MBytes  3.65 Gbits/sec    0   3.79 MBytes       
[ 14]  26.01-27.00  sec   550 MBytes  4.62 Gbits/sec    0   3.94 MBytes       
[ 16]  26.01-27.00  sec   589 MBytes  4.95 Gbits/sec    0   3.94 MBytes       
[ 18]  26.01-27.00  sec   553 MBytes  4.66 Gbits/sec    0   3.94 MBytes       
[ 20]  26.01-27.00  sec   522 MBytes  4.39 Gbits/sec    0   3.94 MBytes       
[SUM]  26.00-27.00  sec  4.24 GBytes  36.4 Gbits/sec    0             
- - - - - - - - - - - - - - - - - - - - - - - - -
[  6]  27.00-28.00  sec   523 MBytes  4.39 Gbits/sec    0   3.95 MBytes       
[  8]  27.00-28.00  sec   565 MBytes  4.75 Gbits/sec    0   3.94 MBytes       
[ 10]  27.00-28.00  sec   566 MBytes  4.76 Gbits/sec    0   4.07 MBytes       
[ 12]  27.00-28.00  sec   526 MBytes  4.42 Gbits/sec    0   3.88 MBytes       
[ 14]  27.00-28.00  sec   558 MBytes  4.69 Gbits/sec    0   3.94 MBytes       
[ 16]  27.00-28.00  sec   609 MBytes  5.12 Gbits/sec    0   3.94 MBytes       
[ 18]  27.00-28.00  sec   502 MBytes  4.22 Gbits/sec    0   3.94 MBytes       
[ 20]  27.00-28.00  sec   616 MBytes  5.17 Gbits/sec    0   3.94 MBytes       
[SUM]  27.00-28.00  sec  4.36 GBytes  37.5 Gbits/sec    0             
- - - - - - - - - - - - - - - - - - - - - - - - -
[  6]  28.00-29.00  sec   544 MBytes  4.56 Gbits/sec    0   3.95 MBytes       
[  8]  28.00-29.00  sec   690 MBytes  5.79 Gbits/sec    0   3.94 MBytes       
[ 10]  28.00-29.00  sec   622 MBytes  5.22 Gbits/sec    0   4.07 MBytes       
[ 12]  28.00-29.00  sec   568 MBytes  4.77 Gbits/sec    0   3.94 MBytes       
[ 14]  28.00-29.00  sec   629 MBytes  5.28 Gbits/sec    0   3.94 MBytes       
[ 16]  28.00-29.00  sec   663 MBytes  5.57 Gbits/sec    0   3.94 MBytes       
[ 18]  28.00-29.00  sec   674 MBytes  5.66 Gbits/sec    0   3.94 MBytes       
[ 20]  28.00-29.00  sec   592 MBytes  4.97 Gbits/sec    0   3.94 MBytes       
[SUM]  28.00-29.00  sec  4.87 GBytes  41.8 Gbits/sec    0             
- - - - - - - - - - - - - - - - - - - - - - - - -
[  6]  29.00-30.00  sec   602 MBytes  5.05 Gbits/sec    0   3.95 MBytes       
[  8]  29.00-30.00  sec   616 MBytes  5.17 Gbits/sec    0   3.94 MBytes       
[ 10]  29.00-30.00  sec   629 MBytes  5.26 Gbits/sec    0   4.07 MBytes       
[ 12]  29.00-30.00  sec   583 MBytes  4.88 Gbits/sec    0   3.94 MBytes       
[ 14]  29.00-30.00  sec   704 MBytes  5.89 Gbits/sec    0   3.94 MBytes       
[ 16]  29.00-30.00  sec   718 MBytes  6.01 Gbits/sec    0   3.94 MBytes       
[ 18]  29.00-30.00  sec   675 MBytes  5.64 Gbits/sec    0   3.94 MBytes       
[ 20]  29.00-30.01  sec   659 MBytes  5.49 Gbits/sec    0   3.94 MBytes       
[SUM]  29.00-30.00  sec  5.07 GBytes  43.5 Gbits/sec    0             
- - - - - - - - - - - - - - - - - - - - - - - - -
[  6]  30.00-31.00  sec   567 MBytes  4.75 Gbits/sec    0   3.95 MBytes       
[  8]  30.00-31.00  sec   722 MBytes  6.06 Gbits/sec    0   3.94 MBytes       
[ 10]  30.00-31.00  sec   621 MBytes  5.23 Gbits/sec    0   4.07 MBytes       
[ 12]  30.00-31.00  sec   612 MBytes  5.15 Gbits/sec    0   3.94 MBytes       
[ 14]  30.00-31.00  sec   637 MBytes  5.35 Gbits/sec    0   3.94 MBytes       
[ 16]  30.00-31.00  sec   677 MBytes  5.69 Gbits/sec    0   3.94 MBytes       
[ 18]  30.00-31.00  sec   597 MBytes  5.02 Gbits/sec    0   3.94 MBytes       
[ 20]  30.01-31.00  sec   673 MBytes  5.67 Gbits/sec    0   3.94 MBytes       
[SUM]  30.00-31.00  sec  4.99 GBytes  42.8 Gbits/sec    0             
- - - - - - - - - - - - - - - - - - - - - - - - -
[  6]  31.00-32.00  sec   505 MBytes  4.24 Gbits/sec    0   3.95 MBytes       
[  8]  31.00-32.00  sec   690 MBytes  5.79 Gbits/sec    0   3.94 MBytes       
[ 10]  31.00-32.00  sec   664 MBytes  5.57 Gbits/sec    0   4.07 MBytes       
[ 12]  31.00-32.00  sec   665 MBytes  5.58 Gbits/sec    0   3.94 MBytes       
[ 14]  31.00-32.00  sec   621 MBytes  5.21 Gbits/sec    0   3.94 MBytes       
[ 16]  31.00-32.00  sec   675 MBytes  5.66 Gbits/sec    0   3.94 MBytes       
[ 18]  31.00-32.00  sec   644 MBytes  5.40 Gbits/sec    0   3.94 MBytes       
[ 20]  31.00-32.00  sec   694 MBytes  5.82 Gbits/sec    0   3.94 MBytes       
[SUM]  31.00-32.00  sec  5.04 GBytes  43.3 Gbits/sec    0             
- - - - - - - - - - - - - - - - - - - - - - - - -
[  6]  32.00-33.00  sec   549 MBytes  4.61 Gbits/sec    0   3.95 MBytes       
[  8]  32.00-33.00  sec   527 MBytes  4.42 Gbits/sec    0   3.94 MBytes       
[ 10]  32.00-33.00  sec   548 MBytes  4.60 Gbits/sec    0   4.07 MBytes       
[ 12]  32.00-33.00  sec   524 MBytes  4.39 Gbits/sec    0   3.94 MBytes       
[ 14]  32.00-33.00  sec   585 MBytes  4.91 Gbits/sec    0   3.94 MBytes       
[ 16]  32.00-33.00  sec   608 MBytes  5.11 Gbits/sec    0   3.94 MBytes       
[ 18]  32.00-33.00  sec   563 MBytes  4.72 Gbits/sec    0   3.94 MBytes       
[ 20]  32.00-33.00  sec   584 MBytes  4.91 Gbits/sec    0   3.94 MBytes       
[SUM]  32.00-33.00  sec  4.38 GBytes  37.7 Gbits/sec    0             
- - - - - - - - - - - - - - - - - - - - - - - - -
[  6]  33.00-34.00  sec   452 MBytes  3.79 Gbits/sec    0   3.95 MBytes       
[  8]  33.00-34.00  sec   484 MBytes  4.05 Gbits/sec    0   3.94 MBytes       
[ 10]  33.00-34.00  sec   528 MBytes  4.43 Gbits/sec    0   4.07 MBytes       
[ 12]  33.00-34.00  sec   561 MBytes  4.70 Gbits/sec    0   3.94 MBytes       
[ 14]  33.00-34.01  sec   540 MBytes  4.50 Gbits/sec    1   3.94 MBytes       
[ 16]  33.00-34.01  sec   498 MBytes  4.15 Gbits/sec    0   3.94 MBytes       
[ 18]  33.00-34.01  sec   571 MBytes  4.76 Gbits/sec    0   3.94 MBytes       
[ 20]  33.00-34.01  sec   566 MBytes  4.72 Gbits/sec    0   3.94 MBytes       
[SUM]  33.00-34.00  sec  4.10 GBytes  35.2 Gbits/sec    1             
- - - - - - - - - - - - - - - - - - - - - - - - -
[  6]  34.00-35.00  sec   523 MBytes  4.39 Gbits/sec    0   3.95 MBytes       
[  8]  34.00-35.00  sec   480 MBytes  4.03 Gbits/sec    0   3.94 MBytes       
[ 10]  34.00-35.00  sec   565 MBytes  4.73 Gbits/sec    0   4.07 MBytes       
[ 12]  34.00-35.00  sec   554 MBytes  4.64 Gbits/sec    0   3.94 MBytes       
[ 14]  34.01-35.00  sec   558 MBytes  4.70 Gbits/sec    0   3.94 MBytes       
[ 16]  34.01-35.00  sec   588 MBytes  4.95 Gbits/sec    0   3.94 MBytes       
[ 18]  34.01-35.00  sec   611 MBytes  5.15 Gbits/sec    0   3.94 MBytes       
[ 20]  34.01-35.00  sec   574 MBytes  4.83 Gbits/sec    0   3.94 MBytes       
[SUM]  34.00-35.00  sec  4.35 GBytes  37.4 Gbits/sec    0             
- - - - - - - - - - - - - - - - - - - - - - - - -
[  6]  35.00-36.00  sec   567 MBytes  4.76 Gbits/sec    0   3.95 MBytes       
[  8]  35.00-36.00  sec   581 MBytes  4.88 Gbits/sec    0   3.94 MBytes       
[ 10]  35.00-36.00  sec   624 MBytes  5.25 Gbits/sec    0   4.07 MBytes       
[ 12]  35.00-36.00  sec   564 MBytes  4.74 Gbits/sec    0   3.94 MBytes       
[ 14]  35.00-36.00  sec   652 MBytes  5.48 Gbits/sec    0   3.94 MBytes       
[ 16]  35.00-36.00  sec   630 MBytes  5.28 Gbits/sec    0   3.94 MBytes       
[ 18]  35.00-36.00  sec   574 MBytes  4.82 Gbits/sec    0   3.94 MBytes       
[ 20]  35.00-36.01  sec   638 MBytes  5.35 Gbits/sec    0   3.94 MBytes       
[SUM]  35.00-36.00  sec  4.72 GBytes  40.5 Gbits/sec    0             
- - - - - - - - - - - - - - - - - - - - - - - - -
[  6]  36.00-37.00  sec   551 MBytes  4.62 Gbits/sec    0   3.95 MBytes       
[  8]  36.00-37.00  sec   557 MBytes  4.67 Gbits/sec    0   3.94 MBytes       
[ 10]  36.00-37.00  sec   590 MBytes  4.95 Gbits/sec    0   4.07 MBytes       
[ 12]  36.00-37.00  sec   606 MBytes  5.09 Gbits/sec    0   3.94 MBytes       
[ 14]  36.00-37.00  sec   565 MBytes  4.74 Gbits/sec    0   3.94 MBytes       
[ 16]  36.00-37.00  sec   634 MBytes  5.33 Gbits/sec    0   3.94 MBytes       
[ 18]  36.00-37.00  sec   645 MBytes  5.42 Gbits/sec    0   3.94 MBytes       
[ 20]  36.01-37.00  sec   568 MBytes  4.77 Gbits/sec    0   3.94 MBytes       
[SUM]  36.00-37.00  sec  4.60 GBytes  39.6 Gbits/sec    0             
- - - - - - - - - - - - - - - - - - - - - - - - -
[  6]  37.00-38.00  sec   500 MBytes  4.19 Gbits/sec    0   3.95 MBytes       
[  8]  37.00-38.00  sec   640 MBytes  5.36 Gbits/sec    0   3.94 MBytes       
[ 10]  37.00-38.00  sec   568 MBytes  4.75 Gbits/sec    0   4.07 MBytes       
[ 12]  37.00-38.00  sec   652 MBytes  5.46 Gbits/sec    0   3.94 MBytes       
[ 14]  37.00-38.00  sec   586 MBytes  4.91 Gbits/sec    0   3.94 MBytes       
[ 16]  37.00-38.00  sec   748 MBytes  6.27 Gbits/sec    0   3.94 MBytes       
[ 18]  37.00-38.00  sec   604 MBytes  5.06 Gbits/sec    0   3.94 MBytes       
[ 20]  37.00-38.01  sec   570 MBytes  4.75 Gbits/sec    0   3.94 MBytes       
[SUM]  37.00-38.00  sec  4.75 GBytes  40.8 Gbits/sec    0             
- - - - - - - - - - - - - - - - - - - - - - - - -
[  6]  38.00-39.00  sec   517 MBytes  4.33 Gbits/sec    0   3.95 MBytes       
[  8]  38.00-39.00  sec   556 MBytes  4.66 Gbits/sec    0   3.94 MBytes       
[ 10]  38.00-39.00  sec   496 MBytes  4.17 Gbits/sec    0   4.07 MBytes       
[ 12]  38.00-39.00  sec   583 MBytes  4.90 Gbits/sec    0   3.94 MBytes       
[ 14]  38.00-39.00  sec   559 MBytes  4.70 Gbits/sec    0   3.94 MBytes       
[ 16]  38.00-39.00  sec   520 MBytes  4.37 Gbits/sec    0   3.94 MBytes       
[ 18]  38.00-39.00  sec   530 MBytes  4.46 Gbits/sec    0   3.94 MBytes       
[ 20]  38.01-39.00  sec   522 MBytes  4.41 Gbits/sec    0   3.94 MBytes       
[SUM]  38.00-39.00  sec  4.18 GBytes  35.9 Gbits/sec    0             
- - - - - - - - - - - - - - - - - - - - - - - - -
[  6]  39.00-40.00  sec   581 MBytes  4.88 Gbits/sec    0   3.95 MBytes       
[  8]  39.00-40.00  sec   536 MBytes  4.50 Gbits/sec    0   3.94 MBytes       
[ 10]  39.00-40.00  sec   532 MBytes  4.47 Gbits/sec    0   4.07 MBytes       
[ 12]  39.00-40.00  sec   629 MBytes  5.28 Gbits/sec    0   3.94 MBytes       
[ 14]  39.00-40.00  sec   599 MBytes  5.03 Gbits/sec    0   3.94 MBytes       
[ 16]  39.00-40.00  sec   536 MBytes  4.50 Gbits/sec    0   3.94 MBytes       
[ 18]  39.00-40.00  sec   584 MBytes  4.90 Gbits/sec    0   3.94 MBytes       
[ 20]  39.00-40.00  sec   557 MBytes  4.67 Gbits/sec    0   3.94 MBytes       
[SUM]  39.00-40.00  sec  4.45 GBytes  38.2 Gbits/sec    0             
- - - - - - - - - - - - - - - - - - - - - - - - -
[  6]  40.00-41.00  sec   538 MBytes  4.51 Gbits/sec    0   3.95 MBytes       
[  8]  40.00-41.00  sec   531 MBytes  4.45 Gbits/sec    0   3.94 MBytes       
[ 10]  40.00-41.00  sec   572 MBytes  4.79 Gbits/sec    0   4.07 MBytes       
[ 12]  40.00-41.00  sec   606 MBytes  5.08 Gbits/sec    0   3.94 MBytes       
[ 14]  40.00-41.00  sec   579 MBytes  4.85 Gbits/sec    0   3.94 MBytes       
[ 16]  40.00-41.00  sec   564 MBytes  4.72 Gbits/sec    0   3.94 MBytes       
[ 18]  40.00-41.00  sec   554 MBytes  4.64 Gbits/sec    0   3.94 MBytes       
[ 20]  40.00-41.00  sec   614 MBytes  5.14 Gbits/sec    0   3.94 MBytes       
[SUM]  40.00-41.00  sec  4.45 GBytes  38.2 Gbits/sec    0             
- - - - - - - - - - - - - - - - - - - - - - - - -
[  6]  41.00-42.00  sec   627 MBytes  5.26 Gbits/sec    0   3.95 MBytes       
[  8]  41.00-42.00  sec   634 MBytes  5.32 Gbits/sec    0   3.94 MBytes       
[ 10]  41.00-42.00  sec   763 MBytes  6.40 Gbits/sec    0   4.07 MBytes       
[ 12]  41.00-42.00  sec   688 MBytes  5.77 Gbits/sec    0   3.94 MBytes       
[ 14]  41.00-42.00  sec   729 MBytes  6.12 Gbits/sec    0   3.94 MBytes       
[ 16]  41.00-42.00  sec   712 MBytes  5.98 Gbits/sec    0   3.94 MBytes       
[ 18]  41.00-42.00  sec   672 MBytes  5.64 Gbits/sec    0   3.94 MBytes       
[ 20]  41.00-42.00  sec   660 MBytes  5.55 Gbits/sec    0   3.94 MBytes       
[SUM]  41.00-42.00  sec  5.36 GBytes  46.0 Gbits/sec    0             
- - - - - - - - - - - - - - - - - - - - - - - - -
[  6]  42.00-43.00  sec   550 MBytes  4.62 Gbits/sec    0   3.95 MBytes       
[  8]  42.00-43.00  sec   736 MBytes  6.17 Gbits/sec    0   3.94 MBytes       
[ 10]  42.00-43.00  sec   624 MBytes  5.24 Gbits/sec    0   4.07 MBytes       
[ 12]  42.00-43.00  sec   700 MBytes  5.86 Gbits/sec    0   3.94 MBytes       
[ 14]  42.00-43.00  sec   660 MBytes  5.53 Gbits/sec    0   3.94 MBytes       
[ 16]  42.00-43.00  sec   737 MBytes  6.17 Gbits/sec    0   3.94 MBytes       
[ 18]  42.00-43.00  sec   705 MBytes  5.91 Gbits/sec    0   3.94 MBytes       
[ 20]  42.00-43.00  sec   644 MBytes  5.39 Gbits/sec    0   3.94 MBytes       
[SUM]  42.00-43.00  sec  5.23 GBytes  44.9 Gbits/sec    0             
- - - - - - - - - - - - - - - - - - - - - - - - -
[  6]  43.00-44.00  sec   572 MBytes  4.80 Gbits/sec    0   3.95 MBytes       
[  8]  43.00-44.00  sec   720 MBytes  6.04 Gbits/sec    0   3.94 MBytes       
[ 10]  43.00-44.00  sec   680 MBytes  5.71 Gbits/sec    0   4.07 MBytes       
[ 12]  43.00-44.00  sec   818 MBytes  6.86 Gbits/sec    0   3.94 MBytes       
[ 14]  43.00-44.00  sec   694 MBytes  5.82 Gbits/sec    0   3.94 MBytes       
[ 16]  43.00-44.00  sec   726 MBytes  6.08 Gbits/sec    0   3.94 MBytes       
[ 18]  43.00-44.00  sec   726 MBytes  6.09 Gbits/sec    0   3.94 MBytes       
[ 20]  43.00-44.00  sec   662 MBytes  5.55 Gbits/sec    0   3.94 MBytes       
[SUM]  43.00-44.00  sec  5.47 GBytes  47.0 Gbits/sec    0             
- - - - - - - - - - - - - - - - - - - - - - - - -
[  6]  44.00-45.00  sec   655 MBytes  5.50 Gbits/sec    0   3.95 MBytes       
[  8]  44.00-45.00  sec   632 MBytes  5.30 Gbits/sec    0   3.94 MBytes       
[ 10]  44.00-45.00  sec   625 MBytes  5.25 Gbits/sec    0   4.07 MBytes       
[ 12]  44.00-45.00  sec   685 MBytes  5.76 Gbits/sec    0   3.94 MBytes       
[ 14]  44.00-45.00  sec   624 MBytes  5.25 Gbits/sec    0   3.94 MBytes       
[ 16]  44.00-45.00  sec   689 MBytes  5.80 Gbits/sec    0   3.94 MBytes       
[ 18]  44.00-45.00  sec   574 MBytes  4.83 Gbits/sec    0   3.94 MBytes       
[ 20]  44.00-45.00  sec   682 MBytes  5.74 Gbits/sec    0   3.94 MBytes       
[SUM]  44.00-45.00  sec  5.05 GBytes  43.4 Gbits/sec    0             
- - - - - - - - - - - - - - - - - - - - - - - - -
[  6]  45.00-46.00  sec   596 MBytes  5.00 Gbits/sec    0   3.95 MBytes       
[  8]  45.00-46.00  sec   632 MBytes  5.29 Gbits/sec    0   3.94 MBytes       
[ 10]  45.00-46.00  sec   631 MBytes  5.29 Gbits/sec    0   4.07 MBytes       
[ 12]  45.00-46.00  sec   590 MBytes  4.94 Gbits/sec    0   3.94 MBytes       
[ 14]  45.00-46.00  sec   575 MBytes  4.82 Gbits/sec    0   3.94 MBytes       
[ 16]  45.00-46.00  sec   620 MBytes  5.18 Gbits/sec    0   3.94 MBytes       
[ 18]  45.00-46.01  sec   629 MBytes  5.21 Gbits/sec    0   3.94 MBytes       
[ 20]  45.00-46.02  sec   680 MBytes  5.64 Gbits/sec    0   3.94 MBytes       
[SUM]  45.00-46.00  sec  4.84 GBytes  41.6 Gbits/sec    0             
- - - - - - - - - - - - - - - - - - - - - - - - -
[  6]  46.00-47.00  sec   629 MBytes  5.27 Gbits/sec    0   3.95 MBytes       
[  8]  46.00-47.00  sec   613 MBytes  5.14 Gbits/sec    0   3.94 MBytes       
[ 10]  46.00-47.00  sec   642 MBytes  5.39 Gbits/sec    0   4.07 MBytes       
[ 12]  46.00-47.00  sec   607 MBytes  5.09 Gbits/sec    0   3.94 MBytes       
[ 14]  46.00-47.00  sec   598 MBytes  5.00 Gbits/sec    0   3.94 MBytes       
[ 16]  46.00-47.01  sec   640 MBytes  5.36 Gbits/sec    0   3.94 MBytes       
[ 18]  46.01-47.01  sec   627 MBytes  5.30 Gbits/sec    0   3.94 MBytes       
[ 20]  46.02-47.01  sec   596 MBytes  5.05 Gbits/sec    0   3.94 MBytes       
[SUM]  46.00-47.00  sec  4.84 GBytes  41.5 Gbits/sec    0             
- - - - - - - - - - - - - - - - - - - - - - - - -
[  6]  47.00-48.00  sec   636 MBytes  5.33 Gbits/sec    0   3.95 MBytes       
[  8]  47.00-48.01  sec   699 MBytes  5.85 Gbits/sec    0   3.94 MBytes       
[ 10]  47.00-48.01  sec   666 MBytes  5.57 Gbits/sec    0   4.07 MBytes       
[ 12]  47.00-48.01  sec   772 MBytes  6.44 Gbits/sec    0   3.94 MBytes       
[ 14]  47.00-48.01  sec   719 MBytes  6.01 Gbits/sec    0   3.94 MBytes       
[ 16]  47.01-48.01  sec   659 MBytes  5.51 Gbits/sec    0   3.94 MBytes       
[ 18]  47.01-48.01  sec   661 MBytes  5.52 Gbits/sec    0   3.94 MBytes       
[ 20]  47.01-48.01  sec   673 MBytes  5.62 Gbits/sec    0   3.94 MBytes       
[SUM]  47.00-48.00  sec  5.36 GBytes  46.0 Gbits/sec    0             
- - - - - - - - - - - - - - - - - - - - - - - - -
[  6]  48.00-49.00  sec   638 MBytes  5.35 Gbits/sec    0   3.95 MBytes       
[  8]  48.01-49.00  sec   629 MBytes  5.31 Gbits/sec    0   3.94 MBytes       
[ 10]  48.01-49.00  sec   606 MBytes  5.11 Gbits/sec    0   4.07 MBytes       
[ 12]  48.01-49.00  sec   611 MBytes  5.16 Gbits/sec    0   3.94 MBytes       
[ 14]  48.01-49.00  sec   671 MBytes  5.66 Gbits/sec    0   3.94 MBytes       
[ 16]  48.01-49.00  sec   656 MBytes  5.55 Gbits/sec    0   3.94 MBytes       
[ 18]  48.01-49.00  sec   608 MBytes  5.15 Gbits/sec    0   3.94 MBytes       
[ 20]  48.01-49.00  sec   618 MBytes  5.23 Gbits/sec    0   3.94 MBytes       
[SUM]  48.00-49.00  sec  4.92 GBytes  42.3 Gbits/sec    0             
- - - - - - - - - - - - - - - - - - - - - - - - -
[  6]  49.00-50.00  sec   685 MBytes  5.75 Gbits/sec    0   3.95 MBytes       
[  8]  49.00-50.00  sec   699 MBytes  5.86 Gbits/sec    0   3.94 MBytes       
[ 10]  49.00-50.00  sec   707 MBytes  5.93 Gbits/sec    0   4.07 MBytes       
[ 12]  49.00-50.00  sec   676 MBytes  5.66 Gbits/sec    0   3.94 MBytes       
[ 14]  49.00-50.00  sec   693 MBytes  5.80 Gbits/sec    0   3.94 MBytes       
[ 16]  49.00-50.00  sec   706 MBytes  5.91 Gbits/sec    0   3.94 MBytes       
[ 18]  49.00-50.00  sec   744 MBytes  6.23 Gbits/sec    0   3.94 MBytes       
[ 20]  49.00-50.00  sec   709 MBytes  5.93 Gbits/sec    0   3.94 MBytes       
[SUM]  49.00-50.00  sec  5.49 GBytes  47.1 Gbits/sec    0             
- - - - - - - - - - - - - - - - - - - - - - - - -
[  6]  50.00-51.00  sec   687 MBytes  5.76 Gbits/sec    0   3.95 MBytes       
[  8]  50.00-51.00  sec   703 MBytes  5.90 Gbits/sec    0   3.94 MBytes       
[ 10]  50.00-51.00  sec   758 MBytes  6.36 Gbits/sec    0   4.07 MBytes       
[ 12]  50.00-51.00  sec   672 MBytes  5.65 Gbits/sec    0   3.94 MBytes       
[ 14]  50.00-51.00  sec   651 MBytes  5.47 Gbits/sec    0   3.94 MBytes       
[ 16]  50.00-51.00  sec   775 MBytes  6.52 Gbits/sec    0   3.94 MBytes       
[ 18]  50.00-51.00  sec   677 MBytes  5.69 Gbits/sec    0   3.94 MBytes       
[ 20]  50.00-51.00  sec   696 MBytes  5.86 Gbits/sec    0   3.94 MBytes       
[SUM]  50.00-51.00  sec  5.49 GBytes  47.1 Gbits/sec    0             
- - - - - - - - - - - - - - - - - - - - - - - - -
[  6]  51.00-52.00  sec   588 MBytes  4.93 Gbits/sec    0   3.95 MBytes       
[  8]  51.00-52.00  sec   661 MBytes  5.54 Gbits/sec    0   3.94 MBytes       
[ 10]  51.00-52.00  sec   613 MBytes  5.14 Gbits/sec    0   4.07 MBytes       
[ 12]  51.00-52.00  sec   628 MBytes  5.26 Gbits/sec    0   3.94 MBytes       
[ 14]  51.00-52.00  sec   631 MBytes  5.28 Gbits/sec    0   3.94 MBytes       
[ 16]  51.00-52.00  sec   591 MBytes  4.95 Gbits/sec    0   3.94 MBytes       
[ 18]  51.00-52.00  sec   671 MBytes  5.61 Gbits/sec    0   3.94 MBytes       
[ 20]  51.00-52.01  sec   621 MBytes  5.18 Gbits/sec    0   3.94 MBytes       
[SUM]  51.00-52.00  sec  4.89 GBytes  42.0 Gbits/sec    0             
- - - - - - - - - - - - - - - - - - - - - - - - -
[  6]  52.00-53.00  sec   707 MBytes  5.93 Gbits/sec    0   3.95 MBytes       
[  8]  52.00-53.00  sec   638 MBytes  5.36 Gbits/sec    0   3.94 MBytes       
[ 10]  52.00-53.00  sec   626 MBytes  5.25 Gbits/sec    0   4.07 MBytes       
[ 12]  52.00-53.00  sec   677 MBytes  5.68 Gbits/sec    0   3.94 MBytes       
[ 14]  52.00-53.00  sec   568 MBytes  4.77 Gbits/sec    0   3.94 MBytes       
[ 16]  52.00-53.00  sec   678 MBytes  5.70 Gbits/sec    0   3.94 MBytes       
[ 18]  52.00-53.00  sec   667 MBytes  5.60 Gbits/sec    0   3.94 MBytes       
[ 20]  52.01-53.00  sec   719 MBytes  6.06 Gbits/sec    0   3.94 MBytes       
[SUM]  52.00-53.00  sec  5.16 GBytes  44.3 Gbits/sec    0             
- - - - - - - - - - - - - - - - - - - - - - - - -
[  6]  53.00-54.00  sec   598 MBytes  5.01 Gbits/sec    0   3.95 MBytes       
[  8]  53.00-54.00  sec   625 MBytes  5.24 Gbits/sec    0   3.94 MBytes       
[ 10]  53.00-54.00  sec   687 MBytes  5.76 Gbits/sec    0   4.07 MBytes       
[ 12]  53.00-54.01  sec   605 MBytes  5.03 Gbits/sec    0   3.94 MBytes       
[ 14]  53.00-54.01  sec   706 MBytes  5.88 Gbits/sec    0   3.94 MBytes       
[ 16]  53.00-54.01  sec   674 MBytes  5.60 Gbits/sec    0   3.94 MBytes       
[ 18]  53.00-54.01  sec   624 MBytes  5.17 Gbits/sec    0   3.94 MBytes       
[ 20]  53.00-54.01  sec   713 MBytes  5.91 Gbits/sec    0   3.94 MBytes       
[SUM]  53.00-54.00  sec  5.11 GBytes  43.9 Gbits/sec    0             
- - - - - - - - - - - - - - - - - - - - - - - - -
[  6]  54.00-55.00  sec   606 MBytes  5.09 Gbits/sec    0   3.95 MBytes       
[  8]  54.00-55.00  sec   585 MBytes  4.90 Gbits/sec    0   3.94 MBytes       
[ 10]  54.00-55.00  sec   642 MBytes  5.39 Gbits/sec    0   4.07 MBytes       
[ 12]  54.01-55.01  sec   556 MBytes  4.67 Gbits/sec    0   3.94 MBytes       
[ 14]  54.01-55.01  sec   567 MBytes  4.75 Gbits/sec    0   3.94 MBytes       
[ 16]  54.01-55.01  sec   654 MBytes  5.50 Gbits/sec    0   3.94 MBytes       
[ 18]  54.01-55.01  sec   619 MBytes  5.21 Gbits/sec    0   3.94 MBytes       
[ 20]  54.01-55.01  sec   562 MBytes  4.74 Gbits/sec    0   3.94 MBytes       
[SUM]  54.00-55.00  sec  4.68 GBytes  40.2 Gbits/sec    0             
- - - - - - - - - - - - - - - - - - - - - - - - -
[  6]  55.00-56.00  sec   525 MBytes  4.40 Gbits/sec    0   3.95 MBytes       
[  8]  55.00-56.00  sec   499 MBytes  4.18 Gbits/sec    0   3.94 MBytes       
[ 10]  55.00-56.00  sec   558 MBytes  4.69 Gbits/sec    0   4.07 MBytes       
[ 12]  55.01-56.00  sec   536 MBytes  4.53 Gbits/sec    0   3.94 MBytes       
[ 14]  55.01-56.00  sec   552 MBytes  4.67 Gbits/sec    0   3.94 MBytes       
[ 16]  55.01-56.00  sec   530 MBytes  4.49 Gbits/sec    0   3.94 MBytes       
[ 18]  55.01-56.00  sec   475 MBytes  4.03 Gbits/sec    0   3.94 MBytes       
[ 20]  55.01-56.00  sec   531 MBytes  4.50 Gbits/sec    0   3.94 MBytes       
[SUM]  55.00-56.00  sec  4.11 GBytes  35.3 Gbits/sec    0             
- - - - - - - - - - - - - - - - - - - - - - - - -
[  6]  56.00-57.00  sec   634 MBytes  5.31 Gbits/sec    0   3.95 MBytes       
[  8]  56.00-57.00  sec   692 MBytes  5.80 Gbits/sec    0   3.94 MBytes       
[ 10]  56.00-57.00  sec   555 MBytes  4.65 Gbits/sec    0   4.07 MBytes       
[ 12]  56.00-57.00  sec   619 MBytes  5.19 Gbits/sec    0   3.94 MBytes       
[ 14]  56.00-57.00  sec   657 MBytes  5.50 Gbits/sec    0   3.94 MBytes       
[ 16]  56.00-57.00  sec   628 MBytes  5.25 Gbits/sec    0   3.94 MBytes       
[ 18]  56.00-57.00  sec   655 MBytes  5.48 Gbits/sec    0   3.94 MBytes       
[ 20]  56.00-57.00  sec   666 MBytes  5.58 Gbits/sec    0   3.94 MBytes       
[SUM]  56.00-57.00  sec  4.99 GBytes  42.8 Gbits/sec    0             
- - - - - - - - - - - - - - - - - - - - - - - - -
[  6]  57.00-58.00  sec   642 MBytes  5.38 Gbits/sec    0   3.95 MBytes       
[  8]  57.00-58.00  sec   691 MBytes  5.80 Gbits/sec    0   3.94 MBytes       
[ 10]  57.00-58.00  sec   620 MBytes  5.20 Gbits/sec    0   4.07 MBytes       
[ 12]  57.00-58.00  sec   688 MBytes  5.78 Gbits/sec    0   3.94 MBytes       
[ 14]  57.00-58.00  sec   679 MBytes  5.71 Gbits/sec    0   3.94 MBytes       
[ 16]  57.00-58.00  sec   651 MBytes  5.48 Gbits/sec    0   3.94 MBytes       
[ 18]  57.00-58.00  sec   703 MBytes  5.91 Gbits/sec    0   3.94 MBytes       
[ 20]  57.00-58.00  sec   673 MBytes  5.65 Gbits/sec    0   3.94 MBytes       
[SUM]  57.00-58.00  sec  5.22 GBytes  44.9 Gbits/sec    0             
- - - - - - - - - - - - - - - - - - - - - - - - -
[  6]  58.00-59.00  sec   757 MBytes  6.35 Gbits/sec    0   3.95 MBytes       
[  8]  58.00-59.00  sec   690 MBytes  5.79 Gbits/sec    0   3.94 MBytes       
[ 10]  58.00-59.00  sec   707 MBytes  5.93 Gbits/sec    0   4.07 MBytes       
[ 12]  58.00-59.00  sec   827 MBytes  6.94 Gbits/sec    0   3.94 MBytes       
[ 14]  58.00-59.00  sec   675 MBytes  5.66 Gbits/sec    0   3.94 MBytes       
[ 16]  58.00-59.00  sec   792 MBytes  6.65 Gbits/sec    0   3.94 MBytes       
[ 18]  58.00-59.00  sec   736 MBytes  6.18 Gbits/sec    0   3.94 MBytes       
[ 20]  58.00-59.00  sec   680 MBytes  5.71 Gbits/sec    0   3.94 MBytes       
[SUM]  58.00-59.00  sec  5.73 GBytes  49.2 Gbits/sec    0             
- - - - - - - - - - - - - - - - - - - - - - - - -
[  6]  59.00-60.00  sec   588 MBytes  4.93 Gbits/sec    0   3.95 MBytes       
[  8]  59.00-60.00  sec   624 MBytes  5.23 Gbits/sec    0   3.94 MBytes       
[ 10]  59.00-60.00  sec   609 MBytes  5.10 Gbits/sec    0   4.07 MBytes       
[ 12]  59.00-60.00  sec   652 MBytes  5.47 Gbits/sec    0   3.94 MBytes       
[ 14]  59.00-60.00  sec   652 MBytes  5.46 Gbits/sec    0   3.94 MBytes       
[ 16]  59.00-60.01  sec   655 MBytes  5.46 Gbits/sec    0   3.94 MBytes       
[ 18]  59.00-60.01  sec   648 MBytes  5.40 Gbits/sec    0   3.94 MBytes       
[ 20]  59.00-60.01  sec   628 MBytes  5.23 Gbits/sec    0   3.94 MBytes       
[SUM]  59.00-60.00  sec  4.94 GBytes  42.4 Gbits/sec    0             
- - - - - - - - - - - - - - - - - - - - - - - - -
[  6]  60.00-61.00  sec   943 MBytes  7.91 Gbits/sec    0   3.95 MBytes       
[  8]  60.00-61.00  sec   932 MBytes  7.80 Gbits/sec    0   3.94 MBytes       
[ 10]  60.00-61.00  sec   961 MBytes  8.05 Gbits/sec    0   4.07 MBytes       
[ 12]  60.00-61.00  sec   976 MBytes  8.17 Gbits/sec    0   3.94 MBytes       
[ 14]  60.00-61.01  sec   918 MBytes  7.66 Gbits/sec    0   3.94 MBytes       
[ 16]  60.01-61.01  sec   923 MBytes  7.74 Gbits/sec    0   3.94 MBytes       
[ 18]  60.01-61.01  sec   952 MBytes  8.00 Gbits/sec    0   3.94 MBytes       
[ 20]  60.01-61.01  sec   935 MBytes  7.84 Gbits/sec    0   3.94 MBytes       
[SUM]  60.00-61.00  sec  7.36 GBytes  63.2 Gbits/sec    0             
- - - - - - - - - - - - - - - - - - - - - - - - -
[  6]  61.00-62.00  sec   878 MBytes  7.36 Gbits/sec    0   3.95 MBytes       
[  8]  61.00-62.00  sec   821 MBytes  6.90 Gbits/sec    0   3.94 MBytes       
[ 10]  61.00-62.00  sec   855 MBytes  7.17 Gbits/sec    0   4.07 MBytes       
[ 12]  61.00-62.00  sec   841 MBytes  7.06 Gbits/sec    0   3.94 MBytes       
[ 14]  61.01-62.00  sec   892 MBytes  7.50 Gbits/sec    0   3.94 MBytes       
[ 16]  61.01-62.00  sec   791 MBytes  6.66 Gbits/sec    0   3.94 MBytes       
[ 18]  61.01-62.01  sec   929 MBytes  7.82 Gbits/sec    0   3.94 MBytes       
[ 20]  61.01-62.01  sec   832 MBytes  7.00 Gbits/sec    0   3.94 MBytes       
[SUM]  61.00-62.00  sec  6.68 GBytes  57.4 Gbits/sec    0             
- - - - - - - - - - - - - - - - - - - - - - - - -
[  6]  62.00-63.00  sec   773 MBytes  6.49 Gbits/sec    0   3.95 MBytes       
[  8]  62.00-63.00  sec   698 MBytes  5.85 Gbits/sec    0   3.94 MBytes       
[ 10]  62.00-63.00  sec   726 MBytes  6.10 Gbits/sec    0   4.07 MBytes       
[ 12]  62.00-63.00  sec   729 MBytes  6.12 Gbits/sec    0   3.94 MBytes       
[ 14]  62.00-63.00  sec   770 MBytes  6.48 Gbits/sec    0   3.94 MBytes       
[ 16]  62.00-63.00  sec   797 MBytes  6.70 Gbits/sec    0   3.94 MBytes       
[ 18]  62.01-63.00  sec   780 MBytes  6.56 Gbits/sec    0   3.94 MBytes       
[ 20]  62.01-63.00  sec   776 MBytes  6.53 Gbits/sec    0   3.94 MBytes       
[SUM]  62.00-63.00  sec  5.91 GBytes  50.7 Gbits/sec    0             
- - - - - - - - - - - - - - - - - - - - - - - - -
[  6]  63.00-64.00  sec   706 MBytes  5.92 Gbits/sec    0   3.95 MBytes       
[  8]  63.00-64.00  sec   715 MBytes  6.00 Gbits/sec    0   3.94 MBytes       
[ 10]  63.00-64.00  sec   688 MBytes  5.77 Gbits/sec    0   4.07 MBytes       
[ 12]  63.00-64.00  sec   723 MBytes  6.06 Gbits/sec    0   3.94 MBytes       
[ 14]  63.00-64.00  sec   695 MBytes  5.81 Gbits/sec    0   3.94 MBytes       
[ 16]  63.00-64.00  sec   789 MBytes  6.60 Gbits/sec    0   3.94 MBytes       
[ 18]  63.00-64.00  sec   736 MBytes  6.16 Gbits/sec    0   3.94 MBytes       
[ 20]  63.00-64.00  sec   708 MBytes  5.92 Gbits/sec    0   3.94 MBytes       
[SUM]  63.00-64.00  sec  5.63 GBytes  48.3 Gbits/sec    0             
- - - - - - - - - - - - - - - - - - - - - - - - -
[  6]  64.00-65.00  sec   598 MBytes  5.02 Gbits/sec    0   3.95 MBytes       
[  8]  64.00-65.00  sec   558 MBytes  4.68 Gbits/sec    0   3.94 MBytes       
[ 10]  64.00-65.01  sec   552 MBytes  4.59 Gbits/sec    0   4.07 MBytes       
[ 12]  64.00-65.01  sec   671 MBytes  5.59 Gbits/sec    0   3.94 MBytes       
[ 14]  64.00-65.01  sec   568 MBytes  4.74 Gbits/sec    0   3.94 MBytes       
[ 16]  64.00-65.01  sec   577 MBytes  4.81 Gbits/sec    0   3.94 MBytes       
[ 18]  64.00-65.01  sec   593 MBytes  4.95 Gbits/sec    0   3.94 MBytes       
[ 20]  64.00-65.01  sec   583 MBytes  4.85 Gbits/sec    0   3.94 MBytes       
[SUM]  64.00-65.00  sec  4.59 GBytes  39.4 Gbits/sec    0             
- - - - - - - - - - - - - - - - - - - - - - - - -
[  6]  65.00-66.00  sec   743 MBytes  6.23 Gbits/sec    0   3.95 MBytes       
[  8]  65.00-66.00  sec   676 MBytes  5.68 Gbits/sec    0   3.94 MBytes       
[ 10]  65.01-66.00  sec   633 MBytes  5.36 Gbits/sec    0   4.07 MBytes       
[ 12]  65.01-66.00  sec   668 MBytes  5.65 Gbits/sec    0   3.94 MBytes       
[ 14]  65.01-66.00  sec   669 MBytes  5.66 Gbits/sec    0   3.94 MBytes       
[ 16]  65.01-66.00  sec   700 MBytes  5.92 Gbits/sec    0   3.94 MBytes       
[ 18]  65.01-66.00  sec   681 MBytes  5.76 Gbits/sec    0   3.94 MBytes       
[ 20]  65.01-66.00  sec   678 MBytes  5.75 Gbits/sec    0   3.94 MBytes       
[SUM]  65.00-66.00  sec  5.32 GBytes  45.7 Gbits/sec    0             
- - - - - - - - - - - - - - - - - - - - - - - - -
[  6]  66.00-67.00  sec   751 MBytes  6.30 Gbits/sec    0   3.95 MBytes       
[  8]  66.00-67.00  sec   659 MBytes  5.53 Gbits/sec    0   3.94 MBytes       
[ 10]  66.00-67.00  sec   726 MBytes  6.09 Gbits/sec    0   4.07 MBytes       
[ 12]  66.00-67.00  sec   770 MBytes  6.45 Gbits/sec    0   3.94 MBytes       
[ 14]  66.00-67.00  sec   758 MBytes  6.35 Gbits/sec    0   3.94 MBytes       
[ 16]  66.00-67.00  sec   765 MBytes  6.40 Gbits/sec    0   3.94 MBytes       
[ 18]  66.00-67.01  sec   780 MBytes  6.51 Gbits/sec    0   3.94 MBytes       
[ 20]  66.00-67.01  sec   704 MBytes  5.88 Gbits/sec    0   3.94 MBytes       
[SUM]  66.00-67.00  sec  5.77 GBytes  49.6 Gbits/sec    0             
- - - - - - - - - - - - - - - - - - - - - - - - -
[  6]  67.00-68.00  sec   720 MBytes  6.04 Gbits/sec    0   3.95 MBytes       
[  8]  67.00-68.00  sec   717 MBytes  6.01 Gbits/sec    0   3.94 MBytes       
[ 10]  67.00-68.00  sec   780 MBytes  6.53 Gbits/sec    0   4.07 MBytes       
[ 12]  67.00-68.00  sec   786 MBytes  6.60 Gbits/sec    0   3.94 MBytes       
[ 14]  67.00-68.00  sec   755 MBytes  6.33 Gbits/sec    0   3.94 MBytes       
[ 16]  67.00-68.00  sec   771 MBytes  6.48 Gbits/sec    0   3.94 MBytes       
[ 18]  67.01-68.00  sec   794 MBytes  6.69 Gbits/sec    0   3.94 MBytes       
[ 20]  67.01-68.00  sec   775 MBytes  6.53 Gbits/sec    0   3.94 MBytes       
[SUM]  67.00-68.00  sec  5.95 GBytes  51.2 Gbits/sec    0             
- - - - - - - - - - - - - - - - - - - - - - - - -
[  6]  68.00-69.00  sec   736 MBytes  6.17 Gbits/sec    0   3.95 MBytes       
[  8]  68.00-69.00  sec   777 MBytes  6.51 Gbits/sec    0   3.94 MBytes       
[ 10]  68.00-69.00  sec   744 MBytes  6.24 Gbits/sec    0   4.07 MBytes       
[ 12]  68.00-69.00  sec   788 MBytes  6.61 Gbits/sec    0   3.94 MBytes       
[ 14]  68.00-69.00  sec   776 MBytes  6.51 Gbits/sec    0   3.94 MBytes       
[ 16]  68.00-69.00  sec   785 MBytes  6.58 Gbits/sec    0   3.94 MBytes       
[ 18]  68.00-69.00  sec   742 MBytes  6.22 Gbits/sec    0   3.94 MBytes       
[ 20]  68.00-69.00  sec   774 MBytes  6.49 Gbits/sec    0   3.94 MBytes       
[SUM]  68.00-69.00  sec  5.98 GBytes  51.4 Gbits/sec    0             
- - - - - - - - - - - - - - - - - - - - - - - - -
[  6]  69.00-70.00  sec   741 MBytes  6.22 Gbits/sec    0   3.95 MBytes       
[  8]  69.00-70.00  sec   718 MBytes  6.03 Gbits/sec    0   3.94 MBytes       
[ 10]  69.00-70.00  sec   778 MBytes  6.53 Gbits/sec    0   4.07 MBytes       
[ 12]  69.00-70.00  sec   824 MBytes  6.91 Gbits/sec    0   3.94 MBytes       
[ 14]  69.00-70.00  sec   817 MBytes  6.85 Gbits/sec    0   3.94 MBytes       
[ 16]  69.00-70.00  sec   798 MBytes  6.69 Gbits/sec    0   3.94 MBytes       
[ 18]  69.00-70.00  sec   790 MBytes  6.62 Gbits/sec    0   3.94 MBytes       
[ 20]  69.00-70.00  sec   718 MBytes  6.02 Gbits/sec    0   3.94 MBytes       
[SUM]  69.00-70.00  sec  6.04 GBytes  51.9 Gbits/sec    0             
- - - - - - - - - - - - - - - - - - - - - - - - -
[  6]  70.00-71.00  sec   796 MBytes  6.68 Gbits/sec    0   3.95 MBytes       
[  8]  70.00-71.00  sec   806 MBytes  6.76 Gbits/sec    0   3.94 MBytes       
[ 10]  70.00-71.00  sec   781 MBytes  6.55 Gbits/sec    0   4.07 MBytes       
[ 12]  70.00-71.00  sec   804 MBytes  6.75 Gbits/sec    0   3.94 MBytes       
[ 14]  70.00-71.00  sec   889 MBytes  7.47 Gbits/sec    0   3.94 MBytes       
[ 16]  70.00-71.00  sec   895 MBytes  7.52 Gbits/sec    0   3.94 MBytes       
[ 18]  70.00-71.00  sec   820 MBytes  6.89 Gbits/sec    0   3.94 MBytes       
[ 20]  70.00-71.00  sec   889 MBytes  7.46 Gbits/sec    0   3.94 MBytes       
[SUM]  70.00-71.00  sec  6.52 GBytes  56.0 Gbits/sec    0             
- - - - - - - - - - - - - - - - - - - - - - - - -
[  6]  71.00-72.00  sec   833 MBytes  6.98 Gbits/sec    0   3.95 MBytes       
[  8]  71.00-72.00  sec   737 MBytes  6.19 Gbits/sec    0   3.94 MBytes       
[ 10]  71.00-72.00  sec   803 MBytes  6.74 Gbits/sec    0   4.07 MBytes       
[ 12]  71.00-72.00  sec   814 MBytes  6.83 Gbits/sec    0   3.94 MBytes       
[ 14]  71.00-72.00  sec   801 MBytes  6.72 Gbits/sec    0   3.94 MBytes       
[ 16]  71.00-72.00  sec   787 MBytes  6.60 Gbits/sec    0   3.94 MBytes       
[ 18]  71.00-72.00  sec   764 MBytes  6.41 Gbits/sec    0   3.94 MBytes       
[ 20]  71.00-72.00  sec   762 MBytes  6.39 Gbits/sec    0   3.94 MBytes       
[SUM]  71.00-72.00  sec  6.15 GBytes  52.9 Gbits/sec    0             
- - - - - - - - - - - - - - - - - - - - - - - - -
[  6]  72.00-73.00  sec   744 MBytes  6.24 Gbits/sec    0   3.95 MBytes       
[  8]  72.00-73.00  sec   676 MBytes  5.67 Gbits/sec    0   3.94 MBytes       
[ 10]  72.00-73.00  sec   742 MBytes  6.22 Gbits/sec    0   4.07 MBytes       
[ 12]  72.00-73.00  sec   814 MBytes  6.83 Gbits/sec    0   3.94 MBytes       
[ 14]  72.00-73.00  sec   758 MBytes  6.36 Gbits/sec    0   3.94 MBytes       
[ 16]  72.00-73.01  sec   794 MBytes  6.64 Gbits/sec    0   3.94 MBytes       
[ 18]  72.00-73.01  sec   875 MBytes  7.31 Gbits/sec    0   3.94 MBytes       
[ 20]  72.00-73.01  sec   857 MBytes  7.16 Gbits/sec    0   3.94 MBytes       
[SUM]  72.00-73.00  sec  6.11 GBytes  52.5 Gbits/sec    0             
- - - - - - - - - - - - - - - - - - - - - - - - -
[  6]  73.00-74.00  sec   859 MBytes  7.21 Gbits/sec    0   3.95 MBytes       
[  8]  73.00-74.00  sec   826 MBytes  6.93 Gbits/sec    0   3.94 MBytes       
[ 10]  73.00-74.00  sec   854 MBytes  7.16 Gbits/sec    0   4.07 MBytes       
[ 12]  73.00-74.00  sec   847 MBytes  7.10 Gbits/sec    0   3.94 MBytes       
[ 14]  73.00-74.00  sec   870 MBytes  7.29 Gbits/sec    0   3.94 MBytes       
[ 16]  73.01-74.00  sec   889 MBytes  7.47 Gbits/sec    0   3.94 MBytes       
[ 18]  73.01-74.00  sec   932 MBytes  7.83 Gbits/sec    0   3.94 MBytes       
[ 20]  73.01-74.00  sec   873 MBytes  7.33 Gbits/sec    0   3.94 MBytes       
[SUM]  73.00-74.00  sec  6.79 GBytes  58.3 Gbits/sec    0             
- - - - - - - - - - - - - - - - - - - - - - - - -
[  6]  74.00-75.00  sec   865 MBytes  7.26 Gbits/sec    0   3.95 MBytes       
[  8]  74.00-75.00  sec   844 MBytes  7.08 Gbits/sec    0   3.94 MBytes       
[ 10]  74.00-75.00  sec   838 MBytes  7.03 Gbits/sec    0   4.07 MBytes       
[ 12]  74.00-75.00  sec   882 MBytes  7.41 Gbits/sec    0   3.94 MBytes       
[ 14]  74.00-75.00  sec   889 MBytes  7.45 Gbits/sec    0   3.94 MBytes       
[ 16]  74.00-75.01  sec   986 MBytes  8.26 Gbits/sec    0   3.94 MBytes       
[ 18]  74.00-75.01  sec   895 MBytes  7.50 Gbits/sec    0   3.94 MBytes       
[ 20]  74.00-75.01  sec   854 MBytes  7.15 Gbits/sec    0   3.94 MBytes       
[SUM]  74.00-75.00  sec  6.89 GBytes  59.2 Gbits/sec    0             
- - - - - - - - - - - - - - - - - - - - - - - - -
[  6]  75.00-76.00  sec   854 MBytes  7.16 Gbits/sec    0   3.95 MBytes       
[  8]  75.00-76.00  sec   867 MBytes  7.28 Gbits/sec    0   3.94 MBytes       
[ 10]  75.00-76.00  sec   866 MBytes  7.27 Gbits/sec    0   4.07 MBytes       
[ 12]  75.00-76.00  sec   868 MBytes  7.28 Gbits/sec    0   3.94 MBytes       
[ 14]  75.00-76.00  sec   878 MBytes  7.39 Gbits/sec    0   3.94 MBytes       
[ 16]  75.01-76.00  sec   812 MBytes  6.85 Gbits/sec    0   3.94 MBytes       
[ 18]  75.01-76.00  sec   860 MBytes  7.25 Gbits/sec    0   3.94 MBytes       
[ 20]  75.01-76.00  sec   877 MBytes  7.39 Gbits/sec    0   3.94 MBytes       
[SUM]  75.00-76.00  sec  6.72 GBytes  57.7 Gbits/sec    0             
- - - - - - - - - - - - - - - - - - - - - - - - -
[  6]  76.00-77.00  sec   869 MBytes  7.29 Gbits/sec    0   3.95 MBytes       
[  8]  76.00-77.00  sec   863 MBytes  7.23 Gbits/sec    0   3.94 MBytes       
[ 10]  76.00-77.00  sec   871 MBytes  7.29 Gbits/sec    0   4.07 MBytes       
[ 12]  76.00-77.00  sec   919 MBytes  7.68 Gbits/sec    0   3.94 MBytes       
[ 14]  76.00-77.00  sec   864 MBytes  7.23 Gbits/sec    0   3.94 MBytes       
[ 16]  76.00-77.01  sec   844 MBytes  7.05 Gbits/sec    1   3.94 MBytes       
[ 18]  76.00-77.01  sec   865 MBytes  7.22 Gbits/sec    0   3.94 MBytes       
[ 20]  76.00-77.01  sec   832 MBytes  6.94 Gbits/sec    1   3.94 MBytes       
[SUM]  76.00-77.00  sec  6.76 GBytes  58.1 Gbits/sec    2             
- - - - - - - - - - - - - - - - - - - - - - - - -
[  6]  77.00-78.00  sec   765 MBytes  6.42 Gbits/sec    0   3.95 MBytes       
[  8]  77.00-78.00  sec   793 MBytes  6.67 Gbits/sec    0   3.94 MBytes       
[ 10]  77.00-78.00  sec   798 MBytes  6.70 Gbits/sec    1   4.07 MBytes       
[ 12]  77.00-78.00  sec   850 MBytes  7.14 Gbits/sec    0   3.94 MBytes       
[ 14]  77.00-78.00  sec   841 MBytes  7.07 Gbits/sec    0   3.94 MBytes       
[ 16]  77.01-78.00  sec   867 MBytes  7.30 Gbits/sec    0   3.94 MBytes       
[ 18]  77.01-78.00  sec   712 MBytes  5.99 Gbits/sec    0   3.94 MBytes       
[ 20]  77.01-78.00  sec   823 MBytes  6.91 Gbits/sec    0   3.94 MBytes       
[SUM]  77.00-78.00  sec  6.30 GBytes  54.1 Gbits/sec    1             
- - - - - - - - - - - - - - - - - - - - - - - - -
[  6]  78.00-79.00  sec   908 MBytes  7.62 Gbits/sec    0   3.95 MBytes       
[  8]  78.00-79.00  sec   854 MBytes  7.16 Gbits/sec    0   3.94 MBytes       
[ 10]  78.00-79.00  sec   897 MBytes  7.53 Gbits/sec    0   4.07 MBytes       
[ 12]  78.00-79.00  sec   848 MBytes  7.12 Gbits/sec    0   3.94 MBytes       
[ 14]  78.00-79.00  sec   904 MBytes  7.58 Gbits/sec    0   3.94 MBytes       
[ 16]  78.00-79.00  sec   921 MBytes  7.72 Gbits/sec    0   3.94 MBytes       
[ 18]  78.00-79.00  sec   841 MBytes  7.05 Gbits/sec    0   3.94 MBytes       
[ 20]  78.00-79.00  sec   913 MBytes  7.68 Gbits/sec    0   3.94 MBytes       
[SUM]  78.00-79.00  sec  6.92 GBytes  59.5 Gbits/sec    0             
- - - - - - - - - - - - - - - - - - - - - - - - -
[  6]  79.00-80.00  sec   886 MBytes  7.43 Gbits/sec    1   3.95 MBytes       
[  8]  79.00-80.00  sec   857 MBytes  7.19 Gbits/sec    0   3.94 MBytes       
[ 10]  79.00-80.00  sec   814 MBytes  6.83 Gbits/sec    0   4.07 MBytes       
[ 12]  79.00-80.00  sec   846 MBytes  7.11 Gbits/sec    0   3.94 MBytes       
[ 14]  79.00-80.00  sec   820 MBytes  6.89 Gbits/sec    0   3.94 MBytes       
[ 16]  79.00-80.00  sec   923 MBytes  7.76 Gbits/sec    0   3.94 MBytes       
[ 18]  79.00-80.00  sec   891 MBytes  7.47 Gbits/sec    0   3.94 MBytes       
[ 20]  79.00-80.00  sec   914 MBytes  7.67 Gbits/sec    0   3.94 MBytes       
[SUM]  79.00-80.00  sec  6.79 GBytes  58.3 Gbits/sec    1             
- - - - - - - - - - - - - - - - - - - - - - - - -
[  6]  80.00-81.00  sec   895 MBytes  7.51 Gbits/sec    0   3.95 MBytes       
[  8]  80.00-81.00  sec   925 MBytes  7.76 Gbits/sec    0   3.94 MBytes       
[ 10]  80.00-81.00  sec   903 MBytes  7.57 Gbits/sec    0   4.07 MBytes       
[ 12]  80.00-81.00  sec   943 MBytes  7.90 Gbits/sec    1   3.94 MBytes       
[ 14]  80.00-81.00  sec   964 MBytes  8.07 Gbits/sec    0   3.94 MBytes       
[ 16]  80.00-81.00  sec   914 MBytes  7.64 Gbits/sec    0   3.94 MBytes       
[ 18]  80.00-81.01  sec   870 MBytes  7.29 Gbits/sec    0   3.94 MBytes       
[ 20]  80.00-81.01  sec   929 MBytes  7.77 Gbits/sec    0   3.94 MBytes       
[SUM]  80.00-81.00  sec  7.17 GBytes  61.6 Gbits/sec    1             
- - - - - - - - - - - - - - - - - - - - - - - - -
[  6]  81.00-82.00  sec   960 MBytes  8.05 Gbits/sec    2   3.95 MBytes       
[  8]  81.00-82.00  sec   967 MBytes  8.11 Gbits/sec    0   3.94 MBytes       
[ 10]  81.00-82.00  sec   966 MBytes  8.11 Gbits/sec    0   4.07 MBytes       
[ 12]  81.00-82.00  sec   937 MBytes  7.86 Gbits/sec    0   3.94 MBytes       
[ 14]  81.00-82.01  sec   932 MBytes  7.80 Gbits/sec    0   3.94 MBytes       
[ 16]  81.00-82.01  sec   998 MBytes  8.34 Gbits/sec    0   3.94 MBytes       
[ 18]  81.01-82.01  sec   985 MBytes  8.24 Gbits/sec    0   3.94 MBytes       
[ 20]  81.01-82.01  sec   929 MBytes  7.78 Gbits/sec    0   3.94 MBytes       
[SUM]  81.00-82.00  sec  7.49 GBytes  64.4 Gbits/sec    2             
- - - - - - - - - - - - - - - - - - - - - - - - -
[  6]  82.00-83.00  sec   816 MBytes  6.85 Gbits/sec    0   3.95 MBytes       
[  8]  82.00-83.00  sec   862 MBytes  7.21 Gbits/sec    0   3.94 MBytes       
[ 10]  82.00-83.00  sec   872 MBytes  7.29 Gbits/sec    1   4.07 MBytes       
[ 12]  82.00-83.00  sec   897 MBytes  7.50 Gbits/sec    0   3.94 MBytes       
[ 14]  82.01-83.01  sec   849 MBytes  7.13 Gbits/sec    0   3.94 MBytes       
[ 16]  82.01-83.01  sec   807 MBytes  6.79 Gbits/sec    1   3.94 MBytes       
[ 18]  82.01-83.01  sec   864 MBytes  7.26 Gbits/sec    0   3.94 MBytes       
[ 20]  82.01-83.01  sec   906 MBytes  7.62 Gbits/sec    0   3.94 MBytes       
[SUM]  82.00-83.00  sec  6.71 GBytes  57.7 Gbits/sec    2             
- - - - - - - - - - - - - - - - - - - - - - - - -
[  6]  83.00-84.00  sec   909 MBytes  7.63 Gbits/sec    0   3.95 MBytes       
[  8]  83.00-84.00  sec   900 MBytes  7.57 Gbits/sec    0   3.94 MBytes       
[ 10]  83.00-84.00  sec   948 MBytes  7.98 Gbits/sec    0   4.07 MBytes       
[ 12]  83.00-84.00  sec   879 MBytes  7.40 Gbits/sec    0   3.94 MBytes       
[ 14]  83.01-84.00  sec   865 MBytes  7.29 Gbits/sec    0   3.94 MBytes       
[ 16]  83.01-84.00  sec   949 MBytes  8.00 Gbits/sec    0   3.94 MBytes       
[ 18]  83.01-84.00  sec   921 MBytes  7.76 Gbits/sec    0   3.94 MBytes       
[ 20]  83.01-84.00  sec   890 MBytes  7.48 Gbits/sec    0   3.94 MBytes       
[SUM]  83.00-84.00  sec  7.09 GBytes  60.9 Gbits/sec    0             
- - - - - - - - - - - - - - - - - - - - - - - - -
[  6]  84.00-85.00  sec   876 MBytes  7.34 Gbits/sec    1   3.95 MBytes       
[  8]  84.00-85.00  sec   851 MBytes  7.14 Gbits/sec    0   3.94 MBytes       
[ 10]  84.00-85.00  sec   920 MBytes  7.71 Gbits/sec    0   4.07 MBytes       
[ 12]  84.00-85.00  sec   921 MBytes  7.72 Gbits/sec    0   3.94 MBytes       
[ 14]  84.00-85.00  sec   878 MBytes  7.35 Gbits/sec    0   3.94 MBytes       
[ 16]  84.00-85.00  sec   863 MBytes  7.21 Gbits/sec    0   3.94 MBytes       
[ 18]  84.00-85.01  sec   859 MBytes  7.18 Gbits/sec    0   3.94 MBytes       
[ 20]  84.00-85.01  sec   846 MBytes  7.09 Gbits/sec    0   3.94 MBytes       
[SUM]  84.00-85.00  sec  6.85 GBytes  58.8 Gbits/sec    1             
- - - - - - - - - - - - - - - - - - - - - - - - -
[  6]  85.00-86.00  sec   946 MBytes  7.93 Gbits/sec    0   3.95 MBytes       
[  8]  85.00-86.00  sec   888 MBytes  7.43 Gbits/sec    1   3.94 MBytes       
[ 10]  85.00-86.00  sec   946 MBytes  7.92 Gbits/sec    0   4.07 MBytes       
[ 12]  85.00-86.00  sec   943 MBytes  7.89 Gbits/sec    1   3.94 MBytes       
[ 14]  85.00-86.00  sec   967 MBytes  8.10 Gbits/sec    0   3.94 MBytes       
[ 16]  85.00-86.01  sec   960 MBytes  8.02 Gbits/sec    0   3.94 MBytes       
[ 18]  85.01-86.01  sec   915 MBytes  7.64 Gbits/sec    0   3.94 MBytes       
[ 20]  85.01-86.01  sec   923 MBytes  7.71 Gbits/sec    0   3.94 MBytes       
[SUM]  85.00-86.00  sec  7.31 GBytes  62.8 Gbits/sec    2             
- - - - - - - - - - - - - - - - - - - - - - - - -
[  6]  86.00-87.00  sec   906 MBytes  7.60 Gbits/sec    0   3.95 MBytes       
[  8]  86.00-87.00  sec   852 MBytes  7.17 Gbits/sec    0   3.94 MBytes       
[ 10]  86.00-87.00  sec   814 MBytes  6.84 Gbits/sec    0   4.07 MBytes       
[ 12]  86.00-87.00  sec   811 MBytes  6.82 Gbits/sec    0   3.94 MBytes       
[ 14]  86.00-87.01  sec   856 MBytes  7.16 Gbits/sec    0   3.94 MBytes       
[ 16]  86.01-87.01  sec   836 MBytes  7.03 Gbits/sec    0   3.94 MBytes       
[ 18]  86.01-87.01  sec   768 MBytes  6.46 Gbits/sec    0   3.94 MBytes       
[ 20]  86.01-87.01  sec   816 MBytes  6.84 Gbits/sec    0   3.94 MBytes       
[SUM]  86.00-87.00  sec  6.50 GBytes  55.8 Gbits/sec    0             
- - - - - - - - - - - - - - - - - - - - - - - - -
[  6]  87.00-88.00  sec   838 MBytes  7.03 Gbits/sec    0   3.95 MBytes       
[  8]  87.00-88.01  sec   738 MBytes  6.15 Gbits/sec    0   3.94 MBytes       
[ 10]  87.00-88.01  sec   789 MBytes  6.58 Gbits/sec    0   4.07 MBytes       
[ 12]  87.00-88.01  sec   775 MBytes  6.46 Gbits/sec    0   3.94 MBytes       
[ 14]  87.01-88.01  sec   769 MBytes  6.45 Gbits/sec    0   3.94 MBytes       
[ 16]  87.01-88.01  sec   846 MBytes  7.09 Gbits/sec    0   3.94 MBytes       
[ 18]  87.01-88.01  sec   745 MBytes  6.24 Gbits/sec    0   3.94 MBytes       
[ 20]  87.01-88.01  sec   741 MBytes  6.23 Gbits/sec    0   3.94 MBytes       
[SUM]  87.00-88.00  sec  6.09 GBytes  52.4 Gbits/sec    0             
- - - - - - - - - - - - - - - - - - - - - - - - -
[  6]  88.00-89.00  sec   780 MBytes  6.55 Gbits/sec    0   3.95 MBytes       
[  8]  88.01-89.00  sec   743 MBytes  6.27 Gbits/sec    0   3.94 MBytes       
[ 10]  88.01-89.00  sec   757 MBytes  6.38 Gbits/sec    0   4.07 MBytes       
[ 12]  88.01-89.01  sec   763 MBytes  6.39 Gbits/sec    0   3.94 MBytes       
[ 14]  88.01-89.01  sec   695 MBytes  5.83 Gbits/sec    0   3.94 MBytes       
[ 16]  88.01-89.01  sec   783 MBytes  6.57 Gbits/sec    0   3.94 MBytes       
[ 18]  88.01-89.01  sec   765 MBytes  6.42 Gbits/sec    0   3.94 MBytes       
[ 20]  88.01-89.01  sec   737 MBytes  6.18 Gbits/sec    0   3.94 MBytes       
[SUM]  88.00-89.00  sec  5.88 GBytes  50.5 Gbits/sec    0             
- - - - - - - - - - - - - - - - - - - - - - - - -
[  6]  89.00-90.00  sec   816 MBytes  6.85 Gbits/sec    0   3.95 MBytes       
[  8]  89.00-90.00  sec   711 MBytes  5.97 Gbits/sec    0   3.94 MBytes       
[ 10]  89.00-90.00  sec   719 MBytes  6.04 Gbits/sec    0   4.07 MBytes       
[ 12]  89.01-90.00  sec   827 MBytes  6.96 Gbits/sec    0   3.94 MBytes       
[ 14]  89.01-90.01  sec   772 MBytes  6.47 Gbits/sec    0   3.94 MBytes       
[ 16]  89.01-90.01  sec   737 MBytes  6.18 Gbits/sec    0   3.94 MBytes       
[ 18]  89.01-90.01  sec   725 MBytes  6.08 Gbits/sec    0   3.94 MBytes       
[ 20]  89.01-90.01  sec   725 MBytes  6.08 Gbits/sec    0   3.94 MBytes       
[SUM]  89.00-90.00  sec  5.89 GBytes  50.6 Gbits/sec    0             
- - - - - - - - - - - - - - - - - - - - - - - - -
[  6]  90.00-91.00  sec   738 MBytes  6.19 Gbits/sec    0   3.95 MBytes       
[  8]  90.00-91.00  sec   770 MBytes  6.46 Gbits/sec    0   3.94 MBytes       
[ 10]  90.00-91.00  sec   729 MBytes  6.11 Gbits/sec    0   4.07 MBytes       
[ 12]  90.00-91.00  sec   759 MBytes  6.38 Gbits/sec    0   3.94 MBytes       
[ 14]  90.01-91.00  sec   828 MBytes  6.99 Gbits/sec    0   3.94 MBytes       
[ 16]  90.01-91.00  sec   774 MBytes  6.53 Gbits/sec    0   3.94 MBytes       
[ 18]  90.01-91.00  sec   715 MBytes  6.02 Gbits/sec    0   3.94 MBytes       
[ 20]  90.01-91.00  sec   705 MBytes  5.95 Gbits/sec    0   3.94 MBytes       
[SUM]  90.00-91.00  sec  5.88 GBytes  50.5 Gbits/sec    0             
- - - - - - - - - - - - - - - - - - - - - - - - -
[  6]  91.00-92.00  sec   877 MBytes  7.36 Gbits/sec    0   3.95 MBytes       
[  8]  91.00-92.00  sec   823 MBytes  6.91 Gbits/sec    0   3.94 MBytes       
[ 10]  91.00-92.00  sec   771 MBytes  6.47 Gbits/sec    0   4.07 MBytes       
[ 12]  91.00-92.00  sec   856 MBytes  7.17 Gbits/sec    0   3.94 MBytes       
[ 14]  91.00-92.00  sec   893 MBytes  7.49 Gbits/sec    1   3.94 MBytes       
[ 16]  91.00-92.00  sec   866 MBytes  7.27 Gbits/sec    0   3.94 MBytes       
[ 18]  91.00-92.00  sec   827 MBytes  6.94 Gbits/sec    0   3.94 MBytes       
[ 20]  91.00-92.00  sec   840 MBytes  7.04 Gbits/sec    0   3.94 MBytes       
[SUM]  91.00-92.00  sec  6.60 GBytes  56.7 Gbits/sec    1             
- - - - - - - - - - - - - - - - - - - - - - - - -
[  6]  92.00-93.00  sec   810 MBytes  6.80 Gbits/sec    0   3.95 MBytes       
[  8]  92.00-93.00  sec   806 MBytes  6.76 Gbits/sec    0   3.94 MBytes       
[ 10]  92.00-93.00  sec   769 MBytes  6.45 Gbits/sec    0   4.07 MBytes       
[ 12]  92.00-93.01  sec   835 MBytes  6.97 Gbits/sec    0   3.94 MBytes       
[ 14]  92.00-93.01  sec   806 MBytes  6.73 Gbits/sec    0   3.94 MBytes       
[ 16]  92.00-93.01  sec   833 MBytes  6.95 Gbits/sec    0   3.94 MBytes       
[ 18]  92.00-93.02  sec   860 MBytes  7.12 Gbits/sec    0   3.94 MBytes       
[ 20]  92.00-93.02  sec   843 MBytes  6.97 Gbits/sec    0   3.94 MBytes       
[SUM]  92.00-93.00  sec  6.41 GBytes  55.0 Gbits/sec    0             
- - - - - - - - - - - - - - - - - - - - - - - - -
[  6]  93.00-94.00  sec   764 MBytes  6.41 Gbits/sec    0   3.95 MBytes       
[  8]  93.00-94.00  sec   727 MBytes  6.10 Gbits/sec    0   3.94 MBytes       
[ 10]  93.00-94.00  sec   806 MBytes  6.76 Gbits/sec    0   4.07 MBytes       
[ 12]  93.01-94.00  sec   820 MBytes  6.92 Gbits/sec    0   3.94 MBytes       
[ 14]  93.01-94.00  sec   763 MBytes  6.44 Gbits/sec    0   3.94 MBytes       
[ 16]  93.01-94.00  sec   798 MBytes  6.73 Gbits/sec    0   3.94 MBytes       
[ 18]  93.02-94.00  sec   766 MBytes  6.52 Gbits/sec    0   3.94 MBytes       
[ 20]  93.02-94.00  sec   730 MBytes  6.23 Gbits/sec    0   3.94 MBytes       
[SUM]  93.00-94.00  sec  6.03 GBytes  51.8 Gbits/sec    0             
- - - - - - - - - - - - - - - - - - - - - - - - -
[  6]  94.00-95.00  sec   795 MBytes  6.67 Gbits/sec    1   3.95 MBytes       
[  8]  94.00-95.01  sec   810 MBytes  6.73 Gbits/sec    0   3.94 MBytes       
[ 10]  94.00-95.01  sec   750 MBytes  6.24 Gbits/sec    0   4.07 MBytes       
[ 12]  94.00-95.01  sec   806 MBytes  6.70 Gbits/sec    0   3.94 MBytes       
[ 14]  94.00-95.01  sec   784 MBytes  6.52 Gbits/sec    0   3.94 MBytes       
[ 16]  94.00-95.02  sec   807 MBytes  6.67 Gbits/sec    0   3.94 MBytes       
[ 18]  94.00-95.02  sec   769 MBytes  6.36 Gbits/sec    0   3.94 MBytes       
[ 20]  94.00-95.02  sec   788 MBytes  6.51 Gbits/sec    0   3.94 MBytes       
[SUM]  94.00-95.00  sec  6.16 GBytes  52.9 Gbits/sec    1             
- - - - - - - - - - - - - - - - - - - - - - - - -
[  6]  95.00-96.00  sec   724 MBytes  6.07 Gbits/sec    0   3.95 MBytes       
[  8]  95.01-96.00  sec   755 MBytes  6.39 Gbits/sec    0   3.94 MBytes       
[ 10]  95.01-96.00  sec   732 MBytes  6.20 Gbits/sec    0   4.07 MBytes       
[ 12]  95.01-96.00  sec   686 MBytes  5.81 Gbits/sec    0   3.94 MBytes       
[ 14]  95.01-96.00  sec   794 MBytes  6.72 Gbits/sec    0   3.94 MBytes       
[ 16]  95.02-96.01  sec   712 MBytes  6.04 Gbits/sec    0   3.94 MBytes       
[ 18]  95.02-96.01  sec   756 MBytes  6.41 Gbits/sec    0   3.94 MBytes       
[ 20]  95.02-96.01  sec   709 MBytes  6.02 Gbits/sec    0   3.94 MBytes       
[SUM]  95.00-96.00  sec  5.73 GBytes  49.2 Gbits/sec    0             
- - - - - - - - - - - - - - - - - - - - - - - - -
[  6]  96.00-97.00  sec   748 MBytes  6.28 Gbits/sec    0   3.95 MBytes       
[  8]  96.00-97.00  sec   737 MBytes  6.19 Gbits/sec    0   3.94 MBytes       
[ 10]  96.00-97.00  sec   716 MBytes  6.01 Gbits/sec    0   4.07 MBytes       
[ 12]  96.00-97.00  sec   787 MBytes  6.61 Gbits/sec    0   3.94 MBytes       
[ 14]  96.00-97.00  sec   696 MBytes  5.84 Gbits/sec    0   3.94 MBytes       
[ 16]  96.01-97.00  sec   780 MBytes  6.56 Gbits/sec    0   3.94 MBytes       
[ 18]  96.01-97.01  sec   800 MBytes  6.69 Gbits/sec    0   3.94 MBytes       
[ 20]  96.01-97.01  sec   710 MBytes  5.93 Gbits/sec    0   3.94 MBytes       
[SUM]  96.00-97.00  sec  5.83 GBytes  50.1 Gbits/sec    0             
- - - - - - - - - - - - - - - - - - - - - - - - -
[  6]  97.00-98.00  sec   731 MBytes  6.14 Gbits/sec    0   3.95 MBytes       
[  8]  97.00-98.00  sec   689 MBytes  5.78 Gbits/sec    0   3.94 MBytes       
[ 10]  97.00-98.00  sec   690 MBytes  5.79 Gbits/sec    0   4.07 MBytes       
[ 12]  97.00-98.00  sec   738 MBytes  6.18 Gbits/sec    0   3.94 MBytes       
[ 14]  97.00-98.00  sec   743 MBytes  6.23 Gbits/sec    0   3.94 MBytes       
[ 16]  97.00-98.00  sec   792 MBytes  6.65 Gbits/sec    0   3.94 MBytes       
[ 18]  97.01-98.00  sec   766 MBytes  6.47 Gbits/sec    0   3.94 MBytes       
[ 20]  97.01-98.00  sec   697 MBytes  5.88 Gbits/sec    1   3.94 MBytes       
[SUM]  97.00-98.00  sec  5.71 GBytes  49.0 Gbits/sec    1             
- - - - - - - - - - - - - - - - - - - - - - - - -
[  6]  98.00-99.00  sec   808 MBytes  6.78 Gbits/sec    0   3.95 MBytes       
[  8]  98.00-99.00  sec   712 MBytes  5.98 Gbits/sec    0   3.94 MBytes       
[ 10]  98.00-99.00  sec   740 MBytes  6.21 Gbits/sec    0   4.07 MBytes       
[ 12]  98.00-99.00  sec   716 MBytes  6.01 Gbits/sec    0   3.94 MBytes       
[ 14]  98.00-99.00  sec   736 MBytes  6.18 Gbits/sec    0   3.94 MBytes       
[ 16]  98.00-99.00  sec   762 MBytes  6.39 Gbits/sec    0   3.94 MBytes       
[ 18]  98.00-99.00  sec   742 MBytes  6.21 Gbits/sec    0   3.94 MBytes       
[ 20]  98.00-99.00  sec   714 MBytes  5.99 Gbits/sec    0   3.94 MBytes       
[SUM]  98.00-99.00  sec  5.79 GBytes  49.8 Gbits/sec    0             
- - - - - - - - - - - - - - - - - - - - - - - - -
[  6]  99.00-100.00 sec   707 MBytes  5.93 Gbits/sec    0   3.95 MBytes       
[  8]  99.00-100.00 sec   727 MBytes  6.10 Gbits/sec    0   3.94 MBytes       
[ 10]  99.00-100.00 sec   741 MBytes  6.21 Gbits/sec    0   4.07 MBytes       
[ 12]  99.00-100.00 sec   678 MBytes  5.68 Gbits/sec    0   3.94 MBytes       
[ 14]  99.00-100.00 sec   707 MBytes  5.93 Gbits/sec    0   3.94 MBytes       
[ 16]  99.00-100.00 sec   720 MBytes  6.04 Gbits/sec    0   3.94 MBytes       
[ 18]  99.00-100.00 sec   652 MBytes  5.49 Gbits/sec    1   3.94 MBytes       
[ 20]  99.00-100.00 sec   689 MBytes  5.80 Gbits/sec    0   3.94 MBytes       
[SUM]  99.00-100.00 sec  5.49 GBytes  47.1 Gbits/sec    1             
- - - - - - - - - - - - - - - - - - - - - - - - -
[  6] 100.00-101.00 sec   736 MBytes  6.18 Gbits/sec    0   3.95 MBytes       
[  8] 100.00-101.00 sec   748 MBytes  6.27 Gbits/sec    0   3.94 MBytes       
[ 10] 100.00-101.00 sec   744 MBytes  6.24 Gbits/sec    0   4.07 MBytes       
[ 12] 100.00-101.00 sec   776 MBytes  6.51 Gbits/sec    0   3.94 MBytes       
[ 14] 100.00-101.00 sec   730 MBytes  6.12 Gbits/sec    0   3.94 MBytes       
[ 16] 100.00-101.01 sec   713 MBytes  5.95 Gbits/sec    0   3.94 MBytes       
[ 18] 100.00-101.01 sec   745 MBytes  6.22 Gbits/sec    0   3.94 MBytes       
[ 20] 100.00-101.01 sec   802 MBytes  6.70 Gbits/sec    0   3.94 MBytes       
[SUM] 100.00-101.00 sec  5.85 GBytes  50.3 Gbits/sec    0             
- - - - - - - - - - - - - - - - - - - - - - - - -
[  6] 101.00-102.00 sec   743 MBytes  6.23 Gbits/sec    0   3.95 MBytes       
[  8] 101.00-102.00 sec   749 MBytes  6.29 Gbits/sec    0   3.94 MBytes       
[ 10] 101.00-102.00 sec   710 MBytes  5.96 Gbits/sec    0   4.07 MBytes       
[ 12] 101.00-102.00 sec   742 MBytes  6.23 Gbits/sec    0   3.94 MBytes       
[ 14] 101.00-102.00 sec   765 MBytes  6.42 Gbits/sec    0   3.94 MBytes       
[ 16] 101.01-102.00 sec   764 MBytes  6.42 Gbits/sec    0   3.94 MBytes       
[ 18] 101.01-102.01 sec   765 MBytes  6.41 Gbits/sec    0   3.94 MBytes       
[ 20] 101.01-102.01 sec   708 MBytes  5.92 Gbits/sec    0   3.94 MBytes       
[SUM] 101.00-102.00 sec  5.81 GBytes  49.9 Gbits/sec    0             
- - - - - - - - - - - - - - - - - - - - - - - - -
[  6] 102.00-103.00 sec   765 MBytes  6.42 Gbits/sec    0   3.95 MBytes       
[  8] 102.00-103.00 sec   758 MBytes  6.34 Gbits/sec    0   3.94 MBytes       
[ 10] 102.00-103.00 sec   730 MBytes  6.11 Gbits/sec    0   4.07 MBytes       
[ 12] 102.00-103.00 sec   810 MBytes  6.78 Gbits/sec    0   3.94 MBytes       
[ 14] 102.00-103.00 sec   798 MBytes  6.68 Gbits/sec    0   3.94 MBytes       
[ 16] 102.00-103.00 sec   804 MBytes  6.75 Gbits/sec    0   3.94 MBytes       
[ 18] 102.01-103.00 sec   762 MBytes  6.42 Gbits/sec    0   3.94 MBytes       
[ 20] 102.01-103.00 sec   826 MBytes  6.96 Gbits/sec    0   3.94 MBytes       
[SUM] 102.00-103.00 sec  6.11 GBytes  52.5 Gbits/sec    0             
- - - - - - - - - - - - - - - - - - - - - - - - -
[  6] 103.00-104.00 sec   740 MBytes  6.21 Gbits/sec    0   3.95 MBytes       
[  8] 103.00-104.00 sec   735 MBytes  6.17 Gbits/sec    0   3.94 MBytes       
[ 10] 103.00-104.00 sec   682 MBytes  5.73 Gbits/sec    1   4.07 MBytes       
[ 12] 103.00-104.00 sec   807 MBytes  6.77 Gbits/sec    0   3.94 MBytes       
[ 14] 103.00-104.00 sec   742 MBytes  6.23 Gbits/sec    0   3.94 MBytes       
[ 16] 103.00-104.00 sec   742 MBytes  6.23 Gbits/sec    0   3.94 MBytes       
[ 18] 103.00-104.00 sec   717 MBytes  6.02 Gbits/sec    0   3.94 MBytes       
[ 20] 103.00-104.00 sec   778 MBytes  6.53 Gbits/sec    0   3.94 MBytes       
[SUM] 103.00-104.00 sec  5.80 GBytes  49.8 Gbits/sec    1             
- - - - - - - - - - - - - - - - - - - - - - - - -
[  6] 104.00-105.00 sec   685 MBytes  5.75 Gbits/sec    0   3.95 MBytes       
[  8] 104.00-105.01 sec   623 MBytes  5.18 Gbits/sec    0   3.94 MBytes       
[ 10] 104.00-105.01 sec   690 MBytes  5.75 Gbits/sec    0   4.07 MBytes       
[ 12] 104.00-105.01 sec   756 MBytes  6.30 Gbits/sec    0   3.94 MBytes       
[ 14] 104.00-105.01 sec   738 MBytes  6.14 Gbits/sec    0   3.94 MBytes       
[ 16] 104.00-105.01 sec   688 MBytes  5.73 Gbits/sec    0   3.94 MBytes       
[ 18] 104.00-105.01 sec   728 MBytes  6.07 Gbits/sec    0   3.94 MBytes       
[ 20] 104.00-105.01 sec   742 MBytes  6.19 Gbits/sec    0   3.94 MBytes       
[SUM] 104.00-105.00 sec  5.52 GBytes  47.4 Gbits/sec    0             
- - - - - - - - - - - - - - - - - - - - - - - - -
[  6] 105.00-106.00 sec   683 MBytes  5.73 Gbits/sec    0   3.95 MBytes       
[  8] 105.01-106.00 sec   710 MBytes  6.00 Gbits/sec    0   3.94 MBytes       
[ 10] 105.01-106.00 sec   742 MBytes  6.27 Gbits/sec    0   4.07 MBytes       
[ 12] 105.01-106.00 sec   668 MBytes  5.65 Gbits/sec    0   3.94 MBytes       
[ 14] 105.01-106.00 sec   691 MBytes  5.84 Gbits/sec    0   3.94 MBytes       
[ 16] 105.01-106.00 sec   740 MBytes  6.25 Gbits/sec    0   3.94 MBytes       
[ 18] 105.01-106.00 sec   820 MBytes  6.94 Gbits/sec    0   3.94 MBytes       
[ 20] 105.01-106.00 sec   841 MBytes  7.11 Gbits/sec    0   3.94 MBytes       
[SUM] 105.00-106.00 sec  5.76 GBytes  49.4 Gbits/sec    0             
- - - - - - - - - - - - - - - - - - - - - - - - -
[  6] 106.00-107.00 sec   736 MBytes  6.17 Gbits/sec    0   3.95 MBytes       
[  8] 106.00-107.00 sec   769 MBytes  6.44 Gbits/sec    0   3.94 MBytes       
[ 10] 106.00-107.00 sec   751 MBytes  6.29 Gbits/sec    0   4.07 MBytes       
[ 12] 106.00-107.00 sec   716 MBytes  6.00 Gbits/sec    0   3.94 MBytes       
[ 14] 106.00-107.00 sec   664 MBytes  5.57 Gbits/sec    0   3.94 MBytes       
[ 16] 106.00-107.00 sec   802 MBytes  6.72 Gbits/sec    0   3.94 MBytes       
[ 18] 106.00-107.00 sec   765 MBytes  6.41 Gbits/sec    0   3.94 MBytes       
[ 20] 106.00-107.00 sec   740 MBytes  6.20 Gbits/sec    0   3.94 MBytes       
[SUM] 106.00-107.00 sec  5.80 GBytes  49.9 Gbits/sec    0             
- - - - - - - - - - - - - - - - - - - - - - - - -
[  6] 107.00-108.00 sec   721 MBytes  6.05 Gbits/sec    0   3.95 MBytes       
[  8] 107.00-108.00 sec   763 MBytes  6.41 Gbits/sec    0   3.94 MBytes       
[ 10] 107.00-108.00 sec   729 MBytes  6.13 Gbits/sec    0   4.07 MBytes       
[ 12] 107.00-108.00 sec   722 MBytes  6.07 Gbits/sec    0   3.94 MBytes       
[ 14] 107.00-108.00 sec   709 MBytes  5.96 Gbits/sec    1   3.94 MBytes       
[ 16] 107.00-108.00 sec   746 MBytes  6.27 Gbits/sec    1   3.94 MBytes       
[ 18] 107.00-108.01 sec   772 MBytes  6.46 Gbits/sec    0   3.94 MBytes       
[ 20] 107.00-108.01 sec   699 MBytes  5.85 Gbits/sec    0   3.94 MBytes       
[SUM] 107.00-108.00 sec  5.72 GBytes  49.2 Gbits/sec    2             
- - - - - - - - - - - - - - - - - - - - - - - - -
[  6] 108.00-109.00 sec   742 MBytes  6.23 Gbits/sec    0   3.95 MBytes       
[  8] 108.00-109.00 sec   755 MBytes  6.33 Gbits/sec    0   3.94 MBytes       
[ 10] 108.00-109.00 sec   716 MBytes  6.00 Gbits/sec    0   4.07 MBytes       
[ 12] 108.00-109.00 sec   728 MBytes  6.10 Gbits/sec    0   3.94 MBytes       
[ 14] 108.00-109.00 sec   752 MBytes  6.30 Gbits/sec    0   3.94 MBytes       
[ 16] 108.00-109.00 sec   694 MBytes  5.81 Gbits/sec    0   3.94 MBytes       
[ 18] 108.01-109.00 sec   771 MBytes  6.49 Gbits/sec    0   3.94 MBytes       
[ 20] 108.01-109.00 sec   731 MBytes  6.15 Gbits/sec    0   3.94 MBytes       
[SUM] 108.00-109.00 sec  5.75 GBytes  49.4 Gbits/sec    0             
- - - - - - - - - - - - - - - - - - - - - - - - -
[  6] 109.00-110.00 sec   699 MBytes  5.86 Gbits/sec    0   3.95 MBytes       
[  8] 109.00-110.00 sec   730 MBytes  6.13 Gbits/sec    0   3.94 MBytes       
[ 10] 109.00-110.00 sec   734 MBytes  6.16 Gbits/sec    0   4.07 MBytes       
[ 12] 109.00-110.00 sec   710 MBytes  5.95 Gbits/sec    0   3.94 MBytes       
[ 14] 109.00-110.00 sec   735 MBytes  6.16 Gbits/sec    0   3.94 MBytes       
[ 16] 109.00-110.00 sec   708 MBytes  5.92 Gbits/sec    0   3.94 MBytes       
[ 18] 109.00-110.01 sec   655 MBytes  5.48 Gbits/sec    0   3.94 MBytes       
[ 20] 109.00-110.01 sec   713 MBytes  5.95 Gbits/sec    0   3.94 MBytes       
[SUM] 109.00-110.00 sec  5.55 GBytes  47.7 Gbits/sec    0             
- - - - - - - - - - - - - - - - - - - - - - - - -
[  6] 110.00-111.00 sec   727 MBytes  6.10 Gbits/sec    0   3.95 MBytes       
[  8] 110.00-111.00 sec   778 MBytes  6.52 Gbits/sec    0   3.94 MBytes       
[ 10] 110.00-111.00 sec   762 MBytes  6.39 Gbits/sec    0   4.07 MBytes       
[ 12] 110.00-111.00 sec   720 MBytes  6.03 Gbits/sec    0   3.94 MBytes       
[ 14] 110.00-111.00 sec   845 MBytes  7.08 Gbits/sec    0   3.94 MBytes       
[ 16] 110.00-111.01 sec   830 MBytes  6.95 Gbits/sec    0   3.94 MBytes       
[ 18] 110.01-111.01 sec   812 MBytes  6.77 Gbits/sec    0   3.94 MBytes       
[ 20] 110.01-111.01 sec   827 MBytes  6.91 Gbits/sec    0   3.94 MBytes       
[SUM] 110.00-111.00 sec  6.15 GBytes  52.8 Gbits/sec    0             
- - - - - - - - - - - - - - - - - - - - - - - - -
[  6] 111.00-112.00 sec   683 MBytes  5.73 Gbits/sec    1   3.95 MBytes       
[  8] 111.00-112.00 sec   767 MBytes  6.44 Gbits/sec    0   3.94 MBytes       
[ 10] 111.00-112.00 sec   766 MBytes  6.43 Gbits/sec    0   4.07 MBytes       
[ 12] 111.00-112.00 sec   718 MBytes  6.04 Gbits/sec    0   3.94 MBytes       
[ 14] 111.00-112.00 sec   739 MBytes  6.22 Gbits/sec    0   3.94 MBytes       
[ 16] 111.01-112.00 sec   778 MBytes  6.56 Gbits/sec    0   3.94 MBytes       
[ 18] 111.01-112.00 sec   808 MBytes  6.83 Gbits/sec    0   3.94 MBytes       
[ 20] 111.01-112.00 sec   700 MBytes  5.92 Gbits/sec    0   3.94 MBytes       
[SUM] 111.00-112.00 sec  5.82 GBytes  50.0 Gbits/sec    1             
- - - - - - - - - - - - - - - - - - - - - - - - -
[  6] 112.00-113.00 sec   764 MBytes  6.41 Gbits/sec    0   3.95 MBytes       
[  8] 112.00-113.00 sec   818 MBytes  6.87 Gbits/sec    0   3.94 MBytes       
[ 10] 112.00-113.00 sec   752 MBytes  6.31 Gbits/sec    0   4.07 MBytes       
[ 12] 112.00-113.00 sec   775 MBytes  6.50 Gbits/sec    0   3.94 MBytes       
[ 14] 112.00-113.00 sec   754 MBytes  6.33 Gbits/sec    0   3.94 MBytes       
[ 16] 112.00-113.00 sec   715 MBytes  6.00 Gbits/sec    1   3.94 MBytes       
[ 18] 112.00-113.00 sec   754 MBytes  6.33 Gbits/sec    0   3.94 MBytes       
[ 20] 112.00-113.00 sec   747 MBytes  6.26 Gbits/sec    0   3.94 MBytes       
[SUM] 112.00-113.00 sec  5.94 GBytes  51.0 Gbits/sec    1             
- - - - - - - - - - - - - - - - - - - - - - - - -
[  6] 113.00-114.00 sec   800 MBytes  6.71 Gbits/sec    0   3.95 MBytes       
[  8] 113.00-114.00 sec   826 MBytes  6.93 Gbits/sec    0   3.94 MBytes       
[ 10] 113.00-114.00 sec   763 MBytes  6.40 Gbits/sec    0   4.07 MBytes       
[ 12] 113.00-114.00 sec   818 MBytes  6.86 Gbits/sec    0   3.94 MBytes       
[ 14] 113.00-114.00 sec   843 MBytes  7.07 Gbits/sec    0   3.94 MBytes       
[ 16] 113.00-114.00 sec   783 MBytes  6.56 Gbits/sec    0   3.94 MBytes       
[ 18] 113.00-114.00 sec   861 MBytes  7.22 Gbits/sec    0   3.94 MBytes       
[ 20] 113.00-114.00 sec   736 MBytes  6.18 Gbits/sec    0   3.94 MBytes       
[SUM] 113.00-114.00 sec  6.28 GBytes  53.9 Gbits/sec    0             
- - - - - - - - - - - - - - - - - - - - - - - - -
[  6] 114.00-115.00 sec   767 MBytes  6.43 Gbits/sec    0   3.95 MBytes       
[  8] 114.00-115.00 sec   789 MBytes  6.62 Gbits/sec    0   3.94 MBytes       
[ 10] 114.00-115.00 sec   873 MBytes  7.32 Gbits/sec    0   4.07 MBytes       
[ 12] 114.00-115.00 sec   768 MBytes  6.45 Gbits/sec    0   3.94 MBytes       
[ 14] 114.00-115.00 sec   808 MBytes  6.78 Gbits/sec    0   3.94 MBytes       
[ 16] 114.00-115.00 sec   832 MBytes  6.99 Gbits/sec    0   3.94 MBytes       
[ 18] 114.00-115.00 sec   847 MBytes  7.12 Gbits/sec    0   3.94 MBytes       
[ 20] 114.00-115.00 sec   799 MBytes  6.71 Gbits/sec    0   3.94 MBytes       
[SUM] 114.00-115.00 sec  6.33 GBytes  54.4 Gbits/sec    0             
- - - - - - - - - - - - - - - - - - - - - - - - -
[  6] 115.00-116.00 sec   728 MBytes  6.11 Gbits/sec    0   3.95 MBytes       
[  8] 115.00-116.00 sec   775 MBytes  6.50 Gbits/sec    0   3.94 MBytes       
[ 10] 115.00-116.00 sec   737 MBytes  6.18 Gbits/sec    0   4.07 MBytes       
[ 12] 115.00-116.00 sec   794 MBytes  6.66 Gbits/sec    0   3.94 MBytes       
[ 14] 115.00-116.01 sec   718 MBytes  6.00 Gbits/sec    0   3.94 MBytes       
[ 16] 115.00-116.01 sec   806 MBytes  6.72 Gbits/sec    0   3.94 MBytes       
[ 18] 115.00-116.01 sec   821 MBytes  6.84 Gbits/sec    0   3.94 MBytes       
[ 20] 115.00-116.01 sec   766 MBytes  6.38 Gbits/sec    0   3.94 MBytes       
[SUM] 115.00-116.00 sec  6.00 GBytes  51.5 Gbits/sec    0             
- - - - - - - - - - - - - - - - - - - - - - - - -
[  6] 116.00-117.00 sec   771 MBytes  6.47 Gbits/sec    0   3.95 MBytes       
[  8] 116.00-117.00 sec   761 MBytes  6.39 Gbits/sec    0   3.94 MBytes       
[ 10] 116.00-117.00 sec   800 MBytes  6.71 Gbits/sec    0   4.07 MBytes       
[ 12] 116.00-117.00 sec   788 MBytes  6.61 Gbits/sec    0   3.94 MBytes       
[ 14] 116.01-117.00 sec   750 MBytes  6.32 Gbits/sec    0   3.94 MBytes       
[ 16] 116.01-117.00 sec   689 MBytes  5.82 Gbits/sec    0   3.94 MBytes       
[ 18] 116.01-117.00 sec   801 MBytes  6.76 Gbits/sec    0   3.94 MBytes       
[ 20] 116.01-117.00 sec   835 MBytes  7.05 Gbits/sec    0   3.94 MBytes       
[SUM] 116.00-117.00 sec  6.05 GBytes  52.0 Gbits/sec    0             
- - - - - - - - - - - - - - - - - - - - - - - - -
[  6] 117.00-118.00 sec   673 MBytes  5.65 Gbits/sec    0   3.95 MBytes       
[  8] 117.00-118.00 sec   732 MBytes  6.14 Gbits/sec    0   3.94 MBytes       
[ 10] 117.00-118.00 sec   707 MBytes  5.93 Gbits/sec    0   4.07 MBytes       
[ 12] 117.00-118.00 sec   789 MBytes  6.62 Gbits/sec    0   3.94 MBytes       
[ 14] 117.00-118.00 sec   813 MBytes  6.82 Gbits/sec    0   3.94 MBytes       
[ 16] 117.00-118.00 sec   788 MBytes  6.61 Gbits/sec    0   3.94 MBytes       
[ 18] 117.00-118.00 sec   772 MBytes  6.47 Gbits/sec    0   3.94 MBytes       
[ 20] 117.00-118.00 sec   715 MBytes  6.00 Gbits/sec    0   3.94 MBytes       
[SUM] 117.00-118.00 sec  5.85 GBytes  50.2 Gbits/sec    0             
- - - - - - - - - - - - - - - - - - - - - - - - -
[  6] 118.00-119.00 sec   797 MBytes  6.69 Gbits/sec    0   3.95 MBytes       
[  8] 118.00-119.00 sec   746 MBytes  6.26 Gbits/sec    0   3.94 MBytes       
[ 10] 118.00-119.00 sec   777 MBytes  6.52 Gbits/sec    0   4.07 MBytes       
[ 12] 118.00-119.00 sec   782 MBytes  6.56 Gbits/sec    0   3.94 MBytes       
[ 14] 118.00-119.00 sec   766 MBytes  6.42 Gbits/sec    0   3.94 MBytes       
[ 16] 118.00-119.00 sec   760 MBytes  6.37 Gbits/sec    0   3.94 MBytes       
[ 18] 118.00-119.00 sec   769 MBytes  6.46 Gbits/sec    0   3.94 MBytes       
[ 20] 118.00-119.00 sec   703 MBytes  5.90 Gbits/sec    0   3.94 MBytes       
[SUM] 118.00-119.00 sec  5.96 GBytes  51.2 Gbits/sec    0             
- - - - - - - - - - - - - - - - - - - - - - - - -
[  6] 119.00-120.00 sec   693 MBytes  5.81 Gbits/sec    0   3.95 MBytes       
[  8] 119.00-120.00 sec   730 MBytes  6.12 Gbits/sec    0   3.94 MBytes       
[ 10] 119.00-120.00 sec   695 MBytes  5.82 Gbits/sec    0   4.07 MBytes       
[ 12] 119.00-120.00 sec   742 MBytes  6.22 Gbits/sec    0   3.94 MBytes       
[ 14] 119.00-120.00 sec   784 MBytes  6.57 Gbits/sec    0   3.94 MBytes       
[ 16] 119.00-120.00 sec   689 MBytes  5.78 Gbits/sec    0   3.94 MBytes       
[ 18] 119.00-120.00 sec   728 MBytes  6.11 Gbits/sec    0   3.94 MBytes       
[ 20] 119.00-120.00 sec   684 MBytes  5.74 Gbits/sec    0   3.94 MBytes       
[SUM] 119.00-120.00 sec  5.61 GBytes  48.2 Gbits/sec    0             
- - - - - - - - - - - - - - - - - - - - - - - - -
[ ID] Interval           Transfer     Bitrate         Retr
[  6]   0.00-120.00 sec  74.3 GBytes  5.32 Gbits/sec  2117             sender
[  6]   0.00-120.00 sec  74.3 GBytes  5.32 Gbits/sec                  receiver
[  8]   0.00-120.00 sec  77.7 GBytes  5.56 Gbits/sec  857             sender
[  8]   0.00-120.00 sec  77.7 GBytes  5.56 Gbits/sec                  receiver
[ 10]   0.00-120.00 sec  78.0 GBytes  5.58 Gbits/sec    4             sender
[ 10]   0.00-120.00 sec  78.0 GBytes  5.58 Gbits/sec                  receiver
[ 12]   0.00-120.00 sec  76.3 GBytes  5.46 Gbits/sec  2875             sender
[ 12]   0.00-120.00 sec  76.3 GBytes  5.46 Gbits/sec                  receiver
[ 14]   0.00-120.00 sec  77.9 GBytes  5.58 Gbits/sec  1383             sender
[ 14]   0.00-120.00 sec  77.9 GBytes  5.58 Gbits/sec                  receiver
[ 16]   0.00-120.00 sec  80.0 GBytes  5.73 Gbits/sec  1642             sender
[ 16]   0.00-120.00 sec  80.0 GBytes  5.73 Gbits/sec                  receiver
[ 18]   0.00-120.00 sec  76.9 GBytes  5.50 Gbits/sec  2845             sender
[ 18]   0.00-120.00 sec  76.9 GBytes  5.50 Gbits/sec                  receiver
[ 20]   0.00-120.00 sec  78.4 GBytes  5.61 Gbits/sec  792             sender
[ 20]   0.00-120.00 sec  78.4 GBytes  5.61 Gbits/sec                  receiver
[SUM]   0.00-120.00 sec   619 GBytes  44.3 Gbits/sec  12515             sender
[SUM]   0.00-120.00 sec   619 GBytes  44.3 Gbits/sec                  receiver

iperf Done.
