Connecting to host 127.0.0.1, port 5201
[  6] local 127.0.0.1 port 46156 connected to 127.0.0.1 port 5201
[  8] local 127.0.0.1 port 46160 connected to 127.0.0.1 port 5201
[ 10] local 127.0.0.1 port 46172 connected to 127.0.0.1 port 5201
[ 12] local 127.0.0.1 port 46178 connected to 127.0.0.1 port 5201
[ 14] local 127.0.0.1 port 46184 connected to 127.0.0.1 port 5201
[ 16] local 127.0.0.1 port 46194 connected to 127.0.0.1 port 5201
[ 18] local 127.0.0.1 port 46206 connected to 127.0.0.1 port 5201
[ 20] local 127.0.0.1 port 46212 connected to 127.0.0.1 port 5201
[ ID] Interval           Transfer     Bitrate         Retr  Cwnd
[  6]   0.00-1.00   sec  1.41 GBytes  12.1 Gbits/sec    0   3.56 MBytes       
[  8]   0.00-1.00   sec  1.32 GBytes  11.3 Gbits/sec    0   4.25 MBytes       
[ 10]   0.00-1.00   sec  1.15 GBytes  9.85 Gbits/sec    0   3.62 MBytes       
[ 12]   0.00-1.00   sec  1.48 GBytes  12.6 Gbits/sec    0   3.25 MBytes       
[ 14]   0.00-1.01   sec  1.40 GBytes  12.0 Gbits/sec    2   4.25 MBytes       
[ 16]   0.00-1.01   sec  1.56 GBytes  13.2 Gbits/sec    0   4.18 MBytes       
[ 18]   0.00-1.01   sec  1.51 GBytes  12.8 Gbits/sec    0   4.18 MBytes       
[ 20]   0.00-1.01   sec  1.34 GBytes  11.4 Gbits/sec    0   4.25 MBytes       
[SUM]   0.00-1.00   sec  11.2 GBytes  95.7 Gbits/sec    2             
- - - - - - - - - - - - - - - - - - - - - - - - -
[  6]   1.00-2.00   sec  1.64 GBytes  14.1 Gbits/sec    1   4.12 MBytes       
[  8]   1.00-2.00   sec  1.44 GBytes  12.4 Gbits/sec    2   4.25 MBytes       
[ 10]   1.00-2.00   sec  1.47 GBytes  12.7 Gbits/sec    0   4.18 MBytes       
[ 12]   1.00-2.00   sec  1.61 GBytes  13.9 Gbits/sec    0   4.18 MBytes       
[ 14]   1.01-2.00   sec  1.46 GBytes  12.6 Gbits/sec    0   4.25 MBytes       
[ 16]   1.01-2.00   sec  1.46 GBytes  12.7 Gbits/sec    0   4.18 MBytes       
[ 18]   1.01-2.03   sec  1.19 GBytes  10.1 Gbits/sec    0   4.18 MBytes       
[ 20]   1.01-2.03   sec  1.33 GBytes  11.2 Gbits/sec    0   4.25 MBytes       
[SUM]   1.00-2.00   sec  11.6 GBytes  99.9 Gbits/sec    3             
- - - - - - - - - - - - - - - - - - - - - - - - -
[  6]   2.00-3.00   sec  1.38 GBytes  11.9 Gbits/sec    0   4.12 MBytes       
[  8]   2.00-3.00   sec  1.16 GBytes  9.96 Gbits/sec    0   4.25 MBytes       
[ 10]   2.00-3.00   sec  1.57 GBytes  13.5 Gbits/sec    1   4.18 MBytes       
[ 12]   2.00-3.01   sec  1013 MBytes  8.44 Gbits/sec    0   4.18 MBytes       
[ 14]   2.00-3.01   sec  1.37 GBytes  11.7 Gbits/sec    0   4.25 MBytes       
[ 16]   2.00-3.01   sec  1.70 GBytes  14.5 Gbits/sec    0   4.18 MBytes       
[ 18]   2.03-3.01   sec  1.34 GBytes  11.7 Gbits/sec    1   4.18 MBytes       
[ 20]   2.03-3.01   sec  1.34 GBytes  11.7 Gbits/sec    1   4.25 MBytes       
[SUM]   2.00-3.00   sec  10.8 GBytes  93.1 Gbits/sec    3             
- - - - - - - - - - - - - - - - - - - - - - - - -
[  6]   3.00-4.00   sec  1.23 GBytes  10.6 Gbits/sec    0   4.12 MBytes       
[  8]   3.00-4.02   sec  1.40 GBytes  11.8 Gbits/sec    2   4.25 MBytes       
[ 10]   3.00-4.02   sec  1.46 GBytes  12.3 Gbits/sec    0   4.18 MBytes       
[ 12]   3.01-4.02   sec  1.59 GBytes  13.4 Gbits/sec    0   4.18 MBytes       
[ 14]   3.01-4.02   sec  1.51 GBytes  12.8 Gbits/sec    0   4.25 MBytes       
[ 16]   3.01-4.03   sec  1.36 GBytes  11.5 Gbits/sec    0   4.18 MBytes       
[ 18]   3.01-4.03   sec  1.66 GBytes  14.0 Gbits/sec    0   4.18 MBytes       
[ 20]   3.01-4.03   sec  1.10 GBytes  9.33 Gbits/sec    1   4.25 MBytes       
[SUM]   3.00-4.00   sec  11.3 GBytes  97.2 Gbits/sec    3             
- - - - - - - - - - - - - - - - - - - - - - - - -
[  6]   4.00-5.00   sec  1.71 GBytes  14.7 Gbits/sec    0   4.12 MBytes       
[  8]   4.02-5.00   sec  1.17 GBytes  10.2 Gbits/sec    0   4.25 MBytes       
[ 10]   4.02-5.01   sec  1.44 GBytes  12.6 Gbits/sec    0   4.18 MBytes       
[ 12]   4.02-5.01   sec  1.37 GBytes  11.9 Gbits/sec    0   4.18 MBytes       
[ 14]   4.02-5.01   sec  1.51 GBytes  13.1 Gbits/sec    0   4.25 MBytes       
[ 16]   4.03-5.02   sec  1.55 GBytes  13.4 Gbits/sec    0   4.18 MBytes       
[ 18]   4.03-5.02   sec  1.38 GBytes  11.9 Gbits/sec    0   4.18 MBytes       
[ 20]   4.03-5.02   sec  1.21 GBytes  10.5 Gbits/sec    0   4.25 MBytes       
[SUM]   4.00-5.00   sec  11.3 GBytes  97.4 Gbits/sec    0             
- - - - - - - - - - - - - - - - - - - - - - - - -
[  6]   5.00-6.00   sec  1.22 GBytes  10.5 Gbits/sec    0   4.12 MBytes       
[  8]   5.00-6.01   sec  1.33 GBytes  11.4 Gbits/sec    0   4.25 MBytes       
[ 10]   5.01-6.01   sec  1.44 GBytes  12.4 Gbits/sec    0   4.18 MBytes       
[ 12]   5.01-6.02   sec  1.83 GBytes  15.5 Gbits/sec    0   4.18 MBytes       
[ 14]   5.01-6.03   sec  1.46 GBytes  12.3 Gbits/sec    0   4.25 MBytes       
[ 16]   5.02-6.03   sec  1.52 GBytes  12.9 Gbits/sec    0   4.18 MBytes       
[ 18]   5.02-6.03   sec  1.81 GBytes  15.4 Gbits/sec    0   4.18 MBytes       
[ 20]   5.02-6.03   sec  1.42 GBytes  12.1 Gbits/sec    0   4.25 MBytes       
[SUM]   5.00-6.00   sec  12.0 GBytes   103 Gbits/sec    0             
- - - - - - - - - - - - - - - - - - - - - - - - -
[  6]   6.00-7.00   sec  1.71 GBytes  14.6 Gbits/sec    0   4.12 MBytes       
[  8]   6.01-7.01   sec  1.07 GBytes  9.14 Gbits/sec    0   4.25 MBytes       
[ 10]   6.01-7.01   sec  1.30 GBytes  11.1 Gbits/sec    0   4.18 MBytes       
[ 12]   6.02-7.01   sec  1.49 GBytes  13.0 Gbits/sec    0   4.18 MBytes       
[ 14]   6.03-7.01   sec  1.17 GBytes  10.2 Gbits/sec    0   4.25 MBytes       
[ 16]   6.03-7.02   sec  1.37 GBytes  11.8 Gbits/sec    0   4.18 MBytes       
[ 18]   6.03-7.03   sec  1.50 GBytes  12.8 Gbits/sec    0   4.18 MBytes       
[ 20]   6.03-7.03   sec  1.24 GBytes  10.6 Gbits/sec    0   4.25 MBytes       
[SUM]   6.00-7.00   sec  10.8 GBytes  92.7 Gbits/sec    0             
- - - - - - - - - - - - - - - - - - - - - - - - -
[  6]   7.00-8.00   sec  1.36 GBytes  11.7 Gbits/sec    0   4.12 MBytes       
[  8]   7.01-8.01   sec  1.62 GBytes  13.9 Gbits/sec    0   4.25 MBytes       
[ 10]   7.01-8.01   sec  1.44 GBytes  12.4 Gbits/sec    0   4.18 MBytes       
[ 12]   7.01-8.01   sec  1.70 GBytes  14.6 Gbits/sec    0   4.18 MBytes       
[ 14]   7.01-8.01   sec  1.25 GBytes  10.7 Gbits/sec    0   4.25 MBytes       
[ 16]   7.02-8.01   sec  1.52 GBytes  13.2 Gbits/sec    0   4.18 MBytes       
[ 18]   7.03-8.01   sec  1.04 GBytes  9.11 Gbits/sec    0   4.18 MBytes       
[ 20]   7.03-8.02   sec  1.34 GBytes  11.6 Gbits/sec    0   4.25 MBytes       
[SUM]   7.00-8.00   sec  11.3 GBytes  96.9 Gbits/sec    0             
- - - - - - - - - - - - - - - - - - - - - - - - -
[  6]   8.00-9.00   sec  1.31 GBytes  11.3 Gbits/sec    1   4.12 MBytes       
[  8]   8.01-9.00   sec  1.37 GBytes  11.8 Gbits/sec    0   4.25 MBytes       
[ 10]   8.01-9.00   sec  1.45 GBytes  12.5 Gbits/sec    0   4.18 MBytes       
[ 12]   8.01-9.00   sec  1.71 GBytes  14.7 Gbits/sec    1   4.18 MBytes       
[ 14]   8.01-9.00   sec  1.46 GBytes  12.6 Gbits/sec    0   4.25 MBytes       
[ 16]   8.01-9.01   sec  1.37 GBytes  11.9 Gbits/sec    0   4.18 MBytes       
[ 18]   8.01-9.01   sec  1.40 GBytes  12.1 Gbits/sec    0   4.18 MBytes       
[ 20]   8.02-9.01   sec  1.27 GBytes  11.0 Gbits/sec    0   4.25 MBytes       
[SUM]   8.00-9.00   sec  11.3 GBytes  97.5 Gbits/sec    2             
- - - - - - - - - - - - - - - - - - - - - - - - -
[  6]   9.00-10.00  sec  1.05 GBytes  9.03 Gbits/sec    0   4.12 MBytes       
[  8]   9.00-10.00  sec  1.70 GBytes  14.6 Gbits/sec    0   4.25 MBytes       
[ 10]   9.00-10.00  sec  1.36 GBytes  11.7 Gbits/sec    0   4.18 MBytes       
[ 12]   9.00-10.01  sec  1.39 GBytes  11.9 Gbits/sec    0   4.18 MBytes       
[ 14]   9.00-10.01  sec  1.46 GBytes  12.5 Gbits/sec    0   4.25 MBytes       
[ 16]   9.01-10.01  sec  1.39 GBytes  11.9 Gbits/sec    0   4.18 MBytes       
[ 18]   9.01-10.01  sec  1.54 GBytes  13.2 Gbits/sec    0   4.18 MBytes       
[ 20]   9.01-10.02  sec  1.62 GBytes  13.8 Gbits/sec    0   4.25 MBytes       
[SUM]   9.00-10.00  sec  11.5 GBytes  98.9 Gbits/sec    0             
- - - - - - - - - - - - - - - - - - - - - - - - -
[  6]  10.00-11.00  sec  1.39 GBytes  12.0 Gbits/sec    0   4.12 MBytes       
[  8]  10.00-11.00  sec  1.32 GBytes  11.4 Gbits/sec    0   4.25 MBytes       
[ 10]  10.00-11.00  sec  1.33 GBytes  11.5 Gbits/sec    0   4.18 MBytes       
[ 12]  10.01-11.00  sec  1.41 GBytes  12.2 Gbits/sec    0   4.18 MBytes       
[ 14]  10.01-11.00  sec  1.52 GBytes  13.1 Gbits/sec    0   4.25 MBytes       
[ 16]  10.01-11.00  sec  1.42 GBytes  12.3 Gbits/sec    0   4.18 MBytes       
[ 18]  10.01-11.00  sec  1.25 GBytes  10.9 Gbits/sec    0   4.18 MBytes       
[ 20]  10.02-11.00  sec  1.32 GBytes  11.5 Gbits/sec    0   4.25 MBytes       
[SUM]  10.00-11.00  sec  11.0 GBytes  94.3 Gbits/sec    0             
- - - - - - - - - - - - - - - - - - - - - - - - -
[  6]  11.00-12.00  sec  1.68 GBytes  14.4 Gbits/sec    0   4.12 MBytes       
[  8]  11.00-12.00  sec  1.38 GBytes  11.8 Gbits/sec    0   4.25 MBytes       
[ 10]  11.00-12.00  sec  1.74 GBytes  15.0 Gbits/sec    0   4.18 MBytes       
[ 12]  11.00-12.00  sec  1.53 GBytes  13.2 Gbits/sec    0   4.18 MBytes       
[ 14]  11.00-12.00  sec  1.68 GBytes  14.5 Gbits/sec    0   4.25 MBytes       
[ 16]  11.00-12.00  sec  1.30 GBytes  11.2 Gbits/sec    0   4.18 MBytes       
[ 18]  11.00-12.00  sec  1.80 GBytes  15.5 Gbits/sec    0   4.18 MBytes       
[ 20]  11.00-12.00  sec  1.94 GBytes  16.7 Gbits/sec    0   4.25 MBytes       
[SUM]  11.00-12.00  sec  13.1 GBytes   112 Gbits/sec    0             
- - - - - - - - - - - - - - - - - - - - - - - - -
[  6]  12.00-13.00  sec  1.48 GBytes  12.7 Gbits/sec    0   4.12 MBytes       
[  8]  12.00-13.00  sec  1.19 GBytes  10.2 Gbits/sec    0   4.25 MBytes       
[ 10]  12.00-13.01  sec  1.02 GBytes  8.70 Gbits/sec    0   4.18 MBytes       
[ 12]  12.00-13.02  sec  1.22 GBytes  10.3 Gbits/sec    0   4.18 MBytes       
[ 14]  12.00-13.02  sec  1.66 GBytes  14.0 Gbits/sec    0   4.25 MBytes       
[ 16]  12.00-13.02  sec  1.31 GBytes  11.0 Gbits/sec    0   4.18 MBytes       
[ 18]  12.00-13.04  sec  1.53 GBytes  12.7 Gbits/sec    0   4.18 MBytes       
[ 20]  12.00-13.04  sec  1.46 GBytes  12.1 Gbits/sec    1   4.25 MBytes       
[SUM]  12.00-13.00  sec  10.9 GBytes  93.3 Gbits/sec    1             
- - - - - - - - - - - - - - - - - - - - - - - - -
[  6]  13.00-14.00  sec  1.64 GBytes  14.1 Gbits/sec    1   4.12 MBytes       
[  8]  13.00-14.00  sec  1.57 GBytes  13.5 Gbits/sec    1   4.25 MBytes       
[ 10]  13.01-14.01  sec  1.34 GBytes  11.5 Gbits/sec    0   4.18 MBytes       
[ 12]  13.02-14.01  sec  1.48 GBytes  12.9 Gbits/sec    0   4.18 MBytes       
[ 14]  13.02-14.01  sec  1.69 GBytes  14.7 Gbits/sec    0   4.25 MBytes       
[ 16]  13.02-14.01  sec  1.03 GBytes  9.01 Gbits/sec    0   4.18 MBytes       
[ 18]  13.04-14.01  sec  1.35 GBytes  12.0 Gbits/sec    1   4.18 MBytes       
[ 20]  13.04-14.01  sec  1.59 GBytes  14.1 Gbits/sec    0   4.25 MBytes       
[SUM]  13.00-14.00  sec  11.7 GBytes   101 Gbits/sec    3             
- - - - - - - - - - - - - - - - - - - - - - - - -
[  6]  14.00-15.00  sec  1.56 GBytes  13.4 Gbits/sec    0   4.12 MBytes       
[  8]  14.00-15.00  sec  1.95 GBytes  16.8 Gbits/sec    0   4.25 MBytes       
[ 10]  14.01-15.00  sec  1.10 GBytes  9.49 Gbits/sec    0   4.18 MBytes       
[ 12]  14.01-15.02  sec  1.44 GBytes  12.2 Gbits/sec    0   4.18 MBytes       
[ 14]  14.01-15.02  sec  1.10 GBytes  9.34 Gbits/sec    0   4.25 MBytes       
[ 16]  14.01-15.03  sec  1.36 GBytes  11.4 Gbits/sec    0   4.18 MBytes       
[ 18]  14.01-15.03  sec  1.54 GBytes  12.9 Gbits/sec    0   4.18 MBytes       
[ 20]  14.01-15.05  sec  1.60 GBytes  13.2 Gbits/sec    0   4.25 MBytes       
[SUM]  14.00-15.00  sec  11.6 GBytes  99.9 Gbits/sec    0             
- - - - - - - - - - - - - - - - - - - - - - - - -
[  6]  15.00-16.00  sec  1.40 GBytes  12.0 Gbits/sec    0   4.12 MBytes       
[  8]  15.00-16.00  sec  1.34 GBytes  11.5 Gbits/sec    0   4.25 MBytes       
[ 10]  15.00-16.00  sec  1.51 GBytes  13.0 Gbits/sec    0   4.18 MBytes       
[ 12]  15.02-16.00  sec  1.27 GBytes  11.1 Gbits/sec    0   4.18 MBytes       
[ 14]  15.02-16.00  sec  1.66 GBytes  14.4 Gbits/sec    0   4.25 MBytes       
[ 16]  15.03-16.00  sec  1.28 GBytes  11.3 Gbits/sec    0   4.18 MBytes       
[ 18]  15.03-16.00  sec  1.24 GBytes  10.9 Gbits/sec    0   4.18 MBytes       
[ 20]  15.05-16.01  sec  1.48 GBytes  13.3 Gbits/sec    0   4.25 MBytes       
[SUM]  15.00-16.00  sec  11.2 GBytes  96.0 Gbits/sec    0             
- - - - - - - - - - - - - - - - - - - - - - - - -
[  6]  16.00-17.00  sec  1.27 GBytes  10.9 Gbits/sec    0   4.12 MBytes       
[  8]  16.00-17.00  sec  1.46 GBytes  12.6 Gbits/sec    0   4.25 MBytes       
[ 10]  16.00-17.01  sec  1.66 GBytes  14.2 Gbits/sec    0   4.18 MBytes       
[ 12]  16.00-17.01  sec  1.28 GBytes  11.0 Gbits/sec    0   4.18 MBytes       
[ 14]  16.00-17.01  sec  1.45 GBytes  12.4 Gbits/sec    0   4.25 MBytes       
[ 16]  16.00-17.01  sec  1.15 GBytes  9.85 Gbits/sec    0   4.18 MBytes       
[ 18]  16.00-17.01  sec  1.29 GBytes  11.1 Gbits/sec    0   4.18 MBytes       
[ 20]  16.01-17.01  sec  1.34 GBytes  11.5 Gbits/sec    0   4.25 MBytes       
[SUM]  16.00-17.00  sec  10.9 GBytes  93.7 Gbits/sec    0             
- - - - - - - - - - - - - - - - - - - - - - - - -
[  6]  17.00-18.00  sec  1.31 GBytes  11.2 Gbits/sec    0   4.12 MBytes       
[  8]  17.00-18.00  sec  1.34 GBytes  11.5 Gbits/sec    0   4.25 MBytes       
[ 10]  17.01-18.00  sec  1.60 GBytes  13.8 Gbits/sec    1   3.12 MBytes       
[ 12]  17.01-18.01  sec  1.64 GBytes  14.1 Gbits/sec    0   4.18 MBytes       
[ 14]  17.01-18.01  sec  1.40 GBytes  12.0 Gbits/sec    0   4.25 MBytes       
[ 16]  17.01-18.01  sec  1.43 GBytes  12.3 Gbits/sec    0   4.18 MBytes       
[ 18]  17.01-18.01  sec  1.50 GBytes  12.9 Gbits/sec    0   4.18 MBytes       
[ 20]  17.01-18.01  sec  1.54 GBytes  13.2 Gbits/sec    0   4.25 MBytes       
[SUM]  17.00-18.00  sec  11.8 GBytes   101 Gbits/sec    1             
- - - - - - - - - - - - - - - - - - - - - - - - -
[  6]  18.00-19.00  sec  1.56 GBytes  13.4 Gbits/sec    0   4.12 MBytes       
[  8]  18.00-19.00  sec  1.53 GBytes  13.2 Gbits/sec    0   4.25 MBytes       
[ 10]  18.00-19.00  sec  1.39 GBytes  11.9 Gbits/sec    0   3.25 MBytes       
[ 12]  18.01-19.00  sec  1.35 GBytes  11.6 Gbits/sec    0   4.18 MBytes       
[ 14]  18.01-19.00  sec  1.41 GBytes  12.2 Gbits/sec    0   4.25 MBytes       
[ 16]  18.01-19.00  sec  1.30 GBytes  11.2 Gbits/sec    0   4.18 MBytes       
[ 18]  18.01-19.01  sec  1.63 GBytes  14.0 Gbits/sec    0   4.18 MBytes       
[ 20]  18.01-19.01  sec  1.22 GBytes  10.5 Gbits/sec    0   4.25 MBytes       
[SUM]  18.00-19.00  sec  11.4 GBytes  97.5 Gbits/sec    0             
- - - - - - - - - - - - - - - - - - - - - - - - -
[  6]  19.00-20.00  sec  1.34 GBytes  11.5 Gbits/sec    0   4.12 MBytes       
[  8]  19.00-20.00  sec  1.24 GBytes  10.6 Gbits/sec    0   4.25 MBytes       
[ 10]  19.00-20.00  sec  1.41 GBytes  12.1 Gbits/sec    0   3.37 MBytes       
[ 12]  19.00-20.00  sec  1.31 GBytes  11.2 Gbits/sec    0   4.18 MBytes       
[ 14]  19.00-20.01  sec  1.38 GBytes  11.8 Gbits/sec    0   4.25 MBytes       
[ 16]  19.00-20.01  sec  1.47 GBytes  12.5 Gbits/sec    0   4.18 MBytes       
[ 18]  19.01-20.01  sec  1.38 GBytes  11.8 Gbits/sec    0   4.18 MBytes       
[ 20]  19.01-20.01  sec  1.28 GBytes  10.9 Gbits/sec    1   3.37 MBytes       
[SUM]  19.00-20.00  sec  10.8 GBytes  93.0 Gbits/sec    1             
- - - - - - - - - - - - - - - - - - - - - - - - -
[  6]  20.00-21.00  sec  1.29 GBytes  11.1 Gbits/sec    0   4.12 MBytes       
[  8]  20.00-21.00  sec  1.58 GBytes  13.6 Gbits/sec    0   4.25 MBytes       
[ 10]  20.00-21.00  sec  1.14 GBytes  9.83 Gbits/sec    1   3.68 MBytes       
[ 12]  20.00-21.00  sec  1.32 GBytes  11.4 Gbits/sec    0   4.18 MBytes       
[ 14]  20.01-21.01  sec  1.13 GBytes  9.76 Gbits/sec    0   4.25 MBytes       
[ 16]  20.01-21.01  sec  1.42 GBytes  12.2 Gbits/sec    0   4.18 MBytes       
[ 18]  20.01-21.01  sec  1.74 GBytes  15.0 Gbits/sec    0   4.18 MBytes       
[ 20]  20.01-21.01  sec  1.64 GBytes  14.1 Gbits/sec    0   3.68 MBytes       
[SUM]  20.00-21.00  sec  11.3 GBytes  96.8 Gbits/sec    1             
- - - - - - - - - - - - - - - - - - - - - - - - -
[  6]  21.00-22.00  sec  1.23 GBytes  10.6 Gbits/sec    0   4.12 MBytes       
[  8]  21.00-22.00  sec  1.48 GBytes  12.7 Gbits/sec    0   4.25 MBytes       
[ 10]  21.00-22.00  sec  1.54 GBytes  13.2 Gbits/sec    0   3.81 MBytes       
[ 12]  21.00-22.01  sec  1.83 GBytes  15.6 Gbits/sec    0   4.18 MBytes       
[ 14]  21.01-22.02  sec  1.39 GBytes  11.8 Gbits/sec    0   4.25 MBytes       
[ 16]  21.01-22.02  sec  1.41 GBytes  12.0 Gbits/sec    0   4.18 MBytes       
[ 18]  21.01-22.02  sec  1.18 GBytes  10.1 Gbits/sec    0   4.18 MBytes       
[ 20]  21.01-22.02  sec  1.17 GBytes  10.0 Gbits/sec    0   3.81 MBytes       
[SUM]  21.00-22.00  sec  11.2 GBytes  96.4 Gbits/sec    0             
- - - - - - - - - - - - - - - - - - - - - - - - -
[  6]  22.00-23.00  sec  1.40 GBytes  12.0 Gbits/sec    0   4.12 MBytes       
[  8]  22.00-23.01  sec  1.24 GBytes  10.6 Gbits/sec    0   4.25 MBytes       
[ 10]  22.00-23.01  sec  1.36 GBytes  11.6 Gbits/sec    0   3.81 MBytes       
[ 12]  22.01-23.01  sec  1.71 GBytes  14.6 Gbits/sec    0   4.18 MBytes       
[ 14]  22.02-23.02  sec  1.34 GBytes  11.5 Gbits/sec    0   4.25 MBytes       
[ 16]  22.02-23.02  sec  1.34 GBytes  11.5 Gbits/sec    0   4.18 MBytes       
[ 18]  22.02-23.02  sec  1.14 GBytes  9.73 Gbits/sec    0   4.18 MBytes       
[ 20]  22.02-23.02  sec  1.07 GBytes  9.12 Gbits/sec    0   3.81 MBytes       
[SUM]  22.00-23.00  sec  10.6 GBytes  91.0 Gbits/sec    0             
- - - - - - - - - - - - - - - - - - - - - - - - -
[  6]  23.00-24.00  sec  1.27 GBytes  10.9 Gbits/sec    0   4.12 MBytes       
[  8]  23.01-24.00  sec  1.61 GBytes  13.9 Gbits/sec    0   4.25 MBytes       
[ 10]  23.01-24.00  sec  1.45 GBytes  12.5 Gbits/sec    0   4.12 MBytes       
[ 12]  23.01-24.00  sec  1.28 GBytes  11.1 Gbits/sec    0   4.18 MBytes       
[ 14]  23.02-24.00  sec  1.39 GBytes  12.2 Gbits/sec    0   4.25 MBytes       
[ 16]  23.02-24.00  sec  1.52 GBytes  13.3 Gbits/sec    0   4.18 MBytes       
[ 18]  23.02-24.00  sec  1.22 GBytes  10.6 Gbits/sec    0   4.18 MBytes       
[ 20]  23.02-24.01  sec  1.28 GBytes  11.2 Gbits/sec    0   4.00 MBytes       
[SUM]  23.00-24.00  sec  11.0 GBytes  94.6 Gbits/sec    0             
- - - - - - - - - - - - - - - - - - - - - - - - -
[  6]  24.00-25.00  sec  1.60 GBytes  13.7 Gbits/sec    0   4.12 MBytes       
[  8]  24.00-25.00  sec  1.85 GBytes  15.8 Gbits/sec    0   4.25 MBytes       
[ 10]  24.00-25.01  sec  1.64 GBytes  14.0 Gbits/sec    0   4.12 MBytes       
[ 12]  24.00-25.01  sec  1.18 GBytes  10.1 Gbits/sec    0   4.18 MBytes       
[ 14]  24.00-25.01  sec  1.61 GBytes  13.7 Gbits/sec    0   4.25 MBytes       
[ 16]  24.00-25.01  sec  1.18 GBytes  10.1 Gbits/sec    0   4.18 MBytes       
[ 18]  24.00-25.01  sec  1.35 GBytes  11.5 Gbits/sec    0   4.18 MBytes       
[ 20]  24.01-25.01  sec  1.46 GBytes  12.5 Gbits/sec    0   4.12 MBytes       
[SUM]  24.00-25.00  sec  11.9 GBytes   102 Gbits/sec    0             
- - - - - - - - - - - - - - - - - - - - - - - - -
[  6]  25.00-26.00  sec  1.44 GBytes  12.4 Gbits/sec    0   4.12 MBytes       
[  8]  25.00-26.00  sec  1.82 GBytes  15.6 Gbits/sec    0   4.25 MBytes       
[ 10]  25.01-26.01  sec  1.43 GBytes  12.3 Gbits/sec    0   4.12 MBytes       
[ 12]  25.01-26.02  sec  1.64 GBytes  14.0 Gbits/sec    0   4.18 MBytes       
[ 14]  25.01-26.02  sec  1.76 GBytes  15.1 Gbits/sec    0   4.25 MBytes       
[ 16]  25.01-26.02  sec  1.25 GBytes  10.7 Gbits/sec    0   4.18 MBytes       
[ 18]  25.01-26.02  sec  1.19 GBytes  10.1 Gbits/sec    0   4.18 MBytes       
[ 20]  25.01-26.02  sec  1.48 GBytes  12.6 Gbits/sec    0   4.12 MBytes       
[SUM]  25.00-26.00  sec  12.0 GBytes   103 Gbits/sec    0             
- - - - - - - - - - - - - - - - - - - - - - - - -
[  6]  26.00-27.00  sec  1.63 GBytes  14.0 Gbits/sec    0   4.12 MBytes       
[  8]  26.00-27.00  sec  1.87 GBytes  16.1 Gbits/sec    0   4.25 MBytes       
[ 10]  26.01-27.00  sec  1.72 GBytes  14.9 Gbits/sec    0   4.12 MBytes       
[ 12]  26.02-27.00  sec  1.53 GBytes  13.3 Gbits/sec    0   4.18 MBytes       
[ 14]  26.02-27.00  sec  1.58 GBytes  13.8 Gbits/sec    1   4.25 MBytes       
[ 16]  26.02-27.01  sec  1.56 GBytes  13.4 Gbits/sec    0   4.18 MBytes       
[ 18]  26.02-27.01  sec  1.21 GBytes  10.4 Gbits/sec    0   4.18 MBytes       
[ 20]  26.02-27.02  sec  1.45 GBytes  12.6 Gbits/sec    0   4.12 MBytes       
[SUM]  26.00-27.00  sec  12.6 GBytes   108 Gbits/sec    1             
- - - - - - - - - - - - - - - - - - - - - - - - -
[  6]  27.00-28.00  sec  1.03 GBytes  8.86 Gbits/sec    0   4.12 MBytes       
[  8]  27.00-28.00  sec  1.58 GBytes  13.6 Gbits/sec    0   4.25 MBytes       
[ 10]  27.00-28.00  sec  1.62 GBytes  13.9 Gbits/sec    0   4.12 MBytes       
[ 12]  27.00-28.00  sec  1.38 GBytes  11.8 Gbits/sec    0   4.18 MBytes       
[ 14]  27.00-28.00  sec  1.29 GBytes  11.1 Gbits/sec    0   4.25 MBytes       
[ 16]  27.01-28.01  sec  1.25 GBytes  10.9 Gbits/sec    0   4.18 MBytes       
[ 18]  27.01-28.01  sec  1.26 GBytes  10.9 Gbits/sec    0   4.18 MBytes       
[ 20]  27.02-28.01  sec  1.28 GBytes  11.1 Gbits/sec    0   4.12 MBytes       
[SUM]  27.00-28.00  sec  10.7 GBytes  92.1 Gbits/sec    0             
- - - - - - - - - - - - - - - - - - - - - - - - -
[  6]  28.00-29.00  sec  1.66 GBytes  14.2 Gbits/sec    0   4.12 MBytes       
[  8]  28.00-29.00  sec  1.04 GBytes  8.90 Gbits/sec    0   4.25 MBytes       
[ 10]  28.00-29.00  sec  1.11 GBytes  9.56 Gbits/sec    0   4.12 MBytes       
[ 12]  28.00-29.00  sec  1.38 GBytes  11.9 Gbits/sec    0   4.18 MBytes       
[ 14]  28.00-29.00  sec  1.28 GBytes  11.0 Gbits/sec    0   4.25 MBytes       
[ 16]  28.01-29.00  sec  1.56 GBytes  13.5 Gbits/sec    0   4.18 MBytes       
[ 18]  28.01-29.00  sec  1.32 GBytes  11.3 Gbits/sec    0   4.18 MBytes       
[ 20]  28.01-29.01  sec  1.61 GBytes  13.9 Gbits/sec    0   4.12 MBytes       
[SUM]  28.00-29.00  sec  11.0 GBytes  94.2 Gbits/sec    0             
- - - - - - - - - - - - - - - - - - - - - - - - -
[  6]  29.00-30.00  sec  1.62 GBytes  13.9 Gbits/sec    0   4.12 MBytes       
[  8]  29.00-30.00  sec  1.40 GBytes  12.0 Gbits/sec    0   4.25 MBytes       
[ 10]  29.00-30.00  sec  1.49 GBytes  12.7 Gbits/sec    0   4.12 MBytes       
[ 12]  29.00-30.00  sec  1.31 GBytes  11.2 Gbits/sec    0   4.18 MBytes       
[ 14]  29.00-30.00  sec  1.36 GBytes  11.7 Gbits/sec    0   4.25 MBytes       
[ 16]  29.00-30.00  sec  1.38 GBytes  11.9 Gbits/sec    0   4.18 MBytes       
[ 18]  29.00-30.00  sec  1.49 GBytes  12.8 Gbits/sec    0   4.18 MBytes       
[ 20]  29.01-30.00  sec  1.35 GBytes  11.6 Gbits/sec    0   4.12 MBytes       
[SUM]  29.00-30.00  sec  11.4 GBytes  97.8 Gbits/sec    0             
- - - - - - - - - - - - - - - - - - - - - - - - -
[ ID] Interval           Transfer     Bitrate         Retr
[  6]   0.00-30.00  sec  42.9 GBytes  12.3 Gbits/sec    3             sender
[  6]   0.00-30.01  sec  42.9 GBytes  12.3 Gbits/sec                  receiver
[  8]   0.00-30.00  sec  43.5 GBytes  12.4 Gbits/sec    5             sender
[  8]   0.00-30.01  sec  43.5 GBytes  12.4 Gbits/sec                  receiver
[ 10]   0.00-30.00  sec  42.9 GBytes  12.3 Gbits/sec    3             sender
[ 10]   0.00-30.01  sec  42.9 GBytes  12.3 Gbits/sec                  receiver
[ 12]   0.00-30.00  sec  43.7 GBytes  12.5 Gbits/sec    1             sender
[ 12]   0.00-30.01  sec  43.7 GBytes  12.5 Gbits/sec                  receiver
[ 14]   0.00-30.00  sec  43.2 GBytes  12.4 Gbits/sec    3             sender
[ 14]   0.00-30.01  sec  43.2 GBytes  12.4 Gbits/sec                  receiver
[ 16]   0.00-30.00  sec  41.8 GBytes  12.0 Gbits/sec    0             sender
[ 16]   0.00-30.01  sec  41.8 GBytes  12.0 Gbits/sec                  receiver
[ 18]   0.00-30.00  sec  42.0 GBytes  12.0 Gbits/sec    2             sender
[ 18]   0.00-30.01  sec  42.0 GBytes  12.0 Gbits/sec                  receiver
[ 20]   0.00-30.00  sec  41.9 GBytes  12.0 Gbits/sec    4             sender
[ 20]   0.00-30.01  sec  41.9 GBytes  12.0 Gbits/sec                  receiver
[SUM]   0.00-30.00  sec   342 GBytes  97.9 Gbits/sec   21             sender
[SUM]   0.00-30.01  sec   342 GBytes  97.9 Gbits/sec                  receiver

iperf Done.
