Connecting to host 127.0.0.1, port 5201
[  6] local 127.0.0.1 port 43360 connected to 127.0.0.1 port 5201
[  8] local 127.0.0.1 port 43372 connected to 127.0.0.1 port 5201
[ 10] local 127.0.0.1 port 43386 connected to 127.0.0.1 port 5201
[ 12] local 127.0.0.1 port 43402 connected to 127.0.0.1 port 5201
[ 14] local 127.0.0.1 port 43408 connected to 127.0.0.1 port 5201
[ 16] local 127.0.0.1 port 43410 connected to 127.0.0.1 port 5201
[ 18] local 127.0.0.1 port 43418 connected to 127.0.0.1 port 5201
[ 20] local 127.0.0.1 port 43422 connected to 127.0.0.1 port 5201
[ ID] Interval           Transfer     Bitrate         Retr  Cwnd
[  6]   0.00-1.00   sec  1.14 GBytes  9.82 Gbits/sec    0   4.12 MBytes       
[  8]   0.00-1.00   sec  1.42 GBytes  12.2 Gbits/sec    1   3.00 MBytes       
[ 10]   0.00-1.00   sec   979 MBytes  8.19 Gbits/sec    1   3.50 MBytes       
[ 12]   0.00-1.00   sec  1.03 GBytes  8.83 Gbits/sec    1   2.87 MBytes       
[ 14]   0.00-1.00   sec  1.16 GBytes  9.98 Gbits/sec    0   3.06 MBytes       
[ 16]   0.00-1.01   sec  1.27 GBytes  10.8 Gbits/sec    0   2.94 MBytes       
[ 18]   0.00-1.01   sec  1.42 GBytes  12.0 Gbits/sec    2   9.87 MBytes       
[ 20]   0.00-1.01   sec  1.40 GBytes  11.8 Gbits/sec    0   3.31 MBytes       
[SUM]   0.00-1.00   sec  9.80 GBytes  84.2 Gbits/sec    5             
- - - - - - - - - - - - - - - - - - - - - - - - -
[  6]   1.00-2.00   sec  1.05 GBytes  9.02 Gbits/sec    0   4.12 MBytes       
[  8]   1.00-2.00   sec  1.45 GBytes  12.5 Gbits/sec    1   3.31 MBytes       
[ 10]   1.00-2.00   sec  1.05 GBytes  9.04 Gbits/sec    0   3.50 MBytes       
[ 12]   1.00-2.00   sec  1.40 GBytes  12.0 Gbits/sec    0   3.31 MBytes       
[ 14]   1.00-2.00   sec  1.43 GBytes  12.3 Gbits/sec    0   3.56 MBytes       
[ 16]   1.01-2.00   sec  1.21 GBytes  10.5 Gbits/sec    5   2.19 MBytes       
[ 18]   1.01-2.00   sec  1.38 GBytes  12.0 Gbits/sec    0   9.87 MBytes       
[ 20]   1.01-2.01   sec  1.44 GBytes  12.5 Gbits/sec    0   3.68 MBytes       
[SUM]   1.00-2.00   sec  10.4 GBytes  89.5 Gbits/sec    6             
- - - - - - - - - - - - - - - - - - - - - - - - -
[  6]   2.00-3.00   sec  1.27 GBytes  10.9 Gbits/sec    0   4.12 MBytes       
[  8]   2.00-3.00   sec  1.33 GBytes  11.4 Gbits/sec    0   3.50 MBytes       
[ 10]   2.00-3.00   sec  1.30 GBytes  11.2 Gbits/sec    0   4.06 MBytes       
[ 12]   2.00-3.01   sec  1.37 GBytes  11.7 Gbits/sec    0   3.68 MBytes       
[ 14]   2.00-3.01   sec  1.80 GBytes  15.5 Gbits/sec    0   4.12 MBytes       
[ 16]   2.00-3.01   sec  1.30 GBytes  11.1 Gbits/sec    0   2.56 MBytes       
[ 18]   2.00-3.01   sec  1.28 GBytes  10.9 Gbits/sec    0   9.87 MBytes       
[ 20]   2.01-3.01   sec  1.41 GBytes  12.0 Gbits/sec    0   4.25 MBytes       
[SUM]   2.00-3.00   sec  11.1 GBytes  95.0 Gbits/sec    0             
- - - - - - - - - - - - - - - - - - - - - - - - -
[  6]   3.00-4.00   sec  1.19 GBytes  10.2 Gbits/sec    0   4.12 MBytes       
[  8]   3.00-4.00   sec  1.46 GBytes  12.6 Gbits/sec    0   3.81 MBytes       
[ 10]   3.00-4.00   sec  1.38 GBytes  11.8 Gbits/sec    0   4.25 MBytes       
[ 12]   3.01-4.00   sec  1.33 GBytes  11.5 Gbits/sec    0   4.06 MBytes       
[ 14]   3.01-4.01   sec  1.67 GBytes  14.3 Gbits/sec    0   4.12 MBytes       
[ 16]   3.01-4.01   sec  1.40 GBytes  12.0 Gbits/sec    0   2.69 MBytes       
[ 18]   3.01-4.02   sec  1.02 GBytes  8.74 Gbits/sec    0   9.87 MBytes       
[ 20]   3.01-4.02   sec  1.35 GBytes  11.5 Gbits/sec    0   4.25 MBytes       
[SUM]   3.00-4.00   sec  10.8 GBytes  92.8 Gbits/sec    0             
- - - - - - - - - - - - - - - - - - - - - - - - -
[  6]   4.00-5.00   sec  1.09 GBytes  9.38 Gbits/sec    0   4.12 MBytes       
[  8]   4.00-5.00   sec  1.36 GBytes  11.6 Gbits/sec    0   3.81 MBytes       
[ 10]   4.00-5.00   sec  1.21 GBytes  10.4 Gbits/sec    1   4.25 MBytes       
[ 12]   4.00-5.00   sec  1.48 GBytes  12.7 Gbits/sec    0   4.06 MBytes       
[ 14]   4.01-5.02   sec  1.63 GBytes  13.8 Gbits/sec    0   4.12 MBytes       
[ 16]   4.01-5.03   sec  1.23 GBytes  10.3 Gbits/sec    0   2.87 MBytes       
[ 18]   4.02-5.03   sec  1.30 GBytes  11.0 Gbits/sec    0   9.87 MBytes       
[ 20]   4.02-5.03   sec  1.00 GBytes  8.47 Gbits/sec    0   4.25 MBytes       
[SUM]   4.00-5.00   sec  10.3 GBytes  88.4 Gbits/sec    1             
- - - - - - - - - - - - - - - - - - - - - - - - -
[  6]   5.00-6.00   sec  1.42 GBytes  12.2 Gbits/sec    0   4.12 MBytes       
[  8]   5.00-6.00   sec  1.38 GBytes  11.8 Gbits/sec    0   4.00 MBytes       
[ 10]   5.00-6.00   sec  1.11 GBytes  9.52 Gbits/sec    0   4.25 MBytes       
[ 12]   5.00-6.01   sec  1.58 GBytes  13.5 Gbits/sec    0   4.06 MBytes       
[ 14]   5.02-6.01   sec  1.09 GBytes  9.47 Gbits/sec    0   4.12 MBytes       
[ 16]   5.03-6.01   sec  1.20 GBytes  10.6 Gbits/sec    0   2.87 MBytes       
[ 18]   5.03-6.01   sec  1.44 GBytes  12.6 Gbits/sec    0   9.87 MBytes       
[ 20]   5.03-6.01   sec  1.18 GBytes  10.4 Gbits/sec    0   4.25 MBytes       
[SUM]   5.00-6.00   sec  10.4 GBytes  89.3 Gbits/sec    0             
- - - - - - - - - - - - - - - - - - - - - - - - -
[  6]   6.00-7.00   sec  1.78 GBytes  15.3 Gbits/sec    0   4.12 MBytes       
[  8]   6.00-7.00   sec  1.38 GBytes  11.9 Gbits/sec    0   4.25 MBytes       
[ 10]   6.00-7.00   sec  1.37 GBytes  11.7 Gbits/sec    0   4.25 MBytes       
[ 12]   6.01-7.00   sec  1.29 GBytes  11.1 Gbits/sec    0   4.25 MBytes       
[ 14]   6.01-7.00   sec  1.31 GBytes  11.3 Gbits/sec    0   4.12 MBytes       
[ 16]   6.01-7.04   sec  1.35 GBytes  11.2 Gbits/sec    1   3.12 MBytes       
[ 18]   6.01-7.04   sec  1.05 GBytes  8.73 Gbits/sec    0   9.87 MBytes       
[ 20]   6.01-7.04   sec  1.14 GBytes  9.42 Gbits/sec    1   4.25 MBytes       
[SUM]   6.00-7.00   sec  10.7 GBytes  91.7 Gbits/sec    2             
- - - - - - - - - - - - - - - - - - - - - - - - -
[  6]   7.00-8.00   sec  1.46 GBytes  12.6 Gbits/sec    0   4.12 MBytes       
[  8]   7.00-8.00   sec  1.40 GBytes  12.0 Gbits/sec    1   4.25 MBytes       
[ 10]   7.00-8.00   sec  1.22 GBytes  10.5 Gbits/sec    0   4.25 MBytes       
[ 12]   7.00-8.00   sec  1.19 GBytes  10.3 Gbits/sec    1   4.25 MBytes       
[ 14]   7.00-8.00   sec  1.01 GBytes  8.70 Gbits/sec    0   4.12 MBytes       
[ 16]   7.04-8.00   sec  1.20 GBytes  10.7 Gbits/sec    7   2.31 MBytes       
[ 18]   7.04-8.00   sec  1.07 GBytes  9.55 Gbits/sec    0   9.87 MBytes       
[ 20]   7.04-8.00   sec  1.27 GBytes  11.4 Gbits/sec    0   4.25 MBytes       
[SUM]   7.00-8.00   sec  9.83 GBytes  84.4 Gbits/sec    9             
- - - - - - - - - - - - - - - - - - - - - - - - -
[  6]   8.00-9.00   sec  1.27 GBytes  10.9 Gbits/sec    0   4.12 MBytes       
[  8]   8.00-9.00   sec  1.12 GBytes  9.58 Gbits/sec    0   4.25 MBytes       
[ 10]   8.00-9.00   sec  1.19 GBytes  10.2 Gbits/sec    0   4.25 MBytes       
[ 12]   8.00-9.00   sec  1.23 GBytes  10.6 Gbits/sec    0   4.25 MBytes       
[ 14]   8.00-9.00   sec  1.17 GBytes  10.0 Gbits/sec    0   4.12 MBytes       
[ 16]   8.00-9.00   sec  1.46 GBytes  12.5 Gbits/sec    0   2.56 MBytes       
[ 18]   8.00-9.00   sec  1.15 GBytes  9.88 Gbits/sec    0   9.87 MBytes       
[ 20]   8.00-9.00   sec  1.22 GBytes  10.5 Gbits/sec    0   4.25 MBytes       
[SUM]   8.00-9.00   sec  9.80 GBytes  84.1 Gbits/sec    0             
- - - - - - - - - - - - - - - - - - - - - - - - -
[  6]   9.00-10.00  sec  1.10 GBytes  9.41 Gbits/sec    0   4.12 MBytes       
[  8]   9.00-10.00  sec  1.24 GBytes  10.6 Gbits/sec    0   4.25 MBytes       
[ 10]   9.00-10.01  sec  1.39 GBytes  11.9 Gbits/sec    0   4.25 MBytes       
[ 12]   9.00-10.01  sec  1.19 GBytes  10.1 Gbits/sec    0   4.25 MBytes       
[ 14]   9.00-10.02  sec  1.23 GBytes  10.4 Gbits/sec    0   4.12 MBytes       
[ 16]   9.00-10.02  sec  1.36 GBytes  11.5 Gbits/sec    0   2.69 MBytes       
[ 18]   9.00-10.02  sec  1.06 GBytes  8.94 Gbits/sec    0   9.87 MBytes       
[ 20]   9.00-10.02  sec  1.36 GBytes  11.5 Gbits/sec    0   4.25 MBytes       
[SUM]   9.00-10.00  sec  9.93 GBytes  85.3 Gbits/sec    0             
- - - - - - - - - - - - - - - - - - - - - - - - -
[  6]  10.00-11.00  sec  1.09 GBytes  9.36 Gbits/sec    0   4.12 MBytes       
[  8]  10.00-11.00  sec  1.49 GBytes  12.8 Gbits/sec    0   4.25 MBytes       
[ 10]  10.01-11.02  sec  1.38 GBytes  11.7 Gbits/sec    0   4.25 MBytes       
[ 12]  10.01-11.03  sec  1.23 GBytes  10.3 Gbits/sec    0   4.25 MBytes       
[ 14]  10.02-11.03  sec  1.09 GBytes  9.24 Gbits/sec    0   4.12 MBytes       
[ 16]  10.02-11.03  sec  1.44 GBytes  12.2 Gbits/sec    0   2.81 MBytes       
[ 18]  10.02-11.03  sec  1.19 GBytes  10.1 Gbits/sec    0   9.87 MBytes       
[ 20]  10.02-11.03  sec  1.19 GBytes  10.2 Gbits/sec    0   4.25 MBytes       
[SUM]  10.00-11.00  sec  10.1 GBytes  86.6 Gbits/sec    0             
- - - - - - - - - - - - - - - - - - - - - - - - -
[  6]  11.00-12.00  sec  1.13 GBytes  9.68 Gbits/sec    0   4.12 MBytes       
[  8]  11.00-12.00  sec  1.48 GBytes  12.8 Gbits/sec    0   4.25 MBytes       
[ 10]  11.02-12.00  sec  1.24 GBytes  10.8 Gbits/sec    0   4.25 MBytes       
[ 12]  11.03-12.00  sec  1.38 GBytes  12.2 Gbits/sec    0   4.25 MBytes       
[ 14]  11.03-12.01  sec  1.21 GBytes  10.7 Gbits/sec    0   4.12 MBytes       
[ 16]  11.03-12.01  sec  1.22 GBytes  10.8 Gbits/sec    0   2.94 MBytes       
[ 18]  11.03-12.01  sec  1.08 GBytes  9.51 Gbits/sec    0   9.87 MBytes       
[ 20]  11.03-12.01  sec  1.21 GBytes  10.7 Gbits/sec    0   4.25 MBytes       
[SUM]  11.00-12.00  sec  9.96 GBytes  85.6 Gbits/sec    0             
- - - - - - - - - - - - - - - - - - - - - - - - -
[  6]  12.00-13.00  sec  1.18 GBytes  10.1 Gbits/sec    1   4.12 MBytes       
[  8]  12.00-13.00  sec  1.32 GBytes  11.4 Gbits/sec    0   4.25 MBytes       
[ 10]  12.00-13.00  sec  1.27 GBytes  10.9 Gbits/sec    0   4.25 MBytes       
[ 12]  12.00-13.02  sec  1.15 GBytes  9.74 Gbits/sec    0   4.25 MBytes       
[ 14]  12.01-13.02  sec  1.17 GBytes  9.93 Gbits/sec    0   4.12 MBytes       
[ 16]  12.01-13.02  sec  1.33 GBytes  11.3 Gbits/sec    0   2.94 MBytes       
[ 18]  12.01-13.02  sec  1.10 GBytes  9.36 Gbits/sec    0   9.87 MBytes       
[ 20]  12.01-13.02  sec  1.37 GBytes  11.6 Gbits/sec    0   4.25 MBytes       
[SUM]  12.00-13.00  sec  9.89 GBytes  84.9 Gbits/sec    1             
- - - - - - - - - - - - - - - - - - - - - - - - -
[  6]  13.00-14.00  sec  1.16 GBytes  9.94 Gbits/sec    0   4.12 MBytes       
[  8]  13.00-14.01  sec  1.27 GBytes  10.9 Gbits/sec    0   4.25 MBytes       
[ 10]  13.00-14.01  sec  1.45 GBytes  12.4 Gbits/sec    0   4.25 MBytes       
[ 12]  13.02-14.01  sec  1.23 GBytes  10.6 Gbits/sec    0   4.25 MBytes       
[ 14]  13.02-14.01  sec  1.10 GBytes  9.43 Gbits/sec    0   4.12 MBytes       
[ 16]  13.02-14.01  sec  1.20 GBytes  10.3 Gbits/sec    0   3.06 MBytes       
[ 18]  13.02-14.02  sec  1.32 GBytes  11.3 Gbits/sec    0   9.87 MBytes       
[ 20]  13.02-14.02  sec   999 MBytes  8.36 Gbits/sec    0   4.25 MBytes       
[SUM]  13.00-14.00  sec  9.70 GBytes  83.3 Gbits/sec    0             
- - - - - - - - - - - - - - - - - - - - - - - - -
[  6]  14.00-15.00  sec  1.08 GBytes  9.24 Gbits/sec    0   4.12 MBytes       
[  8]  14.01-15.01  sec  1.12 GBytes  9.62 Gbits/sec    0   4.25 MBytes       
[ 10]  14.01-15.01  sec  1.40 GBytes  12.0 Gbits/sec    0   4.25 MBytes       
[ 12]  14.01-15.01  sec  1.23 GBytes  10.6 Gbits/sec    0   4.25 MBytes       
[ 14]  14.01-15.01  sec  1.13 GBytes  9.81 Gbits/sec    0   4.12 MBytes       
[ 16]  14.01-15.01  sec  1.43 GBytes  12.3 Gbits/sec    0   3.18 MBytes       
[ 18]  14.02-15.01  sec  1.09 GBytes  9.50 Gbits/sec    0   9.87 MBytes       
[ 20]  14.02-15.01  sec  1.36 GBytes  11.9 Gbits/sec    0   4.25 MBytes       
[SUM]  14.00-15.00  sec  9.83 GBytes  84.5 Gbits/sec    0             
- - - - - - - - - - - - - - - - - - - - - - - - -
[  6]  15.00-16.00  sec  1.23 GBytes  10.5 Gbits/sec    0   4.12 MBytes       
[  8]  15.01-16.00  sec  1.10 GBytes  9.53 Gbits/sec    0   4.25 MBytes       
[ 10]  15.01-16.00  sec  1.33 GBytes  11.5 Gbits/sec    0   4.25 MBytes       
[ 12]  15.01-16.01  sec  1.27 GBytes  10.9 Gbits/sec    0   4.25 MBytes       
[ 14]  15.01-16.01  sec  1.11 GBytes  9.50 Gbits/sec    1   4.12 MBytes       
[ 16]  15.01-16.01  sec  1.48 GBytes  12.7 Gbits/sec    0   3.31 MBytes       
[ 18]  15.01-16.01  sec  1.16 GBytes  9.92 Gbits/sec    0   9.87 MBytes       
[ 20]  15.01-16.01  sec  1.03 GBytes  8.79 Gbits/sec    0   4.25 MBytes       
[SUM]  15.00-16.00  sec  9.70 GBytes  83.3 Gbits/sec    1             
- - - - - - - - - - - - - - - - - - - - - - - - -
[  6]  16.00-17.00  sec  1.63 GBytes  14.0 Gbits/sec    0   4.12 MBytes       
[  8]  16.00-17.01  sec  1.12 GBytes  9.59 Gbits/sec    0   4.25 MBytes       
[ 10]  16.00-17.01  sec  1.34 GBytes  11.5 Gbits/sec    0   4.25 MBytes       
[ 12]  16.01-17.01  sec  1.23 GBytes  10.6 Gbits/sec    0   4.25 MBytes       
[ 14]  16.01-17.01  sec  1.37 GBytes  11.8 Gbits/sec    0   4.12 MBytes       
[ 16]  16.01-17.01  sec  1.42 GBytes  12.2 Gbits/sec    0   3.43 MBytes       
[ 18]  16.01-17.01  sec  1.06 GBytes  9.14 Gbits/sec    0   9.87 MBytes       
[ 20]  16.01-17.01  sec  1.07 GBytes  9.19 Gbits/sec    0   4.25 MBytes       
[SUM]  16.00-17.00  sec  10.2 GBytes  87.7 Gbits/sec    0             
- - - - - - - - - - - - - - - - - - - - - - - - -
[  6]  17.00-18.00  sec  1.57 GBytes  13.5 Gbits/sec    0   4.12 MBytes       
[  8]  17.01-18.00  sec  1.16 GBytes  10.0 Gbits/sec    0   4.25 MBytes       
[ 10]  17.01-18.01  sec  1.25 GBytes  10.8 Gbits/sec    0   4.25 MBytes       
[ 12]  17.01-18.01  sec   972 MBytes  8.12 Gbits/sec    0   4.25 MBytes       
[ 14]  17.01-18.01  sec  1.48 GBytes  12.6 Gbits/sec    0   4.12 MBytes       
[ 16]  17.01-18.01  sec  1.41 GBytes  12.0 Gbits/sec    0   3.43 MBytes       
[ 18]  17.01-18.01  sec  1.24 GBytes  10.6 Gbits/sec    0   9.87 MBytes       
[ 20]  17.01-18.01  sec  1.30 GBytes  11.1 Gbits/sec    0   4.25 MBytes       
[SUM]  17.00-18.00  sec  10.4 GBytes  89.2 Gbits/sec    0             
- - - - - - - - - - - - - - - - - - - - - - - - -
[  6]  18.00-19.00  sec  1.24 GBytes  10.6 Gbits/sec    0   4.12 MBytes       
[  8]  18.00-19.00  sec  1.21 GBytes  10.4 Gbits/sec    0   4.25 MBytes       
[ 10]  18.01-19.01  sec  1.27 GBytes  10.9 Gbits/sec    0   4.25 MBytes       
[ 12]  18.01-19.01  sec  1.23 GBytes  10.5 Gbits/sec    0   4.25 MBytes       
[ 14]  18.01-19.01  sec  1.49 GBytes  12.7 Gbits/sec    0   4.12 MBytes       
[ 16]  18.01-19.01  sec  1.22 GBytes  10.4 Gbits/sec    0   3.43 MBytes       
[ 18]  18.01-19.02  sec  1.16 GBytes  9.97 Gbits/sec    0   9.87 MBytes       
[ 20]  18.01-19.02  sec  1.12 GBytes  9.61 Gbits/sec    0   4.25 MBytes       
[SUM]  18.00-19.00  sec  9.94 GBytes  85.4 Gbits/sec    0             
- - - - - - - - - - - - - - - - - - - - - - - - -
[  6]  19.00-20.00  sec  1.26 GBytes  10.8 Gbits/sec    0   4.12 MBytes       
[  8]  19.00-20.00  sec  1.08 GBytes  9.24 Gbits/sec    0   4.25 MBytes       
[ 10]  19.01-20.00  sec  1.25 GBytes  10.8 Gbits/sec    0   4.25 MBytes       
[ 12]  19.01-20.00  sec  1.21 GBytes  10.5 Gbits/sec    0   4.25 MBytes       
[ 14]  19.01-20.01  sec  1.32 GBytes  11.5 Gbits/sec    0   4.12 MBytes       
[ 16]  19.01-20.01  sec  1.43 GBytes  12.3 Gbits/sec    0   3.56 MBytes       
[ 18]  19.02-20.01  sec  1.06 GBytes  9.19 Gbits/sec    0   9.87 MBytes       
[ 20]  19.02-20.01  sec  1.13 GBytes  9.73 Gbits/sec    0   4.25 MBytes       
[SUM]  19.00-20.00  sec  9.74 GBytes  83.6 Gbits/sec    0             
- - - - - - - - - - - - - - - - - - - - - - - - -
[  6]  20.00-21.00  sec  1.16 GBytes  10.0 Gbits/sec    0   4.12 MBytes       
[  8]  20.00-21.01  sec  1.35 GBytes  11.5 Gbits/sec    0   4.25 MBytes       
[ 10]  20.00-21.01  sec  1.29 GBytes  11.1 Gbits/sec    0   4.25 MBytes       
[ 12]  20.00-21.01  sec  1.32 GBytes  11.3 Gbits/sec    0   4.25 MBytes       
[ 14]  20.01-21.01  sec  1.31 GBytes  11.3 Gbits/sec    0   4.12 MBytes       
[ 16]  20.01-21.01  sec  1.21 GBytes  10.4 Gbits/sec    0   3.56 MBytes       
[ 18]  20.01-21.02  sec  1.26 GBytes  10.7 Gbits/sec    0   9.87 MBytes       
[ 20]  20.01-21.02  sec  1.42 GBytes  12.1 Gbits/sec    0   4.25 MBytes       
[SUM]  20.00-21.00  sec  10.3 GBytes  88.6 Gbits/sec    0             
- - - - - - - - - - - - - - - - - - - - - - - - -
[  6]  21.00-22.00  sec  1.08 GBytes  9.26 Gbits/sec    0   4.12 MBytes       
[  8]  21.01-22.00  sec  1.25 GBytes  10.7 Gbits/sec    0   4.25 MBytes       
[ 10]  21.01-22.00  sec  1.39 GBytes  11.9 Gbits/sec    0   4.25 MBytes       
[ 12]  21.01-22.00  sec  1.39 GBytes  11.9 Gbits/sec    0   4.25 MBytes       
[ 14]  21.01-22.00  sec  1.08 GBytes  9.24 Gbits/sec    0   4.12 MBytes       
[ 16]  21.01-22.01  sec  1.36 GBytes  11.6 Gbits/sec    0   3.56 MBytes       
[ 18]  21.02-22.01  sec  1.35 GBytes  11.7 Gbits/sec    0   9.87 MBytes       
[ 20]  21.02-22.01  sec  1.05 GBytes  9.13 Gbits/sec    0   4.25 MBytes       
[SUM]  21.00-22.00  sec  9.93 GBytes  85.2 Gbits/sec    0             
- - - - - - - - - - - - - - - - - - - - - - - - -
[  6]  22.00-23.00  sec  1.18 GBytes  10.1 Gbits/sec    0   4.12 MBytes       
[  8]  22.00-23.00  sec  1.15 GBytes  9.91 Gbits/sec    0   4.25 MBytes       
[ 10]  22.00-23.01  sec  1.31 GBytes  11.2 Gbits/sec    0   4.25 MBytes       
[ 12]  22.00-23.02  sec  1.28 GBytes  10.8 Gbits/sec    0   4.25 MBytes       
[ 14]  22.00-23.03  sec  1.42 GBytes  12.0 Gbits/sec    0   4.12 MBytes       
[ 16]  22.01-23.03  sec  1.38 GBytes  11.6 Gbits/sec    1   3.56 MBytes       
[ 18]  22.01-23.03  sec  1.47 GBytes  12.4 Gbits/sec    0   9.87 MBytes       
[ 20]  22.01-23.04  sec  1.19 GBytes  9.94 Gbits/sec    0   4.25 MBytes       
[SUM]  22.00-23.00  sec  10.4 GBytes  89.3 Gbits/sec    1             
- - - - - - - - - - - - - - - - - - - - - - - - -
[  6]  23.00-24.00  sec  1.30 GBytes  11.1 Gbits/sec    0   4.12 MBytes       
[  8]  23.00-24.00  sec  1.18 GBytes  10.1 Gbits/sec    0   4.25 MBytes       
[ 10]  23.01-24.00  sec  1.27 GBytes  11.0 Gbits/sec    0   4.25 MBytes       
[ 12]  23.02-24.00  sec  1.04 GBytes  9.06 Gbits/sec    0   4.25 MBytes       
[ 14]  23.03-24.00  sec  1.17 GBytes  10.3 Gbits/sec    0   4.12 MBytes       
[ 16]  23.03-24.00  sec  1.36 GBytes  11.9 Gbits/sec    0   3.68 MBytes       
[ 18]  23.03-24.00  sec  1.11 GBytes  9.77 Gbits/sec    0   9.87 MBytes       
[ 20]  23.04-24.01  sec  1.33 GBytes  11.7 Gbits/sec    0   4.25 MBytes       
[SUM]  23.00-24.00  sec  9.74 GBytes  83.7 Gbits/sec    0             
- - - - - - - - - - - - - - - - - - - - - - - - -
[  6]  24.00-25.00  sec  1.39 GBytes  11.9 Gbits/sec    0   4.12 MBytes       
[  8]  24.00-25.00  sec  1.46 GBytes  12.6 Gbits/sec    0   4.25 MBytes       
[ 10]  24.00-25.00  sec  1.34 GBytes  11.5 Gbits/sec    0   4.25 MBytes       
[ 12]  24.00-25.00  sec  1.05 GBytes  9.08 Gbits/sec    0   4.25 MBytes       
[ 14]  24.00-25.00  sec  1.12 GBytes  9.66 Gbits/sec    0   4.12 MBytes       
[ 16]  24.00-25.00  sec  1.77 GBytes  15.3 Gbits/sec    0   3.68 MBytes       
[ 18]  24.00-25.00  sec  1.20 GBytes  10.3 Gbits/sec    0   9.87 MBytes       
[ 20]  24.01-25.00  sec  1.36 GBytes  11.8 Gbits/sec    0   4.25 MBytes       
[SUM]  24.00-25.00  sec  10.7 GBytes  92.0 Gbits/sec    0             
- - - - - - - - - - - - - - - - - - - - - - - - -
[  6]  25.00-26.00  sec  1.11 GBytes  9.52 Gbits/sec    0   4.12 MBytes       
[  8]  25.00-26.00  sec  1.35 GBytes  11.6 Gbits/sec    0   4.25 MBytes       
[ 10]  25.00-26.00  sec  1.29 GBytes  11.1 Gbits/sec    0   4.25 MBytes       
[ 12]  25.00-26.00  sec  1.12 GBytes  9.62 Gbits/sec    0   4.25 MBytes       
[ 14]  25.00-26.00  sec  1.07 GBytes  9.18 Gbits/sec    0   4.12 MBytes       
[ 16]  25.00-26.00  sec  1.40 GBytes  12.0 Gbits/sec    0   3.68 MBytes       
[ 18]  25.00-26.00  sec  1.28 GBytes  11.0 Gbits/sec    0   9.87 MBytes       
[ 20]  25.00-26.00  sec  1.27 GBytes  10.9 Gbits/sec    0   4.25 MBytes       
[SUM]  25.00-26.00  sec  9.89 GBytes  84.9 Gbits/sec    0             
- - - - - - - - - - - - - - - - - - - - - - - - -
[  6]  26.00-27.00  sec  1.46 GBytes  12.5 Gbits/sec    0   4.12 MBytes       
[  8]  26.00-27.00  sec  1.43 GBytes  12.3 Gbits/sec    0   4.25 MBytes       
[ 10]  26.00-27.00  sec  1.16 GBytes  9.97 Gbits/sec    0   4.25 MBytes       
[ 12]  26.00-27.00  sec  1.41 GBytes  12.1 Gbits/sec    0   4.25 MBytes       
[ 14]  26.00-27.00  sec  1.36 GBytes  11.7 Gbits/sec    0   4.12 MBytes       
[ 16]  26.00-27.00  sec  1.22 GBytes  10.5 Gbits/sec    0   3.81 MBytes       
[ 18]  26.00-27.00  sec  1.15 GBytes  9.88 Gbits/sec    0   9.87 MBytes       
[ 20]  26.00-27.00  sec  1.09 GBytes  9.38 Gbits/sec    0   4.25 MBytes       
[SUM]  26.00-27.00  sec  10.3 GBytes  88.3 Gbits/sec    0             
- - - - - - - - - - - - - - - - - - - - - - - - -
[  6]  27.00-28.00  sec  1.27 GBytes  11.0 Gbits/sec    1   4.12 MBytes       
[  8]  27.00-28.00  sec  1.21 GBytes  10.4 Gbits/sec    0   4.25 MBytes       
[ 10]  27.00-28.00  sec  1.39 GBytes  11.9 Gbits/sec    0   4.25 MBytes       
[ 12]  27.00-28.00  sec  1.71 GBytes  14.7 Gbits/sec    0   4.25 MBytes       
[ 14]  27.00-28.00  sec  1.30 GBytes  11.2 Gbits/sec    0   4.12 MBytes       
[ 16]  27.00-28.00  sec  1.53 GBytes  13.2 Gbits/sec    0   3.81 MBytes       
[ 18]  27.00-28.00  sec  1.10 GBytes  9.43 Gbits/sec    0   9.87 MBytes       
[ 20]  27.00-28.00  sec  1.18 GBytes  10.2 Gbits/sec    0   4.25 MBytes       
[SUM]  27.00-28.00  sec  10.7 GBytes  91.9 Gbits/sec    1             
- - - - - - - - - - - - - - - - - - - - - - - - -
[  6]  28.00-29.00  sec  1.65 GBytes  14.2 Gbits/sec    0   4.12 MBytes       
[  8]  28.00-29.01  sec  1.13 GBytes  9.69 Gbits/sec    0   4.25 MBytes       
[ 10]  28.00-29.01  sec  1.24 GBytes  10.6 Gbits/sec    0   4.25 MBytes       
[ 12]  28.00-29.01  sec  1.43 GBytes  12.2 Gbits/sec    0   4.25 MBytes       
[ 14]  28.00-29.01  sec  1.15 GBytes  9.80 Gbits/sec    0   4.12 MBytes       
[ 16]  28.00-29.01  sec  1.50 GBytes  12.7 Gbits/sec    0   3.93 MBytes       
[ 18]  28.00-29.03  sec  1.21 GBytes  10.1 Gbits/sec    0   9.87 MBytes       
[ 20]  28.00-29.04  sec  1.39 GBytes  11.5 Gbits/sec    0   4.25 MBytes       
[SUM]  28.00-29.00  sec  10.7 GBytes  91.8 Gbits/sec    0             
- - - - - - - - - - - - - - - - - - - - - - - - -
[  6]  29.00-30.01  sec  1.21 GBytes  10.3 Gbits/sec    0   4.12 MBytes       
[  8]  29.01-30.01  sec  1.42 GBytes  12.1 Gbits/sec    0   4.25 MBytes       
[ 10]  29.01-30.01  sec  1.21 GBytes  10.3 Gbits/sec    0   4.25 MBytes       
[ 12]  29.01-30.01  sec  1.13 GBytes  9.67 Gbits/sec    0   4.25 MBytes       
[ 14]  29.01-30.01  sec  1.21 GBytes  10.4 Gbits/sec    0   4.12 MBytes       
[ 16]  29.01-30.01  sec  1.22 GBytes  10.5 Gbits/sec    0   3.93 MBytes       
[ 18]  29.03-30.01  sec  1.39 GBytes  12.1 Gbits/sec    0   9.87 MBytes       
[ 20]  29.04-30.01  sec  1.04 GBytes  9.11 Gbits/sec    0   4.25 MBytes       
[SUM]  29.00-30.01  sec  9.84 GBytes  83.3 Gbits/sec    0             
- - - - - - - - - - - - - - - - - - - - - - - - -
[ ID] Interval           Transfer     Bitrate         Retr
[  6]   0.00-30.01  sec  38.2 GBytes  10.9 Gbits/sec    2             sender
[  6]   0.00-30.01  sec  38.2 GBytes  10.9 Gbits/sec                  receiver
[  8]   0.00-30.01  sec  38.9 GBytes  11.1 Gbits/sec    3             sender
[  8]   0.00-30.01  sec  38.9 GBytes  11.1 Gbits/sec                  receiver
[ 10]   0.00-30.01  sec  38.3 GBytes  11.0 Gbits/sec    2             sender
[ 10]   0.00-30.01  sec  38.3 GBytes  11.0 Gbits/sec                  receiver
[ 12]   0.00-30.01  sec  38.1 GBytes  10.9 Gbits/sec    2             sender
[ 12]   0.00-30.01  sec  38.1 GBytes  10.9 Gbits/sec                  receiver
[ 14]   0.00-30.01  sec  38.3 GBytes  11.0 Gbits/sec    1             sender
[ 14]   0.00-30.01  sec  38.3 GBytes  11.0 Gbits/sec                  receiver
[ 16]   0.00-30.01  sec  40.6 GBytes  11.6 Gbits/sec   14             sender
[ 16]   0.00-30.01  sec  40.6 GBytes  11.6 Gbits/sec                  receiver
[ 18]   0.00-30.01  sec  36.2 GBytes  10.4 Gbits/sec    2             sender
[ 18]   0.00-30.01  sec  36.2 GBytes  10.4 Gbits/sec                  receiver
[ 20]   0.00-30.01  sec  36.9 GBytes  10.6 Gbits/sec    1             sender
[ 20]   0.00-30.01  sec  36.9 GBytes  10.6 Gbits/sec                  receiver
[SUM]   0.00-30.01  sec   306 GBytes  87.4 Gbits/sec   27             sender
[SUM]   0.00-30.01  sec   306 GBytes  87.4 Gbits/sec                  receiver

iperf Done.
