Connecting to host 127.0.0.1, port 5201
[  6] local 127.0.0.1 port 48758 connected to 127.0.0.1 port 5201
[  8] local 127.0.0.1 port 48774 connected to 127.0.0.1 port 5201
[ 10] local 127.0.0.1 port 48788 connected to 127.0.0.1 port 5201
[ 12] local 127.0.0.1 port 48792 connected to 127.0.0.1 port 5201
[ 14] local 127.0.0.1 port 48806 connected to 127.0.0.1 port 5201
[ 16] local 127.0.0.1 port 48820 connected to 127.0.0.1 port 5201
[ 18] local 127.0.0.1 port 48830 connected to 127.0.0.1 port 5201
[ 20] local 127.0.0.1 port 48838 connected to 127.0.0.1 port 5201
[ ID] Interval           Transfer     Bitrate         Retr  Cwnd
[  6]   0.00-1.00   sec  1.43 GBytes  12.3 Gbits/sec    0   2.94 MBytes       
[  8]   0.00-1.00   sec  1.50 GBytes  12.9 Gbits/sec    0   2.44 MBytes       
[ 10]   0.00-1.00   sec  1.42 GBytes  12.2 Gbits/sec    0   3.06 MBytes       
[ 12]   0.00-1.00   sec  1.45 GBytes  12.5 Gbits/sec    0   2.87 MBytes       
[ 14]   0.00-1.01   sec  1.62 GBytes  13.9 Gbits/sec    0   2.56 MBytes       
[ 16]   0.00-1.01   sec  1.20 GBytes  10.3 Gbits/sec    0   3.43 MBytes       
[ 18]   0.00-1.01   sec  1.32 GBytes  11.2 Gbits/sec    0   2.37 MBytes       
[ 20]   0.00-1.01   sec  1.33 GBytes  11.2 Gbits/sec    0   2.56 MBytes       
[SUM]   0.00-1.00   sec  11.3 GBytes  96.8 Gbits/sec    0             
- - - - - - - - - - - - - - - - - - - - - - - - -
[  6]   1.00-2.00   sec  1.55 GBytes  13.3 Gbits/sec    0   3.93 MBytes       
[  8]   1.00-2.00   sec  1.42 GBytes  12.2 Gbits/sec    0   3.87 MBytes       
[ 10]   1.00-2.00   sec  1.17 GBytes  10.0 Gbits/sec    0   3.93 MBytes       
[ 12]   1.00-2.01   sec  1.72 GBytes  14.7 Gbits/sec    0   3.37 MBytes       
[ 14]   1.01-2.01   sec  1.40 GBytes  12.0 Gbits/sec    0   3.37 MBytes       
[ 16]   1.01-2.01   sec  1.37 GBytes  11.7 Gbits/sec    0   3.62 MBytes       
[ 18]   1.01-2.02   sec  1.44 GBytes  12.3 Gbits/sec    0   3.75 MBytes       
[ 20]   1.01-2.02   sec  1.50 GBytes  12.8 Gbits/sec    1   3.31 MBytes       
[SUM]   1.00-2.00   sec  11.6 GBytes  99.5 Gbits/sec    1             
- - - - - - - - - - - - - - - - - - - - - - - - -
[  6]   2.00-3.00   sec  1.58 GBytes  13.6 Gbits/sec    0   4.12 MBytes       
[  8]   2.00-3.01   sec  1.59 GBytes  13.6 Gbits/sec    0   4.25 MBytes       
[ 10]   2.00-3.01   sec  1.28 GBytes  10.9 Gbits/sec    0   4.12 MBytes       
[ 12]   2.01-3.02   sec  1.42 GBytes  12.1 Gbits/sec    2   4.31 MBytes       
[ 14]   2.01-3.02   sec  1.60 GBytes  13.5 Gbits/sec    0   4.12 MBytes       
[ 16]   2.01-3.03   sec  1.61 GBytes  13.5 Gbits/sec    0   4.18 MBytes       
[ 18]   2.02-3.03   sec  1.58 GBytes  13.4 Gbits/sec    0   4.12 MBytes       
[ 20]   2.02-3.03   sec  1.47 GBytes  12.6 Gbits/sec    0   4.18 MBytes       
[SUM]   2.00-3.00   sec  12.1 GBytes   104 Gbits/sec    2             
- - - - - - - - - - - - - - - - - - - - - - - - -
[  6]   3.00-4.00   sec  1.04 GBytes  8.96 Gbits/sec    0   4.12 MBytes       
[  8]   3.01-4.00   sec  1.30 GBytes  11.3 Gbits/sec    0   4.25 MBytes       
[ 10]   3.01-4.00   sec  1.39 GBytes  12.0 Gbits/sec    1   4.12 MBytes       
[ 12]   3.02-4.00   sec  1.25 GBytes  10.9 Gbits/sec    0   4.31 MBytes       
[ 14]   3.02-4.01   sec  1.18 GBytes  10.3 Gbits/sec    0   4.12 MBytes       
[ 16]   3.03-4.01   sec  1.25 GBytes  10.9 Gbits/sec    1   4.18 MBytes       
[ 18]   3.03-4.01   sec  1.26 GBytes  11.0 Gbits/sec    0   4.12 MBytes       
[ 20]   3.03-4.01   sec  1.25 GBytes  10.9 Gbits/sec    0   4.18 MBytes       
[SUM]   3.00-4.00   sec  9.92 GBytes  85.2 Gbits/sec    2             
- - - - - - - - - - - - - - - - - - - - - - - - -
[  6]   4.00-5.00   sec  1.49 GBytes  12.8 Gbits/sec    0   4.12 MBytes       
[  8]   4.00-5.02   sec  1.53 GBytes  12.9 Gbits/sec    0   4.25 MBytes       
[ 10]   4.00-5.02   sec  1.55 GBytes  13.0 Gbits/sec    0   4.12 MBytes       
[ 12]   4.00-5.03   sec  1.55 GBytes  12.9 Gbits/sec    0   4.31 MBytes       
[ 14]   4.01-5.03   sec  1.88 GBytes  15.8 Gbits/sec    0   4.12 MBytes       
[ 16]   4.01-5.03   sec  1.35 GBytes  11.3 Gbits/sec    0   4.18 MBytes       
[ 18]   4.01-5.03   sec  1.48 GBytes  12.5 Gbits/sec    0   4.12 MBytes       
[ 20]   4.01-5.03   sec  1.52 GBytes  12.9 Gbits/sec    1   4.18 MBytes       
[SUM]   4.00-5.00   sec  12.3 GBytes   106 Gbits/sec    1             
- - - - - - - - - - - - - - - - - - - - - - - - -
[  6]   5.00-6.00   sec  1.15 GBytes  9.89 Gbits/sec    0   4.12 MBytes       
[  8]   5.02-6.00   sec  1.40 GBytes  12.2 Gbits/sec    0   4.25 MBytes       
[ 10]   5.02-6.02   sec  1.41 GBytes  12.2 Gbits/sec    0   4.12 MBytes       
[ 12]   5.03-6.02   sec  1.47 GBytes  12.8 Gbits/sec    0   4.31 MBytes       
[ 14]   5.03-6.02   sec  1.40 GBytes  12.1 Gbits/sec    0   4.12 MBytes       
[ 16]   5.03-6.02   sec  1.58 GBytes  13.7 Gbits/sec    0   4.18 MBytes       
[ 18]   5.03-6.02   sec  1.30 GBytes  11.3 Gbits/sec    0   4.12 MBytes       
[ 20]   5.03-6.02   sec  1.64 GBytes  14.2 Gbits/sec    0   4.18 MBytes       
[SUM]   5.00-6.00   sec  11.4 GBytes  97.5 Gbits/sec    0             
- - - - - - - - - - - - - - - - - - - - - - - - -
[  6]   6.00-7.00   sec  1.11 GBytes  9.54 Gbits/sec    0   4.12 MBytes       
[  8]   6.00-7.00   sec  1.32 GBytes  11.4 Gbits/sec    0   4.25 MBytes       
[ 10]   6.02-7.00   sec  1.49 GBytes  13.0 Gbits/sec    0   4.12 MBytes       
[ 12]   6.02-7.01   sec  1.57 GBytes  13.6 Gbits/sec    0   4.31 MBytes       
[ 14]   6.02-7.01   sec  1.55 GBytes  13.4 Gbits/sec    0   4.12 MBytes       
[ 16]   6.02-7.01   sec  1.42 GBytes  12.3 Gbits/sec    0   4.18 MBytes       
[ 18]   6.02-7.02   sec  1.29 GBytes  11.2 Gbits/sec    0   4.12 MBytes       
[ 20]   6.02-7.02   sec  1.46 GBytes  12.6 Gbits/sec    0   4.18 MBytes       
[SUM]   6.00-7.00   sec  11.2 GBytes  96.3 Gbits/sec    0             
- - - - - - - - - - - - - - - - - - - - - - - - -
[  6]   7.00-8.00   sec  1.19 GBytes  10.2 Gbits/sec    0   4.12 MBytes       
[  8]   7.00-8.00   sec  1.30 GBytes  11.2 Gbits/sec    0   4.25 MBytes       
[ 10]   7.00-8.00   sec  1.42 GBytes  12.2 Gbits/sec    0   4.12 MBytes       
[ 12]   7.01-8.00   sec  1.57 GBytes  13.6 Gbits/sec    0   4.31 MBytes       
[ 14]   7.01-8.00   sec  1.52 GBytes  13.2 Gbits/sec    0   4.12 MBytes       
[ 16]   7.01-8.00   sec  1.45 GBytes  12.6 Gbits/sec    0   4.18 MBytes       
[ 18]   7.02-8.00   sec  1.16 GBytes  10.1 Gbits/sec    0   4.12 MBytes       
[ 20]   7.02-8.00   sec  1.69 GBytes  14.7 Gbits/sec    0   4.18 MBytes       
[SUM]   7.00-8.00   sec  11.3 GBytes  97.2 Gbits/sec    0             
- - - - - - - - - - - - - - - - - - - - - - - - -
[  6]   8.00-9.00   sec  1.32 GBytes  11.4 Gbits/sec    0   4.12 MBytes       
[  8]   8.00-9.00   sec  1.23 GBytes  10.5 Gbits/sec    0   4.25 MBytes       
[ 10]   8.00-9.00   sec  1.70 GBytes  14.6 Gbits/sec    0   4.12 MBytes       
[ 12]   8.00-9.00   sec  1.47 GBytes  12.6 Gbits/sec    0   4.31 MBytes       
[ 14]   8.00-9.00   sec  1.39 GBytes  11.9 Gbits/sec    0   4.12 MBytes       
[ 16]   8.00-9.00   sec  1.41 GBytes  12.1 Gbits/sec    0   4.18 MBytes       
[ 18]   8.00-9.00   sec  1.04 GBytes  8.93 Gbits/sec    0   4.12 MBytes       
[ 20]   8.00-9.00   sec  1.43 GBytes  12.3 Gbits/sec    2   4.18 MBytes       
[SUM]   8.00-9.00   sec  11.0 GBytes  94.4 Gbits/sec    2             
- - - - - - - - - - - - - - - - - - - - - - - - -
[  6]   9.00-10.00  sec  1.24 GBytes  10.6 Gbits/sec    0   4.12 MBytes       
[  8]   9.00-10.00  sec  1.51 GBytes  13.0 Gbits/sec    0   4.25 MBytes       
[ 10]   9.00-10.00  sec  1.26 GBytes  10.8 Gbits/sec    1   4.12 MBytes       
[ 12]   9.00-10.00  sec  1.54 GBytes  13.3 Gbits/sec    0   4.31 MBytes       
[ 14]   9.00-10.00  sec  1.44 GBytes  12.4 Gbits/sec    1   4.12 MBytes       
[ 16]   9.00-10.03  sec  1.29 GBytes  10.8 Gbits/sec    0   4.18 MBytes       
[ 18]   9.00-10.03  sec  1.43 GBytes  12.0 Gbits/sec    0   4.12 MBytes       
[ 20]   9.00-10.04  sec  1.53 GBytes  12.7 Gbits/sec    0   4.18 MBytes       
[SUM]   9.00-10.00  sec  11.2 GBytes  96.5 Gbits/sec    2             
- - - - - - - - - - - - - - - - - - - - - - - - -
[  6]  10.00-11.00  sec  1.38 GBytes  11.9 Gbits/sec    0   4.12 MBytes       
[  8]  10.00-11.00  sec  1.33 GBytes  11.4 Gbits/sec    0   4.25 MBytes       
[ 10]  10.00-11.01  sec  1.14 GBytes  9.66 Gbits/sec    0   4.12 MBytes       
[ 12]  10.00-11.01  sec  1.47 GBytes  12.5 Gbits/sec    0   4.31 MBytes       
[ 14]  10.00-11.02  sec  1.35 GBytes  11.4 Gbits/sec    0   4.12 MBytes       
[ 16]  10.03-11.02  sec  1.25 GBytes  10.9 Gbits/sec    1   4.18 MBytes       
[ 18]  10.03-11.02  sec  1.33 GBytes  11.6 Gbits/sec    0   4.12 MBytes       
[ 20]  10.04-11.02  sec  1.73 GBytes  15.1 Gbits/sec    0   4.18 MBytes       
[SUM]  10.00-11.00  sec  11.0 GBytes  94.4 Gbits/sec    1             
- - - - - - - - - - - - - - - - - - - - - - - - -
[  6]  11.00-12.00  sec  1.40 GBytes  12.1 Gbits/sec    0   4.12 MBytes       
[  8]  11.00-12.00  sec  1.15 GBytes  9.84 Gbits/sec    0   4.25 MBytes       
[ 10]  11.01-12.00  sec  1.24 GBytes  10.8 Gbits/sec    0   4.12 MBytes       
[ 12]  11.01-12.00  sec  1.27 GBytes  11.1 Gbits/sec    0   4.31 MBytes       
[ 14]  11.02-12.05  sec  1.63 GBytes  13.6 Gbits/sec    0   4.12 MBytes       
[ 16]  11.02-12.05  sec  1.58 GBytes  13.2 Gbits/sec    0   4.18 MBytes       
[ 18]  11.02-12.05  sec  1.30 GBytes  10.8 Gbits/sec    0   4.12 MBytes       
[ 20]  11.02-12.05  sec  1.49 GBytes  12.4 Gbits/sec    0   4.18 MBytes       
[SUM]  11.00-12.00  sec  11.1 GBytes  95.0 Gbits/sec    0             
- - - - - - - - - - - - - - - - - - - - - - - - -
[  6]  12.00-13.00  sec  1.43 GBytes  12.3 Gbits/sec    0   4.12 MBytes       
[  8]  12.00-13.01  sec  1.33 GBytes  11.3 Gbits/sec    0   4.25 MBytes       
[ 10]  12.00-13.01  sec  1.63 GBytes  13.9 Gbits/sec    0   4.12 MBytes       
[ 12]  12.00-13.01  sec  1.08 GBytes  9.12 Gbits/sec    0   4.31 MBytes       
[ 14]  12.05-13.01  sec  1.31 GBytes  11.6 Gbits/sec    0   4.12 MBytes       
[ 16]  12.05-13.01  sec  1.32 GBytes  11.7 Gbits/sec    0   4.18 MBytes       
[ 18]  12.05-13.02  sec  1.59 GBytes  14.1 Gbits/sec    0   4.12 MBytes       
[ 20]  12.05-13.02  sec  1.58 GBytes  14.0 Gbits/sec    0   4.18 MBytes       
[SUM]  12.00-13.00  sec  11.3 GBytes  96.8 Gbits/sec    0             
- - - - - - - - - - - - - - - - - - - - - - - - -
[  6]  13.00-14.00  sec  1.25 GBytes  10.7 Gbits/sec    0   4.12 MBytes       
[  8]  13.01-14.00  sec  1.60 GBytes  13.9 Gbits/sec    0   4.25 MBytes       
[ 10]  13.01-14.00  sec  1.59 GBytes  13.7 Gbits/sec    0   4.12 MBytes       
[ 12]  13.01-14.01  sec  1.48 GBytes  12.8 Gbits/sec    0   4.31 MBytes       
[ 14]  13.01-14.02  sec  1.63 GBytes  13.9 Gbits/sec    0   4.12 MBytes       
[ 16]  13.01-14.02  sec  1.40 GBytes  11.9 Gbits/sec    0   4.18 MBytes       
[ 18]  13.02-14.02  sec  1.73 GBytes  14.8 Gbits/sec    0   4.12 MBytes       
[ 20]  13.02-14.02  sec  1.72 GBytes  14.7 Gbits/sec    0   4.18 MBytes       
[SUM]  13.00-14.00  sec  12.4 GBytes   106 Gbits/sec    0             
- - - - - - - - - - - - - - - - - - - - - - - - -
[  6]  14.00-15.00  sec  1.46 GBytes  12.6 Gbits/sec    0   4.12 MBytes       
[  8]  14.00-15.01  sec  1.17 GBytes  9.96 Gbits/sec    0   4.25 MBytes       
[ 10]  14.00-15.01  sec  1.40 GBytes  12.0 Gbits/sec    0   4.12 MBytes       
[ 12]  14.01-15.01  sec  1.30 GBytes  11.1 Gbits/sec    0   4.31 MBytes       
[ 14]  14.02-15.01  sec  1.70 GBytes  14.8 Gbits/sec    0   4.12 MBytes       
[ 16]  14.02-15.01  sec  1.74 GBytes  15.1 Gbits/sec    0   4.18 MBytes       
[ 18]  14.02-15.01  sec  1.52 GBytes  13.2 Gbits/sec    0   4.12 MBytes       
[ 20]  14.02-15.01  sec  1.43 GBytes  12.4 Gbits/sec    0   4.18 MBytes       
[SUM]  14.00-15.00  sec  11.7 GBytes   101 Gbits/sec    0             
- - - - - - - - - - - - - - - - - - - - - - - - -
[  6]  15.00-16.00  sec  1.62 GBytes  13.9 Gbits/sec    0   4.12 MBytes       
[  8]  15.01-16.00  sec  1.14 GBytes  9.86 Gbits/sec    0   4.25 MBytes       
[ 10]  15.01-16.00  sec  1.48 GBytes  12.8 Gbits/sec    0   4.12 MBytes       
[ 12]  15.01-16.00  sec  1.08 GBytes  9.38 Gbits/sec    0   4.31 MBytes       
[ 14]  15.01-16.00  sec  1.51 GBytes  13.0 Gbits/sec    0   4.12 MBytes       
[ 16]  15.01-16.01  sec  1.41 GBytes  12.1 Gbits/sec    0   4.18 MBytes       
[ 18]  15.01-16.01  sec  1.61 GBytes  13.8 Gbits/sec    0   4.12 MBytes       
[ 20]  15.01-16.01  sec  1.97 GBytes  16.9 Gbits/sec    0   4.18 MBytes       
[SUM]  15.00-16.00  sec  11.8 GBytes   101 Gbits/sec    0             
- - - - - - - - - - - - - - - - - - - - - - - - -
[  6]  16.00-17.00  sec  1.42 GBytes  12.2 Gbits/sec    0   4.12 MBytes       
[  8]  16.00-17.00  sec  1.27 GBytes  10.9 Gbits/sec    0   4.25 MBytes       
[ 10]  16.00-17.00  sec  1.49 GBytes  12.8 Gbits/sec    0   4.12 MBytes       
[ 12]  16.00-17.00  sec  1.31 GBytes  11.3 Gbits/sec    0   4.31 MBytes       
[ 14]  16.00-17.00  sec  1.66 GBytes  14.3 Gbits/sec    0   4.12 MBytes       
[ 16]  16.01-17.00  sec  1.39 GBytes  11.9 Gbits/sec    0   4.18 MBytes       
[ 18]  16.01-17.00  sec  1.30 GBytes  11.2 Gbits/sec    0   4.12 MBytes       
[ 20]  16.01-17.00  sec  1.54 GBytes  13.3 Gbits/sec    0   4.18 MBytes       
[SUM]  16.00-17.00  sec  11.4 GBytes  97.8 Gbits/sec    0             
- - - - - - - - - - - - - - - - - - - - - - - - -
[  6]  17.00-18.00  sec  1.45 GBytes  12.4 Gbits/sec    0   4.12 MBytes       
[  8]  17.00-18.00  sec  1.17 GBytes  10.1 Gbits/sec    0   4.25 MBytes       
[ 10]  17.00-18.00  sec  1.39 GBytes  11.9 Gbits/sec    0   4.12 MBytes       
[ 12]  17.00-18.00  sec  1.27 GBytes  10.9 Gbits/sec    0   4.31 MBytes       
[ 14]  17.00-18.00  sec  1.51 GBytes  13.0 Gbits/sec    0   4.12 MBytes       
[ 16]  17.00-18.00  sec  1.27 GBytes  11.0 Gbits/sec    0   4.18 MBytes       
[ 18]  17.00-18.00  sec  1.34 GBytes  11.5 Gbits/sec    0   4.12 MBytes       
[ 20]  17.00-18.00  sec  1.38 GBytes  11.9 Gbits/sec    1   4.18 MBytes       
[SUM]  17.00-18.00  sec  10.8 GBytes  92.6 Gbits/sec    1             
- - - - - - - - - - - - - - - - - - - - - - - - -
[  6]  18.00-19.00  sec  1.09 GBytes  9.35 Gbits/sec    0   4.12 MBytes       
[  8]  18.00-19.00  sec  1.45 GBytes  12.4 Gbits/sec    1   4.25 MBytes       
[ 10]  18.00-19.01  sec  1.60 GBytes  13.7 Gbits/sec    0   4.12 MBytes       
[ 12]  18.00-19.01  sec  1.44 GBytes  12.3 Gbits/sec    0   4.31 MBytes       
[ 14]  18.00-19.02  sec  1.31 GBytes  11.1 Gbits/sec    0   4.12 MBytes       
[ 16]  18.00-19.02  sec  1.14 GBytes  9.59 Gbits/sec    0   4.18 MBytes       
[ 18]  18.00-19.02  sec  1.28 GBytes  10.8 Gbits/sec    0   4.12 MBytes       
[ 20]  18.00-19.02  sec  1.64 GBytes  13.8 Gbits/sec    0   4.18 MBytes       
[SUM]  18.00-19.00  sec  11.0 GBytes  94.1 Gbits/sec    1             
- - - - - - - - - - - - - - - - - - - - - - - - -
[  6]  19.00-20.00  sec  1.50 GBytes  12.9 Gbits/sec    0   4.12 MBytes       
[  8]  19.00-20.02  sec  1.52 GBytes  12.9 Gbits/sec    0   4.25 MBytes       
[ 10]  19.01-20.02  sec  1.60 GBytes  13.6 Gbits/sec    0   4.12 MBytes       
[ 12]  19.01-20.04  sec  1.76 GBytes  14.8 Gbits/sec    0   4.31 MBytes       
[ 14]  19.02-20.04  sec  1.59 GBytes  13.4 Gbits/sec    0   4.12 MBytes       
[ 16]  19.02-20.04  sec  1.54 GBytes  13.0 Gbits/sec    0   4.18 MBytes       
[ 18]  19.02-20.04  sec  1.31 GBytes  11.1 Gbits/sec    0   4.12 MBytes       
[ 20]  19.02-20.04  sec  1.97 GBytes  16.6 Gbits/sec    0   4.18 MBytes       
[SUM]  19.00-20.00  sec  12.8 GBytes   110 Gbits/sec    0             
- - - - - - - - - - - - - - - - - - - - - - - - -
[  6]  20.00-21.00  sec  1.13 GBytes  9.67 Gbits/sec    0   4.12 MBytes       
[  8]  20.02-21.00  sec  1.45 GBytes  12.6 Gbits/sec    0   4.25 MBytes       
[ 10]  20.02-21.00  sec  1.13 GBytes  9.88 Gbits/sec    0   4.12 MBytes       
[ 12]  20.04-21.00  sec  1.59 GBytes  14.1 Gbits/sec    0   4.31 MBytes       
[ 14]  20.04-21.00  sec  1.30 GBytes  11.6 Gbits/sec    0   4.12 MBytes       
[ 16]  20.04-21.01  sec  1.61 GBytes  14.2 Gbits/sec    0   4.18 MBytes       
[ 18]  20.04-21.01  sec  1.57 GBytes  13.9 Gbits/sec    0   4.12 MBytes       
[ 20]  20.04-21.02  sec  1.49 GBytes  13.2 Gbits/sec    0   4.18 MBytes       
[SUM]  20.00-21.00  sec  11.3 GBytes  96.9 Gbits/sec    0             
- - - - - - - - - - - - - - - - - - - - - - - - -
[  6]  21.00-22.00  sec  1.28 GBytes  11.0 Gbits/sec    0   4.12 MBytes       
[  8]  21.00-22.00  sec  1.48 GBytes  12.7 Gbits/sec    0   4.25 MBytes       
[ 10]  21.00-22.00  sec  1.55 GBytes  13.3 Gbits/sec    0   4.12 MBytes       
[ 12]  21.00-22.00  sec  1.13 GBytes  9.66 Gbits/sec    0   4.31 MBytes       
[ 14]  21.00-22.00  sec  1.49 GBytes  12.8 Gbits/sec    0   4.12 MBytes       
[ 16]  21.01-22.01  sec  1.30 GBytes  11.3 Gbits/sec    0   4.18 MBytes       
[ 18]  21.01-22.01  sec  1.10 GBytes  9.50 Gbits/sec    0   4.12 MBytes       
[ 20]  21.02-22.01  sec  1.18 GBytes  10.2 Gbits/sec    1   4.18 MBytes       
[SUM]  21.00-22.00  sec  10.5 GBytes  90.4 Gbits/sec    1             
- - - - - - - - - - - - - - - - - - - - - - - - -
[  6]  22.00-23.00  sec  1.23 GBytes  10.6 Gbits/sec    0   4.12 MBytes       
[  8]  22.00-23.02  sec  1.35 GBytes  11.4 Gbits/sec    0   4.25 MBytes       
[ 10]  22.00-23.02  sec  1.50 GBytes  12.7 Gbits/sec    0   4.12 MBytes       
[ 12]  22.00-23.03  sec  1.36 GBytes  11.4 Gbits/sec    0   4.31 MBytes       
[ 14]  22.00-23.03  sec  1.48 GBytes  12.4 Gbits/sec    0   4.12 MBytes       
[ 16]  22.01-23.03  sec  1.30 GBytes  10.9 Gbits/sec    0   4.18 MBytes       
[ 18]  22.01-23.03  sec  1.22 GBytes  10.3 Gbits/sec    0   4.12 MBytes       
[ 20]  22.01-23.03  sec  1.33 GBytes  11.1 Gbits/sec    0   4.18 MBytes       
[SUM]  22.00-23.00  sec  10.8 GBytes  92.4 Gbits/sec    0             
- - - - - - - - - - - - - - - - - - - - - - - - -
[  6]  23.00-24.00  sec  1010 MBytes  8.48 Gbits/sec    0   4.12 MBytes       
[  8]  23.02-24.00  sec  1.16 GBytes  10.2 Gbits/sec    0   4.25 MBytes       
[ 10]  23.02-24.00  sec  1.19 GBytes  10.4 Gbits/sec    0   4.12 MBytes       
[ 12]  23.03-24.00  sec  1.64 GBytes  14.4 Gbits/sec    0   4.31 MBytes       
[ 14]  23.03-24.00  sec  1.31 GBytes  11.5 Gbits/sec    0   4.12 MBytes       
[ 16]  23.03-24.00  sec  1.24 GBytes  10.9 Gbits/sec    0   4.18 MBytes       
[ 18]  23.03-24.02  sec  1.54 GBytes  13.4 Gbits/sec    0   4.12 MBytes       
[ 20]  23.03-24.02  sec  1.32 GBytes  11.5 Gbits/sec    0   4.18 MBytes       
[SUM]  23.00-24.00  sec  10.4 GBytes  89.3 Gbits/sec    0             
- - - - - - - - - - - - - - - - - - - - - - - - -
[  6]  24.00-25.00  sec  1.33 GBytes  11.4 Gbits/sec    0   4.12 MBytes       
[  8]  24.00-25.00  sec  1.43 GBytes  12.3 Gbits/sec    0   4.25 MBytes       
[ 10]  24.00-25.00  sec  1.53 GBytes  13.1 Gbits/sec    0   4.12 MBytes       
[ 12]  24.00-25.00  sec  1.10 GBytes  9.44 Gbits/sec    0   4.31 MBytes       
[ 14]  24.00-25.00  sec  1.59 GBytes  13.7 Gbits/sec    0   4.12 MBytes       
[ 16]  24.00-25.00  sec  1.41 GBytes  12.1 Gbits/sec    1   4.18 MBytes       
[ 18]  24.02-25.01  sec  1.29 GBytes  11.2 Gbits/sec    0   4.12 MBytes       
[ 20]  24.02-25.01  sec  1.69 GBytes  14.7 Gbits/sec    0   4.18 MBytes       
[SUM]  24.00-25.00  sec  11.4 GBytes  97.6 Gbits/sec    1             
- - - - - - - - - - - - - - - - - - - - - - - - -
[  6]  25.00-26.00  sec  1.49 GBytes  12.8 Gbits/sec    0   4.12 MBytes       
[  8]  25.00-26.00  sec  1.33 GBytes  11.4 Gbits/sec    0   4.25 MBytes       
[ 10]  25.00-26.00  sec  1.37 GBytes  11.8 Gbits/sec    0   4.12 MBytes       
[ 12]  25.00-26.00  sec  1.26 GBytes  10.9 Gbits/sec    0   4.31 MBytes       
[ 14]  25.00-26.00  sec  1.72 GBytes  14.8 Gbits/sec    0   4.12 MBytes       
[ 16]  25.00-26.00  sec  1.40 GBytes  12.0 Gbits/sec    0   4.18 MBytes       
[ 18]  25.01-26.00  sec  1.33 GBytes  11.5 Gbits/sec    0   4.12 MBytes       
[ 20]  25.01-26.00  sec  1.30 GBytes  11.2 Gbits/sec    0   4.18 MBytes       
[SUM]  25.00-26.00  sec  11.2 GBytes  96.3 Gbits/sec    0             
- - - - - - - - - - - - - - - - - - - - - - - - -
[  6]  26.00-27.00  sec  1.58 GBytes  13.6 Gbits/sec    0   4.12 MBytes       
[  8]  26.00-27.01  sec  1.41 GBytes  12.0 Gbits/sec    0   4.25 MBytes       
[ 10]  26.00-27.01  sec  1.43 GBytes  12.1 Gbits/sec    0   4.12 MBytes       
[ 12]  26.00-27.02  sec  1.17 GBytes  9.80 Gbits/sec    0   4.31 MBytes       
[ 14]  26.00-27.03  sec  1.48 GBytes  12.4 Gbits/sec    0   4.12 MBytes       
[ 16]  26.00-27.03  sec  1.40 GBytes  11.7 Gbits/sec    0   4.18 MBytes       
[ 18]  26.00-27.05  sec  1.24 GBytes  10.2 Gbits/sec    0   4.12 MBytes       
[ 20]  26.00-27.05  sec  1.50 GBytes  12.3 Gbits/sec    0   4.18 MBytes       
[SUM]  26.00-27.00  sec  11.2 GBytes  96.2 Gbits/sec    0             
- - - - - - - - - - - - - - - - - - - - - - - - -
[  6]  27.00-28.00  sec  1.15 GBytes  9.89 Gbits/sec    0   4.12 MBytes       
[  8]  27.01-28.00  sec  1.38 GBytes  11.9 Gbits/sec    0   4.25 MBytes       
[ 10]  27.01-28.01  sec  1.48 GBytes  12.8 Gbits/sec    0   4.12 MBytes       
[ 12]  27.02-28.02  sec  1.31 GBytes  11.3 Gbits/sec    0   4.31 MBytes       
[ 14]  27.03-28.02  sec  1.35 GBytes  11.7 Gbits/sec    0   4.12 MBytes       
[ 16]  27.03-28.02  sec  1.36 GBytes  11.7 Gbits/sec    0   4.18 MBytes       
[ 18]  27.05-28.03  sec  1.35 GBytes  11.8 Gbits/sec    0   4.12 MBytes       
[ 20]  27.05-28.03  sec  1.37 GBytes  12.0 Gbits/sec    0   4.18 MBytes       
[SUM]  27.00-28.00  sec  10.8 GBytes  92.4 Gbits/sec    0             
- - - - - - - - - - - - - - - - - - - - - - - - -
[  6]  28.00-29.00  sec  1.50 GBytes  12.9 Gbits/sec    0   4.12 MBytes       
[  8]  28.00-29.00  sec  1.33 GBytes  11.4 Gbits/sec    0   4.25 MBytes       
[ 10]  28.01-29.01  sec  1.44 GBytes  12.4 Gbits/sec    0   4.12 MBytes       
[ 12]  28.02-29.01  sec  1.46 GBytes  12.7 Gbits/sec    0   4.31 MBytes       
[ 14]  28.02-29.01  sec  1.38 GBytes  11.9 Gbits/sec    0   4.12 MBytes       
[ 16]  28.02-29.01  sec  1.37 GBytes  12.0 Gbits/sec    0   4.18 MBytes       
[ 18]  28.03-29.01  sec  1.56 GBytes  13.7 Gbits/sec    0   4.12 MBytes       
[ 20]  28.03-29.01  sec  1.42 GBytes  12.5 Gbits/sec    0   4.18 MBytes       
[SUM]  28.00-29.00  sec  11.5 GBytes  98.5 Gbits/sec    0             
- - - - - - - - - - - - - - - - - - - - - - - - -
[  6]  29.00-30.00  sec  1.15 GBytes  9.86 Gbits/sec    0   4.12 MBytes       
[  8]  29.00-30.00  sec  1.47 GBytes  12.7 Gbits/sec    0   4.25 MBytes       
[ 10]  29.01-30.00  sec  1.30 GBytes  11.2 Gbits/sec    0   4.12 MBytes       
[ 12]  29.01-30.00  sec  1.30 GBytes  11.2 Gbits/sec    1   4.31 MBytes       
[ 14]  29.01-30.00  sec  1.27 GBytes  11.0 Gbits/sec    0   4.12 MBytes       
[ 16]  29.01-30.00  sec  1.41 GBytes  12.2 Gbits/sec    0   4.18 MBytes       
[ 18]  29.01-30.00  sec  1.28 GBytes  11.1 Gbits/sec    0   4.12 MBytes       
[ 20]  29.01-30.00  sec  1.20 GBytes  10.3 Gbits/sec    1   4.18 MBytes       
[SUM]  29.00-30.00  sec  10.4 GBytes  89.1 Gbits/sec    2             
- - - - - - - - - - - - - - - - - - - - - - - - -
[ ID] Interval           Transfer     Bitrate         Retr
[  6]   0.00-30.00  sec  40.1 GBytes  11.5 Gbits/sec    0             sender
[  6]   0.00-30.00  sec  40.1 GBytes  11.5 Gbits/sec                  receiver
[  8]   0.00-30.00  sec  41.1 GBytes  11.8 Gbits/sec    1             sender
[  8]   0.00-30.00  sec  41.1 GBytes  11.8 Gbits/sec                  receiver
[ 10]   0.00-30.00  sec  42.7 GBytes  12.2 Gbits/sec    2             sender
[ 10]   0.00-30.00  sec  42.7 GBytes  12.2 Gbits/sec                  receiver
[ 12]   0.00-30.00  sec  41.9 GBytes  12.0 Gbits/sec    3             sender
[ 12]   0.00-30.00  sec  41.9 GBytes  12.0 Gbits/sec                  receiver
[ 14]   0.00-30.00  sec  44.7 GBytes  12.8 Gbits/sec    1             sender
[ 14]   0.00-30.00  sec  44.7 GBytes  12.8 Gbits/sec                  receiver
[ 16]   0.00-30.00  sec  41.9 GBytes  12.0 Gbits/sec    3             sender
[ 16]   0.00-30.00  sec  41.9 GBytes  12.0 Gbits/sec                  receiver
[ 18]   0.00-30.00  sec  41.1 GBytes  11.8 Gbits/sec    0             sender
[ 18]   0.00-30.00  sec  41.1 GBytes  11.8 Gbits/sec                  receiver
[ 20]   0.00-30.00  sec  45.2 GBytes  12.9 Gbits/sec    7             sender
[ 20]   0.00-30.00  sec  45.2 GBytes  12.9 Gbits/sec                  receiver
[SUM]   0.00-30.00  sec   339 GBytes  97.0 Gbits/sec   17             sender
[SUM]   0.00-30.00  sec   339 GBytes  97.0 Gbits/sec                  receiver

iperf Done.
