Connecting to host 127.0.0.1, port 5201
[  6] local 127.0.0.1 port 39370 connected to 127.0.0.1 port 5201
[  8] local 127.0.0.1 port 39384 connected to 127.0.0.1 port 5201
[ 10] local 127.0.0.1 port 39394 connected to 127.0.0.1 port 5201
[ 12] local 127.0.0.1 port 39408 connected to 127.0.0.1 port 5201
[ 14] local 127.0.0.1 port 39422 connected to 127.0.0.1 port 5201
[ 16] local 127.0.0.1 port 39436 connected to 127.0.0.1 port 5201
[ 18] local 127.0.0.1 port 39438 connected to 127.0.0.1 port 5201
[ 20] local 127.0.0.1 port 39440 connected to 127.0.0.1 port 5201
[ ID] Interval           Transfer     Bitrate         Retr  Cwnd
[  6]   0.00-1.00   sec  1.44 GBytes  12.3 Gbits/sec    0   3.12 MBytes       
[  8]   0.00-1.00   sec  1.37 GBytes  11.7 Gbits/sec    5   2.00 MBytes       
[ 10]   0.00-1.00   sec  1.32 GBytes  11.3 Gbits/sec    0   2.31 MBytes       
[ 12]   0.00-1.00   sec  1.17 GBytes  9.99 Gbits/sec    0   4.25 MBytes       
[ 14]   0.00-1.00   sec  1.32 GBytes  11.3 Gbits/sec    0   2.19 MBytes       
[ 16]   0.00-1.01   sec  1.43 GBytes  12.2 Gbits/sec    0   2.87 MBytes       
[ 18]   0.00-1.01   sec  1.44 GBytes  12.2 Gbits/sec    0   3.68 MBytes       
[ 20]   0.00-1.01   sec  1.38 GBytes  11.8 Gbits/sec    0   4.12 MBytes       
[SUM]   0.00-1.00   sec  10.9 GBytes  93.2 Gbits/sec    5             
- - - - - - - - - - - - - - - - - - - - - - - - -
[  6]   1.00-2.00   sec  1.35 GBytes  11.6 Gbits/sec    0   4.00 MBytes       
[  8]   1.00-2.00   sec  1.51 GBytes  13.0 Gbits/sec    0   2.50 MBytes       
[ 10]   1.00-2.00   sec  1.22 GBytes  10.5 Gbits/sec    0   3.75 MBytes       
[ 12]   1.00-2.00   sec  1.36 GBytes  11.7 Gbits/sec    0   4.25 MBytes       
[ 14]   1.00-2.00   sec  1.31 GBytes  11.3 Gbits/sec    1   3.43 MBytes       
[ 16]   1.01-2.00   sec  1.26 GBytes  10.9 Gbits/sec    0   4.06 MBytes       
[ 18]   1.01-2.00   sec  1.33 GBytes  11.5 Gbits/sec    0   4.25 MBytes       
[ 20]   1.01-2.00   sec  1.44 GBytes  12.5 Gbits/sec    0   4.12 MBytes       
[SUM]   1.00-2.00   sec  10.8 GBytes  92.8 Gbits/sec    1             
- - - - - - - - - - - - - - - - - - - - - - - - -
[  6]   2.00-3.00   sec  1.18 GBytes  10.1 Gbits/sec    2   4.18 MBytes       
[  8]   2.00-3.00   sec  1.40 GBytes  12.1 Gbits/sec    0   2.62 MBytes       
[ 10]   2.00-3.01   sec  1.19 GBytes  10.2 Gbits/sec    1   4.12 MBytes       
[ 12]   2.00-3.01   sec  1.30 GBytes  11.1 Gbits/sec    1   4.25 MBytes       
[ 14]   2.00-3.01   sec  1.14 GBytes  9.74 Gbits/sec    0   3.81 MBytes       
[ 16]   2.00-3.01   sec  1.37 GBytes  11.7 Gbits/sec    0   4.06 MBytes       
[ 18]   2.00-3.01   sec  1.45 GBytes  12.4 Gbits/sec    0   4.25 MBytes       
[ 20]   2.00-3.01   sec  1.28 GBytes  10.9 Gbits/sec    0   4.12 MBytes       
[SUM]   2.00-3.00   sec  10.3 GBytes  88.5 Gbits/sec    4             
- - - - - - - - - - - - - - - - - - - - - - - - -
[  6]   3.00-4.00   sec  1.38 GBytes  11.8 Gbits/sec    0   4.18 MBytes       
[  8]   3.00-4.00   sec  1.23 GBytes  10.5 Gbits/sec    0   2.81 MBytes       
[ 10]   3.01-4.00   sec  1.36 GBytes  11.7 Gbits/sec    0   4.12 MBytes       
[ 12]   3.01-4.03   sec  1.41 GBytes  11.9 Gbits/sec    0   4.25 MBytes       
[ 14]   3.01-4.03   sec  1.11 GBytes  9.34 Gbits/sec    0   4.18 MBytes       
[ 16]   3.01-4.03   sec  1.48 GBytes  12.4 Gbits/sec    0   4.25 MBytes       
[ 18]   3.01-4.04   sec  1.41 GBytes  11.8 Gbits/sec    0   4.25 MBytes       
[ 20]   3.01-4.04   sec  1.22 GBytes  10.2 Gbits/sec    0   4.12 MBytes       
[SUM]   3.00-4.00   sec  10.6 GBytes  91.1 Gbits/sec    0             
- - - - - - - - - - - - - - - - - - - - - - - - -
[  6]   4.00-5.00   sec  1.38 GBytes  11.8 Gbits/sec    0   4.18 MBytes       
[  8]   4.00-5.00   sec  1.27 GBytes  10.9 Gbits/sec    9   2.12 MBytes       
[ 10]   4.00-5.00   sec  1.21 GBytes  10.4 Gbits/sec    0   4.12 MBytes       
[ 12]   4.03-5.00   sec  1.16 GBytes  10.2 Gbits/sec    0   4.25 MBytes       
[ 14]   4.03-5.01   sec  1.08 GBytes  9.47 Gbits/sec    0   4.18 MBytes       
[ 16]   4.03-5.01   sec  1.39 GBytes  12.3 Gbits/sec    0   4.25 MBytes       
[ 18]   4.04-5.01   sec  1.02 GBytes  9.01 Gbits/sec    0   4.25 MBytes       
[ 20]   4.04-5.01   sec  1.08 GBytes  9.53 Gbits/sec    0   4.12 MBytes       
[SUM]   4.00-5.00   sec  9.58 GBytes  82.3 Gbits/sec    9             
- - - - - - - - - - - - - - - - - - - - - - - - -
[  6]   5.00-6.00   sec  1.18 GBytes  10.2 Gbits/sec    1   4.18 MBytes       
[  8]   5.00-6.00   sec  1.64 GBytes  14.0 Gbits/sec    0   2.69 MBytes       
[ 10]   5.00-6.00   sec  1.20 GBytes  10.3 Gbits/sec    0   4.12 MBytes       
[ 12]   5.00-6.00   sec  1.26 GBytes  10.9 Gbits/sec    0   4.25 MBytes       
[ 14]   5.01-6.00   sec  1.17 GBytes  10.1 Gbits/sec    0   4.18 MBytes       
[ 16]   5.01-6.00   sec  1.41 GBytes  12.2 Gbits/sec    0   4.25 MBytes       
[ 18]   5.01-6.00   sec   954 MBytes  8.04 Gbits/sec    0   4.25 MBytes       
[ 20]   5.01-6.00   sec  1.27 GBytes  11.0 Gbits/sec    0   4.12 MBytes       
[SUM]   5.00-6.00   sec  10.1 GBytes  86.4 Gbits/sec    1             
- - - - - - - - - - - - - - - - - - - - - - - - -
[  6]   6.00-7.00   sec  1.40 GBytes  12.0 Gbits/sec    0   4.18 MBytes       
[  8]   6.00-7.00   sec  1.11 GBytes  9.54 Gbits/sec    0   2.69 MBytes       
[ 10]   6.00-7.00   sec  1.11 GBytes  9.55 Gbits/sec    1   4.12 MBytes       
[ 12]   6.00-7.00   sec  1.26 GBytes  10.8 Gbits/sec    0   4.25 MBytes       
[ 14]   6.00-7.01   sec  1.36 GBytes  11.6 Gbits/sec    0   4.18 MBytes       
[ 16]   6.00-7.01   sec  1.68 GBytes  14.4 Gbits/sec    0   4.25 MBytes       
[ 18]   6.00-7.01   sec  1.28 GBytes  10.9 Gbits/sec    0   4.25 MBytes       
[ 20]   6.00-7.02   sec  1.08 GBytes  9.14 Gbits/sec    0   4.12 MBytes       
[SUM]   6.00-7.00   sec  10.3 GBytes  88.3 Gbits/sec    1             
- - - - - - - - - - - - - - - - - - - - - - - - -
[  6]   7.00-8.00   sec  1.37 GBytes  11.8 Gbits/sec    0   4.18 MBytes       
[  8]   7.00-8.00   sec  1.28 GBytes  11.0 Gbits/sec    0   2.94 MBytes       
[ 10]   7.00-8.00   sec  1.36 GBytes  11.7 Gbits/sec    0   4.12 MBytes       
[ 12]   7.00-8.00   sec  1.23 GBytes  10.6 Gbits/sec    0   4.25 MBytes       
[ 14]   7.01-8.00   sec   937 MBytes  7.88 Gbits/sec    0   4.18 MBytes       
[ 16]   7.01-8.00   sec  1.39 GBytes  12.0 Gbits/sec    0   4.25 MBytes       
[ 18]   7.01-8.00   sec  1.41 GBytes  12.2 Gbits/sec    0   4.25 MBytes       
[ 20]   7.02-8.01   sec  1.16 GBytes  10.1 Gbits/sec    0   4.12 MBytes       
[SUM]   7.00-8.00   sec  10.1 GBytes  86.9 Gbits/sec    0             
- - - - - - - - - - - - - - - - - - - - - - - - -
[  6]   8.00-9.00   sec  1.12 GBytes  9.59 Gbits/sec    0   4.18 MBytes       
[  8]   8.00-9.00   sec  1.29 GBytes  11.1 Gbits/sec    0   3.18 MBytes       
[ 10]   8.00-9.00   sec  1.37 GBytes  11.7 Gbits/sec    0   4.12 MBytes       
[ 12]   8.00-9.00   sec  1.28 GBytes  11.0 Gbits/sec    0   4.25 MBytes       
[ 14]   8.00-9.01   sec  1.36 GBytes  11.6 Gbits/sec    0   4.18 MBytes       
[ 16]   8.00-9.01   sec  1.31 GBytes  11.1 Gbits/sec    0   4.25 MBytes       
[ 18]   8.00-9.02   sec  1.42 GBytes  12.0 Gbits/sec    0   4.25 MBytes       
[ 20]   8.01-9.02   sec  1.09 GBytes  9.24 Gbits/sec    0   4.12 MBytes       
[SUM]   8.00-9.00   sec  10.2 GBytes  87.9 Gbits/sec    0             
- - - - - - - - - - - - - - - - - - - - - - - - -
[  6]   9.00-10.00  sec  1.32 GBytes  11.3 Gbits/sec    0   4.18 MBytes       
[  8]   9.00-10.00  sec  1.27 GBytes  10.9 Gbits/sec    0   3.18 MBytes       
[ 10]   9.00-10.00  sec  1.48 GBytes  12.7 Gbits/sec    0   4.12 MBytes       
[ 12]   9.00-10.00  sec  1.07 GBytes  9.20 Gbits/sec    0   4.25 MBytes       
[ 14]   9.01-10.00  sec  1.22 GBytes  10.6 Gbits/sec    0   4.18 MBytes       
[ 16]   9.01-10.00  sec  1.14 GBytes  9.89 Gbits/sec    0   4.25 MBytes       
[ 18]   9.02-10.00  sec  1.06 GBytes  9.26 Gbits/sec    0   4.25 MBytes       
[ 20]   9.02-10.00  sec  1.26 GBytes  11.0 Gbits/sec    0   4.12 MBytes       
[SUM]   9.00-10.00  sec  9.82 GBytes  84.4 Gbits/sec    0             
- - - - - - - - - - - - - - - - - - - - - - - - -
[  6]  10.00-11.00  sec  1.31 GBytes  11.2 Gbits/sec    0   4.18 MBytes       
[  8]  10.00-11.00  sec  1.10 GBytes  9.45 Gbits/sec    0   3.18 MBytes       
[ 10]  10.00-11.00  sec  1.30 GBytes  11.2 Gbits/sec    0   4.12 MBytes       
[ 12]  10.00-11.00  sec  1.39 GBytes  11.9 Gbits/sec    0   4.25 MBytes       
[ 14]  10.00-11.00  sec  1.31 GBytes  11.2 Gbits/sec    0   4.18 MBytes       
[ 16]  10.00-11.01  sec  1.32 GBytes  11.3 Gbits/sec    0   4.25 MBytes       
[ 18]  10.00-11.01  sec  1.10 GBytes  9.37 Gbits/sec    0   4.25 MBytes       
[ 20]  10.00-11.01  sec  1.29 GBytes  11.1 Gbits/sec    0   4.12 MBytes       
[SUM]  10.00-11.00  sec  10.1 GBytes  86.9 Gbits/sec    0             
- - - - - - - - - - - - - - - - - - - - - - - - -
[  6]  11.00-12.00  sec  1.57 GBytes  13.5 Gbits/sec    0   4.18 MBytes       
[  8]  11.00-12.01  sec  1.21 GBytes  10.4 Gbits/sec    0   3.31 MBytes       
[ 10]  11.00-12.01  sec  1.36 GBytes  11.6 Gbits/sec    0   4.12 MBytes       
[ 12]  11.00-12.01  sec  1.20 GBytes  10.3 Gbits/sec    0   4.25 MBytes       
[ 14]  11.00-12.01  sec  1.35 GBytes  11.5 Gbits/sec    0   4.18 MBytes       
[ 16]  11.01-12.01  sec  1.33 GBytes  11.4 Gbits/sec    0   4.25 MBytes       
[ 18]  11.01-12.01  sec  1.28 GBytes  11.0 Gbits/sec    0   4.25 MBytes       
[ 20]  11.01-12.01  sec  1.36 GBytes  11.7 Gbits/sec    0   4.12 MBytes       
[SUM]  11.00-12.00  sec  10.7 GBytes  91.5 Gbits/sec    0             
- - - - - - - - - - - - - - - - - - - - - - - - -
[  6]  12.00-13.00  sec  1.46 GBytes  12.6 Gbits/sec    0   4.18 MBytes       
[  8]  12.01-13.00  sec  1.40 GBytes  12.1 Gbits/sec    0   3.31 MBytes       
[ 10]  12.01-13.00  sec  1.19 GBytes  10.3 Gbits/sec    0   4.12 MBytes       
[ 12]  12.01-13.00  sec  1.09 GBytes  9.42 Gbits/sec    0   4.25 MBytes       
[ 14]  12.01-13.00  sec  1.15 GBytes  9.95 Gbits/sec    0   4.18 MBytes       
[ 16]  12.01-13.02  sec  1.14 GBytes  9.67 Gbits/sec    0   4.25 MBytes       
[ 18]  12.01-13.02  sec  1.22 GBytes  10.4 Gbits/sec    0   4.25 MBytes       
[ 20]  12.01-13.03  sec  1.43 GBytes  12.1 Gbits/sec    0   4.12 MBytes       
[SUM]  12.00-13.00  sec  10.1 GBytes  86.7 Gbits/sec    0             
- - - - - - - - - - - - - - - - - - - - - - - - -
[  6]  13.00-14.00  sec  1.28 GBytes  11.0 Gbits/sec    0   4.18 MBytes       
[  8]  13.00-14.00  sec  1.24 GBytes  10.6 Gbits/sec    0   3.43 MBytes       
[ 10]  13.00-14.01  sec  1.11 GBytes  9.40 Gbits/sec    0   4.12 MBytes       
[ 12]  13.00-14.01  sec  1.52 GBytes  12.9 Gbits/sec    0   4.25 MBytes       
[ 14]  13.00-14.01  sec  1.10 GBytes  9.38 Gbits/sec    0   4.18 MBytes       
[ 16]  13.02-14.01  sec  1.26 GBytes  11.0 Gbits/sec    0   4.25 MBytes       
[ 18]  13.02-14.02  sec  1.14 GBytes  9.90 Gbits/sec    0   4.25 MBytes       
[ 20]  13.03-14.02  sec  1.40 GBytes  12.1 Gbits/sec    0   4.12 MBytes       
[SUM]  13.00-14.00  sec  10.1 GBytes  86.4 Gbits/sec    0             
- - - - - - - - - - - - - - - - - - - - - - - - -
[  6]  14.00-15.00  sec  1.40 GBytes  12.0 Gbits/sec    0   4.18 MBytes       
[  8]  14.00-15.00  sec  1.35 GBytes  11.5 Gbits/sec    0   3.43 MBytes       
[ 10]  14.01-15.00  sec  1.43 GBytes  12.4 Gbits/sec    0   4.12 MBytes       
[ 12]  14.01-15.01  sec  1.04 GBytes  9.00 Gbits/sec    0   4.25 MBytes       
[ 14]  14.01-15.01  sec  1.21 GBytes  10.5 Gbits/sec    0   4.18 MBytes       
[ 16]  14.01-15.01  sec  1.16 GBytes  9.98 Gbits/sec    0   4.25 MBytes       
[ 18]  14.02-15.01  sec  1.29 GBytes  11.1 Gbits/sec    0   4.25 MBytes       
[ 20]  14.02-15.02  sec  1.80 GBytes  15.4 Gbits/sec    0   4.12 MBytes       
[SUM]  14.00-15.00  sec  10.7 GBytes  91.6 Gbits/sec    0             
- - - - - - - - - - - - - - - - - - - - - - - - -
[  6]  15.00-16.00  sec  1.52 GBytes  13.1 Gbits/sec    0   4.18 MBytes       
[  8]  15.00-16.00  sec  1.29 GBytes  11.1 Gbits/sec    0   3.56 MBytes       
[ 10]  15.00-16.00  sec  1.06 GBytes  9.06 Gbits/sec    1   4.12 MBytes       
[ 12]  15.01-16.00  sec   904 MBytes  7.60 Gbits/sec    0   4.25 MBytes       
[ 14]  15.01-16.00  sec  1.34 GBytes  11.6 Gbits/sec    0   4.18 MBytes       
[ 16]  15.01-16.00  sec  1.20 GBytes  10.4 Gbits/sec    0   4.25 MBytes       
[ 18]  15.01-16.00  sec  1.04 GBytes  9.02 Gbits/sec    0   4.25 MBytes       
[ 20]  15.02-16.01  sec  1.11 GBytes  9.68 Gbits/sec    0   4.12 MBytes       
[SUM]  15.00-16.00  sec  9.44 GBytes  81.2 Gbits/sec    1             
- - - - - - - - - - - - - - - - - - - - - - - - -
[  6]  16.00-17.00  sec  1.27 GBytes  10.9 Gbits/sec    0   4.18 MBytes       
[  8]  16.00-17.00  sec  1.29 GBytes  11.1 Gbits/sec    0   3.68 MBytes       
[ 10]  16.00-17.01  sec  1.38 GBytes  11.8 Gbits/sec    0   4.12 MBytes       
[ 12]  16.00-17.01  sec  1.29 GBytes  11.0 Gbits/sec    0   4.25 MBytes       
[ 14]  16.00-17.01  sec  1.23 GBytes  10.4 Gbits/sec    0   4.18 MBytes       
[ 16]  16.00-17.02  sec  1.19 GBytes  10.1 Gbits/sec    0   4.25 MBytes       
[ 18]  16.00-17.02  sec  1.28 GBytes  10.8 Gbits/sec    0   4.25 MBytes       
[ 20]  16.01-17.02  sec  1.22 GBytes  10.3 Gbits/sec    0   4.12 MBytes       
[SUM]  16.00-17.00  sec  10.2 GBytes  87.2 Gbits/sec    0             
- - - - - - - - - - - - - - - - - - - - - - - - -
[  6]  17.00-18.00  sec  1.04 GBytes  8.97 Gbits/sec    0   4.18 MBytes       
[  8]  17.00-18.01  sec  1.30 GBytes  11.1 Gbits/sec    0   3.68 MBytes       
[ 10]  17.01-18.01  sec  1.41 GBytes  12.0 Gbits/sec    0   4.12 MBytes       
[ 12]  17.01-18.02  sec  1.02 GBytes  8.70 Gbits/sec    0   4.25 MBytes       
[ 14]  17.01-18.02  sec  1.09 GBytes  9.34 Gbits/sec    1   4.18 MBytes       
[ 16]  17.02-18.03  sec  1.05 GBytes  8.93 Gbits/sec    0   4.25 MBytes       
[ 18]  17.02-18.03  sec  1.37 GBytes  11.6 Gbits/sec    0   4.25 MBytes       
[ 20]  17.02-18.04  sec  1.53 GBytes  13.0 Gbits/sec    0   4.12 MBytes       
[SUM]  17.00-18.00  sec  9.81 GBytes  84.3 Gbits/sec    1             
- - - - - - - - - - - - - - - - - - - - - - - - -
[  6]  18.00-19.00  sec  1.43 GBytes  12.3 Gbits/sec    0   4.18 MBytes       
[  8]  18.01-19.00  sec  1.30 GBytes  11.2 Gbits/sec    0   3.81 MBytes       
[ 10]  18.01-19.00  sec  1.10 GBytes  9.54 Gbits/sec    0   4.12 MBytes       
[ 12]  18.02-19.00  sec  1.15 GBytes  10.0 Gbits/sec    0   4.25 MBytes       
[ 14]  18.02-19.00  sec  1.30 GBytes  11.4 Gbits/sec    0   4.18 MBytes       
[ 16]  18.03-19.00  sec  1.08 GBytes  9.53 Gbits/sec    0   4.25 MBytes       
[ 18]  18.03-19.00  sec  1.13 GBytes  9.96 Gbits/sec    0   4.25 MBytes       
[ 20]  18.04-19.02  sec  1.27 GBytes  11.2 Gbits/sec    0   4.12 MBytes       
[SUM]  18.00-19.00  sec  9.77 GBytes  83.9 Gbits/sec    0             
- - - - - - - - - - - - - - - - - - - - - - - - -
[  6]  19.00-20.00  sec  1.50 GBytes  12.9 Gbits/sec    0   4.18 MBytes       
[  8]  19.00-20.00  sec  1.47 GBytes  12.7 Gbits/sec    0   3.81 MBytes       
[ 10]  19.00-20.00  sec  1.09 GBytes  9.42 Gbits/sec    0   4.12 MBytes       
[ 12]  19.00-20.00  sec  1.21 GBytes  10.3 Gbits/sec    0   4.25 MBytes       
[ 14]  19.00-20.00  sec  1.43 GBytes  12.2 Gbits/sec    1   4.18 MBytes       
[ 16]  19.00-20.02  sec  1.09 GBytes  9.22 Gbits/sec    0   4.25 MBytes       
[ 18]  19.00-20.02  sec  1.29 GBytes  10.9 Gbits/sec    0   4.25 MBytes       
[ 20]  19.02-20.02  sec  1.12 GBytes  9.64 Gbits/sec    0   4.12 MBytes       
[SUM]  19.00-20.00  sec  10.2 GBytes  87.6 Gbits/sec    1             
- - - - - - - - - - - - - - - - - - - - - - - - -
[  6]  20.00-21.00  sec  1.18 GBytes  10.1 Gbits/sec    0   4.18 MBytes       
[  8]  20.00-21.01  sec  1.45 GBytes  12.4 Gbits/sec    0   3.81 MBytes       
[ 10]  20.00-21.01  sec  1.26 GBytes  10.7 Gbits/sec    0   4.12 MBytes       
[ 12]  20.00-21.01  sec  1.07 GBytes  9.15 Gbits/sec    0   4.25 MBytes       
[ 14]  20.00-21.01  sec  1.23 GBytes  10.5 Gbits/sec    0   4.18 MBytes       
[ 16]  20.02-21.01  sec  1.17 GBytes  10.1 Gbits/sec    0   4.25 MBytes       
[ 18]  20.02-21.01  sec  1.37 GBytes  11.8 Gbits/sec    0   4.25 MBytes       
[ 20]  20.02-21.02  sec  1.32 GBytes  11.4 Gbits/sec    0   4.12 MBytes       
[SUM]  20.00-21.00  sec  10.1 GBytes  86.4 Gbits/sec    0             
- - - - - - - - - - - - - - - - - - - - - - - - -
[  6]  21.00-22.00  sec  1.40 GBytes  12.0 Gbits/sec    0   4.18 MBytes       
[  8]  21.01-22.00  sec  1.12 GBytes  9.65 Gbits/sec    0   3.81 MBytes       
[ 10]  21.01-22.00  sec  1.39 GBytes  12.0 Gbits/sec    0   4.12 MBytes       
[ 12]  21.01-22.01  sec  1.11 GBytes  9.57 Gbits/sec    0   4.25 MBytes       
[ 14]  21.01-22.01  sec  1.34 GBytes  11.6 Gbits/sec    0   4.18 MBytes       
[ 16]  21.01-22.01  sec  1.23 GBytes  10.6 Gbits/sec    0   4.25 MBytes       
[ 18]  21.01-22.01  sec  1.22 GBytes  10.5 Gbits/sec    0   4.25 MBytes       
[ 20]  21.02-22.01  sec  1.15 GBytes  9.95 Gbits/sec    0   4.12 MBytes       
[SUM]  21.00-22.00  sec  9.95 GBytes  85.5 Gbits/sec    0             
- - - - - - - - - - - - - - - - - - - - - - - - -
[  6]  22.00-23.00  sec  1.40 GBytes  12.1 Gbits/sec    0   4.18 MBytes       
[  8]  22.00-23.00  sec  1.27 GBytes  10.9 Gbits/sec    0   3.81 MBytes       
[ 10]  22.00-23.01  sec  1.46 GBytes  12.4 Gbits/sec    0   4.12 MBytes       
[ 12]  22.01-23.01  sec  1.34 GBytes  11.5 Gbits/sec    0   4.25 MBytes       
[ 14]  22.01-23.01  sec  1.07 GBytes  9.20 Gbits/sec    0   4.18 MBytes       
[ 16]  22.01-23.01  sec  1.11 GBytes  9.49 Gbits/sec    0   4.25 MBytes       
[ 18]  22.01-23.01  sec  1.17 GBytes  10.0 Gbits/sec    0   4.25 MBytes       
[ 20]  22.01-23.01  sec  1.10 GBytes  9.40 Gbits/sec    0   4.12 MBytes       
[SUM]  22.00-23.00  sec  9.92 GBytes  85.2 Gbits/sec    0             
- - - - - - - - - - - - - - - - - - - - - - - - -
[  6]  23.00-24.00  sec  1.19 GBytes  10.2 Gbits/sec    0   4.18 MBytes       
[  8]  23.00-24.00  sec  1.22 GBytes  10.5 Gbits/sec    0   3.81 MBytes       
[ 10]  23.01-24.00  sec  1.28 GBytes  11.1 Gbits/sec    0   4.12 MBytes       
[ 12]  23.01-24.00  sec  1.39 GBytes  12.0 Gbits/sec    0   4.25 MBytes       
[ 14]  23.01-24.01  sec  1.24 GBytes  10.7 Gbits/sec    0   4.18 MBytes       
[ 16]  23.01-24.01  sec  1.21 GBytes  10.5 Gbits/sec    0   4.25 MBytes       
[ 18]  23.01-24.01  sec  1.24 GBytes  10.7 Gbits/sec    1   4.25 MBytes       
[ 20]  23.01-24.01  sec  1.21 GBytes  10.5 Gbits/sec    0   4.12 MBytes       
[SUM]  23.00-24.00  sec  10.0 GBytes  85.9 Gbits/sec    1             
- - - - - - - - - - - - - - - - - - - - - - - - -
[  6]  24.00-25.00  sec  1.08 GBytes  9.31 Gbits/sec    0   4.18 MBytes       
[  8]  24.00-25.00  sec  1.35 GBytes  11.6 Gbits/sec    0   3.81 MBytes       
[ 10]  24.00-25.00  sec  1.34 GBytes  11.5 Gbits/sec    0   4.12 MBytes       
[ 12]  24.00-25.00  sec  1.21 GBytes  10.3 Gbits/sec    0   4.25 MBytes       
[ 14]  24.01-25.00  sec  1.07 GBytes  9.20 Gbits/sec    0   4.18 MBytes       
[ 16]  24.01-25.00  sec  1.18 GBytes  10.2 Gbits/sec    0   4.25 MBytes       
[ 18]  24.01-25.01  sec  1.19 GBytes  10.2 Gbits/sec    0   4.25 MBytes       
[ 20]  24.01-25.01  sec  1.36 GBytes  11.7 Gbits/sec    0   4.12 MBytes       
[SUM]  24.00-25.00  sec  9.77 GBytes  83.9 Gbits/sec    0             
- - - - - - - - - - - - - - - - - - - - - - - - -
[  6]  25.00-26.00  sec  1.50 GBytes  12.9 Gbits/sec    0   4.18 MBytes       
[  8]  25.00-26.01  sec  1.13 GBytes  9.64 Gbits/sec    1   3.81 MBytes       
[ 10]  25.00-26.01  sec  1.32 GBytes  11.3 Gbits/sec    0   4.12 MBytes       
[ 12]  25.00-26.01  sec  1.18 GBytes  10.1 Gbits/sec    0   4.25 MBytes       
[ 14]  25.00-26.01  sec  1006 MBytes  8.41 Gbits/sec    0   4.18 MBytes       
[ 16]  25.00-26.01  sec  1.59 GBytes  13.6 Gbits/sec    0   4.25 MBytes       
[ 18]  25.01-26.01  sec  1.38 GBytes  11.8 Gbits/sec    0   4.25 MBytes       
[ 20]  25.01-26.01  sec  1.30 GBytes  11.1 Gbits/sec    0   4.12 MBytes       
[SUM]  25.00-26.00  sec  10.4 GBytes  89.1 Gbits/sec    1             
- - - - - - - - - - - - - - - - - - - - - - - - -
[  6]  26.00-27.00  sec  1.44 GBytes  12.4 Gbits/sec    0   4.18 MBytes       
[  8]  26.01-27.00  sec  1.43 GBytes  12.3 Gbits/sec    0   3.93 MBytes       
[ 10]  26.01-27.00  sec  1.30 GBytes  11.2 Gbits/sec    0   4.12 MBytes       
[ 12]  26.01-27.00  sec  1.36 GBytes  11.7 Gbits/sec    0   4.25 MBytes       
[ 14]  26.01-27.00  sec  1.17 GBytes  10.0 Gbits/sec    0   4.18 MBytes       
[ 16]  26.01-27.01  sec  1.20 GBytes  10.3 Gbits/sec    0   4.25 MBytes       
[ 18]  26.01-27.01  sec  1.07 GBytes  9.23 Gbits/sec    0   4.25 MBytes       
[ 20]  26.01-27.01  sec  1.20 GBytes  10.3 Gbits/sec    0   4.12 MBytes       
[SUM]  26.00-27.00  sec  10.2 GBytes  87.4 Gbits/sec    0             
- - - - - - - - - - - - - - - - - - - - - - - - -
[  6]  27.00-28.00  sec  1.09 GBytes  9.40 Gbits/sec    1   4.18 MBytes       
[  8]  27.00-28.00  sec  1.34 GBytes  11.5 Gbits/sec    0   3.93 MBytes       
[ 10]  27.00-28.00  sec  1.20 GBytes  10.3 Gbits/sec    0   4.12 MBytes       
[ 12]  27.00-28.01  sec  1.17 GBytes  10.0 Gbits/sec    0   4.25 MBytes       
[ 14]  27.00-28.01  sec  1.29 GBytes  11.1 Gbits/sec    0   4.18 MBytes       
[ 16]  27.01-28.01  sec  1.47 GBytes  12.6 Gbits/sec    0   4.25 MBytes       
[ 18]  27.01-28.01  sec  1.32 GBytes  11.3 Gbits/sec    0   4.25 MBytes       
[ 20]  27.01-28.01  sec  1.10 GBytes  9.47 Gbits/sec    0   4.12 MBytes       
[SUM]  27.00-28.00  sec  9.98 GBytes  85.8 Gbits/sec    1             
- - - - - - - - - - - - - - - - - - - - - - - - -
[  6]  28.00-29.00  sec  1.35 GBytes  11.6 Gbits/sec    0   4.18 MBytes       
[  8]  28.00-29.01  sec  1.30 GBytes  11.1 Gbits/sec    0   3.93 MBytes       
[ 10]  28.00-29.01  sec  1.08 GBytes  9.26 Gbits/sec    0   4.12 MBytes       
[ 12]  28.01-29.01  sec  1.26 GBytes  10.8 Gbits/sec    0   4.25 MBytes       
[ 14]  28.01-29.01  sec  1.38 GBytes  11.9 Gbits/sec    0   4.18 MBytes       
[ 16]  28.01-29.01  sec  1.19 GBytes  10.2 Gbits/sec    0   4.25 MBytes       
[ 18]  28.01-29.02  sec  1.15 GBytes  9.80 Gbits/sec    0   4.25 MBytes       
[ 20]  28.01-29.02  sec  1.37 GBytes  11.7 Gbits/sec    0   4.12 MBytes       
[SUM]  28.00-29.00  sec  10.1 GBytes  86.7 Gbits/sec    0             
- - - - - - - - - - - - - - - - - - - - - - - - -
[  6]  29.00-30.01  sec  1.37 GBytes  11.6 Gbits/sec    0   4.18 MBytes       
[  8]  29.01-30.01  sec  1.25 GBytes  10.7 Gbits/sec    0   3.93 MBytes       
[ 10]  29.01-30.01  sec  1.12 GBytes  9.58 Gbits/sec    0   4.12 MBytes       
[ 12]  29.01-30.01  sec  1.15 GBytes  9.83 Gbits/sec    0   4.25 MBytes       
[ 14]  29.01-30.01  sec  1.21 GBytes  10.3 Gbits/sec    0   4.18 MBytes       
[ 16]  29.01-30.01  sec  1.91 GBytes  16.4 Gbits/sec    0   4.25 MBytes       
[ 18]  29.02-30.01  sec  1.38 GBytes  12.0 Gbits/sec    0   4.25 MBytes       
[ 20]  29.02-30.01  sec  1.22 GBytes  10.6 Gbits/sec    0   4.12 MBytes       
[SUM]  29.00-30.01  sec  10.6 GBytes  90.3 Gbits/sec    0             
- - - - - - - - - - - - - - - - - - - - - - - - -
[ ID] Interval           Transfer     Bitrate         Retr
[  6]   0.00-30.01  sec  40.0 GBytes  11.4 Gbits/sec    4             sender
[  6]   0.00-30.01  sec  40.0 GBytes  11.4 Gbits/sec                  receiver
[  8]   0.00-30.01  sec  39.2 GBytes  11.2 Gbits/sec   15             sender
[  8]   0.00-30.01  sec  39.2 GBytes  11.2 Gbits/sec                  receiver
[ 10]   0.00-30.01  sec  38.1 GBytes  10.9 Gbits/sec    3             sender
[ 10]   0.00-30.01  sec  38.1 GBytes  10.9 Gbits/sec                  receiver
[ 12]   0.00-30.01  sec  36.6 GBytes  10.5 Gbits/sec    1             sender
[ 12]   0.00-30.01  sec  36.6 GBytes  10.5 Gbits/sec                  receiver
[ 14]   0.00-30.01  sec  36.6 GBytes  10.5 Gbits/sec    3             sender
[ 14]   0.00-30.01  sec  36.6 GBytes  10.5 Gbits/sec                  receiver
[ 16]   0.00-30.01  sec  39.0 GBytes  11.2 Gbits/sec    0             sender
[ 16]   0.00-30.01  sec  39.0 GBytes  11.2 Gbits/sec                  receiver
[ 18]   0.00-30.01  sec  37.5 GBytes  10.7 Gbits/sec    1             sender
[ 18]   0.00-30.01  sec  37.5 GBytes  10.7 Gbits/sec                  receiver
[ 20]   0.00-30.01  sec  38.2 GBytes  10.9 Gbits/sec    0             sender
[ 20]   0.00-30.01  sec  38.2 GBytes  10.9 Gbits/sec                  receiver
[SUM]   0.00-30.01  sec   305 GBytes  87.4 Gbits/sec   27             sender
[SUM]   0.00-30.01  sec   305 GBytes  87.4 Gbits/sec                  receiver

iperf Done.
