Connecting to host 127.0.0.1, port 5201
[  6] local 127.0.0.1 port 33400 connected to 127.0.0.1 port 5201
[  8] local 127.0.0.1 port 33414 connected to 127.0.0.1 port 5201
[ 10] local 127.0.0.1 port 33418 connected to 127.0.0.1 port 5201
[ 12] local 127.0.0.1 port 33430 connected to 127.0.0.1 port 5201
[ ID] Interval           Transfer     Bitrate         Retr  Cwnd
[  6]   0.00-1.00   sec  5.71 GBytes  49.0 Gbits/sec    0   1.19 MBytes       
[  8]   0.00-1.00   sec  5.19 GBytes  44.5 Gbits/sec    0   1.25 MBytes       
[ 10]   0.00-1.02   sec  4.88 GBytes  41.0 Gbits/sec    0   1.94 MBytes       
[ 12]   0.00-1.04   sec  7.13 GBytes  58.8 Gbits/sec    0   1.44 MBytes       
[SUM]   0.00-1.00   sec  22.9 GBytes   197 Gbits/sec    0             
- - - - - - - - - - - - - - - - - - - - - - - - -
[  6]   1.00-2.00   sec  5.56 GBytes  47.8 Gbits/sec    0   1.69 MBytes       
[  8]   1.00-2.23   sec  4.68 GBytes  32.8 Gbits/sec    0   1.37 MBytes       
[ 10]   1.02-2.23   sec  4.04 GBytes  28.9 Gbits/sec    0   1.94 MBytes       
[ 12]   1.04-2.23   sec  7.35 GBytes  53.3 Gbits/sec    0   1.75 MBytes       
[SUM]   1.00-2.00   sec  21.6 GBytes   186 Gbits/sec    0             
- - - - - - - - - - - - - - - - - - - - - - - - -
[  6]   2.00-3.00   sec  4.78 GBytes  41.0 Gbits/sec    0   1.69 MBytes       
[  8]   2.23-3.00   sec  2.86 GBytes  31.6 Gbits/sec    0   1.87 MBytes       
[ 10]   2.23-3.01   sec  4.08 GBytes  44.9 Gbits/sec    0   1.94 MBytes       
[ 12]   2.23-3.10   sec  4.13 GBytes  40.6 Gbits/sec    1   1.94 MBytes       
[SUM]   2.00-3.00   sec  15.8 GBytes   136 Gbits/sec    1             
- - - - - - - - - - - - - - - - - - - - - - - - -
[  6]   3.00-4.00   sec  7.36 GBytes  63.3 Gbits/sec    0   1.69 MBytes       
[  8]   3.00-4.01   sec  4.42 GBytes  37.7 Gbits/sec    0   1.87 MBytes       
[ 10]   3.01-4.06   sec  6.59 GBytes  54.0 Gbits/sec    0   1.94 MBytes       
[ 12]   3.10-4.06   sec  5.86 GBytes  52.3 Gbits/sec    0   1.94 MBytes       
[SUM]   3.00-4.00   sec  24.2 GBytes   208 Gbits/sec    0             
- - - - - - - - - - - - - - - - - - - - - - - - -
[  6]   4.00-5.00   sec  6.63 GBytes  57.0 Gbits/sec    0   2.56 MBytes       
[  8]   4.01-5.01   sec  3.32 GBytes  28.6 Gbits/sec    0   2.87 MBytes       
[ 10]   4.06-5.16   sec  6.45 GBytes  50.0 Gbits/sec    0   2.94 MBytes       
[ 12]   4.06-5.16   sec  4.83 GBytes  37.7 Gbits/sec    0   2.12 MBytes       
[SUM]   4.00-5.00   sec  21.2 GBytes   182 Gbits/sec    0             
- - - - - - - - - - - - - - - - - - - - - - - - -
[  6]   5.00-6.00   sec  6.36 GBytes  54.6 Gbits/sec    0   2.56 MBytes       
[  8]   5.01-6.07   sec  3.18 GBytes  25.7 Gbits/sec    0   2.87 MBytes       
[ 10]   5.16-6.16   sec  5.22 GBytes  45.2 Gbits/sec    1   4.43 MBytes       
[ 12]   5.16-6.16   sec  4.74 GBytes  41.0 Gbits/sec    0   2.31 MBytes       
[SUM]   5.00-6.00   sec  19.5 GBytes   167 Gbits/sec    1             
- - - - - - - - - - - - - - - - - - - - - - - - -
[  6]   6.00-7.00   sec  4.90 GBytes  42.1 Gbits/sec    0   4.81 MBytes       
[  8]   6.07-7.03   sec  5.34 GBytes  47.8 Gbits/sec    0   4.31 MBytes       
[ 10]   6.16-7.10   sec  5.47 GBytes  49.6 Gbits/sec    0   4.43 MBytes       
[ 12]   6.16-7.21   sec  3.81 GBytes  31.1 Gbits/sec    0   2.31 MBytes       
[SUM]   6.00-7.00   sec  19.5 GBytes   168 Gbits/sec    0             
- - - - - - - - - - - - - - - - - - - - - - - - -
[  6]   7.00-8.00   sec  5.15 GBytes  44.2 Gbits/sec    0   4.81 MBytes       
[  8]   7.03-8.20   sec  8.10 GBytes  59.5 Gbits/sec    0   4.31 MBytes       
[ 10]   7.10-8.26   sec  6.95 GBytes  51.7 Gbits/sec    0   4.43 MBytes       
[ 12]   7.21-8.36   sec  3.39 GBytes  25.3 Gbits/sec    0   2.31 MBytes       
[SUM]   7.00-8.00   sec  23.6 GBytes   203 Gbits/sec    0             
- - - - - - - - - - - - - - - - - - - - - - - - -
[  6]   8.00-9.00   sec  5.95 GBytes  51.1 Gbits/sec    0   4.81 MBytes       
[  8]   8.20-9.05   sec  3.78 GBytes  38.4 Gbits/sec    0   4.31 MBytes       
[ 10]   8.26-9.07   sec  4.46 GBytes  47.1 Gbits/sec    0   4.43 MBytes       
[ 12]   8.36-9.10   sec  1.99 GBytes  23.0 Gbits/sec    0   2.31 MBytes       
[SUM]   8.00-9.00   sec  16.2 GBytes   139 Gbits/sec    0             
- - - - - - - - - - - - - - - - - - - - - - - - -
[  6]   9.00-10.00  sec  7.26 GBytes  62.3 Gbits/sec    0   4.81 MBytes       
[  8]   9.05-10.00  sec  5.92 GBytes  53.1 Gbits/sec    0   4.31 MBytes       
[ 10]   9.07-10.04  sec  5.77 GBytes  51.0 Gbits/sec    0   4.43 MBytes       
[ 12]   9.10-10.15  sec  4.51 GBytes  37.1 Gbits/sec    0   2.31 MBytes       
[SUM]   9.00-10.00  sec  23.5 GBytes   202 Gbits/sec    0             
- - - - - - - - - - - - - - - - - - - - - - - - -
[  6]  10.00-11.00  sec  7.45 GBytes  64.0 Gbits/sec    0   4.81 MBytes       
[  8]  10.00-11.07  sec  5.92 GBytes  47.7 Gbits/sec    0   4.31 MBytes       
[ 10]  10.04-11.15  sec  6.31 GBytes  49.1 Gbits/sec    0   4.43 MBytes       
[ 12]  10.15-11.15  sec  3.13 GBytes  26.8 Gbits/sec    0   2.31 MBytes       
[SUM]  10.00-11.00  sec  22.8 GBytes   196 Gbits/sec    0             
- - - - - - - - - - - - - - - - - - - - - - - - -
[  6]  11.00-12.00  sec  4.84 GBytes  41.6 Gbits/sec    0   4.81 MBytes       
[  8]  11.07-12.00  sec  5.46 GBytes  50.3 Gbits/sec    0   4.31 MBytes       
[ 10]  11.15-12.00  sec  3.84 GBytes  38.6 Gbits/sec    0   4.43 MBytes       
[ 12]  11.15-12.21  sec  5.90 GBytes  47.7 Gbits/sec    0   2.31 MBytes       
[SUM]  11.00-12.00  sec  20.0 GBytes   172 Gbits/sec    0             
- - - - - - - - - - - - - - - - - - - - - - - - -
[  6]  12.00-13.00  sec  5.87 GBytes  50.4 Gbits/sec    0   4.81 MBytes       
[  8]  12.00-13.03  sec  4.04 GBytes  33.8 Gbits/sec    0   4.31 MBytes       
[ 10]  12.00-13.04  sec  2.93 GBytes  24.2 Gbits/sec    0   4.43 MBytes       
[ 12]  12.21-13.05  sec  5.65 GBytes  58.2 Gbits/sec    0   2.31 MBytes       
[SUM]  12.00-13.00  sec  18.5 GBytes   159 Gbits/sec    0             
- - - - - - - - - - - - - - - - - - - - - - - - -
[  6]  13.00-14.00  sec  3.24 GBytes  27.8 Gbits/sec    0   4.81 MBytes       
[  8]  13.03-14.04  sec  6.76 GBytes  57.2 Gbits/sec    0   4.31 MBytes       
[ 10]  13.04-14.05  sec  3.85 GBytes  32.8 Gbits/sec    0   4.43 MBytes       
[ 12]  13.05-14.05  sec  5.50 GBytes  46.8 Gbits/sec    0   2.31 MBytes       
[SUM]  13.00-14.00  sec  19.3 GBytes   166 Gbits/sec    0             
- - - - - - - - - - - - - - - - - - - - - - - - -
[  6]  14.00-15.00  sec  5.41 GBytes  46.5 Gbits/sec    0   4.81 MBytes       
[  8]  14.04-15.00  sec  3.75 GBytes  33.5 Gbits/sec    0   4.31 MBytes       
[ 10]  14.05-15.00  sec  5.89 GBytes  53.3 Gbits/sec    0   4.43 MBytes       
[ 12]  14.05-15.01  sec  3.39 GBytes  30.4 Gbits/sec    0   2.31 MBytes       
[SUM]  14.00-15.00  sec  18.4 GBytes   158 Gbits/sec    0             
- - - - - - - - - - - - - - - - - - - - - - - - -
[  6]  15.00-16.00  sec  6.16 GBytes  52.9 Gbits/sec    0   4.81 MBytes       
[  8]  15.00-16.04  sec  3.62 GBytes  30.0 Gbits/sec    0   4.31 MBytes       
[ 10]  15.00-16.04  sec  6.55 GBytes  54.3 Gbits/sec    0   4.43 MBytes       
[ 12]  15.01-16.05  sec  3.11 GBytes  25.7 Gbits/sec    0   2.31 MBytes       
[SUM]  15.00-16.00  sec  19.4 GBytes   167 Gbits/sec    0             
- - - - - - - - - - - - - - - - - - - - - - - - -
[  6]  16.00-17.00  sec  4.52 GBytes  38.8 Gbits/sec    0   4.81 MBytes       
[  8]  16.04-17.00  sec  5.75 GBytes  51.2 Gbits/sec    1   4.31 MBytes       
[ 10]  16.04-17.00  sec  6.08 GBytes  54.2 Gbits/sec    0   4.43 MBytes       
[ 12]  16.05-17.00  sec  3.24 GBytes  29.3 Gbits/sec    0   2.31 MBytes       
[SUM]  16.00-17.00  sec  19.6 GBytes   168 Gbits/sec    1             
- - - - - - - - - - - - - - - - - - - - - - - - -
[  6]  17.00-18.00  sec  3.07 GBytes  26.4 Gbits/sec    0   4.81 MBytes       
[  8]  17.00-18.04  sec  5.68 GBytes  47.1 Gbits/sec    0   4.31 MBytes       
[ 10]  17.00-18.04  sec  5.23 GBytes  43.4 Gbits/sec    0   4.43 MBytes       
[ 12]  17.00-18.04  sec  3.73 GBytes  31.0 Gbits/sec    0   3.50 MBytes       
[SUM]  17.00-18.00  sec  17.7 GBytes   152 Gbits/sec    0             
- - - - - - - - - - - - - - - - - - - - - - - - -
[  6]  18.00-19.00  sec  4.60 GBytes  39.5 Gbits/sec    0   4.81 MBytes       
[  8]  18.04-19.03  sec  4.86 GBytes  42.1 Gbits/sec    0   4.31 MBytes       
[ 10]  18.04-19.04  sec  6.30 GBytes  53.6 Gbits/sec    0   4.43 MBytes       
[ 12]  18.04-19.06  sec  5.67 GBytes  47.7 Gbits/sec    6   1.94 MBytes       
[SUM]  18.00-19.00  sec  21.4 GBytes   184 Gbits/sec    6             
- - - - - - - - - - - - - - - - - - - - - - - - -
[  6]  19.00-20.00  sec  5.81 GBytes  49.9 Gbits/sec    0   4.81 MBytes       
[  8]  19.03-20.00  sec  3.07 GBytes  27.1 Gbits/sec    0   4.31 MBytes       
[ 10]  19.04-20.04  sec  6.11 GBytes  52.9 Gbits/sec    1   4.43 MBytes       
[ 12]  19.06-20.04  sec  4.45 GBytes  38.9 Gbits/sec    0   1.94 MBytes       
[SUM]  19.00-20.00  sec  19.4 GBytes   167 Gbits/sec    1             
- - - - - - - - - - - - - - - - - - - - - - - - -
[  6]  20.00-21.00  sec  6.63 GBytes  57.0 Gbits/sec    0   4.81 MBytes       
[  8]  20.00-21.00  sec  3.24 GBytes  27.8 Gbits/sec    0   4.31 MBytes       
[ 10]  20.04-21.01  sec  5.85 GBytes  51.5 Gbits/sec    2   4.43 MBytes       
[ 12]  20.04-21.06  sec  5.48 GBytes  46.1 Gbits/sec    0   2.12 MBytes       
[SUM]  20.00-21.00  sec  21.2 GBytes   182 Gbits/sec    2             
- - - - - - - - - - - - - - - - - - - - - - - - -
[  6]  21.00-22.00  sec  4.78 GBytes  41.0 Gbits/sec    0   4.81 MBytes       
[  8]  21.00-22.21  sec  4.07 GBytes  29.1 Gbits/sec    0   4.31 MBytes       
[ 10]  21.01-22.53  sec  10.0 GBytes  56.7 Gbits/sec    0   4.43 MBytes       
[ 12]  21.06-22.55  sec  6.68 GBytes  38.3 Gbits/sec    0   2.12 MBytes       
[SUM]  21.00-22.00  sec  25.5 GBytes   219 Gbits/sec    0             
- - - - - - - - - - - - - - - - - - - - - - - - -
[  6]  22.00-23.00  sec  5.49 GBytes  47.2 Gbits/sec    0   4.81 MBytes       
[  8]  22.21-23.01  sec  1.75 GBytes  18.8 Gbits/sec    0   4.31 MBytes       
[ 10]  22.53-23.32  sec  5.03 GBytes  54.8 Gbits/sec    0   4.43 MBytes       
[ 12]  22.55-23.32  sec  4.10 GBytes  45.8 Gbits/sec    0   3.25 MBytes       
[SUM]  22.00-23.00  sec  16.4 GBytes   141 Gbits/sec    0             
- - - - - - - - - - - - - - - - - - - - - - - - -
[  6]  23.00-24.00  sec  6.84 GBytes  58.7 Gbits/sec    0   4.81 MBytes       
[  8]  23.01-24.00  sec  2.47 GBytes  21.4 Gbits/sec    0   4.31 MBytes       
[ 10]  23.32-24.05  sec  2.83 GBytes  33.1 Gbits/sec    0   4.43 MBytes       
[ 12]  23.32-24.09  sec  4.89 GBytes  55.0 Gbits/sec    0   3.25 MBytes       
[SUM]  23.00-24.00  sec  17.0 GBytes   146 Gbits/sec    0             
- - - - - - - - - - - - - - - - - - - - - - - - -
[  6]  24.00-25.00  sec  6.57 GBytes  56.4 Gbits/sec    0   4.81 MBytes       
[  8]  24.00-25.17  sec  4.35 GBytes  31.9 Gbits/sec    0   4.31 MBytes       
[ 10]  24.05-25.21  sec  4.38 GBytes  32.5 Gbits/sec    0   4.43 MBytes       
[ 12]  24.09-25.26  sec  6.17 GBytes  45.2 Gbits/sec    0   4.87 MBytes       
[SUM]  24.00-25.00  sec  21.5 GBytes   184 Gbits/sec    0             
- - - - - - - - - - - - - - - - - - - - - - - - -
[  6]  25.00-26.00  sec  4.55 GBytes  39.1 Gbits/sec    0   4.81 MBytes       
[  8]  25.17-26.00  sec  3.25 GBytes  33.6 Gbits/sec    0   4.31 MBytes       
[ 10]  25.21-26.00  sec  2.51 GBytes  27.1 Gbits/sec    0   4.43 MBytes       
[ 12]  25.26-26.00  sec  3.76 GBytes  43.7 Gbits/sec    1   4.87 MBytes       
[SUM]  25.00-26.00  sec  14.1 GBytes   121 Gbits/sec    1             
- - - - - - - - - - - - - - - - - - - - - - - - -
[  6]  26.00-27.00  sec  4.94 GBytes  42.5 Gbits/sec    0   4.81 MBytes       
[  8]  26.00-27.06  sec  4.18 GBytes  33.8 Gbits/sec    0   4.31 MBytes       
[ 10]  26.00-27.19  sec  5.86 GBytes  42.4 Gbits/sec    0   4.43 MBytes       
[ 12]  26.00-27.35  sec  7.72 GBytes  49.2 Gbits/sec    0   4.87 MBytes       
[SUM]  26.00-27.00  sec  22.7 GBytes   195 Gbits/sec    0             
- - - - - - - - - - - - - - - - - - - - - - - - -
[  6]  27.00-28.00  sec  4.75 GBytes  40.8 Gbits/sec    0   4.81 MBytes       
[  8]  27.06-28.01  sec  3.21 GBytes  29.2 Gbits/sec    0   4.31 MBytes       
[ 10]  27.19-28.20  sec  4.54 GBytes  38.4 Gbits/sec    0   4.43 MBytes       
[ 12]  27.35-28.21  sec  5.06 GBytes  50.3 Gbits/sec    0   4.87 MBytes       
[SUM]  27.00-28.00  sec  17.6 GBytes   151 Gbits/sec    0             
- - - - - - - - - - - - - - - - - - - - - - - - -
[  6]  28.00-29.00  sec  4.56 GBytes  39.2 Gbits/sec    0   4.81 MBytes       
[  8]  28.01-29.10  sec  5.58 GBytes  43.9 Gbits/sec    0   4.31 MBytes       
[ 10]  28.20-29.10  sec  5.11 GBytes  49.0 Gbits/sec    0   4.43 MBytes       
[ 12]  28.21-29.12  sec  3.09 GBytes  29.1 Gbits/sec    0   4.87 MBytes       
[SUM]  28.00-29.00  sec  18.3 GBytes   158 Gbits/sec    0             
- - - - - - - - - - - - - - - - - - - - - - - - -
[  6]  29.00-30.00  sec  3.69 GBytes  31.7 Gbits/sec    0   4.81 MBytes       
[  8]  29.10-30.00  sec  4.11 GBytes  39.1 Gbits/sec    0   4.31 MBytes       
[ 10]  29.10-30.00  sec  4.05 GBytes  38.6 Gbits/sec    0   4.43 MBytes       
[ 12]  29.12-30.00  sec  3.26 GBytes  31.9 Gbits/sec    0   4.87 MBytes       
[SUM]  29.00-30.00  sec  15.1 GBytes   130 Gbits/sec    0             
- - - - - - - - - - - - - - - - - - - - - - - - -
[ ID] Interval           Transfer     Bitrate         Retr
[  6]   0.00-30.00  sec   172 GBytes  49.3 Gbits/sec    0             sender
[  6]   0.00-30.00  sec   172 GBytes  49.3 Gbits/sec                  receiver
[  8]   0.00-30.00  sec   139 GBytes  39.7 Gbits/sec    1             sender
[  8]   0.00-30.00  sec   139 GBytes  39.7 Gbits/sec                  receiver
[ 10]   0.00-30.00  sec   163 GBytes  46.7 Gbits/sec    4             sender
[ 10]   0.00-30.00  sec   163 GBytes  46.7 Gbits/sec                  receiver
[ 12]   0.00-30.00  sec   149 GBytes  42.6 Gbits/sec    8             sender
[ 12]   0.00-30.00  sec   149 GBytes  42.6 Gbits/sec                  receiver
[SUM]   0.00-30.00  sec   623 GBytes   178 Gbits/sec   13             sender
[SUM]   0.00-30.00  sec   623 GBytes   178 Gbits/sec                  receiver

iperf Done.
Connecting to host 10.0.0.1, port 5201
[  6] local 10.0.0.2 port 40752 connected to 10.0.0.1 port 5201
[  8] local 10.0.0.2 port 40758 connected to 10.0.0.1 port 5201
[ 10] local 10.0.0.2 port 40766 connected to 10.0.0.1 port 5201
[ 12] local 10.0.0.2 port 40772 connected to 10.0.0.1 port 5201
[ 14] local 10.0.0.2 port 40782 connected to 10.0.0.1 port 5201
[ 16] local 10.0.0.2 port 40784 connected to 10.0.0.1 port 5201
[ 18] local 10.0.0.2 port 40796 connected to 10.0.0.1 port 5201
[ 20] local 10.0.0.2 port 40802 connected to 10.0.0.1 port 5201
[ ID] Interval           Transfer     Bitrate         Retr  Cwnd
[  6]   0.00-1.00   sec  1.51 GBytes  12.9 Gbits/sec    0   1.02 MBytes       
[  8]   0.00-1.00   sec  1.86 GBytes  15.9 Gbits/sec    0   1.35 MBytes       
[ 10]   0.00-1.00   sec  1.51 GBytes  13.0 Gbits/sec    0   1.06 MBytes       
[ 12]   0.00-1.00   sec  1.73 GBytes  14.8 Gbits/sec    2    798 KBytes       
[ 14]   0.00-1.00   sec  1.79 GBytes  15.3 Gbits/sec    0   1.65 MBytes       
[ 16]   0.00-1.00   sec  1.60 GBytes  13.7 Gbits/sec    0   1.44 MBytes       
[ 18]   0.00-1.00   sec  1.57 GBytes  13.4 Gbits/sec    0    902 KBytes       
[ 20]   0.00-1.00   sec  1.62 GBytes  13.9 Gbits/sec    1    789 KBytes       
[SUM]   0.00-1.00   sec  13.2 GBytes   113 Gbits/sec    3             
- - - - - - - - - - - - - - - - - - - - - - - - -
[  6]   1.00-2.00   sec  1.44 GBytes  12.4 Gbits/sec    0   2.34 MBytes       
[  8]   1.00-2.00   sec  1.36 GBytes  11.7 Gbits/sec    0   2.56 MBytes       
[ 10]   1.00-2.00   sec  1.33 GBytes  11.4 Gbits/sec    1   1.06 MBytes       
[ 12]   1.00-2.00   sec  1.44 GBytes  12.3 Gbits/sec    0    834 KBytes       
[ 14]   1.00-2.00   sec  1.45 GBytes  12.4 Gbits/sec    0   2.33 MBytes       
[ 16]   1.00-2.01   sec  1.35 GBytes  11.5 Gbits/sec    0   2.63 MBytes       
[ 18]   1.00-2.01   sec  1.40 GBytes  12.0 Gbits/sec    2    902 KBytes       
[ 20]   1.00-2.01   sec  1.74 GBytes  14.9 Gbits/sec    0    847 KBytes       
[SUM]   1.00-2.00   sec  11.5 GBytes  98.7 Gbits/sec    3             
- - - - - - - - - - - - - - - - - - - - - - - - -
[  6]   2.00-3.00   sec  1.56 GBytes  13.4 Gbits/sec    0   2.46 MBytes       
[  8]   2.00-3.00   sec  1.34 GBytes  11.5 Gbits/sec    0   2.96 MBytes       
[ 10]   2.00-3.00   sec  1.57 GBytes  13.4 Gbits/sec    0   1.50 MBytes       
[ 12]   2.00-3.00   sec  1.67 GBytes  14.3 Gbits/sec    0    882 KBytes       
[ 14]   2.00-3.01   sec  1.39 GBytes  11.9 Gbits/sec    0   2.88 MBytes       
[ 16]   2.01-3.01   sec  1.44 GBytes  12.3 Gbits/sec    0   3.05 MBytes       
[ 18]   2.01-3.01   sec  1.50 GBytes  12.9 Gbits/sec    0    902 KBytes       
[ 20]   2.01-3.01   sec  1.39 GBytes  11.9 Gbits/sec    0    870 KBytes       
[SUM]   2.00-3.00   sec  11.8 GBytes   102 Gbits/sec    0             
- - - - - - - - - - - - - - - - - - - - - - - - -
[  6]   3.00-4.00   sec  1.28 GBytes  11.0 Gbits/sec    0   2.72 MBytes       
[  8]   3.00-4.00   sec  1.39 GBytes  11.9 Gbits/sec    0   2.96 MBytes       
[ 10]   3.00-4.00   sec  1.51 GBytes  13.0 Gbits/sec    0   2.21 MBytes       
[ 12]   3.00-4.00   sec  1.28 GBytes  11.0 Gbits/sec    0    915 KBytes       
[ 14]   3.01-4.00   sec  1.40 GBytes  12.1 Gbits/sec    0   3.86 MBytes       
[ 16]   3.01-4.00   sec  1.37 GBytes  11.8 Gbits/sec    1   4.09 MBytes       
[ 18]   3.01-4.00   sec  1.44 GBytes  12.4 Gbits/sec    0    902 KBytes       
[ 20]   3.01-4.00   sec  1.44 GBytes  12.4 Gbits/sec    0    929 KBytes       
[SUM]   3.00-4.00   sec  11.1 GBytes  95.4 Gbits/sec    1             
- - - - - - - - - - - - - - - - - - - - - - - - -
[  6]   4.00-5.00   sec  1.96 GBytes  16.8 Gbits/sec    1   2.85 MBytes       
[  8]   4.00-5.00   sec  1.30 GBytes  11.2 Gbits/sec    0   2.96 MBytes       
[ 10]   4.00-5.00   sec  1.52 GBytes  13.1 Gbits/sec    0   2.21 MBytes       
[ 12]   4.00-5.00   sec  1.68 GBytes  14.4 Gbits/sec    0    940 KBytes       
[ 14]   4.00-5.00   sec  1.38 GBytes  11.9 Gbits/sec    1   4.06 MBytes       
[ 16]   4.00-5.00   sec  1.52 GBytes  13.1 Gbits/sec    0   4.09 MBytes       
[ 18]   4.00-5.00   sec  1.66 GBytes  14.2 Gbits/sec    0   1.52 MBytes       
[ 20]   4.00-5.01   sec  1.41 GBytes  12.0 Gbits/sec    0    969 KBytes       
[SUM]   4.00-5.00   sec  12.4 GBytes   107 Gbits/sec    2             
- - - - - - - - - - - - - - - - - - - - - - - - -
[  6]   5.00-6.00   sec  1.45 GBytes  12.5 Gbits/sec    0   2.86 MBytes       
[  8]   5.00-6.00   sec  1.09 GBytes  9.41 Gbits/sec    1   2.96 MBytes       
[ 10]   5.00-6.00   sec  1.29 GBytes  11.1 Gbits/sec    0   2.21 MBytes       
[ 12]   5.00-6.00   sec  1.46 GBytes  12.5 Gbits/sec    0    987 KBytes       
[ 14]   5.00-6.00   sec  1.18 GBytes  10.1 Gbits/sec    0   4.06 MBytes       
[ 16]   5.00-6.00   sec  1.34 GBytes  11.6 Gbits/sec    0   4.09 MBytes       
[ 18]   5.00-6.00   sec  1.28 GBytes  11.0 Gbits/sec    0   1.52 MBytes       
[ 20]   5.01-6.00   sec  1.18 GBytes  10.2 Gbits/sec    0    979 KBytes       
[SUM]   5.00-6.00   sec  10.3 GBytes  88.3 Gbits/sec    1             
- - - - - - - - - - - - - - - - - - - - - - - - -
[  6]   6.00-7.00   sec  1.43 GBytes  12.3 Gbits/sec    0   2.86 MBytes       
[  8]   6.00-7.00   sec  1.14 GBytes  9.76 Gbits/sec    0   2.96 MBytes       
[ 10]   6.00-7.00   sec  1.15 GBytes  9.88 Gbits/sec    0   2.21 MBytes       
[ 12]   6.00-7.00   sec  1.41 GBytes  12.0 Gbits/sec    0    987 KBytes       
[ 14]   6.00-7.00   sec  1.11 GBytes  9.46 Gbits/sec    0   4.06 MBytes       
[ 16]   6.00-7.00   sec  1.23 GBytes  10.5 Gbits/sec    0   4.09 MBytes       
[ 18]   6.00-7.00   sec  1.18 GBytes  10.1 Gbits/sec    0   1.52 MBytes       
[ 20]   6.00-7.00   sec  1.17 GBytes  10.1 Gbits/sec    0    983 KBytes       
[SUM]   6.00-7.00   sec  9.80 GBytes  84.2 Gbits/sec    0             
- - - - - - - - - - - - - - - - - - - - - - - - -
[  6]   7.00-8.00   sec  1.26 GBytes  10.8 Gbits/sec    0   2.86 MBytes       
[  8]   7.00-8.01   sec  1.33 GBytes  11.4 Gbits/sec    0   2.96 MBytes       
[ 10]   7.00-8.01   sec  1.26 GBytes  10.8 Gbits/sec    0   2.21 MBytes       
[ 12]   7.00-8.01   sec  1.44 GBytes  12.3 Gbits/sec    0    987 KBytes       
[ 14]   7.00-8.01   sec  1.22 GBytes  10.3 Gbits/sec    0   4.06 MBytes       
[ 16]   7.00-8.02   sec  1.11 GBytes  9.41 Gbits/sec    0   4.09 MBytes       
[ 18]   7.00-8.02   sec  1.17 GBytes  9.91 Gbits/sec    0   1.52 MBytes       
[ 20]   7.00-8.02   sec  1.41 GBytes  12.0 Gbits/sec    0    990 KBytes       
[SUM]   7.00-8.00   sec  10.2 GBytes  87.7 Gbits/sec    0             
- - - - - - - - - - - - - - - - - - - - - - - - -
[  6]   8.00-9.00   sec  1.26 GBytes  10.8 Gbits/sec    0   2.86 MBytes       
[  8]   8.01-9.00   sec  1.26 GBytes  10.9 Gbits/sec    0   2.96 MBytes       
[ 10]   8.01-9.00   sec  1.30 GBytes  11.2 Gbits/sec    0   2.21 MBytes       
[ 12]   8.01-9.00   sec  1.35 GBytes  11.7 Gbits/sec    0    993 KBytes       
[ 14]   8.01-9.00   sec  1.31 GBytes  11.4 Gbits/sec    0   4.06 MBytes       
[ 16]   8.02-9.01   sec  1.16 GBytes  10.0 Gbits/sec    0   4.09 MBytes       
[ 18]   8.02-9.01   sec  1.20 GBytes  10.4 Gbits/sec    0   1.59 MBytes       
[ 20]   8.02-9.01   sec  1.27 GBytes  11.0 Gbits/sec    0   1000 KBytes       
[SUM]   8.00-9.00   sec  10.1 GBytes  86.8 Gbits/sec    0             
- - - - - - - - - - - - - - - - - - - - - - - - -
[  6]   9.00-10.00  sec  1.15 GBytes  9.85 Gbits/sec    0   2.86 MBytes       
[  8]   9.00-10.00  sec  1.43 GBytes  12.3 Gbits/sec    0   2.96 MBytes       
[ 10]   9.00-10.01  sec  1.18 GBytes  10.1 Gbits/sec    0   2.21 MBytes       
[ 12]   9.00-10.01  sec  1.11 GBytes  9.49 Gbits/sec    0   1001 KBytes       
[ 14]   9.00-10.01  sec  1.28 GBytes  10.9 Gbits/sec    0   4.06 MBytes       
[ 16]   9.01-10.01  sec  1.16 GBytes  9.88 Gbits/sec    0   4.09 MBytes       
[ 18]   9.01-10.01  sec  1.24 GBytes  10.6 Gbits/sec    0   1.59 MBytes       
[ 20]   9.01-10.01  sec  1.37 GBytes  11.7 Gbits/sec    0   1020 KBytes       
[SUM]   9.00-10.00  sec  9.91 GBytes  85.1 Gbits/sec    0             
- - - - - - - - - - - - - - - - - - - - - - - - -
[  6]  10.00-11.00  sec  1.33 GBytes  11.4 Gbits/sec    0   2.86 MBytes       
[  8]  10.00-11.00  sec  1.23 GBytes  10.6 Gbits/sec    0   2.97 MBytes       
[ 10]  10.01-11.00  sec  1.22 GBytes  10.6 Gbits/sec    0   3.43 MBytes       
[ 12]  10.01-11.00  sec  1.27 GBytes  11.0 Gbits/sec    0   1005 KBytes       
[ 14]  10.01-11.00  sec  1.23 GBytes  10.7 Gbits/sec    0   4.06 MBytes       
[ 16]  10.01-11.00  sec  1.25 GBytes  10.9 Gbits/sec    0   4.09 MBytes       
[ 18]  10.01-11.00  sec  1.18 GBytes  10.3 Gbits/sec    0   1.59 MBytes       
[ 20]  10.01-11.00  sec  1.20 GBytes  10.4 Gbits/sec    0   1.02 MBytes       
[SUM]  10.00-11.00  sec  9.91 GBytes  85.3 Gbits/sec    0             
- - - - - - - - - - - - - - - - - - - - - - - - -
[  6]  11.00-12.00  sec  1.37 GBytes  11.7 Gbits/sec    0   2.86 MBytes       
[  8]  11.00-12.00  sec  1.14 GBytes  9.83 Gbits/sec    0   2.97 MBytes       
[ 10]  11.00-12.00  sec  1.48 GBytes  12.8 Gbits/sec    0   3.98 MBytes       
[ 12]  11.00-12.00  sec  1.35 GBytes  11.6 Gbits/sec    0   1.00 MBytes       
[ 14]  11.00-12.00  sec  1.11 GBytes  9.55 Gbits/sec    1   4.06 MBytes       
[ 16]  11.00-12.00  sec  1.56 GBytes  13.4 Gbits/sec    0   4.09 MBytes       
[ 18]  11.00-12.00  sec  1.29 GBytes  11.1 Gbits/sec    0   2.13 MBytes       
[ 20]  11.00-12.00  sec  1.25 GBytes  10.7 Gbits/sec    2    783 KBytes       
[SUM]  11.00-12.00  sec  10.6 GBytes  90.7 Gbits/sec    3             
- - - - - - - - - - - - - - - - - - - - - - - - -
[  6]  12.00-13.00  sec  1.17 GBytes  10.1 Gbits/sec    0   2.86 MBytes       
[  8]  12.00-13.00  sec  1.31 GBytes  11.3 Gbits/sec    0   2.97 MBytes       
[ 10]  12.00-13.01  sec  1.20 GBytes  10.2 Gbits/sec    0   3.98 MBytes       
[ 12]  12.00-13.01  sec  1.23 GBytes  10.4 Gbits/sec    0   1.02 MBytes       
[ 14]  12.00-13.01  sec  1.44 GBytes  12.2 Gbits/sec    1   4.06 MBytes       
[ 16]  12.00-13.01  sec  1.16 GBytes  9.86 Gbits/sec    0   4.09 MBytes       
[ 18]  12.00-13.01  sec  1.19 GBytes  10.1 Gbits/sec    1   2.13 MBytes       
[ 20]  12.00-13.01  sec  1.14 GBytes  9.64 Gbits/sec    0    840 KBytes       
[SUM]  12.00-13.00  sec  9.83 GBytes  84.4 Gbits/sec    2             
- - - - - - - - - - - - - - - - - - - - - - - - -
[  6]  13.00-14.00  sec  1.20 GBytes  10.3 Gbits/sec    1   2.86 MBytes       
[  8]  13.00-14.00  sec  1.11 GBytes  9.57 Gbits/sec    0   2.97 MBytes       
[ 10]  13.01-14.00  sec  1.35 GBytes  11.7 Gbits/sec    0   3.98 MBytes       
[ 12]  13.01-14.00  sec  1.10 GBytes  9.54 Gbits/sec    0   1.06 MBytes       
[ 14]  13.01-14.00  sec  1.34 GBytes  11.7 Gbits/sec    0   4.06 MBytes       
[ 16]  13.01-14.00  sec  1.49 GBytes  13.0 Gbits/sec    0   4.09 MBytes       
[ 18]  13.01-14.01  sec  1.40 GBytes  12.1 Gbits/sec    0   2.14 MBytes       
[ 20]  13.01-14.01  sec  1.14 GBytes  9.83 Gbits/sec    0    885 KBytes       
[SUM]  13.00-14.00  sec  10.1 GBytes  87.2 Gbits/sec    1             
- - - - - - - - - - - - - - - - - - - - - - - - -
[  6]  14.00-15.00  sec  1.44 GBytes  12.3 Gbits/sec    0   2.87 MBytes       
[  8]  14.00-15.00  sec  1.40 GBytes  12.0 Gbits/sec    0   2.98 MBytes       
[ 10]  14.00-15.01  sec  1.26 GBytes  10.8 Gbits/sec    0   3.98 MBytes       
[ 12]  14.00-15.01  sec  1.20 GBytes  10.3 Gbits/sec    0   1.12 MBytes       
[ 14]  14.00-15.01  sec  1.49 GBytes  12.7 Gbits/sec    1   4.06 MBytes       
[ 16]  14.00-15.01  sec  1.21 GBytes  10.3 Gbits/sec    0   4.09 MBytes       
[ 18]  14.01-15.01  sec  1.48 GBytes  12.7 Gbits/sec    0   2.15 MBytes       
[ 20]  14.01-15.01  sec  1.09 GBytes  9.36 Gbits/sec    0    946 KBytes       
[SUM]  14.00-15.00  sec  10.6 GBytes  90.5 Gbits/sec    1             
- - - - - - - - - - - - - - - - - - - - - - - - -
[  6]  15.00-16.00  sec  1.18 GBytes  10.2 Gbits/sec    0   2.87 MBytes       
[  8]  15.00-16.00  sec  1.15 GBytes  9.88 Gbits/sec    0   2.99 MBytes       
[ 10]  15.01-16.00  sec  1.08 GBytes  9.31 Gbits/sec    0   3.98 MBytes       
[ 12]  15.01-16.00  sec  1.07 GBytes  9.24 Gbits/sec    0   1.13 MBytes       
[ 14]  15.01-16.00  sec  1.16 GBytes  10.0 Gbits/sec    0   4.06 MBytes       
[ 16]  15.01-16.00  sec  1.15 GBytes  9.91 Gbits/sec    0   4.09 MBytes       
[ 18]  15.01-16.00  sec  1.26 GBytes  10.8 Gbits/sec    0   2.15 MBytes       
[ 20]  15.01-16.00  sec  1.19 GBytes  10.3 Gbits/sec    0    977 KBytes       
[SUM]  15.00-16.00  sec  9.24 GBytes  79.6 Gbits/sec    0             
- - - - - - - - - - - - - - - - - - - - - - - - -
[  6]  16.00-17.00  sec  1.17 GBytes  10.0 Gbits/sec    0   2.88 MBytes       
[  8]  16.00-17.02  sec  1.44 GBytes  12.2 Gbits/sec    0   2.99 MBytes       
[ 10]  16.00-17.02  sec  1.11 GBytes  9.32 Gbits/sec    0   3.98 MBytes       
[ 12]  16.00-17.02  sec  1.07 GBytes  8.96 Gbits/sec    0   1.14 MBytes       
[ 14]  16.00-17.02  sec  1.53 GBytes  12.8 Gbits/sec    0   4.06 MBytes       
[ 16]  16.00-17.02  sec  1.28 GBytes  10.8 Gbits/sec    0   4.09 MBytes       
[ 18]  16.00-17.02  sec  1.27 GBytes  10.7 Gbits/sec    0   2.15 MBytes       
[ 20]  16.00-17.02  sec  1.06 GBytes  8.92 Gbits/sec    0   1014 KBytes       
[SUM]  16.00-17.00  sec  9.92 GBytes  85.1 Gbits/sec    0             
- - - - - - - - - - - - - - - - - - - - - - - - -
[  6]  17.00-18.00  sec  1.30 GBytes  11.2 Gbits/sec    0   2.88 MBytes       
[  8]  17.02-18.00  sec  1.27 GBytes  11.1 Gbits/sec    0   2.99 MBytes       
[ 10]  17.02-18.00  sec  1.07 GBytes  9.37 Gbits/sec    0   3.98 MBytes       
[ 12]  17.02-18.00  sec  1.30 GBytes  11.4 Gbits/sec    0   1.15 MBytes       
[ 14]  17.02-18.00  sec  1012 MBytes  8.69 Gbits/sec    0   4.06 MBytes       
[ 16]  17.02-18.00  sec  1.11 GBytes  9.77 Gbits/sec    0   4.09 MBytes       
[ 18]  17.02-18.00  sec  1.25 GBytes  11.0 Gbits/sec    0   2.15 MBytes       
[ 20]  17.02-18.00  sec  1.33 GBytes  11.7 Gbits/sec    0   1.03 MBytes       
[SUM]  17.00-18.00  sec  9.62 GBytes  82.7 Gbits/sec    0             
- - - - - - - - - - - - - - - - - - - - - - - - -
[  6]  18.00-19.00  sec  1.32 GBytes  11.3 Gbits/sec    0   2.88 MBytes       
[  8]  18.00-19.00  sec  1.07 GBytes  9.21 Gbits/sec    0   2.99 MBytes       
[ 10]  18.00-19.00  sec  1.14 GBytes  9.78 Gbits/sec    0   3.98 MBytes       
[ 12]  18.00-19.00  sec  1.13 GBytes  9.69 Gbits/sec    0   1.17 MBytes       
[ 14]  18.00-19.00  sec  1.10 GBytes  9.44 Gbits/sec    0   4.06 MBytes       
[ 16]  18.00-19.00  sec  1.31 GBytes  11.3 Gbits/sec    0   4.09 MBytes       
[ 18]  18.00-19.02  sec  1.27 GBytes  10.7 Gbits/sec    0   2.16 MBytes       
[ 20]  18.00-19.02  sec  1.28 GBytes  10.8 Gbits/sec   44   1.05 MBytes       
[SUM]  18.00-19.00  sec  9.63 GBytes  82.6 Gbits/sec   44             
- - - - - - - - - - - - - - - - - - - - - - - - -
[  6]  19.00-20.00  sec  1.01 GBytes  8.71 Gbits/sec    0   2.88 MBytes       
[  8]  19.00-20.00  sec  1.16 GBytes  9.95 Gbits/sec    0   2.99 MBytes       
[ 10]  19.00-20.00  sec  1.26 GBytes  10.8 Gbits/sec    0   3.98 MBytes       
[ 12]  19.00-20.01  sec  1.32 GBytes  11.3 Gbits/sec    0   1.18 MBytes       
[ 14]  19.00-20.01  sec  1.25 GBytes  10.7 Gbits/sec    0   4.06 MBytes       
[ 16]  19.00-20.01  sec  1.09 GBytes  9.35 Gbits/sec    0   4.09 MBytes       
[ 18]  19.02-20.01  sec  1.23 GBytes  10.7 Gbits/sec    0   2.16 MBytes       
[ 20]  19.02-20.01  sec  1.05 GBytes  9.13 Gbits/sec    0   1.07 MBytes       
[SUM]  19.00-20.00  sec  9.38 GBytes  80.7 Gbits/sec    0             
- - - - - - - - - - - - - - - - - - - - - - - - -
[  6]  20.00-21.00  sec  1.09 GBytes  9.33 Gbits/sec    0   2.88 MBytes       
[  8]  20.00-21.00  sec  1.03 GBytes  8.82 Gbits/sec    0   2.99 MBytes       
[ 10]  20.00-21.00  sec  1.07 GBytes  9.20 Gbits/sec    0   3.98 MBytes       
[ 12]  20.01-21.00  sec  1.04 GBytes  8.96 Gbits/sec    0   1.21 MBytes       
[ 14]  20.01-21.00  sec  1.46 GBytes  12.6 Gbits/sec    0   4.06 MBytes       
[ 16]  20.01-21.01  sec  1.28 GBytes  11.0 Gbits/sec    0   4.09 MBytes       
[ 18]  20.01-21.02  sec  1.12 GBytes  9.49 Gbits/sec    0   2.16 MBytes       
[ 20]  20.01-21.03  sec  1.31 GBytes  11.0 Gbits/sec    0   1.10 MBytes       
[SUM]  20.00-21.00  sec  9.39 GBytes  80.7 Gbits/sec    0             
- - - - - - - - - - - - - - - - - - - - - - - - -
[  6]  21.00-22.00  sec  1.30 GBytes  11.1 Gbits/sec    0   2.88 MBytes       
[  8]  21.00-22.00  sec  1.14 GBytes  9.76 Gbits/sec    0   2.99 MBytes       
[ 10]  21.00-22.00  sec  1.26 GBytes  10.8 Gbits/sec    0   3.98 MBytes       
[ 12]  21.00-22.00  sec  1.14 GBytes  9.80 Gbits/sec    0   1.23 MBytes       
[ 14]  21.00-22.01  sec  1.08 GBytes  9.28 Gbits/sec    0   4.06 MBytes       
[ 16]  21.01-22.01  sec  1.10 GBytes  9.50 Gbits/sec    1   4.09 MBytes       
[ 18]  21.02-22.01  sec   973 MBytes  8.27 Gbits/sec    0   2.17 MBytes       
[ 20]  21.03-22.01  sec  1.28 GBytes  11.2 Gbits/sec    0   1.11 MBytes       
[SUM]  21.00-22.00  sec  9.24 GBytes  79.3 Gbits/sec    1             
- - - - - - - - - - - - - - - - - - - - - - - - -
[  6]  22.00-23.00  sec  1013 MBytes  8.51 Gbits/sec    0   2.88 MBytes       
[  8]  22.00-23.01  sec  1.04 GBytes  8.90 Gbits/sec    0   2.99 MBytes       
[ 10]  22.00-23.01  sec  1.07 GBytes  9.09 Gbits/sec    0   3.98 MBytes       
[ 12]  22.00-23.01  sec  1.18 GBytes  10.1 Gbits/sec    0   1.26 MBytes       
[ 14]  22.01-23.01  sec  1.08 GBytes  9.23 Gbits/sec    0   4.06 MBytes       
[ 16]  22.01-23.01  sec  1.28 GBytes  11.0 Gbits/sec    0   4.09 MBytes       
[ 18]  22.01-23.01  sec  1.11 GBytes  9.53 Gbits/sec    0   2.17 MBytes       
[ 20]  22.01-23.01  sec  1.31 GBytes  11.2 Gbits/sec    0   1.13 MBytes       
[SUM]  22.00-23.00  sec  9.06 GBytes  77.9 Gbits/sec    0             
- - - - - - - - - - - - - - - - - - - - - - - - -
[  6]  23.00-24.00  sec  1.11 GBytes  9.57 Gbits/sec    0   2.88 MBytes       
[  8]  23.01-24.00  sec  1.13 GBytes  9.81 Gbits/sec    0   2.99 MBytes       
[ 10]  23.01-24.00  sec  1.11 GBytes  9.64 Gbits/sec    0   3.98 MBytes       
[ 12]  23.01-24.00  sec  1.24 GBytes  10.7 Gbits/sec    0   1.27 MBytes       
[ 14]  23.01-24.00  sec  1.13 GBytes  9.81 Gbits/sec    0   4.06 MBytes       
[ 16]  23.01-24.00  sec  1.06 GBytes  9.22 Gbits/sec    0   4.09 MBytes       
[ 18]  23.01-24.01  sec  1.17 GBytes  10.1 Gbits/sec    0   2.17 MBytes       
[ 20]  23.01-24.01  sec  1.08 GBytes  9.27 Gbits/sec    0   1.16 MBytes       
[SUM]  23.00-24.00  sec  9.04 GBytes  77.7 Gbits/sec    0             
- - - - - - - - - - - - - - - - - - - - - - - - -
[  6]  24.00-25.00  sec  1.09 GBytes  9.34 Gbits/sec    1   2.88 MBytes       
[  8]  24.00-25.00  sec  1.17 GBytes  10.1 Gbits/sec    1   2.99 MBytes       
[ 10]  24.00-25.00  sec  1.06 GBytes  9.12 Gbits/sec    0   3.98 MBytes       
[ 12]  24.00-25.00  sec  1.18 GBytes  10.1 Gbits/sec    0   1.29 MBytes       
[ 14]  24.00-25.00  sec  1.11 GBytes  9.54 Gbits/sec    0   4.06 MBytes       
[ 16]  24.00-25.00  sec  1.11 GBytes  9.49 Gbits/sec    0   4.09 MBytes       
[ 18]  24.01-25.00  sec  1.12 GBytes  9.64 Gbits/sec    0   2.17 MBytes       
[ 20]  24.01-25.00  sec  1.18 GBytes  10.2 Gbits/sec    0   1.18 MBytes       
[SUM]  24.00-25.00  sec  9.03 GBytes  77.5 Gbits/sec    2             
- - - - - - - - - - - - - - - - - - - - - - - - -
[  6]  25.00-26.00  sec  1.30 GBytes  11.2 Gbits/sec    0   2.88 MBytes       
[  8]  25.00-26.00  sec  1.08 GBytes  9.27 Gbits/sec    0   2.99 MBytes       
[ 10]  25.00-26.00  sec  1.14 GBytes  9.82 Gbits/sec    0   3.98 MBytes       
[ 12]  25.00-26.01  sec  1.17 GBytes  10.0 Gbits/sec    0   1.31 MBytes       
[ 14]  25.00-26.01  sec  1.06 GBytes  9.05 Gbits/sec    1   4.06 MBytes       
[ 16]  25.00-26.01  sec  1.18 GBytes  10.0 Gbits/sec    0   4.09 MBytes       
[ 18]  25.00-26.02  sec  1.20 GBytes  10.1 Gbits/sec    0   2.18 MBytes       
[ 20]  25.00-26.02  sec  1.29 GBytes  10.9 Gbits/sec    0   1.18 MBytes       
[SUM]  25.00-26.00  sec  9.43 GBytes  81.1 Gbits/sec    1             
- - - - - - - - - - - - - - - - - - - - - - - - -
[  6]  26.00-27.00  sec  1.12 GBytes  9.59 Gbits/sec    0   2.89 MBytes       
[  8]  26.00-27.00  sec  1.18 GBytes  10.1 Gbits/sec    0   3.00 MBytes       
[ 10]  26.00-27.00  sec  1.27 GBytes  10.9 Gbits/sec    0   3.98 MBytes       
[ 12]  26.01-27.00  sec  1.48 GBytes  12.8 Gbits/sec    1   1.32 MBytes       
[ 14]  26.01-27.00  sec  1.12 GBytes  9.70 Gbits/sec    0   4.06 MBytes       
[ 16]  26.01-27.01  sec  1.42 GBytes  12.2 Gbits/sec    0   4.09 MBytes       
[ 18]  26.02-27.01  sec  1.19 GBytes  10.4 Gbits/sec    0   2.18 MBytes       
[ 20]  26.02-27.01  sec  1.46 GBytes  12.7 Gbits/sec    0   1.19 MBytes       
[SUM]  26.00-27.00  sec  10.2 GBytes  87.8 Gbits/sec    1             
- - - - - - - - - - - - - - - - - - - - - - - - -
[  6]  27.00-28.00  sec  1.16 GBytes  9.96 Gbits/sec    0   2.89 MBytes       
[  8]  27.00-28.00  sec  1.23 GBytes  10.5 Gbits/sec    0   3.00 MBytes       
[ 10]  27.00-28.00  sec  1.12 GBytes  9.58 Gbits/sec    0   3.98 MBytes       
[ 12]  27.00-28.00  sec  1.31 GBytes  11.3 Gbits/sec    0   1.35 MBytes       
[ 14]  27.00-28.00  sec  1.12 GBytes  9.66 Gbits/sec    0   4.06 MBytes       
[ 16]  27.01-28.00  sec  1012 MBytes  8.54 Gbits/sec    0   4.09 MBytes       
[ 18]  27.01-28.00  sec  1.11 GBytes  9.58 Gbits/sec    0   2.19 MBytes       
[ 20]  27.01-28.00  sec   956 MBytes  8.05 Gbits/sec    0   1.22 MBytes       
[SUM]  27.00-28.00  sec  8.96 GBytes  77.0 Gbits/sec    0             
- - - - - - - - - - - - - - - - - - - - - - - - -
[  6]  28.00-29.00  sec  1.17 GBytes  10.0 Gbits/sec    1   2.89 MBytes       
[  8]  28.00-29.01  sec  1.17 GBytes  10.0 Gbits/sec    0   3.00 MBytes       
[ 10]  28.00-29.01  sec  1.51 GBytes  12.9 Gbits/sec    0   3.98 MBytes       
[ 12]  28.00-29.01  sec  1.38 GBytes  11.7 Gbits/sec    1   1.36 MBytes       
[ 14]  28.00-29.01  sec  1.55 GBytes  13.2 Gbits/sec    0   4.06 MBytes       
[ 16]  28.00-29.01  sec  1.27 GBytes  10.8 Gbits/sec    0   4.09 MBytes       
[ 18]  28.00-29.01  sec  1.33 GBytes  11.3 Gbits/sec    1   2.19 MBytes       
[ 20]  28.00-29.01  sec   976 MBytes  8.10 Gbits/sec    0   1.25 MBytes       
[SUM]  28.00-29.00  sec  10.3 GBytes  88.7 Gbits/sec    3             
- - - - - - - - - - - - - - - - - - - - - - - - -
[  6]  29.00-30.00  sec  1.23 GBytes  10.6 Gbits/sec    0   2.89 MBytes       
[  8]  29.01-30.00  sec  1.30 GBytes  11.2 Gbits/sec    0   3.00 MBytes       
[ 10]  29.01-30.00  sec  1.23 GBytes  10.7 Gbits/sec    0   3.98 MBytes       
[ 12]  29.01-30.00  sec  1.14 GBytes  9.88 Gbits/sec    0   1.39 MBytes       
[ 14]  29.01-30.00  sec  1.22 GBytes  10.6 Gbits/sec    0   4.06 MBytes       
[ 16]  29.01-30.00  sec  1.10 GBytes  9.58 Gbits/sec    0   4.09 MBytes       
[ 18]  29.01-30.00  sec  1.19 GBytes  10.4 Gbits/sec    0   2.20 MBytes       
[ 20]  29.01-30.00  sec   997 MBytes  8.47 Gbits/sec    0   1.25 MBytes       
[SUM]  29.00-30.00  sec  9.39 GBytes  80.6 Gbits/sec    0             
- - - - - - - - - - - - - - - - - - - - - - - - -
[ ID] Interval           Transfer     Bitrate         Retr
[  6]   0.00-30.00  sec  38.4 GBytes  11.0 Gbits/sec    4             sender
[  6]   0.00-30.00  sec  38.4 GBytes  11.0 Gbits/sec                  receiver
[  8]   0.00-30.00  sec  37.3 GBytes  10.7 Gbits/sec    2             sender
[  8]   0.00-30.00  sec  37.3 GBytes  10.7 Gbits/sec                  receiver
[ 10]   0.00-30.00  sec  37.7 GBytes  10.8 Gbits/sec    1             sender
[ 10]   0.00-30.00  sec  37.7 GBytes  10.8 Gbits/sec                  receiver
[ 12]   0.00-30.00  sec  38.9 GBytes  11.1 Gbits/sec    4             sender
[ 12]   0.00-30.00  sec  38.9 GBytes  11.1 Gbits/sec                  receiver
[ 14]   0.00-30.00  sec  38.1 GBytes  10.9 Gbits/sec    5             sender
[ 14]   0.00-30.00  sec  38.1 GBytes  10.9 Gbits/sec                  receiver
[ 16]   0.00-30.00  sec  37.8 GBytes  10.8 Gbits/sec    2             sender
[ 16]   0.00-30.00  sec  37.8 GBytes  10.8 Gbits/sec                  receiver
[ 18]   0.00-30.00  sec  38.0 GBytes  10.9 Gbits/sec    4             sender
[ 18]   0.00-30.00  sec  38.0 GBytes  10.9 Gbits/sec                  receiver
[ 20]   0.00-30.00  sec  37.5 GBytes  10.7 Gbits/sec   47             sender
[ 20]   0.00-30.00  sec  37.5 GBytes  10.7 Gbits/sec                  receiver
[SUM]   0.00-30.00  sec   304 GBytes  87.0 Gbits/sec   69             sender
[SUM]   0.00-30.00  sec   304 GBytes  87.0 Gbits/sec                  receiver

iperf Done.
Connecting to host 10.0.0.1, port 5201
[  6] local 10.0.0.2 port 35734 connected to 10.0.0.1 port 5201
[  8] local 10.0.0.2 port 35744 connected to 10.0.0.1 port 5201
[ 10] local 10.0.0.2 port 35754 connected to 10.0.0.1 port 5201
[ 12] local 10.0.0.2 port 35764 connected to 10.0.0.1 port 5201
[ 14] local 10.0.0.2 port 35776 connected to 10.0.0.1 port 5201
[ 16] local 10.0.0.2 port 35788 connected to 10.0.0.1 port 5201
[ 18] local 10.0.0.2 port 35796 connected to 10.0.0.1 port 5201
[ 20] local 10.0.0.2 port 35804 connected to 10.0.0.1 port 5201
[ ID] Interval           Transfer     Bitrate         Retr  Cwnd
[  6]   0.00-1.00   sec  1.41 GBytes  12.1 Gbits/sec    1   1.48 MBytes       
[  8]   0.00-1.00   sec  1.32 GBytes  11.3 Gbits/sec    1   1.37 MBytes       
[ 10]   0.00-1.00   sec  1.31 GBytes  11.2 Gbits/sec    0   1.35 MBytes       
[ 12]   0.00-1.00   sec  1.40 GBytes  12.0 Gbits/sec    1   1.54 MBytes       
[ 14]   0.00-1.00   sec  1.35 GBytes  11.6 Gbits/sec    1   1.71 MBytes       
[ 16]   0.00-1.00   sec  1.26 GBytes  10.8 Gbits/sec    0    714 KBytes       
[ 18]   0.00-1.00   sec  1.24 GBytes  10.7 Gbits/sec    2   1.38 MBytes       
[ 20]   0.00-1.00   sec  1.37 GBytes  11.7 Gbits/sec    0   2.54 MBytes       
[SUM]   0.00-1.00   sec  10.7 GBytes  91.4 Gbits/sec    6             
- - - - - - - - - - - - - - - - - - - - - - - - -
[  6]   1.00-2.00   sec  1.35 GBytes  11.6 Gbits/sec    2    913 KBytes       
[  8]   1.00-2.00   sec  1.50 GBytes  12.9 Gbits/sec   46   1.66 MBytes       
[ 10]   1.00-2.00   sec  1.62 GBytes  13.9 Gbits/sec    0   2.43 MBytes       
[ 12]   1.00-2.00   sec  1.35 GBytes  11.6 Gbits/sec    0   2.28 MBytes       
[ 14]   1.00-2.00   sec  1.57 GBytes  13.5 Gbits/sec    0   2.46 MBytes       
[ 16]   1.00-2.00   sec  1.43 GBytes  12.3 Gbits/sec    0   1.68 MBytes       
[ 18]   1.00-2.00   sec  1.46 GBytes  12.5 Gbits/sec    0   1.94 MBytes       
[ 20]   1.00-2.01   sec  1.20 GBytes  10.2 Gbits/sec    0   2.94 MBytes       
[SUM]   1.00-2.00   sec  11.5 GBytes  98.6 Gbits/sec   48             
- - - - - - - - - - - - - - - - - - - - - - - - -
[  6]   2.00-3.00   sec  1.35 GBytes  11.6 Gbits/sec   45    964 KBytes       
[  8]   2.00-3.00   sec  1.43 GBytes  12.2 Gbits/sec    0   1.66 MBytes       
[ 10]   2.00-3.00   sec  1.50 GBytes  12.8 Gbits/sec    0   3.16 MBytes       
[ 12]   2.00-3.00   sec  1.30 GBytes  11.1 Gbits/sec    0   3.06 MBytes       
[ 14]   2.00-3.00   sec  1.82 GBytes  15.6 Gbits/sec  138   2.20 MBytes       
[ 16]   2.00-3.00   sec  1.35 GBytes  11.6 Gbits/sec    0   1.68 MBytes       
[ 18]   2.00-3.01   sec  1.49 GBytes  12.7 Gbits/sec    0   2.40 MBytes       
[ 20]   2.01-3.01   sec  1.35 GBytes  11.7 Gbits/sec    0   3.42 MBytes       
[SUM]   2.00-3.00   sec  11.6 GBytes  99.6 Gbits/sec  183             
- - - - - - - - - - - - - - - - - - - - - - - - -
[  6]   3.00-4.00   sec  1.34 GBytes  11.6 Gbits/sec    0   1.01 MBytes       
[  8]   3.00-4.00   sec  1.50 GBytes  12.9 Gbits/sec    0   1.66 MBytes       
[ 10]   3.00-4.01   sec  1.51 GBytes  12.9 Gbits/sec    0   3.84 MBytes       
[ 12]   3.00-4.01   sec  1.29 GBytes  11.0 Gbits/sec    0   3.92 MBytes       
[ 14]   3.00-4.01   sec  1.42 GBytes  12.2 Gbits/sec    0   2.25 MBytes       
[ 16]   3.00-4.01   sec  1.10 GBytes  9.38 Gbits/sec    1   1.96 MBytes       
[ 18]   3.01-4.01   sec  1.96 GBytes  16.7 Gbits/sec    0   2.92 MBytes       
[ 20]   3.01-4.01   sec  1.34 GBytes  11.5 Gbits/sec    0   3.77 MBytes       
[SUM]   3.00-4.00   sec  11.5 GBytes  98.6 Gbits/sec    1             
- - - - - - - - - - - - - - - - - - - - - - - - -
[  6]   4.00-5.00   sec  1.07 GBytes  9.21 Gbits/sec    1   1.09 MBytes       
[  8]   4.00-5.01   sec  1.18 GBytes  10.1 Gbits/sec    0   1.66 MBytes       
[ 10]   4.01-5.01   sec  1.22 GBytes  10.5 Gbits/sec    0   4.03 MBytes       
[ 12]   4.01-5.01   sec  1.15 GBytes  9.84 Gbits/sec    2   4.12 MBytes       
[ 14]   4.01-5.01   sec  1.26 GBytes  10.8 Gbits/sec    0   2.34 MBytes       
[ 16]   4.01-5.01   sec  1.01 GBytes  8.69 Gbits/sec    0   3.58 MBytes       
[ 18]   4.01-5.01   sec  1.10 GBytes  9.42 Gbits/sec    2   3.73 MBytes       
[ 20]   4.01-5.01   sec  1.39 GBytes  11.9 Gbits/sec    0   3.77 MBytes       
[SUM]   4.00-5.00   sec  9.38 GBytes  80.5 Gbits/sec    5             
- - - - - - - - - - - - - - - - - - - - - - - - -
[  6]   5.00-6.00   sec  1.10 GBytes  9.49 Gbits/sec    0   1.11 MBytes       
[  8]   5.01-6.00   sec  1.25 GBytes  10.8 Gbits/sec    0   1.66 MBytes       
[ 10]   5.01-6.01   sec  1.60 GBytes  13.8 Gbits/sec    0   4.03 MBytes       
[ 12]   5.01-6.01   sec  1.08 GBytes  9.28 Gbits/sec    3   2.92 MBytes       
[ 14]   5.01-6.01   sec  1.19 GBytes  10.3 Gbits/sec    0   2.41 MBytes       
[ 16]   5.01-6.01   sec  1.13 GBytes  9.70 Gbits/sec    1   3.95 MBytes       
[ 18]   5.01-6.02   sec  1.41 GBytes  12.1 Gbits/sec    1   4.12 MBytes       
[ 20]   5.01-6.02   sec  1.03 GBytes  8.80 Gbits/sec    1   4.15 MBytes       
[SUM]   5.00-6.00   sec  9.79 GBytes  84.2 Gbits/sec    6             
- - - - - - - - - - - - - - - - - - - - - - - - -
[  6]   6.00-7.00   sec  1.19 GBytes  10.2 Gbits/sec    0   1.17 MBytes       
[  8]   6.00-7.00   sec   975 MBytes  8.18 Gbits/sec    0   1.66 MBytes       
[ 10]   6.01-7.00   sec  1.10 GBytes  9.50 Gbits/sec    0   4.03 MBytes       
[ 12]   6.01-7.00   sec  1.06 GBytes  9.18 Gbits/sec    0   2.99 MBytes       
[ 14]   6.01-7.01   sec  1.19 GBytes  10.1 Gbits/sec    0   2.45 MBytes       
[ 16]   6.01-7.01   sec  1.21 GBytes  10.4 Gbits/sec    1   3.95 MBytes       
[ 18]   6.02-7.01   sec  1.33 GBytes  11.5 Gbits/sec    0   4.12 MBytes       
[ 20]   6.02-7.01   sec  1.23 GBytes  10.6 Gbits/sec    0   4.15 MBytes       
[SUM]   6.00-7.00   sec  9.26 GBytes  79.5 Gbits/sec    1             
- - - - - - - - - - - - - - - - - - - - - - - - -
[  6]   7.00-8.00   sec  1.21 GBytes  10.4 Gbits/sec    0   1.20 MBytes       
[  8]   7.00-8.00   sec  1.17 GBytes  10.1 Gbits/sec    0   1.66 MBytes       
[ 10]   7.00-8.00   sec  1.22 GBytes  10.5 Gbits/sec    0   4.03 MBytes       
[ 12]   7.00-8.00   sec  1.05 GBytes  9.05 Gbits/sec    0   3.04 MBytes       
[ 14]   7.01-8.00   sec  1.29 GBytes  11.2 Gbits/sec    0   2.48 MBytes       
[ 16]   7.01-8.00   sec  1.44 GBytes  12.5 Gbits/sec    0   3.95 MBytes       
[ 18]   7.01-8.00   sec  1.29 GBytes  11.2 Gbits/sec    0   4.12 MBytes       
[ 20]   7.01-8.00   sec  1.27 GBytes  11.0 Gbits/sec    0   4.15 MBytes       
[SUM]   7.00-8.00   sec  9.93 GBytes  85.3 Gbits/sec    0             
- - - - - - - - - - - - - - - - - - - - - - - - -
[  6]   8.00-9.00   sec  1.32 GBytes  11.4 Gbits/sec    0   1.23 MBytes       
[  8]   8.00-9.01   sec  1.08 GBytes  9.25 Gbits/sec    0   1.66 MBytes       
[ 10]   8.00-9.01   sec  1.17 GBytes  9.99 Gbits/sec    0   4.03 MBytes       
[ 12]   8.00-9.01   sec  1.50 GBytes  12.8 Gbits/sec    0   3.10 MBytes       
[ 14]   8.00-9.01   sec  1.63 GBytes  14.0 Gbits/sec    1   2.53 MBytes       
[ 16]   8.00-9.01   sec  1.34 GBytes  11.5 Gbits/sec    0   3.95 MBytes       
[ 18]   8.00-9.01   sec  1.25 GBytes  10.7 Gbits/sec    0   4.12 MBytes       
[ 20]   8.00-9.01   sec  1.13 GBytes  9.61 Gbits/sec    1   4.15 MBytes       
[SUM]   8.00-9.00   sec  10.4 GBytes  89.5 Gbits/sec    2             
- - - - - - - - - - - - - - - - - - - - - - - - -
[  6]   9.00-10.00  sec  1.53 GBytes  13.2 Gbits/sec    0   1.27 MBytes       
[  8]   9.01-10.10  sec  1.28 GBytes  10.0 Gbits/sec    0   1.67 MBytes       
[ 10]   9.01-10.11  sec   404 MBytes  3.08 Gbits/sec    0   4.03 MBytes       
[ 12]   9.01-10.11  sec  3.41 GBytes  26.6 Gbits/sec    0   3.21 MBytes       
[ 14]   9.01-10.11  sec  1.98 GBytes  15.4 Gbits/sec    0   2.54 MBytes       
[ 16]   9.01-10.14  sec   829 MBytes  6.13 Gbits/sec    0   4.15 MBytes       
[ 18]   9.01-10.25  sec  1.93 GBytes  13.3 Gbits/sec    0   4.12 MBytes       
[ 20]   9.01-10.25  sec  2.41 GBytes  16.6 Gbits/sec    0   4.15 MBytes       
[SUM]   9.00-10.00  sec  13.7 GBytes   118 Gbits/sec    0             
- - - - - - - - - - - - - - - - - - - - - - - - -
[  6]  10.00-11.00  sec   788 MBytes  6.61 Gbits/sec    3   1.30 MBytes       
[  8]  10.10-11.00  sec  1.21 GBytes  11.6 Gbits/sec    0   1.67 MBytes       
[ 10]  10.11-11.00  sec  1.39 GBytes  13.3 Gbits/sec    0   4.03 MBytes       
[ 12]  10.11-11.00  sec   943 MBytes  8.84 Gbits/sec    0   3.28 MBytes       
[ 14]  10.11-11.00  sec  1.13 GBytes  10.9 Gbits/sec    0   2.54 MBytes       
[ 16]  10.14-11.01  sec   802 MBytes  7.76 Gbits/sec    0   4.15 MBytes       
[ 18]  10.25-11.01  sec   892 MBytes  9.84 Gbits/sec    0   4.12 MBytes       
[ 20]  10.25-11.01  sec   895 MBytes  9.88 Gbits/sec    0   4.15 MBytes       
[SUM]  10.00-11.00  sec  7.95 GBytes  68.3 Gbits/sec    3             
- - - - - - - - - - - - - - - - - - - - - - - - -
[  6]  11.00-12.00  sec  1.29 GBytes  11.1 Gbits/sec    0   1.33 MBytes       
[  8]  11.00-12.00  sec  1.18 GBytes  10.1 Gbits/sec    0   1.85 MBytes       
[ 10]  11.00-12.00  sec  1.29 GBytes  11.1 Gbits/sec    0   4.03 MBytes       
[ 12]  11.00-12.00  sec  1.16 GBytes  9.92 Gbits/sec    0   3.37 MBytes       
[ 14]  11.00-12.01  sec  1.22 GBytes  10.3 Gbits/sec    0   2.54 MBytes       
[ 16]  11.01-12.02  sec  1.03 GBytes  8.82 Gbits/sec    1   4.15 MBytes       
[ 18]  11.01-12.02  sec  1.10 GBytes  9.35 Gbits/sec    0   4.12 MBytes       
[ 20]  11.01-12.03  sec  1.19 GBytes  10.1 Gbits/sec    1   4.15 MBytes       
[SUM]  11.00-12.00  sec  9.45 GBytes  81.2 Gbits/sec    2             
- - - - - - - - - - - - - - - - - - - - - - - - -
[  6]  12.00-13.00  sec  1.07 GBytes  9.19 Gbits/sec    0   1.35 MBytes       
[  8]  12.00-13.00  sec  1.09 GBytes  9.38 Gbits/sec    0   1.89 MBytes       
[ 10]  12.00-13.00  sec  1.21 GBytes  10.4 Gbits/sec    0   4.03 MBytes       
[ 12]  12.00-13.00  sec  1.34 GBytes  11.5 Gbits/sec    0   3.37 MBytes       
[ 14]  12.01-13.01  sec  1.11 GBytes  9.57 Gbits/sec    0   2.54 MBytes       
[ 16]  12.02-13.01  sec  1.14 GBytes  9.88 Gbits/sec    1   4.15 MBytes       
[ 18]  12.02-13.01  sec  1.07 GBytes  9.32 Gbits/sec    0   4.12 MBytes       
[ 20]  12.03-13.01  sec  1.23 GBytes  10.8 Gbits/sec    0   4.15 MBytes       
[SUM]  12.00-13.00  sec  9.27 GBytes  79.6 Gbits/sec    1             
- - - - - - - - - - - - - - - - - - - - - - - - -
[  6]  13.00-14.00  sec  1.07 GBytes  9.22 Gbits/sec    0   1.36 MBytes       
[  8]  13.00-14.00  sec  1.46 GBytes  12.6 Gbits/sec    0   1.90 MBytes       
[ 10]  13.00-14.00  sec  1.27 GBytes  10.9 Gbits/sec    0   4.03 MBytes       
[ 12]  13.00-14.01  sec  1.19 GBytes  10.2 Gbits/sec    0   3.47 MBytes       
[ 14]  13.01-14.01  sec  1.37 GBytes  11.7 Gbits/sec    0   2.55 MBytes       
[ 16]  13.01-14.02  sec  1.08 GBytes  9.16 Gbits/sec    0   4.15 MBytes       
[ 18]  13.01-14.03  sec  1.16 GBytes  9.76 Gbits/sec    0   4.12 MBytes       
[ 20]  13.01-14.04  sec  1.38 GBytes  11.4 Gbits/sec    0   4.15 MBytes       
[SUM]  13.00-14.00  sec  9.98 GBytes  85.7 Gbits/sec    0             
- - - - - - - - - - - - - - - - - - - - - - - - -
[  6]  14.00-15.00  sec  1.12 GBytes  9.64 Gbits/sec    0   1.38 MBytes       
[  8]  14.00-15.00  sec  1.22 GBytes  10.5 Gbits/sec    0   1.91 MBytes       
[ 10]  14.00-15.00  sec  1.13 GBytes  9.74 Gbits/sec    0   4.03 MBytes       
[ 12]  14.01-15.00  sec  1.24 GBytes  10.8 Gbits/sec    0   3.47 MBytes       
[ 14]  14.01-15.00  sec  1.33 GBytes  11.5 Gbits/sec    0   2.55 MBytes       
[ 16]  14.02-15.00  sec   990 MBytes  8.48 Gbits/sec    0   4.15 MBytes       
[ 18]  14.03-15.00  sec  1.28 GBytes  11.3 Gbits/sec    0   4.12 MBytes       
[ 20]  14.04-15.00  sec  1.18 GBytes  10.5 Gbits/sec    0   4.15 MBytes       
[SUM]  14.00-15.00  sec  9.47 GBytes  81.4 Gbits/sec    0             
- - - - - - - - - - - - - - - - - - - - - - - - -
[  6]  15.00-16.00  sec  1.16 GBytes  9.93 Gbits/sec    0   1.41 MBytes       
[  8]  15.00-16.00  sec  1.06 GBytes  9.13 Gbits/sec    0   1.93 MBytes       
[ 10]  15.00-16.00  sec  1.29 GBytes  11.0 Gbits/sec    0   4.03 MBytes       
[ 12]  15.00-16.00  sec  1.36 GBytes  11.7 Gbits/sec    0   3.47 MBytes       
[ 14]  15.00-16.00  sec  1.15 GBytes  9.90 Gbits/sec    0   2.55 MBytes       
[ 16]  15.00-16.00  sec  1.05 GBytes  9.00 Gbits/sec    0   4.15 MBytes       
[ 18]  15.00-16.00  sec  1.20 GBytes  10.3 Gbits/sec    0   4.12 MBytes       
[ 20]  15.00-16.00  sec  1.10 GBytes  9.41 Gbits/sec    0   4.15 MBytes       
[SUM]  15.00-16.00  sec  9.36 GBytes  80.4 Gbits/sec    0             
- - - - - - - - - - - - - - - - - - - - - - - - -
[  6]  16.00-17.00  sec  1.03 GBytes  8.85 Gbits/sec    0   1.46 MBytes       
[  8]  16.00-17.00  sec  1.08 GBytes  9.26 Gbits/sec    0   1.96 MBytes       
[ 10]  16.00-17.00  sec  1.31 GBytes  11.2 Gbits/sec    0   4.03 MBytes       
[ 12]  16.00-17.00  sec  1.13 GBytes  9.70 Gbits/sec    0   3.47 MBytes       
[ 14]  16.00-17.00  sec  1.25 GBytes  10.7 Gbits/sec    0   2.55 MBytes       
[ 16]  16.00-17.00  sec   955 MBytes  8.02 Gbits/sec    1   4.15 MBytes       
[ 18]  16.00-17.00  sec  1.06 GBytes  9.09 Gbits/sec    1   4.12 MBytes       
[ 20]  16.00-17.00  sec  1.39 GBytes  11.9 Gbits/sec    0   4.15 MBytes       
[SUM]  16.00-17.00  sec  9.17 GBytes  78.8 Gbits/sec    2             
- - - - - - - - - - - - - - - - - - - - - - - - -
[  6]  17.00-18.00  sec   392 MBytes  3.29 Gbits/sec   43   1.46 MBytes       
[  8]  17.00-18.00  sec   402 MBytes  3.37 Gbits/sec    0   1.96 MBytes       
[ 10]  17.00-18.00  sec   379 MBytes  3.17 Gbits/sec  385   4.03 MBytes       
[ 12]  17.00-18.00  sec   392 MBytes  3.28 Gbits/sec  805   3.47 MBytes       
[ 14]  17.00-18.00  sec   388 MBytes  3.24 Gbits/sec    0   2.55 MBytes       
[ 16]  17.00-18.00  sec   377 MBytes  3.15 Gbits/sec  180   4.15 MBytes       
[ 18]  17.00-18.00  sec   393 MBytes  3.29 Gbits/sec  357   4.12 MBytes       
[ 20]  17.00-18.01  sec   386 MBytes  3.22 Gbits/sec    0   4.15 MBytes       
[SUM]  17.00-18.00  sec  3.04 GBytes  26.0 Gbits/sec  1770             
- - - - - - - - - - - - - - - - - - - - - - - - -
[  6]  18.00-19.00  sec  1.11 GBytes  9.58 Gbits/sec    2   1.51 MBytes       
[  8]  18.00-19.00  sec  1.01 GBytes  8.66 Gbits/sec    0   1.98 MBytes       
[ 10]  18.00-19.01  sec   984 MBytes  8.22 Gbits/sec    0   4.03 MBytes       
[ 12]  18.00-19.01  sec  1.35 GBytes  11.5 Gbits/sec    0   3.47 MBytes       
[ 14]  18.00-19.01  sec  1.23 GBytes  10.5 Gbits/sec    1   2.56 MBytes       
[ 16]  18.00-19.01  sec  1.04 GBytes  8.84 Gbits/sec    0   4.15 MBytes       
[ 18]  18.00-19.02  sec  1.08 GBytes  9.15 Gbits/sec    1   4.12 MBytes       
[ 20]  18.01-19.02  sec  1.34 GBytes  11.4 Gbits/sec    0   4.15 MBytes       
[SUM]  18.00-19.00  sec  9.12 GBytes  78.3 Gbits/sec    4             
- - - - - - - - - - - - - - - - - - - - - - - - -
[  6]  19.00-20.00  sec   972 MBytes  8.16 Gbits/sec    2   1.55 MBytes       
[  8]  19.00-20.00  sec  1.02 GBytes  8.76 Gbits/sec    0   1.99 MBytes       
[ 10]  19.01-20.00  sec  1.02 GBytes  8.84 Gbits/sec    2   4.03 MBytes       
[ 12]  19.01-20.00  sec  1.33 GBytes  11.5 Gbits/sec    0   3.47 MBytes       
[ 14]  19.01-20.00  sec  1.09 GBytes  9.46 Gbits/sec    1   2.57 MBytes       
[ 16]  19.01-20.00  sec  1.22 GBytes  10.6 Gbits/sec    0   4.15 MBytes       
[ 18]  19.02-20.00  sec  1.28 GBytes  11.1 Gbits/sec    0   4.12 MBytes       
[ 20]  19.02-20.02  sec  1.09 GBytes  9.30 Gbits/sec    1   4.15 MBytes       
[SUM]  19.00-20.00  sec  8.99 GBytes  77.3 Gbits/sec    6             
- - - - - - - - - - - - - - - - - - - - - - - - -
[  6]  20.00-21.00  sec  1.23 GBytes  10.6 Gbits/sec    0   1.56 MBytes       
[  8]  20.00-21.00  sec  1.11 GBytes  9.50 Gbits/sec    0   2.00 MBytes       
[ 10]  20.00-21.00  sec  1.44 GBytes  12.4 Gbits/sec    0   4.03 MBytes       
[ 12]  20.00-21.00  sec  1.20 GBytes  10.3 Gbits/sec    0   3.48 MBytes       
[ 14]  20.00-21.00  sec  1.22 GBytes  10.5 Gbits/sec    0   2.57 MBytes       
[ 16]  20.00-21.00  sec  1.19 GBytes  10.2 Gbits/sec    1   4.15 MBytes       
[ 18]  20.00-21.00  sec  1.18 GBytes  10.1 Gbits/sec    0   4.12 MBytes       
[ 20]  20.02-21.01  sec  1.03 GBytes  8.93 Gbits/sec    0   4.15 MBytes       
[SUM]  20.00-21.00  sec  9.60 GBytes  82.4 Gbits/sec    1             
- - - - - - - - - - - - - - - - - - - - - - - - -
[  6]  21.00-22.00  sec  1.10 GBytes  9.40 Gbits/sec    0   1.58 MBytes       
[  8]  21.00-22.00  sec  1.46 GBytes  12.5 Gbits/sec    0   2.01 MBytes       
[ 10]  21.00-22.01  sec  1.31 GBytes  11.1 Gbits/sec    0   4.03 MBytes       
[ 12]  21.00-22.01  sec  1.24 GBytes  10.6 Gbits/sec    0   3.48 MBytes       
[ 14]  21.00-22.01  sec  1.29 GBytes  11.0 Gbits/sec    1   2.57 MBytes       
[ 16]  21.00-22.02  sec  1.11 GBytes  9.36 Gbits/sec    0   4.15 MBytes       
[ 18]  21.00-22.02  sec  1.35 GBytes  11.4 Gbits/sec    0   4.12 MBytes       
[ 20]  21.01-22.03  sec  1.19 GBytes  9.98 Gbits/sec    0   4.15 MBytes       
[SUM]  21.00-22.00  sec  10.0 GBytes  86.1 Gbits/sec    1             
- - - - - - - - - - - - - - - - - - - - - - - - -
[  6]  22.00-23.00  sec  1.21 GBytes  10.4 Gbits/sec    0   1.62 MBytes       
[  8]  22.00-23.00  sec  1.15 GBytes  9.93 Gbits/sec    0   2.01 MBytes       
[ 10]  22.01-23.00  sec  1.43 GBytes  12.4 Gbits/sec    0   4.03 MBytes       
[ 12]  22.01-23.00  sec  1.25 GBytes  10.8 Gbits/sec    0   3.48 MBytes       
[ 14]  22.01-23.00  sec  1.15 GBytes  9.94 Gbits/sec   46   2.57 MBytes       
[ 16]  22.02-23.00  sec  1.11 GBytes  9.72 Gbits/sec    0   4.15 MBytes       
[ 18]  22.02-23.00  sec  1.11 GBytes  9.69 Gbits/sec    0   4.12 MBytes       
[ 20]  22.03-23.01  sec  1.07 GBytes  9.36 Gbits/sec    0   4.15 MBytes       
[SUM]  22.00-23.00  sec  9.47 GBytes  81.4 Gbits/sec   46             
- - - - - - - - - - - - - - - - - - - - - - - - -
[  6]  23.00-24.00  sec  1.16 GBytes  9.97 Gbits/sec    0   1.62 MBytes       
[  8]  23.00-24.00  sec  1.18 GBytes  10.2 Gbits/sec    0   2.01 MBytes       
[ 10]  23.00-24.00  sec  1.20 GBytes  10.3 Gbits/sec    0   4.03 MBytes       
[ 12]  23.00-24.00  sec  1.34 GBytes  11.5 Gbits/sec    0   3.48 MBytes       
[ 14]  23.00-24.00  sec  1.26 GBytes  10.8 Gbits/sec    0   2.57 MBytes       
[ 16]  23.00-24.00  sec  1.23 GBytes  10.6 Gbits/sec    0   4.15 MBytes       
[ 18]  23.00-24.01  sec  1.30 GBytes  11.1 Gbits/sec    0   4.12 MBytes       
[ 20]  23.01-24.01  sec  1.24 GBytes  10.6 Gbits/sec    0   4.15 MBytes       
[SUM]  23.00-24.00  sec  9.92 GBytes  85.2 Gbits/sec    0             
- - - - - - - - - - - - - - - - - - - - - - - - -
[  6]  24.00-25.00  sec   851 MBytes  7.14 Gbits/sec    0   1.64 MBytes       
[  8]  24.00-25.00  sec  1.41 GBytes  12.1 Gbits/sec    0   2.02 MBytes       
[ 10]  24.00-25.00  sec  1.31 GBytes  11.2 Gbits/sec    2   4.03 MBytes       
[ 12]  24.00-25.00  sec   933 MBytes  7.80 Gbits/sec    1   3.49 MBytes       
[ 14]  24.00-25.01  sec  1010 MBytes  8.44 Gbits/sec    0   2.57 MBytes       
[ 16]  24.00-25.01  sec  1.40 GBytes  12.0 Gbits/sec    0   4.15 MBytes       
[ 18]  24.01-25.01  sec  1.36 GBytes  11.7 Gbits/sec    0   4.12 MBytes       
[ 20]  24.01-25.01  sec  1.35 GBytes  11.6 Gbits/sec    0   4.15 MBytes       
[SUM]  24.00-25.00  sec  9.56 GBytes  82.1 Gbits/sec    3             
- - - - - - - - - - - - - - - - - - - - - - - - -
[  6]  25.00-26.00  sec   882 MBytes  7.40 Gbits/sec    3   1.66 MBytes       
[  8]  25.00-26.00  sec  1.50 GBytes  12.9 Gbits/sec    0   2.03 MBytes       
[ 10]  25.00-26.00  sec  1.43 GBytes  12.3 Gbits/sec    0   4.03 MBytes       
[ 12]  25.00-26.01  sec  1.04 GBytes  8.84 Gbits/sec    0   3.49 MBytes       
[ 14]  25.01-26.02  sec  1.27 GBytes  10.8 Gbits/sec    0   2.57 MBytes       
[ 16]  25.01-26.02  sec  1.14 GBytes  9.68 Gbits/sec    0   4.15 MBytes       
[ 18]  25.01-26.02  sec  1.27 GBytes  10.8 Gbits/sec    0   4.12 MBytes       
[ 20]  25.01-26.02  sec  1.26 GBytes  10.8 Gbits/sec    2   4.15 MBytes       
[SUM]  25.00-26.00  sec  9.77 GBytes  83.9 Gbits/sec    5             
- - - - - - - - - - - - - - - - - - - - - - - - -
[  6]  26.00-27.00  sec  1.23 GBytes  10.6 Gbits/sec    0   1.69 MBytes       
[  8]  26.00-27.01  sec  1024 MBytes  8.51 Gbits/sec    0   2.06 MBytes       
[ 10]  26.00-27.01  sec  1.03 GBytes  8.76 Gbits/sec    0   4.03 MBytes       
[ 12]  26.01-27.02  sec  1.03 GBytes  8.80 Gbits/sec    0   3.49 MBytes       
[ 14]  26.02-27.02  sec  1.54 GBytes  13.3 Gbits/sec    0   2.57 MBytes       
[ 16]  26.02-27.02  sec   823 MBytes  6.91 Gbits/sec    0   4.15 MBytes       
[ 18]  26.02-27.02  sec   869 MBytes  7.30 Gbits/sec    0   4.12 MBytes       
[ 20]  26.02-27.02  sec  1.72 GBytes  14.7 Gbits/sec    0   4.15 MBytes       
[SUM]  26.00-27.00  sec  9.20 GBytes  79.1 Gbits/sec    0             
- - - - - - - - - - - - - - - - - - - - - - - - -
[  6]  27.00-28.00  sec  1.08 GBytes  9.25 Gbits/sec    0   1.73 MBytes       
[  8]  27.01-28.00  sec  1.29 GBytes  11.2 Gbits/sec    0   2.07 MBytes       
[ 10]  27.01-28.00  sec  1.29 GBytes  11.2 Gbits/sec    0   4.03 MBytes       
[ 12]  27.02-28.00  sec  1.33 GBytes  11.6 Gbits/sec    2   3.50 MBytes       
[ 14]  27.02-28.00  sec  1.40 GBytes  12.2 Gbits/sec    0   2.57 MBytes       
[ 16]  27.02-28.00  sec  1.46 GBytes  12.7 Gbits/sec    0   4.15 MBytes       
[ 18]  27.02-28.01  sec  1.18 GBytes  10.3 Gbits/sec    0   4.12 MBytes       
[ 20]  27.02-28.01  sec  1.58 GBytes  13.8 Gbits/sec    0   4.15 MBytes       
[SUM]  27.00-28.00  sec  10.6 GBytes  91.0 Gbits/sec    2             
- - - - - - - - - - - - - - - - - - - - - - - - -
[  6]  28.00-29.00  sec   965 MBytes  8.10 Gbits/sec    3   1.75 MBytes       
[  8]  28.00-29.00  sec  1.16 GBytes  9.95 Gbits/sec    0   2.08 MBytes       
[ 10]  28.00-29.01  sec  1.37 GBytes  11.7 Gbits/sec    0   4.03 MBytes       
[ 12]  28.00-29.01  sec  1.35 GBytes  11.5 Gbits/sec    0   3.50 MBytes       
[ 14]  28.00-29.11  sec  1.54 GBytes  12.0 Gbits/sec    0   2.57 MBytes       
[ 16]  28.00-29.11  sec  1.20 GBytes  9.31 Gbits/sec    0   4.15 MBytes       
[ 18]  28.01-29.11  sec  1.52 GBytes  11.8 Gbits/sec    1   4.12 MBytes       
[ 20]  28.01-29.11  sec  1.35 GBytes  10.5 Gbits/sec    0   4.15 MBytes       
[SUM]  28.00-29.00  sec  10.4 GBytes  89.6 Gbits/sec    4             
- - - - - - - - - - - - - - - - - - - - - - - - -
[  6]  29.00-30.00  sec   746 MBytes  6.24 Gbits/sec    0   1.80 MBytes       
[  8]  29.00-30.00  sec  1.15 GBytes  9.83 Gbits/sec    0   2.08 MBytes       
[ 10]  29.01-30.00  sec  1.31 GBytes  11.4 Gbits/sec    0   4.03 MBytes       
[ 12]  29.01-30.00  sec  1.07 GBytes  9.21 Gbits/sec    0   3.53 MBytes       
[ 14]  29.11-30.00  sec  1.16 GBytes  11.1 Gbits/sec    0   2.57 MBytes       
[ 16]  29.11-30.00  sec   976 MBytes  9.18 Gbits/sec    0   4.15 MBytes       
[ 18]  29.11-30.00  sec  1.08 GBytes  10.4 Gbits/sec    0   4.12 MBytes       
[ 20]  29.11-30.00  sec   888 MBytes  8.36 Gbits/sec    1   4.15 MBytes       
[SUM]  29.00-30.00  sec  8.31 GBytes  71.2 Gbits/sec    1             
- - - - - - - - - - - - - - - - - - - - - - - - -
[ ID] Interval           Transfer     Bitrate         Retr
[  6]   0.00-30.00  sec  33.3 GBytes  9.53 Gbits/sec  105             sender
[  6]   0.00-30.01  sec  33.3 GBytes  9.53 Gbits/sec                  receiver
[  8]   0.00-30.00  sec  35.9 GBytes  10.3 Gbits/sec   47             sender
[  8]   0.00-30.01  sec  35.9 GBytes  10.3 Gbits/sec                  receiver
[ 10]   0.00-30.00  sec  37.0 GBytes  10.6 Gbits/sec  389             sender
[ 10]   0.00-30.01  sec  37.0 GBytes  10.6 Gbits/sec                  receiver
[ 12]   0.00-30.00  sec  37.9 GBytes  10.9 Gbits/sec  814             sender
[ 12]   0.00-30.01  sec  37.9 GBytes  10.9 Gbits/sec                  receiver
[ 14]   0.00-30.00  sec  38.9 GBytes  11.1 Gbits/sec  189             sender
[ 14]   0.00-30.01  sec  38.9 GBytes  11.1 Gbits/sec                  receiver
[ 16]   0.00-30.00  sec  33.3 GBytes  9.54 Gbits/sec  187             sender
[ 16]   0.00-30.01  sec  33.3 GBytes  9.54 Gbits/sec                  receiver
[ 18]   0.00-30.00  sec  37.2 GBytes  10.7 Gbits/sec  365             sender
[ 18]   0.00-30.01  sec  37.2 GBytes  10.7 Gbits/sec                  receiver
[ 20]   0.00-30.00  sec  37.6 GBytes  10.8 Gbits/sec    7             sender
[ 20]   0.00-30.01  sec  37.6 GBytes  10.8 Gbits/sec                  receiver
[SUM]   0.00-30.00  sec   291 GBytes  83.3 Gbits/sec  2103             sender
[SUM]   0.00-30.01  sec   291 GBytes  83.3 Gbits/sec                  receiver

iperf Done.
